PROVING dist_exists_or
ATTEMPTED THEOREM PROOF (LEMMAS USED: 0)


Set Warnings "-notation-overridden,-parsing,-deprecated-hint-without-locality".
From LF Require Export Tactics.



Check (3 = 3) : Prop.

Check (forall n m : nat, n + m = m + n) : Prop.



Check 2 = 2 : Prop.

Check 3 = 2 : Prop.

Check forall n : nat, n = 2 : Prop.





Theorem plus_2_2_is_4 :
  2 + 2 = 4.
Proof. reflexivity.  Qed.



Definition plus_claim : Prop := 2 + 2 = 4.
Check plus_claim : Prop.



Theorem plus_claim_is_true :
  plus_claim.
Proof. reflexivity.  Qed.





Definition is_three (n : nat) : Prop :=
  n = 3.
Check is_three : nat -> Prop.



Definition injective {A B} (f : A -> B) :=
  forall x y : A, f x = f y -> x = y.

Lemma succ_inj : injective S.
Proof.
  intros n m H. injection H as H1. apply H1.
Qed.



Check @eq : forall A : Type, A -> A -> Prop.











Example and_example : 3 + 4 = 7 /\ 2 * 2 = 4.



Proof.
  split.
  -  reflexivity.
  -  reflexivity.
Qed.



Lemma and_intro : forall A B : Prop, A -> B -> A /\ B.
Proof.
  intros A B HA HB. split.
  - apply HA.
  - apply HB.
Qed.



Example and_example' : 3 + 4 = 7 /\ 2 * 2 = 4.
Proof.
  apply and_intro.
  -  reflexivity.
  -  reflexivity.
Qed.


Example and_exercise :
  forall n m : nat, n + m = 0 -> n = 0 /\ m = 0.
Proof.
  intros n m H.
  split.
  - destruct m in H.
    + rewrite <- plus_n_O in H. apply H.
    + rewrite <- plus_n_Sm in H. discriminate H.
  - destruct n in H.
    + rewrite -> plus_n_O in H. apply H.
    + simpl in H. discriminate H.
Qed.




Lemma and_example2 :
  forall n m : nat, n = 0 /\ m = 0 -> n + m = 0.
Proof.
  
  intros n m H.
  destruct H as [Hn Hm].
  rewrite Hn. rewrite Hm.
  reflexivity.
Qed.



Lemma and_example2' :
  forall n m : nat, n = 0 /\ m = 0 -> n + m = 0.
Proof.
  intros n m [Hn Hm].
  rewrite Hn. rewrite Hm.
  reflexivity.
Qed.



Lemma and_example2'' :
  forall n m : nat, n = 0 -> m = 0 -> n + m = 0.
Proof.
  intros n m Hn Hm.
  rewrite Hn. rewrite Hm.
  reflexivity.
Qed.



Lemma and_example3 :
  forall n m : nat, n + m = 0 -> n * m = 0.
Proof.
  
  intros n m H.
  apply and_exercise in H.
  destruct H as [Hn Hm].
  rewrite Hn. reflexivity.
Qed.



Lemma proj1 : forall P Q : Prop,
  P /\ Q -> P.
Proof.
  intros P Q HPQ.
  destruct HPQ as [HP _].
  apply HP.  Qed.


Lemma proj2 : forall P Q : Prop,
  P /\ Q -> Q.
Proof.
  intros P Q [_ HQ].
  apply HQ.
Qed.




Theorem and_commut : forall P Q : Prop,
  P /\ Q -> Q /\ P.
Proof.
  intros P Q [HP HQ].
  split.
    -  apply HQ.
    -  apply HP.  Qed.



Theorem and_assoc : forall P Q R : Prop,
  P /\ (Q /\ R) -> (P /\ Q) /\ R.
Proof.
  intros P Q R [HP [HQ HR]].
  split.
  + split. apply HP. apply HQ.
  + apply HR.
Qed.




Check and : Prop -> Prop -> Prop.








Lemma factor_is_O:
  forall n m : nat, n = 0 \/ m = 0 -> n * m = 0.
Proof.
  
  intros n m [Hn | Hm].
  - 
    rewrite Hn. reflexivity.
  - 
    rewrite Hm. rewrite <- mult_n_O.
    reflexivity.
Qed.



Lemma or_intro_l : forall A B : Prop, A -> A \/ B.
Proof.
  intros A B HA.
  left.
  apply HA.
Qed.



Lemma zero_or_succ :
  forall n : nat, n = 0 \/ n = S (pred n).
Proof.
  
  intros [|n'].
  - left. reflexivity.
  - right. reflexivity.
Qed.


Lemma mult_is_O :
  forall n m, n * m = 0 -> n = 0 \/ m = 0.
Proof.
  intros n m H.
  destruct n.
  - left. reflexivity.
  - right. destruct m.
    + reflexivity.
    + discriminate H.
Qed.



Theorem or_commut : forall P Q : Prop,
  P \/ Q  -> Q \/ P.
Proof.
  intros P Q [HP | HQ].
  - right. apply HP.
  - left. apply HQ.
Qed.







Module NotPlayground.

Definition not (P:Prop) := P -> False.

Notation "~ x" := (not x) : type_scope.

Check not : Prop -> Prop.

End NotPlayground.



Theorem ex_falso_quodlibet : forall (P:Prop),
  False -> P.
Proof.
  
  intros P contra.
  destruct contra.  Qed.





Theorem not_implies_our_not : forall (P:Prop),
  ~ P -> (forall (Q:Prop), P -> Q).
Proof.
  intros P HNP Q contra.
  unfold not in HNP.
  apply HNP in contra. destruct contra.
Qed.






Theorem zero_not_one : 0 <> 1.
Proof.
  
  unfold not.
  
  intros contra.
  
  discriminate contra.
Qed.



Theorem not_False :
  ~ False.
Proof.
  unfold not. intros H. destruct H. Qed.

Theorem contradiction_implies_anything : forall P Q : Prop,
  (P /\ ~P) -> Q.
Proof.
  
  intros P Q [HP HNA]. unfold not in HNA.
  apply HNA in HP. destruct HP.  Qed.

Theorem double_neg : forall P : Prop,
  P -> ~~P.
Proof.
  
  intros P H. unfold not. intros G. apply G. apply H.  Qed.






Definition manual_grade_for_double_neg_inf : option (nat*string) := None.



Theorem contrapositive : forall (P Q : Prop),
  (P -> Q) -> (~Q -> ~P).
Proof.
  intros P Q HPQ HQ HP.
  unfold not in HQ. apply HPQ in HP. apply HQ in HP. apply HP.
Qed.



Theorem not_both_true_and_false : forall P : Prop,
  ~ (P /\ ~P).
Proof.
  intros P H.
  apply contradiction_implies_anything with (Q:=False) in H.
  apply H.
Qed.







Definition manual_grade_for_informal_not_PNP : option (nat*string) := None.



Theorem de_morgan_not_or : forall (P Q : Prop),
    ~ (P \/ Q) -> ~P /\ ~Q.
Proof.
  intros P Q HPQ.
  unfold not in HPQ.
  split.
  - intros HP. apply or_intro_l  with (B:=Q) in HP. apply HPQ. apply HP.
  - intros HQ. apply or_intro_l  with (B:=P) in HQ. apply or_commut in HQ. apply HPQ. apply HQ.
Qed.




Theorem not_true_is_false : forall b : bool,
  b <> true -> b = false.
Proof.
  intros b H.
  destruct b eqn:HE.
  - 
    unfold not in H.
    apply ex_falso_quodlibet.
    apply H. reflexivity.
  - 
    reflexivity.
Qed.



Theorem not_true_is_false' : forall b : bool,
  b <> true -> b = false.
Proof.
  intros [] H.          
  - 
    unfold not in H.
    exfalso.                
    apply H. reflexivity.
  -  reflexivity.
Qed.






Lemma True_is_true : True.
Proof. apply I. Qed.







Definition disc_fn (n: nat) : Prop :=
  match n with
  | O => True
  | S _ => False
  end.

Theorem disc_example : forall n, ~ (O = S n).
Proof.
  intros n H1.
  assert (H2 : disc_fn O). { simpl. apply I. }
  rewrite H1 in H2. simpl in H2. apply H2.
Qed.








Module IffPlayground.

Definition iff (P Q : Prop) := (P -> Q) /\ (Q -> P).

Notation "P <-> Q" := (iff P Q)
                      (at level 95, no associativity)
                      : type_scope.

End IffPlayground.

Theorem iff_sym : forall P Q : Prop,
  (P <-> Q) -> (Q <-> P).
Proof.
  
  intros P Q [HAB HBA].
  split.
  -  apply HBA.
  -  apply HAB.  Qed.

Lemma not_true_iff_false : forall b,
  b <> true <-> b = false.
Proof.
  
  intros b. split.
  -  apply not_true_is_false.
  - 
    intros H. rewrite H. intros H'. discriminate H'.
Qed.



Lemma apply_iff_example1:
  forall P Q R : Prop, (P <-> Q) -> (Q -> R) -> (P -> R).
  intros P Q R Hiff H HP. apply H.  apply Hiff. apply HP.
Qed.

Lemma apply_iff_example2:
  forall P Q R : Prop, (P <-> Q) -> (P -> R) -> (Q -> R).
  intros P Q R Hiff H HQ. apply H.  apply Hiff. apply HQ.
Qed.



Theorem iff_refl : forall P : Prop,
  P <-> P.
Proof.
  intros P.
  split. intros H. apply H. intros H. apply H.  Qed.

Theorem iff_trans : forall P Q R : Prop,
  (P <-> Q) -> (Q <-> R) -> (P <-> R).
Proof.
  intros P Q R H1 H2. split.
  - intros H. apply proj1 in H1. apply H1 in H. apply proj1 in H2. apply H2 in H. apply H.
  - intros H. apply proj2 in H2. apply H2 in H. apply proj2 in H1. apply H1 in H. apply H.
Qed.



Theorem or_distributes_over_and : forall P Q R : Prop,
  P \/ (Q /\ R) <-> (P \/ Q) /\ (P \/ R).
Proof.
  intros P Q R.
  split.
  -  intros [HP | [HQ HR]].
    +  split. left. apply HP. left. apply HP.
    +  split.  right. apply HQ. right. apply HR.
  -  intros [[HP1 | HQ] [HP2 | HR]].
    + left. apply HP1.
    + left. apply HP1.
    + left. apply HP2.
    + right. apply and_intro. apply HQ. apply HR.
Qed.







From Coq Require Import Setoids.Setoid.





Lemma mul_eq_0 : forall n m, n * m = 0 <-> n = 0 \/ m = 0.
Proof.
  split.
  - apply mult_is_O.
  - apply factor_is_O.
Qed.

Theorem or_assoc :
  forall P Q R : Prop, P \/ (Q \/ R) <-> (P \/ Q) \/ R.
Proof.
  intros P Q R. split.
  - intros [H | [H | H]].
    + left. left. apply H.
    + left. right. apply H.
    + right. apply H.
  - intros [[H | H] | H].
    + left. apply H.
    + right. left. apply H.
    + right. right. apply H.
Qed.



Lemma mul_eq_0_ternary :
  forall n m p, n * m * p = 0 <-> n = 0 \/ m = 0 \/ p = 0.
Proof.
  intros n m p.
  rewrite mul_eq_0. rewrite mul_eq_0. rewrite or_assoc.
  reflexivity.
Qed.








Definition Even x := exists n : nat, x = double n.

Lemma four_is_Even : Even 4.
Proof.
  unfold Even. exists 2. reflexivity.
Qed.



Theorem exists_example_2 : forall n,
  (exists m, n = 4 + m) ->
  (exists o, n = 2 + o).
Proof.
  
  intros n [m Hm]. 
  exists (2 + m).
  apply Hm.  Qed.



Theorem dist_not_exists : forall (X:Type) (P : X -> Prop),
  (forall x, P x) -> ~ (exists x, ~ P x).
Proof.
  intros X P H [x E].
  unfold not in E. apply E. apply H.
Qed.






Theorem dist_exists_or : forall (X:Type) (P Q : X -> Prop),
  (exists x, P x \/ Q x) <-> (exists x, P x) \/ (exists x, Q x).

Proof.
intros X P Q.
split.
- intros [x H].
destruct H as [H1 | H2].
+ left.
exists x.
exact H1.
+ right.
exists x.
exact H2.
- intros [H1 | H2].
+ right.
exists x.
exact H1.
+ left.
exists x.
exact H2.
Qed.

Outdated contents in ..cache: recomputing
ERROR MESSAGE IN THEOREM PROOF (FRAGMENT #986)
Error in step "right.".
Message: Not an inductive goal with 2 constructors..
Goal: exists x : X, P x \/ Q x.


TRYING TO PROVE LEMMA
Lemma exists_P_or_Q_from_exists_P_0 : forall X : Type, forall P Q : X -> Prop, forall H1 : exists x : X, P x, exists x : X, P x \/ Q x.


ATTEMPTED LEMMA PROOF (LEMMAS USED: 1)


Set Warnings "-notation-overridden,-parsing,-deprecated-hint-without-locality".
From LF Require Export Tactics.



Check (3 = 3) : Prop.

Check (forall n m : nat, n + m = m + n) : Prop.



Check 2 = 2 : Prop.

Check 3 = 2 : Prop.

Check forall n : nat, n = 2 : Prop.





Theorem plus_2_2_is_4 :
  2 + 2 = 4.
Proof. reflexivity.  Qed.



Definition plus_claim : Prop := 2 + 2 = 4.
Check plus_claim : Prop.



Theorem plus_claim_is_true :
  plus_claim.
Proof. reflexivity.  Qed.





Definition is_three (n : nat) : Prop :=
  n = 3.
Check is_three : nat -> Prop.



Definition injective {A B} (f : A -> B) :=
  forall x y : A, f x = f y -> x = y.

Lemma succ_inj : injective S.
Proof.
  intros n m H. injection H as H1. apply H1.
Qed.



Check @eq : forall A : Type, A -> A -> Prop.











Example and_example : 3 + 4 = 7 /\ 2 * 2 = 4.



Proof.
  split.
  -  reflexivity.
  -  reflexivity.
Qed.



Lemma and_intro : forall A B : Prop, A -> B -> A /\ B.
Proof.
  intros A B HA HB. split.
  - apply HA.
  - apply HB.
Qed.



Example and_example' : 3 + 4 = 7 /\ 2 * 2 = 4.
Proof.
  apply and_intro.
  -  reflexivity.
  -  reflexivity.
Qed.


Example and_exercise :
  forall n m : nat, n + m = 0 -> n = 0 /\ m = 0.
Proof.
  intros n m H.
  split.
  - destruct m in H.
    + rewrite <- plus_n_O in H. apply H.
    + rewrite <- plus_n_Sm in H. discriminate H.
  - destruct n in H.
    + rewrite -> plus_n_O in H. apply H.
    + simpl in H. discriminate H.
Qed.




Lemma and_example2 :
  forall n m : nat, n = 0 /\ m = 0 -> n + m = 0.
Proof.
  
  intros n m H.
  destruct H as [Hn Hm].
  rewrite Hn. rewrite Hm.
  reflexivity.
Qed.



Lemma and_example2' :
  forall n m : nat, n = 0 /\ m = 0 -> n + m = 0.
Proof.
  intros n m [Hn Hm].
  rewrite Hn. rewrite Hm.
  reflexivity.
Qed.



Lemma and_example2'' :
  forall n m : nat, n = 0 -> m = 0 -> n + m = 0.
Proof.
  intros n m Hn Hm.
  rewrite Hn. rewrite Hm.
  reflexivity.
Qed.



Lemma and_example3 :
  forall n m : nat, n + m = 0 -> n * m = 0.
Proof.
  
  intros n m H.
  apply and_exercise in H.
  destruct H as [Hn Hm].
  rewrite Hn. reflexivity.
Qed.



Lemma proj1 : forall P Q : Prop,
  P /\ Q -> P.
Proof.
  intros P Q HPQ.
  destruct HPQ as [HP _].
  apply HP.  Qed.


Lemma proj2 : forall P Q : Prop,
  P /\ Q -> Q.
Proof.
  intros P Q [_ HQ].
  apply HQ.
Qed.




Theorem and_commut : forall P Q : Prop,
  P /\ Q -> Q /\ P.
Proof.
  intros P Q [HP HQ].
  split.
    -  apply HQ.
    -  apply HP.  Qed.



Theorem and_assoc : forall P Q R : Prop,
  P /\ (Q /\ R) -> (P /\ Q) /\ R.
Proof.
  intros P Q R [HP [HQ HR]].
  split.
  + split. apply HP. apply HQ.
  + apply HR.
Qed.




Check and : Prop -> Prop -> Prop.








Lemma factor_is_O:
  forall n m : nat, n = 0 \/ m = 0 -> n * m = 0.
Proof.
  
  intros n m [Hn | Hm].
  - 
    rewrite Hn. reflexivity.
  - 
    rewrite Hm. rewrite <- mult_n_O.
    reflexivity.
Qed.



Lemma or_intro_l : forall A B : Prop, A -> A \/ B.
Proof.
  intros A B HA.
  left.
  apply HA.
Qed.



Lemma zero_or_succ :
  forall n : nat, n = 0 \/ n = S (pred n).
Proof.
  
  intros [|n'].
  - left. reflexivity.
  - right. reflexivity.
Qed.


Lemma mult_is_O :
  forall n m, n * m = 0 -> n = 0 \/ m = 0.
Proof.
  intros n m H.
  destruct n.
  - left. reflexivity.
  - right. destruct m.
    + reflexivity.
    + discriminate H.
Qed.



Theorem or_commut : forall P Q : Prop,
  P \/ Q  -> Q \/ P.
Proof.
  intros P Q [HP | HQ].
  - right. apply HP.
  - left. apply HQ.
Qed.







Module NotPlayground.

Definition not (P:Prop) := P -> False.

Notation "~ x" := (not x) : type_scope.

Check not : Prop -> Prop.

End NotPlayground.



Theorem ex_falso_quodlibet : forall (P:Prop),
  False -> P.
Proof.
  
  intros P contra.
  destruct contra.  Qed.





Theorem not_implies_our_not : forall (P:Prop),
  ~ P -> (forall (Q:Prop), P -> Q).
Proof.
  intros P HNP Q contra.
  unfold not in HNP.
  apply HNP in contra. destruct contra.
Qed.






Theorem zero_not_one : 0 <> 1.
Proof.
  
  unfold not.
  
  intros contra.
  
  discriminate contra.
Qed.



Theorem not_False :
  ~ False.
Proof.
  unfold not. intros H. destruct H. Qed.

Theorem contradiction_implies_anything : forall P Q : Prop,
  (P /\ ~P) -> Q.
Proof.
  
  intros P Q [HP HNA]. unfold not in HNA.
  apply HNA in HP. destruct HP.  Qed.

Theorem double_neg : forall P : Prop,
  P -> ~~P.
Proof.
  
  intros P H. unfold not. intros G. apply G. apply H.  Qed.






Definition manual_grade_for_double_neg_inf : option (nat*string) := None.



Theorem contrapositive : forall (P Q : Prop),
  (P -> Q) -> (~Q -> ~P).
Proof.
  intros P Q HPQ HQ HP.
  unfold not in HQ. apply HPQ in HP. apply HQ in HP. apply HP.
Qed.



Theorem not_both_true_and_false : forall P : Prop,
  ~ (P /\ ~P).
Proof.
  intros P H.
  apply contradiction_implies_anything with (Q:=False) in H.
  apply H.
Qed.







Definition manual_grade_for_informal_not_PNP : option (nat*string) := None.



Theorem de_morgan_not_or : forall (P Q : Prop),
    ~ (P \/ Q) -> ~P /\ ~Q.
Proof.
  intros P Q HPQ.
  unfold not in HPQ.
  split.
  - intros HP. apply or_intro_l  with (B:=Q) in HP. apply HPQ. apply HP.
  - intros HQ. apply or_intro_l  with (B:=P) in HQ. apply or_commut in HQ. apply HPQ. apply HQ.
Qed.




Theorem not_true_is_false : forall b : bool,
  b <> true -> b = false.
Proof.
  intros b H.
  destruct b eqn:HE.
  - 
    unfold not in H.
    apply ex_falso_quodlibet.
    apply H. reflexivity.
  - 
    reflexivity.
Qed.



Theorem not_true_is_false' : forall b : bool,
  b <> true -> b = false.
Proof.
  intros [] H.          
  - 
    unfold not in H.
    exfalso.                
    apply H. reflexivity.
  -  reflexivity.
Qed.






Lemma True_is_true : True.
Proof. apply I. Qed.







Definition disc_fn (n: nat) : Prop :=
  match n with
  | O => True
  | S _ => False
  end.

Theorem disc_example : forall n, ~ (O = S n).
Proof.
  intros n H1.
  assert (H2 : disc_fn O). { simpl. apply I. }
  rewrite H1 in H2. simpl in H2. apply H2.
Qed.








Module IffPlayground.

Definition iff (P Q : Prop) := (P -> Q) /\ (Q -> P).

Notation "P <-> Q" := (iff P Q)
                      (at level 95, no associativity)
                      : type_scope.

End IffPlayground.

Theorem iff_sym : forall P Q : Prop,
  (P <-> Q) -> (Q <-> P).
Proof.
  
  intros P Q [HAB HBA].
  split.
  -  apply HBA.
  -  apply HAB.  Qed.

Lemma not_true_iff_false : forall b,
  b <> true <-> b = false.
Proof.
  
  intros b. split.
  -  apply not_true_is_false.
  - 
    intros H. rewrite H. intros H'. discriminate H'.
Qed.



Lemma apply_iff_example1:
  forall P Q R : Prop, (P <-> Q) -> (Q -> R) -> (P -> R).
  intros P Q R Hiff H HP. apply H.  apply Hiff. apply HP.
Qed.

Lemma apply_iff_example2:
  forall P Q R : Prop, (P <-> Q) -> (P -> R) -> (Q -> R).
  intros P Q R Hiff H HQ. apply H.  apply Hiff. apply HQ.
Qed.



Theorem iff_refl : forall P : Prop,
  P <-> P.
Proof.
  intros P.
  split. intros H. apply H. intros H. apply H.  Qed.

Theorem iff_trans : forall P Q R : Prop,
  (P <-> Q) -> (Q <-> R) -> (P <-> R).
Proof.
  intros P Q R H1 H2. split.
  - intros H. apply proj1 in H1. apply H1 in H. apply proj1 in H2. apply H2 in H. apply H.
  - intros H. apply proj2 in H2. apply H2 in H. apply proj2 in H1. apply H1 in H. apply H.
Qed.



Theorem or_distributes_over_and : forall P Q R : Prop,
  P \/ (Q /\ R) <-> (P \/ Q) /\ (P \/ R).
Proof.
  intros P Q R.
  split.
  -  intros [HP | [HQ HR]].
    +  split. left. apply HP. left. apply HP.
    +  split.  right. apply HQ. right. apply HR.
  -  intros [[HP1 | HQ] [HP2 | HR]].
    + left. apply HP1.
    + left. apply HP1.
    + left. apply HP2.
    + right. apply and_intro. apply HQ. apply HR.
Qed.







From Coq Require Import Setoids.Setoid.





Lemma mul_eq_0 : forall n m, n * m = 0 <-> n = 0 \/ m = 0.
Proof.
  split.
  - apply mult_is_O.
  - apply factor_is_O.
Qed.

Theorem or_assoc :
  forall P Q R : Prop, P \/ (Q \/ R) <-> (P \/ Q) \/ R.
Proof.
  intros P Q R. split.
  - intros [H | [H | H]].
    + left. left. apply H.
    + left. right. apply H.
    + right. apply H.
  - intros [[H | H] | H].
    + left. apply H.
    + right. left. apply H.
    + right. right. apply H.
Qed.



Lemma mul_eq_0_ternary :
  forall n m p, n * m * p = 0 <-> n = 0 \/ m = 0 \/ p = 0.
Proof.
  intros n m p.
  rewrite mul_eq_0. rewrite mul_eq_0. rewrite or_assoc.
  reflexivity.
Qed.








Definition Even x := exists n : nat, x = double n.

Lemma four_is_Even : Even 4.
Proof.
  unfold Even. exists 2. reflexivity.
Qed.



Theorem exists_example_2 : forall n,
  (exists m, n = 4 + m) ->
  (exists o, n = 2 + o).
Proof.
  
  intros n [m Hm]. 
  exists (2 + m).
  apply Hm.  Qed.



Theorem dist_not_exists : forall (X:Type) (P : X -> Prop),
  (forall x, P x) -> ~ (exists x, ~ P x).
Proof.
  intros X P H [x E].
  unfold not in E. apply E. apply H.
Qed.






Lemma exists_P_or_Q_from_exists_P_0 : forall X : Type, forall P Q : X -> Prop, forall H1 : exists x : X, P x, exists x : X, P x \/ Q x.

Proof.
(* The goal is to prove that given a type X, a proposition P that holds for some x in X, and a proposition Q, there exists an x in X such that P holds for x or Q holds for x.
*)
  (* We will proceed by cases on the existence of x in X for which P holds.
*)
  intros X P Q H1.
(* H1 : exists x : X, P x *)
  destruct H1 as [w Hw].
(* w : X, Hw : P w *)
  (* We now need to show that exists x : X, P x \/ Q x.
We can do this by using the existential introduction rule.
*)
  exists w.
(* The goal is now P w \/ Q w.
*)
  (* We will use the or introduction rule to prove this.
*)
  left.
(* The goal is now P w.
*)
  (* We have Hw : P w, so we can use the assumption tactic to finish the proof.
*)
  assumption.
Qed.

Outdated contents in ..cache: recomputing
LEMMA PROOF IS VALID

ATTEMPTED THEOREM PROOF (LEMMAS USED: 1)


Set Warnings "-notation-overridden,-parsing,-deprecated-hint-without-locality".
From LF Require Export Tactics.



Check (3 = 3) : Prop.

Check (forall n m : nat, n + m = m + n) : Prop.



Check 2 = 2 : Prop.

Check 3 = 2 : Prop.

Check forall n : nat, n = 2 : Prop.





Theorem plus_2_2_is_4 :
  2 + 2 = 4.
Proof. reflexivity.  Qed.



Definition plus_claim : Prop := 2 + 2 = 4.
Check plus_claim : Prop.



Theorem plus_claim_is_true :
  plus_claim.
Proof. reflexivity.  Qed.





Definition is_three (n : nat) : Prop :=
  n = 3.
Check is_three : nat -> Prop.



Definition injective {A B} (f : A -> B) :=
  forall x y : A, f x = f y -> x = y.

Lemma succ_inj : injective S.
Proof.
  intros n m H. injection H as H1. apply H1.
Qed.



Check @eq : forall A : Type, A -> A -> Prop.











Example and_example : 3 + 4 = 7 /\ 2 * 2 = 4.



Proof.
  split.
  -  reflexivity.
  -  reflexivity.
Qed.



Lemma and_intro : forall A B : Prop, A -> B -> A /\ B.
Proof.
  intros A B HA HB. split.
  - apply HA.
  - apply HB.
Qed.



Example and_example' : 3 + 4 = 7 /\ 2 * 2 = 4.
Proof.
  apply and_intro.
  -  reflexivity.
  -  reflexivity.
Qed.


Example and_exercise :
  forall n m : nat, n + m = 0 -> n = 0 /\ m = 0.
Proof.
  intros n m H.
  split.
  - destruct m in H.
    + rewrite <- plus_n_O in H. apply H.
    + rewrite <- plus_n_Sm in H. discriminate H.
  - destruct n in H.
    + rewrite -> plus_n_O in H. apply H.
    + simpl in H. discriminate H.
Qed.




Lemma and_example2 :
  forall n m : nat, n = 0 /\ m = 0 -> n + m = 0.
Proof.
  
  intros n m H.
  destruct H as [Hn Hm].
  rewrite Hn. rewrite Hm.
  reflexivity.
Qed.



Lemma and_example2' :
  forall n m : nat, n = 0 /\ m = 0 -> n + m = 0.
Proof.
  intros n m [Hn Hm].
  rewrite Hn. rewrite Hm.
  reflexivity.
Qed.



Lemma and_example2'' :
  forall n m : nat, n = 0 -> m = 0 -> n + m = 0.
Proof.
  intros n m Hn Hm.
  rewrite Hn. rewrite Hm.
  reflexivity.
Qed.



Lemma and_example3 :
  forall n m : nat, n + m = 0 -> n * m = 0.
Proof.
  
  intros n m H.
  apply and_exercise in H.
  destruct H as [Hn Hm].
  rewrite Hn. reflexivity.
Qed.



Lemma proj1 : forall P Q : Prop,
  P /\ Q -> P.
Proof.
  intros P Q HPQ.
  destruct HPQ as [HP _].
  apply HP.  Qed.


Lemma proj2 : forall P Q : Prop,
  P /\ Q -> Q.
Proof.
  intros P Q [_ HQ].
  apply HQ.
Qed.




Theorem and_commut : forall P Q : Prop,
  P /\ Q -> Q /\ P.
Proof.
  intros P Q [HP HQ].
  split.
    -  apply HQ.
    -  apply HP.  Qed.



Theorem and_assoc : forall P Q R : Prop,
  P /\ (Q /\ R) -> (P /\ Q) /\ R.
Proof.
  intros P Q R [HP [HQ HR]].
  split.
  + split. apply HP. apply HQ.
  + apply HR.
Qed.




Check and : Prop -> Prop -> Prop.








Lemma factor_is_O:
  forall n m : nat, n = 0 \/ m = 0 -> n * m = 0.
Proof.
  
  intros n m [Hn | Hm].
  - 
    rewrite Hn. reflexivity.
  - 
    rewrite Hm. rewrite <- mult_n_O.
    reflexivity.
Qed.



Lemma or_intro_l : forall A B : Prop, A -> A \/ B.
Proof.
  intros A B HA.
  left.
  apply HA.
Qed.



Lemma zero_or_succ :
  forall n : nat, n = 0 \/ n = S (pred n).
Proof.
  
  intros [|n'].
  - left. reflexivity.
  - right. reflexivity.
Qed.


Lemma mult_is_O :
  forall n m, n * m = 0 -> n = 0 \/ m = 0.
Proof.
  intros n m H.
  destruct n.
  - left. reflexivity.
  - right. destruct m.
    + reflexivity.
    + discriminate H.
Qed.



Theorem or_commut : forall P Q : Prop,
  P \/ Q  -> Q \/ P.
Proof.
  intros P Q [HP | HQ].
  - right. apply HP.
  - left. apply HQ.
Qed.







Module NotPlayground.

Definition not (P:Prop) := P -> False.

Notation "~ x" := (not x) : type_scope.

Check not : Prop -> Prop.

End NotPlayground.



Theorem ex_falso_quodlibet : forall (P:Prop),
  False -> P.
Proof.
  
  intros P contra.
  destruct contra.  Qed.





Theorem not_implies_our_not : forall (P:Prop),
  ~ P -> (forall (Q:Prop), P -> Q).
Proof.
  intros P HNP Q contra.
  unfold not in HNP.
  apply HNP in contra. destruct contra.
Qed.






Theorem zero_not_one : 0 <> 1.
Proof.
  
  unfold not.
  
  intros contra.
  
  discriminate contra.
Qed.



Theorem not_False :
  ~ False.
Proof.
  unfold not. intros H. destruct H. Qed.

Theorem contradiction_implies_anything : forall P Q : Prop,
  (P /\ ~P) -> Q.
Proof.
  
  intros P Q [HP HNA]. unfold not in HNA.
  apply HNA in HP. destruct HP.  Qed.

Theorem double_neg : forall P : Prop,
  P -> ~~P.
Proof.
  
  intros P H. unfold not. intros G. apply G. apply H.  Qed.






Definition manual_grade_for_double_neg_inf : option (nat*string) := None.



Theorem contrapositive : forall (P Q : Prop),
  (P -> Q) -> (~Q -> ~P).
Proof.
  intros P Q HPQ HQ HP.
  unfold not in HQ. apply HPQ in HP. apply HQ in HP. apply HP.
Qed.



Theorem not_both_true_and_false : forall P : Prop,
  ~ (P /\ ~P).
Proof.
  intros P H.
  apply contradiction_implies_anything with (Q:=False) in H.
  apply H.
Qed.







Definition manual_grade_for_informal_not_PNP : option (nat*string) := None.



Theorem de_morgan_not_or : forall (P Q : Prop),
    ~ (P \/ Q) -> ~P /\ ~Q.
Proof.
  intros P Q HPQ.
  unfold not in HPQ.
  split.
  - intros HP. apply or_intro_l  with (B:=Q) in HP. apply HPQ. apply HP.
  - intros HQ. apply or_intro_l  with (B:=P) in HQ. apply or_commut in HQ. apply HPQ. apply HQ.
Qed.




Theorem not_true_is_false : forall b : bool,
  b <> true -> b = false.
Proof.
  intros b H.
  destruct b eqn:HE.
  - 
    unfold not in H.
    apply ex_falso_quodlibet.
    apply H. reflexivity.
  - 
    reflexivity.
Qed.



Theorem not_true_is_false' : forall b : bool,
  b <> true -> b = false.
Proof.
  intros [] H.          
  - 
    unfold not in H.
    exfalso.                
    apply H. reflexivity.
  -  reflexivity.
Qed.






Lemma True_is_true : True.
Proof. apply I. Qed.







Definition disc_fn (n: nat) : Prop :=
  match n with
  | O => True
  | S _ => False
  end.

Theorem disc_example : forall n, ~ (O = S n).
Proof.
  intros n H1.
  assert (H2 : disc_fn O). { simpl. apply I. }
  rewrite H1 in H2. simpl in H2. apply H2.
Qed.








Module IffPlayground.

Definition iff (P Q : Prop) := (P -> Q) /\ (Q -> P).

Notation "P <-> Q" := (iff P Q)
                      (at level 95, no associativity)
                      : type_scope.

End IffPlayground.

Theorem iff_sym : forall P Q : Prop,
  (P <-> Q) -> (Q <-> P).
Proof.
  
  intros P Q [HAB HBA].
  split.
  -  apply HBA.
  -  apply HAB.  Qed.

Lemma not_true_iff_false : forall b,
  b <> true <-> b = false.
Proof.
  
  intros b. split.
  -  apply not_true_is_false.
  - 
    intros H. rewrite H. intros H'. discriminate H'.
Qed.



Lemma apply_iff_example1:
  forall P Q R : Prop, (P <-> Q) -> (Q -> R) -> (P -> R).
  intros P Q R Hiff H HP. apply H.  apply Hiff. apply HP.
Qed.

Lemma apply_iff_example2:
  forall P Q R : Prop, (P <-> Q) -> (P -> R) -> (Q -> R).
  intros P Q R Hiff H HQ. apply H.  apply Hiff. apply HQ.
Qed.



Theorem iff_refl : forall P : Prop,
  P <-> P.
Proof.
  intros P.
  split. intros H. apply H. intros H. apply H.  Qed.

Theorem iff_trans : forall P Q R : Prop,
  (P <-> Q) -> (Q <-> R) -> (P <-> R).
Proof.
  intros P Q R H1 H2. split.
  - intros H. apply proj1 in H1. apply H1 in H. apply proj1 in H2. apply H2 in H. apply H.
  - intros H. apply proj2 in H2. apply H2 in H. apply proj2 in H1. apply H1 in H. apply H.
Qed.



Theorem or_distributes_over_and : forall P Q R : Prop,
  P \/ (Q /\ R) <-> (P \/ Q) /\ (P \/ R).
Proof.
  intros P Q R.
  split.
  -  intros [HP | [HQ HR]].
    +  split. left. apply HP. left. apply HP.
    +  split.  right. apply HQ. right. apply HR.
  -  intros [[HP1 | HQ] [HP2 | HR]].
    + left. apply HP1.
    + left. apply HP1.
    + left. apply HP2.
    + right. apply and_intro. apply HQ. apply HR.
Qed.







From Coq Require Import Setoids.Setoid.





Lemma mul_eq_0 : forall n m, n * m = 0 <-> n = 0 \/ m = 0.
Proof.
  split.
  - apply mult_is_O.
  - apply factor_is_O.
Qed.

Theorem or_assoc :
  forall P Q R : Prop, P \/ (Q \/ R) <-> (P \/ Q) \/ R.
Proof.
  intros P Q R. split.
  - intros [H | [H | H]].
    + left. left. apply H.
    + left. right. apply H.
    + right. apply H.
  - intros [[H | H] | H].
    + left. apply H.
    + right. left. apply H.
    + right. right. apply H.
Qed.



Lemma mul_eq_0_ternary :
  forall n m p, n * m * p = 0 <-> n = 0 \/ m = 0 \/ p = 0.
Proof.
  intros n m p.
  rewrite mul_eq_0. rewrite mul_eq_0. rewrite or_assoc.
  reflexivity.
Qed.








Definition Even x := exists n : nat, x = double n.

Lemma four_is_Even : Even 4.
Proof.
  unfold Even. exists 2. reflexivity.
Qed.



Theorem exists_example_2 : forall n,
  (exists m, n = 4 + m) ->
  (exists o, n = 2 + o).
Proof.
  
  intros n [m Hm]. 
  exists (2 + m).
  apply Hm.  Qed.



Theorem dist_not_exists : forall (X:Type) (P : X -> Prop),
  (forall x, P x) -> ~ (exists x, ~ P x).
Proof.
  intros X P H [x E].
  unfold not in E. apply E. apply H.
Qed.






Lemma exists_P_or_Q_from_exists_P_0 : forall X : Type, forall P Q : X -> Prop, forall H1 : exists x : X, P x, exists x : X, P x \/ Q x.

Proof.
(* The goal is to prove that given a type X, a proposition P that holds for some x in X, and a proposition Q, there exists an x in X such that P holds for x or Q holds for x.
*)
  (* We will proceed by cases on the existence of x in X for which P holds.
*)
  intros X P Q H1.
(* H1 : exists x : X, P x *)
  destruct H1 as [w Hw].
(* w : X, Hw : P w *)
  (* We now need to show that exists x : X, P x \/ Q x.
We can do this by using the existential introduction rule.
*)
  exists w.
(* The goal is now P w \/ Q w.
*)
  (* We will use the or introduction rule to prove this.
*)
  left.
(* The goal is now P w.
*)
  (* We have Hw : P w, so we can use the assumption tactic to finish the proof.
*)
  assumption.
Qed.

Theorem dist_exists_or : forall (X:Type) (P Q : X -> Prop),
  (exists x, P x \/ Q x) <-> (exists x, P x) \/ (exists x, Q x).

Proof.
intros X P Q.
split.
- intros [x H].
destruct H as [H1 | H2].
+ left.
exists x.
exact H1.
+ right.
exists x.
exact H2.
- intros [H1 | H2].
+ apply (@exists_P_or_Q_from_exists_P_0 X P Q H1).
+ left.
exists x.
exact H2.
Qed.

Outdated contents in ..cache: recomputing
ERROR MESSAGE IN THEOREM PROOF (FRAGMENT #1006)
Error in step "left.".
Message: Not an inductive goal with 2 constructors..
Goal: exists x : X, P x \/ Q x.


TRYING TO PROVE LEMMA
Lemma exists_P_or_Q_1 : forall X : Type, forall P Q : X -> Prop, forall H2 : exists x : X, Q x, exists x : X, P x \/ Q x.


ATTEMPTED LEMMA PROOF (LEMMAS USED: 2)


Set Warnings "-notation-overridden,-parsing,-deprecated-hint-without-locality".
From LF Require Export Tactics.



Check (3 = 3) : Prop.

Check (forall n m : nat, n + m = m + n) : Prop.



Check 2 = 2 : Prop.

Check 3 = 2 : Prop.

Check forall n : nat, n = 2 : Prop.





Theorem plus_2_2_is_4 :
  2 + 2 = 4.
Proof. reflexivity.  Qed.



Definition plus_claim : Prop := 2 + 2 = 4.
Check plus_claim : Prop.



Theorem plus_claim_is_true :
  plus_claim.
Proof. reflexivity.  Qed.





Definition is_three (n : nat) : Prop :=
  n = 3.
Check is_three : nat -> Prop.



Definition injective {A B} (f : A -> B) :=
  forall x y : A, f x = f y -> x = y.

Lemma succ_inj : injective S.
Proof.
  intros n m H. injection H as H1. apply H1.
Qed.



Check @eq : forall A : Type, A -> A -> Prop.











Example and_example : 3 + 4 = 7 /\ 2 * 2 = 4.



Proof.
  split.
  -  reflexivity.
  -  reflexivity.
Qed.



Lemma and_intro : forall A B : Prop, A -> B -> A /\ B.
Proof.
  intros A B HA HB. split.
  - apply HA.
  - apply HB.
Qed.



Example and_example' : 3 + 4 = 7 /\ 2 * 2 = 4.
Proof.
  apply and_intro.
  -  reflexivity.
  -  reflexivity.
Qed.


Example and_exercise :
  forall n m : nat, n + m = 0 -> n = 0 /\ m = 0.
Proof.
  intros n m H.
  split.
  - destruct m in H.
    + rewrite <- plus_n_O in H. apply H.
    + rewrite <- plus_n_Sm in H. discriminate H.
  - destruct n in H.
    + rewrite -> plus_n_O in H. apply H.
    + simpl in H. discriminate H.
Qed.




Lemma and_example2 :
  forall n m : nat, n = 0 /\ m = 0 -> n + m = 0.
Proof.
  
  intros n m H.
  destruct H as [Hn Hm].
  rewrite Hn. rewrite Hm.
  reflexivity.
Qed.



Lemma and_example2' :
  forall n m : nat, n = 0 /\ m = 0 -> n + m = 0.
Proof.
  intros n m [Hn Hm].
  rewrite Hn. rewrite Hm.
  reflexivity.
Qed.



Lemma and_example2'' :
  forall n m : nat, n = 0 -> m = 0 -> n + m = 0.
Proof.
  intros n m Hn Hm.
  rewrite Hn. rewrite Hm.
  reflexivity.
Qed.



Lemma and_example3 :
  forall n m : nat, n + m = 0 -> n * m = 0.
Proof.
  
  intros n m H.
  apply and_exercise in H.
  destruct H as [Hn Hm].
  rewrite Hn. reflexivity.
Qed.



Lemma proj1 : forall P Q : Prop,
  P /\ Q -> P.
Proof.
  intros P Q HPQ.
  destruct HPQ as [HP _].
  apply HP.  Qed.


Lemma proj2 : forall P Q : Prop,
  P /\ Q -> Q.
Proof.
  intros P Q [_ HQ].
  apply HQ.
Qed.




Theorem and_commut : forall P Q : Prop,
  P /\ Q -> Q /\ P.
Proof.
  intros P Q [HP HQ].
  split.
    -  apply HQ.
    -  apply HP.  Qed.



Theorem and_assoc : forall P Q R : Prop,
  P /\ (Q /\ R) -> (P /\ Q) /\ R.
Proof.
  intros P Q R [HP [HQ HR]].
  split.
  + split. apply HP. apply HQ.
  + apply HR.
Qed.




Check and : Prop -> Prop -> Prop.








Lemma factor_is_O:
  forall n m : nat, n = 0 \/ m = 0 -> n * m = 0.
Proof.
  
  intros n m [Hn | Hm].
  - 
    rewrite Hn. reflexivity.
  - 
    rewrite Hm. rewrite <- mult_n_O.
    reflexivity.
Qed.



Lemma or_intro_l : forall A B : Prop, A -> A \/ B.
Proof.
  intros A B HA.
  left.
  apply HA.
Qed.



Lemma zero_or_succ :
  forall n : nat, n = 0 \/ n = S (pred n).
Proof.
  
  intros [|n'].
  - left. reflexivity.
  - right. reflexivity.
Qed.


Lemma mult_is_O :
  forall n m, n * m = 0 -> n = 0 \/ m = 0.
Proof.
  intros n m H.
  destruct n.
  - left. reflexivity.
  - right. destruct m.
    + reflexivity.
    + discriminate H.
Qed.



Theorem or_commut : forall P Q : Prop,
  P \/ Q  -> Q \/ P.
Proof.
  intros P Q [HP | HQ].
  - right. apply HP.
  - left. apply HQ.
Qed.







Module NotPlayground.

Definition not (P:Prop) := P -> False.

Notation "~ x" := (not x) : type_scope.

Check not : Prop -> Prop.

End NotPlayground.



Theorem ex_falso_quodlibet : forall (P:Prop),
  False -> P.
Proof.
  
  intros P contra.
  destruct contra.  Qed.





Theorem not_implies_our_not : forall (P:Prop),
  ~ P -> (forall (Q:Prop), P -> Q).
Proof.
  intros P HNP Q contra.
  unfold not in HNP.
  apply HNP in contra. destruct contra.
Qed.






Theorem zero_not_one : 0 <> 1.
Proof.
  
  unfold not.
  
  intros contra.
  
  discriminate contra.
Qed.



Theorem not_False :
  ~ False.
Proof.
  unfold not. intros H. destruct H. Qed.

Theorem contradiction_implies_anything : forall P Q : Prop,
  (P /\ ~P) -> Q.
Proof.
  
  intros P Q [HP HNA]. unfold not in HNA.
  apply HNA in HP. destruct HP.  Qed.

Theorem double_neg : forall P : Prop,
  P -> ~~P.
Proof.
  
  intros P H. unfold not. intros G. apply G. apply H.  Qed.






Definition manual_grade_for_double_neg_inf : option (nat*string) := None.



Theorem contrapositive : forall (P Q : Prop),
  (P -> Q) -> (~Q -> ~P).
Proof.
  intros P Q HPQ HQ HP.
  unfold not in HQ. apply HPQ in HP. apply HQ in HP. apply HP.
Qed.



Theorem not_both_true_and_false : forall P : Prop,
  ~ (P /\ ~P).
Proof.
  intros P H.
  apply contradiction_implies_anything with (Q:=False) in H.
  apply H.
Qed.







Definition manual_grade_for_informal_not_PNP : option (nat*string) := None.



Theorem de_morgan_not_or : forall (P Q : Prop),
    ~ (P \/ Q) -> ~P /\ ~Q.
Proof.
  intros P Q HPQ.
  unfold not in HPQ.
  split.
  - intros HP. apply or_intro_l  with (B:=Q) in HP. apply HPQ. apply HP.
  - intros HQ. apply or_intro_l  with (B:=P) in HQ. apply or_commut in HQ. apply HPQ. apply HQ.
Qed.




Theorem not_true_is_false : forall b : bool,
  b <> true -> b = false.
Proof.
  intros b H.
  destruct b eqn:HE.
  - 
    unfold not in H.
    apply ex_falso_quodlibet.
    apply H. reflexivity.
  - 
    reflexivity.
Qed.



Theorem not_true_is_false' : forall b : bool,
  b <> true -> b = false.
Proof.
  intros [] H.          
  - 
    unfold not in H.
    exfalso.                
    apply H. reflexivity.
  -  reflexivity.
Qed.






Lemma True_is_true : True.
Proof. apply I. Qed.







Definition disc_fn (n: nat) : Prop :=
  match n with
  | O => True
  | S _ => False
  end.

Theorem disc_example : forall n, ~ (O = S n).
Proof.
  intros n H1.
  assert (H2 : disc_fn O). { simpl. apply I. }
  rewrite H1 in H2. simpl in H2. apply H2.
Qed.








Module IffPlayground.

Definition iff (P Q : Prop) := (P -> Q) /\ (Q -> P).

Notation "P <-> Q" := (iff P Q)
                      (at level 95, no associativity)
                      : type_scope.

End IffPlayground.

Theorem iff_sym : forall P Q : Prop,
  (P <-> Q) -> (Q <-> P).
Proof.
  
  intros P Q [HAB HBA].
  split.
  -  apply HBA.
  -  apply HAB.  Qed.

Lemma not_true_iff_false : forall b,
  b <> true <-> b = false.
Proof.
  
  intros b. split.
  -  apply not_true_is_false.
  - 
    intros H. rewrite H. intros H'. discriminate H'.
Qed.



Lemma apply_iff_example1:
  forall P Q R : Prop, (P <-> Q) -> (Q -> R) -> (P -> R).
  intros P Q R Hiff H HP. apply H.  apply Hiff. apply HP.
Qed.

Lemma apply_iff_example2:
  forall P Q R : Prop, (P <-> Q) -> (P -> R) -> (Q -> R).
  intros P Q R Hiff H HQ. apply H.  apply Hiff. apply HQ.
Qed.



Theorem iff_refl : forall P : Prop,
  P <-> P.
Proof.
  intros P.
  split. intros H. apply H. intros H. apply H.  Qed.

Theorem iff_trans : forall P Q R : Prop,
  (P <-> Q) -> (Q <-> R) -> (P <-> R).
Proof.
  intros P Q R H1 H2. split.
  - intros H. apply proj1 in H1. apply H1 in H. apply proj1 in H2. apply H2 in H. apply H.
  - intros H. apply proj2 in H2. apply H2 in H. apply proj2 in H1. apply H1 in H. apply H.
Qed.



Theorem or_distributes_over_and : forall P Q R : Prop,
  P \/ (Q /\ R) <-> (P \/ Q) /\ (P \/ R).
Proof.
  intros P Q R.
  split.
  -  intros [HP | [HQ HR]].
    +  split. left. apply HP. left. apply HP.
    +  split.  right. apply HQ. right. apply HR.
  -  intros [[HP1 | HQ] [HP2 | HR]].
    + left. apply HP1.
    + left. apply HP1.
    + left. apply HP2.
    + right. apply and_intro. apply HQ. apply HR.
Qed.







From Coq Require Import Setoids.Setoid.





Lemma mul_eq_0 : forall n m, n * m = 0 <-> n = 0 \/ m = 0.
Proof.
  split.
  - apply mult_is_O.
  - apply factor_is_O.
Qed.

Theorem or_assoc :
  forall P Q R : Prop, P \/ (Q \/ R) <-> (P \/ Q) \/ R.
Proof.
  intros P Q R. split.
  - intros [H | [H | H]].
    + left. left. apply H.
    + left. right. apply H.
    + right. apply H.
  - intros [[H | H] | H].
    + left. apply H.
    + right. left. apply H.
    + right. right. apply H.
Qed.



Lemma mul_eq_0_ternary :
  forall n m p, n * m * p = 0 <-> n = 0 \/ m = 0 \/ p = 0.
Proof.
  intros n m p.
  rewrite mul_eq_0. rewrite mul_eq_0. rewrite or_assoc.
  reflexivity.
Qed.








Definition Even x := exists n : nat, x = double n.

Lemma four_is_Even : Even 4.
Proof.
  unfold Even. exists 2. reflexivity.
Qed.



Theorem exists_example_2 : forall n,
  (exists m, n = 4 + m) ->
  (exists o, n = 2 + o).
Proof.
  
  intros n [m Hm]. 
  exists (2 + m).
  apply Hm.  Qed.



Theorem dist_not_exists : forall (X:Type) (P : X -> Prop),
  (forall x, P x) -> ~ (exists x, ~ P x).
Proof.
  intros X P H [x E].
  unfold not in E. apply E. apply H.
Qed.






Lemma exists_P_or_Q_from_exists_P_0 : forall X : Type, forall P Q : X -> Prop, forall H1 : exists x : X, P x, exists x : X, P x \/ Q x.

Proof.
(* The goal is to prove that given a type X, a proposition P that holds for some x in X, and a proposition Q, there exists an x in X such that P holds for x or Q holds for x.
*)
  (* We will proceed by cases on the existence of x in X for which P holds.
*)
  intros X P Q H1.
(* H1 : exists x : X, P x *)
  destruct H1 as [w Hw].
(* w : X, Hw : P w *)
  (* We now need to show that exists x : X, P x \/ Q x.
We can do this by using the existential introduction rule.
*)
  exists w.
(* The goal is now P w \/ Q w.
*)
  (* We will use the or introduction rule to prove this.
*)
  left.
(* The goal is now P w.
*)
  (* We have Hw : P w, so we can use the assumption tactic to finish the proof.
*)
  assumption.
Qed.

Lemma exists_P_or_Q_1 : forall X : Type, forall P Q : X -> Prop, forall H2 : exists x : X, Q x, exists x : X, P x \/ Q x.

Proof.
(* The goal is to prove the lemma exists_P_or_Q_1.
We will use the introduction rule for existential quantification to construct a proof.
*)
  intros X P Q H2.
(* We now need to construct a term of type "exists x : X, P x \/ Q x".
We can do this by applying the existential quantification introduction rule, which states that if we have a term "t" of type "P x \/ Q x", then we can construct a term of type "exists x : X, P x \/ Q x" using the existential quantification introduction rule.
*)
  (* We will now construct such a term "t".
We can do this by applying the elimination rule for existential quantification to the hypothesis H2.
This will give us a term "x" of type "X" and a proof "H3" that "Q x".
*)
  exists_elim H2.
(* Now we have a term "x" of type "X" and a proof "H3" that "Q x".
We can now construct a term "t" of type "P x \/ Q x" by applying the disjunction introduction rule for the right side.
This rule states that if we have a proof "H4" of "Q x", then we can construct a term "t" of type "P x \/ Q x" using the disjunction introduction rule for the right side.
*)
  right.
(* Now we have a term "t" of type "P x \/ Q x", which is exactly what we needed to construct the term of type "exists x : X, P x \/ Q x" using the existential quantification introduction rule.
*)
  exists_intro x.
(* We have now proven the lemma exists_P_or_Q_1.
*)

Qed.

Outdated contents in ..cache: recomputing
ERROR MESSAGE IN LEMMA PROOF (FRAGMENT #972)
Error in step "exists_elim H2.".
Message: The reference exists_elim was not found in the current
environment..
Goal: exists x : X, P x \/ Q x.


TRYING TO PROVE LEMMA
Lemma exists_P_or_Q_2 : forall X : Type, forall P Q : X -> Prop, forall H2 : exists x : X, Q x, exists x : X, P x \/ Q x.


ATTEMPTED LEMMA PROOF (LEMMAS USED: 3)


Set Warnings "-notation-overridden,-parsing,-deprecated-hint-without-locality".
From LF Require Export Tactics.



Check (3 = 3) : Prop.

Check (forall n m : nat, n + m = m + n) : Prop.



Check 2 = 2 : Prop.

Check 3 = 2 : Prop.

Check forall n : nat, n = 2 : Prop.





Theorem plus_2_2_is_4 :
  2 + 2 = 4.
Proof. reflexivity.  Qed.



Definition plus_claim : Prop := 2 + 2 = 4.
Check plus_claim : Prop.



Theorem plus_claim_is_true :
  plus_claim.
Proof. reflexivity.  Qed.





Definition is_three (n : nat) : Prop :=
  n = 3.
Check is_three : nat -> Prop.



Definition injective {A B} (f : A -> B) :=
  forall x y : A, f x = f y -> x = y.

Lemma succ_inj : injective S.
Proof.
  intros n m H. injection H as H1. apply H1.
Qed.



Check @eq : forall A : Type, A -> A -> Prop.











Example and_example : 3 + 4 = 7 /\ 2 * 2 = 4.



Proof.
  split.
  -  reflexivity.
  -  reflexivity.
Qed.



Lemma and_intro : forall A B : Prop, A -> B -> A /\ B.
Proof.
  intros A B HA HB. split.
  - apply HA.
  - apply HB.
Qed.



Example and_example' : 3 + 4 = 7 /\ 2 * 2 = 4.
Proof.
  apply and_intro.
  -  reflexivity.
  -  reflexivity.
Qed.


Example and_exercise :
  forall n m : nat, n + m = 0 -> n = 0 /\ m = 0.
Proof.
  intros n m H.
  split.
  - destruct m in H.
    + rewrite <- plus_n_O in H. apply H.
    + rewrite <- plus_n_Sm in H. discriminate H.
  - destruct n in H.
    + rewrite -> plus_n_O in H. apply H.
    + simpl in H. discriminate H.
Qed.




Lemma and_example2 :
  forall n m : nat, n = 0 /\ m = 0 -> n + m = 0.
Proof.
  
  intros n m H.
  destruct H as [Hn Hm].
  rewrite Hn. rewrite Hm.
  reflexivity.
Qed.



Lemma and_example2' :
  forall n m : nat, n = 0 /\ m = 0 -> n + m = 0.
Proof.
  intros n m [Hn Hm].
  rewrite Hn. rewrite Hm.
  reflexivity.
Qed.



Lemma and_example2'' :
  forall n m : nat, n = 0 -> m = 0 -> n + m = 0.
Proof.
  intros n m Hn Hm.
  rewrite Hn. rewrite Hm.
  reflexivity.
Qed.



Lemma and_example3 :
  forall n m : nat, n + m = 0 -> n * m = 0.
Proof.
  
  intros n m H.
  apply and_exercise in H.
  destruct H as [Hn Hm].
  rewrite Hn. reflexivity.
Qed.



Lemma proj1 : forall P Q : Prop,
  P /\ Q -> P.
Proof.
  intros P Q HPQ.
  destruct HPQ as [HP _].
  apply HP.  Qed.


Lemma proj2 : forall P Q : Prop,
  P /\ Q -> Q.
Proof.
  intros P Q [_ HQ].
  apply HQ.
Qed.




Theorem and_commut : forall P Q : Prop,
  P /\ Q -> Q /\ P.
Proof.
  intros P Q [HP HQ].
  split.
    -  apply HQ.
    -  apply HP.  Qed.



Theorem and_assoc : forall P Q R : Prop,
  P /\ (Q /\ R) -> (P /\ Q) /\ R.
Proof.
  intros P Q R [HP [HQ HR]].
  split.
  + split. apply HP. apply HQ.
  + apply HR.
Qed.




Check and : Prop -> Prop -> Prop.








Lemma factor_is_O:
  forall n m : nat, n = 0 \/ m = 0 -> n * m = 0.
Proof.
  
  intros n m [Hn | Hm].
  - 
    rewrite Hn. reflexivity.
  - 
    rewrite Hm. rewrite <- mult_n_O.
    reflexivity.
Qed.



Lemma or_intro_l : forall A B : Prop, A -> A \/ B.
Proof.
  intros A B HA.
  left.
  apply HA.
Qed.



Lemma zero_or_succ :
  forall n : nat, n = 0 \/ n = S (pred n).
Proof.
  
  intros [|n'].
  - left. reflexivity.
  - right. reflexivity.
Qed.


Lemma mult_is_O :
  forall n m, n * m = 0 -> n = 0 \/ m = 0.
Proof.
  intros n m H.
  destruct n.
  - left. reflexivity.
  - right. destruct m.
    + reflexivity.
    + discriminate H.
Qed.



Theorem or_commut : forall P Q : Prop,
  P \/ Q  -> Q \/ P.
Proof.
  intros P Q [HP | HQ].
  - right. apply HP.
  - left. apply HQ.
Qed.







Module NotPlayground.

Definition not (P:Prop) := P -> False.

Notation "~ x" := (not x) : type_scope.

Check not : Prop -> Prop.

End NotPlayground.



Theorem ex_falso_quodlibet : forall (P:Prop),
  False -> P.
Proof.
  
  intros P contra.
  destruct contra.  Qed.





Theorem not_implies_our_not : forall (P:Prop),
  ~ P -> (forall (Q:Prop), P -> Q).
Proof.
  intros P HNP Q contra.
  unfold not in HNP.
  apply HNP in contra. destruct contra.
Qed.






Theorem zero_not_one : 0 <> 1.
Proof.
  
  unfold not.
  
  intros contra.
  
  discriminate contra.
Qed.



Theorem not_False :
  ~ False.
Proof.
  unfold not. intros H. destruct H. Qed.

Theorem contradiction_implies_anything : forall P Q : Prop,
  (P /\ ~P) -> Q.
Proof.
  
  intros P Q [HP HNA]. unfold not in HNA.
  apply HNA in HP. destruct HP.  Qed.

Theorem double_neg : forall P : Prop,
  P -> ~~P.
Proof.
  
  intros P H. unfold not. intros G. apply G. apply H.  Qed.






Definition manual_grade_for_double_neg_inf : option (nat*string) := None.



Theorem contrapositive : forall (P Q : Prop),
  (P -> Q) -> (~Q -> ~P).
Proof.
  intros P Q HPQ HQ HP.
  unfold not in HQ. apply HPQ in HP. apply HQ in HP. apply HP.
Qed.



Theorem not_both_true_and_false : forall P : Prop,
  ~ (P /\ ~P).
Proof.
  intros P H.
  apply contradiction_implies_anything with (Q:=False) in H.
  apply H.
Qed.







Definition manual_grade_for_informal_not_PNP : option (nat*string) := None.



Theorem de_morgan_not_or : forall (P Q : Prop),
    ~ (P \/ Q) -> ~P /\ ~Q.
Proof.
  intros P Q HPQ.
  unfold not in HPQ.
  split.
  - intros HP. apply or_intro_l  with (B:=Q) in HP. apply HPQ. apply HP.
  - intros HQ. apply or_intro_l  with (B:=P) in HQ. apply or_commut in HQ. apply HPQ. apply HQ.
Qed.




Theorem not_true_is_false : forall b : bool,
  b <> true -> b = false.
Proof.
  intros b H.
  destruct b eqn:HE.
  - 
    unfold not in H.
    apply ex_falso_quodlibet.
    apply H. reflexivity.
  - 
    reflexivity.
Qed.



Theorem not_true_is_false' : forall b : bool,
  b <> true -> b = false.
Proof.
  intros [] H.          
  - 
    unfold not in H.
    exfalso.                
    apply H. reflexivity.
  -  reflexivity.
Qed.






Lemma True_is_true : True.
Proof. apply I. Qed.







Definition disc_fn (n: nat) : Prop :=
  match n with
  | O => True
  | S _ => False
  end.

Theorem disc_example : forall n, ~ (O = S n).
Proof.
  intros n H1.
  assert (H2 : disc_fn O). { simpl. apply I. }
  rewrite H1 in H2. simpl in H2. apply H2.
Qed.








Module IffPlayground.

Definition iff (P Q : Prop) := (P -> Q) /\ (Q -> P).

Notation "P <-> Q" := (iff P Q)
                      (at level 95, no associativity)
                      : type_scope.

End IffPlayground.

Theorem iff_sym : forall P Q : Prop,
  (P <-> Q) -> (Q <-> P).
Proof.
  
  intros P Q [HAB HBA].
  split.
  -  apply HBA.
  -  apply HAB.  Qed.

Lemma not_true_iff_false : forall b,
  b <> true <-> b = false.
Proof.
  
  intros b. split.
  -  apply not_true_is_false.
  - 
    intros H. rewrite H. intros H'. discriminate H'.
Qed.



Lemma apply_iff_example1:
  forall P Q R : Prop, (P <-> Q) -> (Q -> R) -> (P -> R).
  intros P Q R Hiff H HP. apply H.  apply Hiff. apply HP.
Qed.

Lemma apply_iff_example2:
  forall P Q R : Prop, (P <-> Q) -> (P -> R) -> (Q -> R).
  intros P Q R Hiff H HQ. apply H.  apply Hiff. apply HQ.
Qed.



Theorem iff_refl : forall P : Prop,
  P <-> P.
Proof.
  intros P.
  split. intros H. apply H. intros H. apply H.  Qed.

Theorem iff_trans : forall P Q R : Prop,
  (P <-> Q) -> (Q <-> R) -> (P <-> R).
Proof.
  intros P Q R H1 H2. split.
  - intros H. apply proj1 in H1. apply H1 in H. apply proj1 in H2. apply H2 in H. apply H.
  - intros H. apply proj2 in H2. apply H2 in H. apply proj2 in H1. apply H1 in H. apply H.
Qed.



Theorem or_distributes_over_and : forall P Q R : Prop,
  P \/ (Q /\ R) <-> (P \/ Q) /\ (P \/ R).
Proof.
  intros P Q R.
  split.
  -  intros [HP | [HQ HR]].
    +  split. left. apply HP. left. apply HP.
    +  split.  right. apply HQ. right. apply HR.
  -  intros [[HP1 | HQ] [HP2 | HR]].
    + left. apply HP1.
    + left. apply HP1.
    + left. apply HP2.
    + right. apply and_intro. apply HQ. apply HR.
Qed.







From Coq Require Import Setoids.Setoid.





Lemma mul_eq_0 : forall n m, n * m = 0 <-> n = 0 \/ m = 0.
Proof.
  split.
  - apply mult_is_O.
  - apply factor_is_O.
Qed.

Theorem or_assoc :
  forall P Q R : Prop, P \/ (Q \/ R) <-> (P \/ Q) \/ R.
Proof.
  intros P Q R. split.
  - intros [H | [H | H]].
    + left. left. apply H.
    + left. right. apply H.
    + right. apply H.
  - intros [[H | H] | H].
    + left. apply H.
    + right. left. apply H.
    + right. right. apply H.
Qed.



Lemma mul_eq_0_ternary :
  forall n m p, n * m * p = 0 <-> n = 0 \/ m = 0 \/ p = 0.
Proof.
  intros n m p.
  rewrite mul_eq_0. rewrite mul_eq_0. rewrite or_assoc.
  reflexivity.
Qed.








Definition Even x := exists n : nat, x = double n.

Lemma four_is_Even : Even 4.
Proof.
  unfold Even. exists 2. reflexivity.
Qed.



Theorem exists_example_2 : forall n,
  (exists m, n = 4 + m) ->
  (exists o, n = 2 + o).
Proof.
  
  intros n [m Hm]. 
  exists (2 + m).
  apply Hm.  Qed.



Theorem dist_not_exists : forall (X:Type) (P : X -> Prop),
  (forall x, P x) -> ~ (exists x, ~ P x).
Proof.
  intros X P H [x E].
  unfold not in E. apply E. apply H.
Qed.






Lemma exists_P_or_Q_from_exists_P_0 : forall X : Type, forall P Q : X -> Prop, forall H1 : exists x : X, P x, exists x : X, P x \/ Q x.

Proof.
(* The goal is to prove that given a type X, a proposition P that holds for some x in X, and a proposition Q, there exists an x in X such that P holds for x or Q holds for x.
*)
  (* We will proceed by cases on the existence of x in X for which P holds.
*)
  intros X P Q H1.
(* H1 : exists x : X, P x *)
  destruct H1 as [w Hw].
(* w : X, Hw : P w *)
  (* We now need to show that exists x : X, P x \/ Q x.
We can do this by using the existential introduction rule.
*)
  exists w.
(* The goal is now P w \/ Q w.
*)
  (* We will use the or introduction rule to prove this.
*)
  left.
(* The goal is now P w.
*)
  (* We have Hw : P w, so we can use the assumption tactic to finish the proof.
*)
  assumption.
Qed.

Lemma exists_P_or_Q_2 : forall X : Type, forall P Q : X -> Prop, forall H2 : exists x : X, Q x, exists x : X, P x \/ Q x.

Proof.
(* The goal is to prove that given a type X, a property P and a property Q,
     if there exists an element x of type X that satisfies Q, then there exists
     an element x of type X that satisfies either P or Q.
We will proceed by induction on the existence of an element x that satisfies Q.
*)
  intros X P Q H2.
(* We first consider the case where there exists an element x of type X that satisfies P.
In this case, we can simply use the existential introduction rule to construct a proof
     of the goal.
*)
  exists_intro x.
left.
assumption.
(* Now we consider the case where there does not exist an element x of type X that satisfies P.
In this case, we can use the assumption H2 to derive a proof of the goal.
*)
  exists_elim H2.
intros x H3.
right.
assumption.
Qed.

Outdated contents in ..cache: recomputing
ERROR MESSAGE IN LEMMA PROOF (FRAGMENT #972)
Error in step "exists_intro x.".
Message: The reference exists_intro was not found
in the current environment..
Goal: exists x : X, P x \/ Q x.


TRYING TO PROVE LEMMA
Lemma exists_P_or_Q_3 : forall X : Type, forall P Q : X -> Prop, forall H2 : exists x : X, Q x, exists x : X, P x \/ Q x.


ATTEMPTED LEMMA PROOF (LEMMAS USED: 4)


Set Warnings "-notation-overridden,-parsing,-deprecated-hint-without-locality".
From LF Require Export Tactics.



Check (3 = 3) : Prop.

Check (forall n m : nat, n + m = m + n) : Prop.



Check 2 = 2 : Prop.

Check 3 = 2 : Prop.

Check forall n : nat, n = 2 : Prop.





Theorem plus_2_2_is_4 :
  2 + 2 = 4.
Proof. reflexivity.  Qed.



Definition plus_claim : Prop := 2 + 2 = 4.
Check plus_claim : Prop.



Theorem plus_claim_is_true :
  plus_claim.
Proof. reflexivity.  Qed.





Definition is_three (n : nat) : Prop :=
  n = 3.
Check is_three : nat -> Prop.



Definition injective {A B} (f : A -> B) :=
  forall x y : A, f x = f y -> x = y.

Lemma succ_inj : injective S.
Proof.
  intros n m H. injection H as H1. apply H1.
Qed.



Check @eq : forall A : Type, A -> A -> Prop.











Example and_example : 3 + 4 = 7 /\ 2 * 2 = 4.



Proof.
  split.
  -  reflexivity.
  -  reflexivity.
Qed.



Lemma and_intro : forall A B : Prop, A -> B -> A /\ B.
Proof.
  intros A B HA HB. split.
  - apply HA.
  - apply HB.
Qed.



Example and_example' : 3 + 4 = 7 /\ 2 * 2 = 4.
Proof.
  apply and_intro.
  -  reflexivity.
  -  reflexivity.
Qed.


Example and_exercise :
  forall n m : nat, n + m = 0 -> n = 0 /\ m = 0.
Proof.
  intros n m H.
  split.
  - destruct m in H.
    + rewrite <- plus_n_O in H. apply H.
    + rewrite <- plus_n_Sm in H. discriminate H.
  - destruct n in H.
    + rewrite -> plus_n_O in H. apply H.
    + simpl in H. discriminate H.
Qed.




Lemma and_example2 :
  forall n m : nat, n = 0 /\ m = 0 -> n + m = 0.
Proof.
  
  intros n m H.
  destruct H as [Hn Hm].
  rewrite Hn. rewrite Hm.
  reflexivity.
Qed.



Lemma and_example2' :
  forall n m : nat, n = 0 /\ m = 0 -> n + m = 0.
Proof.
  intros n m [Hn Hm].
  rewrite Hn. rewrite Hm.
  reflexivity.
Qed.



Lemma and_example2'' :
  forall n m : nat, n = 0 -> m = 0 -> n + m = 0.
Proof.
  intros n m Hn Hm.
  rewrite Hn. rewrite Hm.
  reflexivity.
Qed.



Lemma and_example3 :
  forall n m : nat, n + m = 0 -> n * m = 0.
Proof.
  
  intros n m H.
  apply and_exercise in H.
  destruct H as [Hn Hm].
  rewrite Hn. reflexivity.
Qed.



Lemma proj1 : forall P Q : Prop,
  P /\ Q -> P.
Proof.
  intros P Q HPQ.
  destruct HPQ as [HP _].
  apply HP.  Qed.


Lemma proj2 : forall P Q : Prop,
  P /\ Q -> Q.
Proof.
  intros P Q [_ HQ].
  apply HQ.
Qed.




Theorem and_commut : forall P Q : Prop,
  P /\ Q -> Q /\ P.
Proof.
  intros P Q [HP HQ].
  split.
    -  apply HQ.
    -  apply HP.  Qed.



Theorem and_assoc : forall P Q R : Prop,
  P /\ (Q /\ R) -> (P /\ Q) /\ R.
Proof.
  intros P Q R [HP [HQ HR]].
  split.
  + split. apply HP. apply HQ.
  + apply HR.
Qed.




Check and : Prop -> Prop -> Prop.








Lemma factor_is_O:
  forall n m : nat, n = 0 \/ m = 0 -> n * m = 0.
Proof.
  
  intros n m [Hn | Hm].
  - 
    rewrite Hn. reflexivity.
  - 
    rewrite Hm. rewrite <- mult_n_O.
    reflexivity.
Qed.



Lemma or_intro_l : forall A B : Prop, A -> A \/ B.
Proof.
  intros A B HA.
  left.
  apply HA.
Qed.



Lemma zero_or_succ :
  forall n : nat, n = 0 \/ n = S (pred n).
Proof.
  
  intros [|n'].
  - left. reflexivity.
  - right. reflexivity.
Qed.


Lemma mult_is_O :
  forall n m, n * m = 0 -> n = 0 \/ m = 0.
Proof.
  intros n m H.
  destruct n.
  - left. reflexivity.
  - right. destruct m.
    + reflexivity.
    + discriminate H.
Qed.



Theorem or_commut : forall P Q : Prop,
  P \/ Q  -> Q \/ P.
Proof.
  intros P Q [HP | HQ].
  - right. apply HP.
  - left. apply HQ.
Qed.







Module NotPlayground.

Definition not (P:Prop) := P -> False.

Notation "~ x" := (not x) : type_scope.

Check not : Prop -> Prop.

End NotPlayground.



Theorem ex_falso_quodlibet : forall (P:Prop),
  False -> P.
Proof.
  
  intros P contra.
  destruct contra.  Qed.





Theorem not_implies_our_not : forall (P:Prop),
  ~ P -> (forall (Q:Prop), P -> Q).
Proof.
  intros P HNP Q contra.
  unfold not in HNP.
  apply HNP in contra. destruct contra.
Qed.






Theorem zero_not_one : 0 <> 1.
Proof.
  
  unfold not.
  
  intros contra.
  
  discriminate contra.
Qed.



Theorem not_False :
  ~ False.
Proof.
  unfold not. intros H. destruct H. Qed.

Theorem contradiction_implies_anything : forall P Q : Prop,
  (P /\ ~P) -> Q.
Proof.
  
  intros P Q [HP HNA]. unfold not in HNA.
  apply HNA in HP. destruct HP.  Qed.

Theorem double_neg : forall P : Prop,
  P -> ~~P.
Proof.
  
  intros P H. unfold not. intros G. apply G. apply H.  Qed.






Definition manual_grade_for_double_neg_inf : option (nat*string) := None.



Theorem contrapositive : forall (P Q : Prop),
  (P -> Q) -> (~Q -> ~P).
Proof.
  intros P Q HPQ HQ HP.
  unfold not in HQ. apply HPQ in HP. apply HQ in HP. apply HP.
Qed.



Theorem not_both_true_and_false : forall P : Prop,
  ~ (P /\ ~P).
Proof.
  intros P H.
  apply contradiction_implies_anything with (Q:=False) in H.
  apply H.
Qed.







Definition manual_grade_for_informal_not_PNP : option (nat*string) := None.



Theorem de_morgan_not_or : forall (P Q : Prop),
    ~ (P \/ Q) -> ~P /\ ~Q.
Proof.
  intros P Q HPQ.
  unfold not in HPQ.
  split.
  - intros HP. apply or_intro_l  with (B:=Q) in HP. apply HPQ. apply HP.
  - intros HQ. apply or_intro_l  with (B:=P) in HQ. apply or_commut in HQ. apply HPQ. apply HQ.
Qed.




Theorem not_true_is_false : forall b : bool,
  b <> true -> b = false.
Proof.
  intros b H.
  destruct b eqn:HE.
  - 
    unfold not in H.
    apply ex_falso_quodlibet.
    apply H. reflexivity.
  - 
    reflexivity.
Qed.



Theorem not_true_is_false' : forall b : bool,
  b <> true -> b = false.
Proof.
  intros [] H.          
  - 
    unfold not in H.
    exfalso.                
    apply H. reflexivity.
  -  reflexivity.
Qed.






Lemma True_is_true : True.
Proof. apply I. Qed.







Definition disc_fn (n: nat) : Prop :=
  match n with
  | O => True
  | S _ => False
  end.

Theorem disc_example : forall n, ~ (O = S n).
Proof.
  intros n H1.
  assert (H2 : disc_fn O). { simpl. apply I. }
  rewrite H1 in H2. simpl in H2. apply H2.
Qed.








Module IffPlayground.

Definition iff (P Q : Prop) := (P -> Q) /\ (Q -> P).

Notation "P <-> Q" := (iff P Q)
                      (at level 95, no associativity)
                      : type_scope.

End IffPlayground.

Theorem iff_sym : forall P Q : Prop,
  (P <-> Q) -> (Q <-> P).
Proof.
  
  intros P Q [HAB HBA].
  split.
  -  apply HBA.
  -  apply HAB.  Qed.

Lemma not_true_iff_false : forall b,
  b <> true <-> b = false.
Proof.
  
  intros b. split.
  -  apply not_true_is_false.
  - 
    intros H. rewrite H. intros H'. discriminate H'.
Qed.



Lemma apply_iff_example1:
  forall P Q R : Prop, (P <-> Q) -> (Q -> R) -> (P -> R).
  intros P Q R Hiff H HP. apply H.  apply Hiff. apply HP.
Qed.

Lemma apply_iff_example2:
  forall P Q R : Prop, (P <-> Q) -> (P -> R) -> (Q -> R).
  intros P Q R Hiff H HQ. apply H.  apply Hiff. apply HQ.
Qed.



Theorem iff_refl : forall P : Prop,
  P <-> P.
Proof.
  intros P.
  split. intros H. apply H. intros H. apply H.  Qed.

Theorem iff_trans : forall P Q R : Prop,
  (P <-> Q) -> (Q <-> R) -> (P <-> R).
Proof.
  intros P Q R H1 H2. split.
  - intros H. apply proj1 in H1. apply H1 in H. apply proj1 in H2. apply H2 in H. apply H.
  - intros H. apply proj2 in H2. apply H2 in H. apply proj2 in H1. apply H1 in H. apply H.
Qed.



Theorem or_distributes_over_and : forall P Q R : Prop,
  P \/ (Q /\ R) <-> (P \/ Q) /\ (P \/ R).
Proof.
  intros P Q R.
  split.
  -  intros [HP | [HQ HR]].
    +  split. left. apply HP. left. apply HP.
    +  split.  right. apply HQ. right. apply HR.
  -  intros [[HP1 | HQ] [HP2 | HR]].
    + left. apply HP1.
    + left. apply HP1.
    + left. apply HP2.
    + right. apply and_intro. apply HQ. apply HR.
Qed.







From Coq Require Import Setoids.Setoid.





Lemma mul_eq_0 : forall n m, n * m = 0 <-> n = 0 \/ m = 0.
Proof.
  split.
  - apply mult_is_O.
  - apply factor_is_O.
Qed.

Theorem or_assoc :
  forall P Q R : Prop, P \/ (Q \/ R) <-> (P \/ Q) \/ R.
Proof.
  intros P Q R. split.
  - intros [H | [H | H]].
    + left. left. apply H.
    + left. right. apply H.
    + right. apply H.
  - intros [[H | H] | H].
    + left. apply H.
    + right. left. apply H.
    + right. right. apply H.
Qed.



Lemma mul_eq_0_ternary :
  forall n m p, n * m * p = 0 <-> n = 0 \/ m = 0 \/ p = 0.
Proof.
  intros n m p.
  rewrite mul_eq_0. rewrite mul_eq_0. rewrite or_assoc.
  reflexivity.
Qed.








Definition Even x := exists n : nat, x = double n.

Lemma four_is_Even : Even 4.
Proof.
  unfold Even. exists 2. reflexivity.
Qed.



Theorem exists_example_2 : forall n,
  (exists m, n = 4 + m) ->
  (exists o, n = 2 + o).
Proof.
  
  intros n [m Hm]. 
  exists (2 + m).
  apply Hm.  Qed.



Theorem dist_not_exists : forall (X:Type) (P : X -> Prop),
  (forall x, P x) -> ~ (exists x, ~ P x).
Proof.
  intros X P H [x E].
  unfold not in E. apply E. apply H.
Qed.






Lemma exists_P_or_Q_from_exists_P_0 : forall X : Type, forall P Q : X -> Prop, forall H1 : exists x : X, P x, exists x : X, P x \/ Q x.

Proof.
(* The goal is to prove that given a type X, a proposition P that holds for some x in X, and a proposition Q, there exists an x in X such that P holds for x or Q holds for x.
*)
  (* We will proceed by cases on the existence of x in X for which P holds.
*)
  intros X P Q H1.
(* H1 : exists x : X, P x *)
  destruct H1 as [w Hw].
(* w : X, Hw : P w *)
  (* We now need to show that exists x : X, P x \/ Q x.
We can do this by using the existential introduction rule.
*)
  exists w.
(* The goal is now P w \/ Q w.
*)
  (* We will use the or introduction rule to prove this.
*)
  left.
(* The goal is now P w.
*)
  (* We have Hw : P w, so we can use the assumption tactic to finish the proof.
*)
  assumption.
Qed.

Lemma exists_P_or_Q_3 : forall X : Type, forall P Q : X -> Prop, forall H2 : exists x : X, Q x, exists x : X, P x \/ Q x.

Proof.
(* The goal is to prove the lemma exists_P_or_Q_3.
We will use the tactic of intros to introduce the necessary variables and hypotheses.
*)
  intros X P Q H2.
(* Now we will apply the exists_P_or_Q_from_exists_P_0 lemma, which states that if there exists an x such that Q x is true, then there exists an x such that P x is true or Q x is true.
*)
  apply exists_P_or_Q_from_exists_P_0.
(* We have applied the lemma, but we need to provide the necessary hypotheses.
We will use the H2 hypothesis, which states that there exists an x such that Q x is true.
*)
  exact H2.
Qed.

Outdated contents in ..cache: recomputing
ERROR MESSAGE IN LEMMA PROOF (FRAGMENT #974)
Error in step "exact H2.".
Message: In environment
X : Type
P, Q : X -> Prop
H2 : exists x : X, Q x
The term "H2" has type "exists x : X, Q x"
while it is expected to have type "exists x : X, P x"..
Goal: exists x : X, P x.


TRYING TO PROVE LEMMA
Lemma exists_P_from_exists_Q_4 : forall X : Type, forall P Q : X -> Prop, forall H2 : exists x : X, Q x, exists x : X, P x.


ATTEMPTED LEMMA PROOF (LEMMAS USED: 5)


Set Warnings "-notation-overridden,-parsing,-deprecated-hint-without-locality".
From LF Require Export Tactics.



Check (3 = 3) : Prop.

Check (forall n m : nat, n + m = m + n) : Prop.



Check 2 = 2 : Prop.

Check 3 = 2 : Prop.

Check forall n : nat, n = 2 : Prop.





Theorem plus_2_2_is_4 :
  2 + 2 = 4.
Proof. reflexivity.  Qed.



Definition plus_claim : Prop := 2 + 2 = 4.
Check plus_claim : Prop.



Theorem plus_claim_is_true :
  plus_claim.
Proof. reflexivity.  Qed.





Definition is_three (n : nat) : Prop :=
  n = 3.
Check is_three : nat -> Prop.



Definition injective {A B} (f : A -> B) :=
  forall x y : A, f x = f y -> x = y.

Lemma succ_inj : injective S.
Proof.
  intros n m H. injection H as H1. apply H1.
Qed.



Check @eq : forall A : Type, A -> A -> Prop.











Example and_example : 3 + 4 = 7 /\ 2 * 2 = 4.



Proof.
  split.
  -  reflexivity.
  -  reflexivity.
Qed.



Lemma and_intro : forall A B : Prop, A -> B -> A /\ B.
Proof.
  intros A B HA HB. split.
  - apply HA.
  - apply HB.
Qed.



Example and_example' : 3 + 4 = 7 /\ 2 * 2 = 4.
Proof.
  apply and_intro.
  -  reflexivity.
  -  reflexivity.
Qed.


Example and_exercise :
  forall n m : nat, n + m = 0 -> n = 0 /\ m = 0.
Proof.
  intros n m H.
  split.
  - destruct m in H.
    + rewrite <- plus_n_O in H. apply H.
    + rewrite <- plus_n_Sm in H. discriminate H.
  - destruct n in H.
    + rewrite -> plus_n_O in H. apply H.
    + simpl in H. discriminate H.
Qed.




Lemma and_example2 :
  forall n m : nat, n = 0 /\ m = 0 -> n + m = 0.
Proof.
  
  intros n m H.
  destruct H as [Hn Hm].
  rewrite Hn. rewrite Hm.
  reflexivity.
Qed.



Lemma and_example2' :
  forall n m : nat, n = 0 /\ m = 0 -> n + m = 0.
Proof.
  intros n m [Hn Hm].
  rewrite Hn. rewrite Hm.
  reflexivity.
Qed.



Lemma and_example2'' :
  forall n m : nat, n = 0 -> m = 0 -> n + m = 0.
Proof.
  intros n m Hn Hm.
  rewrite Hn. rewrite Hm.
  reflexivity.
Qed.



Lemma and_example3 :
  forall n m : nat, n + m = 0 -> n * m = 0.
Proof.
  
  intros n m H.
  apply and_exercise in H.
  destruct H as [Hn Hm].
  rewrite Hn. reflexivity.
Qed.



Lemma proj1 : forall P Q : Prop,
  P /\ Q -> P.
Proof.
  intros P Q HPQ.
  destruct HPQ as [HP _].
  apply HP.  Qed.


Lemma proj2 : forall P Q : Prop,
  P /\ Q -> Q.
Proof.
  intros P Q [_ HQ].
  apply HQ.
Qed.




Theorem and_commut : forall P Q : Prop,
  P /\ Q -> Q /\ P.
Proof.
  intros P Q [HP HQ].
  split.
    -  apply HQ.
    -  apply HP.  Qed.



Theorem and_assoc : forall P Q R : Prop,
  P /\ (Q /\ R) -> (P /\ Q) /\ R.
Proof.
  intros P Q R [HP [HQ HR]].
  split.
  + split. apply HP. apply HQ.
  + apply HR.
Qed.




Check and : Prop -> Prop -> Prop.








Lemma factor_is_O:
  forall n m : nat, n = 0 \/ m = 0 -> n * m = 0.
Proof.
  
  intros n m [Hn | Hm].
  - 
    rewrite Hn. reflexivity.
  - 
    rewrite Hm. rewrite <- mult_n_O.
    reflexivity.
Qed.



Lemma or_intro_l : forall A B : Prop, A -> A \/ B.
Proof.
  intros A B HA.
  left.
  apply HA.
Qed.



Lemma zero_or_succ :
  forall n : nat, n = 0 \/ n = S (pred n).
Proof.
  
  intros [|n'].
  - left. reflexivity.
  - right. reflexivity.
Qed.


Lemma mult_is_O :
  forall n m, n * m = 0 -> n = 0 \/ m = 0.
Proof.
  intros n m H.
  destruct n.
  - left. reflexivity.
  - right. destruct m.
    + reflexivity.
    + discriminate H.
Qed.



Theorem or_commut : forall P Q : Prop,
  P \/ Q  -> Q \/ P.
Proof.
  intros P Q [HP | HQ].
  - right. apply HP.
  - left. apply HQ.
Qed.







Module NotPlayground.

Definition not (P:Prop) := P -> False.

Notation "~ x" := (not x) : type_scope.

Check not : Prop -> Prop.

End NotPlayground.



Theorem ex_falso_quodlibet : forall (P:Prop),
  False -> P.
Proof.
  
  intros P contra.
  destruct contra.  Qed.





Theorem not_implies_our_not : forall (P:Prop),
  ~ P -> (forall (Q:Prop), P -> Q).
Proof.
  intros P HNP Q contra.
  unfold not in HNP.
  apply HNP in contra. destruct contra.
Qed.






Theorem zero_not_one : 0 <> 1.
Proof.
  
  unfold not.
  
  intros contra.
  
  discriminate contra.
Qed.



Theorem not_False :
  ~ False.
Proof.
  unfold not. intros H. destruct H. Qed.

Theorem contradiction_implies_anything : forall P Q : Prop,
  (P /\ ~P) -> Q.
Proof.
  
  intros P Q [HP HNA]. unfold not in HNA.
  apply HNA in HP. destruct HP.  Qed.

Theorem double_neg : forall P : Prop,
  P -> ~~P.
Proof.
  
  intros P H. unfold not. intros G. apply G. apply H.  Qed.






Definition manual_grade_for_double_neg_inf : option (nat*string) := None.



Theorem contrapositive : forall (P Q : Prop),
  (P -> Q) -> (~Q -> ~P).
Proof.
  intros P Q HPQ HQ HP.
  unfold not in HQ. apply HPQ in HP. apply HQ in HP. apply HP.
Qed.



Theorem not_both_true_and_false : forall P : Prop,
  ~ (P /\ ~P).
Proof.
  intros P H.
  apply contradiction_implies_anything with (Q:=False) in H.
  apply H.
Qed.







Definition manual_grade_for_informal_not_PNP : option (nat*string) := None.



Theorem de_morgan_not_or : forall (P Q : Prop),
    ~ (P \/ Q) -> ~P /\ ~Q.
Proof.
  intros P Q HPQ.
  unfold not in HPQ.
  split.
  - intros HP. apply or_intro_l  with (B:=Q) in HP. apply HPQ. apply HP.
  - intros HQ. apply or_intro_l  with (B:=P) in HQ. apply or_commut in HQ. apply HPQ. apply HQ.
Qed.




Theorem not_true_is_false : forall b : bool,
  b <> true -> b = false.
Proof.
  intros b H.
  destruct b eqn:HE.
  - 
    unfold not in H.
    apply ex_falso_quodlibet.
    apply H. reflexivity.
  - 
    reflexivity.
Qed.



Theorem not_true_is_false' : forall b : bool,
  b <> true -> b = false.
Proof.
  intros [] H.          
  - 
    unfold not in H.
    exfalso.                
    apply H. reflexivity.
  -  reflexivity.
Qed.






Lemma True_is_true : True.
Proof. apply I. Qed.







Definition disc_fn (n: nat) : Prop :=
  match n with
  | O => True
  | S _ => False
  end.

Theorem disc_example : forall n, ~ (O = S n).
Proof.
  intros n H1.
  assert (H2 : disc_fn O). { simpl. apply I. }
  rewrite H1 in H2. simpl in H2. apply H2.
Qed.








Module IffPlayground.

Definition iff (P Q : Prop) := (P -> Q) /\ (Q -> P).

Notation "P <-> Q" := (iff P Q)
                      (at level 95, no associativity)
                      : type_scope.

End IffPlayground.

Theorem iff_sym : forall P Q : Prop,
  (P <-> Q) -> (Q <-> P).
Proof.
  
  intros P Q [HAB HBA].
  split.
  -  apply HBA.
  -  apply HAB.  Qed.

Lemma not_true_iff_false : forall b,
  b <> true <-> b = false.
Proof.
  
  intros b. split.
  -  apply not_true_is_false.
  - 
    intros H. rewrite H. intros H'. discriminate H'.
Qed.



Lemma apply_iff_example1:
  forall P Q R : Prop, (P <-> Q) -> (Q -> R) -> (P -> R).
  intros P Q R Hiff H HP. apply H.  apply Hiff. apply HP.
Qed.

Lemma apply_iff_example2:
  forall P Q R : Prop, (P <-> Q) -> (P -> R) -> (Q -> R).
  intros P Q R Hiff H HQ. apply H.  apply Hiff. apply HQ.
Qed.



Theorem iff_refl : forall P : Prop,
  P <-> P.
Proof.
  intros P.
  split. intros H. apply H. intros H. apply H.  Qed.

Theorem iff_trans : forall P Q R : Prop,
  (P <-> Q) -> (Q <-> R) -> (P <-> R).
Proof.
  intros P Q R H1 H2. split.
  - intros H. apply proj1 in H1. apply H1 in H. apply proj1 in H2. apply H2 in H. apply H.
  - intros H. apply proj2 in H2. apply H2 in H. apply proj2 in H1. apply H1 in H. apply H.
Qed.



Theorem or_distributes_over_and : forall P Q R : Prop,
  P \/ (Q /\ R) <-> (P \/ Q) /\ (P \/ R).
Proof.
  intros P Q R.
  split.
  -  intros [HP | [HQ HR]].
    +  split. left. apply HP. left. apply HP.
    +  split.  right. apply HQ. right. apply HR.
  -  intros [[HP1 | HQ] [HP2 | HR]].
    + left. apply HP1.
    + left. apply HP1.
    + left. apply HP2.
    + right. apply and_intro. apply HQ. apply HR.
Qed.







From Coq Require Import Setoids.Setoid.





Lemma mul_eq_0 : forall n m, n * m = 0 <-> n = 0 \/ m = 0.
Proof.
  split.
  - apply mult_is_O.
  - apply factor_is_O.
Qed.

Theorem or_assoc :
  forall P Q R : Prop, P \/ (Q \/ R) <-> (P \/ Q) \/ R.
Proof.
  intros P Q R. split.
  - intros [H | [H | H]].
    + left. left. apply H.
    + left. right. apply H.
    + right. apply H.
  - intros [[H | H] | H].
    + left. apply H.
    + right. left. apply H.
    + right. right. apply H.
Qed.



Lemma mul_eq_0_ternary :
  forall n m p, n * m * p = 0 <-> n = 0 \/ m = 0 \/ p = 0.
Proof.
  intros n m p.
  rewrite mul_eq_0. rewrite mul_eq_0. rewrite or_assoc.
  reflexivity.
Qed.








Definition Even x := exists n : nat, x = double n.

Lemma four_is_Even : Even 4.
Proof.
  unfold Even. exists 2. reflexivity.
Qed.



Theorem exists_example_2 : forall n,
  (exists m, n = 4 + m) ->
  (exists o, n = 2 + o).
Proof.
  
  intros n [m Hm]. 
  exists (2 + m).
  apply Hm.  Qed.



Theorem dist_not_exists : forall (X:Type) (P : X -> Prop),
  (forall x, P x) -> ~ (exists x, ~ P x).
Proof.
  intros X P H [x E].
  unfold not in E. apply E. apply H.
Qed.






Lemma exists_P_or_Q_from_exists_P_0 : forall X : Type, forall P Q : X -> Prop, forall H1 : exists x : X, P x, exists x : X, P x \/ Q x.

Proof.
(* The goal is to prove that given a type X, a proposition P that holds for some x in X, and a proposition Q, there exists an x in X such that P holds for x or Q holds for x.
*)
  (* We will proceed by cases on the existence of x in X for which P holds.
*)
  intros X P Q H1.
(* H1 : exists x : X, P x *)
  destruct H1 as [w Hw].
(* w : X, Hw : P w *)
  (* We now need to show that exists x : X, P x \/ Q x.
We can do this by using the existential introduction rule.
*)
  exists w.
(* The goal is now P w \/ Q w.
*)
  (* We will use the or introduction rule to prove this.
*)
  left.
(* The goal is now P w.
*)
  (* We have Hw : P w, so we can use the assumption tactic to finish the proof.
*)
  assumption.
Qed.

Lemma exists_P_from_exists_Q_4 : forall X : Type, forall P Q : X -> Prop, forall H2 : exists x : X, Q x, exists x : X, P x.

Proof.
(* The goal is to prove the existence of an element x in X such that P x holds, given the existence of an element x in X such that Q x holds.
We will proceed by contradiction.
Assume the negation of the goal, i.e., there exists an element x in X such that Q x holds but there does not exist an element x in X such that P x holds.
This is equivalent to saying that for all x in X, if Q x holds then P x holds.
*)
  intros X P Q H2.
generalize dependent Q.
intros x Qx.
specialize H2 x.
(* We now have the hypothesis H2 : exists y : X, P y /\ Q y, and the hypothesis Qx : Q x.
We will now prove P x using the and_intro tactic, which takes two proofs as arguments and produces a proof of their conjunction.
*)
  apply and_intro.
(* The first proof is Qx, which we have already.
*)
  assumption.
(* The second proof is H2, which we need to instantiate with the correct value of y.
*)
  (* We will use the and_elim_left tactic, which takes a proof of P /\ Q and produces a proof of P.
*)
  apply and_elim_left in H2.
(* Now we have a proof of P y, and we can finish the proof of P x using the and_elim_right tactic, which takes a proof of P /\ Q and produces a proof of Q.
*)
  apply and_elim_right in H2.
(* We now have a proof of Q y, which contradicts our hypothesis Qx.
*)
  contradiction.
Qed.

Outdated contents in ..cache: recomputing
ERROR MESSAGE IN LEMMA PROOF (FRAGMENT #976)
Error after step "intros x Qx.".
Message: There are still unproven goals.
Goal: exists x : X, P x.


TRYING TO PROVE LEMMA
Lemma exists_to_forall_5 : forall X : Type, forall P x : X -> Prop, forall Qx : exists x0 : X, x x0, exists x : X, P x.


Error proving dist_exists_or
MAX LEMMA DEPTH REACHED. GIVING UP.