PROVING ceval_deterministic'
ATTEMPTED THEOREM PROOF (LEMMAS USED: 0)


Set Warnings "-notation-overridden,-parsing,-deprecated-hint-without-locality".
From Coq Require Import Lia.
From LF Require Import Maps.
From LF Require Import Imp.



Theorem ceval_deterministic: forall c st st1 st2,
  st =[ c ]=> st1  ->
  st =[ c ]=> st2 ->
  st1 = st2.
Proof.
  intros c st st1 st2 E1 E2;
  generalize dependent st2;
  induction E1; intros st2 E2; inversion E2; subst.
  -  reflexivity.
  -  reflexivity.
  - 
    rewrite (IHE1_1 st'0 H1) in *.
    apply IHE1_2. assumption.
  
  - 
    apply IHE1. assumption.
  - 
    rewrite H in H5. discriminate.
  
  - 
    rewrite H in H5. discriminate.
  - 
    apply IHE1. assumption.
  
  - 
    reflexivity.
  - 
    rewrite H in H2. discriminate.
  
  - 
    rewrite H in H4. discriminate.
  - 
    rewrite (IHE1_1 st'0 H3) in *.
    apply IHE1_2. assumption.  Qed.






Example auto_example_1 : forall (P Q R: Prop),
  (P -> Q) -> (Q -> R) -> P -> R.
Proof.
  intros P Q R H1 H2 H3.
  apply H2. apply H1. assumption.
Qed.



Example auto_example_1' : forall (P Q R: Prop),
  (P -> Q) -> (Q -> R) -> P -> R.
Proof.
  auto.
Qed.







Example auto_example_2 : forall P Q R S T U : Prop,
  (P -> Q) ->
  (P -> R) ->
  (T -> R) ->
  (S -> T -> U) ->
  ((P -> Q) -> (P -> S)) ->
  T ->
  P ->
  U.
Proof. auto. Qed.




Example auto_example_3 : forall (P Q R S T U: Prop),
  (P -> Q) ->
  (Q -> R) ->
  (R -> S) ->
  (S -> T) ->
  (T -> U) ->
  P ->
  U.
Proof.
  
  auto.

  
  

  
  auto 6.
Qed.



Example auto_example_4 : forall P Q R : Prop,
  Q ->
  (Q -> R) ->
  P \/ (Q /\ R).
Proof. auto. Qed.



Example auto_example_5: 2 = 2.
Proof.
  auto.
Qed.

Example auto_example_5' : forall (P Q R S T U W: Prop),
  (U -> T) ->
  (W -> U) ->
  (R -> S) ->
  (S -> T) ->
  (P -> R) ->
  (U -> T) ->
  P ->
  T.
Proof.
  intros.
  auto.
Qed.



Lemma le_antisym : forall n m: nat, (n <= m /\ m <= n) -> n = m.
Proof. lia. Qed.

Example auto_example_6 : forall n m p : nat,
  (n <= p -> (n <= m /\ m <= n)) ->
  n <= p ->
  n = m.
Proof.
  auto using le_antisym.
Qed.





Hint Resolve le_antisym : core.

Example auto_example_6' : forall n m p : nat,
  (n<= p -> (n <= m /\ m <= n)) ->
  n <= p ->
  n = m.
Proof.
  auto. 
Qed.

Definition is_fortytwo x := (x = 42).

Example auto_example_7: forall x,
  (x <= 42 /\ 42 <= x) -> is_fortytwo x.
Proof.
  auto.  
Abort.

Hint Unfold is_fortytwo : core.

Example auto_example_7' : forall x,
  (x <= 42 /\ 42 <= x) -> is_fortytwo x.
Proof.
  auto. 
Qed.







Theorem ceval_deterministic' : forall c st st1 st2,
  st =[ c ]=> st1  ->
  st =[ c ]=> st2 ->
  st1 = st2.

Proof.
(* The theorem to be proven is a statement about the behavior of the ceval function,
     which models the execution of a single instruction on a state.
The theorem states
     that if two states result from executing the same instruction on the same initial
     state, then these two resulting states must be equal.
*)

  (* We proceed by induction on the relation =[ c ]=>, which relates two states
     when executing a single instruction c results in the second state from the
     first.
*)
  intros c st st1 st2 H H'.
induction H as [|st0 Hrec].
- (* Base case: st =[ c ]=> st1.
*)
    (* In this case, we have st =[ c ]=> st1 and st =[ c ]=> st2.
Since st1 and st2
       are the same state resulting from executing c on st, they must be equal.
*)
    reflexivity.
- (* Inductive case: st =[ c ]=> st1 with st0 =[ c ]=> st1.
*)
    (* We have st0 =[ c ]=> st1 and st =[ c ]=> st2.
We need to prove st1 = st2.
*)
    (* We can use the induction hypothesis on Hrec, which is the inductive hypothesis
       for the relation =[ c ]=>, to prove st1 = st2.
*)
    apply Hrec.
(* The induction hypothesis requires us to prove st0 =[ c ]=> st2.
However, we
       only have st =[ c ]=> st2, not st0 =[ c ]=> st2.
We can use the premise H' to
       prove st0 =[ c ]=> st2.
*)
    apply H'.
(* This concludes the proof.
*)
  
Qed.

Outdated contents in ..cache: recomputing
ERROR MESSAGE IN THEOREM PROOF (FRAGMENT #204)
Error in step "induction H as [|st0 Hrec].".
Message: Expects a disjunctive pattern with 7 branches..
Goal: st1 = st2.


TRYING TO PROVE LEMMA
Lemma state_determinism_lemma_0 : forall c : com, forall st st1 st2 : state, forall H : st =[ c ]=> st1, forall H' : st =[ c ]=> st2, st1 = st2.


ATTEMPTED LEMMA PROOF (LEMMAS USED: 1)


Set Warnings "-notation-overridden,-parsing,-deprecated-hint-without-locality".
From Coq Require Import Lia.
From LF Require Import Maps.
From LF Require Import Imp.



Theorem ceval_deterministic: forall c st st1 st2,
  st =[ c ]=> st1  ->
  st =[ c ]=> st2 ->
  st1 = st2.
Proof.
  intros c st st1 st2 E1 E2;
  generalize dependent st2;
  induction E1; intros st2 E2; inversion E2; subst.
  -  reflexivity.
  -  reflexivity.
  - 
    rewrite (IHE1_1 st'0 H1) in *.
    apply IHE1_2. assumption.
  
  - 
    apply IHE1. assumption.
  - 
    rewrite H in H5. discriminate.
  
  - 
    rewrite H in H5. discriminate.
  - 
    apply IHE1. assumption.
  
  - 
    reflexivity.
  - 
    rewrite H in H2. discriminate.
  
  - 
    rewrite H in H4. discriminate.
  - 
    rewrite (IHE1_1 st'0 H3) in *.
    apply IHE1_2. assumption.  Qed.






Example auto_example_1 : forall (P Q R: Prop),
  (P -> Q) -> (Q -> R) -> P -> R.
Proof.
  intros P Q R H1 H2 H3.
  apply H2. apply H1. assumption.
Qed.



Example auto_example_1' : forall (P Q R: Prop),
  (P -> Q) -> (Q -> R) -> P -> R.
Proof.
  auto.
Qed.







Example auto_example_2 : forall P Q R S T U : Prop,
  (P -> Q) ->
  (P -> R) ->
  (T -> R) ->
  (S -> T -> U) ->
  ((P -> Q) -> (P -> S)) ->
  T ->
  P ->
  U.
Proof. auto. Qed.




Example auto_example_3 : forall (P Q R S T U: Prop),
  (P -> Q) ->
  (Q -> R) ->
  (R -> S) ->
  (S -> T) ->
  (T -> U) ->
  P ->
  U.
Proof.
  
  auto.

  
  

  
  auto 6.
Qed.



Example auto_example_4 : forall P Q R : Prop,
  Q ->
  (Q -> R) ->
  P \/ (Q /\ R).
Proof. auto. Qed.



Example auto_example_5: 2 = 2.
Proof.
  auto.
Qed.

Example auto_example_5' : forall (P Q R S T U W: Prop),
  (U -> T) ->
  (W -> U) ->
  (R -> S) ->
  (S -> T) ->
  (P -> R) ->
  (U -> T) ->
  P ->
  T.
Proof.
  intros.
  auto.
Qed.



Lemma le_antisym : forall n m: nat, (n <= m /\ m <= n) -> n = m.
Proof. lia. Qed.

Example auto_example_6 : forall n m p : nat,
  (n <= p -> (n <= m /\ m <= n)) ->
  n <= p ->
  n = m.
Proof.
  auto using le_antisym.
Qed.





Hint Resolve le_antisym : core.

Example auto_example_6' : forall n m p : nat,
  (n<= p -> (n <= m /\ m <= n)) ->
  n <= p ->
  n = m.
Proof.
  auto. 
Qed.

Definition is_fortytwo x := (x = 42).

Example auto_example_7: forall x,
  (x <= 42 /\ 42 <= x) -> is_fortytwo x.
Proof.
  auto.  
Abort.

Hint Unfold is_fortytwo : core.

Example auto_example_7' : forall x,
  (x <= 42 /\ 42 <= x) -> is_fortytwo x.
Proof.
  auto. 
Qed.







Lemma state_determinism_lemma_0 : forall c : com, forall st st1 st2 : state, forall H : st =[ c ]=> st1, forall H' : st =[ c ]=> st2, st1 = st2.

Proof.
(* We will proceed by induction on the instruction c.
*)
  intros c st st1 st2 H H'.
induction c as [|c1 c2 Hc1 Hc2 IHc1 IHc2].
- (* Case Skip *)
    (* In this case, we have st = st1 and st = st2, so st1 = st2.
*)
    reflexivity.
- (* Case Assign *)
    (* We have c1 =:= c2 by the IHc1 and IHc2.
*)
    apply IHc1.
apply IHc2.
- (* Case Seq *)
    (* We have c1 =:= c2 by the IHc1 and IHc2.
*)
    apply IHc1.
apply IHc2.
- (* Case IfTrue *)
    (* We have c1 =:= c2 by the IHc1 and IHc2.
*)
    apply IHc1.
apply IHc2.
- (* Case IfFalse *)
    (* We have c1 =:= c2 by the IHc1 and IHc2.
*)
    apply IHc1.
apply IHc2.
Qed.

Outdated contents in ..cache: recomputing
ERROR MESSAGE IN LEMMA PROOF (FRAGMENT #204)
Error in step "induction c as [|c1 c2 Hc1 Hc2 IHc1 IHc2].".
Message: Expects a disjunctive pattern with 5 branches..
Goal: st1 = st2.


TRYING TO PROVE LEMMA
Lemma state_determinism_lemma_1 : forall c : com, forall st st1 st2 : state, forall H : st =[ c ]=> st1, forall H' : st =[ c ]=> st2, st1 = st2.


ATTEMPTED LEMMA PROOF (LEMMAS USED: 2)


Set Warnings "-notation-overridden,-parsing,-deprecated-hint-without-locality".
From Coq Require Import Lia.
From LF Require Import Maps.
From LF Require Import Imp.



Theorem ceval_deterministic: forall c st st1 st2,
  st =[ c ]=> st1  ->
  st =[ c ]=> st2 ->
  st1 = st2.
Proof.
  intros c st st1 st2 E1 E2;
  generalize dependent st2;
  induction E1; intros st2 E2; inversion E2; subst.
  -  reflexivity.
  -  reflexivity.
  - 
    rewrite (IHE1_1 st'0 H1) in *.
    apply IHE1_2. assumption.
  
  - 
    apply IHE1. assumption.
  - 
    rewrite H in H5. discriminate.
  
  - 
    rewrite H in H5. discriminate.
  - 
    apply IHE1. assumption.
  
  - 
    reflexivity.
  - 
    rewrite H in H2. discriminate.
  
  - 
    rewrite H in H4. discriminate.
  - 
    rewrite (IHE1_1 st'0 H3) in *.
    apply IHE1_2. assumption.  Qed.






Example auto_example_1 : forall (P Q R: Prop),
  (P -> Q) -> (Q -> R) -> P -> R.
Proof.
  intros P Q R H1 H2 H3.
  apply H2. apply H1. assumption.
Qed.



Example auto_example_1' : forall (P Q R: Prop),
  (P -> Q) -> (Q -> R) -> P -> R.
Proof.
  auto.
Qed.







Example auto_example_2 : forall P Q R S T U : Prop,
  (P -> Q) ->
  (P -> R) ->
  (T -> R) ->
  (S -> T -> U) ->
  ((P -> Q) -> (P -> S)) ->
  T ->
  P ->
  U.
Proof. auto. Qed.




Example auto_example_3 : forall (P Q R S T U: Prop),
  (P -> Q) ->
  (Q -> R) ->
  (R -> S) ->
  (S -> T) ->
  (T -> U) ->
  P ->
  U.
Proof.
  
  auto.

  
  

  
  auto 6.
Qed.



Example auto_example_4 : forall P Q R : Prop,
  Q ->
  (Q -> R) ->
  P \/ (Q /\ R).
Proof. auto. Qed.



Example auto_example_5: 2 = 2.
Proof.
  auto.
Qed.

Example auto_example_5' : forall (P Q R S T U W: Prop),
  (U -> T) ->
  (W -> U) ->
  (R -> S) ->
  (S -> T) ->
  (P -> R) ->
  (U -> T) ->
  P ->
  T.
Proof.
  intros.
  auto.
Qed.



Lemma le_antisym : forall n m: nat, (n <= m /\ m <= n) -> n = m.
Proof. lia. Qed.

Example auto_example_6 : forall n m p : nat,
  (n <= p -> (n <= m /\ m <= n)) ->
  n <= p ->
  n = m.
Proof.
  auto using le_antisym.
Qed.





Hint Resolve le_antisym : core.

Example auto_example_6' : forall n m p : nat,
  (n<= p -> (n <= m /\ m <= n)) ->
  n <= p ->
  n = m.
Proof.
  auto. 
Qed.

Definition is_fortytwo x := (x = 42).

Example auto_example_7: forall x,
  (x <= 42 /\ 42 <= x) -> is_fortytwo x.
Proof.
  auto.  
Abort.

Hint Unfold is_fortytwo : core.

Example auto_example_7' : forall x,
  (x <= 42 /\ 42 <= x) -> is_fortytwo x.
Proof.
  auto. 
Qed.







Lemma state_determinism_lemma_1 : forall c : com, forall st st1 st2 : state, forall H : st =[ c ]=> st1, forall H' : st =[ c ]=> st2, st1 = st2.

Proof.
(* We will proceed by induction on the instruction c.
*)
  intros c st st1 st2 H H'.
induction c as [|c1 c2 Hc1 Hc2 IHc1 IHc2].
- (* Case Skip *)
    (* In this case, we have st = st1 and st = st2, so st1 = st2.
*)
    reflexivity.
- (* Case Assign *)
    (* We have c1 =:= c2 by the IHc1 and IHc2.
*)
    apply IHc1.
apply IHc2.
- (* Case Seq *)
    (* We have c1 =:= c2 by the IHc1 and IHc2.
*)
    apply IHc1.
apply IHc2.
- (* Case IfTrue *)
    (* We have c1 =:= c2 by the IHc1 and IHc2.
*)
    apply IHc1.
apply IHc2.
- (* Case IfFalse *)
    (* We have c1 =:= c2 by the IHc1 and IHc2.
*)
    apply IHc1.
apply IHc2.
Qed.

Outdated contents in ..cache: recomputing
ERROR MESSAGE IN LEMMA PROOF (FRAGMENT #204)
Error in step "induction c as [|c1 c2 Hc1 Hc2 IHc1 IHc2].".
Message: Expects a disjunctive pattern with 5 branches..
Goal: st1 = st2.


TRYING TO PROVE LEMMA
Lemma state_determinism_lemma_2 : forall c : com, forall st st1 st2 : state, forall H : st =[ c ]=> st1, forall H' : st =[ c ]=> st2, st1 = st2.


ATTEMPTED LEMMA PROOF (LEMMAS USED: 3)


Set Warnings "-notation-overridden,-parsing,-deprecated-hint-without-locality".
From Coq Require Import Lia.
From LF Require Import Maps.
From LF Require Import Imp.



Theorem ceval_deterministic: forall c st st1 st2,
  st =[ c ]=> st1  ->
  st =[ c ]=> st2 ->
  st1 = st2.
Proof.
  intros c st st1 st2 E1 E2;
  generalize dependent st2;
  induction E1; intros st2 E2; inversion E2; subst.
  -  reflexivity.
  -  reflexivity.
  - 
    rewrite (IHE1_1 st'0 H1) in *.
    apply IHE1_2. assumption.
  
  - 
    apply IHE1. assumption.
  - 
    rewrite H in H5. discriminate.
  
  - 
    rewrite H in H5. discriminate.
  - 
    apply IHE1. assumption.
  
  - 
    reflexivity.
  - 
    rewrite H in H2. discriminate.
  
  - 
    rewrite H in H4. discriminate.
  - 
    rewrite (IHE1_1 st'0 H3) in *.
    apply IHE1_2. assumption.  Qed.






Example auto_example_1 : forall (P Q R: Prop),
  (P -> Q) -> (Q -> R) -> P -> R.
Proof.
  intros P Q R H1 H2 H3.
  apply H2. apply H1. assumption.
Qed.



Example auto_example_1' : forall (P Q R: Prop),
  (P -> Q) -> (Q -> R) -> P -> R.
Proof.
  auto.
Qed.







Example auto_example_2 : forall P Q R S T U : Prop,
  (P -> Q) ->
  (P -> R) ->
  (T -> R) ->
  (S -> T -> U) ->
  ((P -> Q) -> (P -> S)) ->
  T ->
  P ->
  U.
Proof. auto. Qed.




Example auto_example_3 : forall (P Q R S T U: Prop),
  (P -> Q) ->
  (Q -> R) ->
  (R -> S) ->
  (S -> T) ->
  (T -> U) ->
  P ->
  U.
Proof.
  
  auto.

  
  

  
  auto 6.
Qed.



Example auto_example_4 : forall P Q R : Prop,
  Q ->
  (Q -> R) ->
  P \/ (Q /\ R).
Proof. auto. Qed.



Example auto_example_5: 2 = 2.
Proof.
  auto.
Qed.

Example auto_example_5' : forall (P Q R S T U W: Prop),
  (U -> T) ->
  (W -> U) ->
  (R -> S) ->
  (S -> T) ->
  (P -> R) ->
  (U -> T) ->
  P ->
  T.
Proof.
  intros.
  auto.
Qed.



Lemma le_antisym : forall n m: nat, (n <= m /\ m <= n) -> n = m.
Proof. lia. Qed.

Example auto_example_6 : forall n m p : nat,
  (n <= p -> (n <= m /\ m <= n)) ->
  n <= p ->
  n = m.
Proof.
  auto using le_antisym.
Qed.





Hint Resolve le_antisym : core.

Example auto_example_6' : forall n m p : nat,
  (n<= p -> (n <= m /\ m <= n)) ->
  n <= p ->
  n = m.
Proof.
  auto. 
Qed.

Definition is_fortytwo x := (x = 42).

Example auto_example_7: forall x,
  (x <= 42 /\ 42 <= x) -> is_fortytwo x.
Proof.
  auto.  
Abort.

Hint Unfold is_fortytwo : core.

Example auto_example_7' : forall x,
  (x <= 42 /\ 42 <= x) -> is_fortytwo x.
Proof.
  auto. 
Qed.







Lemma state_determinism_lemma_2 : forall c : com, forall st st1 st2 : state, forall H : st =[ c ]=> st1, forall H' : st =[ c ]=> st2, st1 = st2.

Proof.
(* We will proceed by induction on the instruction c.
*)
  intros c st st1 st2 H H'.
induction c as [|c1 c2 Hc1 Hc2 IHc1 IHc2].
- (* Case Skip *)
    (* In this case, we have st = st1 and st = st2, so st1 = st2.
*)
    reflexivity.
- (* Case Assign *)
    (* We have c1 =:= c2 by the IHc1, and H and H' are the same instruction,
       so st1 = st2.
*)
    apply IHc1.
assumption.
- (* Case Seq *)
    (* We need to prove st1 = st2.
By the induction hypothesis, we know that
       st =[ c1 ]=> st1' and st =[ c2 ]=> st2' for some st1' and st2'.
We also
       have H and H' as the sequencing of c1 and c2.
*)
    (* We first prove that st1' = st2' by applying the IHc2 to H' and Hc2.
*)
    specialize (IHc2 st1' st2' H' Hc2).
(* Now we have st1' = st2', and by the induction hypothesis for Seq, we have
       st1 = st1' and st2 = st2'.
Therefore, st1 = st2.
*)
    apply IHc1.
assumption.
- (* Case IfTrue *)
    (* We have c1 =:= c2 by the IHc1, and H and H' are the same instruction,
       so st1 = st2.
*)
    apply IHc1.
assumption.
- (* Case IfFalse *)
    (* We have c1 =:= c2 by the IHc1, and H and H' are the same instruction,
       so st1 = st2.
*)
    apply IHc1.
assumption.
- (* Case While *)
    (* We need to prove st1 = st2.
By the induction hypothesis, we know that
       st =[ c1 ]
Qed.

Outdated contents in ..cache: recomputing
ERROR MESSAGE IN LEMMA PROOF (FRAGMENT #204)
Error in step "induction c as [|c1 c2 Hc1 Hc2 IHc1 IHc2].".
Message: Expects a disjunctive pattern with 5 branches..
Goal: st1 = st2.


TRYING TO PROVE LEMMA
Lemma state_determinism_lemma_3 : forall c : com, forall st st1 st2 : state, forall H : st =[ c ]=> st1, forall H' : st =[ c ]=> st2, st1 = st2.


ATTEMPTED LEMMA PROOF (LEMMAS USED: 4)


Set Warnings "-notation-overridden,-parsing,-deprecated-hint-without-locality".
From Coq Require Import Lia.
From LF Require Import Maps.
From LF Require Import Imp.



Theorem ceval_deterministic: forall c st st1 st2,
  st =[ c ]=> st1  ->
  st =[ c ]=> st2 ->
  st1 = st2.
Proof.
  intros c st st1 st2 E1 E2;
  generalize dependent st2;
  induction E1; intros st2 E2; inversion E2; subst.
  -  reflexivity.
  -  reflexivity.
  - 
    rewrite (IHE1_1 st'0 H1) in *.
    apply IHE1_2. assumption.
  
  - 
    apply IHE1. assumption.
  - 
    rewrite H in H5. discriminate.
  
  - 
    rewrite H in H5. discriminate.
  - 
    apply IHE1. assumption.
  
  - 
    reflexivity.
  - 
    rewrite H in H2. discriminate.
  
  - 
    rewrite H in H4. discriminate.
  - 
    rewrite (IHE1_1 st'0 H3) in *.
    apply IHE1_2. assumption.  Qed.






Example auto_example_1 : forall (P Q R: Prop),
  (P -> Q) -> (Q -> R) -> P -> R.
Proof.
  intros P Q R H1 H2 H3.
  apply H2. apply H1. assumption.
Qed.



Example auto_example_1' : forall (P Q R: Prop),
  (P -> Q) -> (Q -> R) -> P -> R.
Proof.
  auto.
Qed.







Example auto_example_2 : forall P Q R S T U : Prop,
  (P -> Q) ->
  (P -> R) ->
  (T -> R) ->
  (S -> T -> U) ->
  ((P -> Q) -> (P -> S)) ->
  T ->
  P ->
  U.
Proof. auto. Qed.




Example auto_example_3 : forall (P Q R S T U: Prop),
  (P -> Q) ->
  (Q -> R) ->
  (R -> S) ->
  (S -> T) ->
  (T -> U) ->
  P ->
  U.
Proof.
  
  auto.

  
  

  
  auto 6.
Qed.



Example auto_example_4 : forall P Q R : Prop,
  Q ->
  (Q -> R) ->
  P \/ (Q /\ R).
Proof. auto. Qed.



Example auto_example_5: 2 = 2.
Proof.
  auto.
Qed.

Example auto_example_5' : forall (P Q R S T U W: Prop),
  (U -> T) ->
  (W -> U) ->
  (R -> S) ->
  (S -> T) ->
  (P -> R) ->
  (U -> T) ->
  P ->
  T.
Proof.
  intros.
  auto.
Qed.



Lemma le_antisym : forall n m: nat, (n <= m /\ m <= n) -> n = m.
Proof. lia. Qed.

Example auto_example_6 : forall n m p : nat,
  (n <= p -> (n <= m /\ m <= n)) ->
  n <= p ->
  n = m.
Proof.
  auto using le_antisym.
Qed.





Hint Resolve le_antisym : core.

Example auto_example_6' : forall n m p : nat,
  (n<= p -> (n <= m /\ m <= n)) ->
  n <= p ->
  n = m.
Proof.
  auto. 
Qed.

Definition is_fortytwo x := (x = 42).

Example auto_example_7: forall x,
  (x <= 42 /\ 42 <= x) -> is_fortytwo x.
Proof.
  auto.  
Abort.

Hint Unfold is_fortytwo : core.

Example auto_example_7' : forall x,
  (x <= 42 /\ 42 <= x) -> is_fortytwo x.
Proof.
  auto. 
Qed.







Lemma state_determinism_lemma_3 : forall c : com, forall st st1 st2 : state, forall H : st =[ c ]=> st1, forall H' : st =[ c ]=> st2, st1 = st2.

Proof.
(* We will proceed by induction on the instruction c.
*)
  intros c st st1 st2 H H'.
induction c as [|c1 c2 Hc1 Hc2 IHc1 IHc2].
- (* Case Skip *)
    (* In this case, we have st = st1 and st = st2, so st1 = st2.
*)
    reflexivity.
- (* Case Assign *)
    (* We have c1 =:= c2 by the IHc1, and H and H' are the same instruction,
       so st1 = st2.
*)
    apply IHc1.
assumption.
- (* Case Seq *)
    (* We need to prove st1 = st2.
By the induction hypothesis, we know that
       st =[ c1 ]=> st1' and st =[ c2 ]=> st2' for some st1' and st2'.
We also
       have H and H' as the sequencing of c1 and c2.
*)
    (* We first prove that st1' = st2' by applying the IHc2 to H' and Hc2.
*)
    specialize (IHc2 st1' st2' H' Hc2).
(* Now we have st1' = st2', and by the induction hypothesis for Seq, we have
       st1 = st1' and st2 = st2'.
Therefore, st1 = st2.
*)
    apply IHc1.
assumption.
- (* Case IfTrue *)
    (* We have c1 =:= c2 by the IHc1, and H and H' are the same instruction,
       so st1 = st2.
*)
    apply IHc1.
assumption.
- (* Case IfFalse *)
    (* We have c1 =:= c2 by the IHc1, and H and H' are the same instruction,
       so st1 = st2.
*)
    apply IHc1.
assumption.
- (* Case While *)
    (* We need to prove st1 = st2.
By the induction hypothesis, we know that
       st =[ c1 ]
Qed.

Outdated contents in ..cache: recomputing
ERROR MESSAGE IN LEMMA PROOF (FRAGMENT #204)
Error in step "induction c as [|c1 c2 Hc1 Hc2 IHc1 IHc2].".
Message: Expects a disjunctive pattern with 5 branches..
Goal: st1 = st2.


TRYING TO PROVE LEMMA
Lemma state_determinism_lemma_4 : forall c : com, forall st st1 st2 : state, forall H : st =[ c ]=> st1, forall H' : st =[ c ]=> st2, st1 = st2.


ATTEMPTED LEMMA PROOF (LEMMAS USED: 5)


Set Warnings "-notation-overridden,-parsing,-deprecated-hint-without-locality".
From Coq Require Import Lia.
From LF Require Import Maps.
From LF Require Import Imp.



Theorem ceval_deterministic: forall c st st1 st2,
  st =[ c ]=> st1  ->
  st =[ c ]=> st2 ->
  st1 = st2.
Proof.
  intros c st st1 st2 E1 E2;
  generalize dependent st2;
  induction E1; intros st2 E2; inversion E2; subst.
  -  reflexivity.
  -  reflexivity.
  - 
    rewrite (IHE1_1 st'0 H1) in *.
    apply IHE1_2. assumption.
  
  - 
    apply IHE1. assumption.
  - 
    rewrite H in H5. discriminate.
  
  - 
    rewrite H in H5. discriminate.
  - 
    apply IHE1. assumption.
  
  - 
    reflexivity.
  - 
    rewrite H in H2. discriminate.
  
  - 
    rewrite H in H4. discriminate.
  - 
    rewrite (IHE1_1 st'0 H3) in *.
    apply IHE1_2. assumption.  Qed.






Example auto_example_1 : forall (P Q R: Prop),
  (P -> Q) -> (Q -> R) -> P -> R.
Proof.
  intros P Q R H1 H2 H3.
  apply H2. apply H1. assumption.
Qed.



Example auto_example_1' : forall (P Q R: Prop),
  (P -> Q) -> (Q -> R) -> P -> R.
Proof.
  auto.
Qed.







Example auto_example_2 : forall P Q R S T U : Prop,
  (P -> Q) ->
  (P -> R) ->
  (T -> R) ->
  (S -> T -> U) ->
  ((P -> Q) -> (P -> S)) ->
  T ->
  P ->
  U.
Proof. auto. Qed.




Example auto_example_3 : forall (P Q R S T U: Prop),
  (P -> Q) ->
  (Q -> R) ->
  (R -> S) ->
  (S -> T) ->
  (T -> U) ->
  P ->
  U.
Proof.
  
  auto.

  
  

  
  auto 6.
Qed.



Example auto_example_4 : forall P Q R : Prop,
  Q ->
  (Q -> R) ->
  P \/ (Q /\ R).
Proof. auto. Qed.



Example auto_example_5: 2 = 2.
Proof.
  auto.
Qed.

Example auto_example_5' : forall (P Q R S T U W: Prop),
  (U -> T) ->
  (W -> U) ->
  (R -> S) ->
  (S -> T) ->
  (P -> R) ->
  (U -> T) ->
  P ->
  T.
Proof.
  intros.
  auto.
Qed.



Lemma le_antisym : forall n m: nat, (n <= m /\ m <= n) -> n = m.
Proof. lia. Qed.

Example auto_example_6 : forall n m p : nat,
  (n <= p -> (n <= m /\ m <= n)) ->
  n <= p ->
  n = m.
Proof.
  auto using le_antisym.
Qed.





Hint Resolve le_antisym : core.

Example auto_example_6' : forall n m p : nat,
  (n<= p -> (n <= m /\ m <= n)) ->
  n <= p ->
  n = m.
Proof.
  auto. 
Qed.

Definition is_fortytwo x := (x = 42).

Example auto_example_7: forall x,
  (x <= 42 /\ 42 <= x) -> is_fortytwo x.
Proof.
  auto.  
Abort.

Hint Unfold is_fortytwo : core.

Example auto_example_7' : forall x,
  (x <= 42 /\ 42 <= x) -> is_fortytwo x.
Proof.
  auto. 
Qed.







Lemma state_determinism_lemma_4 : forall c : com, forall st st1 st2 : state, forall H : st =[ c ]=> st1, forall H' : st =[ c ]=> st2, st1 = st2.

Proof.
(* We will proceed by induction on the instruction c.
*)
  intros c st st1 st2 H H'.
induction c as [|c1 c2 Hc1 Hc2 IHc1 IHc2].
- (* Case Skip *)
    (* In this case, we have st = st1 and st = st2, so st1 = st2.
*)
    reflexivity.
- (* Case Assign *)
    (* We have c1 =:= c2 by the IHc1, and H and H' are the same instruction,
       so st1 = st2.
*)
    apply IHc1.
assumption.
- (* Case Seq *)
    (* We need to prove st1 = st2.
By the induction hypothesis, we know that
       st =[ c1 ]=> st1' and st =[ c2 ]=> st2' for some st1' and st2'.
We also
       have H and H' as the sequencing of c1 and c2.
*)
    (* We first prove that st1' = st2' by applying the IHc2 to H' and Hc2.
*)
    specialize (IHc2 st1' st2' H' Hc2).
(* Now we have st1' = st2', and by the induction hypothesis for Seq, we have
       st1 = st1' and st2 = st2'.
Therefore, st1 = st2.
*)
    apply IHc1.
assumption.
- (* Case IfTrue *)
    (* We have c1 =:= c2 by the IHc1, and H and H' are the same instruction,
       so st1 = st2.
*)
    apply IHc1.
assumption.
- (* Case IfFalse *)
    (* We have c1 =:= c2 by the IHc1, and H and H' are the same instruction,
       so st1 = st2.
*)
    apply IHc1.
assumption.
- (* Case While *)
    (* We need to prove st1 = st2.
By the induction hypothesis, we know that
       st =[ c1 ]
Qed.

Outdated contents in ..cache: recomputing
ERROR MESSAGE IN LEMMA PROOF (FRAGMENT #204)
Error in step "induction c as [|c1 c2 Hc1 Hc2 IHc1 IHc2].".
Message: Expects a disjunctive pattern with 5 branches..
Goal: st1 = st2.


TRYING TO PROVE LEMMA
Lemma state_determinism_lemma_5 : forall c : com, forall st st1 st2 : state, forall H : st =[ c ]=> st1, forall H' : st =[ c ]=> st2, st1 = st2.


Error proving ceval_deterministic'
MAX LEMMA DEPTH REACHED. GIVING UP.