PROVING combine_odd_even_elim_odd
ATTEMPTED THEOREM PROOF (LEMMAS USED: 0)


Set Warnings "-notation-overridden,-parsing,-deprecated-hint-without-locality".
From LF Require Export Tactics.



Check (3 = 3) : Prop.

Check (forall n m : nat, n + m = m + n) : Prop.



Check 2 = 2 : Prop.

Check 3 = 2 : Prop.

Check forall n : nat, n = 2 : Prop.





Theorem plus_2_2_is_4 :
  2 + 2 = 4.
Proof. reflexivity.  Qed.



Definition plus_claim : Prop := 2 + 2 = 4.
Check plus_claim : Prop.



Theorem plus_claim_is_true :
  plus_claim.
Proof. reflexivity.  Qed.





Definition is_three (n : nat) : Prop :=
  n = 3.
Check is_three : nat -> Prop.



Definition injective {A B} (f : A -> B) :=
  forall x y : A, f x = f y -> x = y.

Lemma succ_inj : injective S.
Proof.
  intros n m H. injection H as H1. apply H1.
Qed.



Check @eq : forall A : Type, A -> A -> Prop.











Example and_example : 3 + 4 = 7 /\ 2 * 2 = 4.



Proof.
  split.
  -  reflexivity.
  -  reflexivity.
Qed.



Lemma and_intro : forall A B : Prop, A -> B -> A /\ B.
Proof.
  intros A B HA HB. split.
  - apply HA.
  - apply HB.
Qed.



Example and_example' : 3 + 4 = 7 /\ 2 * 2 = 4.
Proof.
  apply and_intro.
  -  reflexivity.
  -  reflexivity.
Qed.


Example and_exercise :
  forall n m : nat, n + m = 0 -> n = 0 /\ m = 0.
Proof.
  intros n m H.
  split.
  - destruct m in H.
    + rewrite <- plus_n_O in H. apply H.
    + rewrite <- plus_n_Sm in H. discriminate H.
  - destruct n in H.
    + rewrite -> plus_n_O in H. apply H.
    + simpl in H. discriminate H.
Qed.




Lemma and_example2 :
  forall n m : nat, n = 0 /\ m = 0 -> n + m = 0.
Proof.
  
  intros n m H.
  destruct H as [Hn Hm].
  rewrite Hn. rewrite Hm.
  reflexivity.
Qed.



Lemma and_example2' :
  forall n m : nat, n = 0 /\ m = 0 -> n + m = 0.
Proof.
  intros n m [Hn Hm].
  rewrite Hn. rewrite Hm.
  reflexivity.
Qed.



Lemma and_example2'' :
  forall n m : nat, n = 0 -> m = 0 -> n + m = 0.
Proof.
  intros n m Hn Hm.
  rewrite Hn. rewrite Hm.
  reflexivity.
Qed.



Lemma and_example3 :
  forall n m : nat, n + m = 0 -> n * m = 0.
Proof.
  
  intros n m H.
  apply and_exercise in H.
  destruct H as [Hn Hm].
  rewrite Hn. reflexivity.
Qed.



Lemma proj1 : forall P Q : Prop,
  P /\ Q -> P.
Proof.
  intros P Q HPQ.
  destruct HPQ as [HP _].
  apply HP.  Qed.


Lemma proj2 : forall P Q : Prop,
  P /\ Q -> Q.
Proof.
  intros P Q [_ HQ].
  apply HQ.
Qed.




Theorem and_commut : forall P Q : Prop,
  P /\ Q -> Q /\ P.
Proof.
  intros P Q [HP HQ].
  split.
    -  apply HQ.
    -  apply HP.  Qed.



Theorem and_assoc : forall P Q R : Prop,
  P /\ (Q /\ R) -> (P /\ Q) /\ R.
Proof.
  intros P Q R [HP [HQ HR]].
  split.
  + split. apply HP. apply HQ.
  + apply HR.
Qed.




Check and : Prop -> Prop -> Prop.








Lemma factor_is_O:
  forall n m : nat, n = 0 \/ m = 0 -> n * m = 0.
Proof.
  
  intros n m [Hn | Hm].
  - 
    rewrite Hn. reflexivity.
  - 
    rewrite Hm. rewrite <- mult_n_O.
    reflexivity.
Qed.



Lemma or_intro_l : forall A B : Prop, A -> A \/ B.
Proof.
  intros A B HA.
  left.
  apply HA.
Qed.



Lemma zero_or_succ :
  forall n : nat, n = 0 \/ n = S (pred n).
Proof.
  
  intros [|n'].
  - left. reflexivity.
  - right. reflexivity.
Qed.


Lemma mult_is_O :
  forall n m, n * m = 0 -> n = 0 \/ m = 0.
Proof.
  intros n m H.
  destruct n.
  - left. reflexivity.
  - right. destruct m.
    + reflexivity.
    + discriminate H.
Qed.



Theorem or_commut : forall P Q : Prop,
  P \/ Q  -> Q \/ P.
Proof.
  intros P Q [HP | HQ].
  - right. apply HP.
  - left. apply HQ.
Qed.







Module NotPlayground.

Definition not (P:Prop) := P -> False.

Notation "~ x" := (not x) : type_scope.

Check not : Prop -> Prop.

End NotPlayground.



Theorem ex_falso_quodlibet : forall (P:Prop),
  False -> P.
Proof.
  
  intros P contra.
  destruct contra.  Qed.





Theorem not_implies_our_not : forall (P:Prop),
  ~ P -> (forall (Q:Prop), P -> Q).
Proof.
  intros P HNP Q contra.
  unfold not in HNP.
  apply HNP in contra. destruct contra.
Qed.






Theorem zero_not_one : 0 <> 1.
Proof.
  
  unfold not.
  
  intros contra.
  
  discriminate contra.
Qed.



Theorem not_False :
  ~ False.
Proof.
  unfold not. intros H. destruct H. Qed.

Theorem contradiction_implies_anything : forall P Q : Prop,
  (P /\ ~P) -> Q.
Proof.
  
  intros P Q [HP HNA]. unfold not in HNA.
  apply HNA in HP. destruct HP.  Qed.

Theorem double_neg : forall P : Prop,
  P -> ~~P.
Proof.
  
  intros P H. unfold not. intros G. apply G. apply H.  Qed.






Definition manual_grade_for_double_neg_inf : option (nat*string) := None.



Theorem contrapositive : forall (P Q : Prop),
  (P -> Q) -> (~Q -> ~P).
Proof.
  intros P Q HPQ HQ HP.
  unfold not in HQ. apply HPQ in HP. apply HQ in HP. apply HP.
Qed.



Theorem not_both_true_and_false : forall P : Prop,
  ~ (P /\ ~P).
Proof.
  intros P H.
  apply contradiction_implies_anything with (Q:=False) in H.
  apply H.
Qed.







Definition manual_grade_for_informal_not_PNP : option (nat*string) := None.



Theorem de_morgan_not_or : forall (P Q : Prop),
    ~ (P \/ Q) -> ~P /\ ~Q.
Proof.
  intros P Q HPQ.
  unfold not in HPQ.
  split.
  - intros HP. apply or_intro_l  with (B:=Q) in HP. apply HPQ. apply HP.
  - intros HQ. apply or_intro_l  with (B:=P) in HQ. apply or_commut in HQ. apply HPQ. apply HQ.
Qed.




Theorem not_true_is_false : forall b : bool,
  b <> true -> b = false.
Proof.
  intros b H.
  destruct b eqn:HE.
  - 
    unfold not in H.
    apply ex_falso_quodlibet.
    apply H. reflexivity.
  - 
    reflexivity.
Qed.



Theorem not_true_is_false' : forall b : bool,
  b <> true -> b = false.
Proof.
  intros [] H.          
  - 
    unfold not in H.
    exfalso.                
    apply H. reflexivity.
  -  reflexivity.
Qed.






Lemma True_is_true : True.
Proof. apply I. Qed.







Definition disc_fn (n: nat) : Prop :=
  match n with
  | O => True
  | S _ => False
  end.

Theorem disc_example : forall n, ~ (O = S n).
Proof.
  intros n H1.
  assert (H2 : disc_fn O). { simpl. apply I. }
  rewrite H1 in H2. simpl in H2. apply H2.
Qed.








Module IffPlayground.

Definition iff (P Q : Prop) := (P -> Q) /\ (Q -> P).

Notation "P <-> Q" := (iff P Q)
                      (at level 95, no associativity)
                      : type_scope.

End IffPlayground.

Theorem iff_sym : forall P Q : Prop,
  (P <-> Q) -> (Q <-> P).
Proof.
  
  intros P Q [HAB HBA].
  split.
  -  apply HBA.
  -  apply HAB.  Qed.

Lemma not_true_iff_false : forall b,
  b <> true <-> b = false.
Proof.
  
  intros b. split.
  -  apply not_true_is_false.
  - 
    intros H. rewrite H. intros H'. discriminate H'.
Qed.



Lemma apply_iff_example1:
  forall P Q R : Prop, (P <-> Q) -> (Q -> R) -> (P -> R).
  intros P Q R Hiff H HP. apply H.  apply Hiff. apply HP.
Qed.

Lemma apply_iff_example2:
  forall P Q R : Prop, (P <-> Q) -> (P -> R) -> (Q -> R).
  intros P Q R Hiff H HQ. apply H.  apply Hiff. apply HQ.
Qed.



Theorem iff_refl : forall P : Prop,
  P <-> P.
Proof.
  intros P.
  split. intros H. apply H. intros H. apply H.  Qed.

Theorem iff_trans : forall P Q R : Prop,
  (P <-> Q) -> (Q <-> R) -> (P <-> R).
Proof.
  intros P Q R H1 H2. split.
  - intros H. apply proj1 in H1. apply H1 in H. apply proj1 in H2. apply H2 in H. apply H.
  - intros H. apply proj2 in H2. apply H2 in H. apply proj2 in H1. apply H1 in H. apply H.
Qed.



Theorem or_distributes_over_and : forall P Q R : Prop,
  P \/ (Q /\ R) <-> (P \/ Q) /\ (P \/ R).
Proof.
  intros P Q R.
  split.
  -  intros [HP | [HQ HR]].
    +  split. left. apply HP. left. apply HP.
    +  split.  right. apply HQ. right. apply HR.
  -  intros [[HP1 | HQ] [HP2 | HR]].
    + left. apply HP1.
    + left. apply HP1.
    + left. apply HP2.
    + right. apply and_intro. apply HQ. apply HR.
Qed.







From Coq Require Import Setoids.Setoid.





Lemma mul_eq_0 : forall n m, n * m = 0 <-> n = 0 \/ m = 0.
Proof.
  split.
  - apply mult_is_O.
  - apply factor_is_O.
Qed.

Theorem or_assoc :
  forall P Q R : Prop, P \/ (Q \/ R) <-> (P \/ Q) \/ R.
Proof.
  intros P Q R. split.
  - intros [H | [H | H]].
    + left. left. apply H.
    + left. right. apply H.
    + right. apply H.
  - intros [[H | H] | H].
    + left. apply H.
    + right. left. apply H.
    + right. right. apply H.
Qed.



Lemma mul_eq_0_ternary :
  forall n m p, n * m * p = 0 <-> n = 0 \/ m = 0 \/ p = 0.
Proof.
  intros n m p.
  rewrite mul_eq_0. rewrite mul_eq_0. rewrite or_assoc.
  reflexivity.
Qed.








Definition Even x := exists n : nat, x = double n.

Lemma four_is_Even : Even 4.
Proof.
  unfold Even. exists 2. reflexivity.
Qed.



Theorem exists_example_2 : forall n,
  (exists m, n = 4 + m) ->
  (exists o, n = 2 + o).
Proof.
  
  intros n [m Hm]. 
  exists (2 + m).
  apply Hm.  Qed.



Theorem dist_not_exists : forall (X:Type) (P : X -> Prop),
  (forall x, P x) -> ~ (exists x, ~ P x).
Proof.
  intros X P H [x E].
  unfold not in E. apply E. apply H.
Qed.




Theorem dist_exists_or : forall (X:Type) (P Q : X -> Prop),
  (exists x, P x \/ Q x) <-> (exists x, P x) \/ (exists x, Q x).
Proof.
  intros X P Q.
  split.
  - intros [x [HP | HQ]].
    + left. exists x. apply HP.
    + right. exists x. apply HQ.
  - intros [[x HP] | [x HQ]].
    + exists x. left. apply HP.
    + exists x. right. apply HQ.
Qed.



Theorem leb_plus_exists : forall n m, n <=? m = true -> exists x, m = n+x.
Proof.
  induction n.
  - intros. exists m. reflexivity.
  - destruct m.
    + simpl. discriminate.
    + simpl.
      intros H. apply IHn in H. destruct H as [x0 H].
      rewrite H. exists x0. reflexivity.
Qed.

Theorem plus_exists_leb : forall n m, (exists x, m = n+x) -> n <=? m = true.
Proof.
  intros.
  destruct H.
  generalize dependent m.
  induction n.
  - reflexivity.
  - intros.
    destruct m.
    + discriminate H.
    + rewrite add_comm in H. rewrite <- plus_n_Sm in H. injection H as H.
      rewrite add_comm in H.
      apply IHn in H. apply H.
Qed.









Fixpoint In {A : Type} (x : A) (l : list A) : Prop :=
  match l with
  | [] => False
  | x' :: l' => x' = x \/ In x l'
  end.



Example In_example_1 : In 4 [1; 2; 3; 4; 5].
Proof.
  
  simpl. right. right. right. left. reflexivity.
Qed.

Example In_example_2 :
  forall n, In n [2; 4] ->
  exists n', n = 2 * n'.
Proof.
  
  simpl.
  intros n [H | [H | []]].
  - exists 1. rewrite <- H. reflexivity.
  - exists 2. rewrite <- H. reflexivity.
Qed.






Theorem In_map :
  forall (A B : Type) (f : A -> B) (l : list A) (x : A),
         In x l ->
         In (f x) (map f l).
Proof.
  intros A B f l x.
  induction l as [|x' l' IHl'].
  - 
    simpl. intros [].
  - 
    simpl. intros [H | H].
    + rewrite H. left. reflexivity.
    + right. apply IHl'. apply H.
Qed.




Theorem In_map_iff :
  forall (A B : Type) (f : A -> B) (l : list A) (y : B),
         In y (map f l) <->
         exists x, f x = y /\ In x l.
Proof.
  intros A B f l y. split.
  - 
    induction l as [| x' l'].
    + simpl. intros [].
    + simpl. intros [H | H].
      * 
        exists x'. split. apply H. left. reflexivity.
      * 
        apply IHl' in H. destruct H as [x [H1 H2]].
        exists x. split. apply H1. right. apply H2.
  - 
    intros [x [H1 H2]]. rewrite <- H1. apply In_map. apply H2.
Qed.



Theorem In_app_iff : forall A l l' (a:A),
  In a (l++l') <-> In a l \/ In a l'.
Proof.
  intros A l. induction l as [|a' l' IH].
  + split. right. apply H. intros [H | H]. destruct H. apply H.
  + split.
    - intros [H | H].
      * left. left. apply H.
      * simpl. apply or_assoc. right. apply IH. apply H.
    - intros [H | H].
      * destruct H as [H' | H'].
        left. apply H'.
        right. apply IH. left. apply H'.
      * right. apply IH. right. apply H.
Qed.




Fixpoint All {T : Type} (P : T -> Prop) (l : list T) : Prop
  := match l with
     | [] => True
     | (x :: l') => P x /\ All P l'
     end.

Theorem All_In :
  forall T (P : T -> Prop) (l : list T),
    (forall x, In x l -> P x) <->
    All P l.
Proof.
  intros T P l.
  split.
  
  {
    induction l as [|x' l'].
    + intros H. apply I.
    + simpl. intros H.
      split.
      * apply H. left. reflexivity.
      * apply IHl'. intros x. intros H'. apply H. right. apply H'.
  }
  
  {
    induction l as [|x' l'].
    + intros [] _ [].
    + simpl. intros [H1 H2] x [H | H].
      - rewrite <- H. apply H1.
      - apply IHl'.
        apply H2. apply H.
  }
Qed.




Definition combine_odd_even (Podd Peven : nat -> Prop) : nat -> Prop
  := fun n => if odd n then Podd n else Peven n.



Theorem combine_odd_even_intro :
  forall (Podd Peven : nat -> Prop) (n : nat),
    (odd n = true -> Podd n) ->
    (odd n = false -> Peven n) ->
    combine_odd_even Podd Peven n.
Proof.
  intros Podd Peven n Hodd Heven.
  unfold combine_odd_even.
  destruct (odd n).
  + apply Hodd. reflexivity.
  + apply Heven. reflexivity.
Qed.



Theorem combine_odd_even_elim_odd : forall (Podd Peven : nat -> Prop) (n : nat),
    combine_odd_even Podd Peven n ->
    odd n = true ->
    Podd n.

Proof.
intros Podd Peven n Hodd Hn.
apply (combine_odd_even_intro Podd Peven n).
- intros Hodd_n.
apply Hodd.
apply Hodd_n.
- intros Heven_n.
apply Hn.
apply Heven_n.
exact Hodd.
Qed.

Outdated contents in ..cache: recomputing
ERROR MESSAGE IN THEOREM PROOF (FRAGMENT #1430)
Error in step "apply (combine_odd_even_intro Podd Peven n).".
Message: In environment
Podd, Peven : nat -> Prop
n : nat
Hodd : combine_odd_even Podd Peven n
Hn : odd n = true
Unable to unify "combine_odd_even Podd Peven n" with
 "Podd n"..
Goal: Podd n.


TRYING TO PROVE LEMMA
Lemma combine_odd_and_even_n_is_odd_0 : forall Podd Peven : nat -> Prop, forall n : nat, forall Hodd : combine_odd_even Podd Peven n, forall Hn : odd n = true, Podd n.


ATTEMPTED LEMMA PROOF (LEMMAS USED: 1)


Set Warnings "-notation-overridden,-parsing,-deprecated-hint-without-locality".
From LF Require Export Tactics.



Check (3 = 3) : Prop.

Check (forall n m : nat, n + m = m + n) : Prop.



Check 2 = 2 : Prop.

Check 3 = 2 : Prop.

Check forall n : nat, n = 2 : Prop.





Theorem plus_2_2_is_4 :
  2 + 2 = 4.
Proof. reflexivity.  Qed.



Definition plus_claim : Prop := 2 + 2 = 4.
Check plus_claim : Prop.



Theorem plus_claim_is_true :
  plus_claim.
Proof. reflexivity.  Qed.





Definition is_three (n : nat) : Prop :=
  n = 3.
Check is_three : nat -> Prop.



Definition injective {A B} (f : A -> B) :=
  forall x y : A, f x = f y -> x = y.

Lemma succ_inj : injective S.
Proof.
  intros n m H. injection H as H1. apply H1.
Qed.



Check @eq : forall A : Type, A -> A -> Prop.











Example and_example : 3 + 4 = 7 /\ 2 * 2 = 4.



Proof.
  split.
  -  reflexivity.
  -  reflexivity.
Qed.



Lemma and_intro : forall A B : Prop, A -> B -> A /\ B.
Proof.
  intros A B HA HB. split.
  - apply HA.
  - apply HB.
Qed.



Example and_example' : 3 + 4 = 7 /\ 2 * 2 = 4.
Proof.
  apply and_intro.
  -  reflexivity.
  -  reflexivity.
Qed.


Example and_exercise :
  forall n m : nat, n + m = 0 -> n = 0 /\ m = 0.
Proof.
  intros n m H.
  split.
  - destruct m in H.
    + rewrite <- plus_n_O in H. apply H.
    + rewrite <- plus_n_Sm in H. discriminate H.
  - destruct n in H.
    + rewrite -> plus_n_O in H. apply H.
    + simpl in H. discriminate H.
Qed.




Lemma and_example2 :
  forall n m : nat, n = 0 /\ m = 0 -> n + m = 0.
Proof.
  
  intros n m H.
  destruct H as [Hn Hm].
  rewrite Hn. rewrite Hm.
  reflexivity.
Qed.



Lemma and_example2' :
  forall n m : nat, n = 0 /\ m = 0 -> n + m = 0.
Proof.
  intros n m [Hn Hm].
  rewrite Hn. rewrite Hm.
  reflexivity.
Qed.



Lemma and_example2'' :
  forall n m : nat, n = 0 -> m = 0 -> n + m = 0.
Proof.
  intros n m Hn Hm.
  rewrite Hn. rewrite Hm.
  reflexivity.
Qed.



Lemma and_example3 :
  forall n m : nat, n + m = 0 -> n * m = 0.
Proof.
  
  intros n m H.
  apply and_exercise in H.
  destruct H as [Hn Hm].
  rewrite Hn. reflexivity.
Qed.



Lemma proj1 : forall P Q : Prop,
  P /\ Q -> P.
Proof.
  intros P Q HPQ.
  destruct HPQ as [HP _].
  apply HP.  Qed.


Lemma proj2 : forall P Q : Prop,
  P /\ Q -> Q.
Proof.
  intros P Q [_ HQ].
  apply HQ.
Qed.




Theorem and_commut : forall P Q : Prop,
  P /\ Q -> Q /\ P.
Proof.
  intros P Q [HP HQ].
  split.
    -  apply HQ.
    -  apply HP.  Qed.



Theorem and_assoc : forall P Q R : Prop,
  P /\ (Q /\ R) -> (P /\ Q) /\ R.
Proof.
  intros P Q R [HP [HQ HR]].
  split.
  + split. apply HP. apply HQ.
  + apply HR.
Qed.




Check and : Prop -> Prop -> Prop.








Lemma factor_is_O:
  forall n m : nat, n = 0 \/ m = 0 -> n * m = 0.
Proof.
  
  intros n m [Hn | Hm].
  - 
    rewrite Hn. reflexivity.
  - 
    rewrite Hm. rewrite <- mult_n_O.
    reflexivity.
Qed.



Lemma or_intro_l : forall A B : Prop, A -> A \/ B.
Proof.
  intros A B HA.
  left.
  apply HA.
Qed.



Lemma zero_or_succ :
  forall n : nat, n = 0 \/ n = S (pred n).
Proof.
  
  intros [|n'].
  - left. reflexivity.
  - right. reflexivity.
Qed.


Lemma mult_is_O :
  forall n m, n * m = 0 -> n = 0 \/ m = 0.
Proof.
  intros n m H.
  destruct n.
  - left. reflexivity.
  - right. destruct m.
    + reflexivity.
    + discriminate H.
Qed.



Theorem or_commut : forall P Q : Prop,
  P \/ Q  -> Q \/ P.
Proof.
  intros P Q [HP | HQ].
  - right. apply HP.
  - left. apply HQ.
Qed.







Module NotPlayground.

Definition not (P:Prop) := P -> False.

Notation "~ x" := (not x) : type_scope.

Check not : Prop -> Prop.

End NotPlayground.



Theorem ex_falso_quodlibet : forall (P:Prop),
  False -> P.
Proof.
  
  intros P contra.
  destruct contra.  Qed.





Theorem not_implies_our_not : forall (P:Prop),
  ~ P -> (forall (Q:Prop), P -> Q).
Proof.
  intros P HNP Q contra.
  unfold not in HNP.
  apply HNP in contra. destruct contra.
Qed.






Theorem zero_not_one : 0 <> 1.
Proof.
  
  unfold not.
  
  intros contra.
  
  discriminate contra.
Qed.



Theorem not_False :
  ~ False.
Proof.
  unfold not. intros H. destruct H. Qed.

Theorem contradiction_implies_anything : forall P Q : Prop,
  (P /\ ~P) -> Q.
Proof.
  
  intros P Q [HP HNA]. unfold not in HNA.
  apply HNA in HP. destruct HP.  Qed.

Theorem double_neg : forall P : Prop,
  P -> ~~P.
Proof.
  
  intros P H. unfold not. intros G. apply G. apply H.  Qed.






Definition manual_grade_for_double_neg_inf : option (nat*string) := None.



Theorem contrapositive : forall (P Q : Prop),
  (P -> Q) -> (~Q -> ~P).
Proof.
  intros P Q HPQ HQ HP.
  unfold not in HQ. apply HPQ in HP. apply HQ in HP. apply HP.
Qed.



Theorem not_both_true_and_false : forall P : Prop,
  ~ (P /\ ~P).
Proof.
  intros P H.
  apply contradiction_implies_anything with (Q:=False) in H.
  apply H.
Qed.







Definition manual_grade_for_informal_not_PNP : option (nat*string) := None.



Theorem de_morgan_not_or : forall (P Q : Prop),
    ~ (P \/ Q) -> ~P /\ ~Q.
Proof.
  intros P Q HPQ.
  unfold not in HPQ.
  split.
  - intros HP. apply or_intro_l  with (B:=Q) in HP. apply HPQ. apply HP.
  - intros HQ. apply or_intro_l  with (B:=P) in HQ. apply or_commut in HQ. apply HPQ. apply HQ.
Qed.




Theorem not_true_is_false : forall b : bool,
  b <> true -> b = false.
Proof.
  intros b H.
  destruct b eqn:HE.
  - 
    unfold not in H.
    apply ex_falso_quodlibet.
    apply H. reflexivity.
  - 
    reflexivity.
Qed.



Theorem not_true_is_false' : forall b : bool,
  b <> true -> b = false.
Proof.
  intros [] H.          
  - 
    unfold not in H.
    exfalso.                
    apply H. reflexivity.
  -  reflexivity.
Qed.






Lemma True_is_true : True.
Proof. apply I. Qed.







Definition disc_fn (n: nat) : Prop :=
  match n with
  | O => True
  | S _ => False
  end.

Theorem disc_example : forall n, ~ (O = S n).
Proof.
  intros n H1.
  assert (H2 : disc_fn O). { simpl. apply I. }
  rewrite H1 in H2. simpl in H2. apply H2.
Qed.








Module IffPlayground.

Definition iff (P Q : Prop) := (P -> Q) /\ (Q -> P).

Notation "P <-> Q" := (iff P Q)
                      (at level 95, no associativity)
                      : type_scope.

End IffPlayground.

Theorem iff_sym : forall P Q : Prop,
  (P <-> Q) -> (Q <-> P).
Proof.
  
  intros P Q [HAB HBA].
  split.
  -  apply HBA.
  -  apply HAB.  Qed.

Lemma not_true_iff_false : forall b,
  b <> true <-> b = false.
Proof.
  
  intros b. split.
  -  apply not_true_is_false.
  - 
    intros H. rewrite H. intros H'. discriminate H'.
Qed.



Lemma apply_iff_example1:
  forall P Q R : Prop, (P <-> Q) -> (Q -> R) -> (P -> R).
  intros P Q R Hiff H HP. apply H.  apply Hiff. apply HP.
Qed.

Lemma apply_iff_example2:
  forall P Q R : Prop, (P <-> Q) -> (P -> R) -> (Q -> R).
  intros P Q R Hiff H HQ. apply H.  apply Hiff. apply HQ.
Qed.



Theorem iff_refl : forall P : Prop,
  P <-> P.
Proof.
  intros P.
  split. intros H. apply H. intros H. apply H.  Qed.

Theorem iff_trans : forall P Q R : Prop,
  (P <-> Q) -> (Q <-> R) -> (P <-> R).
Proof.
  intros P Q R H1 H2. split.
  - intros H. apply proj1 in H1. apply H1 in H. apply proj1 in H2. apply H2 in H. apply H.
  - intros H. apply proj2 in H2. apply H2 in H. apply proj2 in H1. apply H1 in H. apply H.
Qed.



Theorem or_distributes_over_and : forall P Q R : Prop,
  P \/ (Q /\ R) <-> (P \/ Q) /\ (P \/ R).
Proof.
  intros P Q R.
  split.
  -  intros [HP | [HQ HR]].
    +  split. left. apply HP. left. apply HP.
    +  split.  right. apply HQ. right. apply HR.
  -  intros [[HP1 | HQ] [HP2 | HR]].
    + left. apply HP1.
    + left. apply HP1.
    + left. apply HP2.
    + right. apply and_intro. apply HQ. apply HR.
Qed.







From Coq Require Import Setoids.Setoid.





Lemma mul_eq_0 : forall n m, n * m = 0 <-> n = 0 \/ m = 0.
Proof.
  split.
  - apply mult_is_O.
  - apply factor_is_O.
Qed.

Theorem or_assoc :
  forall P Q R : Prop, P \/ (Q \/ R) <-> (P \/ Q) \/ R.
Proof.
  intros P Q R. split.
  - intros [H | [H | H]].
    + left. left. apply H.
    + left. right. apply H.
    + right. apply H.
  - intros [[H | H] | H].
    + left. apply H.
    + right. left. apply H.
    + right. right. apply H.
Qed.



Lemma mul_eq_0_ternary :
  forall n m p, n * m * p = 0 <-> n = 0 \/ m = 0 \/ p = 0.
Proof.
  intros n m p.
  rewrite mul_eq_0. rewrite mul_eq_0. rewrite or_assoc.
  reflexivity.
Qed.








Definition Even x := exists n : nat, x = double n.

Lemma four_is_Even : Even 4.
Proof.
  unfold Even. exists 2. reflexivity.
Qed.



Theorem exists_example_2 : forall n,
  (exists m, n = 4 + m) ->
  (exists o, n = 2 + o).
Proof.
  
  intros n [m Hm]. 
  exists (2 + m).
  apply Hm.  Qed.



Theorem dist_not_exists : forall (X:Type) (P : X -> Prop),
  (forall x, P x) -> ~ (exists x, ~ P x).
Proof.
  intros X P H [x E].
  unfold not in E. apply E. apply H.
Qed.




Theorem dist_exists_or : forall (X:Type) (P Q : X -> Prop),
  (exists x, P x \/ Q x) <-> (exists x, P x) \/ (exists x, Q x).
Proof.
  intros X P Q.
  split.
  - intros [x [HP | HQ]].
    + left. exists x. apply HP.
    + right. exists x. apply HQ.
  - intros [[x HP] | [x HQ]].
    + exists x. left. apply HP.
    + exists x. right. apply HQ.
Qed.



Theorem leb_plus_exists : forall n m, n <=? m = true -> exists x, m = n+x.
Proof.
  induction n.
  - intros. exists m. reflexivity.
  - destruct m.
    + simpl. discriminate.
    + simpl.
      intros H. apply IHn in H. destruct H as [x0 H].
      rewrite H. exists x0. reflexivity.
Qed.

Theorem plus_exists_leb : forall n m, (exists x, m = n+x) -> n <=? m = true.
Proof.
  intros.
  destruct H.
  generalize dependent m.
  induction n.
  - reflexivity.
  - intros.
    destruct m.
    + discriminate H.
    + rewrite add_comm in H. rewrite <- plus_n_Sm in H. injection H as H.
      rewrite add_comm in H.
      apply IHn in H. apply H.
Qed.









Fixpoint In {A : Type} (x : A) (l : list A) : Prop :=
  match l with
  | [] => False
  | x' :: l' => x' = x \/ In x l'
  end.



Example In_example_1 : In 4 [1; 2; 3; 4; 5].
Proof.
  
  simpl. right. right. right. left. reflexivity.
Qed.

Example In_example_2 :
  forall n, In n [2; 4] ->
  exists n', n = 2 * n'.
Proof.
  
  simpl.
  intros n [H | [H | []]].
  - exists 1. rewrite <- H. reflexivity.
  - exists 2. rewrite <- H. reflexivity.
Qed.






Theorem In_map :
  forall (A B : Type) (f : A -> B) (l : list A) (x : A),
         In x l ->
         In (f x) (map f l).
Proof.
  intros A B f l x.
  induction l as [|x' l' IHl'].
  - 
    simpl. intros [].
  - 
    simpl. intros [H | H].
    + rewrite H. left. reflexivity.
    + right. apply IHl'. apply H.
Qed.




Theorem In_map_iff :
  forall (A B : Type) (f : A -> B) (l : list A) (y : B),
         In y (map f l) <->
         exists x, f x = y /\ In x l.
Proof.
  intros A B f l y. split.
  - 
    induction l as [| x' l'].
    + simpl. intros [].
    + simpl. intros [H | H].
      * 
        exists x'. split. apply H. left. reflexivity.
      * 
        apply IHl' in H. destruct H as [x [H1 H2]].
        exists x. split. apply H1. right. apply H2.
  - 
    intros [x [H1 H2]]. rewrite <- H1. apply In_map. apply H2.
Qed.



Theorem In_app_iff : forall A l l' (a:A),
  In a (l++l') <-> In a l \/ In a l'.
Proof.
  intros A l. induction l as [|a' l' IH].
  + split. right. apply H. intros [H | H]. destruct H. apply H.
  + split.
    - intros [H | H].
      * left. left. apply H.
      * simpl. apply or_assoc. right. apply IH. apply H.
    - intros [H | H].
      * destruct H as [H' | H'].
        left. apply H'.
        right. apply IH. left. apply H'.
      * right. apply IH. right. apply H.
Qed.




Fixpoint All {T : Type} (P : T -> Prop) (l : list T) : Prop
  := match l with
     | [] => True
     | (x :: l') => P x /\ All P l'
     end.

Theorem All_In :
  forall T (P : T -> Prop) (l : list T),
    (forall x, In x l -> P x) <->
    All P l.
Proof.
  intros T P l.
  split.
  
  {
    induction l as [|x' l'].
    + intros H. apply I.
    + simpl. intros H.
      split.
      * apply H. left. reflexivity.
      * apply IHl'. intros x. intros H'. apply H. right. apply H'.
  }
  
  {
    induction l as [|x' l'].
    + intros [] _ [].
    + simpl. intros [H1 H2] x [H | H].
      - rewrite <- H. apply H1.
      - apply IHl'.
        apply H2. apply H.
  }
Qed.




Definition combine_odd_even (Podd Peven : nat -> Prop) : nat -> Prop
  := fun n => if odd n then Podd n else Peven n.



Theorem combine_odd_even_intro :
  forall (Podd Peven : nat -> Prop) (n : nat),
    (odd n = true -> Podd n) ->
    (odd n = false -> Peven n) ->
    combine_odd_even Podd Peven n.
Proof.
  intros Podd Peven n Hodd Heven.
  unfold combine_odd_even.
  destruct (odd n).
  + apply Hodd. reflexivity.
  + apply Heven. reflexivity.
Qed.



Lemma combine_odd_and_even_n_is_odd_0 : forall Podd Peven : nat -> Prop, forall n : nat, forall Hodd : combine_odd_even Podd Peven n, forall Hn : odd n = true, Podd n.

Proof.
(* We will prove the lemma by induction on n.
*)
  intros Podd Peven n Hodd Hn.
(* We will need the following lemmas: *)
  (* - odd_S_is_not_odd: odd (S n) = false *)
  (* - combine_odd_even_0: combine_odd_even Podd Peven 0 = Peven 0 *)
  (* - combine_odd_even_S: combine_odd_even Podd Peven (S n) = Podd (S n) *)
  (* - odd_0_is_false: odd 0 = false *)
  (* - odd_S_is_not_odd: odd (S n) = false *)
  (* - odd_double_is_false: odd (double n) = false *)
  (* - odd_double_S_is_odd: odd (double (S n)) = true *)
  (* - combine_odd_even_double: combine_odd_even Podd Peven (double n) = Peven (double n) *)
  (* - combine_odd_even_S_double: combine_odd_even Podd Peven (S (double n)) = Podd (S (double n)) *)
  (* - combine_odd_even_double_S: combine_odd_even Podd Peven (double (S n)) = Podd (double (S n)) *)
  (* - combine_odd_even_S_double_S: combine_odd_even Podd Peven (S (double (S n))) = Peven (S (double (S n))) *)
  apply (combine_odd_even_induction Podd Peven n Hodd).
- (* Base case: n = 0 *)
    simpl.
rewrite <- (combine_odd_even_0 Podd Peven).
apply Peven.
- (* Inductive case: n = S n' *)
    simpl.
rewrite <- (combine_odd_even_S Podd Peven).
apply Podd.
Qed.

Outdated contents in ..cache: recomputing
ERROR MESSAGE IN LEMMA PROOF (FRAGMENT #1430)
Error in step "apply (combine_odd_even_induction Podd Peven n Hodd).".
Message: The variable combine_odd_even_induction was not found
in the current environment..
Goal: Podd n.


TRYING TO PROVE LEMMA
Lemma combine_odd_and_even_n_is_odd_1 : forall Podd Peven : nat -> Prop, forall n : nat, forall Hodd : combine_odd_even Podd Peven n, forall Hn : odd n = true, Podd n.


ATTEMPTED LEMMA PROOF (LEMMAS USED: 2)


Set Warnings "-notation-overridden,-parsing,-deprecated-hint-without-locality".
From LF Require Export Tactics.



Check (3 = 3) : Prop.

Check (forall n m : nat, n + m = m + n) : Prop.



Check 2 = 2 : Prop.

Check 3 = 2 : Prop.

Check forall n : nat, n = 2 : Prop.





Theorem plus_2_2_is_4 :
  2 + 2 = 4.
Proof. reflexivity.  Qed.



Definition plus_claim : Prop := 2 + 2 = 4.
Check plus_claim : Prop.



Theorem plus_claim_is_true :
  plus_claim.
Proof. reflexivity.  Qed.





Definition is_three (n : nat) : Prop :=
  n = 3.
Check is_three : nat -> Prop.



Definition injective {A B} (f : A -> B) :=
  forall x y : A, f x = f y -> x = y.

Lemma succ_inj : injective S.
Proof.
  intros n m H. injection H as H1. apply H1.
Qed.



Check @eq : forall A : Type, A -> A -> Prop.











Example and_example : 3 + 4 = 7 /\ 2 * 2 = 4.



Proof.
  split.
  -  reflexivity.
  -  reflexivity.
Qed.



Lemma and_intro : forall A B : Prop, A -> B -> A /\ B.
Proof.
  intros A B HA HB. split.
  - apply HA.
  - apply HB.
Qed.



Example and_example' : 3 + 4 = 7 /\ 2 * 2 = 4.
Proof.
  apply and_intro.
  -  reflexivity.
  -  reflexivity.
Qed.


Example and_exercise :
  forall n m : nat, n + m = 0 -> n = 0 /\ m = 0.
Proof.
  intros n m H.
  split.
  - destruct m in H.
    + rewrite <- plus_n_O in H. apply H.
    + rewrite <- plus_n_Sm in H. discriminate H.
  - destruct n in H.
    + rewrite -> plus_n_O in H. apply H.
    + simpl in H. discriminate H.
Qed.




Lemma and_example2 :
  forall n m : nat, n = 0 /\ m = 0 -> n + m = 0.
Proof.
  
  intros n m H.
  destruct H as [Hn Hm].
  rewrite Hn. rewrite Hm.
  reflexivity.
Qed.



Lemma and_example2' :
  forall n m : nat, n = 0 /\ m = 0 -> n + m = 0.
Proof.
  intros n m [Hn Hm].
  rewrite Hn. rewrite Hm.
  reflexivity.
Qed.



Lemma and_example2'' :
  forall n m : nat, n = 0 -> m = 0 -> n + m = 0.
Proof.
  intros n m Hn Hm.
  rewrite Hn. rewrite Hm.
  reflexivity.
Qed.



Lemma and_example3 :
  forall n m : nat, n + m = 0 -> n * m = 0.
Proof.
  
  intros n m H.
  apply and_exercise in H.
  destruct H as [Hn Hm].
  rewrite Hn. reflexivity.
Qed.



Lemma proj1 : forall P Q : Prop,
  P /\ Q -> P.
Proof.
  intros P Q HPQ.
  destruct HPQ as [HP _].
  apply HP.  Qed.


Lemma proj2 : forall P Q : Prop,
  P /\ Q -> Q.
Proof.
  intros P Q [_ HQ].
  apply HQ.
Qed.




Theorem and_commut : forall P Q : Prop,
  P /\ Q -> Q /\ P.
Proof.
  intros P Q [HP HQ].
  split.
    -  apply HQ.
    -  apply HP.  Qed.



Theorem and_assoc : forall P Q R : Prop,
  P /\ (Q /\ R) -> (P /\ Q) /\ R.
Proof.
  intros P Q R [HP [HQ HR]].
  split.
  + split. apply HP. apply HQ.
  + apply HR.
Qed.




Check and : Prop -> Prop -> Prop.








Lemma factor_is_O:
  forall n m : nat, n = 0 \/ m = 0 -> n * m = 0.
Proof.
  
  intros n m [Hn | Hm].
  - 
    rewrite Hn. reflexivity.
  - 
    rewrite Hm. rewrite <- mult_n_O.
    reflexivity.
Qed.



Lemma or_intro_l : forall A B : Prop, A -> A \/ B.
Proof.
  intros A B HA.
  left.
  apply HA.
Qed.



Lemma zero_or_succ :
  forall n : nat, n = 0 \/ n = S (pred n).
Proof.
  
  intros [|n'].
  - left. reflexivity.
  - right. reflexivity.
Qed.


Lemma mult_is_O :
  forall n m, n * m = 0 -> n = 0 \/ m = 0.
Proof.
  intros n m H.
  destruct n.
  - left. reflexivity.
  - right. destruct m.
    + reflexivity.
    + discriminate H.
Qed.



Theorem or_commut : forall P Q : Prop,
  P \/ Q  -> Q \/ P.
Proof.
  intros P Q [HP | HQ].
  - right. apply HP.
  - left. apply HQ.
Qed.







Module NotPlayground.

Definition not (P:Prop) := P -> False.

Notation "~ x" := (not x) : type_scope.

Check not : Prop -> Prop.

End NotPlayground.



Theorem ex_falso_quodlibet : forall (P:Prop),
  False -> P.
Proof.
  
  intros P contra.
  destruct contra.  Qed.





Theorem not_implies_our_not : forall (P:Prop),
  ~ P -> (forall (Q:Prop), P -> Q).
Proof.
  intros P HNP Q contra.
  unfold not in HNP.
  apply HNP in contra. destruct contra.
Qed.






Theorem zero_not_one : 0 <> 1.
Proof.
  
  unfold not.
  
  intros contra.
  
  discriminate contra.
Qed.



Theorem not_False :
  ~ False.
Proof.
  unfold not. intros H. destruct H. Qed.

Theorem contradiction_implies_anything : forall P Q : Prop,
  (P /\ ~P) -> Q.
Proof.
  
  intros P Q [HP HNA]. unfold not in HNA.
  apply HNA in HP. destruct HP.  Qed.

Theorem double_neg : forall P : Prop,
  P -> ~~P.
Proof.
  
  intros P H. unfold not. intros G. apply G. apply H.  Qed.






Definition manual_grade_for_double_neg_inf : option (nat*string) := None.



Theorem contrapositive : forall (P Q : Prop),
  (P -> Q) -> (~Q -> ~P).
Proof.
  intros P Q HPQ HQ HP.
  unfold not in HQ. apply HPQ in HP. apply HQ in HP. apply HP.
Qed.



Theorem not_both_true_and_false : forall P : Prop,
  ~ (P /\ ~P).
Proof.
  intros P H.
  apply contradiction_implies_anything with (Q:=False) in H.
  apply H.
Qed.







Definition manual_grade_for_informal_not_PNP : option (nat*string) := None.



Theorem de_morgan_not_or : forall (P Q : Prop),
    ~ (P \/ Q) -> ~P /\ ~Q.
Proof.
  intros P Q HPQ.
  unfold not in HPQ.
  split.
  - intros HP. apply or_intro_l  with (B:=Q) in HP. apply HPQ. apply HP.
  - intros HQ. apply or_intro_l  with (B:=P) in HQ. apply or_commut in HQ. apply HPQ. apply HQ.
Qed.




Theorem not_true_is_false : forall b : bool,
  b <> true -> b = false.
Proof.
  intros b H.
  destruct b eqn:HE.
  - 
    unfold not in H.
    apply ex_falso_quodlibet.
    apply H. reflexivity.
  - 
    reflexivity.
Qed.



Theorem not_true_is_false' : forall b : bool,
  b <> true -> b = false.
Proof.
  intros [] H.          
  - 
    unfold not in H.
    exfalso.                
    apply H. reflexivity.
  -  reflexivity.
Qed.






Lemma True_is_true : True.
Proof. apply I. Qed.







Definition disc_fn (n: nat) : Prop :=
  match n with
  | O => True
  | S _ => False
  end.

Theorem disc_example : forall n, ~ (O = S n).
Proof.
  intros n H1.
  assert (H2 : disc_fn O). { simpl. apply I. }
  rewrite H1 in H2. simpl in H2. apply H2.
Qed.








Module IffPlayground.

Definition iff (P Q : Prop) := (P -> Q) /\ (Q -> P).

Notation "P <-> Q" := (iff P Q)
                      (at level 95, no associativity)
                      : type_scope.

End IffPlayground.

Theorem iff_sym : forall P Q : Prop,
  (P <-> Q) -> (Q <-> P).
Proof.
  
  intros P Q [HAB HBA].
  split.
  -  apply HBA.
  -  apply HAB.  Qed.

Lemma not_true_iff_false : forall b,
  b <> true <-> b = false.
Proof.
  
  intros b. split.
  -  apply not_true_is_false.
  - 
    intros H. rewrite H. intros H'. discriminate H'.
Qed.



Lemma apply_iff_example1:
  forall P Q R : Prop, (P <-> Q) -> (Q -> R) -> (P -> R).
  intros P Q R Hiff H HP. apply H.  apply Hiff. apply HP.
Qed.

Lemma apply_iff_example2:
  forall P Q R : Prop, (P <-> Q) -> (P -> R) -> (Q -> R).
  intros P Q R Hiff H HQ. apply H.  apply Hiff. apply HQ.
Qed.



Theorem iff_refl : forall P : Prop,
  P <-> P.
Proof.
  intros P.
  split. intros H. apply H. intros H. apply H.  Qed.

Theorem iff_trans : forall P Q R : Prop,
  (P <-> Q) -> (Q <-> R) -> (P <-> R).
Proof.
  intros P Q R H1 H2. split.
  - intros H. apply proj1 in H1. apply H1 in H. apply proj1 in H2. apply H2 in H. apply H.
  - intros H. apply proj2 in H2. apply H2 in H. apply proj2 in H1. apply H1 in H. apply H.
Qed.



Theorem or_distributes_over_and : forall P Q R : Prop,
  P \/ (Q /\ R) <-> (P \/ Q) /\ (P \/ R).
Proof.
  intros P Q R.
  split.
  -  intros [HP | [HQ HR]].
    +  split. left. apply HP. left. apply HP.
    +  split.  right. apply HQ. right. apply HR.
  -  intros [[HP1 | HQ] [HP2 | HR]].
    + left. apply HP1.
    + left. apply HP1.
    + left. apply HP2.
    + right. apply and_intro. apply HQ. apply HR.
Qed.







From Coq Require Import Setoids.Setoid.





Lemma mul_eq_0 : forall n m, n * m = 0 <-> n = 0 \/ m = 0.
Proof.
  split.
  - apply mult_is_O.
  - apply factor_is_O.
Qed.

Theorem or_assoc :
  forall P Q R : Prop, P \/ (Q \/ R) <-> (P \/ Q) \/ R.
Proof.
  intros P Q R. split.
  - intros [H | [H | H]].
    + left. left. apply H.
    + left. right. apply H.
    + right. apply H.
  - intros [[H | H] | H].
    + left. apply H.
    + right. left. apply H.
    + right. right. apply H.
Qed.



Lemma mul_eq_0_ternary :
  forall n m p, n * m * p = 0 <-> n = 0 \/ m = 0 \/ p = 0.
Proof.
  intros n m p.
  rewrite mul_eq_0. rewrite mul_eq_0. rewrite or_assoc.
  reflexivity.
Qed.








Definition Even x := exists n : nat, x = double n.

Lemma four_is_Even : Even 4.
Proof.
  unfold Even. exists 2. reflexivity.
Qed.



Theorem exists_example_2 : forall n,
  (exists m, n = 4 + m) ->
  (exists o, n = 2 + o).
Proof.
  
  intros n [m Hm]. 
  exists (2 + m).
  apply Hm.  Qed.



Theorem dist_not_exists : forall (X:Type) (P : X -> Prop),
  (forall x, P x) -> ~ (exists x, ~ P x).
Proof.
  intros X P H [x E].
  unfold not in E. apply E. apply H.
Qed.




Theorem dist_exists_or : forall (X:Type) (P Q : X -> Prop),
  (exists x, P x \/ Q x) <-> (exists x, P x) \/ (exists x, Q x).
Proof.
  intros X P Q.
  split.
  - intros [x [HP | HQ]].
    + left. exists x. apply HP.
    + right. exists x. apply HQ.
  - intros [[x HP] | [x HQ]].
    + exists x. left. apply HP.
    + exists x. right. apply HQ.
Qed.



Theorem leb_plus_exists : forall n m, n <=? m = true -> exists x, m = n+x.
Proof.
  induction n.
  - intros. exists m. reflexivity.
  - destruct m.
    + simpl. discriminate.
    + simpl.
      intros H. apply IHn in H. destruct H as [x0 H].
      rewrite H. exists x0. reflexivity.
Qed.

Theorem plus_exists_leb : forall n m, (exists x, m = n+x) -> n <=? m = true.
Proof.
  intros.
  destruct H.
  generalize dependent m.
  induction n.
  - reflexivity.
  - intros.
    destruct m.
    + discriminate H.
    + rewrite add_comm in H. rewrite <- plus_n_Sm in H. injection H as H.
      rewrite add_comm in H.
      apply IHn in H. apply H.
Qed.









Fixpoint In {A : Type} (x : A) (l : list A) : Prop :=
  match l with
  | [] => False
  | x' :: l' => x' = x \/ In x l'
  end.



Example In_example_1 : In 4 [1; 2; 3; 4; 5].
Proof.
  
  simpl. right. right. right. left. reflexivity.
Qed.

Example In_example_2 :
  forall n, In n [2; 4] ->
  exists n', n = 2 * n'.
Proof.
  
  simpl.
  intros n [H | [H | []]].
  - exists 1. rewrite <- H. reflexivity.
  - exists 2. rewrite <- H. reflexivity.
Qed.






Theorem In_map :
  forall (A B : Type) (f : A -> B) (l : list A) (x : A),
         In x l ->
         In (f x) (map f l).
Proof.
  intros A B f l x.
  induction l as [|x' l' IHl'].
  - 
    simpl. intros [].
  - 
    simpl. intros [H | H].
    + rewrite H. left. reflexivity.
    + right. apply IHl'. apply H.
Qed.




Theorem In_map_iff :
  forall (A B : Type) (f : A -> B) (l : list A) (y : B),
         In y (map f l) <->
         exists x, f x = y /\ In x l.
Proof.
  intros A B f l y. split.
  - 
    induction l as [| x' l'].
    + simpl. intros [].
    + simpl. intros [H | H].
      * 
        exists x'. split. apply H. left. reflexivity.
      * 
        apply IHl' in H. destruct H as [x [H1 H2]].
        exists x. split. apply H1. right. apply H2.
  - 
    intros [x [H1 H2]]. rewrite <- H1. apply In_map. apply H2.
Qed.



Theorem In_app_iff : forall A l l' (a:A),
  In a (l++l') <-> In a l \/ In a l'.
Proof.
  intros A l. induction l as [|a' l' IH].
  + split. right. apply H. intros [H | H]. destruct H. apply H.
  + split.
    - intros [H | H].
      * left. left. apply H.
      * simpl. apply or_assoc. right. apply IH. apply H.
    - intros [H | H].
      * destruct H as [H' | H'].
        left. apply H'.
        right. apply IH. left. apply H'.
      * right. apply IH. right. apply H.
Qed.




Fixpoint All {T : Type} (P : T -> Prop) (l : list T) : Prop
  := match l with
     | [] => True
     | (x :: l') => P x /\ All P l'
     end.

Theorem All_In :
  forall T (P : T -> Prop) (l : list T),
    (forall x, In x l -> P x) <->
    All P l.
Proof.
  intros T P l.
  split.
  
  {
    induction l as [|x' l'].
    + intros H. apply I.
    + simpl. intros H.
      split.
      * apply H. left. reflexivity.
      * apply IHl'. intros x. intros H'. apply H. right. apply H'.
  }
  
  {
    induction l as [|x' l'].
    + intros [] _ [].
    + simpl. intros [H1 H2] x [H | H].
      - rewrite <- H. apply H1.
      - apply IHl'.
        apply H2. apply H.
  }
Qed.




Definition combine_odd_even (Podd Peven : nat -> Prop) : nat -> Prop
  := fun n => if odd n then Podd n else Peven n.



Theorem combine_odd_even_intro :
  forall (Podd Peven : nat -> Prop) (n : nat),
    (odd n = true -> Podd n) ->
    (odd n = false -> Peven n) ->
    combine_odd_even Podd Peven n.
Proof.
  intros Podd Peven n Hodd Heven.
  unfold combine_odd_even.
  destruct (odd n).
  + apply Hodd. reflexivity.
  + apply Heven. reflexivity.
Qed.



Lemma combine_odd_and_even_n_is_odd_1 : forall Podd Peven : nat -> Prop, forall n : nat, forall Hodd : combine_odd_even Podd Peven n, forall Hn : odd n = true, Podd n.

Proof.
(* We will proceed by induction on n.
*)
  intros Podd Peven n Hodd Hn.
(* We will need to use the definition of combine_odd_even.
*)
  generalize dependent Hodd.
induction n as [|n' IHn']; intros Podd Peven Hodd.
(* Base case: n = 0 *)
  - simpl.
(* We need to prove that Podd 0 holds.
*)
    apply Hodd.
(* Inductive case: n = S n' *)
  - simpl.
(* We need to prove that Podd (S n') holds.
*)
    apply IHn' in Hodd.
(* We know that combine_odd_even Podd Peven n' holds.
*)
    (* We also know that odd n = true holds.
*)
    (* We will use the definition of odd.
*)
    simpl in Hn.
(* We need to prove that Podd (S n') holds.
*)
    apply Hodd.
Qed.

Outdated contents in ..cache: recomputing
ERROR MESSAGE IN LEMMA PROOF (FRAGMENT #1432)
Error in step "induction n as [|n' IHn']; intros Podd Peven Hodd.".
Message: Podd is already used..
Goal: combine_odd_even Podd Peven n -> Podd n.


TRYING TO PROVE LEMMA
Lemma combine_odd_and_even_podd_2 : forall Podd Peven : nat -> Prop, forall n : nat, forall Hn : odd n = true, combine_odd_even Podd Peven n -> Podd n.


ATTEMPTED LEMMA PROOF (LEMMAS USED: 3)


Set Warnings "-notation-overridden,-parsing,-deprecated-hint-without-locality".
From LF Require Export Tactics.



Check (3 = 3) : Prop.

Check (forall n m : nat, n + m = m + n) : Prop.



Check 2 = 2 : Prop.

Check 3 = 2 : Prop.

Check forall n : nat, n = 2 : Prop.





Theorem plus_2_2_is_4 :
  2 + 2 = 4.
Proof. reflexivity.  Qed.



Definition plus_claim : Prop := 2 + 2 = 4.
Check plus_claim : Prop.



Theorem plus_claim_is_true :
  plus_claim.
Proof. reflexivity.  Qed.





Definition is_three (n : nat) : Prop :=
  n = 3.
Check is_three : nat -> Prop.



Definition injective {A B} (f : A -> B) :=
  forall x y : A, f x = f y -> x = y.

Lemma succ_inj : injective S.
Proof.
  intros n m H. injection H as H1. apply H1.
Qed.



Check @eq : forall A : Type, A -> A -> Prop.











Example and_example : 3 + 4 = 7 /\ 2 * 2 = 4.



Proof.
  split.
  -  reflexivity.
  -  reflexivity.
Qed.



Lemma and_intro : forall A B : Prop, A -> B -> A /\ B.
Proof.
  intros A B HA HB. split.
  - apply HA.
  - apply HB.
Qed.



Example and_example' : 3 + 4 = 7 /\ 2 * 2 = 4.
Proof.
  apply and_intro.
  -  reflexivity.
  -  reflexivity.
Qed.


Example and_exercise :
  forall n m : nat, n + m = 0 -> n = 0 /\ m = 0.
Proof.
  intros n m H.
  split.
  - destruct m in H.
    + rewrite <- plus_n_O in H. apply H.
    + rewrite <- plus_n_Sm in H. discriminate H.
  - destruct n in H.
    + rewrite -> plus_n_O in H. apply H.
    + simpl in H. discriminate H.
Qed.




Lemma and_example2 :
  forall n m : nat, n = 0 /\ m = 0 -> n + m = 0.
Proof.
  
  intros n m H.
  destruct H as [Hn Hm].
  rewrite Hn. rewrite Hm.
  reflexivity.
Qed.



Lemma and_example2' :
  forall n m : nat, n = 0 /\ m = 0 -> n + m = 0.
Proof.
  intros n m [Hn Hm].
  rewrite Hn. rewrite Hm.
  reflexivity.
Qed.



Lemma and_example2'' :
  forall n m : nat, n = 0 -> m = 0 -> n + m = 0.
Proof.
  intros n m Hn Hm.
  rewrite Hn. rewrite Hm.
  reflexivity.
Qed.



Lemma and_example3 :
  forall n m : nat, n + m = 0 -> n * m = 0.
Proof.
  
  intros n m H.
  apply and_exercise in H.
  destruct H as [Hn Hm].
  rewrite Hn. reflexivity.
Qed.



Lemma proj1 : forall P Q : Prop,
  P /\ Q -> P.
Proof.
  intros P Q HPQ.
  destruct HPQ as [HP _].
  apply HP.  Qed.


Lemma proj2 : forall P Q : Prop,
  P /\ Q -> Q.
Proof.
  intros P Q [_ HQ].
  apply HQ.
Qed.




Theorem and_commut : forall P Q : Prop,
  P /\ Q -> Q /\ P.
Proof.
  intros P Q [HP HQ].
  split.
    -  apply HQ.
    -  apply HP.  Qed.



Theorem and_assoc : forall P Q R : Prop,
  P /\ (Q /\ R) -> (P /\ Q) /\ R.
Proof.
  intros P Q R [HP [HQ HR]].
  split.
  + split. apply HP. apply HQ.
  + apply HR.
Qed.




Check and : Prop -> Prop -> Prop.








Lemma factor_is_O:
  forall n m : nat, n = 0 \/ m = 0 -> n * m = 0.
Proof.
  
  intros n m [Hn | Hm].
  - 
    rewrite Hn. reflexivity.
  - 
    rewrite Hm. rewrite <- mult_n_O.
    reflexivity.
Qed.



Lemma or_intro_l : forall A B : Prop, A -> A \/ B.
Proof.
  intros A B HA.
  left.
  apply HA.
Qed.



Lemma zero_or_succ :
  forall n : nat, n = 0 \/ n = S (pred n).
Proof.
  
  intros [|n'].
  - left. reflexivity.
  - right. reflexivity.
Qed.


Lemma mult_is_O :
  forall n m, n * m = 0 -> n = 0 \/ m = 0.
Proof.
  intros n m H.
  destruct n.
  - left. reflexivity.
  - right. destruct m.
    + reflexivity.
    + discriminate H.
Qed.



Theorem or_commut : forall P Q : Prop,
  P \/ Q  -> Q \/ P.
Proof.
  intros P Q [HP | HQ].
  - right. apply HP.
  - left. apply HQ.
Qed.







Module NotPlayground.

Definition not (P:Prop) := P -> False.

Notation "~ x" := (not x) : type_scope.

Check not : Prop -> Prop.

End NotPlayground.



Theorem ex_falso_quodlibet : forall (P:Prop),
  False -> P.
Proof.
  
  intros P contra.
  destruct contra.  Qed.





Theorem not_implies_our_not : forall (P:Prop),
  ~ P -> (forall (Q:Prop), P -> Q).
Proof.
  intros P HNP Q contra.
  unfold not in HNP.
  apply HNP in contra. destruct contra.
Qed.






Theorem zero_not_one : 0 <> 1.
Proof.
  
  unfold not.
  
  intros contra.
  
  discriminate contra.
Qed.



Theorem not_False :
  ~ False.
Proof.
  unfold not. intros H. destruct H. Qed.

Theorem contradiction_implies_anything : forall P Q : Prop,
  (P /\ ~P) -> Q.
Proof.
  
  intros P Q [HP HNA]. unfold not in HNA.
  apply HNA in HP. destruct HP.  Qed.

Theorem double_neg : forall P : Prop,
  P -> ~~P.
Proof.
  
  intros P H. unfold not. intros G. apply G. apply H.  Qed.






Definition manual_grade_for_double_neg_inf : option (nat*string) := None.



Theorem contrapositive : forall (P Q : Prop),
  (P -> Q) -> (~Q -> ~P).
Proof.
  intros P Q HPQ HQ HP.
  unfold not in HQ. apply HPQ in HP. apply HQ in HP. apply HP.
Qed.



Theorem not_both_true_and_false : forall P : Prop,
  ~ (P /\ ~P).
Proof.
  intros P H.
  apply contradiction_implies_anything with (Q:=False) in H.
  apply H.
Qed.







Definition manual_grade_for_informal_not_PNP : option (nat*string) := None.



Theorem de_morgan_not_or : forall (P Q : Prop),
    ~ (P \/ Q) -> ~P /\ ~Q.
Proof.
  intros P Q HPQ.
  unfold not in HPQ.
  split.
  - intros HP. apply or_intro_l  with (B:=Q) in HP. apply HPQ. apply HP.
  - intros HQ. apply or_intro_l  with (B:=P) in HQ. apply or_commut in HQ. apply HPQ. apply HQ.
Qed.




Theorem not_true_is_false : forall b : bool,
  b <> true -> b = false.
Proof.
  intros b H.
  destruct b eqn:HE.
  - 
    unfold not in H.
    apply ex_falso_quodlibet.
    apply H. reflexivity.
  - 
    reflexivity.
Qed.



Theorem not_true_is_false' : forall b : bool,
  b <> true -> b = false.
Proof.
  intros [] H.          
  - 
    unfold not in H.
    exfalso.                
    apply H. reflexivity.
  -  reflexivity.
Qed.






Lemma True_is_true : True.
Proof. apply I. Qed.







Definition disc_fn (n: nat) : Prop :=
  match n with
  | O => True
  | S _ => False
  end.

Theorem disc_example : forall n, ~ (O = S n).
Proof.
  intros n H1.
  assert (H2 : disc_fn O). { simpl. apply I. }
  rewrite H1 in H2. simpl in H2. apply H2.
Qed.








Module IffPlayground.

Definition iff (P Q : Prop) := (P -> Q) /\ (Q -> P).

Notation "P <-> Q" := (iff P Q)
                      (at level 95, no associativity)
                      : type_scope.

End IffPlayground.

Theorem iff_sym : forall P Q : Prop,
  (P <-> Q) -> (Q <-> P).
Proof.
  
  intros P Q [HAB HBA].
  split.
  -  apply HBA.
  -  apply HAB.  Qed.

Lemma not_true_iff_false : forall b,
  b <> true <-> b = false.
Proof.
  
  intros b. split.
  -  apply not_true_is_false.
  - 
    intros H. rewrite H. intros H'. discriminate H'.
Qed.



Lemma apply_iff_example1:
  forall P Q R : Prop, (P <-> Q) -> (Q -> R) -> (P -> R).
  intros P Q R Hiff H HP. apply H.  apply Hiff. apply HP.
Qed.

Lemma apply_iff_example2:
  forall P Q R : Prop, (P <-> Q) -> (P -> R) -> (Q -> R).
  intros P Q R Hiff H HQ. apply H.  apply Hiff. apply HQ.
Qed.



Theorem iff_refl : forall P : Prop,
  P <-> P.
Proof.
  intros P.
  split. intros H. apply H. intros H. apply H.  Qed.

Theorem iff_trans : forall P Q R : Prop,
  (P <-> Q) -> (Q <-> R) -> (P <-> R).
Proof.
  intros P Q R H1 H2. split.
  - intros H. apply proj1 in H1. apply H1 in H. apply proj1 in H2. apply H2 in H. apply H.
  - intros H. apply proj2 in H2. apply H2 in H. apply proj2 in H1. apply H1 in H. apply H.
Qed.



Theorem or_distributes_over_and : forall P Q R : Prop,
  P \/ (Q /\ R) <-> (P \/ Q) /\ (P \/ R).
Proof.
  intros P Q R.
  split.
  -  intros [HP | [HQ HR]].
    +  split. left. apply HP. left. apply HP.
    +  split.  right. apply HQ. right. apply HR.
  -  intros [[HP1 | HQ] [HP2 | HR]].
    + left. apply HP1.
    + left. apply HP1.
    + left. apply HP2.
    + right. apply and_intro. apply HQ. apply HR.
Qed.







From Coq Require Import Setoids.Setoid.





Lemma mul_eq_0 : forall n m, n * m = 0 <-> n = 0 \/ m = 0.
Proof.
  split.
  - apply mult_is_O.
  - apply factor_is_O.
Qed.

Theorem or_assoc :
  forall P Q R : Prop, P \/ (Q \/ R) <-> (P \/ Q) \/ R.
Proof.
  intros P Q R. split.
  - intros [H | [H | H]].
    + left. left. apply H.
    + left. right. apply H.
    + right. apply H.
  - intros [[H | H] | H].
    + left. apply H.
    + right. left. apply H.
    + right. right. apply H.
Qed.



Lemma mul_eq_0_ternary :
  forall n m p, n * m * p = 0 <-> n = 0 \/ m = 0 \/ p = 0.
Proof.
  intros n m p.
  rewrite mul_eq_0. rewrite mul_eq_0. rewrite or_assoc.
  reflexivity.
Qed.








Definition Even x := exists n : nat, x = double n.

Lemma four_is_Even : Even 4.
Proof.
  unfold Even. exists 2. reflexivity.
Qed.



Theorem exists_example_2 : forall n,
  (exists m, n = 4 + m) ->
  (exists o, n = 2 + o).
Proof.
  
  intros n [m Hm]. 
  exists (2 + m).
  apply Hm.  Qed.



Theorem dist_not_exists : forall (X:Type) (P : X -> Prop),
  (forall x, P x) -> ~ (exists x, ~ P x).
Proof.
  intros X P H [x E].
  unfold not in E. apply E. apply H.
Qed.




Theorem dist_exists_or : forall (X:Type) (P Q : X -> Prop),
  (exists x, P x \/ Q x) <-> (exists x, P x) \/ (exists x, Q x).
Proof.
  intros X P Q.
  split.
  - intros [x [HP | HQ]].
    + left. exists x. apply HP.
    + right. exists x. apply HQ.
  - intros [[x HP] | [x HQ]].
    + exists x. left. apply HP.
    + exists x. right. apply HQ.
Qed.



Theorem leb_plus_exists : forall n m, n <=? m = true -> exists x, m = n+x.
Proof.
  induction n.
  - intros. exists m. reflexivity.
  - destruct m.
    + simpl. discriminate.
    + simpl.
      intros H. apply IHn in H. destruct H as [x0 H].
      rewrite H. exists x0. reflexivity.
Qed.

Theorem plus_exists_leb : forall n m, (exists x, m = n+x) -> n <=? m = true.
Proof.
  intros.
  destruct H.
  generalize dependent m.
  induction n.
  - reflexivity.
  - intros.
    destruct m.
    + discriminate H.
    + rewrite add_comm in H. rewrite <- plus_n_Sm in H. injection H as H.
      rewrite add_comm in H.
      apply IHn in H. apply H.
Qed.









Fixpoint In {A : Type} (x : A) (l : list A) : Prop :=
  match l with
  | [] => False
  | x' :: l' => x' = x \/ In x l'
  end.



Example In_example_1 : In 4 [1; 2; 3; 4; 5].
Proof.
  
  simpl. right. right. right. left. reflexivity.
Qed.

Example In_example_2 :
  forall n, In n [2; 4] ->
  exists n', n = 2 * n'.
Proof.
  
  simpl.
  intros n [H | [H | []]].
  - exists 1. rewrite <- H. reflexivity.
  - exists 2. rewrite <- H. reflexivity.
Qed.






Theorem In_map :
  forall (A B : Type) (f : A -> B) (l : list A) (x : A),
         In x l ->
         In (f x) (map f l).
Proof.
  intros A B f l x.
  induction l as [|x' l' IHl'].
  - 
    simpl. intros [].
  - 
    simpl. intros [H | H].
    + rewrite H. left. reflexivity.
    + right. apply IHl'. apply H.
Qed.




Theorem In_map_iff :
  forall (A B : Type) (f : A -> B) (l : list A) (y : B),
         In y (map f l) <->
         exists x, f x = y /\ In x l.
Proof.
  intros A B f l y. split.
  - 
    induction l as [| x' l'].
    + simpl. intros [].
    + simpl. intros [H | H].
      * 
        exists x'. split. apply H. left. reflexivity.
      * 
        apply IHl' in H. destruct H as [x [H1 H2]].
        exists x. split. apply H1. right. apply H2.
  - 
    intros [x [H1 H2]]. rewrite <- H1. apply In_map. apply H2.
Qed.



Theorem In_app_iff : forall A l l' (a:A),
  In a (l++l') <-> In a l \/ In a l'.
Proof.
  intros A l. induction l as [|a' l' IH].
  + split. right. apply H. intros [H | H]. destruct H. apply H.
  + split.
    - intros [H | H].
      * left. left. apply H.
      * simpl. apply or_assoc. right. apply IH. apply H.
    - intros [H | H].
      * destruct H as [H' | H'].
        left. apply H'.
        right. apply IH. left. apply H'.
      * right. apply IH. right. apply H.
Qed.




Fixpoint All {T : Type} (P : T -> Prop) (l : list T) : Prop
  := match l with
     | [] => True
     | (x :: l') => P x /\ All P l'
     end.

Theorem All_In :
  forall T (P : T -> Prop) (l : list T),
    (forall x, In x l -> P x) <->
    All P l.
Proof.
  intros T P l.
  split.
  
  {
    induction l as [|x' l'].
    + intros H. apply I.
    + simpl. intros H.
      split.
      * apply H. left. reflexivity.
      * apply IHl'. intros x. intros H'. apply H. right. apply H'.
  }
  
  {
    induction l as [|x' l'].
    + intros [] _ [].
    + simpl. intros [H1 H2] x [H | H].
      - rewrite <- H. apply H1.
      - apply IHl'.
        apply H2. apply H.
  }
Qed.




Definition combine_odd_even (Podd Peven : nat -> Prop) : nat -> Prop
  := fun n => if odd n then Podd n else Peven n.



Theorem combine_odd_even_intro :
  forall (Podd Peven : nat -> Prop) (n : nat),
    (odd n = true -> Podd n) ->
    (odd n = false -> Peven n) ->
    combine_odd_even Podd Peven n.
Proof.
  intros Podd Peven n Hodd Heven.
  unfold combine_odd_even.
  destruct (odd n).
  + apply Hodd. reflexivity.
  + apply Heven. reflexivity.
Qed.



Lemma combine_odd_and_even_podd_2 : forall Podd Peven : nat -> Prop, forall n : nat, forall Hn : odd n = true, combine_odd_even Podd Peven n -> Podd n.

Proof.
(* We will prove the lemma by induction on n.
*)
  intros Podd Peven n Hn.
(* We will need to use the IHcombine_odd_even, which states that if combine_odd_even Podd Peven n is true, then either Podd n or Peven n is true.
*)
  induction n as [|n' IHn'].
(* Base case: n = 0 *)
  - simpl.
(* We know that odd 0 = false, so Hn is not applicable.
*)
    (* We need to show that Podd 0 holds.
*)
    apply Podd.
(* Inductive case: n = S n' *)
  - simpl.
(* We know that odd (S n') = not (odd n') *)
    (* We also know that Hn is true, so we have not (odd n') = true *)
    (* Therefore, we have odd n' = false *)
    simpl in Hn.
(* We now need to show that Podd (S n') holds *)
    apply Podd.
Qed.

Outdated contents in ..cache: recomputing
ERROR MESSAGE IN LEMMA PROOF (FRAGMENT #1436)
Error in step "apply Podd.".
Message: In environment
Podd, Peven : nat -> Prop
Hn : odd 0 = true
Unable to unify "nat -> Prop" with
 "combine_odd_even Podd Peven 0 -> Podd 0"..
Goal: combine_odd_even Podd Peven 0 -> Podd 0.


TRYING TO PROVE LEMMA
Lemma base_case_for_combine_odd_even_3 : forall Podd Peven : nat -> Prop, forall Hn : odd 0 = true, combine_odd_even Podd Peven 0 -> Podd 0.


ATTEMPTED LEMMA PROOF (LEMMAS USED: 4)


Set Warnings "-notation-overridden,-parsing,-deprecated-hint-without-locality".
From LF Require Export Tactics.



Check (3 = 3) : Prop.

Check (forall n m : nat, n + m = m + n) : Prop.



Check 2 = 2 : Prop.

Check 3 = 2 : Prop.

Check forall n : nat, n = 2 : Prop.





Theorem plus_2_2_is_4 :
  2 + 2 = 4.
Proof. reflexivity.  Qed.



Definition plus_claim : Prop := 2 + 2 = 4.
Check plus_claim : Prop.



Theorem plus_claim_is_true :
  plus_claim.
Proof. reflexivity.  Qed.





Definition is_three (n : nat) : Prop :=
  n = 3.
Check is_three : nat -> Prop.



Definition injective {A B} (f : A -> B) :=
  forall x y : A, f x = f y -> x = y.

Lemma succ_inj : injective S.
Proof.
  intros n m H. injection H as H1. apply H1.
Qed.



Check @eq : forall A : Type, A -> A -> Prop.











Example and_example : 3 + 4 = 7 /\ 2 * 2 = 4.



Proof.
  split.
  -  reflexivity.
  -  reflexivity.
Qed.



Lemma and_intro : forall A B : Prop, A -> B -> A /\ B.
Proof.
  intros A B HA HB. split.
  - apply HA.
  - apply HB.
Qed.



Example and_example' : 3 + 4 = 7 /\ 2 * 2 = 4.
Proof.
  apply and_intro.
  -  reflexivity.
  -  reflexivity.
Qed.


Example and_exercise :
  forall n m : nat, n + m = 0 -> n = 0 /\ m = 0.
Proof.
  intros n m H.
  split.
  - destruct m in H.
    + rewrite <- plus_n_O in H. apply H.
    + rewrite <- plus_n_Sm in H. discriminate H.
  - destruct n in H.
    + rewrite -> plus_n_O in H. apply H.
    + simpl in H. discriminate H.
Qed.




Lemma and_example2 :
  forall n m : nat, n = 0 /\ m = 0 -> n + m = 0.
Proof.
  
  intros n m H.
  destruct H as [Hn Hm].
  rewrite Hn. rewrite Hm.
  reflexivity.
Qed.



Lemma and_example2' :
  forall n m : nat, n = 0 /\ m = 0 -> n + m = 0.
Proof.
  intros n m [Hn Hm].
  rewrite Hn. rewrite Hm.
  reflexivity.
Qed.



Lemma and_example2'' :
  forall n m : nat, n = 0 -> m = 0 -> n + m = 0.
Proof.
  intros n m Hn Hm.
  rewrite Hn. rewrite Hm.
  reflexivity.
Qed.



Lemma and_example3 :
  forall n m : nat, n + m = 0 -> n * m = 0.
Proof.
  
  intros n m H.
  apply and_exercise in H.
  destruct H as [Hn Hm].
  rewrite Hn. reflexivity.
Qed.



Lemma proj1 : forall P Q : Prop,
  P /\ Q -> P.
Proof.
  intros P Q HPQ.
  destruct HPQ as [HP _].
  apply HP.  Qed.


Lemma proj2 : forall P Q : Prop,
  P /\ Q -> Q.
Proof.
  intros P Q [_ HQ].
  apply HQ.
Qed.




Theorem and_commut : forall P Q : Prop,
  P /\ Q -> Q /\ P.
Proof.
  intros P Q [HP HQ].
  split.
    -  apply HQ.
    -  apply HP.  Qed.



Theorem and_assoc : forall P Q R : Prop,
  P /\ (Q /\ R) -> (P /\ Q) /\ R.
Proof.
  intros P Q R [HP [HQ HR]].
  split.
  + split. apply HP. apply HQ.
  + apply HR.
Qed.




Check and : Prop -> Prop -> Prop.








Lemma factor_is_O:
  forall n m : nat, n = 0 \/ m = 0 -> n * m = 0.
Proof.
  
  intros n m [Hn | Hm].
  - 
    rewrite Hn. reflexivity.
  - 
    rewrite Hm. rewrite <- mult_n_O.
    reflexivity.
Qed.



Lemma or_intro_l : forall A B : Prop, A -> A \/ B.
Proof.
  intros A B HA.
  left.
  apply HA.
Qed.



Lemma zero_or_succ :
  forall n : nat, n = 0 \/ n = S (pred n).
Proof.
  
  intros [|n'].
  - left. reflexivity.
  - right. reflexivity.
Qed.


Lemma mult_is_O :
  forall n m, n * m = 0 -> n = 0 \/ m = 0.
Proof.
  intros n m H.
  destruct n.
  - left. reflexivity.
  - right. destruct m.
    + reflexivity.
    + discriminate H.
Qed.



Theorem or_commut : forall P Q : Prop,
  P \/ Q  -> Q \/ P.
Proof.
  intros P Q [HP | HQ].
  - right. apply HP.
  - left. apply HQ.
Qed.







Module NotPlayground.

Definition not (P:Prop) := P -> False.

Notation "~ x" := (not x) : type_scope.

Check not : Prop -> Prop.

End NotPlayground.



Theorem ex_falso_quodlibet : forall (P:Prop),
  False -> P.
Proof.
  
  intros P contra.
  destruct contra.  Qed.





Theorem not_implies_our_not : forall (P:Prop),
  ~ P -> (forall (Q:Prop), P -> Q).
Proof.
  intros P HNP Q contra.
  unfold not in HNP.
  apply HNP in contra. destruct contra.
Qed.






Theorem zero_not_one : 0 <> 1.
Proof.
  
  unfold not.
  
  intros contra.
  
  discriminate contra.
Qed.



Theorem not_False :
  ~ False.
Proof.
  unfold not. intros H. destruct H. Qed.

Theorem contradiction_implies_anything : forall P Q : Prop,
  (P /\ ~P) -> Q.
Proof.
  
  intros P Q [HP HNA]. unfold not in HNA.
  apply HNA in HP. destruct HP.  Qed.

Theorem double_neg : forall P : Prop,
  P -> ~~P.
Proof.
  
  intros P H. unfold not. intros G. apply G. apply H.  Qed.






Definition manual_grade_for_double_neg_inf : option (nat*string) := None.



Theorem contrapositive : forall (P Q : Prop),
  (P -> Q) -> (~Q -> ~P).
Proof.
  intros P Q HPQ HQ HP.
  unfold not in HQ. apply HPQ in HP. apply HQ in HP. apply HP.
Qed.



Theorem not_both_true_and_false : forall P : Prop,
  ~ (P /\ ~P).
Proof.
  intros P H.
  apply contradiction_implies_anything with (Q:=False) in H.
  apply H.
Qed.







Definition manual_grade_for_informal_not_PNP : option (nat*string) := None.



Theorem de_morgan_not_or : forall (P Q : Prop),
    ~ (P \/ Q) -> ~P /\ ~Q.
Proof.
  intros P Q HPQ.
  unfold not in HPQ.
  split.
  - intros HP. apply or_intro_l  with (B:=Q) in HP. apply HPQ. apply HP.
  - intros HQ. apply or_intro_l  with (B:=P) in HQ. apply or_commut in HQ. apply HPQ. apply HQ.
Qed.




Theorem not_true_is_false : forall b : bool,
  b <> true -> b = false.
Proof.
  intros b H.
  destruct b eqn:HE.
  - 
    unfold not in H.
    apply ex_falso_quodlibet.
    apply H. reflexivity.
  - 
    reflexivity.
Qed.



Theorem not_true_is_false' : forall b : bool,
  b <> true -> b = false.
Proof.
  intros [] H.          
  - 
    unfold not in H.
    exfalso.                
    apply H. reflexivity.
  -  reflexivity.
Qed.






Lemma True_is_true : True.
Proof. apply I. Qed.







Definition disc_fn (n: nat) : Prop :=
  match n with
  | O => True
  | S _ => False
  end.

Theorem disc_example : forall n, ~ (O = S n).
Proof.
  intros n H1.
  assert (H2 : disc_fn O). { simpl. apply I. }
  rewrite H1 in H2. simpl in H2. apply H2.
Qed.








Module IffPlayground.

Definition iff (P Q : Prop) := (P -> Q) /\ (Q -> P).

Notation "P <-> Q" := (iff P Q)
                      (at level 95, no associativity)
                      : type_scope.

End IffPlayground.

Theorem iff_sym : forall P Q : Prop,
  (P <-> Q) -> (Q <-> P).
Proof.
  
  intros P Q [HAB HBA].
  split.
  -  apply HBA.
  -  apply HAB.  Qed.

Lemma not_true_iff_false : forall b,
  b <> true <-> b = false.
Proof.
  
  intros b. split.
  -  apply not_true_is_false.
  - 
    intros H. rewrite H. intros H'. discriminate H'.
Qed.



Lemma apply_iff_example1:
  forall P Q R : Prop, (P <-> Q) -> (Q -> R) -> (P -> R).
  intros P Q R Hiff H HP. apply H.  apply Hiff. apply HP.
Qed.

Lemma apply_iff_example2:
  forall P Q R : Prop, (P <-> Q) -> (P -> R) -> (Q -> R).
  intros P Q R Hiff H HQ. apply H.  apply Hiff. apply HQ.
Qed.



Theorem iff_refl : forall P : Prop,
  P <-> P.
Proof.
  intros P.
  split. intros H. apply H. intros H. apply H.  Qed.

Theorem iff_trans : forall P Q R : Prop,
  (P <-> Q) -> (Q <-> R) -> (P <-> R).
Proof.
  intros P Q R H1 H2. split.
  - intros H. apply proj1 in H1. apply H1 in H. apply proj1 in H2. apply H2 in H. apply H.
  - intros H. apply proj2 in H2. apply H2 in H. apply proj2 in H1. apply H1 in H. apply H.
Qed.



Theorem or_distributes_over_and : forall P Q R : Prop,
  P \/ (Q /\ R) <-> (P \/ Q) /\ (P \/ R).
Proof.
  intros P Q R.
  split.
  -  intros [HP | [HQ HR]].
    +  split. left. apply HP. left. apply HP.
    +  split.  right. apply HQ. right. apply HR.
  -  intros [[HP1 | HQ] [HP2 | HR]].
    + left. apply HP1.
    + left. apply HP1.
    + left. apply HP2.
    + right. apply and_intro. apply HQ. apply HR.
Qed.







From Coq Require Import Setoids.Setoid.





Lemma mul_eq_0 : forall n m, n * m = 0 <-> n = 0 \/ m = 0.
Proof.
  split.
  - apply mult_is_O.
  - apply factor_is_O.
Qed.

Theorem or_assoc :
  forall P Q R : Prop, P \/ (Q \/ R) <-> (P \/ Q) \/ R.
Proof.
  intros P Q R. split.
  - intros [H | [H | H]].
    + left. left. apply H.
    + left. right. apply H.
    + right. apply H.
  - intros [[H | H] | H].
    + left. apply H.
    + right. left. apply H.
    + right. right. apply H.
Qed.



Lemma mul_eq_0_ternary :
  forall n m p, n * m * p = 0 <-> n = 0 \/ m = 0 \/ p = 0.
Proof.
  intros n m p.
  rewrite mul_eq_0. rewrite mul_eq_0. rewrite or_assoc.
  reflexivity.
Qed.








Definition Even x := exists n : nat, x = double n.

Lemma four_is_Even : Even 4.
Proof.
  unfold Even. exists 2. reflexivity.
Qed.



Theorem exists_example_2 : forall n,
  (exists m, n = 4 + m) ->
  (exists o, n = 2 + o).
Proof.
  
  intros n [m Hm]. 
  exists (2 + m).
  apply Hm.  Qed.



Theorem dist_not_exists : forall (X:Type) (P : X -> Prop),
  (forall x, P x) -> ~ (exists x, ~ P x).
Proof.
  intros X P H [x E].
  unfold not in E. apply E. apply H.
Qed.




Theorem dist_exists_or : forall (X:Type) (P Q : X -> Prop),
  (exists x, P x \/ Q x) <-> (exists x, P x) \/ (exists x, Q x).
Proof.
  intros X P Q.
  split.
  - intros [x [HP | HQ]].
    + left. exists x. apply HP.
    + right. exists x. apply HQ.
  - intros [[x HP] | [x HQ]].
    + exists x. left. apply HP.
    + exists x. right. apply HQ.
Qed.



Theorem leb_plus_exists : forall n m, n <=? m = true -> exists x, m = n+x.
Proof.
  induction n.
  - intros. exists m. reflexivity.
  - destruct m.
    + simpl. discriminate.
    + simpl.
      intros H. apply IHn in H. destruct H as [x0 H].
      rewrite H. exists x0. reflexivity.
Qed.

Theorem plus_exists_leb : forall n m, (exists x, m = n+x) -> n <=? m = true.
Proof.
  intros.
  destruct H.
  generalize dependent m.
  induction n.
  - reflexivity.
  - intros.
    destruct m.
    + discriminate H.
    + rewrite add_comm in H. rewrite <- plus_n_Sm in H. injection H as H.
      rewrite add_comm in H.
      apply IHn in H. apply H.
Qed.









Fixpoint In {A : Type} (x : A) (l : list A) : Prop :=
  match l with
  | [] => False
  | x' :: l' => x' = x \/ In x l'
  end.



Example In_example_1 : In 4 [1; 2; 3; 4; 5].
Proof.
  
  simpl. right. right. right. left. reflexivity.
Qed.

Example In_example_2 :
  forall n, In n [2; 4] ->
  exists n', n = 2 * n'.
Proof.
  
  simpl.
  intros n [H | [H | []]].
  - exists 1. rewrite <- H. reflexivity.
  - exists 2. rewrite <- H. reflexivity.
Qed.






Theorem In_map :
  forall (A B : Type) (f : A -> B) (l : list A) (x : A),
         In x l ->
         In (f x) (map f l).
Proof.
  intros A B f l x.
  induction l as [|x' l' IHl'].
  - 
    simpl. intros [].
  - 
    simpl. intros [H | H].
    + rewrite H. left. reflexivity.
    + right. apply IHl'. apply H.
Qed.




Theorem In_map_iff :
  forall (A B : Type) (f : A -> B) (l : list A) (y : B),
         In y (map f l) <->
         exists x, f x = y /\ In x l.
Proof.
  intros A B f l y. split.
  - 
    induction l as [| x' l'].
    + simpl. intros [].
    + simpl. intros [H | H].
      * 
        exists x'. split. apply H. left. reflexivity.
      * 
        apply IHl' in H. destruct H as [x [H1 H2]].
        exists x. split. apply H1. right. apply H2.
  - 
    intros [x [H1 H2]]. rewrite <- H1. apply In_map. apply H2.
Qed.



Theorem In_app_iff : forall A l l' (a:A),
  In a (l++l') <-> In a l \/ In a l'.
Proof.
  intros A l. induction l as [|a' l' IH].
  + split. right. apply H. intros [H | H]. destruct H. apply H.
  + split.
    - intros [H | H].
      * left. left. apply H.
      * simpl. apply or_assoc. right. apply IH. apply H.
    - intros [H | H].
      * destruct H as [H' | H'].
        left. apply H'.
        right. apply IH. left. apply H'.
      * right. apply IH. right. apply H.
Qed.




Fixpoint All {T : Type} (P : T -> Prop) (l : list T) : Prop
  := match l with
     | [] => True
     | (x :: l') => P x /\ All P l'
     end.

Theorem All_In :
  forall T (P : T -> Prop) (l : list T),
    (forall x, In x l -> P x) <->
    All P l.
Proof.
  intros T P l.
  split.
  
  {
    induction l as [|x' l'].
    + intros H. apply I.
    + simpl. intros H.
      split.
      * apply H. left. reflexivity.
      * apply IHl'. intros x. intros H'. apply H. right. apply H'.
  }
  
  {
    induction l as [|x' l'].
    + intros [] _ [].
    + simpl. intros [H1 H2] x [H | H].
      - rewrite <- H. apply H1.
      - apply IHl'.
        apply H2. apply H.
  }
Qed.




Definition combine_odd_even (Podd Peven : nat -> Prop) : nat -> Prop
  := fun n => if odd n then Podd n else Peven n.



Theorem combine_odd_even_intro :
  forall (Podd Peven : nat -> Prop) (n : nat),
    (odd n = true -> Podd n) ->
    (odd n = false -> Peven n) ->
    combine_odd_even Podd Peven n.
Proof.
  intros Podd Peven n Hodd Heven.
  unfold combine_odd_even.
  destruct (odd n).
  + apply Hodd. reflexivity.
  + apply Heven. reflexivity.
Qed.



Lemma base_case_for_combine_odd_even_3 : forall Podd Peven : nat -> Prop, forall Hn : odd 0 = true, combine_odd_even Podd Peven 0 -> Podd 0.

Proof.
(* We will use the definition of combine_odd_even to prove the base case.
*)
  intros Podd Peven Hn H0.
(* We will now apply the definition of combine_odd_even to the base case.
*)
  apply (combine_odd_even_intro Podd Peven 0 Hn).
(* We have now proven the base case for combine_odd_even.
*)
  exact H0.
Qed.

Outdated contents in ..cache: recomputing
ERROR MESSAGE IN LEMMA PROOF (FRAGMENT #1430)
Error in step "apply (combine_odd_even_intro Podd Peven 0 Hn).".
Message: In environment
Podd, Peven : nat -> Prop
Hn : odd 0 = true
H0 : combine_odd_even Podd Peven 0
The term "Hn" has type "odd 0 = true"
while it is expected to have type
 "odd 0 = true -> Podd 0"..
Goal: Podd 0.


TRYING TO PROVE LEMMA
Lemma combine_odd_and_even_zero_4 : forall Podd Peven : nat -> Prop, forall Hn : odd 0 = true, forall H0 : combine_odd_even Podd Peven 0, Podd 0.


ATTEMPTED LEMMA PROOF (LEMMAS USED: 5)


Set Warnings "-notation-overridden,-parsing,-deprecated-hint-without-locality".
From LF Require Export Tactics.



Check (3 = 3) : Prop.

Check (forall n m : nat, n + m = m + n) : Prop.



Check 2 = 2 : Prop.

Check 3 = 2 : Prop.

Check forall n : nat, n = 2 : Prop.





Theorem plus_2_2_is_4 :
  2 + 2 = 4.
Proof. reflexivity.  Qed.



Definition plus_claim : Prop := 2 + 2 = 4.
Check plus_claim : Prop.



Theorem plus_claim_is_true :
  plus_claim.
Proof. reflexivity.  Qed.





Definition is_three (n : nat) : Prop :=
  n = 3.
Check is_three : nat -> Prop.



Definition injective {A B} (f : A -> B) :=
  forall x y : A, f x = f y -> x = y.

Lemma succ_inj : injective S.
Proof.
  intros n m H. injection H as H1. apply H1.
Qed.



Check @eq : forall A : Type, A -> A -> Prop.











Example and_example : 3 + 4 = 7 /\ 2 * 2 = 4.



Proof.
  split.
  -  reflexivity.
  -  reflexivity.
Qed.



Lemma and_intro : forall A B : Prop, A -> B -> A /\ B.
Proof.
  intros A B HA HB. split.
  - apply HA.
  - apply HB.
Qed.



Example and_example' : 3 + 4 = 7 /\ 2 * 2 = 4.
Proof.
  apply and_intro.
  -  reflexivity.
  -  reflexivity.
Qed.


Example and_exercise :
  forall n m : nat, n + m = 0 -> n = 0 /\ m = 0.
Proof.
  intros n m H.
  split.
  - destruct m in H.
    + rewrite <- plus_n_O in H. apply H.
    + rewrite <- plus_n_Sm in H. discriminate H.
  - destruct n in H.
    + rewrite -> plus_n_O in H. apply H.
    + simpl in H. discriminate H.
Qed.




Lemma and_example2 :
  forall n m : nat, n = 0 /\ m = 0 -> n + m = 0.
Proof.
  
  intros n m H.
  destruct H as [Hn Hm].
  rewrite Hn. rewrite Hm.
  reflexivity.
Qed.



Lemma and_example2' :
  forall n m : nat, n = 0 /\ m = 0 -> n + m = 0.
Proof.
  intros n m [Hn Hm].
  rewrite Hn. rewrite Hm.
  reflexivity.
Qed.



Lemma and_example2'' :
  forall n m : nat, n = 0 -> m = 0 -> n + m = 0.
Proof.
  intros n m Hn Hm.
  rewrite Hn. rewrite Hm.
  reflexivity.
Qed.



Lemma and_example3 :
  forall n m : nat, n + m = 0 -> n * m = 0.
Proof.
  
  intros n m H.
  apply and_exercise in H.
  destruct H as [Hn Hm].
  rewrite Hn. reflexivity.
Qed.



Lemma proj1 : forall P Q : Prop,
  P /\ Q -> P.
Proof.
  intros P Q HPQ.
  destruct HPQ as [HP _].
  apply HP.  Qed.


Lemma proj2 : forall P Q : Prop,
  P /\ Q -> Q.
Proof.
  intros P Q [_ HQ].
  apply HQ.
Qed.




Theorem and_commut : forall P Q : Prop,
  P /\ Q -> Q /\ P.
Proof.
  intros P Q [HP HQ].
  split.
    -  apply HQ.
    -  apply HP.  Qed.



Theorem and_assoc : forall P Q R : Prop,
  P /\ (Q /\ R) -> (P /\ Q) /\ R.
Proof.
  intros P Q R [HP [HQ HR]].
  split.
  + split. apply HP. apply HQ.
  + apply HR.
Qed.




Check and : Prop -> Prop -> Prop.








Lemma factor_is_O:
  forall n m : nat, n = 0 \/ m = 0 -> n * m = 0.
Proof.
  
  intros n m [Hn | Hm].
  - 
    rewrite Hn. reflexivity.
  - 
    rewrite Hm. rewrite <- mult_n_O.
    reflexivity.
Qed.



Lemma or_intro_l : forall A B : Prop, A -> A \/ B.
Proof.
  intros A B HA.
  left.
  apply HA.
Qed.



Lemma zero_or_succ :
  forall n : nat, n = 0 \/ n = S (pred n).
Proof.
  
  intros [|n'].
  - left. reflexivity.
  - right. reflexivity.
Qed.


Lemma mult_is_O :
  forall n m, n * m = 0 -> n = 0 \/ m = 0.
Proof.
  intros n m H.
  destruct n.
  - left. reflexivity.
  - right. destruct m.
    + reflexivity.
    + discriminate H.
Qed.



Theorem or_commut : forall P Q : Prop,
  P \/ Q  -> Q \/ P.
Proof.
  intros P Q [HP | HQ].
  - right. apply HP.
  - left. apply HQ.
Qed.







Module NotPlayground.

Definition not (P:Prop) := P -> False.

Notation "~ x" := (not x) : type_scope.

Check not : Prop -> Prop.

End NotPlayground.



Theorem ex_falso_quodlibet : forall (P:Prop),
  False -> P.
Proof.
  
  intros P contra.
  destruct contra.  Qed.





Theorem not_implies_our_not : forall (P:Prop),
  ~ P -> (forall (Q:Prop), P -> Q).
Proof.
  intros P HNP Q contra.
  unfold not in HNP.
  apply HNP in contra. destruct contra.
Qed.






Theorem zero_not_one : 0 <> 1.
Proof.
  
  unfold not.
  
  intros contra.
  
  discriminate contra.
Qed.



Theorem not_False :
  ~ False.
Proof.
  unfold not. intros H. destruct H. Qed.

Theorem contradiction_implies_anything : forall P Q : Prop,
  (P /\ ~P) -> Q.
Proof.
  
  intros P Q [HP HNA]. unfold not in HNA.
  apply HNA in HP. destruct HP.  Qed.

Theorem double_neg : forall P : Prop,
  P -> ~~P.
Proof.
  
  intros P H. unfold not. intros G. apply G. apply H.  Qed.






Definition manual_grade_for_double_neg_inf : option (nat*string) := None.



Theorem contrapositive : forall (P Q : Prop),
  (P -> Q) -> (~Q -> ~P).
Proof.
  intros P Q HPQ HQ HP.
  unfold not in HQ. apply HPQ in HP. apply HQ in HP. apply HP.
Qed.



Theorem not_both_true_and_false : forall P : Prop,
  ~ (P /\ ~P).
Proof.
  intros P H.
  apply contradiction_implies_anything with (Q:=False) in H.
  apply H.
Qed.







Definition manual_grade_for_informal_not_PNP : option (nat*string) := None.



Theorem de_morgan_not_or : forall (P Q : Prop),
    ~ (P \/ Q) -> ~P /\ ~Q.
Proof.
  intros P Q HPQ.
  unfold not in HPQ.
  split.
  - intros HP. apply or_intro_l  with (B:=Q) in HP. apply HPQ. apply HP.
  - intros HQ. apply or_intro_l  with (B:=P) in HQ. apply or_commut in HQ. apply HPQ. apply HQ.
Qed.




Theorem not_true_is_false : forall b : bool,
  b <> true -> b = false.
Proof.
  intros b H.
  destruct b eqn:HE.
  - 
    unfold not in H.
    apply ex_falso_quodlibet.
    apply H. reflexivity.
  - 
    reflexivity.
Qed.



Theorem not_true_is_false' : forall b : bool,
  b <> true -> b = false.
Proof.
  intros [] H.          
  - 
    unfold not in H.
    exfalso.                
    apply H. reflexivity.
  -  reflexivity.
Qed.






Lemma True_is_true : True.
Proof. apply I. Qed.







Definition disc_fn (n: nat) : Prop :=
  match n with
  | O => True
  | S _ => False
  end.

Theorem disc_example : forall n, ~ (O = S n).
Proof.
  intros n H1.
  assert (H2 : disc_fn O). { simpl. apply I. }
  rewrite H1 in H2. simpl in H2. apply H2.
Qed.








Module IffPlayground.

Definition iff (P Q : Prop) := (P -> Q) /\ (Q -> P).

Notation "P <-> Q" := (iff P Q)
                      (at level 95, no associativity)
                      : type_scope.

End IffPlayground.

Theorem iff_sym : forall P Q : Prop,
  (P <-> Q) -> (Q <-> P).
Proof.
  
  intros P Q [HAB HBA].
  split.
  -  apply HBA.
  -  apply HAB.  Qed.

Lemma not_true_iff_false : forall b,
  b <> true <-> b = false.
Proof.
  
  intros b. split.
  -  apply not_true_is_false.
  - 
    intros H. rewrite H. intros H'. discriminate H'.
Qed.



Lemma apply_iff_example1:
  forall P Q R : Prop, (P <-> Q) -> (Q -> R) -> (P -> R).
  intros P Q R Hiff H HP. apply H.  apply Hiff. apply HP.
Qed.

Lemma apply_iff_example2:
  forall P Q R : Prop, (P <-> Q) -> (P -> R) -> (Q -> R).
  intros P Q R Hiff H HQ. apply H.  apply Hiff. apply HQ.
Qed.



Theorem iff_refl : forall P : Prop,
  P <-> P.
Proof.
  intros P.
  split. intros H. apply H. intros H. apply H.  Qed.

Theorem iff_trans : forall P Q R : Prop,
  (P <-> Q) -> (Q <-> R) -> (P <-> R).
Proof.
  intros P Q R H1 H2. split.
  - intros H. apply proj1 in H1. apply H1 in H. apply proj1 in H2. apply H2 in H. apply H.
  - intros H. apply proj2 in H2. apply H2 in H. apply proj2 in H1. apply H1 in H. apply H.
Qed.



Theorem or_distributes_over_and : forall P Q R : Prop,
  P \/ (Q /\ R) <-> (P \/ Q) /\ (P \/ R).
Proof.
  intros P Q R.
  split.
  -  intros [HP | [HQ HR]].
    +  split. left. apply HP. left. apply HP.
    +  split.  right. apply HQ. right. apply HR.
  -  intros [[HP1 | HQ] [HP2 | HR]].
    + left. apply HP1.
    + left. apply HP1.
    + left. apply HP2.
    + right. apply and_intro. apply HQ. apply HR.
Qed.







From Coq Require Import Setoids.Setoid.





Lemma mul_eq_0 : forall n m, n * m = 0 <-> n = 0 \/ m = 0.
Proof.
  split.
  - apply mult_is_O.
  - apply factor_is_O.
Qed.

Theorem or_assoc :
  forall P Q R : Prop, P \/ (Q \/ R) <-> (P \/ Q) \/ R.
Proof.
  intros P Q R. split.
  - intros [H | [H | H]].
    + left. left. apply H.
    + left. right. apply H.
    + right. apply H.
  - intros [[H | H] | H].
    + left. apply H.
    + right. left. apply H.
    + right. right. apply H.
Qed.



Lemma mul_eq_0_ternary :
  forall n m p, n * m * p = 0 <-> n = 0 \/ m = 0 \/ p = 0.
Proof.
  intros n m p.
  rewrite mul_eq_0. rewrite mul_eq_0. rewrite or_assoc.
  reflexivity.
Qed.








Definition Even x := exists n : nat, x = double n.

Lemma four_is_Even : Even 4.
Proof.
  unfold Even. exists 2. reflexivity.
Qed.



Theorem exists_example_2 : forall n,
  (exists m, n = 4 + m) ->
  (exists o, n = 2 + o).
Proof.
  
  intros n [m Hm]. 
  exists (2 + m).
  apply Hm.  Qed.



Theorem dist_not_exists : forall (X:Type) (P : X -> Prop),
  (forall x, P x) -> ~ (exists x, ~ P x).
Proof.
  intros X P H [x E].
  unfold not in E. apply E. apply H.
Qed.




Theorem dist_exists_or : forall (X:Type) (P Q : X -> Prop),
  (exists x, P x \/ Q x) <-> (exists x, P x) \/ (exists x, Q x).
Proof.
  intros X P Q.
  split.
  - intros [x [HP | HQ]].
    + left. exists x. apply HP.
    + right. exists x. apply HQ.
  - intros [[x HP] | [x HQ]].
    + exists x. left. apply HP.
    + exists x. right. apply HQ.
Qed.



Theorem leb_plus_exists : forall n m, n <=? m = true -> exists x, m = n+x.
Proof.
  induction n.
  - intros. exists m. reflexivity.
  - destruct m.
    + simpl. discriminate.
    + simpl.
      intros H. apply IHn in H. destruct H as [x0 H].
      rewrite H. exists x0. reflexivity.
Qed.

Theorem plus_exists_leb : forall n m, (exists x, m = n+x) -> n <=? m = true.
Proof.
  intros.
  destruct H.
  generalize dependent m.
  induction n.
  - reflexivity.
  - intros.
    destruct m.
    + discriminate H.
    + rewrite add_comm in H. rewrite <- plus_n_Sm in H. injection H as H.
      rewrite add_comm in H.
      apply IHn in H. apply H.
Qed.









Fixpoint In {A : Type} (x : A) (l : list A) : Prop :=
  match l with
  | [] => False
  | x' :: l' => x' = x \/ In x l'
  end.



Example In_example_1 : In 4 [1; 2; 3; 4; 5].
Proof.
  
  simpl. right. right. right. left. reflexivity.
Qed.

Example In_example_2 :
  forall n, In n [2; 4] ->
  exists n', n = 2 * n'.
Proof.
  
  simpl.
  intros n [H | [H | []]].
  - exists 1. rewrite <- H. reflexivity.
  - exists 2. rewrite <- H. reflexivity.
Qed.






Theorem In_map :
  forall (A B : Type) (f : A -> B) (l : list A) (x : A),
         In x l ->
         In (f x) (map f l).
Proof.
  intros A B f l x.
  induction l as [|x' l' IHl'].
  - 
    simpl. intros [].
  - 
    simpl. intros [H | H].
    + rewrite H. left. reflexivity.
    + right. apply IHl'. apply H.
Qed.




Theorem In_map_iff :
  forall (A B : Type) (f : A -> B) (l : list A) (y : B),
         In y (map f l) <->
         exists x, f x = y /\ In x l.
Proof.
  intros A B f l y. split.
  - 
    induction l as [| x' l'].
    + simpl. intros [].
    + simpl. intros [H | H].
      * 
        exists x'. split. apply H. left. reflexivity.
      * 
        apply IHl' in H. destruct H as [x [H1 H2]].
        exists x. split. apply H1. right. apply H2.
  - 
    intros [x [H1 H2]]. rewrite <- H1. apply In_map. apply H2.
Qed.



Theorem In_app_iff : forall A l l' (a:A),
  In a (l++l') <-> In a l \/ In a l'.
Proof.
  intros A l. induction l as [|a' l' IH].
  + split. right. apply H. intros [H | H]. destruct H. apply H.
  + split.
    - intros [H | H].
      * left. left. apply H.
      * simpl. apply or_assoc. right. apply IH. apply H.
    - intros [H | H].
      * destruct H as [H' | H'].
        left. apply H'.
        right. apply IH. left. apply H'.
      * right. apply IH. right. apply H.
Qed.




Fixpoint All {T : Type} (P : T -> Prop) (l : list T) : Prop
  := match l with
     | [] => True
     | (x :: l') => P x /\ All P l'
     end.

Theorem All_In :
  forall T (P : T -> Prop) (l : list T),
    (forall x, In x l -> P x) <->
    All P l.
Proof.
  intros T P l.
  split.
  
  {
    induction l as [|x' l'].
    + intros H. apply I.
    + simpl. intros H.
      split.
      * apply H. left. reflexivity.
      * apply IHl'. intros x. intros H'. apply H. right. apply H'.
  }
  
  {
    induction l as [|x' l'].
    + intros [] _ [].
    + simpl. intros [H1 H2] x [H | H].
      - rewrite <- H. apply H1.
      - apply IHl'.
        apply H2. apply H.
  }
Qed.




Definition combine_odd_even (Podd Peven : nat -> Prop) : nat -> Prop
  := fun n => if odd n then Podd n else Peven n.



Theorem combine_odd_even_intro :
  forall (Podd Peven : nat -> Prop) (n : nat),
    (odd n = true -> Podd n) ->
    (odd n = false -> Peven n) ->
    combine_odd_even Podd Peven n.
Proof.
  intros Podd Peven n Hodd Heven.
  unfold combine_odd_even.
  destruct (odd n).
  + apply Hodd. reflexivity.
  + apply Heven. reflexivity.
Qed.



Lemma combine_odd_and_even_zero_4 : forall Podd Peven : nat -> Prop, forall Hn : odd 0 = true, forall H0 : combine_odd_even Podd Peven 0, Podd 0.

Proof.
(* We will use the definition of combine_odd_even to prove that Podd 0.
We will first prove that odd 0 = true, then use the definition of combine_odd_even to prove Podd 0.
*)
  intros Podd Peven Hn H0.
(* We know that odd 0 = true from the hypothesis Hn.
*)
  (* Now we will use the definition of combine_odd_even to prove Podd 0.
*)
  destruct H0 as [H0_odd H0_even].
(* We have two cases: either odd 0 = true or odd 0 = false.
*)
  (* We know that odd 0 = true from the hypothesis Hn.
*)
  (* So we can apply the first case of the definition of combine_odd_even, which states that if odd 0 = true, then Podd 0.
*)
  apply H0_odd.
(* This concludes the proof.
*)

Qed.

Outdated contents in ..cache: recomputing
ERROR MESSAGE IN LEMMA PROOF (FRAGMENT #1430)
Error in step "destruct H0 as [H0_odd H0_even].".
Message: Not an inductive definition..
Goal: Podd 0.


TRYING TO PROVE LEMMA
Lemma combine_odd_and_even_zero_5 : forall Podd Peven : nat -> Prop, forall Hn : odd 0 = true, forall H0 : combine_odd_even Podd Peven 0, Podd 0.


Error proving combine_odd_even_elim_odd
MAX LEMMA DEPTH REACHED. GIVING UP.