PROVING ev_plus4
ATTEMPTED THEOREM PROOF (LEMMAS USED: 0)


Set Warnings "-notation-overridden,-parsing,-deprecated-hint-without-locality".
From LF Require Export Logic.
From Coq Require Import Lia.











Fixpoint div2 (n : nat) :=
  match n with
    0 => 0
  | 1 => 0
  | S (S n) => S (div2 n)
  end.

Definition f (n : nat) :=
  if even n then div2 n
  else (3 * n) + 1.





Fail Fixpoint reaches_1_in (n : nat) :=
  if n =? 1 then 0
  else 1 + reaches_1_in (f n).





Inductive reaches_1 : nat -> Prop :=
  | term_done : reaches_1 1
  | term_more (n : nat) : reaches_1 (f n) -> reaches_1 n.





Conjecture collatz : forall n, reaches_1 n.










Module LePlayground.



Inductive le : nat -> nat -> Prop :=
  | le_n (n : nat)   : le n n
  | le_S (n m : nat) : le n m -> le n (S m).

End LePlayground.



Inductive clos_trans {X: Type} (R: X->X->Prop) : X->X->Prop :=
  | t_step (x y : X) :
      R x y ->
      clos_trans R x y
  | t_trans (x y z : X) :
      clos_trans R x y ->
      clos_trans R y z ->
      clos_trans R x z.



Inductive clos_refl_trans {X: Type} (R: X->X->Prop) : X->X->Prop :=
  | t_step' (x y : X) :
      R x y ->
      clos_refl_trans R x y
  | t_refl (x : X) :
      clos_refl_trans R x x
  | t_symm (x y : X):
      clos_refl_trans R x y ->
      clos_refl_trans R y x
  | t_trans' (x y z : X) :
      clos_refl_trans R x y ->
      clos_refl_trans R y z ->
      clos_refl_trans R x z.







Inductive Perm3 {X : Type} : list X -> list X -> Prop :=
  | perm3_swap12 (a b c : X) :
      Perm3 [a;b;c] [b;a;c]
  | perm3_swap23 (a b c : X) :
      Perm3 [a;b;c] [a;c;b]
  | perm3_trans (l1 l2 l3 : list X) :
      Perm3 l1 l2 -> Perm3 l2 l3 -> Perm3 l1 l3.


















Inductive ev : nat -> Prop :=
  | ev_0                       : ev 0
  | ev_SS (n : nat) (H : ev n) : ev (S (S n)).



Fail Inductive wrong_ev (n : nat) : Prop :=
  | wrong_ev_0 : wrong_ev 0
  | wrong_ev_SS (H: wrong_ev n) : wrong_ev (S (S n)).








Theorem ev_4 : ev 4.
Proof. apply ev_SS. apply ev_SS. apply ev_0. Qed.



Theorem ev_4' : ev 4.
Proof. apply (ev_SS 2 (ev_SS 0 ev_0)). Qed.





Theorem ev_plus4 : forall n, ev n -> ev (4 + n).

Proof.
(* We will proceed by induction on n.
*)
  intros n Hn.
(* We will need to use the ev_4 and ev_4' theorems.
*)
  (* We will also need to use the le_S and le_n lemmas.
*)
  (* We will also need to use the ev_SS constructor.
*)
  induction Hn as [| n' Hn'].
- (* Base case: n = 0 *)
    (* We know that ev 0, so we need to prove ev 4.
*)
    (* We can use the ev_4 theorem to prove this.
*)
    apply ev_4.
- (* Inductive case: n = S (S n') *)
    (* We know that ev (S (S n')), so we need to prove ev (4 + S (S n')).
*)
    (* We can use the ev_SS constructor to prove this.
*)
    apply (ev_SS (4 + n')).
- (* We need to prove ev (S (S n')).
*)
      (* We know that Hn' : ev (f n'), so we need to prove ev (S (S n')).
*)
      (* We can use the ev_4' theorem to prove this.
*)
      apply ev_4'.
Qed.

Outdated contents in ..cache: recomputing
ERROR MESSAGE IN THEOREM PROOF (FRAGMENT #74)
Error in step "-".
Message: [Focus]
Wrong bullet -: Current bullet - is not finished..
Goal: ev (4 + n').


TRYING TO PROVE LEMMA
Lemma ev_lemma_0 : forall n' : nat, forall Hn' : ev n', forall IHHn' : ev (4 + n'), ev (4 + n').


ATTEMPTED LEMMA PROOF (LEMMAS USED: 1)


Set Warnings "-notation-overridden,-parsing,-deprecated-hint-without-locality".
From LF Require Export Logic.
From Coq Require Import Lia.











Fixpoint div2 (n : nat) :=
  match n with
    0 => 0
  | 1 => 0
  | S (S n) => S (div2 n)
  end.

Definition f (n : nat) :=
  if even n then div2 n
  else (3 * n) + 1.





Fail Fixpoint reaches_1_in (n : nat) :=
  if n =? 1 then 0
  else 1 + reaches_1_in (f n).





Inductive reaches_1 : nat -> Prop :=
  | term_done : reaches_1 1
  | term_more (n : nat) : reaches_1 (f n) -> reaches_1 n.





Conjecture collatz : forall n, reaches_1 n.










Module LePlayground.



Inductive le : nat -> nat -> Prop :=
  | le_n (n : nat)   : le n n
  | le_S (n m : nat) : le n m -> le n (S m).

End LePlayground.



Inductive clos_trans {X: Type} (R: X->X->Prop) : X->X->Prop :=
  | t_step (x y : X) :
      R x y ->
      clos_trans R x y
  | t_trans (x y z : X) :
      clos_trans R x y ->
      clos_trans R y z ->
      clos_trans R x z.



Inductive clos_refl_trans {X: Type} (R: X->X->Prop) : X->X->Prop :=
  | t_step' (x y : X) :
      R x y ->
      clos_refl_trans R x y
  | t_refl (x : X) :
      clos_refl_trans R x x
  | t_symm (x y : X):
      clos_refl_trans R x y ->
      clos_refl_trans R y x
  | t_trans' (x y z : X) :
      clos_refl_trans R x y ->
      clos_refl_trans R y z ->
      clos_refl_trans R x z.







Inductive Perm3 {X : Type} : list X -> list X -> Prop :=
  | perm3_swap12 (a b c : X) :
      Perm3 [a;b;c] [b;a;c]
  | perm3_swap23 (a b c : X) :
      Perm3 [a;b;c] [a;c;b]
  | perm3_trans (l1 l2 l3 : list X) :
      Perm3 l1 l2 -> Perm3 l2 l3 -> Perm3 l1 l3.


















Inductive ev : nat -> Prop :=
  | ev_0                       : ev 0
  | ev_SS (n : nat) (H : ev n) : ev (S (S n)).



Fail Inductive wrong_ev (n : nat) : Prop :=
  | wrong_ev_0 : wrong_ev 0
  | wrong_ev_SS (H: wrong_ev n) : wrong_ev (S (S n)).








Theorem ev_4 : ev 4.
Proof. apply ev_SS. apply ev_SS. apply ev_0. Qed.



Theorem ev_4' : ev 4.
Proof. apply (ev_SS 2 (ev_SS 0 ev_0)). Qed.





Lemma ev_lemma_0 : forall n' : nat, forall Hn' : ev n', forall IHHn' : ev (4 + n'), ev (4 + n').

Proof.
intros n' Hn' IHHn'.
induction Hn' as [ | n'' Hn'' IHHn''].
- (* n' = 0 *)
    simpl.
apply ev_0.
- (* n' = 2 *)
    simpl.
apply ev_SS.
apply Hn''.
- (* n' = 2 * n'' + 2 *)
    simpl.
apply ev_SS.
apply IHHn''.
Qed.

Outdated contents in ..cache: recomputing
ERROR MESSAGE IN LEMMA PROOF (FRAGMENT #70)
Error in step "apply ev_0.".
Message: In environment
IHHn' : ev (4 + 0)
Unable to unify "ev 0" with 
"ev 4"..
Goal: ev 4.


TRYING TO PROVE LEMMA
Lemma lemma_ev_4_plus_0_equals_ev_4_1 : forall IHHn' : ev (4 + 0), ev 4.


ATTEMPTED LEMMA PROOF (LEMMAS USED: 2)


Set Warnings "-notation-overridden,-parsing,-deprecated-hint-without-locality".
From LF Require Export Logic.
From Coq Require Import Lia.











Fixpoint div2 (n : nat) :=
  match n with
    0 => 0
  | 1 => 0
  | S (S n) => S (div2 n)
  end.

Definition f (n : nat) :=
  if even n then div2 n
  else (3 * n) + 1.





Fail Fixpoint reaches_1_in (n : nat) :=
  if n =? 1 then 0
  else 1 + reaches_1_in (f n).





Inductive reaches_1 : nat -> Prop :=
  | term_done : reaches_1 1
  | term_more (n : nat) : reaches_1 (f n) -> reaches_1 n.





Conjecture collatz : forall n, reaches_1 n.










Module LePlayground.



Inductive le : nat -> nat -> Prop :=
  | le_n (n : nat)   : le n n
  | le_S (n m : nat) : le n m -> le n (S m).

End LePlayground.



Inductive clos_trans {X: Type} (R: X->X->Prop) : X->X->Prop :=
  | t_step (x y : X) :
      R x y ->
      clos_trans R x y
  | t_trans (x y z : X) :
      clos_trans R x y ->
      clos_trans R y z ->
      clos_trans R x z.



Inductive clos_refl_trans {X: Type} (R: X->X->Prop) : X->X->Prop :=
  | t_step' (x y : X) :
      R x y ->
      clos_refl_trans R x y
  | t_refl (x : X) :
      clos_refl_trans R x x
  | t_symm (x y : X):
      clos_refl_trans R x y ->
      clos_refl_trans R y x
  | t_trans' (x y z : X) :
      clos_refl_trans R x y ->
      clos_refl_trans R y z ->
      clos_refl_trans R x z.







Inductive Perm3 {X : Type} : list X -> list X -> Prop :=
  | perm3_swap12 (a b c : X) :
      Perm3 [a;b;c] [b;a;c]
  | perm3_swap23 (a b c : X) :
      Perm3 [a;b;c] [a;c;b]
  | perm3_trans (l1 l2 l3 : list X) :
      Perm3 l1 l2 -> Perm3 l2 l3 -> Perm3 l1 l3.


















Inductive ev : nat -> Prop :=
  | ev_0                       : ev 0
  | ev_SS (n : nat) (H : ev n) : ev (S (S n)).



Fail Inductive wrong_ev (n : nat) : Prop :=
  | wrong_ev_0 : wrong_ev 0
  | wrong_ev_SS (H: wrong_ev n) : wrong_ev (S (S n)).








Theorem ev_4 : ev 4.
Proof. apply ev_SS. apply ev_SS. apply ev_0. Qed.



Theorem ev_4' : ev 4.
Proof. apply (ev_SS 2 (ev_SS 0 ev_0)). Qed.





Lemma lemma_ev_4_plus_0_equals_ev_4_1 : forall IHHn' : ev (4 + 0), ev 4.

Proof.
intros IHHn'.
(* We know that IHHn' is of the form ev (4 + 0).
We want to prove that ev 4 holds.
We can do this by applying the definition of ev and the properties of addition in Peano arithmetic.
*)
  destruct IHHn' as [n' Hn'].
(* n' = 4 + 0 *)
  simpl.
(* Hn' : ev (4 + 0) *)
  rewrite Hn'.
(* Hn' : ev 4 *)
  exact Hn'.
Qed.

Outdated contents in ..cache: recomputing
ERROR MESSAGE IN LEMMA PROOF (FRAGMENT #64)
Error in step "destruct IHHn' as [n' Hn'].".
Message: Expects a disjunctive pattern with 2 branches..
Goal: ev 4.


TRYING TO PROVE LEMMA
Lemma lemma_ev_4_plus_0_equals_ev_4_2 : forall IHHn' : ev (4 + 0), ev 4.


ATTEMPTED LEMMA PROOF (LEMMAS USED: 3)


Set Warnings "-notation-overridden,-parsing,-deprecated-hint-without-locality".
From LF Require Export Logic.
From Coq Require Import Lia.











Fixpoint div2 (n : nat) :=
  match n with
    0 => 0
  | 1 => 0
  | S (S n) => S (div2 n)
  end.

Definition f (n : nat) :=
  if even n then div2 n
  else (3 * n) + 1.





Fail Fixpoint reaches_1_in (n : nat) :=
  if n =? 1 then 0
  else 1 + reaches_1_in (f n).





Inductive reaches_1 : nat -> Prop :=
  | term_done : reaches_1 1
  | term_more (n : nat) : reaches_1 (f n) -> reaches_1 n.





Conjecture collatz : forall n, reaches_1 n.










Module LePlayground.



Inductive le : nat -> nat -> Prop :=
  | le_n (n : nat)   : le n n
  | le_S (n m : nat) : le n m -> le n (S m).

End LePlayground.



Inductive clos_trans {X: Type} (R: X->X->Prop) : X->X->Prop :=
  | t_step (x y : X) :
      R x y ->
      clos_trans R x y
  | t_trans (x y z : X) :
      clos_trans R x y ->
      clos_trans R y z ->
      clos_trans R x z.



Inductive clos_refl_trans {X: Type} (R: X->X->Prop) : X->X->Prop :=
  | t_step' (x y : X) :
      R x y ->
      clos_refl_trans R x y
  | t_refl (x : X) :
      clos_refl_trans R x x
  | t_symm (x y : X):
      clos_refl_trans R x y ->
      clos_refl_trans R y x
  | t_trans' (x y z : X) :
      clos_refl_trans R x y ->
      clos_refl_trans R y z ->
      clos_refl_trans R x z.







Inductive Perm3 {X : Type} : list X -> list X -> Prop :=
  | perm3_swap12 (a b c : X) :
      Perm3 [a;b;c] [b;a;c]
  | perm3_swap23 (a b c : X) :
      Perm3 [a;b;c] [a;c;b]
  | perm3_trans (l1 l2 l3 : list X) :
      Perm3 l1 l2 -> Perm3 l2 l3 -> Perm3 l1 l3.


















Inductive ev : nat -> Prop :=
  | ev_0                       : ev 0
  | ev_SS (n : nat) (H : ev n) : ev (S (S n)).



Fail Inductive wrong_ev (n : nat) : Prop :=
  | wrong_ev_0 : wrong_ev 0
  | wrong_ev_SS (H: wrong_ev n) : wrong_ev (S (S n)).








Theorem ev_4 : ev 4.
Proof. apply ev_SS. apply ev_SS. apply ev_0. Qed.



Theorem ev_4' : ev 4.
Proof. apply (ev_SS 2 (ev_SS 0 ev_0)). Qed.





Lemma lemma_ev_4_plus_0_equals_ev_4_2 : forall IHHn' : ev (4 + 0), ev 4.

Proof.
intros IHHn'.
(* We know that IHHn' is of the form ev (4 + 0).
We want to prove that ev 4 holds.
We can do this by applying the definition of ev and the Peano axioms.
*)
  destruct IHHn' as [n' Hn'].
(* n' = 4 + 0 *)
  simpl.
(* Hn' : ev (4 + 0) *)
  rewrite Hn'.
(* Hn' : ev 4 *)
  exact Hn'.
Qed.

Outdated contents in ..cache: recomputing
ERROR MESSAGE IN LEMMA PROOF (FRAGMENT #64)
Error in step "destruct IHHn' as [n' Hn'].".
Message: Expects a disjunctive pattern with 2 branches..
Goal: ev 4.


TRYING TO PROVE LEMMA
Lemma lemma_ev_4_plus_0_equals_ev_4_3 : forall IHHn' : ev (4 + 0), ev 4.


ATTEMPTED LEMMA PROOF (LEMMAS USED: 4)


Set Warnings "-notation-overridden,-parsing,-deprecated-hint-without-locality".
From LF Require Export Logic.
From Coq Require Import Lia.











Fixpoint div2 (n : nat) :=
  match n with
    0 => 0
  | 1 => 0
  | S (S n) => S (div2 n)
  end.

Definition f (n : nat) :=
  if even n then div2 n
  else (3 * n) + 1.





Fail Fixpoint reaches_1_in (n : nat) :=
  if n =? 1 then 0
  else 1 + reaches_1_in (f n).





Inductive reaches_1 : nat -> Prop :=
  | term_done : reaches_1 1
  | term_more (n : nat) : reaches_1 (f n) -> reaches_1 n.





Conjecture collatz : forall n, reaches_1 n.










Module LePlayground.



Inductive le : nat -> nat -> Prop :=
  | le_n (n : nat)   : le n n
  | le_S (n m : nat) : le n m -> le n (S m).

End LePlayground.



Inductive clos_trans {X: Type} (R: X->X->Prop) : X->X->Prop :=
  | t_step (x y : X) :
      R x y ->
      clos_trans R x y
  | t_trans (x y z : X) :
      clos_trans R x y ->
      clos_trans R y z ->
      clos_trans R x z.



Inductive clos_refl_trans {X: Type} (R: X->X->Prop) : X->X->Prop :=
  | t_step' (x y : X) :
      R x y ->
      clos_refl_trans R x y
  | t_refl (x : X) :
      clos_refl_trans R x x
  | t_symm (x y : X):
      clos_refl_trans R x y ->
      clos_refl_trans R y x
  | t_trans' (x y z : X) :
      clos_refl_trans R x y ->
      clos_refl_trans R y z ->
      clos_refl_trans R x z.







Inductive Perm3 {X : Type} : list X -> list X -> Prop :=
  | perm3_swap12 (a b c : X) :
      Perm3 [a;b;c] [b;a;c]
  | perm3_swap23 (a b c : X) :
      Perm3 [a;b;c] [a;c;b]
  | perm3_trans (l1 l2 l3 : list X) :
      Perm3 l1 l2 -> Perm3 l2 l3 -> Perm3 l1 l3.


















Inductive ev : nat -> Prop :=
  | ev_0                       : ev 0
  | ev_SS (n : nat) (H : ev n) : ev (S (S n)).



Fail Inductive wrong_ev (n : nat) : Prop :=
  | wrong_ev_0 : wrong_ev 0
  | wrong_ev_SS (H: wrong_ev n) : wrong_ev (S (S n)).








Theorem ev_4 : ev 4.
Proof. apply ev_SS. apply ev_SS. apply ev_0. Qed.



Theorem ev_4' : ev 4.
Proof. apply (ev_SS 2 (ev_SS 0 ev_0)). Qed.





Lemma lemma_ev_4_plus_0_equals_ev_4_3 : forall IHHn' : ev (4 + 0), ev 4.

Proof.
intros IHHn'.
(* We know that IHHn' is of the form ev (4 + 0).
We want to prove that ev 4 holds.
We can do this by applying the definition of ev and the Peano axioms.
*)
  destruct IHHn' as [|n' Hn'].
- (* Case n' = 0 *)
    apply ev_0.
- (* Case n' = S (S n) *)
    (* We know that Hn' is of the form ev (S (S n')).
We want to prove that ev (S (S 2)) holds.
We can do this by applying the definition of ev and the Peano axioms.
*)
    apply ev_SS.
- (* We need to prove that ev n' holds.
But we know that n' = S (S 2) from the IH.
*)
      apply Hn'.
Qed.

Outdated contents in ..cache: recomputing
ERROR MESSAGE IN LEMMA PROOF (FRAGMENT #68)
Error in step "apply ev_0.".
Message: Unable to unify "ev 0" with "ev 4"..
Goal: ev 4.


TRYING TO PROVE LEMMA
Lemma helper_lemma_4 : ev 4.


ATTEMPTED LEMMA PROOF (LEMMAS USED: 5)


Set Warnings "-notation-overridden,-parsing,-deprecated-hint-without-locality".
From LF Require Export Logic.
From Coq Require Import Lia.











Fixpoint div2 (n : nat) :=
  match n with
    0 => 0
  | 1 => 0
  | S (S n) => S (div2 n)
  end.

Definition f (n : nat) :=
  if even n then div2 n
  else (3 * n) + 1.





Fail Fixpoint reaches_1_in (n : nat) :=
  if n =? 1 then 0
  else 1 + reaches_1_in (f n).





Inductive reaches_1 : nat -> Prop :=
  | term_done : reaches_1 1
  | term_more (n : nat) : reaches_1 (f n) -> reaches_1 n.





Conjecture collatz : forall n, reaches_1 n.










Module LePlayground.



Inductive le : nat -> nat -> Prop :=
  | le_n (n : nat)   : le n n
  | le_S (n m : nat) : le n m -> le n (S m).

End LePlayground.



Inductive clos_trans {X: Type} (R: X->X->Prop) : X->X->Prop :=
  | t_step (x y : X) :
      R x y ->
      clos_trans R x y
  | t_trans (x y z : X) :
      clos_trans R x y ->
      clos_trans R y z ->
      clos_trans R x z.



Inductive clos_refl_trans {X: Type} (R: X->X->Prop) : X->X->Prop :=
  | t_step' (x y : X) :
      R x y ->
      clos_refl_trans R x y
  | t_refl (x : X) :
      clos_refl_trans R x x
  | t_symm (x y : X):
      clos_refl_trans R x y ->
      clos_refl_trans R y x
  | t_trans' (x y z : X) :
      clos_refl_trans R x y ->
      clos_refl_trans R y z ->
      clos_refl_trans R x z.







Inductive Perm3 {X : Type} : list X -> list X -> Prop :=
  | perm3_swap12 (a b c : X) :
      Perm3 [a;b;c] [b;a;c]
  | perm3_swap23 (a b c : X) :
      Perm3 [a;b;c] [a;c;b]
  | perm3_trans (l1 l2 l3 : list X) :
      Perm3 l1 l2 -> Perm3 l2 l3 -> Perm3 l1 l3.


















Inductive ev : nat -> Prop :=
  | ev_0                       : ev 0
  | ev_SS (n : nat) (H : ev n) : ev (S (S n)).



Fail Inductive wrong_ev (n : nat) : Prop :=
  | wrong_ev_0 : wrong_ev 0
  | wrong_ev_SS (H: wrong_ev n) : wrong_ev (S (S n)).








Theorem ev_4 : ev 4.
Proof. apply ev_SS. apply ev_SS. apply ev_0. Qed.



Theorem ev_4' : ev 4.
Proof. apply (ev_SS 2 (ev_SS 0 ev_0)). Qed.





Lemma helper_lemma_4 : ev 4.

Proof.
(* We will prove the lemma by induction on n.
*)
  induction 4 as [|n' IHn'].
- (* Base case: n = 0 *)
    (* Since 4 is even, we know that 0 is even, so we can apply the evenness property.
*)
    apply ev_0.
- (* Inductive case: n = S (S (S (S n'))) *)
    (* We know that n' is even, so we can apply the evenness property for n'.
*)
    apply ev_SS.
(* We now need to prove that n' is even.
We can do this by induction on n'.
*)
    apply IHn'.
Qed.

Outdated contents in ..cache: recomputing
ERROR MESSAGE IN LEMMA PROOF (FRAGMENT #62)
Error in step "induction 4 as [|n' IHn'].".
Message: No 4th non dependent hypothesis in current goal even
after head-reduction..
Goal: ev 4.


TRYING TO PROVE LEMMA
Lemma helper_lemma_5 : ev 4.


Error proving ev_plus4
MAX LEMMA DEPTH REACHED. GIVING UP.