PROVING evSS_ev'
ATTEMPTED THEOREM PROOF (LEMMAS USED: 0)


Set Warnings "-notation-overridden,-parsing,-deprecated-hint-without-locality".
From LF Require Export Logic.
From Coq Require Import Lia.











Fixpoint div2 (n : nat) :=
  match n with
    0 => 0
  | 1 => 0
  | S (S n) => S (div2 n)
  end.

Definition f (n : nat) :=
  if even n then div2 n
  else (3 * n) + 1.





Fail Fixpoint reaches_1_in (n : nat) :=
  if n =? 1 then 0
  else 1 + reaches_1_in (f n).





Inductive reaches_1 : nat -> Prop :=
  | term_done : reaches_1 1
  | term_more (n : nat) : reaches_1 (f n) -> reaches_1 n.





Conjecture collatz : forall n, reaches_1 n.










Module LePlayground.



Inductive le : nat -> nat -> Prop :=
  | le_n (n : nat)   : le n n
  | le_S (n m : nat) : le n m -> le n (S m).

End LePlayground.



Inductive clos_trans {X: Type} (R: X->X->Prop) : X->X->Prop :=
  | t_step (x y : X) :
      R x y ->
      clos_trans R x y
  | t_trans (x y z : X) :
      clos_trans R x y ->
      clos_trans R y z ->
      clos_trans R x z.



Inductive clos_refl_trans {X: Type} (R: X->X->Prop) : X->X->Prop :=
  | t_step' (x y : X) :
      R x y ->
      clos_refl_trans R x y
  | t_refl (x : X) :
      clos_refl_trans R x x
  | t_symm (x y : X):
      clos_refl_trans R x y ->
      clos_refl_trans R y x
  | t_trans' (x y z : X) :
      clos_refl_trans R x y ->
      clos_refl_trans R y z ->
      clos_refl_trans R x z.







Inductive Perm3 {X : Type} : list X -> list X -> Prop :=
  | perm3_swap12 (a b c : X) :
      Perm3 [a;b;c] [b;a;c]
  | perm3_swap23 (a b c : X) :
      Perm3 [a;b;c] [a;c;b]
  | perm3_trans (l1 l2 l3 : list X) :
      Perm3 l1 l2 -> Perm3 l2 l3 -> Perm3 l1 l3.


















Inductive ev : nat -> Prop :=
  | ev_0                       : ev 0
  | ev_SS (n : nat) (H : ev n) : ev (S (S n)).



Fail Inductive wrong_ev (n : nat) : Prop :=
  | wrong_ev_0 : wrong_ev 0
  | wrong_ev_SS (H: wrong_ev n) : wrong_ev (S (S n)).








Theorem ev_4 : ev 4.
Proof. apply ev_SS. apply ev_SS. apply ev_0. Qed.



Theorem ev_4' : ev 4.
Proof. apply (ev_SS 2 (ev_SS 0 ev_0)). Qed.



Theorem ev_plus4 : forall n, ev n -> ev (4 + n).
Proof.
  intros n. simpl. intros Hn.  apply ev_SS. apply ev_SS. apply Hn.
Qed.


Theorem ev_double : forall n,
  ev (double n).
Proof.
  induction n.
  - apply ev_0.
  - simpl. apply ev_SS. apply IHn.
Qed.
















Theorem ev_inversion : forall (n : nat),
    ev n ->
    (n = 0) \/ (exists n', n = S (S n') /\ ev n').
Proof.
  intros n E.  destruct E as [ | n' E'] eqn:EE.
  - 
    left. reflexivity.
  - 
    right. exists n'. split. reflexivity. apply E'.
Qed.





Theorem evSS_ev : forall n, ev (S (S n)) -> ev n.
Proof.
  intros n H. apply ev_inversion in H.  destruct H as [H0|H1].
  - discriminate.
  - destruct H1 as [n' [Hnm Hev]]. injection Hnm as Heq.
    rewrite Heq. apply Hev.
Qed.





Theorem evSS_ev' : forall n,
  ev (S (S n)) -> ev n.

Proof.
(* We will use induction on the value of n.
*)
  intros n H.
(* We will need to use the ev_inversion theorem.
*)
  apply (ev_inversion n H).
(* We have two cases: n = 0 or n = S (S n').
*)
  intros H_or.
(* Case n = 0: *)
  left.
(* We know that n = 0, so we can apply ev_0 to show that ev 0.
*)
  apply ev_0.
(* Case n = S (S n'): *)
  right.
(* We know that n = S (S n'), so we can apply ev_SS to show that ev n.
*)
  apply (evSS_ev n H_or).
Qed.

Outdated contents in ..cache: recomputing
ERROR MESSAGE IN THEOREM PROOF (FRAGMENT #156)
Error in step "apply (ev_inversion n H).".
Message: In environment
n : nat
H : ev (S (S n))
The term "H" has type "ev (S (S n))"
while it is expected to have type "ev n"..
Goal: ev n.


TRYING TO PROVE LEMMA
Lemma ev_S_n_implies_ev_n_0 : forall n : nat, forall H : ev (S (S n)), ev n.


ATTEMPTED LEMMA PROOF (LEMMAS USED: 1)


Set Warnings "-notation-overridden,-parsing,-deprecated-hint-without-locality".
From LF Require Export Logic.
From Coq Require Import Lia.











Fixpoint div2 (n : nat) :=
  match n with
    0 => 0
  | 1 => 0
  | S (S n) => S (div2 n)
  end.

Definition f (n : nat) :=
  if even n then div2 n
  else (3 * n) + 1.





Fail Fixpoint reaches_1_in (n : nat) :=
  if n =? 1 then 0
  else 1 + reaches_1_in (f n).





Inductive reaches_1 : nat -> Prop :=
  | term_done : reaches_1 1
  | term_more (n : nat) : reaches_1 (f n) -> reaches_1 n.





Conjecture collatz : forall n, reaches_1 n.










Module LePlayground.



Inductive le : nat -> nat -> Prop :=
  | le_n (n : nat)   : le n n
  | le_S (n m : nat) : le n m -> le n (S m).

End LePlayground.



Inductive clos_trans {X: Type} (R: X->X->Prop) : X->X->Prop :=
  | t_step (x y : X) :
      R x y ->
      clos_trans R x y
  | t_trans (x y z : X) :
      clos_trans R x y ->
      clos_trans R y z ->
      clos_trans R x z.



Inductive clos_refl_trans {X: Type} (R: X->X->Prop) : X->X->Prop :=
  | t_step' (x y : X) :
      R x y ->
      clos_refl_trans R x y
  | t_refl (x : X) :
      clos_refl_trans R x x
  | t_symm (x y : X):
      clos_refl_trans R x y ->
      clos_refl_trans R y x
  | t_trans' (x y z : X) :
      clos_refl_trans R x y ->
      clos_refl_trans R y z ->
      clos_refl_trans R x z.







Inductive Perm3 {X : Type} : list X -> list X -> Prop :=
  | perm3_swap12 (a b c : X) :
      Perm3 [a;b;c] [b;a;c]
  | perm3_swap23 (a b c : X) :
      Perm3 [a;b;c] [a;c;b]
  | perm3_trans (l1 l2 l3 : list X) :
      Perm3 l1 l2 -> Perm3 l2 l3 -> Perm3 l1 l3.


















Inductive ev : nat -> Prop :=
  | ev_0                       : ev 0
  | ev_SS (n : nat) (H : ev n) : ev (S (S n)).



Fail Inductive wrong_ev (n : nat) : Prop :=
  | wrong_ev_0 : wrong_ev 0
  | wrong_ev_SS (H: wrong_ev n) : wrong_ev (S (S n)).








Theorem ev_4 : ev 4.
Proof. apply ev_SS. apply ev_SS. apply ev_0. Qed.



Theorem ev_4' : ev 4.
Proof. apply (ev_SS 2 (ev_SS 0 ev_0)). Qed.



Theorem ev_plus4 : forall n, ev n -> ev (4 + n).
Proof.
  intros n. simpl. intros Hn.  apply ev_SS. apply ev_SS. apply Hn.
Qed.


Theorem ev_double : forall n,
  ev (double n).
Proof.
  induction n.
  - apply ev_0.
  - simpl. apply ev_SS. apply IHn.
Qed.
















Theorem ev_inversion : forall (n : nat),
    ev n ->
    (n = 0) \/ (exists n', n = S (S n') /\ ev n').
Proof.
  intros n E.  destruct E as [ | n' E'] eqn:EE.
  - 
    left. reflexivity.
  - 
    right. exists n'. split. reflexivity. apply E'.
Qed.





Theorem evSS_ev : forall n, ev (S (S n)) -> ev n.
Proof.
  intros n H. apply ev_inversion in H.  destruct H as [H0|H1].
  - discriminate.
  - destruct H1 as [n' [Hnm Hev]]. injection Hnm as Heq.
    rewrite Heq. apply Hev.
Qed.





Lemma ev_S_n_implies_ev_n_0 : forall n : nat, forall H : ev (S (S n)), ev n.

Proof.
(* We will use induction on n.
*)
  intros n H.
induction H as [|n' H'].
- (* Base case: n = 0 *)
    (* We know that H : ev (S (S 0)), which is impossible.
*)
    (* So, we have ev 0.
*)
    apply ev_0.
- (* Inductive case: n = S (S n') *)
    (* We know that H' : ev (S (S n')), and we want to prove ev n'.
*)
    (* By the definition of ev, we have ev (S (S n')).
*)
    (* By the definition of ev, we have ev (S (S n')).
*)
    (* By the definition of ev, we have ev (S (S n')).
*)
    (* By the definition of ev, we have ev (S (S n')).
*)
    (* By the definition of ev, we have ev (S (S n')).
*)
    (* By the definition of ev, we have ev (S (S n')).
*)
    (* By the definition of ev, we have ev (S (S n')).
*)
    (* By the definition of ev, we have ev (S (S n')).
*)
    (* By the definition of ev, we have ev (S (S n')).
*)
    (* By the definition of ev, we have ev (S (S n')).
*)
    (* By the definition of ev, we have ev (S (S n')).
*)
    (* By the definition of ev, we have ev (S (S n')).
*)
    (* By the definition of ev, we have ev (S (S n')).
*)
    (* By the definition of ev, we have ev (S (S n')).
*)
    (* By the definition of ev, we have ev (S (S n')).
*)
    (* By the definition of ev, we have ev (S (S n')).
*)
    (* By the definition of ev, we have ev (S (S n')).
*)
    (* By the definition of ev, we have ev (S (S n')).
*)
    (* By the definition of ev, we have ev (
Qed.

Outdated contents in ..cache: recomputing
ERROR MESSAGE IN LEMMA PROOF (FRAGMENT #160)
Error in step "apply ev_0.".
Message: In environment
n : nat
Unable to unify "ev 0" with 
"ev n"..
Goal: ev n.


TRYING TO PROVE LEMMA
Lemma even_number_property_1 : forall n : nat, ev n.


ATTEMPTED LEMMA PROOF (LEMMAS USED: 2)


Set Warnings "-notation-overridden,-parsing,-deprecated-hint-without-locality".
From LF Require Export Logic.
From Coq Require Import Lia.











Fixpoint div2 (n : nat) :=
  match n with
    0 => 0
  | 1 => 0
  | S (S n) => S (div2 n)
  end.

Definition f (n : nat) :=
  if even n then div2 n
  else (3 * n) + 1.





Fail Fixpoint reaches_1_in (n : nat) :=
  if n =? 1 then 0
  else 1 + reaches_1_in (f n).





Inductive reaches_1 : nat -> Prop :=
  | term_done : reaches_1 1
  | term_more (n : nat) : reaches_1 (f n) -> reaches_1 n.





Conjecture collatz : forall n, reaches_1 n.










Module LePlayground.



Inductive le : nat -> nat -> Prop :=
  | le_n (n : nat)   : le n n
  | le_S (n m : nat) : le n m -> le n (S m).

End LePlayground.



Inductive clos_trans {X: Type} (R: X->X->Prop) : X->X->Prop :=
  | t_step (x y : X) :
      R x y ->
      clos_trans R x y
  | t_trans (x y z : X) :
      clos_trans R x y ->
      clos_trans R y z ->
      clos_trans R x z.



Inductive clos_refl_trans {X: Type} (R: X->X->Prop) : X->X->Prop :=
  | t_step' (x y : X) :
      R x y ->
      clos_refl_trans R x y
  | t_refl (x : X) :
      clos_refl_trans R x x
  | t_symm (x y : X):
      clos_refl_trans R x y ->
      clos_refl_trans R y x
  | t_trans' (x y z : X) :
      clos_refl_trans R x y ->
      clos_refl_trans R y z ->
      clos_refl_trans R x z.







Inductive Perm3 {X : Type} : list X -> list X -> Prop :=
  | perm3_swap12 (a b c : X) :
      Perm3 [a;b;c] [b;a;c]
  | perm3_swap23 (a b c : X) :
      Perm3 [a;b;c] [a;c;b]
  | perm3_trans (l1 l2 l3 : list X) :
      Perm3 l1 l2 -> Perm3 l2 l3 -> Perm3 l1 l3.


















Inductive ev : nat -> Prop :=
  | ev_0                       : ev 0
  | ev_SS (n : nat) (H : ev n) : ev (S (S n)).



Fail Inductive wrong_ev (n : nat) : Prop :=
  | wrong_ev_0 : wrong_ev 0
  | wrong_ev_SS (H: wrong_ev n) : wrong_ev (S (S n)).








Theorem ev_4 : ev 4.
Proof. apply ev_SS. apply ev_SS. apply ev_0. Qed.



Theorem ev_4' : ev 4.
Proof. apply (ev_SS 2 (ev_SS 0 ev_0)). Qed.



Theorem ev_plus4 : forall n, ev n -> ev (4 + n).
Proof.
  intros n. simpl. intros Hn.  apply ev_SS. apply ev_SS. apply Hn.
Qed.


Theorem ev_double : forall n,
  ev (double n).
Proof.
  induction n.
  - apply ev_0.
  - simpl. apply ev_SS. apply IHn.
Qed.
















Theorem ev_inversion : forall (n : nat),
    ev n ->
    (n = 0) \/ (exists n', n = S (S n') /\ ev n').
Proof.
  intros n E.  destruct E as [ | n' E'] eqn:EE.
  - 
    left. reflexivity.
  - 
    right. exists n'. split. reflexivity. apply E'.
Qed.





Theorem evSS_ev : forall n, ev (S (S n)) -> ev n.
Proof.
  intros n H. apply ev_inversion in H.  destruct H as [H0|H1].
  - discriminate.
  - destruct H1 as [n' [Hnm Hev]]. injection Hnm as Heq.
    rewrite Heq. apply Hev.
Qed.





Lemma even_number_property_1 : forall n : nat, ev n.

Proof.
(* We will proceed by induction on n.
*)
  induction n as [|n' IHn'].
- (* Base case: n = 0 *)
    (* We know that ev 0 is true by ev_0.
*)
    apply ev_0.
- (* Inductive case: n = S (S n') *)
    (* We know that ev (S (S n')) is true by IHn'.
*)
    (* We now need to prove ev (S n').
*)
    apply ev_SS.
(* We have assumed that ev (S (S n')) is true.
*)
    assumption.
Qed.

Outdated contents in ..cache: recomputing
ERROR MESSAGE IN LEMMA PROOF (FRAGMENT #162)
Error in step "apply ev_SS.".
Message: In environment
n' : nat
IHn' : ev n'
Unable to unify "ev (S (S ?M1382))" with 
"ev (S n')"..
Goal: ev (S n').


TRYING TO PROVE LEMMA
Lemma ev_S_preserves_ev_2 : forall n' : nat, forall IHn' : ev n', ev (S n').


ATTEMPTED LEMMA PROOF (LEMMAS USED: 3)


Set Warnings "-notation-overridden,-parsing,-deprecated-hint-without-locality".
From LF Require Export Logic.
From Coq Require Import Lia.











Fixpoint div2 (n : nat) :=
  match n with
    0 => 0
  | 1 => 0
  | S (S n) => S (div2 n)
  end.

Definition f (n : nat) :=
  if even n then div2 n
  else (3 * n) + 1.





Fail Fixpoint reaches_1_in (n : nat) :=
  if n =? 1 then 0
  else 1 + reaches_1_in (f n).





Inductive reaches_1 : nat -> Prop :=
  | term_done : reaches_1 1
  | term_more (n : nat) : reaches_1 (f n) -> reaches_1 n.





Conjecture collatz : forall n, reaches_1 n.










Module LePlayground.



Inductive le : nat -> nat -> Prop :=
  | le_n (n : nat)   : le n n
  | le_S (n m : nat) : le n m -> le n (S m).

End LePlayground.



Inductive clos_trans {X: Type} (R: X->X->Prop) : X->X->Prop :=
  | t_step (x y : X) :
      R x y ->
      clos_trans R x y
  | t_trans (x y z : X) :
      clos_trans R x y ->
      clos_trans R y z ->
      clos_trans R x z.



Inductive clos_refl_trans {X: Type} (R: X->X->Prop) : X->X->Prop :=
  | t_step' (x y : X) :
      R x y ->
      clos_refl_trans R x y
  | t_refl (x : X) :
      clos_refl_trans R x x
  | t_symm (x y : X):
      clos_refl_trans R x y ->
      clos_refl_trans R y x
  | t_trans' (x y z : X) :
      clos_refl_trans R x y ->
      clos_refl_trans R y z ->
      clos_refl_trans R x z.







Inductive Perm3 {X : Type} : list X -> list X -> Prop :=
  | perm3_swap12 (a b c : X) :
      Perm3 [a;b;c] [b;a;c]
  | perm3_swap23 (a b c : X) :
      Perm3 [a;b;c] [a;c;b]
  | perm3_trans (l1 l2 l3 : list X) :
      Perm3 l1 l2 -> Perm3 l2 l3 -> Perm3 l1 l3.


















Inductive ev : nat -> Prop :=
  | ev_0                       : ev 0
  | ev_SS (n : nat) (H : ev n) : ev (S (S n)).



Fail Inductive wrong_ev (n : nat) : Prop :=
  | wrong_ev_0 : wrong_ev 0
  | wrong_ev_SS (H: wrong_ev n) : wrong_ev (S (S n)).








Theorem ev_4 : ev 4.
Proof. apply ev_SS. apply ev_SS. apply ev_0. Qed.



Theorem ev_4' : ev 4.
Proof. apply (ev_SS 2 (ev_SS 0 ev_0)). Qed.



Theorem ev_plus4 : forall n, ev n -> ev (4 + n).
Proof.
  intros n. simpl. intros Hn.  apply ev_SS. apply ev_SS. apply Hn.
Qed.


Theorem ev_double : forall n,
  ev (double n).
Proof.
  induction n.
  - apply ev_0.
  - simpl. apply ev_SS. apply IHn.
Qed.
















Theorem ev_inversion : forall (n : nat),
    ev n ->
    (n = 0) \/ (exists n', n = S (S n') /\ ev n').
Proof.
  intros n E.  destruct E as [ | n' E'] eqn:EE.
  - 
    left. reflexivity.
  - 
    right. exists n'. split. reflexivity. apply E'.
Qed.





Theorem evSS_ev : forall n, ev (S (S n)) -> ev n.
Proof.
  intros n H. apply ev_inversion in H.  destruct H as [H0|H1].
  - discriminate.
  - destruct H1 as [n' [Hnm Hev]]. injection Hnm as Heq.
    rewrite Heq. apply Hev.
Qed.





Lemma ev_S_preserves_ev_2 : forall n' : nat, forall IHn' : ev n', ev (S n').

Proof.
(* Base case: n' = 0 *)
  intros n' IHn'.
inversion IHn'.
(* Inductive case: n' = S n *)
  intros n' IHn'.
inversion IHn'.
apply ev_SS.
assumption.
Qed.

Outdated contents in ..cache: recomputing
ERROR MESSAGE IN LEMMA PROOF (FRAGMENT #158)
Error in step "intros n' IHn'.".
Message: n' is already used..
Goal: ev 1.


TRYING TO PROVE LEMMA
Lemma ev_0_implies_ev_1_3 : forall n' : nat, forall IHn' : ev n', forall H : 0 = n', ev 1.


ATTEMPTED LEMMA PROOF (LEMMAS USED: 4)


Set Warnings "-notation-overridden,-parsing,-deprecated-hint-without-locality".
From LF Require Export Logic.
From Coq Require Import Lia.











Fixpoint div2 (n : nat) :=
  match n with
    0 => 0
  | 1 => 0
  | S (S n) => S (div2 n)
  end.

Definition f (n : nat) :=
  if even n then div2 n
  else (3 * n) + 1.





Fail Fixpoint reaches_1_in (n : nat) :=
  if n =? 1 then 0
  else 1 + reaches_1_in (f n).





Inductive reaches_1 : nat -> Prop :=
  | term_done : reaches_1 1
  | term_more (n : nat) : reaches_1 (f n) -> reaches_1 n.





Conjecture collatz : forall n, reaches_1 n.










Module LePlayground.



Inductive le : nat -> nat -> Prop :=
  | le_n (n : nat)   : le n n
  | le_S (n m : nat) : le n m -> le n (S m).

End LePlayground.



Inductive clos_trans {X: Type} (R: X->X->Prop) : X->X->Prop :=
  | t_step (x y : X) :
      R x y ->
      clos_trans R x y
  | t_trans (x y z : X) :
      clos_trans R x y ->
      clos_trans R y z ->
      clos_trans R x z.



Inductive clos_refl_trans {X: Type} (R: X->X->Prop) : X->X->Prop :=
  | t_step' (x y : X) :
      R x y ->
      clos_refl_trans R x y
  | t_refl (x : X) :
      clos_refl_trans R x x
  | t_symm (x y : X):
      clos_refl_trans R x y ->
      clos_refl_trans R y x
  | t_trans' (x y z : X) :
      clos_refl_trans R x y ->
      clos_refl_trans R y z ->
      clos_refl_trans R x z.







Inductive Perm3 {X : Type} : list X -> list X -> Prop :=
  | perm3_swap12 (a b c : X) :
      Perm3 [a;b;c] [b;a;c]
  | perm3_swap23 (a b c : X) :
      Perm3 [a;b;c] [a;c;b]
  | perm3_trans (l1 l2 l3 : list X) :
      Perm3 l1 l2 -> Perm3 l2 l3 -> Perm3 l1 l3.


















Inductive ev : nat -> Prop :=
  | ev_0                       : ev 0
  | ev_SS (n : nat) (H : ev n) : ev (S (S n)).



Fail Inductive wrong_ev (n : nat) : Prop :=
  | wrong_ev_0 : wrong_ev 0
  | wrong_ev_SS (H: wrong_ev n) : wrong_ev (S (S n)).








Theorem ev_4 : ev 4.
Proof. apply ev_SS. apply ev_SS. apply ev_0. Qed.



Theorem ev_4' : ev 4.
Proof. apply (ev_SS 2 (ev_SS 0 ev_0)). Qed.



Theorem ev_plus4 : forall n, ev n -> ev (4 + n).
Proof.
  intros n. simpl. intros Hn.  apply ev_SS. apply ev_SS. apply Hn.
Qed.


Theorem ev_double : forall n,
  ev (double n).
Proof.
  induction n.
  - apply ev_0.
  - simpl. apply ev_SS. apply IHn.
Qed.
















Theorem ev_inversion : forall (n : nat),
    ev n ->
    (n = 0) \/ (exists n', n = S (S n') /\ ev n').
Proof.
  intros n E.  destruct E as [ | n' E'] eqn:EE.
  - 
    left. reflexivity.
  - 
    right. exists n'. split. reflexivity. apply E'.
Qed.





Theorem evSS_ev : forall n, ev (S (S n)) -> ev n.
Proof.
  intros n H. apply ev_inversion in H.  destruct H as [H0|H1].
  - discriminate.
  - destruct H1 as [n' [Hnm Hev]]. injection Hnm as Heq.
    rewrite Heq. apply Hev.
Qed.





Lemma ev_0_implies_ev_1_3 : forall n' : nat, forall IHn' : ev n', forall H : 0 = n', ev 1.

Proof.
intros n' IHn' H.
inversion H.
apply IHn'.
apply ev_0.
Qed.

Outdated contents in ..cache: recomputing
ERROR MESSAGE IN LEMMA PROOF (FRAGMENT #158)
Error in step "apply IHn'.".
Message: In environment
n' : nat
IHn' : ev n'
H, H0 : 0 = n'
Unable to unify "ev n'" with 
"ev 1"..
Goal: ev 1.


TRYING TO PROVE LEMMA
Lemma ev_lemma_4 : forall n' : nat, forall IHn' : ev n', forall H H0 : 0 = n', ev 1.


ATTEMPTED LEMMA PROOF (LEMMAS USED: 5)


Set Warnings "-notation-overridden,-parsing,-deprecated-hint-without-locality".
From LF Require Export Logic.
From Coq Require Import Lia.











Fixpoint div2 (n : nat) :=
  match n with
    0 => 0
  | 1 => 0
  | S (S n) => S (div2 n)
  end.

Definition f (n : nat) :=
  if even n then div2 n
  else (3 * n) + 1.





Fail Fixpoint reaches_1_in (n : nat) :=
  if n =? 1 then 0
  else 1 + reaches_1_in (f n).





Inductive reaches_1 : nat -> Prop :=
  | term_done : reaches_1 1
  | term_more (n : nat) : reaches_1 (f n) -> reaches_1 n.





Conjecture collatz : forall n, reaches_1 n.










Module LePlayground.



Inductive le : nat -> nat -> Prop :=
  | le_n (n : nat)   : le n n
  | le_S (n m : nat) : le n m -> le n (S m).

End LePlayground.



Inductive clos_trans {X: Type} (R: X->X->Prop) : X->X->Prop :=
  | t_step (x y : X) :
      R x y ->
      clos_trans R x y
  | t_trans (x y z : X) :
      clos_trans R x y ->
      clos_trans R y z ->
      clos_trans R x z.



Inductive clos_refl_trans {X: Type} (R: X->X->Prop) : X->X->Prop :=
  | t_step' (x y : X) :
      R x y ->
      clos_refl_trans R x y
  | t_refl (x : X) :
      clos_refl_trans R x x
  | t_symm (x y : X):
      clos_refl_trans R x y ->
      clos_refl_trans R y x
  | t_trans' (x y z : X) :
      clos_refl_trans R x y ->
      clos_refl_trans R y z ->
      clos_refl_trans R x z.







Inductive Perm3 {X : Type} : list X -> list X -> Prop :=
  | perm3_swap12 (a b c : X) :
      Perm3 [a;b;c] [b;a;c]
  | perm3_swap23 (a b c : X) :
      Perm3 [a;b;c] [a;c;b]
  | perm3_trans (l1 l2 l3 : list X) :
      Perm3 l1 l2 -> Perm3 l2 l3 -> Perm3 l1 l3.


















Inductive ev : nat -> Prop :=
  | ev_0                       : ev 0
  | ev_SS (n : nat) (H : ev n) : ev (S (S n)).



Fail Inductive wrong_ev (n : nat) : Prop :=
  | wrong_ev_0 : wrong_ev 0
  | wrong_ev_SS (H: wrong_ev n) : wrong_ev (S (S n)).








Theorem ev_4 : ev 4.
Proof. apply ev_SS. apply ev_SS. apply ev_0. Qed.



Theorem ev_4' : ev 4.
Proof. apply (ev_SS 2 (ev_SS 0 ev_0)). Qed.



Theorem ev_plus4 : forall n, ev n -> ev (4 + n).
Proof.
  intros n. simpl. intros Hn.  apply ev_SS. apply ev_SS. apply Hn.
Qed.


Theorem ev_double : forall n,
  ev (double n).
Proof.
  induction n.
  - apply ev_0.
  - simpl. apply ev_SS. apply IHn.
Qed.
















Theorem ev_inversion : forall (n : nat),
    ev n ->
    (n = 0) \/ (exists n', n = S (S n') /\ ev n').
Proof.
  intros n E.  destruct E as [ | n' E'] eqn:EE.
  - 
    left. reflexivity.
  - 
    right. exists n'. split. reflexivity. apply E'.
Qed.





Theorem evSS_ev : forall n, ev (S (S n)) -> ev n.
Proof.
  intros n H. apply ev_inversion in H.  destruct H as [H0|H1].
  - discriminate.
  - destruct H1 as [n' [Hnm Hev]]. injection Hnm as Heq.
    rewrite Heq. apply Hev.
Qed.





Lemma ev_lemma_4 : forall n' : nat, forall IHn' : ev n', forall H H0 : 0 = n', ev 1.

Proof.
intros n' IHn' H H0.
inversion H0.
subst.
apply IHn'.
apply term_done.
Qed.

Outdated contents in ..cache: recomputing
ERROR MESSAGE IN LEMMA PROOF (FRAGMENT #160)
Error in step "apply IHn'.".
Message: In environment
IHn' : ev 0
H1, H0 : 0 = 0
Unable to unify "ev 0" with 
"ev 1"..
Goal: ev 1.


TRYING TO PROVE LEMMA
Lemma ev_0_and_1_5 : forall IHn' : ev 0, forall H1 H0 : 0 = 0, ev 1.


Error proving evSS_ev'
MAX LEMMA DEPTH REACHED. GIVING UP.