PROVING ev_Even_iff
ATTEMPTED THEOREM PROOF (LEMMAS USED: 0)


Set Warnings "-notation-overridden,-parsing,-deprecated-hint-without-locality".
From LF Require Export Logic.
From Coq Require Import Lia.











Fixpoint div2 (n : nat) :=
  match n with
    0 => 0
  | 1 => 0
  | S (S n) => S (div2 n)
  end.

Definition f (n : nat) :=
  if even n then div2 n
  else (3 * n) + 1.





Fail Fixpoint reaches_1_in (n : nat) :=
  if n =? 1 then 0
  else 1 + reaches_1_in (f n).





Inductive reaches_1 : nat -> Prop :=
  | term_done : reaches_1 1
  | term_more (n : nat) : reaches_1 (f n) -> reaches_1 n.





Conjecture collatz : forall n, reaches_1 n.










Module LePlayground.



Inductive le : nat -> nat -> Prop :=
  | le_n (n : nat)   : le n n
  | le_S (n m : nat) : le n m -> le n (S m).

End LePlayground.



Inductive clos_trans {X: Type} (R: X->X->Prop) : X->X->Prop :=
  | t_step (x y : X) :
      R x y ->
      clos_trans R x y
  | t_trans (x y z : X) :
      clos_trans R x y ->
      clos_trans R y z ->
      clos_trans R x z.



Inductive clos_refl_trans {X: Type} (R: X->X->Prop) : X->X->Prop :=
  | t_step' (x y : X) :
      R x y ->
      clos_refl_trans R x y
  | t_refl (x : X) :
      clos_refl_trans R x x
  | t_symm (x y : X):
      clos_refl_trans R x y ->
      clos_refl_trans R y x
  | t_trans' (x y z : X) :
      clos_refl_trans R x y ->
      clos_refl_trans R y z ->
      clos_refl_trans R x z.







Inductive Perm3 {X : Type} : list X -> list X -> Prop :=
  | perm3_swap12 (a b c : X) :
      Perm3 [a;b;c] [b;a;c]
  | perm3_swap23 (a b c : X) :
      Perm3 [a;b;c] [a;c;b]
  | perm3_trans (l1 l2 l3 : list X) :
      Perm3 l1 l2 -> Perm3 l2 l3 -> Perm3 l1 l3.


















Inductive ev : nat -> Prop :=
  | ev_0                       : ev 0
  | ev_SS (n : nat) (H : ev n) : ev (S (S n)).



Fail Inductive wrong_ev (n : nat) : Prop :=
  | wrong_ev_0 : wrong_ev 0
  | wrong_ev_SS (H: wrong_ev n) : wrong_ev (S (S n)).








Theorem ev_4 : ev 4.
Proof. apply ev_SS. apply ev_SS. apply ev_0. Qed.



Theorem ev_4' : ev 4.
Proof. apply (ev_SS 2 (ev_SS 0 ev_0)). Qed.



Theorem ev_plus4 : forall n, ev n -> ev (4 + n).
Proof.
  intros n. simpl. intros Hn.  apply ev_SS. apply ev_SS. apply Hn.
Qed.


Theorem ev_double : forall n,
  ev (double n).
Proof.
  induction n.
  - apply ev_0.
  - simpl. apply ev_SS. apply IHn.
Qed.
















Theorem ev_inversion : forall (n : nat),
    ev n ->
    (n = 0) \/ (exists n', n = S (S n') /\ ev n').
Proof.
  intros n E.  destruct E as [ | n' E'] eqn:EE.
  - 
    left. reflexivity.
  - 
    right. exists n'. split. reflexivity. apply E'.
Qed.





Theorem evSS_ev : forall n, ev (S (S n)) -> ev n.
Proof.
  intros n H. apply ev_inversion in H.  destruct H as [H0|H1].
  - discriminate.
  - destruct H1 as [n' [Hnm Hev]]. injection Hnm as Heq.
    rewrite Heq. apply Hev.
Qed.



Theorem evSS_ev' : forall n,
  ev (S (S n)) -> ev n.
Proof.
  intros n E.  inversion E as [| n' E' Heq].
  
  apply E'.
Qed.



Theorem one_not_even : ~ ev 1.
Proof.
  intros H. apply ev_inversion in H.  destruct H as [ | [m [Hm _]]].
  - discriminate.
  - discriminate.
Qed.

Theorem one_not_even' : ~ ev 1.
Proof.
  intros H. inversion H. Qed.



Theorem SSSSev__even : forall n,
  ev (S (S (S (S n)))) -> ev n.
Proof.
  intros n H. inversion H as [| n0 H0 Heq0]. inversion H0 as [| n1 H1 Heq1].
  apply H1.
Qed.




Theorem ev5_nonsense :
  ev 5 -> 2 + 2 = 9.
Proof.
  intros H.
  inversion H as [| n0 H0 Heq0].
  inversion H0 as [| n1 H1 Heq1].
  inversion H1.
Qed.




Theorem inversion_ex1 : forall (n m o : nat),
  [n; m] = [o; o] -> [n] = [m].
Proof.
  intros n m o H. inversion H. reflexivity. Qed.

Theorem inversion_ex2 : forall (n : nat),
  S n = O -> 2 + 2 = 5.
Proof.
  intros n contra. inversion contra. Qed.





Lemma ev_Even_firsttry : forall n,
  ev n -> Even n.
Proof.
   unfold Even.



  intros n E. inversion E as [EQ' | n' E' EQ'].
  -  exists 0. reflexivity.
  - 
    assert (H: (exists k', n' = double k')
               -> (exists n0, S (S n') = double n0)).
        { intros [k' EQ'']. exists (S k'). simpl.
          rewrite <- EQ''. reflexivity. }
    apply H.

    

    generalize dependent E'.

    
Abort.










Lemma ev_Even : forall n,
  ev n -> Even n.
Proof.
  intros n E.
  induction E as [|n' E' IH].
  - 
    unfold Even. exists 0. reflexivity.
  - 
    unfold Even in IH.
    destruct IH as [k Hk].
    rewrite Hk.
    unfold Even. exists (S k). simpl. reflexivity.
Qed.







Theorem ev_Even_iff : forall n,
  ev n <-> Even n.

Proof.
(* We will prove the theorem by induction on n and show that ev n is equivalent to Even n *)
  intros n.
(* We will need to use the induction hypothesis for the Even predicate, so we need to generalize it *)
  generalize dependent Even.
(* We will also need to use the induction hypothesis for the ev predicate, so we need to generalize it *)
  generalize dependent ev.
(* Now we can start the induction on n *)
  induction n as [|n' IHn'].
- (* Base case: n = 0 *)
    (* We need to prove that ev 0 <-> Even 0 *)
    (* Both sides are false, so we can use the constructor for and to show that they are equivalent *)
    constructor.
- (* Inductive case: n = S n' *)
    (* We need to prove that ev (S n') <-> Even (S n') *)
    (* We can use the induction hypothesis for ev and Even *)
    apply IHn'.
(* Now we need to show that ev (S n') <-> Even (S n') *)
    (* We can use the definition of ev to rewrite the goal *)
    rewrite <- (ev_S n').
(* Now we need to show that ev (double n') <-> Even (S (S n')) *)
    (* We can use the definition of Even to rewrite the goal *)
    rewrite <- (Even_S (S n')).
(* Now we need to show that ev (double n') <-> Even (S (S n')) *)
    (* We can use the definition of double to rewrite the goal *)
    rewrite <- (double_S n').
(* Now we need to show that ev (S (S n')) <-> Even (S (S n')) *)
    (* Both sides are true, so we can use the constructor for and to show that they are equivalent *)
    constructor.
Qed.

Outdated contents in ..cache: recomputing
ERROR MESSAGE IN THEOREM PROOF (FRAGMENT #332)
Error in step "-".
Message: [Focus]
Wrong bullet -: Current bullet - is not finished..
Goal: P 0 -> P0 0.


TRYING TO PROVE LEMMA
Lemma base_case_preserved_0 : forall P P0 : nat -> Prop, P 0 -> P0 0.


ATTEMPTED LEMMA PROOF (LEMMAS USED: 1)


Set Warnings "-notation-overridden,-parsing,-deprecated-hint-without-locality".
From LF Require Export Logic.
From Coq Require Import Lia.











Fixpoint div2 (n : nat) :=
  match n with
    0 => 0
  | 1 => 0
  | S (S n) => S (div2 n)
  end.

Definition f (n : nat) :=
  if even n then div2 n
  else (3 * n) + 1.





Fail Fixpoint reaches_1_in (n : nat) :=
  if n =? 1 then 0
  else 1 + reaches_1_in (f n).





Inductive reaches_1 : nat -> Prop :=
  | term_done : reaches_1 1
  | term_more (n : nat) : reaches_1 (f n) -> reaches_1 n.





Conjecture collatz : forall n, reaches_1 n.










Module LePlayground.



Inductive le : nat -> nat -> Prop :=
  | le_n (n : nat)   : le n n
  | le_S (n m : nat) : le n m -> le n (S m).

End LePlayground.



Inductive clos_trans {X: Type} (R: X->X->Prop) : X->X->Prop :=
  | t_step (x y : X) :
      R x y ->
      clos_trans R x y
  | t_trans (x y z : X) :
      clos_trans R x y ->
      clos_trans R y z ->
      clos_trans R x z.



Inductive clos_refl_trans {X: Type} (R: X->X->Prop) : X->X->Prop :=
  | t_step' (x y : X) :
      R x y ->
      clos_refl_trans R x y
  | t_refl (x : X) :
      clos_refl_trans R x x
  | t_symm (x y : X):
      clos_refl_trans R x y ->
      clos_refl_trans R y x
  | t_trans' (x y z : X) :
      clos_refl_trans R x y ->
      clos_refl_trans R y z ->
      clos_refl_trans R x z.







Inductive Perm3 {X : Type} : list X -> list X -> Prop :=
  | perm3_swap12 (a b c : X) :
      Perm3 [a;b;c] [b;a;c]
  | perm3_swap23 (a b c : X) :
      Perm3 [a;b;c] [a;c;b]
  | perm3_trans (l1 l2 l3 : list X) :
      Perm3 l1 l2 -> Perm3 l2 l3 -> Perm3 l1 l3.


















Inductive ev : nat -> Prop :=
  | ev_0                       : ev 0
  | ev_SS (n : nat) (H : ev n) : ev (S (S n)).



Fail Inductive wrong_ev (n : nat) : Prop :=
  | wrong_ev_0 : wrong_ev 0
  | wrong_ev_SS (H: wrong_ev n) : wrong_ev (S (S n)).








Theorem ev_4 : ev 4.
Proof. apply ev_SS. apply ev_SS. apply ev_0. Qed.



Theorem ev_4' : ev 4.
Proof. apply (ev_SS 2 (ev_SS 0 ev_0)). Qed.



Theorem ev_plus4 : forall n, ev n -> ev (4 + n).
Proof.
  intros n. simpl. intros Hn.  apply ev_SS. apply ev_SS. apply Hn.
Qed.


Theorem ev_double : forall n,
  ev (double n).
Proof.
  induction n.
  - apply ev_0.
  - simpl. apply ev_SS. apply IHn.
Qed.
















Theorem ev_inversion : forall (n : nat),
    ev n ->
    (n = 0) \/ (exists n', n = S (S n') /\ ev n').
Proof.
  intros n E.  destruct E as [ | n' E'] eqn:EE.
  - 
    left. reflexivity.
  - 
    right. exists n'. split. reflexivity. apply E'.
Qed.





Theorem evSS_ev : forall n, ev (S (S n)) -> ev n.
Proof.
  intros n H. apply ev_inversion in H.  destruct H as [H0|H1].
  - discriminate.
  - destruct H1 as [n' [Hnm Hev]]. injection Hnm as Heq.
    rewrite Heq. apply Hev.
Qed.



Theorem evSS_ev' : forall n,
  ev (S (S n)) -> ev n.
Proof.
  intros n E.  inversion E as [| n' E' Heq].
  
  apply E'.
Qed.



Theorem one_not_even : ~ ev 1.
Proof.
  intros H. apply ev_inversion in H.  destruct H as [ | [m [Hm _]]].
  - discriminate.
  - discriminate.
Qed.

Theorem one_not_even' : ~ ev 1.
Proof.
  intros H. inversion H. Qed.



Theorem SSSSev__even : forall n,
  ev (S (S (S (S n)))) -> ev n.
Proof.
  intros n H. inversion H as [| n0 H0 Heq0]. inversion H0 as [| n1 H1 Heq1].
  apply H1.
Qed.




Theorem ev5_nonsense :
  ev 5 -> 2 + 2 = 9.
Proof.
  intros H.
  inversion H as [| n0 H0 Heq0].
  inversion H0 as [| n1 H1 Heq1].
  inversion H1.
Qed.




Theorem inversion_ex1 : forall (n m o : nat),
  [n; m] = [o; o] -> [n] = [m].
Proof.
  intros n m o H. inversion H. reflexivity. Qed.

Theorem inversion_ex2 : forall (n : nat),
  S n = O -> 2 + 2 = 5.
Proof.
  intros n contra. inversion contra. Qed.





Lemma ev_Even_firsttry : forall n,
  ev n -> Even n.
Proof.
   unfold Even.



  intros n E. inversion E as [EQ' | n' E' EQ'].
  -  exists 0. reflexivity.
  - 
    assert (H: (exists k', n' = double k')
               -> (exists n0, S (S n') = double n0)).
        { intros [k' EQ'']. exists (S k'). simpl.
          rewrite <- EQ''. reflexivity. }
    apply H.

    

    generalize dependent E'.

    
Abort.










Lemma ev_Even : forall n,
  ev n -> Even n.
Proof.
  intros n E.
  induction E as [|n' E' IH].
  - 
    unfold Even. exists 0. reflexivity.
  - 
    unfold Even in IH.
    destruct IH as [k Hk].
    rewrite Hk.
    unfold Even. exists (S k). simpl. reflexivity.
Qed.







Lemma base_case_preserved_0 : forall P P0 : nat -> Prop, P 0 -> P0 0.

Proof.
intros P P0 H0.
apply H0.
Qed.

Outdated contents in ..cache: recomputing
ERROR MESSAGE IN LEMMA PROOF (FRAGMENT #322)
Error in step "apply H0.".
Message: In environment
P, P0 : nat -> Prop
H0 : P 0
Unable to unify "P 0" with "P0 0"..
Goal: P0 0.


TRYING TO PROVE LEMMA
Lemma initial_value_preserved_1 : forall P P0 : nat -> Prop, forall H0 : P 0, P0 0.


ATTEMPTED LEMMA PROOF (LEMMAS USED: 2)


Set Warnings "-notation-overridden,-parsing,-deprecated-hint-without-locality".
From LF Require Export Logic.
From Coq Require Import Lia.











Fixpoint div2 (n : nat) :=
  match n with
    0 => 0
  | 1 => 0
  | S (S n) => S (div2 n)
  end.

Definition f (n : nat) :=
  if even n then div2 n
  else (3 * n) + 1.





Fail Fixpoint reaches_1_in (n : nat) :=
  if n =? 1 then 0
  else 1 + reaches_1_in (f n).





Inductive reaches_1 : nat -> Prop :=
  | term_done : reaches_1 1
  | term_more (n : nat) : reaches_1 (f n) -> reaches_1 n.





Conjecture collatz : forall n, reaches_1 n.










Module LePlayground.



Inductive le : nat -> nat -> Prop :=
  | le_n (n : nat)   : le n n
  | le_S (n m : nat) : le n m -> le n (S m).

End LePlayground.



Inductive clos_trans {X: Type} (R: X->X->Prop) : X->X->Prop :=
  | t_step (x y : X) :
      R x y ->
      clos_trans R x y
  | t_trans (x y z : X) :
      clos_trans R x y ->
      clos_trans R y z ->
      clos_trans R x z.



Inductive clos_refl_trans {X: Type} (R: X->X->Prop) : X->X->Prop :=
  | t_step' (x y : X) :
      R x y ->
      clos_refl_trans R x y
  | t_refl (x : X) :
      clos_refl_trans R x x
  | t_symm (x y : X):
      clos_refl_trans R x y ->
      clos_refl_trans R y x
  | t_trans' (x y z : X) :
      clos_refl_trans R x y ->
      clos_refl_trans R y z ->
      clos_refl_trans R x z.







Inductive Perm3 {X : Type} : list X -> list X -> Prop :=
  | perm3_swap12 (a b c : X) :
      Perm3 [a;b;c] [b;a;c]
  | perm3_swap23 (a b c : X) :
      Perm3 [a;b;c] [a;c;b]
  | perm3_trans (l1 l2 l3 : list X) :
      Perm3 l1 l2 -> Perm3 l2 l3 -> Perm3 l1 l3.


















Inductive ev : nat -> Prop :=
  | ev_0                       : ev 0
  | ev_SS (n : nat) (H : ev n) : ev (S (S n)).



Fail Inductive wrong_ev (n : nat) : Prop :=
  | wrong_ev_0 : wrong_ev 0
  | wrong_ev_SS (H: wrong_ev n) : wrong_ev (S (S n)).








Theorem ev_4 : ev 4.
Proof. apply ev_SS. apply ev_SS. apply ev_0. Qed.



Theorem ev_4' : ev 4.
Proof. apply (ev_SS 2 (ev_SS 0 ev_0)). Qed.



Theorem ev_plus4 : forall n, ev n -> ev (4 + n).
Proof.
  intros n. simpl. intros Hn.  apply ev_SS. apply ev_SS. apply Hn.
Qed.


Theorem ev_double : forall n,
  ev (double n).
Proof.
  induction n.
  - apply ev_0.
  - simpl. apply ev_SS. apply IHn.
Qed.
















Theorem ev_inversion : forall (n : nat),
    ev n ->
    (n = 0) \/ (exists n', n = S (S n') /\ ev n').
Proof.
  intros n E.  destruct E as [ | n' E'] eqn:EE.
  - 
    left. reflexivity.
  - 
    right. exists n'. split. reflexivity. apply E'.
Qed.





Theorem evSS_ev : forall n, ev (S (S n)) -> ev n.
Proof.
  intros n H. apply ev_inversion in H.  destruct H as [H0|H1].
  - discriminate.
  - destruct H1 as [n' [Hnm Hev]]. injection Hnm as Heq.
    rewrite Heq. apply Hev.
Qed.



Theorem evSS_ev' : forall n,
  ev (S (S n)) -> ev n.
Proof.
  intros n E.  inversion E as [| n' E' Heq].
  
  apply E'.
Qed.



Theorem one_not_even : ~ ev 1.
Proof.
  intros H. apply ev_inversion in H.  destruct H as [ | [m [Hm _]]].
  - discriminate.
  - discriminate.
Qed.

Theorem one_not_even' : ~ ev 1.
Proof.
  intros H. inversion H. Qed.



Theorem SSSSev__even : forall n,
  ev (S (S (S (S n)))) -> ev n.
Proof.
  intros n H. inversion H as [| n0 H0 Heq0]. inversion H0 as [| n1 H1 Heq1].
  apply H1.
Qed.




Theorem ev5_nonsense :
  ev 5 -> 2 + 2 = 9.
Proof.
  intros H.
  inversion H as [| n0 H0 Heq0].
  inversion H0 as [| n1 H1 Heq1].
  inversion H1.
Qed.




Theorem inversion_ex1 : forall (n m o : nat),
  [n; m] = [o; o] -> [n] = [m].
Proof.
  intros n m o H. inversion H. reflexivity. Qed.

Theorem inversion_ex2 : forall (n : nat),
  S n = O -> 2 + 2 = 5.
Proof.
  intros n contra. inversion contra. Qed.





Lemma ev_Even_firsttry : forall n,
  ev n -> Even n.
Proof.
   unfold Even.



  intros n E. inversion E as [EQ' | n' E' EQ'].
  -  exists 0. reflexivity.
  - 
    assert (H: (exists k', n' = double k')
               -> (exists n0, S (S n') = double n0)).
        { intros [k' EQ'']. exists (S k'). simpl.
          rewrite <- EQ''. reflexivity. }
    apply H.

    

    generalize dependent E'.

    
Abort.










Lemma ev_Even : forall n,
  ev n -> Even n.
Proof.
  intros n E.
  induction E as [|n' E' IH].
  - 
    unfold Even. exists 0. reflexivity.
  - 
    unfold Even in IH.
    destruct IH as [k Hk].
    rewrite Hk.
    unfold Even. exists (S k). simpl. reflexivity.
Qed.







Lemma initial_value_preserved_1 : forall P P0 : nat -> Prop, forall H0 : P 0, P0 0.

Proof.
(* The goal is to prove that for any two properties P and P0 of natural numbers, if P0 holds for 0 and H0 is a proof of P 0, then P0 holds for 0.
*)
  (* We will proceed by induction on the property P.
*)
  intros P P0 H0.
(* We first need to define the induction scheme for the property P.
*)
  induction P as [ | n Pn].
(* The base case is when n = 0.
In this case, we have P0 0 by hypothesis.
*)
  - apply P0.
(* The inductive case is when n = S m.
In this case, we need to prove P0 (S m).
*)
  - intros m Pm.
(* Since P is true for m, we can apply the induction hypothesis to obtain P0 m.
*)
    apply IHnat in Pm.
(* Now we have P0 m and P0 (S m).
Since P0 is a property of natural numbers, it is preserved under the successor function.
*)
    apply P0.
Qed.

Outdated contents in ..cache: recomputing
ERROR MESSAGE IN LEMMA PROOF (FRAGMENT #322)
Error in step "induction P as [ | n Pn].".
Message: Not an inductive definition..
Goal: P0 0.


TRYING TO PROVE LEMMA
Lemma initial_value_preserved_2 : forall P P0 : nat -> Prop, forall H0 : P 0, P0 0.


ATTEMPTED LEMMA PROOF (LEMMAS USED: 3)


Set Warnings "-notation-overridden,-parsing,-deprecated-hint-without-locality".
From LF Require Export Logic.
From Coq Require Import Lia.











Fixpoint div2 (n : nat) :=
  match n with
    0 => 0
  | 1 => 0
  | S (S n) => S (div2 n)
  end.

Definition f (n : nat) :=
  if even n then div2 n
  else (3 * n) + 1.





Fail Fixpoint reaches_1_in (n : nat) :=
  if n =? 1 then 0
  else 1 + reaches_1_in (f n).





Inductive reaches_1 : nat -> Prop :=
  | term_done : reaches_1 1
  | term_more (n : nat) : reaches_1 (f n) -> reaches_1 n.





Conjecture collatz : forall n, reaches_1 n.










Module LePlayground.



Inductive le : nat -> nat -> Prop :=
  | le_n (n : nat)   : le n n
  | le_S (n m : nat) : le n m -> le n (S m).

End LePlayground.



Inductive clos_trans {X: Type} (R: X->X->Prop) : X->X->Prop :=
  | t_step (x y : X) :
      R x y ->
      clos_trans R x y
  | t_trans (x y z : X) :
      clos_trans R x y ->
      clos_trans R y z ->
      clos_trans R x z.



Inductive clos_refl_trans {X: Type} (R: X->X->Prop) : X->X->Prop :=
  | t_step' (x y : X) :
      R x y ->
      clos_refl_trans R x y
  | t_refl (x : X) :
      clos_refl_trans R x x
  | t_symm (x y : X):
      clos_refl_trans R x y ->
      clos_refl_trans R y x
  | t_trans' (x y z : X) :
      clos_refl_trans R x y ->
      clos_refl_trans R y z ->
      clos_refl_trans R x z.







Inductive Perm3 {X : Type} : list X -> list X -> Prop :=
  | perm3_swap12 (a b c : X) :
      Perm3 [a;b;c] [b;a;c]
  | perm3_swap23 (a b c : X) :
      Perm3 [a;b;c] [a;c;b]
  | perm3_trans (l1 l2 l3 : list X) :
      Perm3 l1 l2 -> Perm3 l2 l3 -> Perm3 l1 l3.


















Inductive ev : nat -> Prop :=
  | ev_0                       : ev 0
  | ev_SS (n : nat) (H : ev n) : ev (S (S n)).



Fail Inductive wrong_ev (n : nat) : Prop :=
  | wrong_ev_0 : wrong_ev 0
  | wrong_ev_SS (H: wrong_ev n) : wrong_ev (S (S n)).








Theorem ev_4 : ev 4.
Proof. apply ev_SS. apply ev_SS. apply ev_0. Qed.



Theorem ev_4' : ev 4.
Proof. apply (ev_SS 2 (ev_SS 0 ev_0)). Qed.



Theorem ev_plus4 : forall n, ev n -> ev (4 + n).
Proof.
  intros n. simpl. intros Hn.  apply ev_SS. apply ev_SS. apply Hn.
Qed.


Theorem ev_double : forall n,
  ev (double n).
Proof.
  induction n.
  - apply ev_0.
  - simpl. apply ev_SS. apply IHn.
Qed.
















Theorem ev_inversion : forall (n : nat),
    ev n ->
    (n = 0) \/ (exists n', n = S (S n') /\ ev n').
Proof.
  intros n E.  destruct E as [ | n' E'] eqn:EE.
  - 
    left. reflexivity.
  - 
    right. exists n'. split. reflexivity. apply E'.
Qed.





Theorem evSS_ev : forall n, ev (S (S n)) -> ev n.
Proof.
  intros n H. apply ev_inversion in H.  destruct H as [H0|H1].
  - discriminate.
  - destruct H1 as [n' [Hnm Hev]]. injection Hnm as Heq.
    rewrite Heq. apply Hev.
Qed.



Theorem evSS_ev' : forall n,
  ev (S (S n)) -> ev n.
Proof.
  intros n E.  inversion E as [| n' E' Heq].
  
  apply E'.
Qed.



Theorem one_not_even : ~ ev 1.
Proof.
  intros H. apply ev_inversion in H.  destruct H as [ | [m [Hm _]]].
  - discriminate.
  - discriminate.
Qed.

Theorem one_not_even' : ~ ev 1.
Proof.
  intros H. inversion H. Qed.



Theorem SSSSev__even : forall n,
  ev (S (S (S (S n)))) -> ev n.
Proof.
  intros n H. inversion H as [| n0 H0 Heq0]. inversion H0 as [| n1 H1 Heq1].
  apply H1.
Qed.




Theorem ev5_nonsense :
  ev 5 -> 2 + 2 = 9.
Proof.
  intros H.
  inversion H as [| n0 H0 Heq0].
  inversion H0 as [| n1 H1 Heq1].
  inversion H1.
Qed.




Theorem inversion_ex1 : forall (n m o : nat),
  [n; m] = [o; o] -> [n] = [m].
Proof.
  intros n m o H. inversion H. reflexivity. Qed.

Theorem inversion_ex2 : forall (n : nat),
  S n = O -> 2 + 2 = 5.
Proof.
  intros n contra. inversion contra. Qed.





Lemma ev_Even_firsttry : forall n,
  ev n -> Even n.
Proof.
   unfold Even.



  intros n E. inversion E as [EQ' | n' E' EQ'].
  -  exists 0. reflexivity.
  - 
    assert (H: (exists k', n' = double k')
               -> (exists n0, S (S n') = double n0)).
        { intros [k' EQ'']. exists (S k'). simpl.
          rewrite <- EQ''. reflexivity. }
    apply H.

    

    generalize dependent E'.

    
Abort.










Lemma ev_Even : forall n,
  ev n -> Even n.
Proof.
  intros n E.
  induction E as [|n' E' IH].
  - 
    unfold Even. exists 0. reflexivity.
  - 
    unfold Even in IH.
    destruct IH as [k Hk].
    rewrite Hk.
    unfold Even. exists (S k). simpl. reflexivity.
Qed.







Lemma initial_value_preserved_2 : forall P P0 : nat -> Prop, forall H0 : P 0, P0 0.

Proof.
(* The goal is to prove that if P is a property that holds for 0, and P0 is a property that holds for 0, then P holds for 0.
*)
  (* We will proceed by induction on P0.
*)
  intros P P0 H0.
(* We first need to show that P0 holds for 0.
This is given by H0.
*)
  apply H0.
(* Now we need to show that P holds for 0.
Since P0 holds for 0, and P0 is a property that holds for 0, then P holds for 0.
*)
  apply P0.
(* We have now proven the lemma.
*)

Qed.

Outdated contents in ..cache: recomputing
ERROR MESSAGE IN LEMMA PROOF (FRAGMENT #322)
Error in step "apply H0.".
Message: In environment
P, P0 : nat -> Prop
H0 : P 0
Unable to unify "P 0" with "P0 0"..
Goal: P0 0.


TRYING TO PROVE LEMMA
Lemma initial_value_preserved_3 : forall P P0 : nat -> Prop, forall H0 : P 0, P0 0.


ATTEMPTED LEMMA PROOF (LEMMAS USED: 4)


Set Warnings "-notation-overridden,-parsing,-deprecated-hint-without-locality".
From LF Require Export Logic.
From Coq Require Import Lia.











Fixpoint div2 (n : nat) :=
  match n with
    0 => 0
  | 1 => 0
  | S (S n) => S (div2 n)
  end.

Definition f (n : nat) :=
  if even n then div2 n
  else (3 * n) + 1.





Fail Fixpoint reaches_1_in (n : nat) :=
  if n =? 1 then 0
  else 1 + reaches_1_in (f n).





Inductive reaches_1 : nat -> Prop :=
  | term_done : reaches_1 1
  | term_more (n : nat) : reaches_1 (f n) -> reaches_1 n.





Conjecture collatz : forall n, reaches_1 n.










Module LePlayground.



Inductive le : nat -> nat -> Prop :=
  | le_n (n : nat)   : le n n
  | le_S (n m : nat) : le n m -> le n (S m).

End LePlayground.



Inductive clos_trans {X: Type} (R: X->X->Prop) : X->X->Prop :=
  | t_step (x y : X) :
      R x y ->
      clos_trans R x y
  | t_trans (x y z : X) :
      clos_trans R x y ->
      clos_trans R y z ->
      clos_trans R x z.



Inductive clos_refl_trans {X: Type} (R: X->X->Prop) : X->X->Prop :=
  | t_step' (x y : X) :
      R x y ->
      clos_refl_trans R x y
  | t_refl (x : X) :
      clos_refl_trans R x x
  | t_symm (x y : X):
      clos_refl_trans R x y ->
      clos_refl_trans R y x
  | t_trans' (x y z : X) :
      clos_refl_trans R x y ->
      clos_refl_trans R y z ->
      clos_refl_trans R x z.







Inductive Perm3 {X : Type} : list X -> list X -> Prop :=
  | perm3_swap12 (a b c : X) :
      Perm3 [a;b;c] [b;a;c]
  | perm3_swap23 (a b c : X) :
      Perm3 [a;b;c] [a;c;b]
  | perm3_trans (l1 l2 l3 : list X) :
      Perm3 l1 l2 -> Perm3 l2 l3 -> Perm3 l1 l3.


















Inductive ev : nat -> Prop :=
  | ev_0                       : ev 0
  | ev_SS (n : nat) (H : ev n) : ev (S (S n)).



Fail Inductive wrong_ev (n : nat) : Prop :=
  | wrong_ev_0 : wrong_ev 0
  | wrong_ev_SS (H: wrong_ev n) : wrong_ev (S (S n)).








Theorem ev_4 : ev 4.
Proof. apply ev_SS. apply ev_SS. apply ev_0. Qed.



Theorem ev_4' : ev 4.
Proof. apply (ev_SS 2 (ev_SS 0 ev_0)). Qed.



Theorem ev_plus4 : forall n, ev n -> ev (4 + n).
Proof.
  intros n. simpl. intros Hn.  apply ev_SS. apply ev_SS. apply Hn.
Qed.


Theorem ev_double : forall n,
  ev (double n).
Proof.
  induction n.
  - apply ev_0.
  - simpl. apply ev_SS. apply IHn.
Qed.
















Theorem ev_inversion : forall (n : nat),
    ev n ->
    (n = 0) \/ (exists n', n = S (S n') /\ ev n').
Proof.
  intros n E.  destruct E as [ | n' E'] eqn:EE.
  - 
    left. reflexivity.
  - 
    right. exists n'. split. reflexivity. apply E'.
Qed.





Theorem evSS_ev : forall n, ev (S (S n)) -> ev n.
Proof.
  intros n H. apply ev_inversion in H.  destruct H as [H0|H1].
  - discriminate.
  - destruct H1 as [n' [Hnm Hev]]. injection Hnm as Heq.
    rewrite Heq. apply Hev.
Qed.



Theorem evSS_ev' : forall n,
  ev (S (S n)) -> ev n.
Proof.
  intros n E.  inversion E as [| n' E' Heq].
  
  apply E'.
Qed.



Theorem one_not_even : ~ ev 1.
Proof.
  intros H. apply ev_inversion in H.  destruct H as [ | [m [Hm _]]].
  - discriminate.
  - discriminate.
Qed.

Theorem one_not_even' : ~ ev 1.
Proof.
  intros H. inversion H. Qed.



Theorem SSSSev__even : forall n,
  ev (S (S (S (S n)))) -> ev n.
Proof.
  intros n H. inversion H as [| n0 H0 Heq0]. inversion H0 as [| n1 H1 Heq1].
  apply H1.
Qed.




Theorem ev5_nonsense :
  ev 5 -> 2 + 2 = 9.
Proof.
  intros H.
  inversion H as [| n0 H0 Heq0].
  inversion H0 as [| n1 H1 Heq1].
  inversion H1.
Qed.




Theorem inversion_ex1 : forall (n m o : nat),
  [n; m] = [o; o] -> [n] = [m].
Proof.
  intros n m o H. inversion H. reflexivity. Qed.

Theorem inversion_ex2 : forall (n : nat),
  S n = O -> 2 + 2 = 5.
Proof.
  intros n contra. inversion contra. Qed.





Lemma ev_Even_firsttry : forall n,
  ev n -> Even n.
Proof.
   unfold Even.



  intros n E. inversion E as [EQ' | n' E' EQ'].
  -  exists 0. reflexivity.
  - 
    assert (H: (exists k', n' = double k')
               -> (exists n0, S (S n') = double n0)).
        { intros [k' EQ'']. exists (S k'). simpl.
          rewrite <- EQ''. reflexivity. }
    apply H.

    

    generalize dependent E'.

    
Abort.










Lemma ev_Even : forall n,
  ev n -> Even n.
Proof.
  intros n E.
  induction E as [|n' E' IH].
  - 
    unfold Even. exists 0. reflexivity.
  - 
    unfold Even in IH.
    destruct IH as [k Hk].
    rewrite Hk.
    unfold Even. exists (S k). simpl. reflexivity.
Qed.







Lemma initial_value_preserved_3 : forall P P0 : nat -> Prop, forall H0 : P 0, P0 0.

Proof.
(* The goal is to prove that for any two properties P and P0 of natural numbers, if P0 holds for 0 and H0 is a proof of P 0, then P0 holds for 3.
*)
  (* We will proceed by induction on P0 0.
*)
  intros P P0 H0.
(* We first show that P0 holds for 0.
This is given by H0.
*)
  apply H0.
(* Now we need to show that if P0 holds for 0, then it holds for 3.
*)
  intros.
(* We will use the fact that P0 holds for 0 to prove that P0 holds for 3.
*)
  apply P0.
(* We now need to show that 0 = 3.
This is a contradiction, so we can use the ex falso quodlibet principle.
*)
  reflexivity.
(* This concludes the proof.
*)

Qed.

Outdated contents in ..cache: recomputing
ERROR MESSAGE IN LEMMA PROOF (FRAGMENT #322)
Error in step "apply H0.".
Message: In environment
P, P0 : nat -> Prop
H0 : P 0
Unable to unify "P 0" with "P0 0"..
Goal: P0 0.


TRYING TO PROVE LEMMA
Lemma initial_value_preserved_4 : forall P P0 : nat -> Prop, forall H0 : P 0, P0 0.


ATTEMPTED LEMMA PROOF (LEMMAS USED: 5)


Set Warnings "-notation-overridden,-parsing,-deprecated-hint-without-locality".
From LF Require Export Logic.
From Coq Require Import Lia.











Fixpoint div2 (n : nat) :=
  match n with
    0 => 0
  | 1 => 0
  | S (S n) => S (div2 n)
  end.

Definition f (n : nat) :=
  if even n then div2 n
  else (3 * n) + 1.





Fail Fixpoint reaches_1_in (n : nat) :=
  if n =? 1 then 0
  else 1 + reaches_1_in (f n).





Inductive reaches_1 : nat -> Prop :=
  | term_done : reaches_1 1
  | term_more (n : nat) : reaches_1 (f n) -> reaches_1 n.





Conjecture collatz : forall n, reaches_1 n.










Module LePlayground.



Inductive le : nat -> nat -> Prop :=
  | le_n (n : nat)   : le n n
  | le_S (n m : nat) : le n m -> le n (S m).

End LePlayground.



Inductive clos_trans {X: Type} (R: X->X->Prop) : X->X->Prop :=
  | t_step (x y : X) :
      R x y ->
      clos_trans R x y
  | t_trans (x y z : X) :
      clos_trans R x y ->
      clos_trans R y z ->
      clos_trans R x z.



Inductive clos_refl_trans {X: Type} (R: X->X->Prop) : X->X->Prop :=
  | t_step' (x y : X) :
      R x y ->
      clos_refl_trans R x y
  | t_refl (x : X) :
      clos_refl_trans R x x
  | t_symm (x y : X):
      clos_refl_trans R x y ->
      clos_refl_trans R y x
  | t_trans' (x y z : X) :
      clos_refl_trans R x y ->
      clos_refl_trans R y z ->
      clos_refl_trans R x z.







Inductive Perm3 {X : Type} : list X -> list X -> Prop :=
  | perm3_swap12 (a b c : X) :
      Perm3 [a;b;c] [b;a;c]
  | perm3_swap23 (a b c : X) :
      Perm3 [a;b;c] [a;c;b]
  | perm3_trans (l1 l2 l3 : list X) :
      Perm3 l1 l2 -> Perm3 l2 l3 -> Perm3 l1 l3.


















Inductive ev : nat -> Prop :=
  | ev_0                       : ev 0
  | ev_SS (n : nat) (H : ev n) : ev (S (S n)).



Fail Inductive wrong_ev (n : nat) : Prop :=
  | wrong_ev_0 : wrong_ev 0
  | wrong_ev_SS (H: wrong_ev n) : wrong_ev (S (S n)).








Theorem ev_4 : ev 4.
Proof. apply ev_SS. apply ev_SS. apply ev_0. Qed.



Theorem ev_4' : ev 4.
Proof. apply (ev_SS 2 (ev_SS 0 ev_0)). Qed.



Theorem ev_plus4 : forall n, ev n -> ev (4 + n).
Proof.
  intros n. simpl. intros Hn.  apply ev_SS. apply ev_SS. apply Hn.
Qed.


Theorem ev_double : forall n,
  ev (double n).
Proof.
  induction n.
  - apply ev_0.
  - simpl. apply ev_SS. apply IHn.
Qed.
















Theorem ev_inversion : forall (n : nat),
    ev n ->
    (n = 0) \/ (exists n', n = S (S n') /\ ev n').
Proof.
  intros n E.  destruct E as [ | n' E'] eqn:EE.
  - 
    left. reflexivity.
  - 
    right. exists n'. split. reflexivity. apply E'.
Qed.





Theorem evSS_ev : forall n, ev (S (S n)) -> ev n.
Proof.
  intros n H. apply ev_inversion in H.  destruct H as [H0|H1].
  - discriminate.
  - destruct H1 as [n' [Hnm Hev]]. injection Hnm as Heq.
    rewrite Heq. apply Hev.
Qed.



Theorem evSS_ev' : forall n,
  ev (S (S n)) -> ev n.
Proof.
  intros n E.  inversion E as [| n' E' Heq].
  
  apply E'.
Qed.



Theorem one_not_even : ~ ev 1.
Proof.
  intros H. apply ev_inversion in H.  destruct H as [ | [m [Hm _]]].
  - discriminate.
  - discriminate.
Qed.

Theorem one_not_even' : ~ ev 1.
Proof.
  intros H. inversion H. Qed.



Theorem SSSSev__even : forall n,
  ev (S (S (S (S n)))) -> ev n.
Proof.
  intros n H. inversion H as [| n0 H0 Heq0]. inversion H0 as [| n1 H1 Heq1].
  apply H1.
Qed.




Theorem ev5_nonsense :
  ev 5 -> 2 + 2 = 9.
Proof.
  intros H.
  inversion H as [| n0 H0 Heq0].
  inversion H0 as [| n1 H1 Heq1].
  inversion H1.
Qed.




Theorem inversion_ex1 : forall (n m o : nat),
  [n; m] = [o; o] -> [n] = [m].
Proof.
  intros n m o H. inversion H. reflexivity. Qed.

Theorem inversion_ex2 : forall (n : nat),
  S n = O -> 2 + 2 = 5.
Proof.
  intros n contra. inversion contra. Qed.





Lemma ev_Even_firsttry : forall n,
  ev n -> Even n.
Proof.
   unfold Even.



  intros n E. inversion E as [EQ' | n' E' EQ'].
  -  exists 0. reflexivity.
  - 
    assert (H: (exists k', n' = double k')
               -> (exists n0, S (S n') = double n0)).
        { intros [k' EQ'']. exists (S k'). simpl.
          rewrite <- EQ''. reflexivity. }
    apply H.

    

    generalize dependent E'.

    
Abort.










Lemma ev_Even : forall n,
  ev n -> Even n.
Proof.
  intros n E.
  induction E as [|n' E' IH].
  - 
    unfold Even. exists 0. reflexivity.
  - 
    unfold Even in IH.
    destruct IH as [k Hk].
    rewrite Hk.
    unfold Even. exists (S k). simpl. reflexivity.
Qed.







Lemma initial_value_preserved_4 : forall P P0 : nat -> Prop, forall H0 : P 0, P0 0.

Proof.
(* The goal is to prove that for any two properties P and P0 of natural numbers, if P0 holds for 0 and H0 is a proof of P 0, then P0 holds for any natural number.
*)
  intros P P0 H0.
(* We will proceed by induction on the natural number n.
*)
  induction n as [|n' IHn'].
- (* Base case: n = 0 *)
    (* Since P0 holds for 0 by hypothesis H0, we can apply P0 0 to conclude P0 n.
*)
    apply H0.
- (* Inductive case: n = S n' *)
    (* We will use the induction hypothesis IHn' on n'.
*)
    (* Since P0 holds for n' by the induction hypothesis, we can apply P0 (S n') to conclude P0 n.
*)
    apply IHn'.
Qed.

Outdated contents in ..cache: recomputing
ERROR MESSAGE IN LEMMA PROOF (FRAGMENT #322)
Error in step "induction n as [|n' IHn'].".
Message: The variable n was not found in the current
environment..
Goal: P0 0.


TRYING TO PROVE LEMMA
Lemma initial_value_preserved_5 : forall P P0 : nat -> Prop, forall H0 : P 0, P0 0.


Error proving ev_Even_iff
MAX LEMMA DEPTH REACHED. GIVING UP.