PROVING ev_4
ATTEMPTED THEOREM PROOF (LEMMAS USED: 0)


Set Warnings "-notation-overridden,-parsing,-deprecated-hint-without-locality".
From LF Require Export Logic.
From Coq Require Import Lia.











Fixpoint div2 (n : nat) :=
  match n with
    0 => 0
  | 1 => 0
  | S (S n) => S (div2 n)
  end.

Definition f (n : nat) :=
  if even n then div2 n
  else (3 * n) + 1.





Fail Fixpoint reaches_1_in (n : nat) :=
  if n =? 1 then 0
  else 1 + reaches_1_in (f n).





Inductive reaches_1 : nat -> Prop :=
  | term_done : reaches_1 1
  | term_more (n : nat) : reaches_1 (f n) -> reaches_1 n.





Conjecture collatz : forall n, reaches_1 n.










Module LePlayground.



Inductive le : nat -> nat -> Prop :=
  | le_n (n : nat)   : le n n
  | le_S (n m : nat) : le n m -> le n (S m).

End LePlayground.



Inductive clos_trans {X: Type} (R: X->X->Prop) : X->X->Prop :=
  | t_step (x y : X) :
      R x y ->
      clos_trans R x y
  | t_trans (x y z : X) :
      clos_trans R x y ->
      clos_trans R y z ->
      clos_trans R x z.



Inductive clos_refl_trans {X: Type} (R: X->X->Prop) : X->X->Prop :=
  | t_step' (x y : X) :
      R x y ->
      clos_refl_trans R x y
  | t_refl (x : X) :
      clos_refl_trans R x x
  | t_symm (x y : X):
      clos_refl_trans R x y ->
      clos_refl_trans R y x
  | t_trans' (x y z : X) :
      clos_refl_trans R x y ->
      clos_refl_trans R y z ->
      clos_refl_trans R x z.







Inductive Perm3 {X : Type} : list X -> list X -> Prop :=
  | perm3_swap12 (a b c : X) :
      Perm3 [a;b;c] [b;a;c]
  | perm3_swap23 (a b c : X) :
      Perm3 [a;b;c] [a;c;b]
  | perm3_trans (l1 l2 l3 : list X) :
      Perm3 l1 l2 -> Perm3 l2 l3 -> Perm3 l1 l3.


















Inductive ev : nat -> Prop :=
  | ev_0                       : ev 0
  | ev_SS (n : nat) (H : ev n) : ev (S (S n)).



Fail Inductive wrong_ev (n : nat) : Prop :=
  | wrong_ev_0 : wrong_ev 0
  | wrong_ev_SS (H: wrong_ev n) : wrong_ev (S (S n)).










Theorem ev_4 : ev 4.

Proof.
(* We will use induction on n to prove that 4 is even.
*)
  induction 4 as [| n IHn].
- (* Base case: n = 0.
*)
    (* Since 4 is not 0, we have to prove the goal for the S case.
*)
    exact ev_SS 0 IHn.
- (* Inductive case: n = S n'.
*)
    (* We know that 4 is even, so we have to prove that S (S n) is even.
*)
    (* We use the IHn hypothesis, which states that n' is even.
*)
    (* So, we have to prove that S (S (S n')) is even.
*)
    exact ev_SS (S n) IHn.
Qed.

Outdated contents in ..cache: recomputing
ERROR MESSAGE IN THEOREM PROOF (FRAGMENT #42)
Error in step "induction 4 as [| n IHn].".
Message: No 4th non dependent hypothesis in current goal even
after head-reduction..
Goal: ev 4.


TRYING TO PROVE LEMMA
Lemma helper_lemma_0 : ev 4.


ATTEMPTED LEMMA PROOF (LEMMAS USED: 1)


Set Warnings "-notation-overridden,-parsing,-deprecated-hint-without-locality".
From LF Require Export Logic.
From Coq Require Import Lia.











Fixpoint div2 (n : nat) :=
  match n with
    0 => 0
  | 1 => 0
  | S (S n) => S (div2 n)
  end.

Definition f (n : nat) :=
  if even n then div2 n
  else (3 * n) + 1.





Fail Fixpoint reaches_1_in (n : nat) :=
  if n =? 1 then 0
  else 1 + reaches_1_in (f n).





Inductive reaches_1 : nat -> Prop :=
  | term_done : reaches_1 1
  | term_more (n : nat) : reaches_1 (f n) -> reaches_1 n.





Conjecture collatz : forall n, reaches_1 n.










Module LePlayground.



Inductive le : nat -> nat -> Prop :=
  | le_n (n : nat)   : le n n
  | le_S (n m : nat) : le n m -> le n (S m).

End LePlayground.



Inductive clos_trans {X: Type} (R: X->X->Prop) : X->X->Prop :=
  | t_step (x y : X) :
      R x y ->
      clos_trans R x y
  | t_trans (x y z : X) :
      clos_trans R x y ->
      clos_trans R y z ->
      clos_trans R x z.



Inductive clos_refl_trans {X: Type} (R: X->X->Prop) : X->X->Prop :=
  | t_step' (x y : X) :
      R x y ->
      clos_refl_trans R x y
  | t_refl (x : X) :
      clos_refl_trans R x x
  | t_symm (x y : X):
      clos_refl_trans R x y ->
      clos_refl_trans R y x
  | t_trans' (x y z : X) :
      clos_refl_trans R x y ->
      clos_refl_trans R y z ->
      clos_refl_trans R x z.







Inductive Perm3 {X : Type} : list X -> list X -> Prop :=
  | perm3_swap12 (a b c : X) :
      Perm3 [a;b;c] [b;a;c]
  | perm3_swap23 (a b c : X) :
      Perm3 [a;b;c] [a;c;b]
  | perm3_trans (l1 l2 l3 : list X) :
      Perm3 l1 l2 -> Perm3 l2 l3 -> Perm3 l1 l3.


















Inductive ev : nat -> Prop :=
  | ev_0                       : ev 0
  | ev_SS (n : nat) (H : ev n) : ev (S (S n)).



Fail Inductive wrong_ev (n : nat) : Prop :=
  | wrong_ev_0 : wrong_ev 0
  | wrong_ev_SS (H: wrong_ev n) : wrong_ev (S (S n)).










Lemma helper_lemma_0 : ev 4.

Proof.
(* We will use the induction principle for the ev predicate.
*)
  induction 4 as [ | n IHn].
- (* Base case: n = 0.
*)
    constructor.
- (* Inductive case: n = S (S n).
*)
    (* We use the induction hypothesis for n.
*)
    exact (ev_SS n IHn).
Qed.

Outdated contents in ..cache: recomputing
ERROR MESSAGE IN LEMMA PROOF (FRAGMENT #42)
Error in step "induction 4 as [ | n IHn].".
Message: No 4th non dependent hypothesis in current goal even
after head-reduction..
Goal: ev 4.


TRYING TO PROVE LEMMA
Lemma helper_lemma_1 : ev 4.


ATTEMPTED LEMMA PROOF (LEMMAS USED: 2)


Set Warnings "-notation-overridden,-parsing,-deprecated-hint-without-locality".
From LF Require Export Logic.
From Coq Require Import Lia.











Fixpoint div2 (n : nat) :=
  match n with
    0 => 0
  | 1 => 0
  | S (S n) => S (div2 n)
  end.

Definition f (n : nat) :=
  if even n then div2 n
  else (3 * n) + 1.





Fail Fixpoint reaches_1_in (n : nat) :=
  if n =? 1 then 0
  else 1 + reaches_1_in (f n).





Inductive reaches_1 : nat -> Prop :=
  | term_done : reaches_1 1
  | term_more (n : nat) : reaches_1 (f n) -> reaches_1 n.





Conjecture collatz : forall n, reaches_1 n.










Module LePlayground.



Inductive le : nat -> nat -> Prop :=
  | le_n (n : nat)   : le n n
  | le_S (n m : nat) : le n m -> le n (S m).

End LePlayground.



Inductive clos_trans {X: Type} (R: X->X->Prop) : X->X->Prop :=
  | t_step (x y : X) :
      R x y ->
      clos_trans R x y
  | t_trans (x y z : X) :
      clos_trans R x y ->
      clos_trans R y z ->
      clos_trans R x z.



Inductive clos_refl_trans {X: Type} (R: X->X->Prop) : X->X->Prop :=
  | t_step' (x y : X) :
      R x y ->
      clos_refl_trans R x y
  | t_refl (x : X) :
      clos_refl_trans R x x
  | t_symm (x y : X):
      clos_refl_trans R x y ->
      clos_refl_trans R y x
  | t_trans' (x y z : X) :
      clos_refl_trans R x y ->
      clos_refl_trans R y z ->
      clos_refl_trans R x z.







Inductive Perm3 {X : Type} : list X -> list X -> Prop :=
  | perm3_swap12 (a b c : X) :
      Perm3 [a;b;c] [b;a;c]
  | perm3_swap23 (a b c : X) :
      Perm3 [a;b;c] [a;c;b]
  | perm3_trans (l1 l2 l3 : list X) :
      Perm3 l1 l2 -> Perm3 l2 l3 -> Perm3 l1 l3.


















Inductive ev : nat -> Prop :=
  | ev_0                       : ev 0
  | ev_SS (n : nat) (H : ev n) : ev (S (S n)).



Fail Inductive wrong_ev (n : nat) : Prop :=
  | wrong_ev_0 : wrong_ev 0
  | wrong_ev_SS (H: wrong_ev n) : wrong_ev (S (S n)).










Lemma helper_lemma_1 : ev 4.

Proof.
(* We will use the induction principle for the ev predicate.
*)
  induction 4 as [ | n IHn].
- (* Base case: n = 0.
*)
    constructor.
- (* Inductive case: n = S (S n).
*)
    (* We use the induction hypothesis for n.
*)
    exact (ev_SS n IHn).
Qed.

Outdated contents in ..cache: recomputing
ERROR MESSAGE IN LEMMA PROOF (FRAGMENT #42)
Error in step "induction 4 as [ | n IHn].".
Message: No 4th non dependent hypothesis in current goal even
after head-reduction..
Goal: ev 4.


TRYING TO PROVE LEMMA
Lemma helper_lemma_2 : ev 4.


ATTEMPTED LEMMA PROOF (LEMMAS USED: 3)


Set Warnings "-notation-overridden,-parsing,-deprecated-hint-without-locality".
From LF Require Export Logic.
From Coq Require Import Lia.











Fixpoint div2 (n : nat) :=
  match n with
    0 => 0
  | 1 => 0
  | S (S n) => S (div2 n)
  end.

Definition f (n : nat) :=
  if even n then div2 n
  else (3 * n) + 1.





Fail Fixpoint reaches_1_in (n : nat) :=
  if n =? 1 then 0
  else 1 + reaches_1_in (f n).





Inductive reaches_1 : nat -> Prop :=
  | term_done : reaches_1 1
  | term_more (n : nat) : reaches_1 (f n) -> reaches_1 n.





Conjecture collatz : forall n, reaches_1 n.










Module LePlayground.



Inductive le : nat -> nat -> Prop :=
  | le_n (n : nat)   : le n n
  | le_S (n m : nat) : le n m -> le n (S m).

End LePlayground.



Inductive clos_trans {X: Type} (R: X->X->Prop) : X->X->Prop :=
  | t_step (x y : X) :
      R x y ->
      clos_trans R x y
  | t_trans (x y z : X) :
      clos_trans R x y ->
      clos_trans R y z ->
      clos_trans R x z.



Inductive clos_refl_trans {X: Type} (R: X->X->Prop) : X->X->Prop :=
  | t_step' (x y : X) :
      R x y ->
      clos_refl_trans R x y
  | t_refl (x : X) :
      clos_refl_trans R x x
  | t_symm (x y : X):
      clos_refl_trans R x y ->
      clos_refl_trans R y x
  | t_trans' (x y z : X) :
      clos_refl_trans R x y ->
      clos_refl_trans R y z ->
      clos_refl_trans R x z.







Inductive Perm3 {X : Type} : list X -> list X -> Prop :=
  | perm3_swap12 (a b c : X) :
      Perm3 [a;b;c] [b;a;c]
  | perm3_swap23 (a b c : X) :
      Perm3 [a;b;c] [a;c;b]
  | perm3_trans (l1 l2 l3 : list X) :
      Perm3 l1 l2 -> Perm3 l2 l3 -> Perm3 l1 l3.


















Inductive ev : nat -> Prop :=
  | ev_0                       : ev 0
  | ev_SS (n : nat) (H : ev n) : ev (S (S n)).



Fail Inductive wrong_ev (n : nat) : Prop :=
  | wrong_ev_0 : wrong_ev 0
  | wrong_ev_SS (H: wrong_ev n) : wrong_ev (S (S n)).










Lemma helper_lemma_2 : ev 4.

Proof.
(* We will use the induction principle for the ev predicate.
*)
  induction 4 as [ | n IHn].
- (* Base case: n = 0.
*)
    (* Since 4 is not 0, we have ev 4.
*)
    apply ev_0.
- (* Inductive case: n = S (S n).
*)
    (* We know that ev (S (S n)) holds by the induction hypothesis.
*)
    apply ev_SS.
(* We now need to prove that ev n holds.
But we know that ev (S (S n)) holds,
       which means that n = 4 - 2.
Since 4 is even, n is also even, so we can apply
       the induction hypothesis again to prove ev n.
*)
    apply IHn.
Qed.

Outdated contents in ..cache: recomputing
ERROR MESSAGE IN LEMMA PROOF (FRAGMENT #42)
Error in step "induction 4 as [ | n IHn].".
Message: No 4th non dependent hypothesis in current goal even
after head-reduction..
Goal: ev 4.


TRYING TO PROVE LEMMA
Lemma helper_lemma_3 : ev 4.


ATTEMPTED LEMMA PROOF (LEMMAS USED: 4)


Set Warnings "-notation-overridden,-parsing,-deprecated-hint-without-locality".
From LF Require Export Logic.
From Coq Require Import Lia.











Fixpoint div2 (n : nat) :=
  match n with
    0 => 0
  | 1 => 0
  | S (S n) => S (div2 n)
  end.

Definition f (n : nat) :=
  if even n then div2 n
  else (3 * n) + 1.





Fail Fixpoint reaches_1_in (n : nat) :=
  if n =? 1 then 0
  else 1 + reaches_1_in (f n).





Inductive reaches_1 : nat -> Prop :=
  | term_done : reaches_1 1
  | term_more (n : nat) : reaches_1 (f n) -> reaches_1 n.





Conjecture collatz : forall n, reaches_1 n.










Module LePlayground.



Inductive le : nat -> nat -> Prop :=
  | le_n (n : nat)   : le n n
  | le_S (n m : nat) : le n m -> le n (S m).

End LePlayground.



Inductive clos_trans {X: Type} (R: X->X->Prop) : X->X->Prop :=
  | t_step (x y : X) :
      R x y ->
      clos_trans R x y
  | t_trans (x y z : X) :
      clos_trans R x y ->
      clos_trans R y z ->
      clos_trans R x z.



Inductive clos_refl_trans {X: Type} (R: X->X->Prop) : X->X->Prop :=
  | t_step' (x y : X) :
      R x y ->
      clos_refl_trans R x y
  | t_refl (x : X) :
      clos_refl_trans R x x
  | t_symm (x y : X):
      clos_refl_trans R x y ->
      clos_refl_trans R y x
  | t_trans' (x y z : X) :
      clos_refl_trans R x y ->
      clos_refl_trans R y z ->
      clos_refl_trans R x z.







Inductive Perm3 {X : Type} : list X -> list X -> Prop :=
  | perm3_swap12 (a b c : X) :
      Perm3 [a;b;c] [b;a;c]
  | perm3_swap23 (a b c : X) :
      Perm3 [a;b;c] [a;c;b]
  | perm3_trans (l1 l2 l3 : list X) :
      Perm3 l1 l2 -> Perm3 l2 l3 -> Perm3 l1 l3.


















Inductive ev : nat -> Prop :=
  | ev_0                       : ev 0
  | ev_SS (n : nat) (H : ev n) : ev (S (S n)).



Fail Inductive wrong_ev (n : nat) : Prop :=
  | wrong_ev_0 : wrong_ev 0
  | wrong_ev_SS (H: wrong_ev n) : wrong_ev (S (S n)).










Lemma helper_lemma_3 : ev 4.

Proof.
(* We will use the induction principle for the ev predicate.
*)
  induction 4 as [ | n IHn].
- (* Base case: n = 0.
*)
    (* Since 4 is not 0, we have ev 4.
*)
    apply ev_0.
- (* Inductive case: n = S (S n).
*)
    (* We know that ev (S (S n)) holds by the induction hypothesis.
*)
    apply ev_SS.
(* We now need to prove that ev n holds.
But we know that ev (S (S n)) holds,
       which means that n = 4 - 2.
Since 4 is even, n is also even, so we can apply
       the induction hypothesis again to prove ev n.
*)
    apply IHn.
Qed.

Outdated contents in ..cache: recomputing
ERROR MESSAGE IN LEMMA PROOF (FRAGMENT #42)
Error in step "induction 4 as [ | n IHn].".
Message: No 4th non dependent hypothesis in current goal even
after head-reduction..
Goal: ev 4.


TRYING TO PROVE LEMMA
Lemma helper_lemma_4 : ev 4.


ATTEMPTED LEMMA PROOF (LEMMAS USED: 5)


Set Warnings "-notation-overridden,-parsing,-deprecated-hint-without-locality".
From LF Require Export Logic.
From Coq Require Import Lia.











Fixpoint div2 (n : nat) :=
  match n with
    0 => 0
  | 1 => 0
  | S (S n) => S (div2 n)
  end.

Definition f (n : nat) :=
  if even n then div2 n
  else (3 * n) + 1.





Fail Fixpoint reaches_1_in (n : nat) :=
  if n =? 1 then 0
  else 1 + reaches_1_in (f n).





Inductive reaches_1 : nat -> Prop :=
  | term_done : reaches_1 1
  | term_more (n : nat) : reaches_1 (f n) -> reaches_1 n.





Conjecture collatz : forall n, reaches_1 n.










Module LePlayground.



Inductive le : nat -> nat -> Prop :=
  | le_n (n : nat)   : le n n
  | le_S (n m : nat) : le n m -> le n (S m).

End LePlayground.



Inductive clos_trans {X: Type} (R: X->X->Prop) : X->X->Prop :=
  | t_step (x y : X) :
      R x y ->
      clos_trans R x y
  | t_trans (x y z : X) :
      clos_trans R x y ->
      clos_trans R y z ->
      clos_trans R x z.



Inductive clos_refl_trans {X: Type} (R: X->X->Prop) : X->X->Prop :=
  | t_step' (x y : X) :
      R x y ->
      clos_refl_trans R x y
  | t_refl (x : X) :
      clos_refl_trans R x x
  | t_symm (x y : X):
      clos_refl_trans R x y ->
      clos_refl_trans R y x
  | t_trans' (x y z : X) :
      clos_refl_trans R x y ->
      clos_refl_trans R y z ->
      clos_refl_trans R x z.







Inductive Perm3 {X : Type} : list X -> list X -> Prop :=
  | perm3_swap12 (a b c : X) :
      Perm3 [a;b;c] [b;a;c]
  | perm3_swap23 (a b c : X) :
      Perm3 [a;b;c] [a;c;b]
  | perm3_trans (l1 l2 l3 : list X) :
      Perm3 l1 l2 -> Perm3 l2 l3 -> Perm3 l1 l3.


















Inductive ev : nat -> Prop :=
  | ev_0                       : ev 0
  | ev_SS (n : nat) (H : ev n) : ev (S (S n)).



Fail Inductive wrong_ev (n : nat) : Prop :=
  | wrong_ev_0 : wrong_ev 0
  | wrong_ev_SS (H: wrong_ev n) : wrong_ev (S (S n)).










Lemma helper_lemma_4 : ev 4.

Proof.
(* We will use the induction principle for the natural numbers.
*)
  induction 4 as [ | n IHn].
- (* Base case: n = 0.
*)
    (* Since 4 is not 0, we can discard this case.
*)
    (* IHn : ev n -> ev (S (S n)) *)
    discriminate.
- (* Inductive case: n = S (S n').
*)
    (* We will show that ev (S (S 4)) holds.
*)
    (* IHn : ev (S (S n')) -> ev (S (S (S (S n')))) *)
    apply IHn.
(* Now, we need to show that ev (S (S 4)) holds.
*)
    (* We know that ev 4 holds by the IH.
*)
    (* We will use the definition of ev to prove ev (S (S 4)).
*)
    apply ev_SS with (n := 4).
(* We have proved ev 4 by the IH.
*)
    assumption.
Qed.

Outdated contents in ..cache: recomputing
ERROR MESSAGE IN LEMMA PROOF (FRAGMENT #42)
Error in step "induction 4 as [ | n IHn].".
Message: No 4th non dependent hypothesis in current goal even
after head-reduction..
Goal: ev 4.


TRYING TO PROVE LEMMA
Lemma helper_lemma_5 : ev 4.


Error proving ev_4
MAX LEMMA DEPTH REACHED. GIVING UP.