PROVING plus_le_compat_l
ATTEMPTED THEOREM PROOF (LEMMAS USED: 0)


Set Warnings "-notation-overridden,-parsing,-deprecated-hint-without-locality".
From LF Require Export Logic.
From Coq Require Import Lia.











Fixpoint div2 (n : nat) :=
  match n with
    0 => 0
  | 1 => 0
  | S (S n) => S (div2 n)
  end.

Definition f (n : nat) :=
  if even n then div2 n
  else (3 * n) + 1.





Fail Fixpoint reaches_1_in (n : nat) :=
  if n =? 1 then 0
  else 1 + reaches_1_in (f n).





Inductive reaches_1 : nat -> Prop :=
  | term_done : reaches_1 1
  | term_more (n : nat) : reaches_1 (f n) -> reaches_1 n.





Conjecture collatz : forall n, reaches_1 n.










Module LePlayground.



Inductive le : nat -> nat -> Prop :=
  | le_n (n : nat)   : le n n
  | le_S (n m : nat) : le n m -> le n (S m).

End LePlayground.



Inductive clos_trans {X: Type} (R: X->X->Prop) : X->X->Prop :=
  | t_step (x y : X) :
      R x y ->
      clos_trans R x y
  | t_trans (x y z : X) :
      clos_trans R x y ->
      clos_trans R y z ->
      clos_trans R x z.



Inductive clos_refl_trans {X: Type} (R: X->X->Prop) : X->X->Prop :=
  | t_step' (x y : X) :
      R x y ->
      clos_refl_trans R x y
  | t_refl (x : X) :
      clos_refl_trans R x x
  | t_symm (x y : X):
      clos_refl_trans R x y ->
      clos_refl_trans R y x
  | t_trans' (x y z : X) :
      clos_refl_trans R x y ->
      clos_refl_trans R y z ->
      clos_refl_trans R x z.







Inductive Perm3 {X : Type} : list X -> list X -> Prop :=
  | perm3_swap12 (a b c : X) :
      Perm3 [a;b;c] [b;a;c]
  | perm3_swap23 (a b c : X) :
      Perm3 [a;b;c] [a;c;b]
  | perm3_trans (l1 l2 l3 : list X) :
      Perm3 l1 l2 -> Perm3 l2 l3 -> Perm3 l1 l3.


















Inductive ev : nat -> Prop :=
  | ev_0                       : ev 0
  | ev_SS (n : nat) (H : ev n) : ev (S (S n)).



Fail Inductive wrong_ev (n : nat) : Prop :=
  | wrong_ev_0 : wrong_ev 0
  | wrong_ev_SS (H: wrong_ev n) : wrong_ev (S (S n)).








Theorem ev_4 : ev 4.
Proof. apply ev_SS. apply ev_SS. apply ev_0. Qed.



Theorem ev_4' : ev 4.
Proof. apply (ev_SS 2 (ev_SS 0 ev_0)). Qed.



Theorem ev_plus4 : forall n, ev n -> ev (4 + n).
Proof.
  intros n. simpl. intros Hn.  apply ev_SS. apply ev_SS. apply Hn.
Qed.


Theorem ev_double : forall n,
  ev (double n).
Proof.
  induction n.
  - apply ev_0.
  - simpl. apply ev_SS. apply IHn.
Qed.
















Theorem ev_inversion : forall (n : nat),
    ev n ->
    (n = 0) \/ (exists n', n = S (S n') /\ ev n').
Proof.
  intros n E.  destruct E as [ | n' E'] eqn:EE.
  - 
    left. reflexivity.
  - 
    right. exists n'. split. reflexivity. apply E'.
Qed.





Theorem evSS_ev : forall n, ev (S (S n)) -> ev n.
Proof.
  intros n H. apply ev_inversion in H.  destruct H as [H0|H1].
  - discriminate.
  - destruct H1 as [n' [Hnm Hev]]. injection Hnm as Heq.
    rewrite Heq. apply Hev.
Qed.



Theorem evSS_ev' : forall n,
  ev (S (S n)) -> ev n.
Proof.
  intros n E.  inversion E as [| n' E' Heq].
  
  apply E'.
Qed.



Theorem one_not_even : ~ ev 1.
Proof.
  intros H. apply ev_inversion in H.  destruct H as [ | [m [Hm _]]].
  - discriminate.
  - discriminate.
Qed.

Theorem one_not_even' : ~ ev 1.
Proof.
  intros H. inversion H. Qed.



Theorem SSSSev__even : forall n,
  ev (S (S (S (S n)))) -> ev n.
Proof.
  intros n H. inversion H as [| n0 H0 Heq0]. inversion H0 as [| n1 H1 Heq1].
  apply H1.
Qed.




Theorem ev5_nonsense :
  ev 5 -> 2 + 2 = 9.
Proof.
  intros H.
  inversion H as [| n0 H0 Heq0].
  inversion H0 as [| n1 H1 Heq1].
  inversion H1.
Qed.




Theorem inversion_ex1 : forall (n m o : nat),
  [n; m] = [o; o] -> [n] = [m].
Proof.
  intros n m o H. inversion H. reflexivity. Qed.

Theorem inversion_ex2 : forall (n : nat),
  S n = O -> 2 + 2 = 5.
Proof.
  intros n contra. inversion contra. Qed.





Lemma ev_Even_firsttry : forall n,
  ev n -> Even n.
Proof.
   unfold Even.



  intros n E. inversion E as [EQ' | n' E' EQ'].
  -  exists 0. reflexivity.
  - 
    assert (H: (exists k', n' = double k')
               -> (exists n0, S (S n') = double n0)).
        { intros [k' EQ'']. exists (S k'). simpl.
          rewrite <- EQ''. reflexivity. }
    apply H.

    

    generalize dependent E'.

    
Abort.










Lemma ev_Even : forall n,
  ev n -> Even n.
Proof.
  intros n E.
  induction E as [|n' E' IH].
  - 
    unfold Even. exists 0. reflexivity.
  - 
    unfold Even in IH.
    destruct IH as [k Hk].
    rewrite Hk.
    unfold Even. exists (S k). simpl. reflexivity.
Qed.





Theorem ev_Even_iff : forall n,
  ev n <-> Even n.
Proof.
  intros n. split.
  -  apply ev_Even.
  -  unfold Even. intros [k Hk]. rewrite Hk. apply ev_double.
Qed.






Theorem ev_sum : forall n m, ev n -> ev m -> ev (n + m).
Proof.
  intros n m En Em.
  induction En.
  - apply Em.
  - simpl. apply ev_SS. apply IHEn.
Qed.




Inductive ev' : nat -> Prop :=
  | ev'_0 : ev' 0
  | ev'_2 : ev' 2
  | ev'_sum n m (Hn : ev' n) (Hm : ev' m) : ev' (n + m).



Theorem ev'_ev : forall n, ev' n <-> ev n.
Proof.
  intros n.
  split.
  - intros H. induction H.
    + apply ev_0.
    + apply ev_SS. apply ev_0.
    + apply ev_sum. apply IHev'1. apply IHev'2.
  - intros H. induction H.
    + apply ev'_0.
    + rewrite <- plus_1_l with (S n). rewrite <- plus_n_Sm. rewrite <- plus_1_l.
      rewrite add_assoc. apply ev'_sum.
      * apply ev'_2.
      * apply IHev.
Qed.



Theorem ev_ev__ev : forall n m,
  ev (n+m) -> ev n -> ev m.
  
Proof.
  intros n m.
  intros E1 E2.
  induction E2.
  - apply E1.
  - simpl in E1. inversion E1 as [| sum E3 H]. apply (IHE2 E3).
Qed.




Theorem ev_plus_plus : forall n m p,
  ev (n+m) -> ev (n+p) -> ev (m+p).
Proof.
  intros n m p Enm Enp.
  apply ev_ev__ev with (n + n).
  - assert (ev ((n + m) + (n + p))) as H.
      { apply ev_sum. apply Enm. apply Enp. }
    rewrite add_comm with n m in H.
    rewrite <- add_assoc with m n (n + p) in H.
    rewrite add_assoc with n n p in H.
    rewrite add_comm with (n + n) p in H.
    rewrite add_assoc with m p (n + n) in H.
    rewrite add_comm with (m + p) (n + n) in H.
    apply H.
  - rewrite <- double_plus. apply ev_double.
Qed.







Module Playground.



Inductive le : nat -> nat -> Prop :=
  | le_n (n : nat)                : le n n
  | le_S (n m : nat) (H : le n m) : le n (S m).

Notation "n <= m" := (le n m).







Theorem test_le1 :
  3 <= 3.
Proof.
  
  apply le_n.  Qed.

Theorem test_le2 :
  3 <= 6.
Proof.
  
  apply le_S. apply le_S. apply le_S. apply le_n.  Qed.

Theorem test_le3 :
  (2 <= 1) -> 2 + 2 = 5.
Proof.
  
  intros H. inversion H. inversion H2.  Qed.



Definition lt (n m : nat) := le (S n) m.

Notation "m < n" := (lt m n).

End Playground.



Inductive total_relation : nat -> nat -> Prop :=
  | total_rel (n m : nat) : total_relation n m
.

Theorem total_relation_is_total : forall n m, total_relation n m.
  Proof.
  intros n m. apply (total_rel n m). Qed.




Inductive empty_relation : nat -> nat -> Prop :=
.

Theorem empty_relation_is_empty : forall n m, ~ empty_relation n m.
  Proof.
  intros n m H.
  inversion H.
Qed.







Lemma le_trans : forall m n o, m <= n -> n <= o -> m <= o.
Proof.
  intros m n o Emn Eno.
  induction Eno as [|o Eno IH].
  - apply Emn.
  - apply (le_S m o IH).
Qed.

Theorem O_le_n : forall n,
  0 <= n.
Proof.
  intros n.
  induction n.
  - apply le_n.
  - apply (le_S 0 n IHn).
Qed.

Theorem n_le_m__Sn_le_Sm : forall n m,
  n <= m -> S n <= S m.
Proof.
  intros n m H.
  induction H as [|m H IH].
  - apply le_n.
  - apply (le_S (S n) (S m) IH).
Qed.

Theorem Sn_le_Sm__n_le_m : forall n m,
  S n <= S m -> n <= m.
Proof.
  intros n m H.
  induction m.
  - inversion H as [H0 | zero H1 H2]. apply le_n. inversion H1.
  - inversion H as [H0 | Sm H1 H2]. apply le_n. apply (le_S n m (IHm H1)).
Qed.

Theorem lt_ge_cases : forall n m,
  n < m \/ n >= m.
Proof.
  intros n m.
  destruct m.
  - right. apply O_le_n.
  - induction n.
    + left. apply n_le_m__Sn_le_Sm. apply O_le_n.
    + destruct IHn.
      * destruct H.
        right. apply le_n.
        left. apply n_le_m__Sn_le_Sm. apply H.
      * right. apply le_S. apply H.
Qed.

Theorem le_plus_l : forall a b,
  a <= a + b.
Proof.
  intros a b.
  induction b.
  - rewrite add_0_r. apply le_n.
  - rewrite <- plus_n_Sm. apply (le_S a (a + b) IHb).
Qed.

Theorem plus_le : forall n1 n2 m,
  n1 + n2 <= m ->
  n1 <= m /\ n2 <= m.
Proof.
  intros n1 n2 m H.
  induction H.
  - split.
    + apply le_plus_l.
    + rewrite add_comm. apply le_plus_l.
  - destruct IHle as [H1 H2].
    split.
    + apply (le_S n1 m H1).
    + apply (le_S n2 m H2).
Qed.

Theorem add_le_cases : forall n m p q,
  n + m <= p + q -> n <= p \/ m <= q.
  
Proof.
  induction n.
  - left. apply O_le_n.
  - intros. destruct p.
    + right. apply plus_le in H.
      destruct H as [H1 H2].
      rewrite plus_O_n in H1.
      apply H2.
    + simpl in H.
      rewrite plus_n_Sm with n m in H.
      rewrite plus_n_Sm with p q in H.
      apply IHn in H. destruct H.
      * left. apply n_le_m__Sn_le_Sm. apply H.
      * right. apply Sn_le_Sm__n_le_m. apply H.
Qed.



Theorem plus_le_compat_l : forall n m p,
  n <= m ->
  p + n <= p + m.

Proof.
(* We will proceed by induction on n.
*)
  intros n m p.
(* We will need to prove the base case and the inductive step.
*)
  (* Base case: n = 0.
*)
  induction n as [ | n' IHn'].
- (* n = 0.
*)
    (* We know that 0 <= m.
*)
    (* We need to prove that 0 + p <= p + m.
*)
    (* This is true because 0 + p = 0 and 0 <= m.
*)
    reflexivity.
- (* n = S n'.
*)
    (* We know that n' + 1 <= m + 1.
*)
    (* We need to prove that p + (n' + 1) <= p + (m + 1).
*)
    (* This is true because p + (n' + 1) = p + n' + 1 and p + m + 1 = p + m + 1.
*)
    (* By the induction hypothesis, we have p + n' + 1 <= p + m + 1.
*)
    (* Therefore, p + (n' + 1) <= p + (m + 1).
*)
    apply IHn'.
(* We have proved the base case.
*)
  (* We have proved the base case and the inductive step.
*)
  (* Therefore, the theorem holds for all n.
*)

Qed.

Outdated contents in ..cache: recomputing
ERROR MESSAGE IN THEOREM PROOF (FRAGMENT #830)
Error in step "reflexivity.".
Message: In environment
m, p : nat
H : 0 <= m
Unable to unify "p + m" with 
"p + 0"..
Goal: 0 <= m -> p + 0 <= p + m.


TRYING TO PROVE LEMMA
Lemma lemma_addition_preserves_order_0 : forall m p : nat, 0 <= m -> p + 0 <= p + m.


ATTEMPTED LEMMA PROOF (LEMMAS USED: 1)


Set Warnings "-notation-overridden,-parsing,-deprecated-hint-without-locality".
From LF Require Export Logic.
From Coq Require Import Lia.











Fixpoint div2 (n : nat) :=
  match n with
    0 => 0
  | 1 => 0
  | S (S n) => S (div2 n)
  end.

Definition f (n : nat) :=
  if even n then div2 n
  else (3 * n) + 1.





Fail Fixpoint reaches_1_in (n : nat) :=
  if n =? 1 then 0
  else 1 + reaches_1_in (f n).





Inductive reaches_1 : nat -> Prop :=
  | term_done : reaches_1 1
  | term_more (n : nat) : reaches_1 (f n) -> reaches_1 n.





Conjecture collatz : forall n, reaches_1 n.










Module LePlayground.



Inductive le : nat -> nat -> Prop :=
  | le_n (n : nat)   : le n n
  | le_S (n m : nat) : le n m -> le n (S m).

End LePlayground.



Inductive clos_trans {X: Type} (R: X->X->Prop) : X->X->Prop :=
  | t_step (x y : X) :
      R x y ->
      clos_trans R x y
  | t_trans (x y z : X) :
      clos_trans R x y ->
      clos_trans R y z ->
      clos_trans R x z.



Inductive clos_refl_trans {X: Type} (R: X->X->Prop) : X->X->Prop :=
  | t_step' (x y : X) :
      R x y ->
      clos_refl_trans R x y
  | t_refl (x : X) :
      clos_refl_trans R x x
  | t_symm (x y : X):
      clos_refl_trans R x y ->
      clos_refl_trans R y x
  | t_trans' (x y z : X) :
      clos_refl_trans R x y ->
      clos_refl_trans R y z ->
      clos_refl_trans R x z.







Inductive Perm3 {X : Type} : list X -> list X -> Prop :=
  | perm3_swap12 (a b c : X) :
      Perm3 [a;b;c] [b;a;c]
  | perm3_swap23 (a b c : X) :
      Perm3 [a;b;c] [a;c;b]
  | perm3_trans (l1 l2 l3 : list X) :
      Perm3 l1 l2 -> Perm3 l2 l3 -> Perm3 l1 l3.


















Inductive ev : nat -> Prop :=
  | ev_0                       : ev 0
  | ev_SS (n : nat) (H : ev n) : ev (S (S n)).



Fail Inductive wrong_ev (n : nat) : Prop :=
  | wrong_ev_0 : wrong_ev 0
  | wrong_ev_SS (H: wrong_ev n) : wrong_ev (S (S n)).








Theorem ev_4 : ev 4.
Proof. apply ev_SS. apply ev_SS. apply ev_0. Qed.



Theorem ev_4' : ev 4.
Proof. apply (ev_SS 2 (ev_SS 0 ev_0)). Qed.



Theorem ev_plus4 : forall n, ev n -> ev (4 + n).
Proof.
  intros n. simpl. intros Hn.  apply ev_SS. apply ev_SS. apply Hn.
Qed.


Theorem ev_double : forall n,
  ev (double n).
Proof.
  induction n.
  - apply ev_0.
  - simpl. apply ev_SS. apply IHn.
Qed.
















Theorem ev_inversion : forall (n : nat),
    ev n ->
    (n = 0) \/ (exists n', n = S (S n') /\ ev n').
Proof.
  intros n E.  destruct E as [ | n' E'] eqn:EE.
  - 
    left. reflexivity.
  - 
    right. exists n'. split. reflexivity. apply E'.
Qed.





Theorem evSS_ev : forall n, ev (S (S n)) -> ev n.
Proof.
  intros n H. apply ev_inversion in H.  destruct H as [H0|H1].
  - discriminate.
  - destruct H1 as [n' [Hnm Hev]]. injection Hnm as Heq.
    rewrite Heq. apply Hev.
Qed.



Theorem evSS_ev' : forall n,
  ev (S (S n)) -> ev n.
Proof.
  intros n E.  inversion E as [| n' E' Heq].
  
  apply E'.
Qed.



Theorem one_not_even : ~ ev 1.
Proof.
  intros H. apply ev_inversion in H.  destruct H as [ | [m [Hm _]]].
  - discriminate.
  - discriminate.
Qed.

Theorem one_not_even' : ~ ev 1.
Proof.
  intros H. inversion H. Qed.



Theorem SSSSev__even : forall n,
  ev (S (S (S (S n)))) -> ev n.
Proof.
  intros n H. inversion H as [| n0 H0 Heq0]. inversion H0 as [| n1 H1 Heq1].
  apply H1.
Qed.




Theorem ev5_nonsense :
  ev 5 -> 2 + 2 = 9.
Proof.
  intros H.
  inversion H as [| n0 H0 Heq0].
  inversion H0 as [| n1 H1 Heq1].
  inversion H1.
Qed.




Theorem inversion_ex1 : forall (n m o : nat),
  [n; m] = [o; o] -> [n] = [m].
Proof.
  intros n m o H. inversion H. reflexivity. Qed.

Theorem inversion_ex2 : forall (n : nat),
  S n = O -> 2 + 2 = 5.
Proof.
  intros n contra. inversion contra. Qed.





Lemma ev_Even_firsttry : forall n,
  ev n -> Even n.
Proof.
   unfold Even.



  intros n E. inversion E as [EQ' | n' E' EQ'].
  -  exists 0. reflexivity.
  - 
    assert (H: (exists k', n' = double k')
               -> (exists n0, S (S n') = double n0)).
        { intros [k' EQ'']. exists (S k'). simpl.
          rewrite <- EQ''. reflexivity. }
    apply H.

    

    generalize dependent E'.

    
Abort.










Lemma ev_Even : forall n,
  ev n -> Even n.
Proof.
  intros n E.
  induction E as [|n' E' IH].
  - 
    unfold Even. exists 0. reflexivity.
  - 
    unfold Even in IH.
    destruct IH as [k Hk].
    rewrite Hk.
    unfold Even. exists (S k). simpl. reflexivity.
Qed.





Theorem ev_Even_iff : forall n,
  ev n <-> Even n.
Proof.
  intros n. split.
  -  apply ev_Even.
  -  unfold Even. intros [k Hk]. rewrite Hk. apply ev_double.
Qed.






Theorem ev_sum : forall n m, ev n -> ev m -> ev (n + m).
Proof.
  intros n m En Em.
  induction En.
  - apply Em.
  - simpl. apply ev_SS. apply IHEn.
Qed.




Inductive ev' : nat -> Prop :=
  | ev'_0 : ev' 0
  | ev'_2 : ev' 2
  | ev'_sum n m (Hn : ev' n) (Hm : ev' m) : ev' (n + m).



Theorem ev'_ev : forall n, ev' n <-> ev n.
Proof.
  intros n.
  split.
  - intros H. induction H.
    + apply ev_0.
    + apply ev_SS. apply ev_0.
    + apply ev_sum. apply IHev'1. apply IHev'2.
  - intros H. induction H.
    + apply ev'_0.
    + rewrite <- plus_1_l with (S n). rewrite <- plus_n_Sm. rewrite <- plus_1_l.
      rewrite add_assoc. apply ev'_sum.
      * apply ev'_2.
      * apply IHev.
Qed.



Theorem ev_ev__ev : forall n m,
  ev (n+m) -> ev n -> ev m.
  
Proof.
  intros n m.
  intros E1 E2.
  induction E2.
  - apply E1.
  - simpl in E1. inversion E1 as [| sum E3 H]. apply (IHE2 E3).
Qed.




Theorem ev_plus_plus : forall n m p,
  ev (n+m) -> ev (n+p) -> ev (m+p).
Proof.
  intros n m p Enm Enp.
  apply ev_ev__ev with (n + n).
  - assert (ev ((n + m) + (n + p))) as H.
      { apply ev_sum. apply Enm. apply Enp. }
    rewrite add_comm with n m in H.
    rewrite <- add_assoc with m n (n + p) in H.
    rewrite add_assoc with n n p in H.
    rewrite add_comm with (n + n) p in H.
    rewrite add_assoc with m p (n + n) in H.
    rewrite add_comm with (m + p) (n + n) in H.
    apply H.
  - rewrite <- double_plus. apply ev_double.
Qed.







Module Playground.



Inductive le : nat -> nat -> Prop :=
  | le_n (n : nat)                : le n n
  | le_S (n m : nat) (H : le n m) : le n (S m).

Notation "n <= m" := (le n m).







Theorem test_le1 :
  3 <= 3.
Proof.
  
  apply le_n.  Qed.

Theorem test_le2 :
  3 <= 6.
Proof.
  
  apply le_S. apply le_S. apply le_S. apply le_n.  Qed.

Theorem test_le3 :
  (2 <= 1) -> 2 + 2 = 5.
Proof.
  
  intros H. inversion H. inversion H2.  Qed.



Definition lt (n m : nat) := le (S n) m.

Notation "m < n" := (lt m n).

End Playground.



Inductive total_relation : nat -> nat -> Prop :=
  | total_rel (n m : nat) : total_relation n m
.

Theorem total_relation_is_total : forall n m, total_relation n m.
  Proof.
  intros n m. apply (total_rel n m). Qed.




Inductive empty_relation : nat -> nat -> Prop :=
.

Theorem empty_relation_is_empty : forall n m, ~ empty_relation n m.
  Proof.
  intros n m H.
  inversion H.
Qed.







Lemma le_trans : forall m n o, m <= n -> n <= o -> m <= o.
Proof.
  intros m n o Emn Eno.
  induction Eno as [|o Eno IH].
  - apply Emn.
  - apply (le_S m o IH).
Qed.

Theorem O_le_n : forall n,
  0 <= n.
Proof.
  intros n.
  induction n.
  - apply le_n.
  - apply (le_S 0 n IHn).
Qed.

Theorem n_le_m__Sn_le_Sm : forall n m,
  n <= m -> S n <= S m.
Proof.
  intros n m H.
  induction H as [|m H IH].
  - apply le_n.
  - apply (le_S (S n) (S m) IH).
Qed.

Theorem Sn_le_Sm__n_le_m : forall n m,
  S n <= S m -> n <= m.
Proof.
  intros n m H.
  induction m.
  - inversion H as [H0 | zero H1 H2]. apply le_n. inversion H1.
  - inversion H as [H0 | Sm H1 H2]. apply le_n. apply (le_S n m (IHm H1)).
Qed.

Theorem lt_ge_cases : forall n m,
  n < m \/ n >= m.
Proof.
  intros n m.
  destruct m.
  - right. apply O_le_n.
  - induction n.
    + left. apply n_le_m__Sn_le_Sm. apply O_le_n.
    + destruct IHn.
      * destruct H.
        right. apply le_n.
        left. apply n_le_m__Sn_le_Sm. apply H.
      * right. apply le_S. apply H.
Qed.

Theorem le_plus_l : forall a b,
  a <= a + b.
Proof.
  intros a b.
  induction b.
  - rewrite add_0_r. apply le_n.
  - rewrite <- plus_n_Sm. apply (le_S a (a + b) IHb).
Qed.

Theorem plus_le : forall n1 n2 m,
  n1 + n2 <= m ->
  n1 <= m /\ n2 <= m.
Proof.
  intros n1 n2 m H.
  induction H.
  - split.
    + apply le_plus_l.
    + rewrite add_comm. apply le_plus_l.
  - destruct IHle as [H1 H2].
    split.
    + apply (le_S n1 m H1).
    + apply (le_S n2 m H2).
Qed.

Theorem add_le_cases : forall n m p q,
  n + m <= p + q -> n <= p \/ m <= q.
  
Proof.
  induction n.
  - left. apply O_le_n.
  - intros. destruct p.
    + right. apply plus_le in H.
      destruct H as [H1 H2].
      rewrite plus_O_n in H1.
      apply H2.
    + simpl in H.
      rewrite plus_n_Sm with n m in H.
      rewrite plus_n_Sm with p q in H.
      apply IHn in H. destruct H.
      * left. apply n_le_m__Sn_le_Sm. apply H.
      * right. apply Sn_le_Sm__n_le_m. apply H.
Qed.



Lemma lemma_addition_preserves_order_0 : forall m p : nat, 0 <= m -> p + 0 <= p + m.

Proof.
(* The goal is to prove that for any natural numbers m and p, if 0 is less than or equal to m, then p + 0 is less than or equal to p + m.
*)
  (* We will proceed by induction on m.
*)
  intros m p H.
(* We have two cases: either m is 0, or it is the successor of some natural number.
*)
  destruct m as [|m'].
- (* Case: m is 0.
*)
    (* In this case, p + 0 = 0 and p + m = p + 0, so the statement is trivially true.
*)
    reflexivity.
- (* Case: m is the successor of some natural number.
*)
    (* We will now prove the statement by induction on p.
*)
    intros p Hp.
(* We have two cases: either p is 0, or it is the successor of some natural number.
*)
    destruct p as [|p'].
- (* Case: p is 0.
*)
      (* In this case, p + 0 = 0 and p + m = m, so we need to prove that 0 is less than or equal to m.
*)
      (* This is true because m is the successor of some natural number, and 0 is less than or equal to the successor of any natural number.
*)
      apply le_n.
- (* Case: p is the successor of some natural number.
*)
      (* In this case, p + 0 = p and p + m = p + m', so we need to prove that p + 0 is less than or equal to p + m'.
*)
      (* We can do this by applying the induction hypothesis to m' and Hp'.
*)
      apply le_S.
apply IHm' Hp'.
Qed.

Outdated contents in ..cache: recomputing
ERROR MESSAGE IN LEMMA PROOF (FRAGMENT #834)
Error in step "intros p Hp.".
Message: p is already used..
Goal: p + 0 <= p + S m'.


TRYING TO PROVE LEMMA
Lemma nat_addition_monotonicity_1 : forall m' p : nat, forall H : 0 <= S m', p + 0 <= p + S m'.


ATTEMPTED LEMMA PROOF (LEMMAS USED: 2)


Set Warnings "-notation-overridden,-parsing,-deprecated-hint-without-locality".
From LF Require Export Logic.
From Coq Require Import Lia.











Fixpoint div2 (n : nat) :=
  match n with
    0 => 0
  | 1 => 0
  | S (S n) => S (div2 n)
  end.

Definition f (n : nat) :=
  if even n then div2 n
  else (3 * n) + 1.





Fail Fixpoint reaches_1_in (n : nat) :=
  if n =? 1 then 0
  else 1 + reaches_1_in (f n).





Inductive reaches_1 : nat -> Prop :=
  | term_done : reaches_1 1
  | term_more (n : nat) : reaches_1 (f n) -> reaches_1 n.





Conjecture collatz : forall n, reaches_1 n.










Module LePlayground.



Inductive le : nat -> nat -> Prop :=
  | le_n (n : nat)   : le n n
  | le_S (n m : nat) : le n m -> le n (S m).

End LePlayground.



Inductive clos_trans {X: Type} (R: X->X->Prop) : X->X->Prop :=
  | t_step (x y : X) :
      R x y ->
      clos_trans R x y
  | t_trans (x y z : X) :
      clos_trans R x y ->
      clos_trans R y z ->
      clos_trans R x z.



Inductive clos_refl_trans {X: Type} (R: X->X->Prop) : X->X->Prop :=
  | t_step' (x y : X) :
      R x y ->
      clos_refl_trans R x y
  | t_refl (x : X) :
      clos_refl_trans R x x
  | t_symm (x y : X):
      clos_refl_trans R x y ->
      clos_refl_trans R y x
  | t_trans' (x y z : X) :
      clos_refl_trans R x y ->
      clos_refl_trans R y z ->
      clos_refl_trans R x z.







Inductive Perm3 {X : Type} : list X -> list X -> Prop :=
  | perm3_swap12 (a b c : X) :
      Perm3 [a;b;c] [b;a;c]
  | perm3_swap23 (a b c : X) :
      Perm3 [a;b;c] [a;c;b]
  | perm3_trans (l1 l2 l3 : list X) :
      Perm3 l1 l2 -> Perm3 l2 l3 -> Perm3 l1 l3.


















Inductive ev : nat -> Prop :=
  | ev_0                       : ev 0
  | ev_SS (n : nat) (H : ev n) : ev (S (S n)).



Fail Inductive wrong_ev (n : nat) : Prop :=
  | wrong_ev_0 : wrong_ev 0
  | wrong_ev_SS (H: wrong_ev n) : wrong_ev (S (S n)).








Theorem ev_4 : ev 4.
Proof. apply ev_SS. apply ev_SS. apply ev_0. Qed.



Theorem ev_4' : ev 4.
Proof. apply (ev_SS 2 (ev_SS 0 ev_0)). Qed.



Theorem ev_plus4 : forall n, ev n -> ev (4 + n).
Proof.
  intros n. simpl. intros Hn.  apply ev_SS. apply ev_SS. apply Hn.
Qed.


Theorem ev_double : forall n,
  ev (double n).
Proof.
  induction n.
  - apply ev_0.
  - simpl. apply ev_SS. apply IHn.
Qed.
















Theorem ev_inversion : forall (n : nat),
    ev n ->
    (n = 0) \/ (exists n', n = S (S n') /\ ev n').
Proof.
  intros n E.  destruct E as [ | n' E'] eqn:EE.
  - 
    left. reflexivity.
  - 
    right. exists n'. split. reflexivity. apply E'.
Qed.





Theorem evSS_ev : forall n, ev (S (S n)) -> ev n.
Proof.
  intros n H. apply ev_inversion in H.  destruct H as [H0|H1].
  - discriminate.
  - destruct H1 as [n' [Hnm Hev]]. injection Hnm as Heq.
    rewrite Heq. apply Hev.
Qed.



Theorem evSS_ev' : forall n,
  ev (S (S n)) -> ev n.
Proof.
  intros n E.  inversion E as [| n' E' Heq].
  
  apply E'.
Qed.



Theorem one_not_even : ~ ev 1.
Proof.
  intros H. apply ev_inversion in H.  destruct H as [ | [m [Hm _]]].
  - discriminate.
  - discriminate.
Qed.

Theorem one_not_even' : ~ ev 1.
Proof.
  intros H. inversion H. Qed.



Theorem SSSSev__even : forall n,
  ev (S (S (S (S n)))) -> ev n.
Proof.
  intros n H. inversion H as [| n0 H0 Heq0]. inversion H0 as [| n1 H1 Heq1].
  apply H1.
Qed.




Theorem ev5_nonsense :
  ev 5 -> 2 + 2 = 9.
Proof.
  intros H.
  inversion H as [| n0 H0 Heq0].
  inversion H0 as [| n1 H1 Heq1].
  inversion H1.
Qed.




Theorem inversion_ex1 : forall (n m o : nat),
  [n; m] = [o; o] -> [n] = [m].
Proof.
  intros n m o H. inversion H. reflexivity. Qed.

Theorem inversion_ex2 : forall (n : nat),
  S n = O -> 2 + 2 = 5.
Proof.
  intros n contra. inversion contra. Qed.





Lemma ev_Even_firsttry : forall n,
  ev n -> Even n.
Proof.
   unfold Even.



  intros n E. inversion E as [EQ' | n' E' EQ'].
  -  exists 0. reflexivity.
  - 
    assert (H: (exists k', n' = double k')
               -> (exists n0, S (S n') = double n0)).
        { intros [k' EQ'']. exists (S k'). simpl.
          rewrite <- EQ''. reflexivity. }
    apply H.

    

    generalize dependent E'.

    
Abort.










Lemma ev_Even : forall n,
  ev n -> Even n.
Proof.
  intros n E.
  induction E as [|n' E' IH].
  - 
    unfold Even. exists 0. reflexivity.
  - 
    unfold Even in IH.
    destruct IH as [k Hk].
    rewrite Hk.
    unfold Even. exists (S k). simpl. reflexivity.
Qed.





Theorem ev_Even_iff : forall n,
  ev n <-> Even n.
Proof.
  intros n. split.
  -  apply ev_Even.
  -  unfold Even. intros [k Hk]. rewrite Hk. apply ev_double.
Qed.






Theorem ev_sum : forall n m, ev n -> ev m -> ev (n + m).
Proof.
  intros n m En Em.
  induction En.
  - apply Em.
  - simpl. apply ev_SS. apply IHEn.
Qed.




Inductive ev' : nat -> Prop :=
  | ev'_0 : ev' 0
  | ev'_2 : ev' 2
  | ev'_sum n m (Hn : ev' n) (Hm : ev' m) : ev' (n + m).



Theorem ev'_ev : forall n, ev' n <-> ev n.
Proof.
  intros n.
  split.
  - intros H. induction H.
    + apply ev_0.
    + apply ev_SS. apply ev_0.
    + apply ev_sum. apply IHev'1. apply IHev'2.
  - intros H. induction H.
    + apply ev'_0.
    + rewrite <- plus_1_l with (S n). rewrite <- plus_n_Sm. rewrite <- plus_1_l.
      rewrite add_assoc. apply ev'_sum.
      * apply ev'_2.
      * apply IHev.
Qed.



Theorem ev_ev__ev : forall n m,
  ev (n+m) -> ev n -> ev m.
  
Proof.
  intros n m.
  intros E1 E2.
  induction E2.
  - apply E1.
  - simpl in E1. inversion E1 as [| sum E3 H]. apply (IHE2 E3).
Qed.




Theorem ev_plus_plus : forall n m p,
  ev (n+m) -> ev (n+p) -> ev (m+p).
Proof.
  intros n m p Enm Enp.
  apply ev_ev__ev with (n + n).
  - assert (ev ((n + m) + (n + p))) as H.
      { apply ev_sum. apply Enm. apply Enp. }
    rewrite add_comm with n m in H.
    rewrite <- add_assoc with m n (n + p) in H.
    rewrite add_assoc with n n p in H.
    rewrite add_comm with (n + n) p in H.
    rewrite add_assoc with m p (n + n) in H.
    rewrite add_comm with (m + p) (n + n) in H.
    apply H.
  - rewrite <- double_plus. apply ev_double.
Qed.







Module Playground.



Inductive le : nat -> nat -> Prop :=
  | le_n (n : nat)                : le n n
  | le_S (n m : nat) (H : le n m) : le n (S m).

Notation "n <= m" := (le n m).







Theorem test_le1 :
  3 <= 3.
Proof.
  
  apply le_n.  Qed.

Theorem test_le2 :
  3 <= 6.
Proof.
  
  apply le_S. apply le_S. apply le_S. apply le_n.  Qed.

Theorem test_le3 :
  (2 <= 1) -> 2 + 2 = 5.
Proof.
  
  intros H. inversion H. inversion H2.  Qed.



Definition lt (n m : nat) := le (S n) m.

Notation "m < n" := (lt m n).

End Playground.



Inductive total_relation : nat -> nat -> Prop :=
  | total_rel (n m : nat) : total_relation n m
.

Theorem total_relation_is_total : forall n m, total_relation n m.
  Proof.
  intros n m. apply (total_rel n m). Qed.




Inductive empty_relation : nat -> nat -> Prop :=
.

Theorem empty_relation_is_empty : forall n m, ~ empty_relation n m.
  Proof.
  intros n m H.
  inversion H.
Qed.







Lemma le_trans : forall m n o, m <= n -> n <= o -> m <= o.
Proof.
  intros m n o Emn Eno.
  induction Eno as [|o Eno IH].
  - apply Emn.
  - apply (le_S m o IH).
Qed.

Theorem O_le_n : forall n,
  0 <= n.
Proof.
  intros n.
  induction n.
  - apply le_n.
  - apply (le_S 0 n IHn).
Qed.

Theorem n_le_m__Sn_le_Sm : forall n m,
  n <= m -> S n <= S m.
Proof.
  intros n m H.
  induction H as [|m H IH].
  - apply le_n.
  - apply (le_S (S n) (S m) IH).
Qed.

Theorem Sn_le_Sm__n_le_m : forall n m,
  S n <= S m -> n <= m.
Proof.
  intros n m H.
  induction m.
  - inversion H as [H0 | zero H1 H2]. apply le_n. inversion H1.
  - inversion H as [H0 | Sm H1 H2]. apply le_n. apply (le_S n m (IHm H1)).
Qed.

Theorem lt_ge_cases : forall n m,
  n < m \/ n >= m.
Proof.
  intros n m.
  destruct m.
  - right. apply O_le_n.
  - induction n.
    + left. apply n_le_m__Sn_le_Sm. apply O_le_n.
    + destruct IHn.
      * destruct H.
        right. apply le_n.
        left. apply n_le_m__Sn_le_Sm. apply H.
      * right. apply le_S. apply H.
Qed.

Theorem le_plus_l : forall a b,
  a <= a + b.
Proof.
  intros a b.
  induction b.
  - rewrite add_0_r. apply le_n.
  - rewrite <- plus_n_Sm. apply (le_S a (a + b) IHb).
Qed.

Theorem plus_le : forall n1 n2 m,
  n1 + n2 <= m ->
  n1 <= m /\ n2 <= m.
Proof.
  intros n1 n2 m H.
  induction H.
  - split.
    + apply le_plus_l.
    + rewrite add_comm. apply le_plus_l.
  - destruct IHle as [H1 H2].
    split.
    + apply (le_S n1 m H1).
    + apply (le_S n2 m H2).
Qed.

Theorem add_le_cases : forall n m p q,
  n + m <= p + q -> n <= p \/ m <= q.
  
Proof.
  induction n.
  - left. apply O_le_n.
  - intros. destruct p.
    + right. apply plus_le in H.
      destruct H as [H1 H2].
      rewrite plus_O_n in H1.
      apply H2.
    + simpl in H.
      rewrite plus_n_Sm with n m in H.
      rewrite plus_n_Sm with p q in H.
      apply IHn in H. destruct H.
      * left. apply n_le_m__Sn_le_Sm. apply H.
      * right. apply Sn_le_Sm__n_le_m. apply H.
Qed.



Lemma nat_addition_monotonicity_1 : forall m' p : nat, forall H : 0 <= S m', p + 0 <= p + S m'.

Proof.
(*
    The goal is to prove that for any natural numbers m' and p, if 0 is less than or equal to S m', then p + 0 is less than or equal to p + S m'.
We will proceed by induction on m'.
*)
  intros m' p H.
(*
    First, we need to show that the base case holds, i.e., when m' = 0, p + 0 <= p + S 0.
This is true because p + 0 = p and p + S 0 = p + 1, and since p is a natural number, p <= p + 1.
*)
  induction m' as [|m' IHm'].
- (* Base case: m' = 0 *)
    simpl.
apply le_S.
apply le_n.
- (* Inductive case: m' = S m *)
    (*
      In the inductive case, we assume that p + 0 <= p + S m and we need to show that p + 0 <= p + S (S m).
We can rewrite p + S m as p + (1 + m), and p + S (S m) as p + (1 + S m).
Now, we can use the induction hypothesis IHm' to deduce that p + 0 <= p + (1 + m).
Since p + 0 = p and p + (1 + m) = p + 1 + m, we can apply the le_plus_l lemma to obtain p + 1 <= p + 1 + m.
Finally, we can use the le_S lemma to deduce that p + 0 <= p + S (S m).
*)
    simpl.
rewrite (plus_n_Sm p 1 m').
rewrite (plus_n_Sm p 1 (S m')).
apply le_S.
apply le_plus_l.
apply IHm'.
apply le_S.
apply le_n.
(*
    Now, we have proved that for any natural numbers m' and p, if 0 is less than or equal to S m
Qed.

Outdated contents in ..cache: recomputing
ERROR MESSAGE IN LEMMA PROOF (FRAGMENT #832)
Error in step "apply le_S.".
Message: In environment
p : nat
H : 0 <= 1
Unable to unify "?M1382 <= S ?M1383" with
 "p + 0 <= p + 1"..
Goal: p + 0 <= p + 1.


TRYING TO PROVE LEMMA
Lemma nat_addition_monotonicity_2 : forall p : nat, forall H : 0 <= 1, p + 0 <= p + 1.


ATTEMPTED LEMMA PROOF (LEMMAS USED: 3)


Set Warnings "-notation-overridden,-parsing,-deprecated-hint-without-locality".
From LF Require Export Logic.
From Coq Require Import Lia.











Fixpoint div2 (n : nat) :=
  match n with
    0 => 0
  | 1 => 0
  | S (S n) => S (div2 n)
  end.

Definition f (n : nat) :=
  if even n then div2 n
  else (3 * n) + 1.





Fail Fixpoint reaches_1_in (n : nat) :=
  if n =? 1 then 0
  else 1 + reaches_1_in (f n).





Inductive reaches_1 : nat -> Prop :=
  | term_done : reaches_1 1
  | term_more (n : nat) : reaches_1 (f n) -> reaches_1 n.





Conjecture collatz : forall n, reaches_1 n.










Module LePlayground.



Inductive le : nat -> nat -> Prop :=
  | le_n (n : nat)   : le n n
  | le_S (n m : nat) : le n m -> le n (S m).

End LePlayground.



Inductive clos_trans {X: Type} (R: X->X->Prop) : X->X->Prop :=
  | t_step (x y : X) :
      R x y ->
      clos_trans R x y
  | t_trans (x y z : X) :
      clos_trans R x y ->
      clos_trans R y z ->
      clos_trans R x z.



Inductive clos_refl_trans {X: Type} (R: X->X->Prop) : X->X->Prop :=
  | t_step' (x y : X) :
      R x y ->
      clos_refl_trans R x y
  | t_refl (x : X) :
      clos_refl_trans R x x
  | t_symm (x y : X):
      clos_refl_trans R x y ->
      clos_refl_trans R y x
  | t_trans' (x y z : X) :
      clos_refl_trans R x y ->
      clos_refl_trans R y z ->
      clos_refl_trans R x z.







Inductive Perm3 {X : Type} : list X -> list X -> Prop :=
  | perm3_swap12 (a b c : X) :
      Perm3 [a;b;c] [b;a;c]
  | perm3_swap23 (a b c : X) :
      Perm3 [a;b;c] [a;c;b]
  | perm3_trans (l1 l2 l3 : list X) :
      Perm3 l1 l2 -> Perm3 l2 l3 -> Perm3 l1 l3.


















Inductive ev : nat -> Prop :=
  | ev_0                       : ev 0
  | ev_SS (n : nat) (H : ev n) : ev (S (S n)).



Fail Inductive wrong_ev (n : nat) : Prop :=
  | wrong_ev_0 : wrong_ev 0
  | wrong_ev_SS (H: wrong_ev n) : wrong_ev (S (S n)).








Theorem ev_4 : ev 4.
Proof. apply ev_SS. apply ev_SS. apply ev_0. Qed.



Theorem ev_4' : ev 4.
Proof. apply (ev_SS 2 (ev_SS 0 ev_0)). Qed.



Theorem ev_plus4 : forall n, ev n -> ev (4 + n).
Proof.
  intros n. simpl. intros Hn.  apply ev_SS. apply ev_SS. apply Hn.
Qed.


Theorem ev_double : forall n,
  ev (double n).
Proof.
  induction n.
  - apply ev_0.
  - simpl. apply ev_SS. apply IHn.
Qed.
















Theorem ev_inversion : forall (n : nat),
    ev n ->
    (n = 0) \/ (exists n', n = S (S n') /\ ev n').
Proof.
  intros n E.  destruct E as [ | n' E'] eqn:EE.
  - 
    left. reflexivity.
  - 
    right. exists n'. split. reflexivity. apply E'.
Qed.





Theorem evSS_ev : forall n, ev (S (S n)) -> ev n.
Proof.
  intros n H. apply ev_inversion in H.  destruct H as [H0|H1].
  - discriminate.
  - destruct H1 as [n' [Hnm Hev]]. injection Hnm as Heq.
    rewrite Heq. apply Hev.
Qed.



Theorem evSS_ev' : forall n,
  ev (S (S n)) -> ev n.
Proof.
  intros n E.  inversion E as [| n' E' Heq].
  
  apply E'.
Qed.



Theorem one_not_even : ~ ev 1.
Proof.
  intros H. apply ev_inversion in H.  destruct H as [ | [m [Hm _]]].
  - discriminate.
  - discriminate.
Qed.

Theorem one_not_even' : ~ ev 1.
Proof.
  intros H. inversion H. Qed.



Theorem SSSSev__even : forall n,
  ev (S (S (S (S n)))) -> ev n.
Proof.
  intros n H. inversion H as [| n0 H0 Heq0]. inversion H0 as [| n1 H1 Heq1].
  apply H1.
Qed.




Theorem ev5_nonsense :
  ev 5 -> 2 + 2 = 9.
Proof.
  intros H.
  inversion H as [| n0 H0 Heq0].
  inversion H0 as [| n1 H1 Heq1].
  inversion H1.
Qed.




Theorem inversion_ex1 : forall (n m o : nat),
  [n; m] = [o; o] -> [n] = [m].
Proof.
  intros n m o H. inversion H. reflexivity. Qed.

Theorem inversion_ex2 : forall (n : nat),
  S n = O -> 2 + 2 = 5.
Proof.
  intros n contra. inversion contra. Qed.





Lemma ev_Even_firsttry : forall n,
  ev n -> Even n.
Proof.
   unfold Even.



  intros n E. inversion E as [EQ' | n' E' EQ'].
  -  exists 0. reflexivity.
  - 
    assert (H: (exists k', n' = double k')
               -> (exists n0, S (S n') = double n0)).
        { intros [k' EQ'']. exists (S k'). simpl.
          rewrite <- EQ''. reflexivity. }
    apply H.

    

    generalize dependent E'.

    
Abort.










Lemma ev_Even : forall n,
  ev n -> Even n.
Proof.
  intros n E.
  induction E as [|n' E' IH].
  - 
    unfold Even. exists 0. reflexivity.
  - 
    unfold Even in IH.
    destruct IH as [k Hk].
    rewrite Hk.
    unfold Even. exists (S k). simpl. reflexivity.
Qed.





Theorem ev_Even_iff : forall n,
  ev n <-> Even n.
Proof.
  intros n. split.
  -  apply ev_Even.
  -  unfold Even. intros [k Hk]. rewrite Hk. apply ev_double.
Qed.






Theorem ev_sum : forall n m, ev n -> ev m -> ev (n + m).
Proof.
  intros n m En Em.
  induction En.
  - apply Em.
  - simpl. apply ev_SS. apply IHEn.
Qed.




Inductive ev' : nat -> Prop :=
  | ev'_0 : ev' 0
  | ev'_2 : ev' 2
  | ev'_sum n m (Hn : ev' n) (Hm : ev' m) : ev' (n + m).



Theorem ev'_ev : forall n, ev' n <-> ev n.
Proof.
  intros n.
  split.
  - intros H. induction H.
    + apply ev_0.
    + apply ev_SS. apply ev_0.
    + apply ev_sum. apply IHev'1. apply IHev'2.
  - intros H. induction H.
    + apply ev'_0.
    + rewrite <- plus_1_l with (S n). rewrite <- plus_n_Sm. rewrite <- plus_1_l.
      rewrite add_assoc. apply ev'_sum.
      * apply ev'_2.
      * apply IHev.
Qed.



Theorem ev_ev__ev : forall n m,
  ev (n+m) -> ev n -> ev m.
  
Proof.
  intros n m.
  intros E1 E2.
  induction E2.
  - apply E1.
  - simpl in E1. inversion E1 as [| sum E3 H]. apply (IHE2 E3).
Qed.




Theorem ev_plus_plus : forall n m p,
  ev (n+m) -> ev (n+p) -> ev (m+p).
Proof.
  intros n m p Enm Enp.
  apply ev_ev__ev with (n + n).
  - assert (ev ((n + m) + (n + p))) as H.
      { apply ev_sum. apply Enm. apply Enp. }
    rewrite add_comm with n m in H.
    rewrite <- add_assoc with m n (n + p) in H.
    rewrite add_assoc with n n p in H.
    rewrite add_comm with (n + n) p in H.
    rewrite add_assoc with m p (n + n) in H.
    rewrite add_comm with (m + p) (n + n) in H.
    apply H.
  - rewrite <- double_plus. apply ev_double.
Qed.







Module Playground.



Inductive le : nat -> nat -> Prop :=
  | le_n (n : nat)                : le n n
  | le_S (n m : nat) (H : le n m) : le n (S m).

Notation "n <= m" := (le n m).







Theorem test_le1 :
  3 <= 3.
Proof.
  
  apply le_n.  Qed.

Theorem test_le2 :
  3 <= 6.
Proof.
  
  apply le_S. apply le_S. apply le_S. apply le_n.  Qed.

Theorem test_le3 :
  (2 <= 1) -> 2 + 2 = 5.
Proof.
  
  intros H. inversion H. inversion H2.  Qed.



Definition lt (n m : nat) := le (S n) m.

Notation "m < n" := (lt m n).

End Playground.



Inductive total_relation : nat -> nat -> Prop :=
  | total_rel (n m : nat) : total_relation n m
.

Theorem total_relation_is_total : forall n m, total_relation n m.
  Proof.
  intros n m. apply (total_rel n m). Qed.




Inductive empty_relation : nat -> nat -> Prop :=
.

Theorem empty_relation_is_empty : forall n m, ~ empty_relation n m.
  Proof.
  intros n m H.
  inversion H.
Qed.







Lemma le_trans : forall m n o, m <= n -> n <= o -> m <= o.
Proof.
  intros m n o Emn Eno.
  induction Eno as [|o Eno IH].
  - apply Emn.
  - apply (le_S m o IH).
Qed.

Theorem O_le_n : forall n,
  0 <= n.
Proof.
  intros n.
  induction n.
  - apply le_n.
  - apply (le_S 0 n IHn).
Qed.

Theorem n_le_m__Sn_le_Sm : forall n m,
  n <= m -> S n <= S m.
Proof.
  intros n m H.
  induction H as [|m H IH].
  - apply le_n.
  - apply (le_S (S n) (S m) IH).
Qed.

Theorem Sn_le_Sm__n_le_m : forall n m,
  S n <= S m -> n <= m.
Proof.
  intros n m H.
  induction m.
  - inversion H as [H0 | zero H1 H2]. apply le_n. inversion H1.
  - inversion H as [H0 | Sm H1 H2]. apply le_n. apply (le_S n m (IHm H1)).
Qed.

Theorem lt_ge_cases : forall n m,
  n < m \/ n >= m.
Proof.
  intros n m.
  destruct m.
  - right. apply O_le_n.
  - induction n.
    + left. apply n_le_m__Sn_le_Sm. apply O_le_n.
    + destruct IHn.
      * destruct H.
        right. apply le_n.
        left. apply n_le_m__Sn_le_Sm. apply H.
      * right. apply le_S. apply H.
Qed.

Theorem le_plus_l : forall a b,
  a <= a + b.
Proof.
  intros a b.
  induction b.
  - rewrite add_0_r. apply le_n.
  - rewrite <- plus_n_Sm. apply (le_S a (a + b) IHb).
Qed.

Theorem plus_le : forall n1 n2 m,
  n1 + n2 <= m ->
  n1 <= m /\ n2 <= m.
Proof.
  intros n1 n2 m H.
  induction H.
  - split.
    + apply le_plus_l.
    + rewrite add_comm. apply le_plus_l.
  - destruct IHle as [H1 H2].
    split.
    + apply (le_S n1 m H1).
    + apply (le_S n2 m H2).
Qed.

Theorem add_le_cases : forall n m p q,
  n + m <= p + q -> n <= p \/ m <= q.
  
Proof.
  induction n.
  - left. apply O_le_n.
  - intros. destruct p.
    + right. apply plus_le in H.
      destruct H as [H1 H2].
      rewrite plus_O_n in H1.
      apply H2.
    + simpl in H.
      rewrite plus_n_Sm with n m in H.
      rewrite plus_n_Sm with p q in H.
      apply IHn in H. destruct H.
      * left. apply n_le_m__Sn_le_Sm. apply H.
      * right. apply Sn_le_Sm__n_le_m. apply H.
Qed.



Lemma nat_addition_monotonicity_2 : forall p : nat, forall H : 0 <= 1, p + 0 <= p + 1.

Proof.
(* We need to prove that p + 0 <= p + 1.
We can do this by induction on p.
*)
  intros p H.
induction p as [|p' IHp'].
(* Base case: p = 0 *)
  - simpl.
(* We know that 0 + 0 = 0 and 0 + 1 = 1.
Since 0 <= 1 by hypothesis, we have 0 <= 1.
*)
    apply le_S.
assumption.
(* Inductive case: p = S p' *)
  - simpl.
(* We know that p' + 0 <= p' + 1 by the induction hypothesis IHp'.
*)
    (* We want to prove that S (p' + 0) <= S (p' + 1).
*)
    (* By definition of addition, S (p' + 0) = p' + 1 and S (p' + 1) = S (p' + 0) + 1.
*)
    (* So we need to prove that p' + 1 <= S (p' + 0) + 1.
*)
    (* By the induction hypothesis IHp', we have p' + 0 <= p' + 1.
*)
    (* By the definition of le_S, we have S (p' + 0) <= S (p' + 1).
*)
    (* So we have p' + 1 <= S (p' + 0) + 1.
*)
    apply le_S.
apply IHp'.
(* The lemma is proven by induction.
*)

Qed.

Outdated contents in ..cache: recomputing
ERROR MESSAGE IN LEMMA PROOF (FRAGMENT #834)
Error in step "assumption.".
Message: No such assumption..
Goal: 0 <= 0.


TRYING TO PROVE LEMMA
Lemma zero_is_lower_equal_or_equal_3 : forall H : 0 <= 1, 0 <= 0.


ATTEMPTED LEMMA PROOF (LEMMAS USED: 4)


Set Warnings "-notation-overridden,-parsing,-deprecated-hint-without-locality".
From LF Require Export Logic.
From Coq Require Import Lia.











Fixpoint div2 (n : nat) :=
  match n with
    0 => 0
  | 1 => 0
  | S (S n) => S (div2 n)
  end.

Definition f (n : nat) :=
  if even n then div2 n
  else (3 * n) + 1.





Fail Fixpoint reaches_1_in (n : nat) :=
  if n =? 1 then 0
  else 1 + reaches_1_in (f n).





Inductive reaches_1 : nat -> Prop :=
  | term_done : reaches_1 1
  | term_more (n : nat) : reaches_1 (f n) -> reaches_1 n.





Conjecture collatz : forall n, reaches_1 n.










Module LePlayground.



Inductive le : nat -> nat -> Prop :=
  | le_n (n : nat)   : le n n
  | le_S (n m : nat) : le n m -> le n (S m).

End LePlayground.



Inductive clos_trans {X: Type} (R: X->X->Prop) : X->X->Prop :=
  | t_step (x y : X) :
      R x y ->
      clos_trans R x y
  | t_trans (x y z : X) :
      clos_trans R x y ->
      clos_trans R y z ->
      clos_trans R x z.



Inductive clos_refl_trans {X: Type} (R: X->X->Prop) : X->X->Prop :=
  | t_step' (x y : X) :
      R x y ->
      clos_refl_trans R x y
  | t_refl (x : X) :
      clos_refl_trans R x x
  | t_symm (x y : X):
      clos_refl_trans R x y ->
      clos_refl_trans R y x
  | t_trans' (x y z : X) :
      clos_refl_trans R x y ->
      clos_refl_trans R y z ->
      clos_refl_trans R x z.







Inductive Perm3 {X : Type} : list X -> list X -> Prop :=
  | perm3_swap12 (a b c : X) :
      Perm3 [a;b;c] [b;a;c]
  | perm3_swap23 (a b c : X) :
      Perm3 [a;b;c] [a;c;b]
  | perm3_trans (l1 l2 l3 : list X) :
      Perm3 l1 l2 -> Perm3 l2 l3 -> Perm3 l1 l3.


















Inductive ev : nat -> Prop :=
  | ev_0                       : ev 0
  | ev_SS (n : nat) (H : ev n) : ev (S (S n)).



Fail Inductive wrong_ev (n : nat) : Prop :=
  | wrong_ev_0 : wrong_ev 0
  | wrong_ev_SS (H: wrong_ev n) : wrong_ev (S (S n)).








Theorem ev_4 : ev 4.
Proof. apply ev_SS. apply ev_SS. apply ev_0. Qed.



Theorem ev_4' : ev 4.
Proof. apply (ev_SS 2 (ev_SS 0 ev_0)). Qed.



Theorem ev_plus4 : forall n, ev n -> ev (4 + n).
Proof.
  intros n. simpl. intros Hn.  apply ev_SS. apply ev_SS. apply Hn.
Qed.


Theorem ev_double : forall n,
  ev (double n).
Proof.
  induction n.
  - apply ev_0.
  - simpl. apply ev_SS. apply IHn.
Qed.
















Theorem ev_inversion : forall (n : nat),
    ev n ->
    (n = 0) \/ (exists n', n = S (S n') /\ ev n').
Proof.
  intros n E.  destruct E as [ | n' E'] eqn:EE.
  - 
    left. reflexivity.
  - 
    right. exists n'. split. reflexivity. apply E'.
Qed.





Theorem evSS_ev : forall n, ev (S (S n)) -> ev n.
Proof.
  intros n H. apply ev_inversion in H.  destruct H as [H0|H1].
  - discriminate.
  - destruct H1 as [n' [Hnm Hev]]. injection Hnm as Heq.
    rewrite Heq. apply Hev.
Qed.



Theorem evSS_ev' : forall n,
  ev (S (S n)) -> ev n.
Proof.
  intros n E.  inversion E as [| n' E' Heq].
  
  apply E'.
Qed.



Theorem one_not_even : ~ ev 1.
Proof.
  intros H. apply ev_inversion in H.  destruct H as [ | [m [Hm _]]].
  - discriminate.
  - discriminate.
Qed.

Theorem one_not_even' : ~ ev 1.
Proof.
  intros H. inversion H. Qed.



Theorem SSSSev__even : forall n,
  ev (S (S (S (S n)))) -> ev n.
Proof.
  intros n H. inversion H as [| n0 H0 Heq0]. inversion H0 as [| n1 H1 Heq1].
  apply H1.
Qed.




Theorem ev5_nonsense :
  ev 5 -> 2 + 2 = 9.
Proof.
  intros H.
  inversion H as [| n0 H0 Heq0].
  inversion H0 as [| n1 H1 Heq1].
  inversion H1.
Qed.




Theorem inversion_ex1 : forall (n m o : nat),
  [n; m] = [o; o] -> [n] = [m].
Proof.
  intros n m o H. inversion H. reflexivity. Qed.

Theorem inversion_ex2 : forall (n : nat),
  S n = O -> 2 + 2 = 5.
Proof.
  intros n contra. inversion contra. Qed.





Lemma ev_Even_firsttry : forall n,
  ev n -> Even n.
Proof.
   unfold Even.



  intros n E. inversion E as [EQ' | n' E' EQ'].
  -  exists 0. reflexivity.
  - 
    assert (H: (exists k', n' = double k')
               -> (exists n0, S (S n') = double n0)).
        { intros [k' EQ'']. exists (S k'). simpl.
          rewrite <- EQ''. reflexivity. }
    apply H.

    

    generalize dependent E'.

    
Abort.










Lemma ev_Even : forall n,
  ev n -> Even n.
Proof.
  intros n E.
  induction E as [|n' E' IH].
  - 
    unfold Even. exists 0. reflexivity.
  - 
    unfold Even in IH.
    destruct IH as [k Hk].
    rewrite Hk.
    unfold Even. exists (S k). simpl. reflexivity.
Qed.





Theorem ev_Even_iff : forall n,
  ev n <-> Even n.
Proof.
  intros n. split.
  -  apply ev_Even.
  -  unfold Even. intros [k Hk]. rewrite Hk. apply ev_double.
Qed.






Theorem ev_sum : forall n m, ev n -> ev m -> ev (n + m).
Proof.
  intros n m En Em.
  induction En.
  - apply Em.
  - simpl. apply ev_SS. apply IHEn.
Qed.




Inductive ev' : nat -> Prop :=
  | ev'_0 : ev' 0
  | ev'_2 : ev' 2
  | ev'_sum n m (Hn : ev' n) (Hm : ev' m) : ev' (n + m).



Theorem ev'_ev : forall n, ev' n <-> ev n.
Proof.
  intros n.
  split.
  - intros H. induction H.
    + apply ev_0.
    + apply ev_SS. apply ev_0.
    + apply ev_sum. apply IHev'1. apply IHev'2.
  - intros H. induction H.
    + apply ev'_0.
    + rewrite <- plus_1_l with (S n). rewrite <- plus_n_Sm. rewrite <- plus_1_l.
      rewrite add_assoc. apply ev'_sum.
      * apply ev'_2.
      * apply IHev.
Qed.



Theorem ev_ev__ev : forall n m,
  ev (n+m) -> ev n -> ev m.
  
Proof.
  intros n m.
  intros E1 E2.
  induction E2.
  - apply E1.
  - simpl in E1. inversion E1 as [| sum E3 H]. apply (IHE2 E3).
Qed.




Theorem ev_plus_plus : forall n m p,
  ev (n+m) -> ev (n+p) -> ev (m+p).
Proof.
  intros n m p Enm Enp.
  apply ev_ev__ev with (n + n).
  - assert (ev ((n + m) + (n + p))) as H.
      { apply ev_sum. apply Enm. apply Enp. }
    rewrite add_comm with n m in H.
    rewrite <- add_assoc with m n (n + p) in H.
    rewrite add_assoc with n n p in H.
    rewrite add_comm with (n + n) p in H.
    rewrite add_assoc with m p (n + n) in H.
    rewrite add_comm with (m + p) (n + n) in H.
    apply H.
  - rewrite <- double_plus. apply ev_double.
Qed.







Module Playground.



Inductive le : nat -> nat -> Prop :=
  | le_n (n : nat)                : le n n
  | le_S (n m : nat) (H : le n m) : le n (S m).

Notation "n <= m" := (le n m).







Theorem test_le1 :
  3 <= 3.
Proof.
  
  apply le_n.  Qed.

Theorem test_le2 :
  3 <= 6.
Proof.
  
  apply le_S. apply le_S. apply le_S. apply le_n.  Qed.

Theorem test_le3 :
  (2 <= 1) -> 2 + 2 = 5.
Proof.
  
  intros H. inversion H. inversion H2.  Qed.



Definition lt (n m : nat) := le (S n) m.

Notation "m < n" := (lt m n).

End Playground.



Inductive total_relation : nat -> nat -> Prop :=
  | total_rel (n m : nat) : total_relation n m
.

Theorem total_relation_is_total : forall n m, total_relation n m.
  Proof.
  intros n m. apply (total_rel n m). Qed.




Inductive empty_relation : nat -> nat -> Prop :=
.

Theorem empty_relation_is_empty : forall n m, ~ empty_relation n m.
  Proof.
  intros n m H.
  inversion H.
Qed.







Lemma le_trans : forall m n o, m <= n -> n <= o -> m <= o.
Proof.
  intros m n o Emn Eno.
  induction Eno as [|o Eno IH].
  - apply Emn.
  - apply (le_S m o IH).
Qed.

Theorem O_le_n : forall n,
  0 <= n.
Proof.
  intros n.
  induction n.
  - apply le_n.
  - apply (le_S 0 n IHn).
Qed.

Theorem n_le_m__Sn_le_Sm : forall n m,
  n <= m -> S n <= S m.
Proof.
  intros n m H.
  induction H as [|m H IH].
  - apply le_n.
  - apply (le_S (S n) (S m) IH).
Qed.

Theorem Sn_le_Sm__n_le_m : forall n m,
  S n <= S m -> n <= m.
Proof.
  intros n m H.
  induction m.
  - inversion H as [H0 | zero H1 H2]. apply le_n. inversion H1.
  - inversion H as [H0 | Sm H1 H2]. apply le_n. apply (le_S n m (IHm H1)).
Qed.

Theorem lt_ge_cases : forall n m,
  n < m \/ n >= m.
Proof.
  intros n m.
  destruct m.
  - right. apply O_le_n.
  - induction n.
    + left. apply n_le_m__Sn_le_Sm. apply O_le_n.
    + destruct IHn.
      * destruct H.
        right. apply le_n.
        left. apply n_le_m__Sn_le_Sm. apply H.
      * right. apply le_S. apply H.
Qed.

Theorem le_plus_l : forall a b,
  a <= a + b.
Proof.
  intros a b.
  induction b.
  - rewrite add_0_r. apply le_n.
  - rewrite <- plus_n_Sm. apply (le_S a (a + b) IHb).
Qed.

Theorem plus_le : forall n1 n2 m,
  n1 + n2 <= m ->
  n1 <= m /\ n2 <= m.
Proof.
  intros n1 n2 m H.
  induction H.
  - split.
    + apply le_plus_l.
    + rewrite add_comm. apply le_plus_l.
  - destruct IHle as [H1 H2].
    split.
    + apply (le_S n1 m H1).
    + apply (le_S n2 m H2).
Qed.

Theorem add_le_cases : forall n m p q,
  n + m <= p + q -> n <= p \/ m <= q.
  
Proof.
  induction n.
  - left. apply O_le_n.
  - intros. destruct p.
    + right. apply plus_le in H.
      destruct H as [H1 H2].
      rewrite plus_O_n in H1.
      apply H2.
    + simpl in H.
      rewrite plus_n_Sm with n m in H.
      rewrite plus_n_Sm with p q in H.
      apply IHn in H. destruct H.
      * left. apply n_le_m__Sn_le_Sm. apply H.
      * right. apply Sn_le_Sm__n_le_m. apply H.
Qed.



Lemma zero_is_lower_equal_or_equal_3 : forall H : 0 <= 1, 0 <= 0.

Proof.
intros H.
inversion H.
- apply le_n.
Qed.

Outdated contents in ..cache: recomputing
LEMMA PROOF IS VALID

ATTEMPTED LEMMA PROOF (LEMMAS USED: 4)


Set Warnings "-notation-overridden,-parsing,-deprecated-hint-without-locality".
From LF Require Export Logic.
From Coq Require Import Lia.











Fixpoint div2 (n : nat) :=
  match n with
    0 => 0
  | 1 => 0
  | S (S n) => S (div2 n)
  end.

Definition f (n : nat) :=
  if even n then div2 n
  else (3 * n) + 1.





Fail Fixpoint reaches_1_in (n : nat) :=
  if n =? 1 then 0
  else 1 + reaches_1_in (f n).





Inductive reaches_1 : nat -> Prop :=
  | term_done : reaches_1 1
  | term_more (n : nat) : reaches_1 (f n) -> reaches_1 n.





Conjecture collatz : forall n, reaches_1 n.










Module LePlayground.



Inductive le : nat -> nat -> Prop :=
  | le_n (n : nat)   : le n n
  | le_S (n m : nat) : le n m -> le n (S m).

End LePlayground.



Inductive clos_trans {X: Type} (R: X->X->Prop) : X->X->Prop :=
  | t_step (x y : X) :
      R x y ->
      clos_trans R x y
  | t_trans (x y z : X) :
      clos_trans R x y ->
      clos_trans R y z ->
      clos_trans R x z.



Inductive clos_refl_trans {X: Type} (R: X->X->Prop) : X->X->Prop :=
  | t_step' (x y : X) :
      R x y ->
      clos_refl_trans R x y
  | t_refl (x : X) :
      clos_refl_trans R x x
  | t_symm (x y : X):
      clos_refl_trans R x y ->
      clos_refl_trans R y x
  | t_trans' (x y z : X) :
      clos_refl_trans R x y ->
      clos_refl_trans R y z ->
      clos_refl_trans R x z.







Inductive Perm3 {X : Type} : list X -> list X -> Prop :=
  | perm3_swap12 (a b c : X) :
      Perm3 [a;b;c] [b;a;c]
  | perm3_swap23 (a b c : X) :
      Perm3 [a;b;c] [a;c;b]
  | perm3_trans (l1 l2 l3 : list X) :
      Perm3 l1 l2 -> Perm3 l2 l3 -> Perm3 l1 l3.


















Inductive ev : nat -> Prop :=
  | ev_0                       : ev 0
  | ev_SS (n : nat) (H : ev n) : ev (S (S n)).



Fail Inductive wrong_ev (n : nat) : Prop :=
  | wrong_ev_0 : wrong_ev 0
  | wrong_ev_SS (H: wrong_ev n) : wrong_ev (S (S n)).








Theorem ev_4 : ev 4.
Proof. apply ev_SS. apply ev_SS. apply ev_0. Qed.



Theorem ev_4' : ev 4.
Proof. apply (ev_SS 2 (ev_SS 0 ev_0)). Qed.



Theorem ev_plus4 : forall n, ev n -> ev (4 + n).
Proof.
  intros n. simpl. intros Hn.  apply ev_SS. apply ev_SS. apply Hn.
Qed.


Theorem ev_double : forall n,
  ev (double n).
Proof.
  induction n.
  - apply ev_0.
  - simpl. apply ev_SS. apply IHn.
Qed.
















Theorem ev_inversion : forall (n : nat),
    ev n ->
    (n = 0) \/ (exists n', n = S (S n') /\ ev n').
Proof.
  intros n E.  destruct E as [ | n' E'] eqn:EE.
  - 
    left. reflexivity.
  - 
    right. exists n'. split. reflexivity. apply E'.
Qed.





Theorem evSS_ev : forall n, ev (S (S n)) -> ev n.
Proof.
  intros n H. apply ev_inversion in H.  destruct H as [H0|H1].
  - discriminate.
  - destruct H1 as [n' [Hnm Hev]]. injection Hnm as Heq.
    rewrite Heq. apply Hev.
Qed.



Theorem evSS_ev' : forall n,
  ev (S (S n)) -> ev n.
Proof.
  intros n E.  inversion E as [| n' E' Heq].
  
  apply E'.
Qed.



Theorem one_not_even : ~ ev 1.
Proof.
  intros H. apply ev_inversion in H.  destruct H as [ | [m [Hm _]]].
  - discriminate.
  - discriminate.
Qed.

Theorem one_not_even' : ~ ev 1.
Proof.
  intros H. inversion H. Qed.



Theorem SSSSev__even : forall n,
  ev (S (S (S (S n)))) -> ev n.
Proof.
  intros n H. inversion H as [| n0 H0 Heq0]. inversion H0 as [| n1 H1 Heq1].
  apply H1.
Qed.




Theorem ev5_nonsense :
  ev 5 -> 2 + 2 = 9.
Proof.
  intros H.
  inversion H as [| n0 H0 Heq0].
  inversion H0 as [| n1 H1 Heq1].
  inversion H1.
Qed.




Theorem inversion_ex1 : forall (n m o : nat),
  [n; m] = [o; o] -> [n] = [m].
Proof.
  intros n m o H. inversion H. reflexivity. Qed.

Theorem inversion_ex2 : forall (n : nat),
  S n = O -> 2 + 2 = 5.
Proof.
  intros n contra. inversion contra. Qed.





Lemma ev_Even_firsttry : forall n,
  ev n -> Even n.
Proof.
   unfold Even.



  intros n E. inversion E as [EQ' | n' E' EQ'].
  -  exists 0. reflexivity.
  - 
    assert (H: (exists k', n' = double k')
               -> (exists n0, S (S n') = double n0)).
        { intros [k' EQ'']. exists (S k'). simpl.
          rewrite <- EQ''. reflexivity. }
    apply H.

    

    generalize dependent E'.

    
Abort.










Lemma ev_Even : forall n,
  ev n -> Even n.
Proof.
  intros n E.
  induction E as [|n' E' IH].
  - 
    unfold Even. exists 0. reflexivity.
  - 
    unfold Even in IH.
    destruct IH as [k Hk].
    rewrite Hk.
    unfold Even. exists (S k). simpl. reflexivity.
Qed.





Theorem ev_Even_iff : forall n,
  ev n <-> Even n.
Proof.
  intros n. split.
  -  apply ev_Even.
  -  unfold Even. intros [k Hk]. rewrite Hk. apply ev_double.
Qed.






Theorem ev_sum : forall n m, ev n -> ev m -> ev (n + m).
Proof.
  intros n m En Em.
  induction En.
  - apply Em.
  - simpl. apply ev_SS. apply IHEn.
Qed.




Inductive ev' : nat -> Prop :=
  | ev'_0 : ev' 0
  | ev'_2 : ev' 2
  | ev'_sum n m (Hn : ev' n) (Hm : ev' m) : ev' (n + m).



Theorem ev'_ev : forall n, ev' n <-> ev n.
Proof.
  intros n.
  split.
  - intros H. induction H.
    + apply ev_0.
    + apply ev_SS. apply ev_0.
    + apply ev_sum. apply IHev'1. apply IHev'2.
  - intros H. induction H.
    + apply ev'_0.
    + rewrite <- plus_1_l with (S n). rewrite <- plus_n_Sm. rewrite <- plus_1_l.
      rewrite add_assoc. apply ev'_sum.
      * apply ev'_2.
      * apply IHev.
Qed.



Theorem ev_ev__ev : forall n m,
  ev (n+m) -> ev n -> ev m.
  
Proof.
  intros n m.
  intros E1 E2.
  induction E2.
  - apply E1.
  - simpl in E1. inversion E1 as [| sum E3 H]. apply (IHE2 E3).
Qed.




Theorem ev_plus_plus : forall n m p,
  ev (n+m) -> ev (n+p) -> ev (m+p).
Proof.
  intros n m p Enm Enp.
  apply ev_ev__ev with (n + n).
  - assert (ev ((n + m) + (n + p))) as H.
      { apply ev_sum. apply Enm. apply Enp. }
    rewrite add_comm with n m in H.
    rewrite <- add_assoc with m n (n + p) in H.
    rewrite add_assoc with n n p in H.
    rewrite add_comm with (n + n) p in H.
    rewrite add_assoc with m p (n + n) in H.
    rewrite add_comm with (m + p) (n + n) in H.
    apply H.
  - rewrite <- double_plus. apply ev_double.
Qed.







Module Playground.



Inductive le : nat -> nat -> Prop :=
  | le_n (n : nat)                : le n n
  | le_S (n m : nat) (H : le n m) : le n (S m).

Notation "n <= m" := (le n m).







Theorem test_le1 :
  3 <= 3.
Proof.
  
  apply le_n.  Qed.

Theorem test_le2 :
  3 <= 6.
Proof.
  
  apply le_S. apply le_S. apply le_S. apply le_n.  Qed.

Theorem test_le3 :
  (2 <= 1) -> 2 + 2 = 5.
Proof.
  
  intros H. inversion H. inversion H2.  Qed.



Definition lt (n m : nat) := le (S n) m.

Notation "m < n" := (lt m n).

End Playground.



Inductive total_relation : nat -> nat -> Prop :=
  | total_rel (n m : nat) : total_relation n m
.

Theorem total_relation_is_total : forall n m, total_relation n m.
  Proof.
  intros n m. apply (total_rel n m). Qed.




Inductive empty_relation : nat -> nat -> Prop :=
.

Theorem empty_relation_is_empty : forall n m, ~ empty_relation n m.
  Proof.
  intros n m H.
  inversion H.
Qed.







Lemma le_trans : forall m n o, m <= n -> n <= o -> m <= o.
Proof.
  intros m n o Emn Eno.
  induction Eno as [|o Eno IH].
  - apply Emn.
  - apply (le_S m o IH).
Qed.

Theorem O_le_n : forall n,
  0 <= n.
Proof.
  intros n.
  induction n.
  - apply le_n.
  - apply (le_S 0 n IHn).
Qed.

Theorem n_le_m__Sn_le_Sm : forall n m,
  n <= m -> S n <= S m.
Proof.
  intros n m H.
  induction H as [|m H IH].
  - apply le_n.
  - apply (le_S (S n) (S m) IH).
Qed.

Theorem Sn_le_Sm__n_le_m : forall n m,
  S n <= S m -> n <= m.
Proof.
  intros n m H.
  induction m.
  - inversion H as [H0 | zero H1 H2]. apply le_n. inversion H1.
  - inversion H as [H0 | Sm H1 H2]. apply le_n. apply (le_S n m (IHm H1)).
Qed.

Theorem lt_ge_cases : forall n m,
  n < m \/ n >= m.
Proof.
  intros n m.
  destruct m.
  - right. apply O_le_n.
  - induction n.
    + left. apply n_le_m__Sn_le_Sm. apply O_le_n.
    + destruct IHn.
      * destruct H.
        right. apply le_n.
        left. apply n_le_m__Sn_le_Sm. apply H.
      * right. apply le_S. apply H.
Qed.

Theorem le_plus_l : forall a b,
  a <= a + b.
Proof.
  intros a b.
  induction b.
  - rewrite add_0_r. apply le_n.
  - rewrite <- plus_n_Sm. apply (le_S a (a + b) IHb).
Qed.

Theorem plus_le : forall n1 n2 m,
  n1 + n2 <= m ->
  n1 <= m /\ n2 <= m.
Proof.
  intros n1 n2 m H.
  induction H.
  - split.
    + apply le_plus_l.
    + rewrite add_comm. apply le_plus_l.
  - destruct IHle as [H1 H2].
    split.
    + apply (le_S n1 m H1).
    + apply (le_S n2 m H2).
Qed.

Theorem add_le_cases : forall n m p q,
  n + m <= p + q -> n <= p \/ m <= q.
  
Proof.
  induction n.
  - left. apply O_le_n.
  - intros. destruct p.
    + right. apply plus_le in H.
      destruct H as [H1 H2].
      rewrite plus_O_n in H1.
      apply H2.
    + simpl in H.
      rewrite plus_n_Sm with n m in H.
      rewrite plus_n_Sm with p q in H.
      apply IHn in H. destruct H.
      * left. apply n_le_m__Sn_le_Sm. apply H.
      * right. apply Sn_le_Sm__n_le_m. apply H.
Qed.



Lemma zero_is_lower_equal_or_equal_3 : forall H : 0 <= 1, 0 <= 0.

Proof.
intros H.
inversion H.
- apply le_n.
Qed.

Lemma nat_addition_monotonicity_2 : forall p : nat, forall H : 0 <= 1, p + 0 <= p + 1.

Proof.
(* We need to prove that p + 0 <= p + 1.
We can do this by induction on p.
*)
  intros p H.
induction p as [|p' IHp'].
(* Base case: p = 0 *)
  - simpl.
(* We know that 0 + 0 = 0 and 0 + 1 = 1.
Since 0 <= 1 by hypothesis, we have 0 <= 1.
*)
    apply le_S.
apply (@zero_is_lower_equal_or_equal_3 H).
- simpl.
(* We know that p' + 0 <= p' + 1 by the induction hypothesis IHp'.
*)
    (* We want to prove that S (p' + 0) <= S (p' + 1).
*)
    (* By definition of addition, S (p' + 0) = p' + 1 and S (p' + 1) = S (p' + 0) + 1.
*)
    (* So we need to prove that p' + 1 <= S (p' + 0) + 1.
*)
    (* By the induction hypothesis IHp', we have p' + 0 <= p' + 1.
*)
    (* By the definition of le_S, we have S (p' + 0) <= S (p' + 1).
*)
    (* So we have p' + 1 <= S (p' + 0) + 1.
*)
    apply le_S.
apply IHp'.
(* The lemma is proven by induction.
*)


Qed.

Outdated contents in ..cache: recomputing
ERROR MESSAGE IN LEMMA PROOF (FRAGMENT #856)
Error in step "apply IHp'.".
Message: In environment
p' : nat
H : 0 <= 1
IHp' : p' + 0 <= p' + 1
Unable to unify "p' + 0 <= p' + 1" with
 "S (p' + 0) <= p' + 1"..
Goal: S (p' + 0) <= p' + 1.


TRYING TO PROVE LEMMA
Lemma lemma_positive_step_increment_4 : forall p' : nat, forall H : 0 <= 1, forall IHp' : p' + 0 <= p' + 1, S (p' + 0) <= p' + 1.


ATTEMPTED LEMMA PROOF (LEMMAS USED: 5)


Set Warnings "-notation-overridden,-parsing,-deprecated-hint-without-locality".
From LF Require Export Logic.
From Coq Require Import Lia.











Fixpoint div2 (n : nat) :=
  match n with
    0 => 0
  | 1 => 0
  | S (S n) => S (div2 n)
  end.

Definition f (n : nat) :=
  if even n then div2 n
  else (3 * n) + 1.





Fail Fixpoint reaches_1_in (n : nat) :=
  if n =? 1 then 0
  else 1 + reaches_1_in (f n).





Inductive reaches_1 : nat -> Prop :=
  | term_done : reaches_1 1
  | term_more (n : nat) : reaches_1 (f n) -> reaches_1 n.





Conjecture collatz : forall n, reaches_1 n.










Module LePlayground.



Inductive le : nat -> nat -> Prop :=
  | le_n (n : nat)   : le n n
  | le_S (n m : nat) : le n m -> le n (S m).

End LePlayground.



Inductive clos_trans {X: Type} (R: X->X->Prop) : X->X->Prop :=
  | t_step (x y : X) :
      R x y ->
      clos_trans R x y
  | t_trans (x y z : X) :
      clos_trans R x y ->
      clos_trans R y z ->
      clos_trans R x z.



Inductive clos_refl_trans {X: Type} (R: X->X->Prop) : X->X->Prop :=
  | t_step' (x y : X) :
      R x y ->
      clos_refl_trans R x y
  | t_refl (x : X) :
      clos_refl_trans R x x
  | t_symm (x y : X):
      clos_refl_trans R x y ->
      clos_refl_trans R y x
  | t_trans' (x y z : X) :
      clos_refl_trans R x y ->
      clos_refl_trans R y z ->
      clos_refl_trans R x z.







Inductive Perm3 {X : Type} : list X -> list X -> Prop :=
  | perm3_swap12 (a b c : X) :
      Perm3 [a;b;c] [b;a;c]
  | perm3_swap23 (a b c : X) :
      Perm3 [a;b;c] [a;c;b]
  | perm3_trans (l1 l2 l3 : list X) :
      Perm3 l1 l2 -> Perm3 l2 l3 -> Perm3 l1 l3.


















Inductive ev : nat -> Prop :=
  | ev_0                       : ev 0
  | ev_SS (n : nat) (H : ev n) : ev (S (S n)).



Fail Inductive wrong_ev (n : nat) : Prop :=
  | wrong_ev_0 : wrong_ev 0
  | wrong_ev_SS (H: wrong_ev n) : wrong_ev (S (S n)).








Theorem ev_4 : ev 4.
Proof. apply ev_SS. apply ev_SS. apply ev_0. Qed.



Theorem ev_4' : ev 4.
Proof. apply (ev_SS 2 (ev_SS 0 ev_0)). Qed.



Theorem ev_plus4 : forall n, ev n -> ev (4 + n).
Proof.
  intros n. simpl. intros Hn.  apply ev_SS. apply ev_SS. apply Hn.
Qed.


Theorem ev_double : forall n,
  ev (double n).
Proof.
  induction n.
  - apply ev_0.
  - simpl. apply ev_SS. apply IHn.
Qed.
















Theorem ev_inversion : forall (n : nat),
    ev n ->
    (n = 0) \/ (exists n', n = S (S n') /\ ev n').
Proof.
  intros n E.  destruct E as [ | n' E'] eqn:EE.
  - 
    left. reflexivity.
  - 
    right. exists n'. split. reflexivity. apply E'.
Qed.





Theorem evSS_ev : forall n, ev (S (S n)) -> ev n.
Proof.
  intros n H. apply ev_inversion in H.  destruct H as [H0|H1].
  - discriminate.
  - destruct H1 as [n' [Hnm Hev]]. injection Hnm as Heq.
    rewrite Heq. apply Hev.
Qed.



Theorem evSS_ev' : forall n,
  ev (S (S n)) -> ev n.
Proof.
  intros n E.  inversion E as [| n' E' Heq].
  
  apply E'.
Qed.



Theorem one_not_even : ~ ev 1.
Proof.
  intros H. apply ev_inversion in H.  destruct H as [ | [m [Hm _]]].
  - discriminate.
  - discriminate.
Qed.

Theorem one_not_even' : ~ ev 1.
Proof.
  intros H. inversion H. Qed.



Theorem SSSSev__even : forall n,
  ev (S (S (S (S n)))) -> ev n.
Proof.
  intros n H. inversion H as [| n0 H0 Heq0]. inversion H0 as [| n1 H1 Heq1].
  apply H1.
Qed.




Theorem ev5_nonsense :
  ev 5 -> 2 + 2 = 9.
Proof.
  intros H.
  inversion H as [| n0 H0 Heq0].
  inversion H0 as [| n1 H1 Heq1].
  inversion H1.
Qed.




Theorem inversion_ex1 : forall (n m o : nat),
  [n; m] = [o; o] -> [n] = [m].
Proof.
  intros n m o H. inversion H. reflexivity. Qed.

Theorem inversion_ex2 : forall (n : nat),
  S n = O -> 2 + 2 = 5.
Proof.
  intros n contra. inversion contra. Qed.





Lemma ev_Even_firsttry : forall n,
  ev n -> Even n.
Proof.
   unfold Even.



  intros n E. inversion E as [EQ' | n' E' EQ'].
  -  exists 0. reflexivity.
  - 
    assert (H: (exists k', n' = double k')
               -> (exists n0, S (S n') = double n0)).
        { intros [k' EQ'']. exists (S k'). simpl.
          rewrite <- EQ''. reflexivity. }
    apply H.

    

    generalize dependent E'.

    
Abort.










Lemma ev_Even : forall n,
  ev n -> Even n.
Proof.
  intros n E.
  induction E as [|n' E' IH].
  - 
    unfold Even. exists 0. reflexivity.
  - 
    unfold Even in IH.
    destruct IH as [k Hk].
    rewrite Hk.
    unfold Even. exists (S k). simpl. reflexivity.
Qed.





Theorem ev_Even_iff : forall n,
  ev n <-> Even n.
Proof.
  intros n. split.
  -  apply ev_Even.
  -  unfold Even. intros [k Hk]. rewrite Hk. apply ev_double.
Qed.






Theorem ev_sum : forall n m, ev n -> ev m -> ev (n + m).
Proof.
  intros n m En Em.
  induction En.
  - apply Em.
  - simpl. apply ev_SS. apply IHEn.
Qed.




Inductive ev' : nat -> Prop :=
  | ev'_0 : ev' 0
  | ev'_2 : ev' 2
  | ev'_sum n m (Hn : ev' n) (Hm : ev' m) : ev' (n + m).



Theorem ev'_ev : forall n, ev' n <-> ev n.
Proof.
  intros n.
  split.
  - intros H. induction H.
    + apply ev_0.
    + apply ev_SS. apply ev_0.
    + apply ev_sum. apply IHev'1. apply IHev'2.
  - intros H. induction H.
    + apply ev'_0.
    + rewrite <- plus_1_l with (S n). rewrite <- plus_n_Sm. rewrite <- plus_1_l.
      rewrite add_assoc. apply ev'_sum.
      * apply ev'_2.
      * apply IHev.
Qed.



Theorem ev_ev__ev : forall n m,
  ev (n+m) -> ev n -> ev m.
  
Proof.
  intros n m.
  intros E1 E2.
  induction E2.
  - apply E1.
  - simpl in E1. inversion E1 as [| sum E3 H]. apply (IHE2 E3).
Qed.




Theorem ev_plus_plus : forall n m p,
  ev (n+m) -> ev (n+p) -> ev (m+p).
Proof.
  intros n m p Enm Enp.
  apply ev_ev__ev with (n + n).
  - assert (ev ((n + m) + (n + p))) as H.
      { apply ev_sum. apply Enm. apply Enp. }
    rewrite add_comm with n m in H.
    rewrite <- add_assoc with m n (n + p) in H.
    rewrite add_assoc with n n p in H.
    rewrite add_comm with (n + n) p in H.
    rewrite add_assoc with m p (n + n) in H.
    rewrite add_comm with (m + p) (n + n) in H.
    apply H.
  - rewrite <- double_plus. apply ev_double.
Qed.







Module Playground.



Inductive le : nat -> nat -> Prop :=
  | le_n (n : nat)                : le n n
  | le_S (n m : nat) (H : le n m) : le n (S m).

Notation "n <= m" := (le n m).







Theorem test_le1 :
  3 <= 3.
Proof.
  
  apply le_n.  Qed.

Theorem test_le2 :
  3 <= 6.
Proof.
  
  apply le_S. apply le_S. apply le_S. apply le_n.  Qed.

Theorem test_le3 :
  (2 <= 1) -> 2 + 2 = 5.
Proof.
  
  intros H. inversion H. inversion H2.  Qed.



Definition lt (n m : nat) := le (S n) m.

Notation "m < n" := (lt m n).

End Playground.



Inductive total_relation : nat -> nat -> Prop :=
  | total_rel (n m : nat) : total_relation n m
.

Theorem total_relation_is_total : forall n m, total_relation n m.
  Proof.
  intros n m. apply (total_rel n m). Qed.




Inductive empty_relation : nat -> nat -> Prop :=
.

Theorem empty_relation_is_empty : forall n m, ~ empty_relation n m.
  Proof.
  intros n m H.
  inversion H.
Qed.







Lemma le_trans : forall m n o, m <= n -> n <= o -> m <= o.
Proof.
  intros m n o Emn Eno.
  induction Eno as [|o Eno IH].
  - apply Emn.
  - apply (le_S m o IH).
Qed.

Theorem O_le_n : forall n,
  0 <= n.
Proof.
  intros n.
  induction n.
  - apply le_n.
  - apply (le_S 0 n IHn).
Qed.

Theorem n_le_m__Sn_le_Sm : forall n m,
  n <= m -> S n <= S m.
Proof.
  intros n m H.
  induction H as [|m H IH].
  - apply le_n.
  - apply (le_S (S n) (S m) IH).
Qed.

Theorem Sn_le_Sm__n_le_m : forall n m,
  S n <= S m -> n <= m.
Proof.
  intros n m H.
  induction m.
  - inversion H as [H0 | zero H1 H2]. apply le_n. inversion H1.
  - inversion H as [H0 | Sm H1 H2]. apply le_n. apply (le_S n m (IHm H1)).
Qed.

Theorem lt_ge_cases : forall n m,
  n < m \/ n >= m.
Proof.
  intros n m.
  destruct m.
  - right. apply O_le_n.
  - induction n.
    + left. apply n_le_m__Sn_le_Sm. apply O_le_n.
    + destruct IHn.
      * destruct H.
        right. apply le_n.
        left. apply n_le_m__Sn_le_Sm. apply H.
      * right. apply le_S. apply H.
Qed.

Theorem le_plus_l : forall a b,
  a <= a + b.
Proof.
  intros a b.
  induction b.
  - rewrite add_0_r. apply le_n.
  - rewrite <- plus_n_Sm. apply (le_S a (a + b) IHb).
Qed.

Theorem plus_le : forall n1 n2 m,
  n1 + n2 <= m ->
  n1 <= m /\ n2 <= m.
Proof.
  intros n1 n2 m H.
  induction H.
  - split.
    + apply le_plus_l.
    + rewrite add_comm. apply le_plus_l.
  - destruct IHle as [H1 H2].
    split.
    + apply (le_S n1 m H1).
    + apply (le_S n2 m H2).
Qed.

Theorem add_le_cases : forall n m p q,
  n + m <= p + q -> n <= p \/ m <= q.
  
Proof.
  induction n.
  - left. apply O_le_n.
  - intros. destruct p.
    + right. apply plus_le in H.
      destruct H as [H1 H2].
      rewrite plus_O_n in H1.
      apply H2.
    + simpl in H.
      rewrite plus_n_Sm with n m in H.
      rewrite plus_n_Sm with p q in H.
      apply IHn in H. destruct H.
      * left. apply n_le_m__Sn_le_Sm. apply H.
      * right. apply Sn_le_Sm__n_le_m. apply H.
Qed.



Lemma zero_is_lower_equal_or_equal_3 : forall H : 0 <= 1, 0 <= 0.

Proof.
intros H.
inversion H.
- apply le_n.
Qed.

Lemma lemma_positive_step_increment_4 : forall p' : nat, forall H : 0 <= 1, forall IHp' : p' + 0 <= p' + 1, S (p' + 0) <= p' + 1.

Proof.
(* The theorem lemma_positive_step_increment_4 is to be proven for all natural numbers p'.
We will proceed by induction on p'.
*)
  intros p' H IHp'.
(* Base case: p' = 0 *)
  destruct p' as [|p''].
- (* p' = 0 *)
    simpl.
(* We need to prove S (0 + 0) <= 0 + 1, which is true because 1 <= 1.
*)
    apply le_S.
reflexivity.
- (* p' = S p'' *)
    (* We need to prove S (S p'' + 0) <= S p'' + 1.
By the induction hypothesis IHp', we have S (p'' + 0) <= p'' + 1.
We will now prove S (S p'' + 0) <= S (p'' + 1) by applying the le_trans lemma.
*)
    apply le_trans.
- (* First, we prove S p'' + 0 <= p'' + 1 *)
      apply IHp'.
- (* Second, we prove p'' + 1 <= S (p'' + 1) *)
      apply n_le_m__Sn_le_Sm.
reflexivity.
Qed.

Outdated contents in ..cache: recomputing
ERROR MESSAGE IN LEMMA PROOF (FRAGMENT #848)
Error in step "reflexivity.".
Message: In environment
H : 0 <= 1
IHp' : 0 + 0 <= 0 + 1
Unable to unify "0" with 
"1"..
Goal: 1 <= 0.


TRYING TO PROVE LEMMA
Lemma zero_less_or_equal_one_5 : forall H : 0 <= 1, forall IHp' : 0 + 0 <= 0 + 1, 1 <= 0.


Error proving plus_le_compat_l
MAX LEMMA DEPTH REACHED. GIVING UP.