PROVING andb_true_elim2
ATTEMPTED THEOREM PROOF (LEMMAS USED: 0)






















Inductive day : Type :=
  | monday
  | tuesday
  | wednesday
  | thursday
  | friday
  | saturday
  | sunday.



Definition next_weekday (d:day) : day :=
  match d with
  | monday    => tuesday
  | tuesday   => wednesday
  | wednesday => thursday
  | thursday  => friday
  | friday    => monday
  | saturday  => monday
  | sunday    => monday
  end.





Compute (next_weekday friday).


Compute (next_weekday (next_weekday saturday)).






Example test_next_weekday:
  (next_weekday (next_weekday saturday)) = tuesday.



Proof. simpl. reflexivity.  Qed.









From Coq Require Export String.






Inductive bool : Type :=
  | true
  | false.



Definition negb (b:bool) : bool :=
  match b with
  | true => false
  | false => true
  end.

Definition andb (b1:bool) (b2:bool) : bool :=
  match b1 with
  | true => b2
  | false => false
  end.

Definition orb (b1:bool) (b2:bool) : bool :=
  match b1 with
  | true => true
  | false => b2
  end.





Example test_orb1:  (orb true  false) = true.
Proof. simpl. reflexivity.  Qed.
Example test_orb2:  (orb false false) = false.
Proof. simpl. reflexivity.  Qed.
Example test_orb3:  (orb false true)  = true.
Proof. simpl. reflexivity.  Qed.
Example test_orb4:  (orb true  true)  = true.
Proof. simpl. reflexivity.  Qed.



Notation "x && y" := (andb x y).
Notation "x || y" := (orb x y).

Example test_orb5:  false || false || true = true.
Proof. simpl. reflexivity. Qed.





Definition negb' (b:bool) : bool :=
  if b then false
  else true.

Definition andb' (b1:bool) (b2:bool) : bool :=
  if b1 then b2
  else false.

Definition orb' (b1:bool) (b2:bool) : bool :=
  if b1 then true
  else b2.





Definition nandb (b1:bool) (b2:bool) : bool
  := negb (b1 && b2).

Example test_nandb1:               (nandb true false) = true.
Proof. reflexivity.  Qed.
Example test_nandb2:               (nandb false false) = true.
Proof. reflexivity.  Qed.
Example test_nandb3:               (nandb false true) = true.
Proof. reflexivity.  Qed.
Example test_nandb4:               (nandb true true) = false.
Proof. reflexivity.  Qed.




Definition andb3 (b1:bool) (b2:bool) (b3:bool) : bool
  := b1 && (b2 && b3).

Example test_andb31:                 (andb3 true true true) = true.
Proof. reflexivity.  Qed.
Example test_andb32:                 (andb3 false true true) = false.
Proof. reflexivity.  Qed.
Example test_andb33:                 (andb3 true false true) = false.
Proof. reflexivity.  Qed.
Example test_andb34:                 (andb3 true true false) = false.
Proof. reflexivity.  Qed.







Check true.




Check true
  : bool.
Check (negb true)
  : bool.



Check negb
  : bool -> bool.








Inductive rgb : Type :=
  | red
  | green
  | blue.

Inductive color : Type :=
  | black
  | white
  | primary (p : rgb).







Definition monochrome (c : color) : bool :=
  match c with
  | black => true
  | white => true
  | primary p => false
  end.



Definition isred (c : color) : bool :=
  match c with
  | black => false
  | white => false
  | primary red => true
  | primary _ => false
  end.








Module Playground.
  Definition b : rgb := blue.
End Playground.

Definition b : bool := true.

Check Playground.b : rgb.
Check b : bool.




Module TuplePlayground.



Inductive bit : Type :=
  | B0
  | B1.

Inductive nybble : Type :=
  | bits (b0 b1 b2 b3 : bit).

Check (bits B1 B0 B1 B0)
  : nybble.



Definition all_zero (nb : nybble) : bool :=
  match nb with
  | (bits B0 B0 B0 B0) => true
  | (bits _ _ _ _) => false
  end.

Compute (all_zero (bits B1 B0 B1 B0)).

Compute (all_zero (bits B0 B0 B0 B0)).


End TuplePlayground.






Module NatPlayground.



Inductive nat : Type :=
  | O
  | S (n : nat).









Inductive nat' : Type :=
  | stop
  | tick (foo : nat').





Definition pred (n : nat) : nat :=
  match n with
  | O => O
  | S n' => n'
  end.





End NatPlayground.



Check (S (S (S (S O)))).


Definition minustwo (n : nat) : nat :=
  match n with
  | O => O
  | S O => O
  | S (S n') => n'
  end.

Compute (minustwo 4).




Check S        : nat -> nat.
Check pred     : nat -> nat.
Check minustwo : nat -> nat.



Fixpoint even (n:nat) : bool :=
  match n with
  | O        => true
  | S O      => false
  | S (S n') => even n'
  end.



Definition odd (n:nat) : bool :=
  negb (even n).

Example test_odd1:    odd 1 = true.
Proof. simpl. reflexivity.  Qed.
Example test_odd2:    odd 4 = false.
Proof. simpl. reflexivity.  Qed.



Module NatPlayground2.

Fixpoint plus (n : nat) (m : nat) : nat :=
  match n with
  | O => m
  | S n' => S (plus n' m)
  end.



Compute (plus 3 2).








Fixpoint mult (n m : nat) : nat :=
  match n with
  | O => O
  | S n' => plus m (mult n' m)
  end.

Example test_mult1: (mult 3 3) = 9.
Proof. simpl. reflexivity.  Qed.



Fixpoint minus (n m:nat) : nat :=
  match n, m with
  | O   , _    => O
  | S _ , O    => n
  | S n', S m' => minus n' m'
  end.

End NatPlayground2.

Fixpoint exp (base power : nat) : nat :=
  match power with
  | O => S O
  | S p => mult base (exp base p)
  end.



Fixpoint factorial (n:nat) : nat
  := match n with
       | O => 1
       | S n' => mult n (factorial n')
     end.

Example test_factorial1:          (factorial 3) = 6.
Proof. reflexivity. Qed.
Example test_factorial2:          (factorial 5) = (mult 10 12).
Proof. reflexivity. Qed.




Notation "x + y" := (plus x y)
                       (at level 50, left associativity)
                       : nat_scope.
Notation "x - y" := (minus x y)
                       (at level 50, left associativity)
                       : nat_scope.
Notation "x * y" := (mult x y)
                       (at level 40, left associativity)
                       : nat_scope.

Check ((0 + 1) + 1) : nat.





Fixpoint eqb (n m : nat) : bool :=
  match n with
  | O => match m with
         | O => true
         | S m' => false
         end
  | S n' => match m with
            | O => false
            | S m' => eqb n' m'
            end
  end.



Fixpoint leb (n m : nat) : bool :=
  match n with
  | O => true
  | S n' =>
      match m with
      | O => false
      | S m' => leb n' m'
      end
  end.

Example test_leb1:                leb 2 2 = true.
Proof. simpl. reflexivity.  Qed.
Example test_leb2:                leb 2 4 = true.
Proof. simpl. reflexivity.  Qed.
Example test_leb3:                leb 4 2 = false.
Proof. simpl. reflexivity.  Qed.



Notation "x =? y" := (eqb x y) (at level 70) : nat_scope.
Notation "x <=? y" := (leb x y) (at level 70) : nat_scope.

Example test_leb3': (4 <=? 2) = false.
Proof. simpl. reflexivity.  Qed.





Definition ltb (n m : nat) : bool
  := match eqb n m with
     | true => false
     | false => leb n m
     end.

Notation "x <? y" := (ltb x y) (at level 70) : nat_scope.

Example test_ltb1:             (ltb 2 2) = false.
Proof. simpl. reflexivity.  Qed.
Example test_ltb2:             (ltb 2 4) = true.
Proof. simpl. reflexivity.  Qed.
Example test_ltb3:             (ltb 4 2) = false.
Proof. simpl. reflexivity.  Qed.







Theorem plus_O_n : forall n : nat, 0 + n = n.
Proof.
  intros n. simpl. reflexivity.  Qed.



Theorem plus_O_n' : forall n : nat, 0 + n = n.
Proof.
  intros n. reflexivity. Qed.



Theorem plus_O_n'' : forall n : nat, 0 + n = n.
Proof.
  intros m. reflexivity. Qed.





Theorem plus_1_l : forall n:nat, 1 + n = S n.
Proof.
  intros n. reflexivity.  Qed.

Theorem mult_0_l : forall n:nat, 0 * n = 0.
Proof.
  intros n. reflexivity.  Qed.










Theorem plus_id_example : forall n m:nat,
  n = m ->
  n + n = m + m.



Proof.
  
  intros n m.
  
  intros H.
  
  rewrite -> H.
  reflexivity.  Qed.





Theorem plus_id_exercise : forall n m o : nat,
  n = m -> m = o -> n + m = m + o.
Proof.
  intros n m o.
  intros H1.
  intros H2.
  rewrite -> H1. rewrite -> H2.
  reflexivity.  Qed.






Check mult_n_O.


Check mult_n_Sm.




Theorem mult_n_0_m_0 : forall p q : nat,
  (p * 0) + (q * 0) = 0.
Proof.
  intros p q.
  rewrite <- mult_n_O.
  rewrite <- mult_n_O.
  reflexivity. Qed.



Theorem mult_n_1 : forall p : nat,
  p * 1 = p.
Proof.
  intros.
  rewrite <- mult_n_Sm.
  rewrite <- mult_n_O.
  reflexivity. Qed.








Theorem plus_1_neq_0_firsttry : forall n : nat,
  (n + 1) =? 0 = false.
Proof.
  intros n.
  simpl.  
Abort.



Theorem plus_1_neq_0 : forall n : nat,
  (n + 1) =? 0 = false.
Proof.
  intros n. destruct n as [| n'] eqn:E.
  - reflexivity.
  - reflexivity.   Qed.



Theorem negb_involutive : forall b : bool,
  negb (negb b) = b.
Proof.
  intros b. destruct b eqn:E.
  - reflexivity.
  - reflexivity.  Qed.



Theorem andb_commutative : forall b c, andb b c = andb c b.
Proof.
  intros b c. destruct b eqn:Eb.
  - destruct c eqn:Ec.
    + reflexivity.
    + reflexivity.
  - destruct c eqn:Ec.
    + reflexivity.
    + reflexivity.
Qed.





Theorem andb_commutative' : forall b c, andb b c = andb c b.
Proof.
  intros b c. destruct b eqn:Eb.
  { destruct c eqn:Ec.
    { reflexivity. }
    { reflexivity. } }
  { destruct c eqn:Ec.
    { reflexivity. }
    { reflexivity. } }
Qed.



Theorem andb3_exchange :
  forall b c d, andb (andb b c) d = andb (andb b d) c.
Proof.
  intros b c d. destruct b eqn:Eb.
  - destruct c eqn:Ec.
    { destruct d eqn:Ed.
      - reflexivity.
      - reflexivity. }
    { destruct d eqn:Ed.
      - reflexivity.
      - reflexivity. }
  - destruct c eqn:Ec.
    { destruct d eqn:Ed.
      - reflexivity.
      - reflexivity. }
    { destruct d eqn:Ed.
      - reflexivity.
      - reflexivity. }
Qed.





Theorem andb_true_elim2 : forall b c : bool,
  andb b c = true -> c = true.

Proof.
intros b c H.
destruct b as [ | b'].
- (* b = true *)
    simpl in H.
rewrite H in c.
reflexivity.
- (* b = false *)
    simpl in H.
rewrite H in c.
reflexivity.
Qed.

Outdated contents in ..cache: recomputing
ERROR MESSAGE IN THEOREM PROOF (FRAGMENT #712)
Error in step "rewrite H in c.".
Message: Found no subterm matching "c" in c..
Goal: c = true.


TRYING TO PROVE LEMMA
Lemma bool_equality_reflexivity_0 : forall c : bool, forall H : c = true, c = true.


ATTEMPTED LEMMA PROOF (LEMMAS USED: 1)






















Inductive day : Type :=
  | monday
  | tuesday
  | wednesday
  | thursday
  | friday
  | saturday
  | sunday.



Definition next_weekday (d:day) : day :=
  match d with
  | monday    => tuesday
  | tuesday   => wednesday
  | wednesday => thursday
  | thursday  => friday
  | friday    => monday
  | saturday  => monday
  | sunday    => monday
  end.





Compute (next_weekday friday).


Compute (next_weekday (next_weekday saturday)).






Example test_next_weekday:
  (next_weekday (next_weekday saturday)) = tuesday.



Proof. simpl. reflexivity.  Qed.









From Coq Require Export String.






Inductive bool : Type :=
  | true
  | false.



Definition negb (b:bool) : bool :=
  match b with
  | true => false
  | false => true
  end.

Definition andb (b1:bool) (b2:bool) : bool :=
  match b1 with
  | true => b2
  | false => false
  end.

Definition orb (b1:bool) (b2:bool) : bool :=
  match b1 with
  | true => true
  | false => b2
  end.





Example test_orb1:  (orb true  false) = true.
Proof. simpl. reflexivity.  Qed.
Example test_orb2:  (orb false false) = false.
Proof. simpl. reflexivity.  Qed.
Example test_orb3:  (orb false true)  = true.
Proof. simpl. reflexivity.  Qed.
Example test_orb4:  (orb true  true)  = true.
Proof. simpl. reflexivity.  Qed.



Notation "x && y" := (andb x y).
Notation "x || y" := (orb x y).

Example test_orb5:  false || false || true = true.
Proof. simpl. reflexivity. Qed.





Definition negb' (b:bool) : bool :=
  if b then false
  else true.

Definition andb' (b1:bool) (b2:bool) : bool :=
  if b1 then b2
  else false.

Definition orb' (b1:bool) (b2:bool) : bool :=
  if b1 then true
  else b2.





Definition nandb (b1:bool) (b2:bool) : bool
  := negb (b1 && b2).

Example test_nandb1:               (nandb true false) = true.
Proof. reflexivity.  Qed.
Example test_nandb2:               (nandb false false) = true.
Proof. reflexivity.  Qed.
Example test_nandb3:               (nandb false true) = true.
Proof. reflexivity.  Qed.
Example test_nandb4:               (nandb true true) = false.
Proof. reflexivity.  Qed.




Definition andb3 (b1:bool) (b2:bool) (b3:bool) : bool
  := b1 && (b2 && b3).

Example test_andb31:                 (andb3 true true true) = true.
Proof. reflexivity.  Qed.
Example test_andb32:                 (andb3 false true true) = false.
Proof. reflexivity.  Qed.
Example test_andb33:                 (andb3 true false true) = false.
Proof. reflexivity.  Qed.
Example test_andb34:                 (andb3 true true false) = false.
Proof. reflexivity.  Qed.







Check true.




Check true
  : bool.
Check (negb true)
  : bool.



Check negb
  : bool -> bool.








Inductive rgb : Type :=
  | red
  | green
  | blue.

Inductive color : Type :=
  | black
  | white
  | primary (p : rgb).







Definition monochrome (c : color) : bool :=
  match c with
  | black => true
  | white => true
  | primary p => false
  end.



Definition isred (c : color) : bool :=
  match c with
  | black => false
  | white => false
  | primary red => true
  | primary _ => false
  end.








Module Playground.
  Definition b : rgb := blue.
End Playground.

Definition b : bool := true.

Check Playground.b : rgb.
Check b : bool.




Module TuplePlayground.



Inductive bit : Type :=
  | B0
  | B1.

Inductive nybble : Type :=
  | bits (b0 b1 b2 b3 : bit).

Check (bits B1 B0 B1 B0)
  : nybble.



Definition all_zero (nb : nybble) : bool :=
  match nb with
  | (bits B0 B0 B0 B0) => true
  | (bits _ _ _ _) => false
  end.

Compute (all_zero (bits B1 B0 B1 B0)).

Compute (all_zero (bits B0 B0 B0 B0)).


End TuplePlayground.






Module NatPlayground.



Inductive nat : Type :=
  | O
  | S (n : nat).









Inductive nat' : Type :=
  | stop
  | tick (foo : nat').





Definition pred (n : nat) : nat :=
  match n with
  | O => O
  | S n' => n'
  end.





End NatPlayground.



Check (S (S (S (S O)))).


Definition minustwo (n : nat) : nat :=
  match n with
  | O => O
  | S O => O
  | S (S n') => n'
  end.

Compute (minustwo 4).




Check S        : nat -> nat.
Check pred     : nat -> nat.
Check minustwo : nat -> nat.



Fixpoint even (n:nat) : bool :=
  match n with
  | O        => true
  | S O      => false
  | S (S n') => even n'
  end.



Definition odd (n:nat) : bool :=
  negb (even n).

Example test_odd1:    odd 1 = true.
Proof. simpl. reflexivity.  Qed.
Example test_odd2:    odd 4 = false.
Proof. simpl. reflexivity.  Qed.



Module NatPlayground2.

Fixpoint plus (n : nat) (m : nat) : nat :=
  match n with
  | O => m
  | S n' => S (plus n' m)
  end.



Compute (plus 3 2).








Fixpoint mult (n m : nat) : nat :=
  match n with
  | O => O
  | S n' => plus m (mult n' m)
  end.

Example test_mult1: (mult 3 3) = 9.
Proof. simpl. reflexivity.  Qed.



Fixpoint minus (n m:nat) : nat :=
  match n, m with
  | O   , _    => O
  | S _ , O    => n
  | S n', S m' => minus n' m'
  end.

End NatPlayground2.

Fixpoint exp (base power : nat) : nat :=
  match power with
  | O => S O
  | S p => mult base (exp base p)
  end.



Fixpoint factorial (n:nat) : nat
  := match n with
       | O => 1
       | S n' => mult n (factorial n')
     end.

Example test_factorial1:          (factorial 3) = 6.
Proof. reflexivity. Qed.
Example test_factorial2:          (factorial 5) = (mult 10 12).
Proof. reflexivity. Qed.




Notation "x + y" := (plus x y)
                       (at level 50, left associativity)
                       : nat_scope.
Notation "x - y" := (minus x y)
                       (at level 50, left associativity)
                       : nat_scope.
Notation "x * y" := (mult x y)
                       (at level 40, left associativity)
                       : nat_scope.

Check ((0 + 1) + 1) : nat.





Fixpoint eqb (n m : nat) : bool :=
  match n with
  | O => match m with
         | O => true
         | S m' => false
         end
  | S n' => match m with
            | O => false
            | S m' => eqb n' m'
            end
  end.



Fixpoint leb (n m : nat) : bool :=
  match n with
  | O => true
  | S n' =>
      match m with
      | O => false
      | S m' => leb n' m'
      end
  end.

Example test_leb1:                leb 2 2 = true.
Proof. simpl. reflexivity.  Qed.
Example test_leb2:                leb 2 4 = true.
Proof. simpl. reflexivity.  Qed.
Example test_leb3:                leb 4 2 = false.
Proof. simpl. reflexivity.  Qed.



Notation "x =? y" := (eqb x y) (at level 70) : nat_scope.
Notation "x <=? y" := (leb x y) (at level 70) : nat_scope.

Example test_leb3': (4 <=? 2) = false.
Proof. simpl. reflexivity.  Qed.





Definition ltb (n m : nat) : bool
  := match eqb n m with
     | true => false
     | false => leb n m
     end.

Notation "x <? y" := (ltb x y) (at level 70) : nat_scope.

Example test_ltb1:             (ltb 2 2) = false.
Proof. simpl. reflexivity.  Qed.
Example test_ltb2:             (ltb 2 4) = true.
Proof. simpl. reflexivity.  Qed.
Example test_ltb3:             (ltb 4 2) = false.
Proof. simpl. reflexivity.  Qed.







Theorem plus_O_n : forall n : nat, 0 + n = n.
Proof.
  intros n. simpl. reflexivity.  Qed.



Theorem plus_O_n' : forall n : nat, 0 + n = n.
Proof.
  intros n. reflexivity. Qed.



Theorem plus_O_n'' : forall n : nat, 0 + n = n.
Proof.
  intros m. reflexivity. Qed.





Theorem plus_1_l : forall n:nat, 1 + n = S n.
Proof.
  intros n. reflexivity.  Qed.

Theorem mult_0_l : forall n:nat, 0 * n = 0.
Proof.
  intros n. reflexivity.  Qed.










Theorem plus_id_example : forall n m:nat,
  n = m ->
  n + n = m + m.



Proof.
  
  intros n m.
  
  intros H.
  
  rewrite -> H.
  reflexivity.  Qed.





Theorem plus_id_exercise : forall n m o : nat,
  n = m -> m = o -> n + m = m + o.
Proof.
  intros n m o.
  intros H1.
  intros H2.
  rewrite -> H1. rewrite -> H2.
  reflexivity.  Qed.






Check mult_n_O.


Check mult_n_Sm.




Theorem mult_n_0_m_0 : forall p q : nat,
  (p * 0) + (q * 0) = 0.
Proof.
  intros p q.
  rewrite <- mult_n_O.
  rewrite <- mult_n_O.
  reflexivity. Qed.



Theorem mult_n_1 : forall p : nat,
  p * 1 = p.
Proof.
  intros.
  rewrite <- mult_n_Sm.
  rewrite <- mult_n_O.
  reflexivity. Qed.








Theorem plus_1_neq_0_firsttry : forall n : nat,
  (n + 1) =? 0 = false.
Proof.
  intros n.
  simpl.  
Abort.



Theorem plus_1_neq_0 : forall n : nat,
  (n + 1) =? 0 = false.
Proof.
  intros n. destruct n as [| n'] eqn:E.
  - reflexivity.
  - reflexivity.   Qed.



Theorem negb_involutive : forall b : bool,
  negb (negb b) = b.
Proof.
  intros b. destruct b eqn:E.
  - reflexivity.
  - reflexivity.  Qed.



Theorem andb_commutative : forall b c, andb b c = andb c b.
Proof.
  intros b c. destruct b eqn:Eb.
  - destruct c eqn:Ec.
    + reflexivity.
    + reflexivity.
  - destruct c eqn:Ec.
    + reflexivity.
    + reflexivity.
Qed.





Theorem andb_commutative' : forall b c, andb b c = andb c b.
Proof.
  intros b c. destruct b eqn:Eb.
  { destruct c eqn:Ec.
    { reflexivity. }
    { reflexivity. } }
  { destruct c eqn:Ec.
    { reflexivity. }
    { reflexivity. } }
Qed.



Theorem andb3_exchange :
  forall b c d, andb (andb b c) d = andb (andb b d) c.
Proof.
  intros b c d. destruct b eqn:Eb.
  - destruct c eqn:Ec.
    { destruct d eqn:Ed.
      - reflexivity.
      - reflexivity. }
    { destruct d eqn:Ed.
      - reflexivity.
      - reflexivity. }
  - destruct c eqn:Ec.
    { destruct d eqn:Ed.
      - reflexivity.
      - reflexivity. }
    { destruct d eqn:Ed.
      - reflexivity.
      - reflexivity. }
Qed.





Lemma bool_equality_reflexivity_0 : forall c : bool, forall H : c = true, c = true.

Proof.
(*
     The goal is to prove that if c is true, then c is true.
This is a trivial
     statement because it is always true that true equals true.
We can prove this
     by reflexivity.
*)
  intros c H.
reflexivity.
Qed.

Outdated contents in ..cache: recomputing
ERROR MESSAGE IN LEMMA PROOF (FRAGMENT #706)
Error in step "reflexivity.".
Message: In environment
c : bool
H : c = true
Unable to unify "true" with "c"..
Goal: c = true.


TRYING TO PROVE LEMMA
Lemma bool_equality_reflexivity_1 : forall c : bool, forall H : c = true, c = true.


ATTEMPTED LEMMA PROOF (LEMMAS USED: 2)






















Inductive day : Type :=
  | monday
  | tuesday
  | wednesday
  | thursday
  | friday
  | saturday
  | sunday.



Definition next_weekday (d:day) : day :=
  match d with
  | monday    => tuesday
  | tuesday   => wednesday
  | wednesday => thursday
  | thursday  => friday
  | friday    => monday
  | saturday  => monday
  | sunday    => monday
  end.





Compute (next_weekday friday).


Compute (next_weekday (next_weekday saturday)).






Example test_next_weekday:
  (next_weekday (next_weekday saturday)) = tuesday.



Proof. simpl. reflexivity.  Qed.









From Coq Require Export String.






Inductive bool : Type :=
  | true
  | false.



Definition negb (b:bool) : bool :=
  match b with
  | true => false
  | false => true
  end.

Definition andb (b1:bool) (b2:bool) : bool :=
  match b1 with
  | true => b2
  | false => false
  end.

Definition orb (b1:bool) (b2:bool) : bool :=
  match b1 with
  | true => true
  | false => b2
  end.





Example test_orb1:  (orb true  false) = true.
Proof. simpl. reflexivity.  Qed.
Example test_orb2:  (orb false false) = false.
Proof. simpl. reflexivity.  Qed.
Example test_orb3:  (orb false true)  = true.
Proof. simpl. reflexivity.  Qed.
Example test_orb4:  (orb true  true)  = true.
Proof. simpl. reflexivity.  Qed.



Notation "x && y" := (andb x y).
Notation "x || y" := (orb x y).

Example test_orb5:  false || false || true = true.
Proof. simpl. reflexivity. Qed.





Definition negb' (b:bool) : bool :=
  if b then false
  else true.

Definition andb' (b1:bool) (b2:bool) : bool :=
  if b1 then b2
  else false.

Definition orb' (b1:bool) (b2:bool) : bool :=
  if b1 then true
  else b2.





Definition nandb (b1:bool) (b2:bool) : bool
  := negb (b1 && b2).

Example test_nandb1:               (nandb true false) = true.
Proof. reflexivity.  Qed.
Example test_nandb2:               (nandb false false) = true.
Proof. reflexivity.  Qed.
Example test_nandb3:               (nandb false true) = true.
Proof. reflexivity.  Qed.
Example test_nandb4:               (nandb true true) = false.
Proof. reflexivity.  Qed.




Definition andb3 (b1:bool) (b2:bool) (b3:bool) : bool
  := b1 && (b2 && b3).

Example test_andb31:                 (andb3 true true true) = true.
Proof. reflexivity.  Qed.
Example test_andb32:                 (andb3 false true true) = false.
Proof. reflexivity.  Qed.
Example test_andb33:                 (andb3 true false true) = false.
Proof. reflexivity.  Qed.
Example test_andb34:                 (andb3 true true false) = false.
Proof. reflexivity.  Qed.







Check true.




Check true
  : bool.
Check (negb true)
  : bool.



Check negb
  : bool -> bool.








Inductive rgb : Type :=
  | red
  | green
  | blue.

Inductive color : Type :=
  | black
  | white
  | primary (p : rgb).







Definition monochrome (c : color) : bool :=
  match c with
  | black => true
  | white => true
  | primary p => false
  end.



Definition isred (c : color) : bool :=
  match c with
  | black => false
  | white => false
  | primary red => true
  | primary _ => false
  end.








Module Playground.
  Definition b : rgb := blue.
End Playground.

Definition b : bool := true.

Check Playground.b : rgb.
Check b : bool.




Module TuplePlayground.



Inductive bit : Type :=
  | B0
  | B1.

Inductive nybble : Type :=
  | bits (b0 b1 b2 b3 : bit).

Check (bits B1 B0 B1 B0)
  : nybble.



Definition all_zero (nb : nybble) : bool :=
  match nb with
  | (bits B0 B0 B0 B0) => true
  | (bits _ _ _ _) => false
  end.

Compute (all_zero (bits B1 B0 B1 B0)).

Compute (all_zero (bits B0 B0 B0 B0)).


End TuplePlayground.






Module NatPlayground.



Inductive nat : Type :=
  | O
  | S (n : nat).









Inductive nat' : Type :=
  | stop
  | tick (foo : nat').





Definition pred (n : nat) : nat :=
  match n with
  | O => O
  | S n' => n'
  end.





End NatPlayground.



Check (S (S (S (S O)))).


Definition minustwo (n : nat) : nat :=
  match n with
  | O => O
  | S O => O
  | S (S n') => n'
  end.

Compute (minustwo 4).




Check S        : nat -> nat.
Check pred     : nat -> nat.
Check minustwo : nat -> nat.



Fixpoint even (n:nat) : bool :=
  match n with
  | O        => true
  | S O      => false
  | S (S n') => even n'
  end.



Definition odd (n:nat) : bool :=
  negb (even n).

Example test_odd1:    odd 1 = true.
Proof. simpl. reflexivity.  Qed.
Example test_odd2:    odd 4 = false.
Proof. simpl. reflexivity.  Qed.



Module NatPlayground2.

Fixpoint plus (n : nat) (m : nat) : nat :=
  match n with
  | O => m
  | S n' => S (plus n' m)
  end.



Compute (plus 3 2).








Fixpoint mult (n m : nat) : nat :=
  match n with
  | O => O
  | S n' => plus m (mult n' m)
  end.

Example test_mult1: (mult 3 3) = 9.
Proof. simpl. reflexivity.  Qed.



Fixpoint minus (n m:nat) : nat :=
  match n, m with
  | O   , _    => O
  | S _ , O    => n
  | S n', S m' => minus n' m'
  end.

End NatPlayground2.

Fixpoint exp (base power : nat) : nat :=
  match power with
  | O => S O
  | S p => mult base (exp base p)
  end.



Fixpoint factorial (n:nat) : nat
  := match n with
       | O => 1
       | S n' => mult n (factorial n')
     end.

Example test_factorial1:          (factorial 3) = 6.
Proof. reflexivity. Qed.
Example test_factorial2:          (factorial 5) = (mult 10 12).
Proof. reflexivity. Qed.




Notation "x + y" := (plus x y)
                       (at level 50, left associativity)
                       : nat_scope.
Notation "x - y" := (minus x y)
                       (at level 50, left associativity)
                       : nat_scope.
Notation "x * y" := (mult x y)
                       (at level 40, left associativity)
                       : nat_scope.

Check ((0 + 1) + 1) : nat.





Fixpoint eqb (n m : nat) : bool :=
  match n with
  | O => match m with
         | O => true
         | S m' => false
         end
  | S n' => match m with
            | O => false
            | S m' => eqb n' m'
            end
  end.



Fixpoint leb (n m : nat) : bool :=
  match n with
  | O => true
  | S n' =>
      match m with
      | O => false
      | S m' => leb n' m'
      end
  end.

Example test_leb1:                leb 2 2 = true.
Proof. simpl. reflexivity.  Qed.
Example test_leb2:                leb 2 4 = true.
Proof. simpl. reflexivity.  Qed.
Example test_leb3:                leb 4 2 = false.
Proof. simpl. reflexivity.  Qed.



Notation "x =? y" := (eqb x y) (at level 70) : nat_scope.
Notation "x <=? y" := (leb x y) (at level 70) : nat_scope.

Example test_leb3': (4 <=? 2) = false.
Proof. simpl. reflexivity.  Qed.





Definition ltb (n m : nat) : bool
  := match eqb n m with
     | true => false
     | false => leb n m
     end.

Notation "x <? y" := (ltb x y) (at level 70) : nat_scope.

Example test_ltb1:             (ltb 2 2) = false.
Proof. simpl. reflexivity.  Qed.
Example test_ltb2:             (ltb 2 4) = true.
Proof. simpl. reflexivity.  Qed.
Example test_ltb3:             (ltb 4 2) = false.
Proof. simpl. reflexivity.  Qed.







Theorem plus_O_n : forall n : nat, 0 + n = n.
Proof.
  intros n. simpl. reflexivity.  Qed.



Theorem plus_O_n' : forall n : nat, 0 + n = n.
Proof.
  intros n. reflexivity. Qed.



Theorem plus_O_n'' : forall n : nat, 0 + n = n.
Proof.
  intros m. reflexivity. Qed.





Theorem plus_1_l : forall n:nat, 1 + n = S n.
Proof.
  intros n. reflexivity.  Qed.

Theorem mult_0_l : forall n:nat, 0 * n = 0.
Proof.
  intros n. reflexivity.  Qed.










Theorem plus_id_example : forall n m:nat,
  n = m ->
  n + n = m + m.



Proof.
  
  intros n m.
  
  intros H.
  
  rewrite -> H.
  reflexivity.  Qed.





Theorem plus_id_exercise : forall n m o : nat,
  n = m -> m = o -> n + m = m + o.
Proof.
  intros n m o.
  intros H1.
  intros H2.
  rewrite -> H1. rewrite -> H2.
  reflexivity.  Qed.






Check mult_n_O.


Check mult_n_Sm.




Theorem mult_n_0_m_0 : forall p q : nat,
  (p * 0) + (q * 0) = 0.
Proof.
  intros p q.
  rewrite <- mult_n_O.
  rewrite <- mult_n_O.
  reflexivity. Qed.



Theorem mult_n_1 : forall p : nat,
  p * 1 = p.
Proof.
  intros.
  rewrite <- mult_n_Sm.
  rewrite <- mult_n_O.
  reflexivity. Qed.








Theorem plus_1_neq_0_firsttry : forall n : nat,
  (n + 1) =? 0 = false.
Proof.
  intros n.
  simpl.  
Abort.



Theorem plus_1_neq_0 : forall n : nat,
  (n + 1) =? 0 = false.
Proof.
  intros n. destruct n as [| n'] eqn:E.
  - reflexivity.
  - reflexivity.   Qed.



Theorem negb_involutive : forall b : bool,
  negb (negb b) = b.
Proof.
  intros b. destruct b eqn:E.
  - reflexivity.
  - reflexivity.  Qed.



Theorem andb_commutative : forall b c, andb b c = andb c b.
Proof.
  intros b c. destruct b eqn:Eb.
  - destruct c eqn:Ec.
    + reflexivity.
    + reflexivity.
  - destruct c eqn:Ec.
    + reflexivity.
    + reflexivity.
Qed.





Theorem andb_commutative' : forall b c, andb b c = andb c b.
Proof.
  intros b c. destruct b eqn:Eb.
  { destruct c eqn:Ec.
    { reflexivity. }
    { reflexivity. } }
  { destruct c eqn:Ec.
    { reflexivity. }
    { reflexivity. } }
Qed.



Theorem andb3_exchange :
  forall b c d, andb (andb b c) d = andb (andb b d) c.
Proof.
  intros b c d. destruct b eqn:Eb.
  - destruct c eqn:Ec.
    { destruct d eqn:Ed.
      - reflexivity.
      - reflexivity. }
    { destruct d eqn:Ed.
      - reflexivity.
      - reflexivity. }
  - destruct c eqn:Ec.
    { destruct d eqn:Ed.
      - reflexivity.
      - reflexivity. }
    { destruct d eqn:Ed.
      - reflexivity.
      - reflexivity. }
Qed.





Lemma bool_equality_reflexivity_1 : forall c : bool, forall H : c = true, c = true.

Proof.
(*
     The goal is to prove that if c is true, then c is true.
This is a trivial proposition, as true is always equal to true.
We will use the axiom of reflexivity to prove this.
*)
  intros c H.
(*
     The command "intros" introduces the variables c and H into the context.
c is the boolean value we want to prove is true, and H is the equality
     proof that c = true.
*)
  reflexivity.
(*
     The command "reflexivity" concludes the proof by invoking the axiom
     of reflexivity, which states that every type is equal to itself.
In this case, it states that true is equal to true.
*)

Qed.

Outdated contents in ..cache: recomputing
ERROR MESSAGE IN LEMMA PROOF (FRAGMENT #706)
Error in step "reflexivity.".
Message: In environment
c : bool
H : c = true
Unable to unify "true" with "c"..
Goal: c = true.


TRYING TO PROVE LEMMA
Lemma bool_equality_reflexivity_2 : forall c : bool, forall H : c = true, c = true.


ATTEMPTED LEMMA PROOF (LEMMAS USED: 3)






















Inductive day : Type :=
  | monday
  | tuesday
  | wednesday
  | thursday
  | friday
  | saturday
  | sunday.



Definition next_weekday (d:day) : day :=
  match d with
  | monday    => tuesday
  | tuesday   => wednesday
  | wednesday => thursday
  | thursday  => friday
  | friday    => monday
  | saturday  => monday
  | sunday    => monday
  end.





Compute (next_weekday friday).


Compute (next_weekday (next_weekday saturday)).






Example test_next_weekday:
  (next_weekday (next_weekday saturday)) = tuesday.



Proof. simpl. reflexivity.  Qed.









From Coq Require Export String.






Inductive bool : Type :=
  | true
  | false.



Definition negb (b:bool) : bool :=
  match b with
  | true => false
  | false => true
  end.

Definition andb (b1:bool) (b2:bool) : bool :=
  match b1 with
  | true => b2
  | false => false
  end.

Definition orb (b1:bool) (b2:bool) : bool :=
  match b1 with
  | true => true
  | false => b2
  end.





Example test_orb1:  (orb true  false) = true.
Proof. simpl. reflexivity.  Qed.
Example test_orb2:  (orb false false) = false.
Proof. simpl. reflexivity.  Qed.
Example test_orb3:  (orb false true)  = true.
Proof. simpl. reflexivity.  Qed.
Example test_orb4:  (orb true  true)  = true.
Proof. simpl. reflexivity.  Qed.



Notation "x && y" := (andb x y).
Notation "x || y" := (orb x y).

Example test_orb5:  false || false || true = true.
Proof. simpl. reflexivity. Qed.





Definition negb' (b:bool) : bool :=
  if b then false
  else true.

Definition andb' (b1:bool) (b2:bool) : bool :=
  if b1 then b2
  else false.

Definition orb' (b1:bool) (b2:bool) : bool :=
  if b1 then true
  else b2.





Definition nandb (b1:bool) (b2:bool) : bool
  := negb (b1 && b2).

Example test_nandb1:               (nandb true false) = true.
Proof. reflexivity.  Qed.
Example test_nandb2:               (nandb false false) = true.
Proof. reflexivity.  Qed.
Example test_nandb3:               (nandb false true) = true.
Proof. reflexivity.  Qed.
Example test_nandb4:               (nandb true true) = false.
Proof. reflexivity.  Qed.




Definition andb3 (b1:bool) (b2:bool) (b3:bool) : bool
  := b1 && (b2 && b3).

Example test_andb31:                 (andb3 true true true) = true.
Proof. reflexivity.  Qed.
Example test_andb32:                 (andb3 false true true) = false.
Proof. reflexivity.  Qed.
Example test_andb33:                 (andb3 true false true) = false.
Proof. reflexivity.  Qed.
Example test_andb34:                 (andb3 true true false) = false.
Proof. reflexivity.  Qed.







Check true.




Check true
  : bool.
Check (negb true)
  : bool.



Check negb
  : bool -> bool.








Inductive rgb : Type :=
  | red
  | green
  | blue.

Inductive color : Type :=
  | black
  | white
  | primary (p : rgb).







Definition monochrome (c : color) : bool :=
  match c with
  | black => true
  | white => true
  | primary p => false
  end.



Definition isred (c : color) : bool :=
  match c with
  | black => false
  | white => false
  | primary red => true
  | primary _ => false
  end.








Module Playground.
  Definition b : rgb := blue.
End Playground.

Definition b : bool := true.

Check Playground.b : rgb.
Check b : bool.




Module TuplePlayground.



Inductive bit : Type :=
  | B0
  | B1.

Inductive nybble : Type :=
  | bits (b0 b1 b2 b3 : bit).

Check (bits B1 B0 B1 B0)
  : nybble.



Definition all_zero (nb : nybble) : bool :=
  match nb with
  | (bits B0 B0 B0 B0) => true
  | (bits _ _ _ _) => false
  end.

Compute (all_zero (bits B1 B0 B1 B0)).

Compute (all_zero (bits B0 B0 B0 B0)).


End TuplePlayground.






Module NatPlayground.



Inductive nat : Type :=
  | O
  | S (n : nat).









Inductive nat' : Type :=
  | stop
  | tick (foo : nat').





Definition pred (n : nat) : nat :=
  match n with
  | O => O
  | S n' => n'
  end.





End NatPlayground.



Check (S (S (S (S O)))).


Definition minustwo (n : nat) : nat :=
  match n with
  | O => O
  | S O => O
  | S (S n') => n'
  end.

Compute (minustwo 4).




Check S        : nat -> nat.
Check pred     : nat -> nat.
Check minustwo : nat -> nat.



Fixpoint even (n:nat) : bool :=
  match n with
  | O        => true
  | S O      => false
  | S (S n') => even n'
  end.



Definition odd (n:nat) : bool :=
  negb (even n).

Example test_odd1:    odd 1 = true.
Proof. simpl. reflexivity.  Qed.
Example test_odd2:    odd 4 = false.
Proof. simpl. reflexivity.  Qed.



Module NatPlayground2.

Fixpoint plus (n : nat) (m : nat) : nat :=
  match n with
  | O => m
  | S n' => S (plus n' m)
  end.



Compute (plus 3 2).








Fixpoint mult (n m : nat) : nat :=
  match n with
  | O => O
  | S n' => plus m (mult n' m)
  end.

Example test_mult1: (mult 3 3) = 9.
Proof. simpl. reflexivity.  Qed.



Fixpoint minus (n m:nat) : nat :=
  match n, m with
  | O   , _    => O
  | S _ , O    => n
  | S n', S m' => minus n' m'
  end.

End NatPlayground2.

Fixpoint exp (base power : nat) : nat :=
  match power with
  | O => S O
  | S p => mult base (exp base p)
  end.



Fixpoint factorial (n:nat) : nat
  := match n with
       | O => 1
       | S n' => mult n (factorial n')
     end.

Example test_factorial1:          (factorial 3) = 6.
Proof. reflexivity. Qed.
Example test_factorial2:          (factorial 5) = (mult 10 12).
Proof. reflexivity. Qed.




Notation "x + y" := (plus x y)
                       (at level 50, left associativity)
                       : nat_scope.
Notation "x - y" := (minus x y)
                       (at level 50, left associativity)
                       : nat_scope.
Notation "x * y" := (mult x y)
                       (at level 40, left associativity)
                       : nat_scope.

Check ((0 + 1) + 1) : nat.





Fixpoint eqb (n m : nat) : bool :=
  match n with
  | O => match m with
         | O => true
         | S m' => false
         end
  | S n' => match m with
            | O => false
            | S m' => eqb n' m'
            end
  end.



Fixpoint leb (n m : nat) : bool :=
  match n with
  | O => true
  | S n' =>
      match m with
      | O => false
      | S m' => leb n' m'
      end
  end.

Example test_leb1:                leb 2 2 = true.
Proof. simpl. reflexivity.  Qed.
Example test_leb2:                leb 2 4 = true.
Proof. simpl. reflexivity.  Qed.
Example test_leb3:                leb 4 2 = false.
Proof. simpl. reflexivity.  Qed.



Notation "x =? y" := (eqb x y) (at level 70) : nat_scope.
Notation "x <=? y" := (leb x y) (at level 70) : nat_scope.

Example test_leb3': (4 <=? 2) = false.
Proof. simpl. reflexivity.  Qed.





Definition ltb (n m : nat) : bool
  := match eqb n m with
     | true => false
     | false => leb n m
     end.

Notation "x <? y" := (ltb x y) (at level 70) : nat_scope.

Example test_ltb1:             (ltb 2 2) = false.
Proof. simpl. reflexivity.  Qed.
Example test_ltb2:             (ltb 2 4) = true.
Proof. simpl. reflexivity.  Qed.
Example test_ltb3:             (ltb 4 2) = false.
Proof. simpl. reflexivity.  Qed.







Theorem plus_O_n : forall n : nat, 0 + n = n.
Proof.
  intros n. simpl. reflexivity.  Qed.



Theorem plus_O_n' : forall n : nat, 0 + n = n.
Proof.
  intros n. reflexivity. Qed.



Theorem plus_O_n'' : forall n : nat, 0 + n = n.
Proof.
  intros m. reflexivity. Qed.





Theorem plus_1_l : forall n:nat, 1 + n = S n.
Proof.
  intros n. reflexivity.  Qed.

Theorem mult_0_l : forall n:nat, 0 * n = 0.
Proof.
  intros n. reflexivity.  Qed.










Theorem plus_id_example : forall n m:nat,
  n = m ->
  n + n = m + m.



Proof.
  
  intros n m.
  
  intros H.
  
  rewrite -> H.
  reflexivity.  Qed.





Theorem plus_id_exercise : forall n m o : nat,
  n = m -> m = o -> n + m = m + o.
Proof.
  intros n m o.
  intros H1.
  intros H2.
  rewrite -> H1. rewrite -> H2.
  reflexivity.  Qed.






Check mult_n_O.


Check mult_n_Sm.




Theorem mult_n_0_m_0 : forall p q : nat,
  (p * 0) + (q * 0) = 0.
Proof.
  intros p q.
  rewrite <- mult_n_O.
  rewrite <- mult_n_O.
  reflexivity. Qed.



Theorem mult_n_1 : forall p : nat,
  p * 1 = p.
Proof.
  intros.
  rewrite <- mult_n_Sm.
  rewrite <- mult_n_O.
  reflexivity. Qed.








Theorem plus_1_neq_0_firsttry : forall n : nat,
  (n + 1) =? 0 = false.
Proof.
  intros n.
  simpl.  
Abort.



Theorem plus_1_neq_0 : forall n : nat,
  (n + 1) =? 0 = false.
Proof.
  intros n. destruct n as [| n'] eqn:E.
  - reflexivity.
  - reflexivity.   Qed.



Theorem negb_involutive : forall b : bool,
  negb (negb b) = b.
Proof.
  intros b. destruct b eqn:E.
  - reflexivity.
  - reflexivity.  Qed.



Theorem andb_commutative : forall b c, andb b c = andb c b.
Proof.
  intros b c. destruct b eqn:Eb.
  - destruct c eqn:Ec.
    + reflexivity.
    + reflexivity.
  - destruct c eqn:Ec.
    + reflexivity.
    + reflexivity.
Qed.





Theorem andb_commutative' : forall b c, andb b c = andb c b.
Proof.
  intros b c. destruct b eqn:Eb.
  { destruct c eqn:Ec.
    { reflexivity. }
    { reflexivity. } }
  { destruct c eqn:Ec.
    { reflexivity. }
    { reflexivity. } }
Qed.



Theorem andb3_exchange :
  forall b c d, andb (andb b c) d = andb (andb b d) c.
Proof.
  intros b c d. destruct b eqn:Eb.
  - destruct c eqn:Ec.
    { destruct d eqn:Ed.
      - reflexivity.
      - reflexivity. }
    { destruct d eqn:Ed.
      - reflexivity.
      - reflexivity. }
  - destruct c eqn:Ec.
    { destruct d eqn:Ed.
      - reflexivity.
      - reflexivity. }
    { destruct d eqn:Ed.
      - reflexivity.
      - reflexivity. }
Qed.





Lemma bool_equality_reflexivity_2 : forall c : bool, forall H : c = true, c = true.

Proof.
intros c H.
(* We can use the equality reflexivity axiom to prove this lemma.
*)
  (* The equality reflexivity axiom states that any element is equal to itself.
*)
  (* In this case, we have c = true, so we can use this axiom to prove c = true.
*)
  reflexivity.
Qed.

Outdated contents in ..cache: recomputing
ERROR MESSAGE IN LEMMA PROOF (FRAGMENT #706)
Error in step "reflexivity.".
Message: In environment
c : bool
H : c = true
Unable to unify "true" with "c"..
Goal: c = true.


TRYING TO PROVE LEMMA
Lemma bool_equality_reflexivity_3 : forall c : bool, forall H : c = true, c = true.


ATTEMPTED LEMMA PROOF (LEMMAS USED: 4)






















Inductive day : Type :=
  | monday
  | tuesday
  | wednesday
  | thursday
  | friday
  | saturday
  | sunday.



Definition next_weekday (d:day) : day :=
  match d with
  | monday    => tuesday
  | tuesday   => wednesday
  | wednesday => thursday
  | thursday  => friday
  | friday    => monday
  | saturday  => monday
  | sunday    => monday
  end.





Compute (next_weekday friday).


Compute (next_weekday (next_weekday saturday)).






Example test_next_weekday:
  (next_weekday (next_weekday saturday)) = tuesday.



Proof. simpl. reflexivity.  Qed.









From Coq Require Export String.






Inductive bool : Type :=
  | true
  | false.



Definition negb (b:bool) : bool :=
  match b with
  | true => false
  | false => true
  end.

Definition andb (b1:bool) (b2:bool) : bool :=
  match b1 with
  | true => b2
  | false => false
  end.

Definition orb (b1:bool) (b2:bool) : bool :=
  match b1 with
  | true => true
  | false => b2
  end.





Example test_orb1:  (orb true  false) = true.
Proof. simpl. reflexivity.  Qed.
Example test_orb2:  (orb false false) = false.
Proof. simpl. reflexivity.  Qed.
Example test_orb3:  (orb false true)  = true.
Proof. simpl. reflexivity.  Qed.
Example test_orb4:  (orb true  true)  = true.
Proof. simpl. reflexivity.  Qed.



Notation "x && y" := (andb x y).
Notation "x || y" := (orb x y).

Example test_orb5:  false || false || true = true.
Proof. simpl. reflexivity. Qed.





Definition negb' (b:bool) : bool :=
  if b then false
  else true.

Definition andb' (b1:bool) (b2:bool) : bool :=
  if b1 then b2
  else false.

Definition orb' (b1:bool) (b2:bool) : bool :=
  if b1 then true
  else b2.





Definition nandb (b1:bool) (b2:bool) : bool
  := negb (b1 && b2).

Example test_nandb1:               (nandb true false) = true.
Proof. reflexivity.  Qed.
Example test_nandb2:               (nandb false false) = true.
Proof. reflexivity.  Qed.
Example test_nandb3:               (nandb false true) = true.
Proof. reflexivity.  Qed.
Example test_nandb4:               (nandb true true) = false.
Proof. reflexivity.  Qed.




Definition andb3 (b1:bool) (b2:bool) (b3:bool) : bool
  := b1 && (b2 && b3).

Example test_andb31:                 (andb3 true true true) = true.
Proof. reflexivity.  Qed.
Example test_andb32:                 (andb3 false true true) = false.
Proof. reflexivity.  Qed.
Example test_andb33:                 (andb3 true false true) = false.
Proof. reflexivity.  Qed.
Example test_andb34:                 (andb3 true true false) = false.
Proof. reflexivity.  Qed.







Check true.




Check true
  : bool.
Check (negb true)
  : bool.



Check negb
  : bool -> bool.








Inductive rgb : Type :=
  | red
  | green
  | blue.

Inductive color : Type :=
  | black
  | white
  | primary (p : rgb).







Definition monochrome (c : color) : bool :=
  match c with
  | black => true
  | white => true
  | primary p => false
  end.



Definition isred (c : color) : bool :=
  match c with
  | black => false
  | white => false
  | primary red => true
  | primary _ => false
  end.








Module Playground.
  Definition b : rgb := blue.
End Playground.

Definition b : bool := true.

Check Playground.b : rgb.
Check b : bool.




Module TuplePlayground.



Inductive bit : Type :=
  | B0
  | B1.

Inductive nybble : Type :=
  | bits (b0 b1 b2 b3 : bit).

Check (bits B1 B0 B1 B0)
  : nybble.



Definition all_zero (nb : nybble) : bool :=
  match nb with
  | (bits B0 B0 B0 B0) => true
  | (bits _ _ _ _) => false
  end.

Compute (all_zero (bits B1 B0 B1 B0)).

Compute (all_zero (bits B0 B0 B0 B0)).


End TuplePlayground.






Module NatPlayground.



Inductive nat : Type :=
  | O
  | S (n : nat).









Inductive nat' : Type :=
  | stop
  | tick (foo : nat').





Definition pred (n : nat) : nat :=
  match n with
  | O => O
  | S n' => n'
  end.





End NatPlayground.



Check (S (S (S (S O)))).


Definition minustwo (n : nat) : nat :=
  match n with
  | O => O
  | S O => O
  | S (S n') => n'
  end.

Compute (minustwo 4).




Check S        : nat -> nat.
Check pred     : nat -> nat.
Check minustwo : nat -> nat.



Fixpoint even (n:nat) : bool :=
  match n with
  | O        => true
  | S O      => false
  | S (S n') => even n'
  end.



Definition odd (n:nat) : bool :=
  negb (even n).

Example test_odd1:    odd 1 = true.
Proof. simpl. reflexivity.  Qed.
Example test_odd2:    odd 4 = false.
Proof. simpl. reflexivity.  Qed.



Module NatPlayground2.

Fixpoint plus (n : nat) (m : nat) : nat :=
  match n with
  | O => m
  | S n' => S (plus n' m)
  end.



Compute (plus 3 2).








Fixpoint mult (n m : nat) : nat :=
  match n with
  | O => O
  | S n' => plus m (mult n' m)
  end.

Example test_mult1: (mult 3 3) = 9.
Proof. simpl. reflexivity.  Qed.



Fixpoint minus (n m:nat) : nat :=
  match n, m with
  | O   , _    => O
  | S _ , O    => n
  | S n', S m' => minus n' m'
  end.

End NatPlayground2.

Fixpoint exp (base power : nat) : nat :=
  match power with
  | O => S O
  | S p => mult base (exp base p)
  end.



Fixpoint factorial (n:nat) : nat
  := match n with
       | O => 1
       | S n' => mult n (factorial n')
     end.

Example test_factorial1:          (factorial 3) = 6.
Proof. reflexivity. Qed.
Example test_factorial2:          (factorial 5) = (mult 10 12).
Proof. reflexivity. Qed.




Notation "x + y" := (plus x y)
                       (at level 50, left associativity)
                       : nat_scope.
Notation "x - y" := (minus x y)
                       (at level 50, left associativity)
                       : nat_scope.
Notation "x * y" := (mult x y)
                       (at level 40, left associativity)
                       : nat_scope.

Check ((0 + 1) + 1) : nat.





Fixpoint eqb (n m : nat) : bool :=
  match n with
  | O => match m with
         | O => true
         | S m' => false
         end
  | S n' => match m with
            | O => false
            | S m' => eqb n' m'
            end
  end.



Fixpoint leb (n m : nat) : bool :=
  match n with
  | O => true
  | S n' =>
      match m with
      | O => false
      | S m' => leb n' m'
      end
  end.

Example test_leb1:                leb 2 2 = true.
Proof. simpl. reflexivity.  Qed.
Example test_leb2:                leb 2 4 = true.
Proof. simpl. reflexivity.  Qed.
Example test_leb3:                leb 4 2 = false.
Proof. simpl. reflexivity.  Qed.



Notation "x =? y" := (eqb x y) (at level 70) : nat_scope.
Notation "x <=? y" := (leb x y) (at level 70) : nat_scope.

Example test_leb3': (4 <=? 2) = false.
Proof. simpl. reflexivity.  Qed.





Definition ltb (n m : nat) : bool
  := match eqb n m with
     | true => false
     | false => leb n m
     end.

Notation "x <? y" := (ltb x y) (at level 70) : nat_scope.

Example test_ltb1:             (ltb 2 2) = false.
Proof. simpl. reflexivity.  Qed.
Example test_ltb2:             (ltb 2 4) = true.
Proof. simpl. reflexivity.  Qed.
Example test_ltb3:             (ltb 4 2) = false.
Proof. simpl. reflexivity.  Qed.







Theorem plus_O_n : forall n : nat, 0 + n = n.
Proof.
  intros n. simpl. reflexivity.  Qed.



Theorem plus_O_n' : forall n : nat, 0 + n = n.
Proof.
  intros n. reflexivity. Qed.



Theorem plus_O_n'' : forall n : nat, 0 + n = n.
Proof.
  intros m. reflexivity. Qed.





Theorem plus_1_l : forall n:nat, 1 + n = S n.
Proof.
  intros n. reflexivity.  Qed.

Theorem mult_0_l : forall n:nat, 0 * n = 0.
Proof.
  intros n. reflexivity.  Qed.










Theorem plus_id_example : forall n m:nat,
  n = m ->
  n + n = m + m.



Proof.
  
  intros n m.
  
  intros H.
  
  rewrite -> H.
  reflexivity.  Qed.





Theorem plus_id_exercise : forall n m o : nat,
  n = m -> m = o -> n + m = m + o.
Proof.
  intros n m o.
  intros H1.
  intros H2.
  rewrite -> H1. rewrite -> H2.
  reflexivity.  Qed.






Check mult_n_O.


Check mult_n_Sm.




Theorem mult_n_0_m_0 : forall p q : nat,
  (p * 0) + (q * 0) = 0.
Proof.
  intros p q.
  rewrite <- mult_n_O.
  rewrite <- mult_n_O.
  reflexivity. Qed.



Theorem mult_n_1 : forall p : nat,
  p * 1 = p.
Proof.
  intros.
  rewrite <- mult_n_Sm.
  rewrite <- mult_n_O.
  reflexivity. Qed.








Theorem plus_1_neq_0_firsttry : forall n : nat,
  (n + 1) =? 0 = false.
Proof.
  intros n.
  simpl.  
Abort.



Theorem plus_1_neq_0 : forall n : nat,
  (n + 1) =? 0 = false.
Proof.
  intros n. destruct n as [| n'] eqn:E.
  - reflexivity.
  - reflexivity.   Qed.



Theorem negb_involutive : forall b : bool,
  negb (negb b) = b.
Proof.
  intros b. destruct b eqn:E.
  - reflexivity.
  - reflexivity.  Qed.



Theorem andb_commutative : forall b c, andb b c = andb c b.
Proof.
  intros b c. destruct b eqn:Eb.
  - destruct c eqn:Ec.
    + reflexivity.
    + reflexivity.
  - destruct c eqn:Ec.
    + reflexivity.
    + reflexivity.
Qed.





Theorem andb_commutative' : forall b c, andb b c = andb c b.
Proof.
  intros b c. destruct b eqn:Eb.
  { destruct c eqn:Ec.
    { reflexivity. }
    { reflexivity. } }
  { destruct c eqn:Ec.
    { reflexivity. }
    { reflexivity. } }
Qed.



Theorem andb3_exchange :
  forall b c d, andb (andb b c) d = andb (andb b d) c.
Proof.
  intros b c d. destruct b eqn:Eb.
  - destruct c eqn:Ec.
    { destruct d eqn:Ed.
      - reflexivity.
      - reflexivity. }
    { destruct d eqn:Ed.
      - reflexivity.
      - reflexivity. }
  - destruct c eqn:Ec.
    { destruct d eqn:Ed.
      - reflexivity.
      - reflexivity. }
    { destruct d eqn:Ed.
      - reflexivity.
      - reflexivity. }
Qed.





Lemma bool_equality_reflexivity_3 : forall c : bool, forall H : c = true, c = true.

Proof.
(* We will prove this lemma by induction on the boolean value c.
*)
  intros c H.
(* We will have two cases: either c is true or c is false.
*)
  destruct c as [c_true | c_false].
(* If c is true, then we have H : true = true, which is trivially true.
*)
  - left.
reflexivity.
(* If c is false, then we have H : false = true, which is a contradiction.
*)
  - right.
contradiction.
Qed.

Outdated contents in ..cache: recomputing
ERROR MESSAGE IN LEMMA PROOF (FRAGMENT #710)
Error in step "left.".
Message: Not an inductive goal with 2 constructors..
Goal: true = true.


TRYING TO PROVE LEMMA
Lemma true_reflexivity_4 : forall H : true = true, true = true.


ATTEMPTED LEMMA PROOF (LEMMAS USED: 5)






















Inductive day : Type :=
  | monday
  | tuesday
  | wednesday
  | thursday
  | friday
  | saturday
  | sunday.



Definition next_weekday (d:day) : day :=
  match d with
  | monday    => tuesday
  | tuesday   => wednesday
  | wednesday => thursday
  | thursday  => friday
  | friday    => monday
  | saturday  => monday
  | sunday    => monday
  end.





Compute (next_weekday friday).


Compute (next_weekday (next_weekday saturday)).






Example test_next_weekday:
  (next_weekday (next_weekday saturday)) = tuesday.



Proof. simpl. reflexivity.  Qed.









From Coq Require Export String.






Inductive bool : Type :=
  | true
  | false.



Definition negb (b:bool) : bool :=
  match b with
  | true => false
  | false => true
  end.

Definition andb (b1:bool) (b2:bool) : bool :=
  match b1 with
  | true => b2
  | false => false
  end.

Definition orb (b1:bool) (b2:bool) : bool :=
  match b1 with
  | true => true
  | false => b2
  end.





Example test_orb1:  (orb true  false) = true.
Proof. simpl. reflexivity.  Qed.
Example test_orb2:  (orb false false) = false.
Proof. simpl. reflexivity.  Qed.
Example test_orb3:  (orb false true)  = true.
Proof. simpl. reflexivity.  Qed.
Example test_orb4:  (orb true  true)  = true.
Proof. simpl. reflexivity.  Qed.



Notation "x && y" := (andb x y).
Notation "x || y" := (orb x y).

Example test_orb5:  false || false || true = true.
Proof. simpl. reflexivity. Qed.





Definition negb' (b:bool) : bool :=
  if b then false
  else true.

Definition andb' (b1:bool) (b2:bool) : bool :=
  if b1 then b2
  else false.

Definition orb' (b1:bool) (b2:bool) : bool :=
  if b1 then true
  else b2.





Definition nandb (b1:bool) (b2:bool) : bool
  := negb (b1 && b2).

Example test_nandb1:               (nandb true false) = true.
Proof. reflexivity.  Qed.
Example test_nandb2:               (nandb false false) = true.
Proof. reflexivity.  Qed.
Example test_nandb3:               (nandb false true) = true.
Proof. reflexivity.  Qed.
Example test_nandb4:               (nandb true true) = false.
Proof. reflexivity.  Qed.




Definition andb3 (b1:bool) (b2:bool) (b3:bool) : bool
  := b1 && (b2 && b3).

Example test_andb31:                 (andb3 true true true) = true.
Proof. reflexivity.  Qed.
Example test_andb32:                 (andb3 false true true) = false.
Proof. reflexivity.  Qed.
Example test_andb33:                 (andb3 true false true) = false.
Proof. reflexivity.  Qed.
Example test_andb34:                 (andb3 true true false) = false.
Proof. reflexivity.  Qed.







Check true.




Check true
  : bool.
Check (negb true)
  : bool.



Check negb
  : bool -> bool.








Inductive rgb : Type :=
  | red
  | green
  | blue.

Inductive color : Type :=
  | black
  | white
  | primary (p : rgb).







Definition monochrome (c : color) : bool :=
  match c with
  | black => true
  | white => true
  | primary p => false
  end.



Definition isred (c : color) : bool :=
  match c with
  | black => false
  | white => false
  | primary red => true
  | primary _ => false
  end.








Module Playground.
  Definition b : rgb := blue.
End Playground.

Definition b : bool := true.

Check Playground.b : rgb.
Check b : bool.




Module TuplePlayground.



Inductive bit : Type :=
  | B0
  | B1.

Inductive nybble : Type :=
  | bits (b0 b1 b2 b3 : bit).

Check (bits B1 B0 B1 B0)
  : nybble.



Definition all_zero (nb : nybble) : bool :=
  match nb with
  | (bits B0 B0 B0 B0) => true
  | (bits _ _ _ _) => false
  end.

Compute (all_zero (bits B1 B0 B1 B0)).

Compute (all_zero (bits B0 B0 B0 B0)).


End TuplePlayground.






Module NatPlayground.



Inductive nat : Type :=
  | O
  | S (n : nat).









Inductive nat' : Type :=
  | stop
  | tick (foo : nat').





Definition pred (n : nat) : nat :=
  match n with
  | O => O
  | S n' => n'
  end.





End NatPlayground.



Check (S (S (S (S O)))).


Definition minustwo (n : nat) : nat :=
  match n with
  | O => O
  | S O => O
  | S (S n') => n'
  end.

Compute (minustwo 4).




Check S        : nat -> nat.
Check pred     : nat -> nat.
Check minustwo : nat -> nat.



Fixpoint even (n:nat) : bool :=
  match n with
  | O        => true
  | S O      => false
  | S (S n') => even n'
  end.



Definition odd (n:nat) : bool :=
  negb (even n).

Example test_odd1:    odd 1 = true.
Proof. simpl. reflexivity.  Qed.
Example test_odd2:    odd 4 = false.
Proof. simpl. reflexivity.  Qed.



Module NatPlayground2.

Fixpoint plus (n : nat) (m : nat) : nat :=
  match n with
  | O => m
  | S n' => S (plus n' m)
  end.



Compute (plus 3 2).








Fixpoint mult (n m : nat) : nat :=
  match n with
  | O => O
  | S n' => plus m (mult n' m)
  end.

Example test_mult1: (mult 3 3) = 9.
Proof. simpl. reflexivity.  Qed.



Fixpoint minus (n m:nat) : nat :=
  match n, m with
  | O   , _    => O
  | S _ , O    => n
  | S n', S m' => minus n' m'
  end.

End NatPlayground2.

Fixpoint exp (base power : nat) : nat :=
  match power with
  | O => S O
  | S p => mult base (exp base p)
  end.



Fixpoint factorial (n:nat) : nat
  := match n with
       | O => 1
       | S n' => mult n (factorial n')
     end.

Example test_factorial1:          (factorial 3) = 6.
Proof. reflexivity. Qed.
Example test_factorial2:          (factorial 5) = (mult 10 12).
Proof. reflexivity. Qed.




Notation "x + y" := (plus x y)
                       (at level 50, left associativity)
                       : nat_scope.
Notation "x - y" := (minus x y)
                       (at level 50, left associativity)
                       : nat_scope.
Notation "x * y" := (mult x y)
                       (at level 40, left associativity)
                       : nat_scope.

Check ((0 + 1) + 1) : nat.





Fixpoint eqb (n m : nat) : bool :=
  match n with
  | O => match m with
         | O => true
         | S m' => false
         end
  | S n' => match m with
            | O => false
            | S m' => eqb n' m'
            end
  end.



Fixpoint leb (n m : nat) : bool :=
  match n with
  | O => true
  | S n' =>
      match m with
      | O => false
      | S m' => leb n' m'
      end
  end.

Example test_leb1:                leb 2 2 = true.
Proof. simpl. reflexivity.  Qed.
Example test_leb2:                leb 2 4 = true.
Proof. simpl. reflexivity.  Qed.
Example test_leb3:                leb 4 2 = false.
Proof. simpl. reflexivity.  Qed.



Notation "x =? y" := (eqb x y) (at level 70) : nat_scope.
Notation "x <=? y" := (leb x y) (at level 70) : nat_scope.

Example test_leb3': (4 <=? 2) = false.
Proof. simpl. reflexivity.  Qed.





Definition ltb (n m : nat) : bool
  := match eqb n m with
     | true => false
     | false => leb n m
     end.

Notation "x <? y" := (ltb x y) (at level 70) : nat_scope.

Example test_ltb1:             (ltb 2 2) = false.
Proof. simpl. reflexivity.  Qed.
Example test_ltb2:             (ltb 2 4) = true.
Proof. simpl. reflexivity.  Qed.
Example test_ltb3:             (ltb 4 2) = false.
Proof. simpl. reflexivity.  Qed.







Theorem plus_O_n : forall n : nat, 0 + n = n.
Proof.
  intros n. simpl. reflexivity.  Qed.



Theorem plus_O_n' : forall n : nat, 0 + n = n.
Proof.
  intros n. reflexivity. Qed.



Theorem plus_O_n'' : forall n : nat, 0 + n = n.
Proof.
  intros m. reflexivity. Qed.





Theorem plus_1_l : forall n:nat, 1 + n = S n.
Proof.
  intros n. reflexivity.  Qed.

Theorem mult_0_l : forall n:nat, 0 * n = 0.
Proof.
  intros n. reflexivity.  Qed.










Theorem plus_id_example : forall n m:nat,
  n = m ->
  n + n = m + m.



Proof.
  
  intros n m.
  
  intros H.
  
  rewrite -> H.
  reflexivity.  Qed.





Theorem plus_id_exercise : forall n m o : nat,
  n = m -> m = o -> n + m = m + o.
Proof.
  intros n m o.
  intros H1.
  intros H2.
  rewrite -> H1. rewrite -> H2.
  reflexivity.  Qed.






Check mult_n_O.


Check mult_n_Sm.




Theorem mult_n_0_m_0 : forall p q : nat,
  (p * 0) + (q * 0) = 0.
Proof.
  intros p q.
  rewrite <- mult_n_O.
  rewrite <- mult_n_O.
  reflexivity. Qed.



Theorem mult_n_1 : forall p : nat,
  p * 1 = p.
Proof.
  intros.
  rewrite <- mult_n_Sm.
  rewrite <- mult_n_O.
  reflexivity. Qed.








Theorem plus_1_neq_0_firsttry : forall n : nat,
  (n + 1) =? 0 = false.
Proof.
  intros n.
  simpl.  
Abort.



Theorem plus_1_neq_0 : forall n : nat,
  (n + 1) =? 0 = false.
Proof.
  intros n. destruct n as [| n'] eqn:E.
  - reflexivity.
  - reflexivity.   Qed.



Theorem negb_involutive : forall b : bool,
  negb (negb b) = b.
Proof.
  intros b. destruct b eqn:E.
  - reflexivity.
  - reflexivity.  Qed.



Theorem andb_commutative : forall b c, andb b c = andb c b.
Proof.
  intros b c. destruct b eqn:Eb.
  - destruct c eqn:Ec.
    + reflexivity.
    + reflexivity.
  - destruct c eqn:Ec.
    + reflexivity.
    + reflexivity.
Qed.





Theorem andb_commutative' : forall b c, andb b c = andb c b.
Proof.
  intros b c. destruct b eqn:Eb.
  { destruct c eqn:Ec.
    { reflexivity. }
    { reflexivity. } }
  { destruct c eqn:Ec.
    { reflexivity. }
    { reflexivity. } }
Qed.



Theorem andb3_exchange :
  forall b c d, andb (andb b c) d = andb (andb b d) c.
Proof.
  intros b c d. destruct b eqn:Eb.
  - destruct c eqn:Ec.
    { destruct d eqn:Ed.
      - reflexivity.
      - reflexivity. }
    { destruct d eqn:Ed.
      - reflexivity.
      - reflexivity. }
  - destruct c eqn:Ec.
    { destruct d eqn:Ed.
      - reflexivity.
      - reflexivity. }
    { destruct d eqn:Ed.
      - reflexivity.
      - reflexivity. }
Qed.





Lemma true_reflexivity_4 : forall H : true = true, true = true.

Proof.
(* The goal is to prove that the statement "true = true" is always true.
In Coq, this is a trivially true statement because "true" is a constant
     and it is always equal to itself.
Therefore, we can introduce the
     hypothesis H and then apply the "reflexivity" tactic to conclude
     that the goal is true.
*)
  intros H.
reflexivity.
Qed.

Outdated contents in ..cache: recomputing
LEMMA PROOF IS VALID

ATTEMPTED LEMMA PROOF (LEMMAS USED: 5)






















Inductive day : Type :=
  | monday
  | tuesday
  | wednesday
  | thursday
  | friday
  | saturday
  | sunday.



Definition next_weekday (d:day) : day :=
  match d with
  | monday    => tuesday
  | tuesday   => wednesday
  | wednesday => thursday
  | thursday  => friday
  | friday    => monday
  | saturday  => monday
  | sunday    => monday
  end.





Compute (next_weekday friday).


Compute (next_weekday (next_weekday saturday)).






Example test_next_weekday:
  (next_weekday (next_weekday saturday)) = tuesday.



Proof. simpl. reflexivity.  Qed.









From Coq Require Export String.






Inductive bool : Type :=
  | true
  | false.



Definition negb (b:bool) : bool :=
  match b with
  | true => false
  | false => true
  end.

Definition andb (b1:bool) (b2:bool) : bool :=
  match b1 with
  | true => b2
  | false => false
  end.

Definition orb (b1:bool) (b2:bool) : bool :=
  match b1 with
  | true => true
  | false => b2
  end.





Example test_orb1:  (orb true  false) = true.
Proof. simpl. reflexivity.  Qed.
Example test_orb2:  (orb false false) = false.
Proof. simpl. reflexivity.  Qed.
Example test_orb3:  (orb false true)  = true.
Proof. simpl. reflexivity.  Qed.
Example test_orb4:  (orb true  true)  = true.
Proof. simpl. reflexivity.  Qed.



Notation "x && y" := (andb x y).
Notation "x || y" := (orb x y).

Example test_orb5:  false || false || true = true.
Proof. simpl. reflexivity. Qed.





Definition negb' (b:bool) : bool :=
  if b then false
  else true.

Definition andb' (b1:bool) (b2:bool) : bool :=
  if b1 then b2
  else false.

Definition orb' (b1:bool) (b2:bool) : bool :=
  if b1 then true
  else b2.





Definition nandb (b1:bool) (b2:bool) : bool
  := negb (b1 && b2).

Example test_nandb1:               (nandb true false) = true.
Proof. reflexivity.  Qed.
Example test_nandb2:               (nandb false false) = true.
Proof. reflexivity.  Qed.
Example test_nandb3:               (nandb false true) = true.
Proof. reflexivity.  Qed.
Example test_nandb4:               (nandb true true) = false.
Proof. reflexivity.  Qed.




Definition andb3 (b1:bool) (b2:bool) (b3:bool) : bool
  := b1 && (b2 && b3).

Example test_andb31:                 (andb3 true true true) = true.
Proof. reflexivity.  Qed.
Example test_andb32:                 (andb3 false true true) = false.
Proof. reflexivity.  Qed.
Example test_andb33:                 (andb3 true false true) = false.
Proof. reflexivity.  Qed.
Example test_andb34:                 (andb3 true true false) = false.
Proof. reflexivity.  Qed.







Check true.




Check true
  : bool.
Check (negb true)
  : bool.



Check negb
  : bool -> bool.








Inductive rgb : Type :=
  | red
  | green
  | blue.

Inductive color : Type :=
  | black
  | white
  | primary (p : rgb).







Definition monochrome (c : color) : bool :=
  match c with
  | black => true
  | white => true
  | primary p => false
  end.



Definition isred (c : color) : bool :=
  match c with
  | black => false
  | white => false
  | primary red => true
  | primary _ => false
  end.








Module Playground.
  Definition b : rgb := blue.
End Playground.

Definition b : bool := true.

Check Playground.b : rgb.
Check b : bool.




Module TuplePlayground.



Inductive bit : Type :=
  | B0
  | B1.

Inductive nybble : Type :=
  | bits (b0 b1 b2 b3 : bit).

Check (bits B1 B0 B1 B0)
  : nybble.



Definition all_zero (nb : nybble) : bool :=
  match nb with
  | (bits B0 B0 B0 B0) => true
  | (bits _ _ _ _) => false
  end.

Compute (all_zero (bits B1 B0 B1 B0)).

Compute (all_zero (bits B0 B0 B0 B0)).


End TuplePlayground.






Module NatPlayground.



Inductive nat : Type :=
  | O
  | S (n : nat).









Inductive nat' : Type :=
  | stop
  | tick (foo : nat').





Definition pred (n : nat) : nat :=
  match n with
  | O => O
  | S n' => n'
  end.





End NatPlayground.



Check (S (S (S (S O)))).


Definition minustwo (n : nat) : nat :=
  match n with
  | O => O
  | S O => O
  | S (S n') => n'
  end.

Compute (minustwo 4).




Check S        : nat -> nat.
Check pred     : nat -> nat.
Check minustwo : nat -> nat.



Fixpoint even (n:nat) : bool :=
  match n with
  | O        => true
  | S O      => false
  | S (S n') => even n'
  end.



Definition odd (n:nat) : bool :=
  negb (even n).

Example test_odd1:    odd 1 = true.
Proof. simpl. reflexivity.  Qed.
Example test_odd2:    odd 4 = false.
Proof. simpl. reflexivity.  Qed.



Module NatPlayground2.

Fixpoint plus (n : nat) (m : nat) : nat :=
  match n with
  | O => m
  | S n' => S (plus n' m)
  end.



Compute (plus 3 2).








Fixpoint mult (n m : nat) : nat :=
  match n with
  | O => O
  | S n' => plus m (mult n' m)
  end.

Example test_mult1: (mult 3 3) = 9.
Proof. simpl. reflexivity.  Qed.



Fixpoint minus (n m:nat) : nat :=
  match n, m with
  | O   , _    => O
  | S _ , O    => n
  | S n', S m' => minus n' m'
  end.

End NatPlayground2.

Fixpoint exp (base power : nat) : nat :=
  match power with
  | O => S O
  | S p => mult base (exp base p)
  end.



Fixpoint factorial (n:nat) : nat
  := match n with
       | O => 1
       | S n' => mult n (factorial n')
     end.

Example test_factorial1:          (factorial 3) = 6.
Proof. reflexivity. Qed.
Example test_factorial2:          (factorial 5) = (mult 10 12).
Proof. reflexivity. Qed.




Notation "x + y" := (plus x y)
                       (at level 50, left associativity)
                       : nat_scope.
Notation "x - y" := (minus x y)
                       (at level 50, left associativity)
                       : nat_scope.
Notation "x * y" := (mult x y)
                       (at level 40, left associativity)
                       : nat_scope.

Check ((0 + 1) + 1) : nat.





Fixpoint eqb (n m : nat) : bool :=
  match n with
  | O => match m with
         | O => true
         | S m' => false
         end
  | S n' => match m with
            | O => false
            | S m' => eqb n' m'
            end
  end.



Fixpoint leb (n m : nat) : bool :=
  match n with
  | O => true
  | S n' =>
      match m with
      | O => false
      | S m' => leb n' m'
      end
  end.

Example test_leb1:                leb 2 2 = true.
Proof. simpl. reflexivity.  Qed.
Example test_leb2:                leb 2 4 = true.
Proof. simpl. reflexivity.  Qed.
Example test_leb3:                leb 4 2 = false.
Proof. simpl. reflexivity.  Qed.



Notation "x =? y" := (eqb x y) (at level 70) : nat_scope.
Notation "x <=? y" := (leb x y) (at level 70) : nat_scope.

Example test_leb3': (4 <=? 2) = false.
Proof. simpl. reflexivity.  Qed.





Definition ltb (n m : nat) : bool
  := match eqb n m with
     | true => false
     | false => leb n m
     end.

Notation "x <? y" := (ltb x y) (at level 70) : nat_scope.

Example test_ltb1:             (ltb 2 2) = false.
Proof. simpl. reflexivity.  Qed.
Example test_ltb2:             (ltb 2 4) = true.
Proof. simpl. reflexivity.  Qed.
Example test_ltb3:             (ltb 4 2) = false.
Proof. simpl. reflexivity.  Qed.







Theorem plus_O_n : forall n : nat, 0 + n = n.
Proof.
  intros n. simpl. reflexivity.  Qed.



Theorem plus_O_n' : forall n : nat, 0 + n = n.
Proof.
  intros n. reflexivity. Qed.



Theorem plus_O_n'' : forall n : nat, 0 + n = n.
Proof.
  intros m. reflexivity. Qed.





Theorem plus_1_l : forall n:nat, 1 + n = S n.
Proof.
  intros n. reflexivity.  Qed.

Theorem mult_0_l : forall n:nat, 0 * n = 0.
Proof.
  intros n. reflexivity.  Qed.










Theorem plus_id_example : forall n m:nat,
  n = m ->
  n + n = m + m.



Proof.
  
  intros n m.
  
  intros H.
  
  rewrite -> H.
  reflexivity.  Qed.





Theorem plus_id_exercise : forall n m o : nat,
  n = m -> m = o -> n + m = m + o.
Proof.
  intros n m o.
  intros H1.
  intros H2.
  rewrite -> H1. rewrite -> H2.
  reflexivity.  Qed.






Check mult_n_O.


Check mult_n_Sm.




Theorem mult_n_0_m_0 : forall p q : nat,
  (p * 0) + (q * 0) = 0.
Proof.
  intros p q.
  rewrite <- mult_n_O.
  rewrite <- mult_n_O.
  reflexivity. Qed.



Theorem mult_n_1 : forall p : nat,
  p * 1 = p.
Proof.
  intros.
  rewrite <- mult_n_Sm.
  rewrite <- mult_n_O.
  reflexivity. Qed.








Theorem plus_1_neq_0_firsttry : forall n : nat,
  (n + 1) =? 0 = false.
Proof.
  intros n.
  simpl.  
Abort.



Theorem plus_1_neq_0 : forall n : nat,
  (n + 1) =? 0 = false.
Proof.
  intros n. destruct n as [| n'] eqn:E.
  - reflexivity.
  - reflexivity.   Qed.



Theorem negb_involutive : forall b : bool,
  negb (negb b) = b.
Proof.
  intros b. destruct b eqn:E.
  - reflexivity.
  - reflexivity.  Qed.



Theorem andb_commutative : forall b c, andb b c = andb c b.
Proof.
  intros b c. destruct b eqn:Eb.
  - destruct c eqn:Ec.
    + reflexivity.
    + reflexivity.
  - destruct c eqn:Ec.
    + reflexivity.
    + reflexivity.
Qed.





Theorem andb_commutative' : forall b c, andb b c = andb c b.
Proof.
  intros b c. destruct b eqn:Eb.
  { destruct c eqn:Ec.
    { reflexivity. }
    { reflexivity. } }
  { destruct c eqn:Ec.
    { reflexivity. }
    { reflexivity. } }
Qed.



Theorem andb3_exchange :
  forall b c d, andb (andb b c) d = andb (andb b d) c.
Proof.
  intros b c d. destruct b eqn:Eb.
  - destruct c eqn:Ec.
    { destruct d eqn:Ed.
      - reflexivity.
      - reflexivity. }
    { destruct d eqn:Ed.
      - reflexivity.
      - reflexivity. }
  - destruct c eqn:Ec.
    { destruct d eqn:Ed.
      - reflexivity.
      - reflexivity. }
    { destruct d eqn:Ed.
      - reflexivity.
      - reflexivity. }
Qed.





Lemma true_reflexivity_4 : forall H : true = true, true = true.

Proof.
(* The goal is to prove that the statement "true = true" is always true.
In Coq, this is a trivially true statement because "true" is a constant
     and it is always equal to itself.
Therefore, we can introduce the
     hypothesis H and then apply the "reflexivity" tactic to conclude
     that the goal is true.
*)
  intros H.
reflexivity.
Qed.

Lemma bool_equality_reflexivity_3 : forall c : bool, forall H : c = true, c = true.

Proof.
(* We will prove this lemma by induction on the boolean value c.
*)
  intros c H.
(* We will have two cases: either c is true or c is false.
*)
  destruct c as [c_true | c_false].
(* If c is true, then we have H : true = true, which is trivially true.
*)
  - apply (@true_reflexivity_4 H).
- right.
contradiction.
Qed.

Outdated contents in ..cache: recomputing
ERROR MESSAGE IN LEMMA PROOF (FRAGMENT #724)
Error in step "right.".
Message: Not an inductive goal with 2 constructors..
Goal: false = true.


TRYING TO PROVE LEMMA
Lemma false_equality_is_reflexive_5 : forall H : false = true, false = true.


Error proving andb_true_elim2
MAX LEMMA DEPTH REACHED. GIVING UP.