PROVING surjective_pairing'
ATTEMPTED THEOREM PROOF (LEMMAS USED: 0)


From LF Require Export Induction.
Module NatList.






Inductive natprod : Type :=
  | pair (n1 n2 : nat).



Check (pair 3 5) : natprod.



Definition fst (p : natprod) : nat :=
  match p with
  | pair x y => x
  end.

Definition snd (p : natprod) : nat :=
  match p with
  | pair x y => y
  end.

Compute (fst (pair 3 5)).




Notation "( x , y )" := (pair x y).



Compute (fst (3,5)).

Definition fst' (p : natprod) : nat :=
  match p with
  | (x,y) => x
  end.

Definition snd' (p : natprod) : nat :=
  match p with
  | (x,y) => y
  end.

Definition swap_pair (p : natprod) : natprod :=
  match p with
  | (x,y) => (y,x)
  end.







Theorem surjective_pairing' : forall (n m : nat),
  (n,m) = (fst (n,m), snd (n,m)).

Proof.
intros n m.
unfold fst, snd.
reflexivity.
Qed.

Outdated contents in ..cache: recomputing
THEOREM PROOF IS VALID

