PROVING eq_example1
ATTEMPTED THEOREM PROOF (LEMMAS USED: 0)




Set Warnings "-notation-overridden,-parsing,-deprecated-hint-without-locality".
From Coq Require Import Arith List.
From LF Require Import IndProp.



Fixpoint re_opt_e {T:Type} (re: reg_exp T) : reg_exp T :=
  match re with
  | App EmptyStr re2 => re_opt_e re2
  | App re1 re2 => App (re_opt_e re1) (re_opt_e re2)
  | Union re1 re2 => Union (re_opt_e re1) (re_opt_e re2)
  | Star re => Star (re_opt_e re)
  | _ => re
  end.



Lemma re_opt_e_match : forall T (re: reg_exp T) s,
  s =~ re -> s =~ re_opt_e re.
Proof.
  intros T re s M.
  induction M
    as [| x'
        | s1 re1 s2 re2 Hmatch1 IH1 Hmatch2 IH2
        | s1 re1 re2 Hmatch IH | re1 s2 re2 Hmatch IH
        | re | s1 s2 re Hmatch1 IH1 Hmatch2 IH2].
  -  simpl. apply MEmpty.
  -  simpl. apply MChar.
  -  simpl.
    destruct re1.
    + apply MApp.
      * apply IH1.
      * apply IH2.
    + inversion Hmatch1. simpl. apply IH2.
    + apply MApp.
      * apply IH1.
      * apply IH2.
    + apply MApp.
      * apply IH1.
      * apply IH2.
    + apply MApp.
      * apply IH1.
      * apply IH2.
    + apply MApp.
      * apply IH1.
      * apply IH2.
  -  simpl. apply MUnionL. apply IH.
  -  simpl. apply MUnionR. apply IH.
  -  simpl. apply MStar0.
  -  simpl. apply MStarApp.
    * apply IH1.
    * apply IH2.
Qed.













Theorem silly1 : forall n, 1 + n = S n.
Proof. try reflexivity.  Qed.

Theorem silly2 : forall (P : Prop), P -> P.
Proof.
  intros P HP.
  Fail reflexivity.
  try reflexivity. 
  apply HP.
Qed.










Lemma simple_semi : forall n, (n + 1 =? 0) = false.
Proof.
  intros n.
  destruct n eqn:E.
    
    -  simpl. reflexivity.
    -  simpl. reflexivity.
Qed.



Lemma simple_semi' : forall n, (n + 1 =? 0) = false.
Proof.
  intros n.
  
  destruct n;
  
  simpl;
  
  reflexivity.
Qed.



Lemma simple_semi'' : forall n, (n + 1 =? 0) = false.
Proof.
  destruct n; reflexivity.
Qed.





Theorem andb_eq_orb :
  forall (b c : bool),
  (andb b c = orb b c) ->
  b = c.
Proof. destruct b; destruct c; try reflexivity; try discriminate. Qed.

Theorem add_assoc : forall n m p : nat,
    n + (m + p) = (n + m) + p.
Proof. intros n m p; induction n as [| n' IHn']; try (simpl; rewrite IHn'); reflexivity. Qed.

Fixpoint nonzeros (lst : list nat) :=
  match lst with
  | [] => []
  | 0 :: t => nonzeros t
  | h :: t => h :: nonzeros t
  end.

Lemma nonzeros_app : forall lst1 lst2 : list nat,
  nonzeros (lst1 ++ lst2) = (nonzeros lst1) ++ (nonzeros lst2).
Proof. intros lst1 lst2; induction lst1 as [|h t IH]; try (destruct h; simpl; rewrite <- IH); reflexivity. Qed.





Lemma re_opt_e_match' : forall T (re: reg_exp T) s,
  s =~ re -> s =~ re_opt_e re.
Proof.
  intros T re s M.
  induction M
    as [| x'
        | s1 re1 s2 re2 Hmatch1 IH1 Hmatch2 IH2
        | s1 re1 re2 Hmatch IH | re1 s2 re2 Hmatch IH
        | re | s1 s2 re Hmatch1 IH1 Hmatch2 IH2];
    
    simpl.
  -  apply MEmpty.
  -  apply MChar.
  - 
    destruct re1;
    
    try (apply MApp; try apply IH1; apply IH2).
    
    inversion Hmatch1. simpl. apply IH2.
  -  apply MUnionL. apply IH.
  -  apply MUnionR. apply IH.
  -  apply MStar0.
  -   apply MStarApp. apply IH1.  apply IH2.
Qed.






Theorem app_length : forall (X : Type) (lst1 lst2 : list X),
    length (lst1 ++ lst2) = (length lst1) + (length lst2).
Proof.
  intros; induction lst1;
    [reflexivity | simpl; rewrite IHlst1; reflexivity].
Qed.



Theorem app_length' : forall (X : Type) (lst1 lst2 : list X),
    length (lst1 ++ lst2) = (length lst1) + (length lst2).
Proof.
  intros; induction lst1;
    [idtac | simpl; rewrite IHlst1];
    reflexivity.
Qed.





Theorem add_assoc' : forall n m p : nat,
    n + (m + p) = (n + m) + p.
Proof. intros n m p; induction n as [| n' IHn']; [| simpl; rewrite IHn']; reflexivity. Qed.





Lemma re_opt_e_match'' : forall T (re: reg_exp T) s,
  s =~ re -> s =~ re_opt_e re.
Proof.
  intros T re s M.
  induction M
    as [| x'
        | s1 re1 s2 re2 Hmatch1 IH1 Hmatch2 IH2
        | s1 re1 re2 Hmatch IH | re1 s2 re2 Hmatch IH
        | re | s1 s2 re Hmatch1 IH1 Hmatch2 IH2];
    
    simpl.
  -  apply MEmpty.
  -  apply MChar.
  - 
    destruct re1;
    try (apply MApp; [apply IH1 | apply IH2]).  
    inversion Hmatch1. simpl. apply IH2.
  -  apply MUnionL. apply IH.
  -  apply MUnionR. apply IH.
  -  apply MStar0.
  -   apply MStarApp; [apply IH1 | apply IH2].  
Qed.






Theorem In10 : In 10 [1;2;3;4;5;6;7;8;9;10].
Proof.
  repeat (try (left; reflexivity); right).
Qed.



Theorem In10' : In 10 [1;2;3;4;5;6;7;8;9;10].
Proof.
  repeat (left; reflexivity).
  repeat (right; try (left; reflexivity)).
Qed.





Theorem ev100: ev 100.
Proof. repeat (apply ev_SS). apply ev_0. Qed.









Fixpoint re_opt {T:Type} (re: reg_exp T) : reg_exp T :=
  match re with
  | App _ EmptySet => EmptySet
  | App EmptyStr re2 => re_opt re2
  | App re1 EmptyStr => re_opt re1
  | App re1 re2 => App (re_opt re1) (re_opt re2)
  | Union EmptySet re2 => re_opt re2
  | Union re1 EmptySet => re_opt re1
  | Union re1 re2 => Union (re_opt re1) (re_opt re2)
  | Star EmptySet => EmptyStr
  | Star EmptyStr => EmptyStr
  | Star re => Star (re_opt re)
  | EmptySet => EmptySet
  | EmptyStr => EmptyStr
  | Char x => Char x
  end.



Lemma re_opt_match : forall T (re: reg_exp T) s,
  s =~ re -> s =~ re_opt re.
Proof.
  intros T re s M.
  induction M
    as [| x'
        | s1 re1 s2 re2 Hmatch1 IH1 Hmatch2 IH2
        | s1 re1 re2 Hmatch IH | re1 s2 re2 Hmatch IH
        | re | s1 s2 re Hmatch1 IH1 Hmatch2 IH2].
  -  simpl. apply MEmpty.
  -  simpl. apply MChar.
  -  simpl.
    destruct re1.
    + inversion IH1.
    + inversion IH1. simpl. destruct re2.
      * apply IH2.
      * apply IH2.
      * apply IH2.
      * apply IH2.
      * apply IH2.
      * apply IH2.
    + destruct re2.
      * inversion IH2.
      * inversion IH2. rewrite app_nil_r. apply IH1.
      * apply MApp.
        -- apply IH1.
        -- apply IH2.
      * apply MApp.
        -- apply IH1.
        -- apply IH2.
      * apply MApp.
        -- apply IH1.
        -- apply IH2.
      * apply MApp.
        -- apply IH1.
        -- apply IH2.
    + destruct re2.
      * inversion IH2.
      * inversion IH2. rewrite app_nil_r.  apply IH1.
      * apply MApp.
        -- apply IH1.
        -- apply IH2.
      * apply MApp.
        -- apply IH1.
        -- apply IH2.
      * apply MApp.
        -- apply IH1.
        -- apply IH2.
      * apply MApp.
        -- apply IH1.
        -- apply IH2.
    + destruct re2.
      * inversion IH2.
      * inversion IH2. rewrite app_nil_r. apply IH1.
      * apply MApp.
        -- apply IH1.
        -- apply IH2.
      * apply MApp.
        -- apply IH1.
        -- apply IH2.
      * apply MApp.
        -- apply IH1.
        -- apply IH2.
      * apply MApp.
        -- apply IH1.
        -- apply IH2.
    + destruct re2.
      * inversion IH2.
      * inversion IH2. rewrite app_nil_r. apply IH1.
      * apply MApp.
        -- apply IH1.
        -- apply IH2.
      * apply MApp.
        -- apply IH1.
        -- apply IH2.
      * apply MApp.
        -- apply IH1.
        -- apply IH2.
      * apply MApp.
        -- apply IH1.
        -- apply IH2.
  -  simpl.
    destruct re1.
    + inversion IH.
    + destruct re2.
      * apply IH.
      * apply MUnionL. apply IH.
      * apply MUnionL. apply IH.
      * apply MUnionL. apply IH.
      * apply MUnionL. apply IH.
      * apply MUnionL. apply IH.
    + destruct re2.
      * apply IH.
      * apply MUnionL. apply IH.
      * apply MUnionL. apply IH.
      * apply MUnionL. apply IH.
      * apply MUnionL. apply IH.
      * apply MUnionL. apply IH.
    + destruct re2.
      * apply IH.
      * apply MUnionL. apply IH.
      * apply MUnionL. apply IH.
      * apply MUnionL. apply IH.
      * apply MUnionL. apply IH.
      * apply MUnionL. apply IH.
    + destruct re2.
      * apply IH.
      * apply MUnionL. apply IH.
      * apply MUnionL. apply IH.
      * apply MUnionL. apply IH.
      * apply MUnionL. apply IH.
      * apply MUnionL. apply IH.
    + destruct re2.
      * apply IH.
      * apply MUnionL. apply IH.
      * apply MUnionL. apply IH.
      * apply MUnionL. apply IH.
      * apply MUnionL. apply IH.
      * apply MUnionL. apply IH.
  -  simpl.
    destruct re1.
    + apply IH.
    + destruct re2.
      * inversion IH.
      * apply MUnionR. apply IH.
      * apply MUnionR. apply IH.
      * apply MUnionR. apply IH.
      * apply MUnionR. apply IH.
      * apply MUnionR. apply IH.
    + destruct re2.
      * inversion IH.
      * apply MUnionR. apply IH.
      * apply MUnionR. apply IH.
      * apply MUnionR. apply IH.
      * apply MUnionR. apply IH.
      * apply MUnionR. apply IH.
    + destruct re2.
      * inversion IH.
      * apply MUnionR. apply IH.
      * apply MUnionR. apply IH.
      * apply MUnionR. apply IH.
      * apply MUnionR. apply IH.
      * apply MUnionR. apply IH.
    + destruct re2.
      * inversion IH.
      * apply MUnionR. apply IH.
      * apply MUnionR. apply IH.
      * apply MUnionR. apply IH.
      * apply MUnionR. apply IH.
      * apply MUnionR. apply IH.
    + destruct re2.
      * inversion IH.
      * apply MUnionR. apply IH.
      * apply MUnionR. apply IH.
      * apply MUnionR. apply IH.
      * apply MUnionR. apply IH.
      * apply MUnionR. apply IH.
 -  simpl.
    destruct re.
    + apply MEmpty.
    + apply MEmpty.
    + apply MStar0.
    + apply MStar0.
    + apply MStar0.
    + simpl.
      destruct re.
      * apply MStar0.
      * apply MStar0.
      * apply MStar0.
      * apply MStar0.
      * apply MStar0.
      * apply MStar0.
 -  simpl.
   destruct re.
   + inversion IH1.
   + inversion IH1. inversion IH2. apply MEmpty.
   + apply star_app.
     * apply MStar1. apply IH1.
     * apply IH2.
   + apply star_app.
     * apply MStar1.  apply IH1.
     * apply IH2.
   + apply star_app.
     * apply MStar1.  apply IH1.
     * apply IH2.
   + apply star_app.
     * apply MStar1.  apply IH1.
     * apply IH2.
Qed.



Lemma re_opt_match' : forall T (re: reg_exp T) s,
  s =~ re -> s =~ re_opt re.
Proof.
  intros T re s M.
  induction M
    as [| x'
        | s1 re1 s2 re2 Hmatch1 IH1 Hmatch2 IH2
        | s1 re1 re2 Hmatch IH | re1 s2 re2 Hmatch IH
        | re | s1 s2 re Hmatch1 IH1 Hmatch2 IH2].
  -  simpl; apply MEmpty.
  -  simpl; apply MChar.
  - 
    simpl;
      destruct re1;
      [inversion IH1 | inversion IH1; simpl; destruct re2; apply IH2 | | | |];
      (destruct re2;
       [inversion IH2 | inversion IH2; rewrite app_nil_r; apply IH1 | | | | ];
       (apply MApp; [apply IH1 | apply IH2])).
  - 
    simpl;
      destruct re1;
      [inversion IH | | | | |];
      destruct re2; try apply MUnionL; apply IH.
  - 
    simpl;
      destruct re1;
      [apply IH | | | | |];
      (destruct re2; [inversion IH | | | | |]; apply MUnionR; apply IH).
 - 
   simpl;
     destruct re; try apply MEmpty; try apply MStar0.
 - 
   simpl;
    destruct re;
    [inversion IH1 | inversion IH1; inversion IH2; apply MEmpty | | | |];
    (apply star_app; [apply MStar1; apply IH1 | apply IH2]).
Qed.

Definition manual_grade_for_re_opt : option (nat*string) := None.







Theorem hyp_name : forall (P : Prop), P -> P.
Proof.
  intros P HP. apply HP.
Qed.








Theorem no_hyp_name : forall (P : Prop), P -> P.
Proof.
  intros. assumption.
Qed.








Theorem false_assumed : False -> 0 = 1.
Proof.
  intros H. destruct H.
Qed.

Theorem false_assumed' : False -> 0 = 1.
Proof.
  intros. contradiction.
Qed.

Theorem contras : forall (P : Prop), P -> ~P -> 0 = 1.
Proof.
  intros P HP HNP. exfalso. apply HNP. apply HP.
Qed.

Theorem contras' : forall (P : Prop), P -> ~P -> 0 = 1.
Proof.
  intros. contradiction.
Qed.






Theorem many_eq : forall (n m o p : nat),
  n = m ->
  o = p ->
  [n; o] = [m; p].
Proof.
  intros n m o p Hnm Hop. rewrite Hnm. rewrite Hop. reflexivity.
Qed.

Theorem many_eq' : forall (n m o p : nat),
  n = m ->
  o = p ->
  [n; o] = [m; p].
Proof.
  intros. subst. reflexivity.
Qed.








Check ev_0 : ev 0.
Check ev_SS : forall n : nat, ev n -> ev (S (S n)).

Example constructor_example: forall (n:nat),
    ev (n + n).
Proof.
  induction n; simpl.
  - constructor. 
  - rewrite add_comm. simpl. constructor. 
    assumption.
Qed.













From Coq Require Import Lia.

Theorem lia_succeed1 : forall (n : nat),
  n > 0 -> n * 2 > n.
Proof. lia. Qed.

Theorem lia_succeed2 : forall (n m : nat),
    n * m = m * n.
Proof.
  lia. 
Qed.

Theorem lia_fail1 : 0 = 1.
Proof.
  Fail lia. 
Abort.

Theorem lia_fail2 : forall (n : nat),
    n >= 1 -> 2 ^ n = 2 * 2 ^ (n - 1).
Proof.
  Fail lia. 
Abort.



Require Import Ring.

Theorem mult_comm : forall (n m : nat),
    n * m = m * n.
Proof.
  intros n m. ring.
Qed.








Theorem eq_example1 : forall (A B C : Type) (f : A -> B) (g : B -> C) (x : A) (y : B),
    y = f x -> g y = g (f x).

Proof.
(* The theorem is a simple functional equality.
We will proceed by induction on the equality y = f x.
*)
  intros A B C f g x y H.
(* We first consider the base case where y = f x.
In this case, the theorem is trivially true.
*)
  subst H.
reflexivity.
(* Now we consider the inductive case where y <> f x.
In this case, we can rewrite the goal using the definition of g.
*)
  rewrite H.
(* Since g y = g (f x) by the inductive hypothesis, the theorem is true in this case as well.
*)
  reflexivity.
Qed.

Outdated contents in ..cache: recomputing
ERROR MESSAGE IN THEOREM PROOF (FRAGMENT #1446)
Error in step "subst H.".
Message: Cannot find any non-recursive equality over H..
Goal: g y = g (f x).


TRYING TO PROVE LEMMA
Lemma composition_of_functions_is_commutative_0 : forall A : Type, forall B : Type, forall C : Type, forall f : A -> B, forall g : B -> C, forall x : A, forall y : B, forall H : y = f x, g y = g (f x).


ATTEMPTED LEMMA PROOF (LEMMAS USED: 1)




Set Warnings "-notation-overridden,-parsing,-deprecated-hint-without-locality".
From Coq Require Import Arith List.
From LF Require Import IndProp.



Fixpoint re_opt_e {T:Type} (re: reg_exp T) : reg_exp T :=
  match re with
  | App EmptyStr re2 => re_opt_e re2
  | App re1 re2 => App (re_opt_e re1) (re_opt_e re2)
  | Union re1 re2 => Union (re_opt_e re1) (re_opt_e re2)
  | Star re => Star (re_opt_e re)
  | _ => re
  end.



Lemma re_opt_e_match : forall T (re: reg_exp T) s,
  s =~ re -> s =~ re_opt_e re.
Proof.
  intros T re s M.
  induction M
    as [| x'
        | s1 re1 s2 re2 Hmatch1 IH1 Hmatch2 IH2
        | s1 re1 re2 Hmatch IH | re1 s2 re2 Hmatch IH
        | re | s1 s2 re Hmatch1 IH1 Hmatch2 IH2].
  -  simpl. apply MEmpty.
  -  simpl. apply MChar.
  -  simpl.
    destruct re1.
    + apply MApp.
      * apply IH1.
      * apply IH2.
    + inversion Hmatch1. simpl. apply IH2.
    + apply MApp.
      * apply IH1.
      * apply IH2.
    + apply MApp.
      * apply IH1.
      * apply IH2.
    + apply MApp.
      * apply IH1.
      * apply IH2.
    + apply MApp.
      * apply IH1.
      * apply IH2.
  -  simpl. apply MUnionL. apply IH.
  -  simpl. apply MUnionR. apply IH.
  -  simpl. apply MStar0.
  -  simpl. apply MStarApp.
    * apply IH1.
    * apply IH2.
Qed.













Theorem silly1 : forall n, 1 + n = S n.
Proof. try reflexivity.  Qed.

Theorem silly2 : forall (P : Prop), P -> P.
Proof.
  intros P HP.
  Fail reflexivity.
  try reflexivity. 
  apply HP.
Qed.










Lemma simple_semi : forall n, (n + 1 =? 0) = false.
Proof.
  intros n.
  destruct n eqn:E.
    
    -  simpl. reflexivity.
    -  simpl. reflexivity.
Qed.



Lemma simple_semi' : forall n, (n + 1 =? 0) = false.
Proof.
  intros n.
  
  destruct n;
  
  simpl;
  
  reflexivity.
Qed.



Lemma simple_semi'' : forall n, (n + 1 =? 0) = false.
Proof.
  destruct n; reflexivity.
Qed.





Theorem andb_eq_orb :
  forall (b c : bool),
  (andb b c = orb b c) ->
  b = c.
Proof. destruct b; destruct c; try reflexivity; try discriminate. Qed.

Theorem add_assoc : forall n m p : nat,
    n + (m + p) = (n + m) + p.
Proof. intros n m p; induction n as [| n' IHn']; try (simpl; rewrite IHn'); reflexivity. Qed.

Fixpoint nonzeros (lst : list nat) :=
  match lst with
  | [] => []
  | 0 :: t => nonzeros t
  | h :: t => h :: nonzeros t
  end.

Lemma nonzeros_app : forall lst1 lst2 : list nat,
  nonzeros (lst1 ++ lst2) = (nonzeros lst1) ++ (nonzeros lst2).
Proof. intros lst1 lst2; induction lst1 as [|h t IH]; try (destruct h; simpl; rewrite <- IH); reflexivity. Qed.





Lemma re_opt_e_match' : forall T (re: reg_exp T) s,
  s =~ re -> s =~ re_opt_e re.
Proof.
  intros T re s M.
  induction M
    as [| x'
        | s1 re1 s2 re2 Hmatch1 IH1 Hmatch2 IH2
        | s1 re1 re2 Hmatch IH | re1 s2 re2 Hmatch IH
        | re | s1 s2 re Hmatch1 IH1 Hmatch2 IH2];
    
    simpl.
  -  apply MEmpty.
  -  apply MChar.
  - 
    destruct re1;
    
    try (apply MApp; try apply IH1; apply IH2).
    
    inversion Hmatch1. simpl. apply IH2.
  -  apply MUnionL. apply IH.
  -  apply MUnionR. apply IH.
  -  apply MStar0.
  -   apply MStarApp. apply IH1.  apply IH2.
Qed.






Theorem app_length : forall (X : Type) (lst1 lst2 : list X),
    length (lst1 ++ lst2) = (length lst1) + (length lst2).
Proof.
  intros; induction lst1;
    [reflexivity | simpl; rewrite IHlst1; reflexivity].
Qed.



Theorem app_length' : forall (X : Type) (lst1 lst2 : list X),
    length (lst1 ++ lst2) = (length lst1) + (length lst2).
Proof.
  intros; induction lst1;
    [idtac | simpl; rewrite IHlst1];
    reflexivity.
Qed.





Theorem add_assoc' : forall n m p : nat,
    n + (m + p) = (n + m) + p.
Proof. intros n m p; induction n as [| n' IHn']; [| simpl; rewrite IHn']; reflexivity. Qed.





Lemma re_opt_e_match'' : forall T (re: reg_exp T) s,
  s =~ re -> s =~ re_opt_e re.
Proof.
  intros T re s M.
  induction M
    as [| x'
        | s1 re1 s2 re2 Hmatch1 IH1 Hmatch2 IH2
        | s1 re1 re2 Hmatch IH | re1 s2 re2 Hmatch IH
        | re | s1 s2 re Hmatch1 IH1 Hmatch2 IH2];
    
    simpl.
  -  apply MEmpty.
  -  apply MChar.
  - 
    destruct re1;
    try (apply MApp; [apply IH1 | apply IH2]).  
    inversion Hmatch1. simpl. apply IH2.
  -  apply MUnionL. apply IH.
  -  apply MUnionR. apply IH.
  -  apply MStar0.
  -   apply MStarApp; [apply IH1 | apply IH2].  
Qed.






Theorem In10 : In 10 [1;2;3;4;5;6;7;8;9;10].
Proof.
  repeat (try (left; reflexivity); right).
Qed.



Theorem In10' : In 10 [1;2;3;4;5;6;7;8;9;10].
Proof.
  repeat (left; reflexivity).
  repeat (right; try (left; reflexivity)).
Qed.





Theorem ev100: ev 100.
Proof. repeat (apply ev_SS). apply ev_0. Qed.









Fixpoint re_opt {T:Type} (re: reg_exp T) : reg_exp T :=
  match re with
  | App _ EmptySet => EmptySet
  | App EmptyStr re2 => re_opt re2
  | App re1 EmptyStr => re_opt re1
  | App re1 re2 => App (re_opt re1) (re_opt re2)
  | Union EmptySet re2 => re_opt re2
  | Union re1 EmptySet => re_opt re1
  | Union re1 re2 => Union (re_opt re1) (re_opt re2)
  | Star EmptySet => EmptyStr
  | Star EmptyStr => EmptyStr
  | Star re => Star (re_opt re)
  | EmptySet => EmptySet
  | EmptyStr => EmptyStr
  | Char x => Char x
  end.



Lemma re_opt_match : forall T (re: reg_exp T) s,
  s =~ re -> s =~ re_opt re.
Proof.
  intros T re s M.
  induction M
    as [| x'
        | s1 re1 s2 re2 Hmatch1 IH1 Hmatch2 IH2
        | s1 re1 re2 Hmatch IH | re1 s2 re2 Hmatch IH
        | re | s1 s2 re Hmatch1 IH1 Hmatch2 IH2].
  -  simpl. apply MEmpty.
  -  simpl. apply MChar.
  -  simpl.
    destruct re1.
    + inversion IH1.
    + inversion IH1. simpl. destruct re2.
      * apply IH2.
      * apply IH2.
      * apply IH2.
      * apply IH2.
      * apply IH2.
      * apply IH2.
    + destruct re2.
      * inversion IH2.
      * inversion IH2. rewrite app_nil_r. apply IH1.
      * apply MApp.
        -- apply IH1.
        -- apply IH2.
      * apply MApp.
        -- apply IH1.
        -- apply IH2.
      * apply MApp.
        -- apply IH1.
        -- apply IH2.
      * apply MApp.
        -- apply IH1.
        -- apply IH2.
    + destruct re2.
      * inversion IH2.
      * inversion IH2. rewrite app_nil_r.  apply IH1.
      * apply MApp.
        -- apply IH1.
        -- apply IH2.
      * apply MApp.
        -- apply IH1.
        -- apply IH2.
      * apply MApp.
        -- apply IH1.
        -- apply IH2.
      * apply MApp.
        -- apply IH1.
        -- apply IH2.
    + destruct re2.
      * inversion IH2.
      * inversion IH2. rewrite app_nil_r. apply IH1.
      * apply MApp.
        -- apply IH1.
        -- apply IH2.
      * apply MApp.
        -- apply IH1.
        -- apply IH2.
      * apply MApp.
        -- apply IH1.
        -- apply IH2.
      * apply MApp.
        -- apply IH1.
        -- apply IH2.
    + destruct re2.
      * inversion IH2.
      * inversion IH2. rewrite app_nil_r. apply IH1.
      * apply MApp.
        -- apply IH1.
        -- apply IH2.
      * apply MApp.
        -- apply IH1.
        -- apply IH2.
      * apply MApp.
        -- apply IH1.
        -- apply IH2.
      * apply MApp.
        -- apply IH1.
        -- apply IH2.
  -  simpl.
    destruct re1.
    + inversion IH.
    + destruct re2.
      * apply IH.
      * apply MUnionL. apply IH.
      * apply MUnionL. apply IH.
      * apply MUnionL. apply IH.
      * apply MUnionL. apply IH.
      * apply MUnionL. apply IH.
    + destruct re2.
      * apply IH.
      * apply MUnionL. apply IH.
      * apply MUnionL. apply IH.
      * apply MUnionL. apply IH.
      * apply MUnionL. apply IH.
      * apply MUnionL. apply IH.
    + destruct re2.
      * apply IH.
      * apply MUnionL. apply IH.
      * apply MUnionL. apply IH.
      * apply MUnionL. apply IH.
      * apply MUnionL. apply IH.
      * apply MUnionL. apply IH.
    + destruct re2.
      * apply IH.
      * apply MUnionL. apply IH.
      * apply MUnionL. apply IH.
      * apply MUnionL. apply IH.
      * apply MUnionL. apply IH.
      * apply MUnionL. apply IH.
    + destruct re2.
      * apply IH.
      * apply MUnionL. apply IH.
      * apply MUnionL. apply IH.
      * apply MUnionL. apply IH.
      * apply MUnionL. apply IH.
      * apply MUnionL. apply IH.
  -  simpl.
    destruct re1.
    + apply IH.
    + destruct re2.
      * inversion IH.
      * apply MUnionR. apply IH.
      * apply MUnionR. apply IH.
      * apply MUnionR. apply IH.
      * apply MUnionR. apply IH.
      * apply MUnionR. apply IH.
    + destruct re2.
      * inversion IH.
      * apply MUnionR. apply IH.
      * apply MUnionR. apply IH.
      * apply MUnionR. apply IH.
      * apply MUnionR. apply IH.
      * apply MUnionR. apply IH.
    + destruct re2.
      * inversion IH.
      * apply MUnionR. apply IH.
      * apply MUnionR. apply IH.
      * apply MUnionR. apply IH.
      * apply MUnionR. apply IH.
      * apply MUnionR. apply IH.
    + destruct re2.
      * inversion IH.
      * apply MUnionR. apply IH.
      * apply MUnionR. apply IH.
      * apply MUnionR. apply IH.
      * apply MUnionR. apply IH.
      * apply MUnionR. apply IH.
    + destruct re2.
      * inversion IH.
      * apply MUnionR. apply IH.
      * apply MUnionR. apply IH.
      * apply MUnionR. apply IH.
      * apply MUnionR. apply IH.
      * apply MUnionR. apply IH.
 -  simpl.
    destruct re.
    + apply MEmpty.
    + apply MEmpty.
    + apply MStar0.
    + apply MStar0.
    + apply MStar0.
    + simpl.
      destruct re.
      * apply MStar0.
      * apply MStar0.
      * apply MStar0.
      * apply MStar0.
      * apply MStar0.
      * apply MStar0.
 -  simpl.
   destruct re.
   + inversion IH1.
   + inversion IH1. inversion IH2. apply MEmpty.
   + apply star_app.
     * apply MStar1. apply IH1.
     * apply IH2.
   + apply star_app.
     * apply MStar1.  apply IH1.
     * apply IH2.
   + apply star_app.
     * apply MStar1.  apply IH1.
     * apply IH2.
   + apply star_app.
     * apply MStar1.  apply IH1.
     * apply IH2.
Qed.



Lemma re_opt_match' : forall T (re: reg_exp T) s,
  s =~ re -> s =~ re_opt re.
Proof.
  intros T re s M.
  induction M
    as [| x'
        | s1 re1 s2 re2 Hmatch1 IH1 Hmatch2 IH2
        | s1 re1 re2 Hmatch IH | re1 s2 re2 Hmatch IH
        | re | s1 s2 re Hmatch1 IH1 Hmatch2 IH2].
  -  simpl; apply MEmpty.
  -  simpl; apply MChar.
  - 
    simpl;
      destruct re1;
      [inversion IH1 | inversion IH1; simpl; destruct re2; apply IH2 | | | |];
      (destruct re2;
       [inversion IH2 | inversion IH2; rewrite app_nil_r; apply IH1 | | | | ];
       (apply MApp; [apply IH1 | apply IH2])).
  - 
    simpl;
      destruct re1;
      [inversion IH | | | | |];
      destruct re2; try apply MUnionL; apply IH.
  - 
    simpl;
      destruct re1;
      [apply IH | | | | |];
      (destruct re2; [inversion IH | | | | |]; apply MUnionR; apply IH).
 - 
   simpl;
     destruct re; try apply MEmpty; try apply MStar0.
 - 
   simpl;
    destruct re;
    [inversion IH1 | inversion IH1; inversion IH2; apply MEmpty | | | |];
    (apply star_app; [apply MStar1; apply IH1 | apply IH2]).
Qed.

Definition manual_grade_for_re_opt : option (nat*string) := None.







Theorem hyp_name : forall (P : Prop), P -> P.
Proof.
  intros P HP. apply HP.
Qed.








Theorem no_hyp_name : forall (P : Prop), P -> P.
Proof.
  intros. assumption.
Qed.








Theorem false_assumed : False -> 0 = 1.
Proof.
  intros H. destruct H.
Qed.

Theorem false_assumed' : False -> 0 = 1.
Proof.
  intros. contradiction.
Qed.

Theorem contras : forall (P : Prop), P -> ~P -> 0 = 1.
Proof.
  intros P HP HNP. exfalso. apply HNP. apply HP.
Qed.

Theorem contras' : forall (P : Prop), P -> ~P -> 0 = 1.
Proof.
  intros. contradiction.
Qed.






Theorem many_eq : forall (n m o p : nat),
  n = m ->
  o = p ->
  [n; o] = [m; p].
Proof.
  intros n m o p Hnm Hop. rewrite Hnm. rewrite Hop. reflexivity.
Qed.

Theorem many_eq' : forall (n m o p : nat),
  n = m ->
  o = p ->
  [n; o] = [m; p].
Proof.
  intros. subst. reflexivity.
Qed.








Check ev_0 : ev 0.
Check ev_SS : forall n : nat, ev n -> ev (S (S n)).

Example constructor_example: forall (n:nat),
    ev (n + n).
Proof.
  induction n; simpl.
  - constructor. 
  - rewrite add_comm. simpl. constructor. 
    assumption.
Qed.













From Coq Require Import Lia.

Theorem lia_succeed1 : forall (n : nat),
  n > 0 -> n * 2 > n.
Proof. lia. Qed.

Theorem lia_succeed2 : forall (n m : nat),
    n * m = m * n.
Proof.
  lia. 
Qed.

Theorem lia_fail1 : 0 = 1.
Proof.
  Fail lia. 
Abort.

Theorem lia_fail2 : forall (n : nat),
    n >= 1 -> 2 ^ n = 2 * 2 ^ (n - 1).
Proof.
  Fail lia. 
Abort.



Require Import Ring.

Theorem mult_comm : forall (n m : nat),
    n * m = m * n.
Proof.
  intros n m. ring.
Qed.








Lemma composition_of_functions_is_commutative_0 : forall A : Type, forall B : Type, forall C : Type, forall f : A -> B, forall g : B -> C, forall x : A, forall y : B, forall H : y = f x, g y = g (f x).

Proof.
(* The theorem states that the composition of two functions is commutative.
We will proceed by induction on the equality H : y = f x.
*)
  intros A B C f g x y H.
(* We first consider the base case where y = f x.
In this case, we have g y = g (f x) by the equality H.
*)
  reflexivity.
(* Now, we consider the inductive case where y = f x.
We will show that g y = g (f x).
We know that y = f x, so we can rewrite y as f x in the goal.
*)
  rewrite H in *.
(* Now, our goal is g (f x) = g (f x), which is trivially true by reflexivity.
*)
  reflexivity.
Qed.

Outdated contents in ..cache: recomputing
ERROR MESSAGE IN LEMMA PROOF (FRAGMENT #1446)
Error in step "reflexivity.".
Message: In environment
A : Type
B : Type
C : Type
f : A -> B
g : B -> C
x : A
y : B
H : y = f x
Unable to unify "g (f x)" with "g y"..
Goal: g y = g (f x).


TRYING TO PROVE LEMMA
Lemma composition_of_functions_is_commutative_1 : forall A : Type, forall B : Type, forall C : Type, forall f : A -> B, forall g : B -> C, forall x : A, forall y : B, forall H : y = f x, g y = g (f x).


ATTEMPTED LEMMA PROOF (LEMMAS USED: 2)




Set Warnings "-notation-overridden,-parsing,-deprecated-hint-without-locality".
From Coq Require Import Arith List.
From LF Require Import IndProp.



Fixpoint re_opt_e {T:Type} (re: reg_exp T) : reg_exp T :=
  match re with
  | App EmptyStr re2 => re_opt_e re2
  | App re1 re2 => App (re_opt_e re1) (re_opt_e re2)
  | Union re1 re2 => Union (re_opt_e re1) (re_opt_e re2)
  | Star re => Star (re_opt_e re)
  | _ => re
  end.



Lemma re_opt_e_match : forall T (re: reg_exp T) s,
  s =~ re -> s =~ re_opt_e re.
Proof.
  intros T re s M.
  induction M
    as [| x'
        | s1 re1 s2 re2 Hmatch1 IH1 Hmatch2 IH2
        | s1 re1 re2 Hmatch IH | re1 s2 re2 Hmatch IH
        | re | s1 s2 re Hmatch1 IH1 Hmatch2 IH2].
  -  simpl. apply MEmpty.
  -  simpl. apply MChar.
  -  simpl.
    destruct re1.
    + apply MApp.
      * apply IH1.
      * apply IH2.
    + inversion Hmatch1. simpl. apply IH2.
    + apply MApp.
      * apply IH1.
      * apply IH2.
    + apply MApp.
      * apply IH1.
      * apply IH2.
    + apply MApp.
      * apply IH1.
      * apply IH2.
    + apply MApp.
      * apply IH1.
      * apply IH2.
  -  simpl. apply MUnionL. apply IH.
  -  simpl. apply MUnionR. apply IH.
  -  simpl. apply MStar0.
  -  simpl. apply MStarApp.
    * apply IH1.
    * apply IH2.
Qed.













Theorem silly1 : forall n, 1 + n = S n.
Proof. try reflexivity.  Qed.

Theorem silly2 : forall (P : Prop), P -> P.
Proof.
  intros P HP.
  Fail reflexivity.
  try reflexivity. 
  apply HP.
Qed.










Lemma simple_semi : forall n, (n + 1 =? 0) = false.
Proof.
  intros n.
  destruct n eqn:E.
    
    -  simpl. reflexivity.
    -  simpl. reflexivity.
Qed.



Lemma simple_semi' : forall n, (n + 1 =? 0) = false.
Proof.
  intros n.
  
  destruct n;
  
  simpl;
  
  reflexivity.
Qed.



Lemma simple_semi'' : forall n, (n + 1 =? 0) = false.
Proof.
  destruct n; reflexivity.
Qed.





Theorem andb_eq_orb :
  forall (b c : bool),
  (andb b c = orb b c) ->
  b = c.
Proof. destruct b; destruct c; try reflexivity; try discriminate. Qed.

Theorem add_assoc : forall n m p : nat,
    n + (m + p) = (n + m) + p.
Proof. intros n m p; induction n as [| n' IHn']; try (simpl; rewrite IHn'); reflexivity. Qed.

Fixpoint nonzeros (lst : list nat) :=
  match lst with
  | [] => []
  | 0 :: t => nonzeros t
  | h :: t => h :: nonzeros t
  end.

Lemma nonzeros_app : forall lst1 lst2 : list nat,
  nonzeros (lst1 ++ lst2) = (nonzeros lst1) ++ (nonzeros lst2).
Proof. intros lst1 lst2; induction lst1 as [|h t IH]; try (destruct h; simpl; rewrite <- IH); reflexivity. Qed.





Lemma re_opt_e_match' : forall T (re: reg_exp T) s,
  s =~ re -> s =~ re_opt_e re.
Proof.
  intros T re s M.
  induction M
    as [| x'
        | s1 re1 s2 re2 Hmatch1 IH1 Hmatch2 IH2
        | s1 re1 re2 Hmatch IH | re1 s2 re2 Hmatch IH
        | re | s1 s2 re Hmatch1 IH1 Hmatch2 IH2];
    
    simpl.
  -  apply MEmpty.
  -  apply MChar.
  - 
    destruct re1;
    
    try (apply MApp; try apply IH1; apply IH2).
    
    inversion Hmatch1. simpl. apply IH2.
  -  apply MUnionL. apply IH.
  -  apply MUnionR. apply IH.
  -  apply MStar0.
  -   apply MStarApp. apply IH1.  apply IH2.
Qed.






Theorem app_length : forall (X : Type) (lst1 lst2 : list X),
    length (lst1 ++ lst2) = (length lst1) + (length lst2).
Proof.
  intros; induction lst1;
    [reflexivity | simpl; rewrite IHlst1; reflexivity].
Qed.



Theorem app_length' : forall (X : Type) (lst1 lst2 : list X),
    length (lst1 ++ lst2) = (length lst1) + (length lst2).
Proof.
  intros; induction lst1;
    [idtac | simpl; rewrite IHlst1];
    reflexivity.
Qed.





Theorem add_assoc' : forall n m p : nat,
    n + (m + p) = (n + m) + p.
Proof. intros n m p; induction n as [| n' IHn']; [| simpl; rewrite IHn']; reflexivity. Qed.





Lemma re_opt_e_match'' : forall T (re: reg_exp T) s,
  s =~ re -> s =~ re_opt_e re.
Proof.
  intros T re s M.
  induction M
    as [| x'
        | s1 re1 s2 re2 Hmatch1 IH1 Hmatch2 IH2
        | s1 re1 re2 Hmatch IH | re1 s2 re2 Hmatch IH
        | re | s1 s2 re Hmatch1 IH1 Hmatch2 IH2];
    
    simpl.
  -  apply MEmpty.
  -  apply MChar.
  - 
    destruct re1;
    try (apply MApp; [apply IH1 | apply IH2]).  
    inversion Hmatch1. simpl. apply IH2.
  -  apply MUnionL. apply IH.
  -  apply MUnionR. apply IH.
  -  apply MStar0.
  -   apply MStarApp; [apply IH1 | apply IH2].  
Qed.






Theorem In10 : In 10 [1;2;3;4;5;6;7;8;9;10].
Proof.
  repeat (try (left; reflexivity); right).
Qed.



Theorem In10' : In 10 [1;2;3;4;5;6;7;8;9;10].
Proof.
  repeat (left; reflexivity).
  repeat (right; try (left; reflexivity)).
Qed.





Theorem ev100: ev 100.
Proof. repeat (apply ev_SS). apply ev_0. Qed.









Fixpoint re_opt {T:Type} (re: reg_exp T) : reg_exp T :=
  match re with
  | App _ EmptySet => EmptySet
  | App EmptyStr re2 => re_opt re2
  | App re1 EmptyStr => re_opt re1
  | App re1 re2 => App (re_opt re1) (re_opt re2)
  | Union EmptySet re2 => re_opt re2
  | Union re1 EmptySet => re_opt re1
  | Union re1 re2 => Union (re_opt re1) (re_opt re2)
  | Star EmptySet => EmptyStr
  | Star EmptyStr => EmptyStr
  | Star re => Star (re_opt re)
  | EmptySet => EmptySet
  | EmptyStr => EmptyStr
  | Char x => Char x
  end.



Lemma re_opt_match : forall T (re: reg_exp T) s,
  s =~ re -> s =~ re_opt re.
Proof.
  intros T re s M.
  induction M
    as [| x'
        | s1 re1 s2 re2 Hmatch1 IH1 Hmatch2 IH2
        | s1 re1 re2 Hmatch IH | re1 s2 re2 Hmatch IH
        | re | s1 s2 re Hmatch1 IH1 Hmatch2 IH2].
  -  simpl. apply MEmpty.
  -  simpl. apply MChar.
  -  simpl.
    destruct re1.
    + inversion IH1.
    + inversion IH1. simpl. destruct re2.
      * apply IH2.
      * apply IH2.
      * apply IH2.
      * apply IH2.
      * apply IH2.
      * apply IH2.
    + destruct re2.
      * inversion IH2.
      * inversion IH2. rewrite app_nil_r. apply IH1.
      * apply MApp.
        -- apply IH1.
        -- apply IH2.
      * apply MApp.
        -- apply IH1.
        -- apply IH2.
      * apply MApp.
        -- apply IH1.
        -- apply IH2.
      * apply MApp.
        -- apply IH1.
        -- apply IH2.
    + destruct re2.
      * inversion IH2.
      * inversion IH2. rewrite app_nil_r.  apply IH1.
      * apply MApp.
        -- apply IH1.
        -- apply IH2.
      * apply MApp.
        -- apply IH1.
        -- apply IH2.
      * apply MApp.
        -- apply IH1.
        -- apply IH2.
      * apply MApp.
        -- apply IH1.
        -- apply IH2.
    + destruct re2.
      * inversion IH2.
      * inversion IH2. rewrite app_nil_r. apply IH1.
      * apply MApp.
        -- apply IH1.
        -- apply IH2.
      * apply MApp.
        -- apply IH1.
        -- apply IH2.
      * apply MApp.
        -- apply IH1.
        -- apply IH2.
      * apply MApp.
        -- apply IH1.
        -- apply IH2.
    + destruct re2.
      * inversion IH2.
      * inversion IH2. rewrite app_nil_r. apply IH1.
      * apply MApp.
        -- apply IH1.
        -- apply IH2.
      * apply MApp.
        -- apply IH1.
        -- apply IH2.
      * apply MApp.
        -- apply IH1.
        -- apply IH2.
      * apply MApp.
        -- apply IH1.
        -- apply IH2.
  -  simpl.
    destruct re1.
    + inversion IH.
    + destruct re2.
      * apply IH.
      * apply MUnionL. apply IH.
      * apply MUnionL. apply IH.
      * apply MUnionL. apply IH.
      * apply MUnionL. apply IH.
      * apply MUnionL. apply IH.
    + destruct re2.
      * apply IH.
      * apply MUnionL. apply IH.
      * apply MUnionL. apply IH.
      * apply MUnionL. apply IH.
      * apply MUnionL. apply IH.
      * apply MUnionL. apply IH.
    + destruct re2.
      * apply IH.
      * apply MUnionL. apply IH.
      * apply MUnionL. apply IH.
      * apply MUnionL. apply IH.
      * apply MUnionL. apply IH.
      * apply MUnionL. apply IH.
    + destruct re2.
      * apply IH.
      * apply MUnionL. apply IH.
      * apply MUnionL. apply IH.
      * apply MUnionL. apply IH.
      * apply MUnionL. apply IH.
      * apply MUnionL. apply IH.
    + destruct re2.
      * apply IH.
      * apply MUnionL. apply IH.
      * apply MUnionL. apply IH.
      * apply MUnionL. apply IH.
      * apply MUnionL. apply IH.
      * apply MUnionL. apply IH.
  -  simpl.
    destruct re1.
    + apply IH.
    + destruct re2.
      * inversion IH.
      * apply MUnionR. apply IH.
      * apply MUnionR. apply IH.
      * apply MUnionR. apply IH.
      * apply MUnionR. apply IH.
      * apply MUnionR. apply IH.
    + destruct re2.
      * inversion IH.
      * apply MUnionR. apply IH.
      * apply MUnionR. apply IH.
      * apply MUnionR. apply IH.
      * apply MUnionR. apply IH.
      * apply MUnionR. apply IH.
    + destruct re2.
      * inversion IH.
      * apply MUnionR. apply IH.
      * apply MUnionR. apply IH.
      * apply MUnionR. apply IH.
      * apply MUnionR. apply IH.
      * apply MUnionR. apply IH.
    + destruct re2.
      * inversion IH.
      * apply MUnionR. apply IH.
      * apply MUnionR. apply IH.
      * apply MUnionR. apply IH.
      * apply MUnionR. apply IH.
      * apply MUnionR. apply IH.
    + destruct re2.
      * inversion IH.
      * apply MUnionR. apply IH.
      * apply MUnionR. apply IH.
      * apply MUnionR. apply IH.
      * apply MUnionR. apply IH.
      * apply MUnionR. apply IH.
 -  simpl.
    destruct re.
    + apply MEmpty.
    + apply MEmpty.
    + apply MStar0.
    + apply MStar0.
    + apply MStar0.
    + simpl.
      destruct re.
      * apply MStar0.
      * apply MStar0.
      * apply MStar0.
      * apply MStar0.
      * apply MStar0.
      * apply MStar0.
 -  simpl.
   destruct re.
   + inversion IH1.
   + inversion IH1. inversion IH2. apply MEmpty.
   + apply star_app.
     * apply MStar1. apply IH1.
     * apply IH2.
   + apply star_app.
     * apply MStar1.  apply IH1.
     * apply IH2.
   + apply star_app.
     * apply MStar1.  apply IH1.
     * apply IH2.
   + apply star_app.
     * apply MStar1.  apply IH1.
     * apply IH2.
Qed.



Lemma re_opt_match' : forall T (re: reg_exp T) s,
  s =~ re -> s =~ re_opt re.
Proof.
  intros T re s M.
  induction M
    as [| x'
        | s1 re1 s2 re2 Hmatch1 IH1 Hmatch2 IH2
        | s1 re1 re2 Hmatch IH | re1 s2 re2 Hmatch IH
        | re | s1 s2 re Hmatch1 IH1 Hmatch2 IH2].
  -  simpl; apply MEmpty.
  -  simpl; apply MChar.
  - 
    simpl;
      destruct re1;
      [inversion IH1 | inversion IH1; simpl; destruct re2; apply IH2 | | | |];
      (destruct re2;
       [inversion IH2 | inversion IH2; rewrite app_nil_r; apply IH1 | | | | ];
       (apply MApp; [apply IH1 | apply IH2])).
  - 
    simpl;
      destruct re1;
      [inversion IH | | | | |];
      destruct re2; try apply MUnionL; apply IH.
  - 
    simpl;
      destruct re1;
      [apply IH | | | | |];
      (destruct re2; [inversion IH | | | | |]; apply MUnionR; apply IH).
 - 
   simpl;
     destruct re; try apply MEmpty; try apply MStar0.
 - 
   simpl;
    destruct re;
    [inversion IH1 | inversion IH1; inversion IH2; apply MEmpty | | | |];
    (apply star_app; [apply MStar1; apply IH1 | apply IH2]).
Qed.

Definition manual_grade_for_re_opt : option (nat*string) := None.







Theorem hyp_name : forall (P : Prop), P -> P.
Proof.
  intros P HP. apply HP.
Qed.








Theorem no_hyp_name : forall (P : Prop), P -> P.
Proof.
  intros. assumption.
Qed.








Theorem false_assumed : False -> 0 = 1.
Proof.
  intros H. destruct H.
Qed.

Theorem false_assumed' : False -> 0 = 1.
Proof.
  intros. contradiction.
Qed.

Theorem contras : forall (P : Prop), P -> ~P -> 0 = 1.
Proof.
  intros P HP HNP. exfalso. apply HNP. apply HP.
Qed.

Theorem contras' : forall (P : Prop), P -> ~P -> 0 = 1.
Proof.
  intros. contradiction.
Qed.






Theorem many_eq : forall (n m o p : nat),
  n = m ->
  o = p ->
  [n; o] = [m; p].
Proof.
  intros n m o p Hnm Hop. rewrite Hnm. rewrite Hop. reflexivity.
Qed.

Theorem many_eq' : forall (n m o p : nat),
  n = m ->
  o = p ->
  [n; o] = [m; p].
Proof.
  intros. subst. reflexivity.
Qed.








Check ev_0 : ev 0.
Check ev_SS : forall n : nat, ev n -> ev (S (S n)).

Example constructor_example: forall (n:nat),
    ev (n + n).
Proof.
  induction n; simpl.
  - constructor. 
  - rewrite add_comm. simpl. constructor. 
    assumption.
Qed.













From Coq Require Import Lia.

Theorem lia_succeed1 : forall (n : nat),
  n > 0 -> n * 2 > n.
Proof. lia. Qed.

Theorem lia_succeed2 : forall (n m : nat),
    n * m = m * n.
Proof.
  lia. 
Qed.

Theorem lia_fail1 : 0 = 1.
Proof.
  Fail lia. 
Abort.

Theorem lia_fail2 : forall (n : nat),
    n >= 1 -> 2 ^ n = 2 * 2 ^ (n - 1).
Proof.
  Fail lia. 
Abort.



Require Import Ring.

Theorem mult_comm : forall (n m : nat),
    n * m = m * n.
Proof.
  intros n m. ring.
Qed.








Lemma composition_of_functions_is_commutative_1 : forall A : Type, forall B : Type, forall C : Type, forall f : A -> B, forall g : B -> C, forall x : A, forall y : B, forall H : y = f x, g y = g (f x).

Proof.
(*
    We will prove the lemma by induction on the equality H : y = f x.
The base case will be when y = f x, and we will show that g y = g (f x).
The inductive case will be when y = f x, and we will show that g y = g (f x).
*)
  intros A B C f g x y H.
(*
    In the base case, we have y = f x, and we need to show that g y = g (f x).
This is straightforward, because by substitution, we have g (f x) = g y.
*)
  reflexivity.
(*
    In the inductive case, we have y = f x, and we need to show that g y = g (f x).
This is also straightforward, because by substitution, we have g (f x) = g y.
*)
  reflexivity.
Qed.

Outdated contents in ..cache: recomputing
ERROR MESSAGE IN LEMMA PROOF (FRAGMENT #1446)
Error in step "reflexivity.".
Message: In environment
A : Type
B : Type
C : Type
f : A -> B
g : B -> C
x : A
y : B
H : y = f x
Unable to unify "g (f x)" with "g y"..
Goal: g y = g (f x).


TRYING TO PROVE LEMMA
Lemma composition_of_functions_is_commutative_2 : forall A : Type, forall B : Type, forall C : Type, forall f : A -> B, forall g : B -> C, forall x : A, forall y : B, forall H : y = f x, g y = g (f x).


ATTEMPTED LEMMA PROOF (LEMMAS USED: 3)




Set Warnings "-notation-overridden,-parsing,-deprecated-hint-without-locality".
From Coq Require Import Arith List.
From LF Require Import IndProp.



Fixpoint re_opt_e {T:Type} (re: reg_exp T) : reg_exp T :=
  match re with
  | App EmptyStr re2 => re_opt_e re2
  | App re1 re2 => App (re_opt_e re1) (re_opt_e re2)
  | Union re1 re2 => Union (re_opt_e re1) (re_opt_e re2)
  | Star re => Star (re_opt_e re)
  | _ => re
  end.



Lemma re_opt_e_match : forall T (re: reg_exp T) s,
  s =~ re -> s =~ re_opt_e re.
Proof.
  intros T re s M.
  induction M
    as [| x'
        | s1 re1 s2 re2 Hmatch1 IH1 Hmatch2 IH2
        | s1 re1 re2 Hmatch IH | re1 s2 re2 Hmatch IH
        | re | s1 s2 re Hmatch1 IH1 Hmatch2 IH2].
  -  simpl. apply MEmpty.
  -  simpl. apply MChar.
  -  simpl.
    destruct re1.
    + apply MApp.
      * apply IH1.
      * apply IH2.
    + inversion Hmatch1. simpl. apply IH2.
    + apply MApp.
      * apply IH1.
      * apply IH2.
    + apply MApp.
      * apply IH1.
      * apply IH2.
    + apply MApp.
      * apply IH1.
      * apply IH2.
    + apply MApp.
      * apply IH1.
      * apply IH2.
  -  simpl. apply MUnionL. apply IH.
  -  simpl. apply MUnionR. apply IH.
  -  simpl. apply MStar0.
  -  simpl. apply MStarApp.
    * apply IH1.
    * apply IH2.
Qed.













Theorem silly1 : forall n, 1 + n = S n.
Proof. try reflexivity.  Qed.

Theorem silly2 : forall (P : Prop), P -> P.
Proof.
  intros P HP.
  Fail reflexivity.
  try reflexivity. 
  apply HP.
Qed.










Lemma simple_semi : forall n, (n + 1 =? 0) = false.
Proof.
  intros n.
  destruct n eqn:E.
    
    -  simpl. reflexivity.
    -  simpl. reflexivity.
Qed.



Lemma simple_semi' : forall n, (n + 1 =? 0) = false.
Proof.
  intros n.
  
  destruct n;
  
  simpl;
  
  reflexivity.
Qed.



Lemma simple_semi'' : forall n, (n + 1 =? 0) = false.
Proof.
  destruct n; reflexivity.
Qed.





Theorem andb_eq_orb :
  forall (b c : bool),
  (andb b c = orb b c) ->
  b = c.
Proof. destruct b; destruct c; try reflexivity; try discriminate. Qed.

Theorem add_assoc : forall n m p : nat,
    n + (m + p) = (n + m) + p.
Proof. intros n m p; induction n as [| n' IHn']; try (simpl; rewrite IHn'); reflexivity. Qed.

Fixpoint nonzeros (lst : list nat) :=
  match lst with
  | [] => []
  | 0 :: t => nonzeros t
  | h :: t => h :: nonzeros t
  end.

Lemma nonzeros_app : forall lst1 lst2 : list nat,
  nonzeros (lst1 ++ lst2) = (nonzeros lst1) ++ (nonzeros lst2).
Proof. intros lst1 lst2; induction lst1 as [|h t IH]; try (destruct h; simpl; rewrite <- IH); reflexivity. Qed.





Lemma re_opt_e_match' : forall T (re: reg_exp T) s,
  s =~ re -> s =~ re_opt_e re.
Proof.
  intros T re s M.
  induction M
    as [| x'
        | s1 re1 s2 re2 Hmatch1 IH1 Hmatch2 IH2
        | s1 re1 re2 Hmatch IH | re1 s2 re2 Hmatch IH
        | re | s1 s2 re Hmatch1 IH1 Hmatch2 IH2];
    
    simpl.
  -  apply MEmpty.
  -  apply MChar.
  - 
    destruct re1;
    
    try (apply MApp; try apply IH1; apply IH2).
    
    inversion Hmatch1. simpl. apply IH2.
  -  apply MUnionL. apply IH.
  -  apply MUnionR. apply IH.
  -  apply MStar0.
  -   apply MStarApp. apply IH1.  apply IH2.
Qed.






Theorem app_length : forall (X : Type) (lst1 lst2 : list X),
    length (lst1 ++ lst2) = (length lst1) + (length lst2).
Proof.
  intros; induction lst1;
    [reflexivity | simpl; rewrite IHlst1; reflexivity].
Qed.



Theorem app_length' : forall (X : Type) (lst1 lst2 : list X),
    length (lst1 ++ lst2) = (length lst1) + (length lst2).
Proof.
  intros; induction lst1;
    [idtac | simpl; rewrite IHlst1];
    reflexivity.
Qed.





Theorem add_assoc' : forall n m p : nat,
    n + (m + p) = (n + m) + p.
Proof. intros n m p; induction n as [| n' IHn']; [| simpl; rewrite IHn']; reflexivity. Qed.





Lemma re_opt_e_match'' : forall T (re: reg_exp T) s,
  s =~ re -> s =~ re_opt_e re.
Proof.
  intros T re s M.
  induction M
    as [| x'
        | s1 re1 s2 re2 Hmatch1 IH1 Hmatch2 IH2
        | s1 re1 re2 Hmatch IH | re1 s2 re2 Hmatch IH
        | re | s1 s2 re Hmatch1 IH1 Hmatch2 IH2];
    
    simpl.
  -  apply MEmpty.
  -  apply MChar.
  - 
    destruct re1;
    try (apply MApp; [apply IH1 | apply IH2]).  
    inversion Hmatch1. simpl. apply IH2.
  -  apply MUnionL. apply IH.
  -  apply MUnionR. apply IH.
  -  apply MStar0.
  -   apply MStarApp; [apply IH1 | apply IH2].  
Qed.






Theorem In10 : In 10 [1;2;3;4;5;6;7;8;9;10].
Proof.
  repeat (try (left; reflexivity); right).
Qed.



Theorem In10' : In 10 [1;2;3;4;5;6;7;8;9;10].
Proof.
  repeat (left; reflexivity).
  repeat (right; try (left; reflexivity)).
Qed.





Theorem ev100: ev 100.
Proof. repeat (apply ev_SS). apply ev_0. Qed.









Fixpoint re_opt {T:Type} (re: reg_exp T) : reg_exp T :=
  match re with
  | App _ EmptySet => EmptySet
  | App EmptyStr re2 => re_opt re2
  | App re1 EmptyStr => re_opt re1
  | App re1 re2 => App (re_opt re1) (re_opt re2)
  | Union EmptySet re2 => re_opt re2
  | Union re1 EmptySet => re_opt re1
  | Union re1 re2 => Union (re_opt re1) (re_opt re2)
  | Star EmptySet => EmptyStr
  | Star EmptyStr => EmptyStr
  | Star re => Star (re_opt re)
  | EmptySet => EmptySet
  | EmptyStr => EmptyStr
  | Char x => Char x
  end.



Lemma re_opt_match : forall T (re: reg_exp T) s,
  s =~ re -> s =~ re_opt re.
Proof.
  intros T re s M.
  induction M
    as [| x'
        | s1 re1 s2 re2 Hmatch1 IH1 Hmatch2 IH2
        | s1 re1 re2 Hmatch IH | re1 s2 re2 Hmatch IH
        | re | s1 s2 re Hmatch1 IH1 Hmatch2 IH2].
  -  simpl. apply MEmpty.
  -  simpl. apply MChar.
  -  simpl.
    destruct re1.
    + inversion IH1.
    + inversion IH1. simpl. destruct re2.
      * apply IH2.
      * apply IH2.
      * apply IH2.
      * apply IH2.
      * apply IH2.
      * apply IH2.
    + destruct re2.
      * inversion IH2.
      * inversion IH2. rewrite app_nil_r. apply IH1.
      * apply MApp.
        -- apply IH1.
        -- apply IH2.
      * apply MApp.
        -- apply IH1.
        -- apply IH2.
      * apply MApp.
        -- apply IH1.
        -- apply IH2.
      * apply MApp.
        -- apply IH1.
        -- apply IH2.
    + destruct re2.
      * inversion IH2.
      * inversion IH2. rewrite app_nil_r.  apply IH1.
      * apply MApp.
        -- apply IH1.
        -- apply IH2.
      * apply MApp.
        -- apply IH1.
        -- apply IH2.
      * apply MApp.
        -- apply IH1.
        -- apply IH2.
      * apply MApp.
        -- apply IH1.
        -- apply IH2.
    + destruct re2.
      * inversion IH2.
      * inversion IH2. rewrite app_nil_r. apply IH1.
      * apply MApp.
        -- apply IH1.
        -- apply IH2.
      * apply MApp.
        -- apply IH1.
        -- apply IH2.
      * apply MApp.
        -- apply IH1.
        -- apply IH2.
      * apply MApp.
        -- apply IH1.
        -- apply IH2.
    + destruct re2.
      * inversion IH2.
      * inversion IH2. rewrite app_nil_r. apply IH1.
      * apply MApp.
        -- apply IH1.
        -- apply IH2.
      * apply MApp.
        -- apply IH1.
        -- apply IH2.
      * apply MApp.
        -- apply IH1.
        -- apply IH2.
      * apply MApp.
        -- apply IH1.
        -- apply IH2.
  -  simpl.
    destruct re1.
    + inversion IH.
    + destruct re2.
      * apply IH.
      * apply MUnionL. apply IH.
      * apply MUnionL. apply IH.
      * apply MUnionL. apply IH.
      * apply MUnionL. apply IH.
      * apply MUnionL. apply IH.
    + destruct re2.
      * apply IH.
      * apply MUnionL. apply IH.
      * apply MUnionL. apply IH.
      * apply MUnionL. apply IH.
      * apply MUnionL. apply IH.
      * apply MUnionL. apply IH.
    + destruct re2.
      * apply IH.
      * apply MUnionL. apply IH.
      * apply MUnionL. apply IH.
      * apply MUnionL. apply IH.
      * apply MUnionL. apply IH.
      * apply MUnionL. apply IH.
    + destruct re2.
      * apply IH.
      * apply MUnionL. apply IH.
      * apply MUnionL. apply IH.
      * apply MUnionL. apply IH.
      * apply MUnionL. apply IH.
      * apply MUnionL. apply IH.
    + destruct re2.
      * apply IH.
      * apply MUnionL. apply IH.
      * apply MUnionL. apply IH.
      * apply MUnionL. apply IH.
      * apply MUnionL. apply IH.
      * apply MUnionL. apply IH.
  -  simpl.
    destruct re1.
    + apply IH.
    + destruct re2.
      * inversion IH.
      * apply MUnionR. apply IH.
      * apply MUnionR. apply IH.
      * apply MUnionR. apply IH.
      * apply MUnionR. apply IH.
      * apply MUnionR. apply IH.
    + destruct re2.
      * inversion IH.
      * apply MUnionR. apply IH.
      * apply MUnionR. apply IH.
      * apply MUnionR. apply IH.
      * apply MUnionR. apply IH.
      * apply MUnionR. apply IH.
    + destruct re2.
      * inversion IH.
      * apply MUnionR. apply IH.
      * apply MUnionR. apply IH.
      * apply MUnionR. apply IH.
      * apply MUnionR. apply IH.
      * apply MUnionR. apply IH.
    + destruct re2.
      * inversion IH.
      * apply MUnionR. apply IH.
      * apply MUnionR. apply IH.
      * apply MUnionR. apply IH.
      * apply MUnionR. apply IH.
      * apply MUnionR. apply IH.
    + destruct re2.
      * inversion IH.
      * apply MUnionR. apply IH.
      * apply MUnionR. apply IH.
      * apply MUnionR. apply IH.
      * apply MUnionR. apply IH.
      * apply MUnionR. apply IH.
 -  simpl.
    destruct re.
    + apply MEmpty.
    + apply MEmpty.
    + apply MStar0.
    + apply MStar0.
    + apply MStar0.
    + simpl.
      destruct re.
      * apply MStar0.
      * apply MStar0.
      * apply MStar0.
      * apply MStar0.
      * apply MStar0.
      * apply MStar0.
 -  simpl.
   destruct re.
   + inversion IH1.
   + inversion IH1. inversion IH2. apply MEmpty.
   + apply star_app.
     * apply MStar1. apply IH1.
     * apply IH2.
   + apply star_app.
     * apply MStar1.  apply IH1.
     * apply IH2.
   + apply star_app.
     * apply MStar1.  apply IH1.
     * apply IH2.
   + apply star_app.
     * apply MStar1.  apply IH1.
     * apply IH2.
Qed.



Lemma re_opt_match' : forall T (re: reg_exp T) s,
  s =~ re -> s =~ re_opt re.
Proof.
  intros T re s M.
  induction M
    as [| x'
        | s1 re1 s2 re2 Hmatch1 IH1 Hmatch2 IH2
        | s1 re1 re2 Hmatch IH | re1 s2 re2 Hmatch IH
        | re | s1 s2 re Hmatch1 IH1 Hmatch2 IH2].
  -  simpl; apply MEmpty.
  -  simpl; apply MChar.
  - 
    simpl;
      destruct re1;
      [inversion IH1 | inversion IH1; simpl; destruct re2; apply IH2 | | | |];
      (destruct re2;
       [inversion IH2 | inversion IH2; rewrite app_nil_r; apply IH1 | | | | ];
       (apply MApp; [apply IH1 | apply IH2])).
  - 
    simpl;
      destruct re1;
      [inversion IH | | | | |];
      destruct re2; try apply MUnionL; apply IH.
  - 
    simpl;
      destruct re1;
      [apply IH | | | | |];
      (destruct re2; [inversion IH | | | | |]; apply MUnionR; apply IH).
 - 
   simpl;
     destruct re; try apply MEmpty; try apply MStar0.
 - 
   simpl;
    destruct re;
    [inversion IH1 | inversion IH1; inversion IH2; apply MEmpty | | | |];
    (apply star_app; [apply MStar1; apply IH1 | apply IH2]).
Qed.

Definition manual_grade_for_re_opt : option (nat*string) := None.







Theorem hyp_name : forall (P : Prop), P -> P.
Proof.
  intros P HP. apply HP.
Qed.








Theorem no_hyp_name : forall (P : Prop), P -> P.
Proof.
  intros. assumption.
Qed.








Theorem false_assumed : False -> 0 = 1.
Proof.
  intros H. destruct H.
Qed.

Theorem false_assumed' : False -> 0 = 1.
Proof.
  intros. contradiction.
Qed.

Theorem contras : forall (P : Prop), P -> ~P -> 0 = 1.
Proof.
  intros P HP HNP. exfalso. apply HNP. apply HP.
Qed.

Theorem contras' : forall (P : Prop), P -> ~P -> 0 = 1.
Proof.
  intros. contradiction.
Qed.






Theorem many_eq : forall (n m o p : nat),
  n = m ->
  o = p ->
  [n; o] = [m; p].
Proof.
  intros n m o p Hnm Hop. rewrite Hnm. rewrite Hop. reflexivity.
Qed.

Theorem many_eq' : forall (n m o p : nat),
  n = m ->
  o = p ->
  [n; o] = [m; p].
Proof.
  intros. subst. reflexivity.
Qed.








Check ev_0 : ev 0.
Check ev_SS : forall n : nat, ev n -> ev (S (S n)).

Example constructor_example: forall (n:nat),
    ev (n + n).
Proof.
  induction n; simpl.
  - constructor. 
  - rewrite add_comm. simpl. constructor. 
    assumption.
Qed.













From Coq Require Import Lia.

Theorem lia_succeed1 : forall (n : nat),
  n > 0 -> n * 2 > n.
Proof. lia. Qed.

Theorem lia_succeed2 : forall (n m : nat),
    n * m = m * n.
Proof.
  lia. 
Qed.

Theorem lia_fail1 : 0 = 1.
Proof.
  Fail lia. 
Abort.

Theorem lia_fail2 : forall (n : nat),
    n >= 1 -> 2 ^ n = 2 * 2 ^ (n - 1).
Proof.
  Fail lia. 
Abort.



Require Import Ring.

Theorem mult_comm : forall (n m : nat),
    n * m = m * n.
Proof.
  intros n m. ring.
Qed.








Lemma composition_of_functions_is_commutative_2 : forall A : Type, forall B : Type, forall C : Type, forall f : A -> B, forall g : B -> C, forall x : A, forall y : B, forall H : y = f x, g y = g (f x).

Proof.
(*
    We will prove the lemma by induction on the equality H : y = f x.
The base case will be when y = f x, and we will show that g y = g (f x).
The inductive case will be when y = f x, and we will show that g y = g (f x).
*)
  intros A B C f g x y H.
(*
    In the base case, we have y = f x, and we need to show that g y = g (f x).
This is straightforward, because by substitution, we have g (f x) = g y.
*)
  reflexivity.
(*
    In the inductive case, we have y = f x, and we need to show that g y = g (f x).
This is also straightforward, because by substitution, we have g (f x) = g y.
*)
  reflexivity.
Qed.

Outdated contents in ..cache: recomputing
ERROR MESSAGE IN LEMMA PROOF (FRAGMENT #1446)
Error in step "reflexivity.".
Message: In environment
A : Type
B : Type
C : Type
f : A -> B
g : B -> C
x : A
y : B
H : y = f x
Unable to unify "g (f x)" with "g y"..
Goal: g y = g (f x).


TRYING TO PROVE LEMMA
Lemma composition_of_functions_is_commutative_3 : forall A : Type, forall B : Type, forall C : Type, forall f : A -> B, forall g : B -> C, forall x : A, forall y : B, forall H : y = f x, g y = g (f x).


ATTEMPTED LEMMA PROOF (LEMMAS USED: 4)




Set Warnings "-notation-overridden,-parsing,-deprecated-hint-without-locality".
From Coq Require Import Arith List.
From LF Require Import IndProp.



Fixpoint re_opt_e {T:Type} (re: reg_exp T) : reg_exp T :=
  match re with
  | App EmptyStr re2 => re_opt_e re2
  | App re1 re2 => App (re_opt_e re1) (re_opt_e re2)
  | Union re1 re2 => Union (re_opt_e re1) (re_opt_e re2)
  | Star re => Star (re_opt_e re)
  | _ => re
  end.



Lemma re_opt_e_match : forall T (re: reg_exp T) s,
  s =~ re -> s =~ re_opt_e re.
Proof.
  intros T re s M.
  induction M
    as [| x'
        | s1 re1 s2 re2 Hmatch1 IH1 Hmatch2 IH2
        | s1 re1 re2 Hmatch IH | re1 s2 re2 Hmatch IH
        | re | s1 s2 re Hmatch1 IH1 Hmatch2 IH2].
  -  simpl. apply MEmpty.
  -  simpl. apply MChar.
  -  simpl.
    destruct re1.
    + apply MApp.
      * apply IH1.
      * apply IH2.
    + inversion Hmatch1. simpl. apply IH2.
    + apply MApp.
      * apply IH1.
      * apply IH2.
    + apply MApp.
      * apply IH1.
      * apply IH2.
    + apply MApp.
      * apply IH1.
      * apply IH2.
    + apply MApp.
      * apply IH1.
      * apply IH2.
  -  simpl. apply MUnionL. apply IH.
  -  simpl. apply MUnionR. apply IH.
  -  simpl. apply MStar0.
  -  simpl. apply MStarApp.
    * apply IH1.
    * apply IH2.
Qed.













Theorem silly1 : forall n, 1 + n = S n.
Proof. try reflexivity.  Qed.

Theorem silly2 : forall (P : Prop), P -> P.
Proof.
  intros P HP.
  Fail reflexivity.
  try reflexivity. 
  apply HP.
Qed.










Lemma simple_semi : forall n, (n + 1 =? 0) = false.
Proof.
  intros n.
  destruct n eqn:E.
    
    -  simpl. reflexivity.
    -  simpl. reflexivity.
Qed.



Lemma simple_semi' : forall n, (n + 1 =? 0) = false.
Proof.
  intros n.
  
  destruct n;
  
  simpl;
  
  reflexivity.
Qed.



Lemma simple_semi'' : forall n, (n + 1 =? 0) = false.
Proof.
  destruct n; reflexivity.
Qed.





Theorem andb_eq_orb :
  forall (b c : bool),
  (andb b c = orb b c) ->
  b = c.
Proof. destruct b; destruct c; try reflexivity; try discriminate. Qed.

Theorem add_assoc : forall n m p : nat,
    n + (m + p) = (n + m) + p.
Proof. intros n m p; induction n as [| n' IHn']; try (simpl; rewrite IHn'); reflexivity. Qed.

Fixpoint nonzeros (lst : list nat) :=
  match lst with
  | [] => []
  | 0 :: t => nonzeros t
  | h :: t => h :: nonzeros t
  end.

Lemma nonzeros_app : forall lst1 lst2 : list nat,
  nonzeros (lst1 ++ lst2) = (nonzeros lst1) ++ (nonzeros lst2).
Proof. intros lst1 lst2; induction lst1 as [|h t IH]; try (destruct h; simpl; rewrite <- IH); reflexivity. Qed.





Lemma re_opt_e_match' : forall T (re: reg_exp T) s,
  s =~ re -> s =~ re_opt_e re.
Proof.
  intros T re s M.
  induction M
    as [| x'
        | s1 re1 s2 re2 Hmatch1 IH1 Hmatch2 IH2
        | s1 re1 re2 Hmatch IH | re1 s2 re2 Hmatch IH
        | re | s1 s2 re Hmatch1 IH1 Hmatch2 IH2];
    
    simpl.
  -  apply MEmpty.
  -  apply MChar.
  - 
    destruct re1;
    
    try (apply MApp; try apply IH1; apply IH2).
    
    inversion Hmatch1. simpl. apply IH2.
  -  apply MUnionL. apply IH.
  -  apply MUnionR. apply IH.
  -  apply MStar0.
  -   apply MStarApp. apply IH1.  apply IH2.
Qed.






Theorem app_length : forall (X : Type) (lst1 lst2 : list X),
    length (lst1 ++ lst2) = (length lst1) + (length lst2).
Proof.
  intros; induction lst1;
    [reflexivity | simpl; rewrite IHlst1; reflexivity].
Qed.



Theorem app_length' : forall (X : Type) (lst1 lst2 : list X),
    length (lst1 ++ lst2) = (length lst1) + (length lst2).
Proof.
  intros; induction lst1;
    [idtac | simpl; rewrite IHlst1];
    reflexivity.
Qed.





Theorem add_assoc' : forall n m p : nat,
    n + (m + p) = (n + m) + p.
Proof. intros n m p; induction n as [| n' IHn']; [| simpl; rewrite IHn']; reflexivity. Qed.





Lemma re_opt_e_match'' : forall T (re: reg_exp T) s,
  s =~ re -> s =~ re_opt_e re.
Proof.
  intros T re s M.
  induction M
    as [| x'
        | s1 re1 s2 re2 Hmatch1 IH1 Hmatch2 IH2
        | s1 re1 re2 Hmatch IH | re1 s2 re2 Hmatch IH
        | re | s1 s2 re Hmatch1 IH1 Hmatch2 IH2];
    
    simpl.
  -  apply MEmpty.
  -  apply MChar.
  - 
    destruct re1;
    try (apply MApp; [apply IH1 | apply IH2]).  
    inversion Hmatch1. simpl. apply IH2.
  -  apply MUnionL. apply IH.
  -  apply MUnionR. apply IH.
  -  apply MStar0.
  -   apply MStarApp; [apply IH1 | apply IH2].  
Qed.






Theorem In10 : In 10 [1;2;3;4;5;6;7;8;9;10].
Proof.
  repeat (try (left; reflexivity); right).
Qed.



Theorem In10' : In 10 [1;2;3;4;5;6;7;8;9;10].
Proof.
  repeat (left; reflexivity).
  repeat (right; try (left; reflexivity)).
Qed.





Theorem ev100: ev 100.
Proof. repeat (apply ev_SS). apply ev_0. Qed.









Fixpoint re_opt {T:Type} (re: reg_exp T) : reg_exp T :=
  match re with
  | App _ EmptySet => EmptySet
  | App EmptyStr re2 => re_opt re2
  | App re1 EmptyStr => re_opt re1
  | App re1 re2 => App (re_opt re1) (re_opt re2)
  | Union EmptySet re2 => re_opt re2
  | Union re1 EmptySet => re_opt re1
  | Union re1 re2 => Union (re_opt re1) (re_opt re2)
  | Star EmptySet => EmptyStr
  | Star EmptyStr => EmptyStr
  | Star re => Star (re_opt re)
  | EmptySet => EmptySet
  | EmptyStr => EmptyStr
  | Char x => Char x
  end.



Lemma re_opt_match : forall T (re: reg_exp T) s,
  s =~ re -> s =~ re_opt re.
Proof.
  intros T re s M.
  induction M
    as [| x'
        | s1 re1 s2 re2 Hmatch1 IH1 Hmatch2 IH2
        | s1 re1 re2 Hmatch IH | re1 s2 re2 Hmatch IH
        | re | s1 s2 re Hmatch1 IH1 Hmatch2 IH2].
  -  simpl. apply MEmpty.
  -  simpl. apply MChar.
  -  simpl.
    destruct re1.
    + inversion IH1.
    + inversion IH1. simpl. destruct re2.
      * apply IH2.
      * apply IH2.
      * apply IH2.
      * apply IH2.
      * apply IH2.
      * apply IH2.
    + destruct re2.
      * inversion IH2.
      * inversion IH2. rewrite app_nil_r. apply IH1.
      * apply MApp.
        -- apply IH1.
        -- apply IH2.
      * apply MApp.
        -- apply IH1.
        -- apply IH2.
      * apply MApp.
        -- apply IH1.
        -- apply IH2.
      * apply MApp.
        -- apply IH1.
        -- apply IH2.
    + destruct re2.
      * inversion IH2.
      * inversion IH2. rewrite app_nil_r.  apply IH1.
      * apply MApp.
        -- apply IH1.
        -- apply IH2.
      * apply MApp.
        -- apply IH1.
        -- apply IH2.
      * apply MApp.
        -- apply IH1.
        -- apply IH2.
      * apply MApp.
        -- apply IH1.
        -- apply IH2.
    + destruct re2.
      * inversion IH2.
      * inversion IH2. rewrite app_nil_r. apply IH1.
      * apply MApp.
        -- apply IH1.
        -- apply IH2.
      * apply MApp.
        -- apply IH1.
        -- apply IH2.
      * apply MApp.
        -- apply IH1.
        -- apply IH2.
      * apply MApp.
        -- apply IH1.
        -- apply IH2.
    + destruct re2.
      * inversion IH2.
      * inversion IH2. rewrite app_nil_r. apply IH1.
      * apply MApp.
        -- apply IH1.
        -- apply IH2.
      * apply MApp.
        -- apply IH1.
        -- apply IH2.
      * apply MApp.
        -- apply IH1.
        -- apply IH2.
      * apply MApp.
        -- apply IH1.
        -- apply IH2.
  -  simpl.
    destruct re1.
    + inversion IH.
    + destruct re2.
      * apply IH.
      * apply MUnionL. apply IH.
      * apply MUnionL. apply IH.
      * apply MUnionL. apply IH.
      * apply MUnionL. apply IH.
      * apply MUnionL. apply IH.
    + destruct re2.
      * apply IH.
      * apply MUnionL. apply IH.
      * apply MUnionL. apply IH.
      * apply MUnionL. apply IH.
      * apply MUnionL. apply IH.
      * apply MUnionL. apply IH.
    + destruct re2.
      * apply IH.
      * apply MUnionL. apply IH.
      * apply MUnionL. apply IH.
      * apply MUnionL. apply IH.
      * apply MUnionL. apply IH.
      * apply MUnionL. apply IH.
    + destruct re2.
      * apply IH.
      * apply MUnionL. apply IH.
      * apply MUnionL. apply IH.
      * apply MUnionL. apply IH.
      * apply MUnionL. apply IH.
      * apply MUnionL. apply IH.
    + destruct re2.
      * apply IH.
      * apply MUnionL. apply IH.
      * apply MUnionL. apply IH.
      * apply MUnionL. apply IH.
      * apply MUnionL. apply IH.
      * apply MUnionL. apply IH.
  -  simpl.
    destruct re1.
    + apply IH.
    + destruct re2.
      * inversion IH.
      * apply MUnionR. apply IH.
      * apply MUnionR. apply IH.
      * apply MUnionR. apply IH.
      * apply MUnionR. apply IH.
      * apply MUnionR. apply IH.
    + destruct re2.
      * inversion IH.
      * apply MUnionR. apply IH.
      * apply MUnionR. apply IH.
      * apply MUnionR. apply IH.
      * apply MUnionR. apply IH.
      * apply MUnionR. apply IH.
    + destruct re2.
      * inversion IH.
      * apply MUnionR. apply IH.
      * apply MUnionR. apply IH.
      * apply MUnionR. apply IH.
      * apply MUnionR. apply IH.
      * apply MUnionR. apply IH.
    + destruct re2.
      * inversion IH.
      * apply MUnionR. apply IH.
      * apply MUnionR. apply IH.
      * apply MUnionR. apply IH.
      * apply MUnionR. apply IH.
      * apply MUnionR. apply IH.
    + destruct re2.
      * inversion IH.
      * apply MUnionR. apply IH.
      * apply MUnionR. apply IH.
      * apply MUnionR. apply IH.
      * apply MUnionR. apply IH.
      * apply MUnionR. apply IH.
 -  simpl.
    destruct re.
    + apply MEmpty.
    + apply MEmpty.
    + apply MStar0.
    + apply MStar0.
    + apply MStar0.
    + simpl.
      destruct re.
      * apply MStar0.
      * apply MStar0.
      * apply MStar0.
      * apply MStar0.
      * apply MStar0.
      * apply MStar0.
 -  simpl.
   destruct re.
   + inversion IH1.
   + inversion IH1. inversion IH2. apply MEmpty.
   + apply star_app.
     * apply MStar1. apply IH1.
     * apply IH2.
   + apply star_app.
     * apply MStar1.  apply IH1.
     * apply IH2.
   + apply star_app.
     * apply MStar1.  apply IH1.
     * apply IH2.
   + apply star_app.
     * apply MStar1.  apply IH1.
     * apply IH2.
Qed.



Lemma re_opt_match' : forall T (re: reg_exp T) s,
  s =~ re -> s =~ re_opt re.
Proof.
  intros T re s M.
  induction M
    as [| x'
        | s1 re1 s2 re2 Hmatch1 IH1 Hmatch2 IH2
        | s1 re1 re2 Hmatch IH | re1 s2 re2 Hmatch IH
        | re | s1 s2 re Hmatch1 IH1 Hmatch2 IH2].
  -  simpl; apply MEmpty.
  -  simpl; apply MChar.
  - 
    simpl;
      destruct re1;
      [inversion IH1 | inversion IH1; simpl; destruct re2; apply IH2 | | | |];
      (destruct re2;
       [inversion IH2 | inversion IH2; rewrite app_nil_r; apply IH1 | | | | ];
       (apply MApp; [apply IH1 | apply IH2])).
  - 
    simpl;
      destruct re1;
      [inversion IH | | | | |];
      destruct re2; try apply MUnionL; apply IH.
  - 
    simpl;
      destruct re1;
      [apply IH | | | | |];
      (destruct re2; [inversion IH | | | | |]; apply MUnionR; apply IH).
 - 
   simpl;
     destruct re; try apply MEmpty; try apply MStar0.
 - 
   simpl;
    destruct re;
    [inversion IH1 | inversion IH1; inversion IH2; apply MEmpty | | | |];
    (apply star_app; [apply MStar1; apply IH1 | apply IH2]).
Qed.

Definition manual_grade_for_re_opt : option (nat*string) := None.







Theorem hyp_name : forall (P : Prop), P -> P.
Proof.
  intros P HP. apply HP.
Qed.








Theorem no_hyp_name : forall (P : Prop), P -> P.
Proof.
  intros. assumption.
Qed.








Theorem false_assumed : False -> 0 = 1.
Proof.
  intros H. destruct H.
Qed.

Theorem false_assumed' : False -> 0 = 1.
Proof.
  intros. contradiction.
Qed.

Theorem contras : forall (P : Prop), P -> ~P -> 0 = 1.
Proof.
  intros P HP HNP. exfalso. apply HNP. apply HP.
Qed.

Theorem contras' : forall (P : Prop), P -> ~P -> 0 = 1.
Proof.
  intros. contradiction.
Qed.






Theorem many_eq : forall (n m o p : nat),
  n = m ->
  o = p ->
  [n; o] = [m; p].
Proof.
  intros n m o p Hnm Hop. rewrite Hnm. rewrite Hop. reflexivity.
Qed.

Theorem many_eq' : forall (n m o p : nat),
  n = m ->
  o = p ->
  [n; o] = [m; p].
Proof.
  intros. subst. reflexivity.
Qed.








Check ev_0 : ev 0.
Check ev_SS : forall n : nat, ev n -> ev (S (S n)).

Example constructor_example: forall (n:nat),
    ev (n + n).
Proof.
  induction n; simpl.
  - constructor. 
  - rewrite add_comm. simpl. constructor. 
    assumption.
Qed.













From Coq Require Import Lia.

Theorem lia_succeed1 : forall (n : nat),
  n > 0 -> n * 2 > n.
Proof. lia. Qed.

Theorem lia_succeed2 : forall (n m : nat),
    n * m = m * n.
Proof.
  lia. 
Qed.

Theorem lia_fail1 : 0 = 1.
Proof.
  Fail lia. 
Abort.

Theorem lia_fail2 : forall (n : nat),
    n >= 1 -> 2 ^ n = 2 * 2 ^ (n - 1).
Proof.
  Fail lia. 
Abort.



Require Import Ring.

Theorem mult_comm : forall (n m : nat),
    n * m = m * n.
Proof.
  intros n m. ring.
Qed.








Lemma composition_of_functions_is_commutative_3 : forall A : Type, forall B : Type, forall C : Type, forall f : A -> B, forall g : B -> C, forall x : A, forall y : B, forall H : y = f x, g y = g (f x).

Proof.
(*
    We will prove the lemma by induction on the equality H : y = f x.
The base case will be when y = f x, and we will show that g y = g (f x).
The inductive case will be when y = f x, and we will show that g y = g (f x).
*)
  intros A B C f g x y H.
(*
    In the base case, we have y = f x, and we need to show that g y = g (f x).
This is straightforward, because y = f x, so g y = g (f x).
*)
  reflexivity.
(*
    In the inductive case, we have y = f x, and we need to show that g y = g (f x).
This is also straightforward, because y = f x, so g y = g (f x).
*)
  reflexivity.
Qed.

Outdated contents in ..cache: recomputing
ERROR MESSAGE IN LEMMA PROOF (FRAGMENT #1446)
Error in step "reflexivity.".
Message: In environment
A : Type
B : Type
C : Type
f : A -> B
g : B -> C
x : A
y : B
H : y = f x
Unable to unify "g (f x)" with "g y"..
Goal: g y = g (f x).


TRYING TO PROVE LEMMA
Lemma composition_of_functions_is_commutative_4 : forall A : Type, forall B : Type, forall C : Type, forall f : A -> B, forall g : B -> C, forall x : A, forall y : B, forall H : y = f x, g y = g (f x).


ATTEMPTED LEMMA PROOF (LEMMAS USED: 5)




Set Warnings "-notation-overridden,-parsing,-deprecated-hint-without-locality".
From Coq Require Import Arith List.
From LF Require Import IndProp.



Fixpoint re_opt_e {T:Type} (re: reg_exp T) : reg_exp T :=
  match re with
  | App EmptyStr re2 => re_opt_e re2
  | App re1 re2 => App (re_opt_e re1) (re_opt_e re2)
  | Union re1 re2 => Union (re_opt_e re1) (re_opt_e re2)
  | Star re => Star (re_opt_e re)
  | _ => re
  end.



Lemma re_opt_e_match : forall T (re: reg_exp T) s,
  s =~ re -> s =~ re_opt_e re.
Proof.
  intros T re s M.
  induction M
    as [| x'
        | s1 re1 s2 re2 Hmatch1 IH1 Hmatch2 IH2
        | s1 re1 re2 Hmatch IH | re1 s2 re2 Hmatch IH
        | re | s1 s2 re Hmatch1 IH1 Hmatch2 IH2].
  -  simpl. apply MEmpty.
  -  simpl. apply MChar.
  -  simpl.
    destruct re1.
    + apply MApp.
      * apply IH1.
      * apply IH2.
    + inversion Hmatch1. simpl. apply IH2.
    + apply MApp.
      * apply IH1.
      * apply IH2.
    + apply MApp.
      * apply IH1.
      * apply IH2.
    + apply MApp.
      * apply IH1.
      * apply IH2.
    + apply MApp.
      * apply IH1.
      * apply IH2.
  -  simpl. apply MUnionL. apply IH.
  -  simpl. apply MUnionR. apply IH.
  -  simpl. apply MStar0.
  -  simpl. apply MStarApp.
    * apply IH1.
    * apply IH2.
Qed.













Theorem silly1 : forall n, 1 + n = S n.
Proof. try reflexivity.  Qed.

Theorem silly2 : forall (P : Prop), P -> P.
Proof.
  intros P HP.
  Fail reflexivity.
  try reflexivity. 
  apply HP.
Qed.










Lemma simple_semi : forall n, (n + 1 =? 0) = false.
Proof.
  intros n.
  destruct n eqn:E.
    
    -  simpl. reflexivity.
    -  simpl. reflexivity.
Qed.



Lemma simple_semi' : forall n, (n + 1 =? 0) = false.
Proof.
  intros n.
  
  destruct n;
  
  simpl;
  
  reflexivity.
Qed.



Lemma simple_semi'' : forall n, (n + 1 =? 0) = false.
Proof.
  destruct n; reflexivity.
Qed.





Theorem andb_eq_orb :
  forall (b c : bool),
  (andb b c = orb b c) ->
  b = c.
Proof. destruct b; destruct c; try reflexivity; try discriminate. Qed.

Theorem add_assoc : forall n m p : nat,
    n + (m + p) = (n + m) + p.
Proof. intros n m p; induction n as [| n' IHn']; try (simpl; rewrite IHn'); reflexivity. Qed.

Fixpoint nonzeros (lst : list nat) :=
  match lst with
  | [] => []
  | 0 :: t => nonzeros t
  | h :: t => h :: nonzeros t
  end.

Lemma nonzeros_app : forall lst1 lst2 : list nat,
  nonzeros (lst1 ++ lst2) = (nonzeros lst1) ++ (nonzeros lst2).
Proof. intros lst1 lst2; induction lst1 as [|h t IH]; try (destruct h; simpl; rewrite <- IH); reflexivity. Qed.





Lemma re_opt_e_match' : forall T (re: reg_exp T) s,
  s =~ re -> s =~ re_opt_e re.
Proof.
  intros T re s M.
  induction M
    as [| x'
        | s1 re1 s2 re2 Hmatch1 IH1 Hmatch2 IH2
        | s1 re1 re2 Hmatch IH | re1 s2 re2 Hmatch IH
        | re | s1 s2 re Hmatch1 IH1 Hmatch2 IH2];
    
    simpl.
  -  apply MEmpty.
  -  apply MChar.
  - 
    destruct re1;
    
    try (apply MApp; try apply IH1; apply IH2).
    
    inversion Hmatch1. simpl. apply IH2.
  -  apply MUnionL. apply IH.
  -  apply MUnionR. apply IH.
  -  apply MStar0.
  -   apply MStarApp. apply IH1.  apply IH2.
Qed.






Theorem app_length : forall (X : Type) (lst1 lst2 : list X),
    length (lst1 ++ lst2) = (length lst1) + (length lst2).
Proof.
  intros; induction lst1;
    [reflexivity | simpl; rewrite IHlst1; reflexivity].
Qed.



Theorem app_length' : forall (X : Type) (lst1 lst2 : list X),
    length (lst1 ++ lst2) = (length lst1) + (length lst2).
Proof.
  intros; induction lst1;
    [idtac | simpl; rewrite IHlst1];
    reflexivity.
Qed.





Theorem add_assoc' : forall n m p : nat,
    n + (m + p) = (n + m) + p.
Proof. intros n m p; induction n as [| n' IHn']; [| simpl; rewrite IHn']; reflexivity. Qed.





Lemma re_opt_e_match'' : forall T (re: reg_exp T) s,
  s =~ re -> s =~ re_opt_e re.
Proof.
  intros T re s M.
  induction M
    as [| x'
        | s1 re1 s2 re2 Hmatch1 IH1 Hmatch2 IH2
        | s1 re1 re2 Hmatch IH | re1 s2 re2 Hmatch IH
        | re | s1 s2 re Hmatch1 IH1 Hmatch2 IH2];
    
    simpl.
  -  apply MEmpty.
  -  apply MChar.
  - 
    destruct re1;
    try (apply MApp; [apply IH1 | apply IH2]).  
    inversion Hmatch1. simpl. apply IH2.
  -  apply MUnionL. apply IH.
  -  apply MUnionR. apply IH.
  -  apply MStar0.
  -   apply MStarApp; [apply IH1 | apply IH2].  
Qed.






Theorem In10 : In 10 [1;2;3;4;5;6;7;8;9;10].
Proof.
  repeat (try (left; reflexivity); right).
Qed.



Theorem In10' : In 10 [1;2;3;4;5;6;7;8;9;10].
Proof.
  repeat (left; reflexivity).
  repeat (right; try (left; reflexivity)).
Qed.





Theorem ev100: ev 100.
Proof. repeat (apply ev_SS). apply ev_0. Qed.









Fixpoint re_opt {T:Type} (re: reg_exp T) : reg_exp T :=
  match re with
  | App _ EmptySet => EmptySet
  | App EmptyStr re2 => re_opt re2
  | App re1 EmptyStr => re_opt re1
  | App re1 re2 => App (re_opt re1) (re_opt re2)
  | Union EmptySet re2 => re_opt re2
  | Union re1 EmptySet => re_opt re1
  | Union re1 re2 => Union (re_opt re1) (re_opt re2)
  | Star EmptySet => EmptyStr
  | Star EmptyStr => EmptyStr
  | Star re => Star (re_opt re)
  | EmptySet => EmptySet
  | EmptyStr => EmptyStr
  | Char x => Char x
  end.



Lemma re_opt_match : forall T (re: reg_exp T) s,
  s =~ re -> s =~ re_opt re.
Proof.
  intros T re s M.
  induction M
    as [| x'
        | s1 re1 s2 re2 Hmatch1 IH1 Hmatch2 IH2
        | s1 re1 re2 Hmatch IH | re1 s2 re2 Hmatch IH
        | re | s1 s2 re Hmatch1 IH1 Hmatch2 IH2].
  -  simpl. apply MEmpty.
  -  simpl. apply MChar.
  -  simpl.
    destruct re1.
    + inversion IH1.
    + inversion IH1. simpl. destruct re2.
      * apply IH2.
      * apply IH2.
      * apply IH2.
      * apply IH2.
      * apply IH2.
      * apply IH2.
    + destruct re2.
      * inversion IH2.
      * inversion IH2. rewrite app_nil_r. apply IH1.
      * apply MApp.
        -- apply IH1.
        -- apply IH2.
      * apply MApp.
        -- apply IH1.
        -- apply IH2.
      * apply MApp.
        -- apply IH1.
        -- apply IH2.
      * apply MApp.
        -- apply IH1.
        -- apply IH2.
    + destruct re2.
      * inversion IH2.
      * inversion IH2. rewrite app_nil_r.  apply IH1.
      * apply MApp.
        -- apply IH1.
        -- apply IH2.
      * apply MApp.
        -- apply IH1.
        -- apply IH2.
      * apply MApp.
        -- apply IH1.
        -- apply IH2.
      * apply MApp.
        -- apply IH1.
        -- apply IH2.
    + destruct re2.
      * inversion IH2.
      * inversion IH2. rewrite app_nil_r. apply IH1.
      * apply MApp.
        -- apply IH1.
        -- apply IH2.
      * apply MApp.
        -- apply IH1.
        -- apply IH2.
      * apply MApp.
        -- apply IH1.
        -- apply IH2.
      * apply MApp.
        -- apply IH1.
        -- apply IH2.
    + destruct re2.
      * inversion IH2.
      * inversion IH2. rewrite app_nil_r. apply IH1.
      * apply MApp.
        -- apply IH1.
        -- apply IH2.
      * apply MApp.
        -- apply IH1.
        -- apply IH2.
      * apply MApp.
        -- apply IH1.
        -- apply IH2.
      * apply MApp.
        -- apply IH1.
        -- apply IH2.
  -  simpl.
    destruct re1.
    + inversion IH.
    + destruct re2.
      * apply IH.
      * apply MUnionL. apply IH.
      * apply MUnionL. apply IH.
      * apply MUnionL. apply IH.
      * apply MUnionL. apply IH.
      * apply MUnionL. apply IH.
    + destruct re2.
      * apply IH.
      * apply MUnionL. apply IH.
      * apply MUnionL. apply IH.
      * apply MUnionL. apply IH.
      * apply MUnionL. apply IH.
      * apply MUnionL. apply IH.
    + destruct re2.
      * apply IH.
      * apply MUnionL. apply IH.
      * apply MUnionL. apply IH.
      * apply MUnionL. apply IH.
      * apply MUnionL. apply IH.
      * apply MUnionL. apply IH.
    + destruct re2.
      * apply IH.
      * apply MUnionL. apply IH.
      * apply MUnionL. apply IH.
      * apply MUnionL. apply IH.
      * apply MUnionL. apply IH.
      * apply MUnionL. apply IH.
    + destruct re2.
      * apply IH.
      * apply MUnionL. apply IH.
      * apply MUnionL. apply IH.
      * apply MUnionL. apply IH.
      * apply MUnionL. apply IH.
      * apply MUnionL. apply IH.
  -  simpl.
    destruct re1.
    + apply IH.
    + destruct re2.
      * inversion IH.
      * apply MUnionR. apply IH.
      * apply MUnionR. apply IH.
      * apply MUnionR. apply IH.
      * apply MUnionR. apply IH.
      * apply MUnionR. apply IH.
    + destruct re2.
      * inversion IH.
      * apply MUnionR. apply IH.
      * apply MUnionR. apply IH.
      * apply MUnionR. apply IH.
      * apply MUnionR. apply IH.
      * apply MUnionR. apply IH.
    + destruct re2.
      * inversion IH.
      * apply MUnionR. apply IH.
      * apply MUnionR. apply IH.
      * apply MUnionR. apply IH.
      * apply MUnionR. apply IH.
      * apply MUnionR. apply IH.
    + destruct re2.
      * inversion IH.
      * apply MUnionR. apply IH.
      * apply MUnionR. apply IH.
      * apply MUnionR. apply IH.
      * apply MUnionR. apply IH.
      * apply MUnionR. apply IH.
    + destruct re2.
      * inversion IH.
      * apply MUnionR. apply IH.
      * apply MUnionR. apply IH.
      * apply MUnionR. apply IH.
      * apply MUnionR. apply IH.
      * apply MUnionR. apply IH.
 -  simpl.
    destruct re.
    + apply MEmpty.
    + apply MEmpty.
    + apply MStar0.
    + apply MStar0.
    + apply MStar0.
    + simpl.
      destruct re.
      * apply MStar0.
      * apply MStar0.
      * apply MStar0.
      * apply MStar0.
      * apply MStar0.
      * apply MStar0.
 -  simpl.
   destruct re.
   + inversion IH1.
   + inversion IH1. inversion IH2. apply MEmpty.
   + apply star_app.
     * apply MStar1. apply IH1.
     * apply IH2.
   + apply star_app.
     * apply MStar1.  apply IH1.
     * apply IH2.
   + apply star_app.
     * apply MStar1.  apply IH1.
     * apply IH2.
   + apply star_app.
     * apply MStar1.  apply IH1.
     * apply IH2.
Qed.



Lemma re_opt_match' : forall T (re: reg_exp T) s,
  s =~ re -> s =~ re_opt re.
Proof.
  intros T re s M.
  induction M
    as [| x'
        | s1 re1 s2 re2 Hmatch1 IH1 Hmatch2 IH2
        | s1 re1 re2 Hmatch IH | re1 s2 re2 Hmatch IH
        | re | s1 s2 re Hmatch1 IH1 Hmatch2 IH2].
  -  simpl; apply MEmpty.
  -  simpl; apply MChar.
  - 
    simpl;
      destruct re1;
      [inversion IH1 | inversion IH1; simpl; destruct re2; apply IH2 | | | |];
      (destruct re2;
       [inversion IH2 | inversion IH2; rewrite app_nil_r; apply IH1 | | | | ];
       (apply MApp; [apply IH1 | apply IH2])).
  - 
    simpl;
      destruct re1;
      [inversion IH | | | | |];
      destruct re2; try apply MUnionL; apply IH.
  - 
    simpl;
      destruct re1;
      [apply IH | | | | |];
      (destruct re2; [inversion IH | | | | |]; apply MUnionR; apply IH).
 - 
   simpl;
     destruct re; try apply MEmpty; try apply MStar0.
 - 
   simpl;
    destruct re;
    [inversion IH1 | inversion IH1; inversion IH2; apply MEmpty | | | |];
    (apply star_app; [apply MStar1; apply IH1 | apply IH2]).
Qed.

Definition manual_grade_for_re_opt : option (nat*string) := None.







Theorem hyp_name : forall (P : Prop), P -> P.
Proof.
  intros P HP. apply HP.
Qed.








Theorem no_hyp_name : forall (P : Prop), P -> P.
Proof.
  intros. assumption.
Qed.








Theorem false_assumed : False -> 0 = 1.
Proof.
  intros H. destruct H.
Qed.

Theorem false_assumed' : False -> 0 = 1.
Proof.
  intros. contradiction.
Qed.

Theorem contras : forall (P : Prop), P -> ~P -> 0 = 1.
Proof.
  intros P HP HNP. exfalso. apply HNP. apply HP.
Qed.

Theorem contras' : forall (P : Prop), P -> ~P -> 0 = 1.
Proof.
  intros. contradiction.
Qed.






Theorem many_eq : forall (n m o p : nat),
  n = m ->
  o = p ->
  [n; o] = [m; p].
Proof.
  intros n m o p Hnm Hop. rewrite Hnm. rewrite Hop. reflexivity.
Qed.

Theorem many_eq' : forall (n m o p : nat),
  n = m ->
  o = p ->
  [n; o] = [m; p].
Proof.
  intros. subst. reflexivity.
Qed.








Check ev_0 : ev 0.
Check ev_SS : forall n : nat, ev n -> ev (S (S n)).

Example constructor_example: forall (n:nat),
    ev (n + n).
Proof.
  induction n; simpl.
  - constructor. 
  - rewrite add_comm. simpl. constructor. 
    assumption.
Qed.













From Coq Require Import Lia.

Theorem lia_succeed1 : forall (n : nat),
  n > 0 -> n * 2 > n.
Proof. lia. Qed.

Theorem lia_succeed2 : forall (n m : nat),
    n * m = m * n.
Proof.
  lia. 
Qed.

Theorem lia_fail1 : 0 = 1.
Proof.
  Fail lia. 
Abort.

Theorem lia_fail2 : forall (n : nat),
    n >= 1 -> 2 ^ n = 2 * 2 ^ (n - 1).
Proof.
  Fail lia. 
Abort.



Require Import Ring.

Theorem mult_comm : forall (n m : nat),
    n * m = m * n.
Proof.
  intros n m. ring.
Qed.








Lemma composition_of_functions_is_commutative_4 : forall A : Type, forall B : Type, forall C : Type, forall f : A -> B, forall g : B -> C, forall x : A, forall y : B, forall H : y = f x, g y = g (f x).

Proof.
(*
    We will prove the lemma by induction on the type A.
The base case will be when A is a nat, and we will use the induction hypothesis for the rest of the cases.
*)
  intros A B C f g x y H.
(*
    We will also need to use the equality type, which is defined as follows:
    Definition eq {A : Type} (a : A) (b : A) := a = b.
*)
  induction A as [| n A' IH].
- (* A = nat *)
    (*
      In this case, we will use the induction hypothesis for the type A'.
We will also need to use the induction hypothesis for the type A' -> B.
*)
    induction A' as [| A'' IH'].
- (* A' = A'' -> B *)
      (*
        In this case, we will use the induction hypothesis for the type A'' -> B -> C.
*)
      induction A'' as [| A''' IH'''].
- (* A'' = A''' -> B -> C *)
        (*
          In this case, we will use the induction hypothesis for the type A''' -> B.
*)
        induction A''' as [| A'''' IH'''].
- (* A''' = A'''' -> B *)
          (*
            In this case, we will use the induction hypothesis for the type A'''' -> C.
*)
          induction A'''' as [| A''''' IH''''].
- (* A'''' = A''''' -> C *)
            (*
              In this case, we will use the induction hypothesis for the type A''''' -> B.
*)
            induction A''''' as [| A'''''' IH'''''].
- (* A''''' = A'''''' -> B *)
              (*
                In this case, we will use the induction hypothesis for the type A'''''' -> C.
*)
              induction A'''''' as [| A''''''' IH''''''].
- (* A'''''' = A''''''' -> C *)
                (*
                  In this case, we
Qed.

Outdated contents in ..cache: recomputing
ERROR MESSAGE IN LEMMA PROOF (FRAGMENT #1446)
Error in step "induction A as [| n A' IH].".
Message: Not an inductive definition..
Goal: g y = g (f x).


TRYING TO PROVE LEMMA
Lemma composition_of_functions_is_commutative_5 : forall A : Type, forall B : Type, forall C : Type, forall f : A -> B, forall g : B -> C, forall x : A, forall y : B, forall H : y = f x, g y = g (f x).


Error proving eq_example1
MAX LEMMA DEPTH REACHED. GIVING UP.