PROVING auto_example_4
ATTEMPTED EXAMPLE PROOF (LEMMAS USED: 0)




Set Warnings "-notation-overridden,-parsing,-deprecated-hint-without-locality".
From Coq Require Import Arith List.
From LF Require Import IndProp.



Fixpoint re_opt_e {T:Type} (re: reg_exp T) : reg_exp T :=
  match re with
  | App EmptyStr re2 => re_opt_e re2
  | App re1 re2 => App (re_opt_e re1) (re_opt_e re2)
  | Union re1 re2 => Union (re_opt_e re1) (re_opt_e re2)
  | Star re => Star (re_opt_e re)
  | _ => re
  end.



Lemma re_opt_e_match : forall T (re: reg_exp T) s,
  s =~ re -> s =~ re_opt_e re.
Proof.
  intros T re s M.
  induction M
    as [| x'
        | s1 re1 s2 re2 Hmatch1 IH1 Hmatch2 IH2
        | s1 re1 re2 Hmatch IH | re1 s2 re2 Hmatch IH
        | re | s1 s2 re Hmatch1 IH1 Hmatch2 IH2].
  -  simpl. apply MEmpty.
  -  simpl. apply MChar.
  -  simpl.
    destruct re1.
    + apply MApp.
      * apply IH1.
      * apply IH2.
    + inversion Hmatch1. simpl. apply IH2.
    + apply MApp.
      * apply IH1.
      * apply IH2.
    + apply MApp.
      * apply IH1.
      * apply IH2.
    + apply MApp.
      * apply IH1.
      * apply IH2.
    + apply MApp.
      * apply IH1.
      * apply IH2.
  -  simpl. apply MUnionL. apply IH.
  -  simpl. apply MUnionR. apply IH.
  -  simpl. apply MStar0.
  -  simpl. apply MStarApp.
    * apply IH1.
    * apply IH2.
Qed.













Theorem silly1 : forall n, 1 + n = S n.
Proof. try reflexivity.  Qed.

Theorem silly2 : forall (P : Prop), P -> P.
Proof.
  intros P HP.
  Fail reflexivity.
  try reflexivity. 
  apply HP.
Qed.










Lemma simple_semi : forall n, (n + 1 =? 0) = false.
Proof.
  intros n.
  destruct n eqn:E.
    
    -  simpl. reflexivity.
    -  simpl. reflexivity.
Qed.



Lemma simple_semi' : forall n, (n + 1 =? 0) = false.
Proof.
  intros n.
  
  destruct n;
  
  simpl;
  
  reflexivity.
Qed.



Lemma simple_semi'' : forall n, (n + 1 =? 0) = false.
Proof.
  destruct n; reflexivity.
Qed.





Theorem andb_eq_orb :
  forall (b c : bool),
  (andb b c = orb b c) ->
  b = c.
Proof. destruct b; destruct c; try reflexivity; try discriminate. Qed.

Theorem add_assoc : forall n m p : nat,
    n + (m + p) = (n + m) + p.
Proof. intros n m p; induction n as [| n' IHn']; try (simpl; rewrite IHn'); reflexivity. Qed.

Fixpoint nonzeros (lst : list nat) :=
  match lst with
  | [] => []
  | 0 :: t => nonzeros t
  | h :: t => h :: nonzeros t
  end.

Lemma nonzeros_app : forall lst1 lst2 : list nat,
  nonzeros (lst1 ++ lst2) = (nonzeros lst1) ++ (nonzeros lst2).
Proof. intros lst1 lst2; induction lst1 as [|h t IH]; try (destruct h; simpl; rewrite <- IH); reflexivity. Qed.





Lemma re_opt_e_match' : forall T (re: reg_exp T) s,
  s =~ re -> s =~ re_opt_e re.
Proof.
  intros T re s M.
  induction M
    as [| x'
        | s1 re1 s2 re2 Hmatch1 IH1 Hmatch2 IH2
        | s1 re1 re2 Hmatch IH | re1 s2 re2 Hmatch IH
        | re | s1 s2 re Hmatch1 IH1 Hmatch2 IH2];
    
    simpl.
  -  apply MEmpty.
  -  apply MChar.
  - 
    destruct re1;
    
    try (apply MApp; try apply IH1; apply IH2).
    
    inversion Hmatch1. simpl. apply IH2.
  -  apply MUnionL. apply IH.
  -  apply MUnionR. apply IH.
  -  apply MStar0.
  -   apply MStarApp. apply IH1.  apply IH2.
Qed.






Theorem app_length : forall (X : Type) (lst1 lst2 : list X),
    length (lst1 ++ lst2) = (length lst1) + (length lst2).
Proof.
  intros; induction lst1;
    [reflexivity | simpl; rewrite IHlst1; reflexivity].
Qed.



Theorem app_length' : forall (X : Type) (lst1 lst2 : list X),
    length (lst1 ++ lst2) = (length lst1) + (length lst2).
Proof.
  intros; induction lst1;
    [idtac | simpl; rewrite IHlst1];
    reflexivity.
Qed.





Theorem add_assoc' : forall n m p : nat,
    n + (m + p) = (n + m) + p.
Proof. intros n m p; induction n as [| n' IHn']; [| simpl; rewrite IHn']; reflexivity. Qed.





Lemma re_opt_e_match'' : forall T (re: reg_exp T) s,
  s =~ re -> s =~ re_opt_e re.
Proof.
  intros T re s M.
  induction M
    as [| x'
        | s1 re1 s2 re2 Hmatch1 IH1 Hmatch2 IH2
        | s1 re1 re2 Hmatch IH | re1 s2 re2 Hmatch IH
        | re | s1 s2 re Hmatch1 IH1 Hmatch2 IH2];
    
    simpl.
  -  apply MEmpty.
  -  apply MChar.
  - 
    destruct re1;
    try (apply MApp; [apply IH1 | apply IH2]).  
    inversion Hmatch1. simpl. apply IH2.
  -  apply MUnionL. apply IH.
  -  apply MUnionR. apply IH.
  -  apply MStar0.
  -   apply MStarApp; [apply IH1 | apply IH2].  
Qed.






Theorem In10 : In 10 [1;2;3;4;5;6;7;8;9;10].
Proof.
  repeat (try (left; reflexivity); right).
Qed.



Theorem In10' : In 10 [1;2;3;4;5;6;7;8;9;10].
Proof.
  repeat (left; reflexivity).
  repeat (right; try (left; reflexivity)).
Qed.





Theorem ev100: ev 100.
Proof. repeat (apply ev_SS). apply ev_0. Qed.









Fixpoint re_opt {T:Type} (re: reg_exp T) : reg_exp T :=
  match re with
  | App _ EmptySet => EmptySet
  | App EmptyStr re2 => re_opt re2
  | App re1 EmptyStr => re_opt re1
  | App re1 re2 => App (re_opt re1) (re_opt re2)
  | Union EmptySet re2 => re_opt re2
  | Union re1 EmptySet => re_opt re1
  | Union re1 re2 => Union (re_opt re1) (re_opt re2)
  | Star EmptySet => EmptyStr
  | Star EmptyStr => EmptyStr
  | Star re => Star (re_opt re)
  | EmptySet => EmptySet
  | EmptyStr => EmptyStr
  | Char x => Char x
  end.



Lemma re_opt_match : forall T (re: reg_exp T) s,
  s =~ re -> s =~ re_opt re.
Proof.
  intros T re s M.
  induction M
    as [| x'
        | s1 re1 s2 re2 Hmatch1 IH1 Hmatch2 IH2
        | s1 re1 re2 Hmatch IH | re1 s2 re2 Hmatch IH
        | re | s1 s2 re Hmatch1 IH1 Hmatch2 IH2].
  -  simpl. apply MEmpty.
  -  simpl. apply MChar.
  -  simpl.
    destruct re1.
    + inversion IH1.
    + inversion IH1. simpl. destruct re2.
      * apply IH2.
      * apply IH2.
      * apply IH2.
      * apply IH2.
      * apply IH2.
      * apply IH2.
    + destruct re2.
      * inversion IH2.
      * inversion IH2. rewrite app_nil_r. apply IH1.
      * apply MApp.
        -- apply IH1.
        -- apply IH2.
      * apply MApp.
        -- apply IH1.
        -- apply IH2.
      * apply MApp.
        -- apply IH1.
        -- apply IH2.
      * apply MApp.
        -- apply IH1.
        -- apply IH2.
    + destruct re2.
      * inversion IH2.
      * inversion IH2. rewrite app_nil_r.  apply IH1.
      * apply MApp.
        -- apply IH1.
        -- apply IH2.
      * apply MApp.
        -- apply IH1.
        -- apply IH2.
      * apply MApp.
        -- apply IH1.
        -- apply IH2.
      * apply MApp.
        -- apply IH1.
        -- apply IH2.
    + destruct re2.
      * inversion IH2.
      * inversion IH2. rewrite app_nil_r. apply IH1.
      * apply MApp.
        -- apply IH1.
        -- apply IH2.
      * apply MApp.
        -- apply IH1.
        -- apply IH2.
      * apply MApp.
        -- apply IH1.
        -- apply IH2.
      * apply MApp.
        -- apply IH1.
        -- apply IH2.
    + destruct re2.
      * inversion IH2.
      * inversion IH2. rewrite app_nil_r. apply IH1.
      * apply MApp.
        -- apply IH1.
        -- apply IH2.
      * apply MApp.
        -- apply IH1.
        -- apply IH2.
      * apply MApp.
        -- apply IH1.
        -- apply IH2.
      * apply MApp.
        -- apply IH1.
        -- apply IH2.
  -  simpl.
    destruct re1.
    + inversion IH.
    + destruct re2.
      * apply IH.
      * apply MUnionL. apply IH.
      * apply MUnionL. apply IH.
      * apply MUnionL. apply IH.
      * apply MUnionL. apply IH.
      * apply MUnionL. apply IH.
    + destruct re2.
      * apply IH.
      * apply MUnionL. apply IH.
      * apply MUnionL. apply IH.
      * apply MUnionL. apply IH.
      * apply MUnionL. apply IH.
      * apply MUnionL. apply IH.
    + destruct re2.
      * apply IH.
      * apply MUnionL. apply IH.
      * apply MUnionL. apply IH.
      * apply MUnionL. apply IH.
      * apply MUnionL. apply IH.
      * apply MUnionL. apply IH.
    + destruct re2.
      * apply IH.
      * apply MUnionL. apply IH.
      * apply MUnionL. apply IH.
      * apply MUnionL. apply IH.
      * apply MUnionL. apply IH.
      * apply MUnionL. apply IH.
    + destruct re2.
      * apply IH.
      * apply MUnionL. apply IH.
      * apply MUnionL. apply IH.
      * apply MUnionL. apply IH.
      * apply MUnionL. apply IH.
      * apply MUnionL. apply IH.
  -  simpl.
    destruct re1.
    + apply IH.
    + destruct re2.
      * inversion IH.
      * apply MUnionR. apply IH.
      * apply MUnionR. apply IH.
      * apply MUnionR. apply IH.
      * apply MUnionR. apply IH.
      * apply MUnionR. apply IH.
    + destruct re2.
      * inversion IH.
      * apply MUnionR. apply IH.
      * apply MUnionR. apply IH.
      * apply MUnionR. apply IH.
      * apply MUnionR. apply IH.
      * apply MUnionR. apply IH.
    + destruct re2.
      * inversion IH.
      * apply MUnionR. apply IH.
      * apply MUnionR. apply IH.
      * apply MUnionR. apply IH.
      * apply MUnionR. apply IH.
      * apply MUnionR. apply IH.
    + destruct re2.
      * inversion IH.
      * apply MUnionR. apply IH.
      * apply MUnionR. apply IH.
      * apply MUnionR. apply IH.
      * apply MUnionR. apply IH.
      * apply MUnionR. apply IH.
    + destruct re2.
      * inversion IH.
      * apply MUnionR. apply IH.
      * apply MUnionR. apply IH.
      * apply MUnionR. apply IH.
      * apply MUnionR. apply IH.
      * apply MUnionR. apply IH.
 -  simpl.
    destruct re.
    + apply MEmpty.
    + apply MEmpty.
    + apply MStar0.
    + apply MStar0.
    + apply MStar0.
    + simpl.
      destruct re.
      * apply MStar0.
      * apply MStar0.
      * apply MStar0.
      * apply MStar0.
      * apply MStar0.
      * apply MStar0.
 -  simpl.
   destruct re.
   + inversion IH1.
   + inversion IH1. inversion IH2. apply MEmpty.
   + apply star_app.
     * apply MStar1. apply IH1.
     * apply IH2.
   + apply star_app.
     * apply MStar1.  apply IH1.
     * apply IH2.
   + apply star_app.
     * apply MStar1.  apply IH1.
     * apply IH2.
   + apply star_app.
     * apply MStar1.  apply IH1.
     * apply IH2.
Qed.



Lemma re_opt_match' : forall T (re: reg_exp T) s,
  s =~ re -> s =~ re_opt re.
Proof.
  intros T re s M.
  induction M
    as [| x'
        | s1 re1 s2 re2 Hmatch1 IH1 Hmatch2 IH2
        | s1 re1 re2 Hmatch IH | re1 s2 re2 Hmatch IH
        | re | s1 s2 re Hmatch1 IH1 Hmatch2 IH2].
  -  simpl; apply MEmpty.
  -  simpl; apply MChar.
  - 
    simpl;
      destruct re1;
      [inversion IH1 | inversion IH1; simpl; destruct re2; apply IH2 | | | |];
      (destruct re2;
       [inversion IH2 | inversion IH2; rewrite app_nil_r; apply IH1 | | | | ];
       (apply MApp; [apply IH1 | apply IH2])).
  - 
    simpl;
      destruct re1;
      [inversion IH | | | | |];
      destruct re2; try apply MUnionL; apply IH.
  - 
    simpl;
      destruct re1;
      [apply IH | | | | |];
      (destruct re2; [inversion IH | | | | |]; apply MUnionR; apply IH).
 - 
   simpl;
     destruct re; try apply MEmpty; try apply MStar0.
 - 
   simpl;
    destruct re;
    [inversion IH1 | inversion IH1; inversion IH2; apply MEmpty | | | |];
    (apply star_app; [apply MStar1; apply IH1 | apply IH2]).
Qed.

Definition manual_grade_for_re_opt : option (nat*string) := None.







Theorem hyp_name : forall (P : Prop), P -> P.
Proof.
  intros P HP. apply HP.
Qed.








Theorem no_hyp_name : forall (P : Prop), P -> P.
Proof.
  intros. assumption.
Qed.








Theorem false_assumed : False -> 0 = 1.
Proof.
  intros H. destruct H.
Qed.

Theorem false_assumed' : False -> 0 = 1.
Proof.
  intros. contradiction.
Qed.

Theorem contras : forall (P : Prop), P -> ~P -> 0 = 1.
Proof.
  intros P HP HNP. exfalso. apply HNP. apply HP.
Qed.

Theorem contras' : forall (P : Prop), P -> ~P -> 0 = 1.
Proof.
  intros. contradiction.
Qed.






Theorem many_eq : forall (n m o p : nat),
  n = m ->
  o = p ->
  [n; o] = [m; p].
Proof.
  intros n m o p Hnm Hop. rewrite Hnm. rewrite Hop. reflexivity.
Qed.

Theorem many_eq' : forall (n m o p : nat),
  n = m ->
  o = p ->
  [n; o] = [m; p].
Proof.
  intros. subst. reflexivity.
Qed.








Check ev_0 : ev 0.
Check ev_SS : forall n : nat, ev n -> ev (S (S n)).

Example constructor_example: forall (n:nat),
    ev (n + n).
Proof.
  induction n; simpl.
  - constructor. 
  - rewrite add_comm. simpl. constructor. 
    assumption.
Qed.













From Coq Require Import Lia.

Theorem lia_succeed1 : forall (n : nat),
  n > 0 -> n * 2 > n.
Proof. lia. Qed.

Theorem lia_succeed2 : forall (n m : nat),
    n * m = m * n.
Proof.
  lia. 
Qed.

Theorem lia_fail1 : 0 = 1.
Proof.
  Fail lia. 
Abort.

Theorem lia_fail2 : forall (n : nat),
    n >= 1 -> 2 ^ n = 2 * 2 ^ (n - 1).
Proof.
  Fail lia. 
Abort.



Require Import Ring.

Theorem mult_comm : forall (n m : nat),
    n * m = m * n.
Proof.
  intros n m. ring.
Qed.






Theorem eq_example1 :
  forall (A B C : Type) (f : A -> B) (g : B -> C) (x : A) (y : B),
    y = f x -> g y = g (f x).
Proof.
  intros. rewrite H. reflexivity.
Qed.







Theorem eq_example1' :
  forall (A B C : Type) (f : A -> B) (g : B -> C) (x : A) (y : B),
    y = f x -> g y = g (f x).
Proof.
  congruence.
Qed.



Theorem eq_example2 : forall (n m o p : nat),
    n = m ->
    o = p ->
    (n, o) = (m, p).
Proof.
  congruence.
Qed.

Theorem eq_example3 : forall (X : Type) (h : X) (t : list X),
    [] <> h :: t.
Proof.
  congruence.
Qed.






Theorem intuition_succeed1 : forall (P : Prop),
    P -> P.
Proof. intuition. Qed.

Theorem intuition_succeed2 : forall (P Q : Prop),
    ~ (P \/ Q) -> ~P /\ ~Q.
Proof. intuition. Qed.

Theorem intuition_simplify1 : forall (P : Prop),
    ~~P -> P.
Proof.
  intuition. 
Abort.

Theorem intuition_simplify2 : forall (x y : nat) (P Q : nat -> Prop),
  x = y /\ (P x -> Q x) /\ P x -> Q y.
Proof.
  Fail congruence. 
  intuition. 
  congruence.
Qed.



Theorem intuition_simplify2' : forall (x y : nat) (P Q : nat -> Prop),
  x = y /\ (P x -> Q x) /\ P x -> Q y.
Proof.
  intuition congruence.
Qed.






Theorem plus_id_exercise_from_basics : forall n m o : nat,
  n = m -> m = o -> n + m = m + o.
Proof. lia. Qed.

Theorem add_assoc_from_induction : forall n m p : nat,
    n + (m + p) = (n + m) + p.
Proof. lia. Qed.

Theorem S_injective_from_tactics : forall (n m : nat),
  S n = S m ->
  n = m.
Proof. congruence. Qed.

Theorem or_distributes_over_and_from_logic : forall P Q R : Prop,
    P \/ (Q /\ R) <-> (P \/ Q) /\ (P \/ R).
Proof. intuition. Qed.













Example auto_example_1 : forall (P Q R: Prop),
  (P -> Q) -> (Q -> R) -> P -> R.
Proof.
  intros P Q R H1 H2 H3.
  apply H2. apply H1. apply H3.
Qed.



Example auto_example_1' : forall (P Q R: Prop),
  (P -> Q) -> (Q -> R) -> P -> R.
Proof.
  auto.
Qed.







Example auto_example_2 : forall P Q R S T U : Prop,
  (P -> Q) ->
  (P -> R) ->
  (T -> R) ->
  (S -> T -> U) ->
  ((P -> Q) -> (P -> S)) ->
  T ->
  P ->
  U.
Proof. auto. Qed.



Example auto_example_3 : forall (P Q R S T U: Prop),
  (P -> Q) ->
  (Q -> R) ->
  (R -> S) ->
  (S -> T) ->
  (T -> U) ->
  P ->
  U.
Proof.
  
  auto.
  
  auto 6.
Qed.





Example auto_example_4 : forall P Q R : Prop,
  Q ->
  (Q -> R) ->
  P \/ (Q /\ R).

Proof.
(* We will prove the theorem by induction on the constructors of P, Q, and R.
*)
  intros P Q R H.
destruct P as [ | P_and P1 P2 | P_or P1 P2 | P_impl P1 P2].
- (* Case P = True *)
    left.
apply H.
- (* Case P = False *)
    right.
left.
apply H.
- (* Case P = And *)
    destruct Q as [ | Q_and Q1 Q2 | Q_or Q1 Q2 | Q_impl Q1 Q2].
+ (* Case Q = And *)
      right.
left.
apply H.
+ (* Case Q = Or *)
      right.
right.
left.
apply H.
+ (* Case Q = Impl *)
      right.
right.
right.
apply H.
- (* Case P = Or *)
    destruct Q as [ | Q_and Q1 Q2 | Q_or Q1 Q2 | Q_impl Q1 Q2].
+ (* Case Q = And *)
      right.
left.
apply H.
+ (* Case Q = Or *)
      right.
right.
left.
apply H.
+ (* Case Q = Impl *)
      right.
right.
right.
apply H.
- (* Case P = Impl *)
    destruct Q as [ | Q_and Q1 Q2 | Q_or Q1 Q2 | Q_impl Q1 Q2].
+ (* Case Q = And *)
      right.
left.
apply H.
+ (* Case Q = Or *)
      right.
right.
left.
apply H.
+ (* Case Q = Impl *)
      right.
right.
right.
apply H.
Qed.

Outdated contents in ..cache: recomputing
ERROR MESSAGE IN EXAMPLE PROOF (FRAGMENT #1598)
Error in step "destruct P as [ | P_and P1 P2 | P_or P1 P2 | P_impl P1 P2].".
Message: Not an inductive definition..
Goal: (Q -> R) -> P \/ Q /\ R.


TRYING TO PROVE LEMMA
Lemma lemma_implication_distributive_over_conjunction_0 : forall P Q R : Prop, forall H : Q, (Q -> R) -> P \/ Q /\ R.


ATTEMPTED LEMMA PROOF (LEMMAS USED: 1)




Set Warnings "-notation-overridden,-parsing,-deprecated-hint-without-locality".
From Coq Require Import Arith List.
From LF Require Import IndProp.



Fixpoint re_opt_e {T:Type} (re: reg_exp T) : reg_exp T :=
  match re with
  | App EmptyStr re2 => re_opt_e re2
  | App re1 re2 => App (re_opt_e re1) (re_opt_e re2)
  | Union re1 re2 => Union (re_opt_e re1) (re_opt_e re2)
  | Star re => Star (re_opt_e re)
  | _ => re
  end.



Lemma re_opt_e_match : forall T (re: reg_exp T) s,
  s =~ re -> s =~ re_opt_e re.
Proof.
  intros T re s M.
  induction M
    as [| x'
        | s1 re1 s2 re2 Hmatch1 IH1 Hmatch2 IH2
        | s1 re1 re2 Hmatch IH | re1 s2 re2 Hmatch IH
        | re | s1 s2 re Hmatch1 IH1 Hmatch2 IH2].
  -  simpl. apply MEmpty.
  -  simpl. apply MChar.
  -  simpl.
    destruct re1.
    + apply MApp.
      * apply IH1.
      * apply IH2.
    + inversion Hmatch1. simpl. apply IH2.
    + apply MApp.
      * apply IH1.
      * apply IH2.
    + apply MApp.
      * apply IH1.
      * apply IH2.
    + apply MApp.
      * apply IH1.
      * apply IH2.
    + apply MApp.
      * apply IH1.
      * apply IH2.
  -  simpl. apply MUnionL. apply IH.
  -  simpl. apply MUnionR. apply IH.
  -  simpl. apply MStar0.
  -  simpl. apply MStarApp.
    * apply IH1.
    * apply IH2.
Qed.













Theorem silly1 : forall n, 1 + n = S n.
Proof. try reflexivity.  Qed.

Theorem silly2 : forall (P : Prop), P -> P.
Proof.
  intros P HP.
  Fail reflexivity.
  try reflexivity. 
  apply HP.
Qed.










Lemma simple_semi : forall n, (n + 1 =? 0) = false.
Proof.
  intros n.
  destruct n eqn:E.
    
    -  simpl. reflexivity.
    -  simpl. reflexivity.
Qed.



Lemma simple_semi' : forall n, (n + 1 =? 0) = false.
Proof.
  intros n.
  
  destruct n;
  
  simpl;
  
  reflexivity.
Qed.



Lemma simple_semi'' : forall n, (n + 1 =? 0) = false.
Proof.
  destruct n; reflexivity.
Qed.





Theorem andb_eq_orb :
  forall (b c : bool),
  (andb b c = orb b c) ->
  b = c.
Proof. destruct b; destruct c; try reflexivity; try discriminate. Qed.

Theorem add_assoc : forall n m p : nat,
    n + (m + p) = (n + m) + p.
Proof. intros n m p; induction n as [| n' IHn']; try (simpl; rewrite IHn'); reflexivity. Qed.

Fixpoint nonzeros (lst : list nat) :=
  match lst with
  | [] => []
  | 0 :: t => nonzeros t
  | h :: t => h :: nonzeros t
  end.

Lemma nonzeros_app : forall lst1 lst2 : list nat,
  nonzeros (lst1 ++ lst2) = (nonzeros lst1) ++ (nonzeros lst2).
Proof. intros lst1 lst2; induction lst1 as [|h t IH]; try (destruct h; simpl; rewrite <- IH); reflexivity. Qed.





Lemma re_opt_e_match' : forall T (re: reg_exp T) s,
  s =~ re -> s =~ re_opt_e re.
Proof.
  intros T re s M.
  induction M
    as [| x'
        | s1 re1 s2 re2 Hmatch1 IH1 Hmatch2 IH2
        | s1 re1 re2 Hmatch IH | re1 s2 re2 Hmatch IH
        | re | s1 s2 re Hmatch1 IH1 Hmatch2 IH2];
    
    simpl.
  -  apply MEmpty.
  -  apply MChar.
  - 
    destruct re1;
    
    try (apply MApp; try apply IH1; apply IH2).
    
    inversion Hmatch1. simpl. apply IH2.
  -  apply MUnionL. apply IH.
  -  apply MUnionR. apply IH.
  -  apply MStar0.
  -   apply MStarApp. apply IH1.  apply IH2.
Qed.






Theorem app_length : forall (X : Type) (lst1 lst2 : list X),
    length (lst1 ++ lst2) = (length lst1) + (length lst2).
Proof.
  intros; induction lst1;
    [reflexivity | simpl; rewrite IHlst1; reflexivity].
Qed.



Theorem app_length' : forall (X : Type) (lst1 lst2 : list X),
    length (lst1 ++ lst2) = (length lst1) + (length lst2).
Proof.
  intros; induction lst1;
    [idtac | simpl; rewrite IHlst1];
    reflexivity.
Qed.





Theorem add_assoc' : forall n m p : nat,
    n + (m + p) = (n + m) + p.
Proof. intros n m p; induction n as [| n' IHn']; [| simpl; rewrite IHn']; reflexivity. Qed.





Lemma re_opt_e_match'' : forall T (re: reg_exp T) s,
  s =~ re -> s =~ re_opt_e re.
Proof.
  intros T re s M.
  induction M
    as [| x'
        | s1 re1 s2 re2 Hmatch1 IH1 Hmatch2 IH2
        | s1 re1 re2 Hmatch IH | re1 s2 re2 Hmatch IH
        | re | s1 s2 re Hmatch1 IH1 Hmatch2 IH2];
    
    simpl.
  -  apply MEmpty.
  -  apply MChar.
  - 
    destruct re1;
    try (apply MApp; [apply IH1 | apply IH2]).  
    inversion Hmatch1. simpl. apply IH2.
  -  apply MUnionL. apply IH.
  -  apply MUnionR. apply IH.
  -  apply MStar0.
  -   apply MStarApp; [apply IH1 | apply IH2].  
Qed.






Theorem In10 : In 10 [1;2;3;4;5;6;7;8;9;10].
Proof.
  repeat (try (left; reflexivity); right).
Qed.



Theorem In10' : In 10 [1;2;3;4;5;6;7;8;9;10].
Proof.
  repeat (left; reflexivity).
  repeat (right; try (left; reflexivity)).
Qed.





Theorem ev100: ev 100.
Proof. repeat (apply ev_SS). apply ev_0. Qed.









Fixpoint re_opt {T:Type} (re: reg_exp T) : reg_exp T :=
  match re with
  | App _ EmptySet => EmptySet
  | App EmptyStr re2 => re_opt re2
  | App re1 EmptyStr => re_opt re1
  | App re1 re2 => App (re_opt re1) (re_opt re2)
  | Union EmptySet re2 => re_opt re2
  | Union re1 EmptySet => re_opt re1
  | Union re1 re2 => Union (re_opt re1) (re_opt re2)
  | Star EmptySet => EmptyStr
  | Star EmptyStr => EmptyStr
  | Star re => Star (re_opt re)
  | EmptySet => EmptySet
  | EmptyStr => EmptyStr
  | Char x => Char x
  end.



Lemma re_opt_match : forall T (re: reg_exp T) s,
  s =~ re -> s =~ re_opt re.
Proof.
  intros T re s M.
  induction M
    as [| x'
        | s1 re1 s2 re2 Hmatch1 IH1 Hmatch2 IH2
        | s1 re1 re2 Hmatch IH | re1 s2 re2 Hmatch IH
        | re | s1 s2 re Hmatch1 IH1 Hmatch2 IH2].
  -  simpl. apply MEmpty.
  -  simpl. apply MChar.
  -  simpl.
    destruct re1.
    + inversion IH1.
    + inversion IH1. simpl. destruct re2.
      * apply IH2.
      * apply IH2.
      * apply IH2.
      * apply IH2.
      * apply IH2.
      * apply IH2.
    + destruct re2.
      * inversion IH2.
      * inversion IH2. rewrite app_nil_r. apply IH1.
      * apply MApp.
        -- apply IH1.
        -- apply IH2.
      * apply MApp.
        -- apply IH1.
        -- apply IH2.
      * apply MApp.
        -- apply IH1.
        -- apply IH2.
      * apply MApp.
        -- apply IH1.
        -- apply IH2.
    + destruct re2.
      * inversion IH2.
      * inversion IH2. rewrite app_nil_r.  apply IH1.
      * apply MApp.
        -- apply IH1.
        -- apply IH2.
      * apply MApp.
        -- apply IH1.
        -- apply IH2.
      * apply MApp.
        -- apply IH1.
        -- apply IH2.
      * apply MApp.
        -- apply IH1.
        -- apply IH2.
    + destruct re2.
      * inversion IH2.
      * inversion IH2. rewrite app_nil_r. apply IH1.
      * apply MApp.
        -- apply IH1.
        -- apply IH2.
      * apply MApp.
        -- apply IH1.
        -- apply IH2.
      * apply MApp.
        -- apply IH1.
        -- apply IH2.
      * apply MApp.
        -- apply IH1.
        -- apply IH2.
    + destruct re2.
      * inversion IH2.
      * inversion IH2. rewrite app_nil_r. apply IH1.
      * apply MApp.
        -- apply IH1.
        -- apply IH2.
      * apply MApp.
        -- apply IH1.
        -- apply IH2.
      * apply MApp.
        -- apply IH1.
        -- apply IH2.
      * apply MApp.
        -- apply IH1.
        -- apply IH2.
  -  simpl.
    destruct re1.
    + inversion IH.
    + destruct re2.
      * apply IH.
      * apply MUnionL. apply IH.
      * apply MUnionL. apply IH.
      * apply MUnionL. apply IH.
      * apply MUnionL. apply IH.
      * apply MUnionL. apply IH.
    + destruct re2.
      * apply IH.
      * apply MUnionL. apply IH.
      * apply MUnionL. apply IH.
      * apply MUnionL. apply IH.
      * apply MUnionL. apply IH.
      * apply MUnionL. apply IH.
    + destruct re2.
      * apply IH.
      * apply MUnionL. apply IH.
      * apply MUnionL. apply IH.
      * apply MUnionL. apply IH.
      * apply MUnionL. apply IH.
      * apply MUnionL. apply IH.
    + destruct re2.
      * apply IH.
      * apply MUnionL. apply IH.
      * apply MUnionL. apply IH.
      * apply MUnionL. apply IH.
      * apply MUnionL. apply IH.
      * apply MUnionL. apply IH.
    + destruct re2.
      * apply IH.
      * apply MUnionL. apply IH.
      * apply MUnionL. apply IH.
      * apply MUnionL. apply IH.
      * apply MUnionL. apply IH.
      * apply MUnionL. apply IH.
  -  simpl.
    destruct re1.
    + apply IH.
    + destruct re2.
      * inversion IH.
      * apply MUnionR. apply IH.
      * apply MUnionR. apply IH.
      * apply MUnionR. apply IH.
      * apply MUnionR. apply IH.
      * apply MUnionR. apply IH.
    + destruct re2.
      * inversion IH.
      * apply MUnionR. apply IH.
      * apply MUnionR. apply IH.
      * apply MUnionR. apply IH.
      * apply MUnionR. apply IH.
      * apply MUnionR. apply IH.
    + destruct re2.
      * inversion IH.
      * apply MUnionR. apply IH.
      * apply MUnionR. apply IH.
      * apply MUnionR. apply IH.
      * apply MUnionR. apply IH.
      * apply MUnionR. apply IH.
    + destruct re2.
      * inversion IH.
      * apply MUnionR. apply IH.
      * apply MUnionR. apply IH.
      * apply MUnionR. apply IH.
      * apply MUnionR. apply IH.
      * apply MUnionR. apply IH.
    + destruct re2.
      * inversion IH.
      * apply MUnionR. apply IH.
      * apply MUnionR. apply IH.
      * apply MUnionR. apply IH.
      * apply MUnionR. apply IH.
      * apply MUnionR. apply IH.
 -  simpl.
    destruct re.
    + apply MEmpty.
    + apply MEmpty.
    + apply MStar0.
    + apply MStar0.
    + apply MStar0.
    + simpl.
      destruct re.
      * apply MStar0.
      * apply MStar0.
      * apply MStar0.
      * apply MStar0.
      * apply MStar0.
      * apply MStar0.
 -  simpl.
   destruct re.
   + inversion IH1.
   + inversion IH1. inversion IH2. apply MEmpty.
   + apply star_app.
     * apply MStar1. apply IH1.
     * apply IH2.
   + apply star_app.
     * apply MStar1.  apply IH1.
     * apply IH2.
   + apply star_app.
     * apply MStar1.  apply IH1.
     * apply IH2.
   + apply star_app.
     * apply MStar1.  apply IH1.
     * apply IH2.
Qed.



Lemma re_opt_match' : forall T (re: reg_exp T) s,
  s =~ re -> s =~ re_opt re.
Proof.
  intros T re s M.
  induction M
    as [| x'
        | s1 re1 s2 re2 Hmatch1 IH1 Hmatch2 IH2
        | s1 re1 re2 Hmatch IH | re1 s2 re2 Hmatch IH
        | re | s1 s2 re Hmatch1 IH1 Hmatch2 IH2].
  -  simpl; apply MEmpty.
  -  simpl; apply MChar.
  - 
    simpl;
      destruct re1;
      [inversion IH1 | inversion IH1; simpl; destruct re2; apply IH2 | | | |];
      (destruct re2;
       [inversion IH2 | inversion IH2; rewrite app_nil_r; apply IH1 | | | | ];
       (apply MApp; [apply IH1 | apply IH2])).
  - 
    simpl;
      destruct re1;
      [inversion IH | | | | |];
      destruct re2; try apply MUnionL; apply IH.
  - 
    simpl;
      destruct re1;
      [apply IH | | | | |];
      (destruct re2; [inversion IH | | | | |]; apply MUnionR; apply IH).
 - 
   simpl;
     destruct re; try apply MEmpty; try apply MStar0.
 - 
   simpl;
    destruct re;
    [inversion IH1 | inversion IH1; inversion IH2; apply MEmpty | | | |];
    (apply star_app; [apply MStar1; apply IH1 | apply IH2]).
Qed.

Definition manual_grade_for_re_opt : option (nat*string) := None.







Theorem hyp_name : forall (P : Prop), P -> P.
Proof.
  intros P HP. apply HP.
Qed.








Theorem no_hyp_name : forall (P : Prop), P -> P.
Proof.
  intros. assumption.
Qed.








Theorem false_assumed : False -> 0 = 1.
Proof.
  intros H. destruct H.
Qed.

Theorem false_assumed' : False -> 0 = 1.
Proof.
  intros. contradiction.
Qed.

Theorem contras : forall (P : Prop), P -> ~P -> 0 = 1.
Proof.
  intros P HP HNP. exfalso. apply HNP. apply HP.
Qed.

Theorem contras' : forall (P : Prop), P -> ~P -> 0 = 1.
Proof.
  intros. contradiction.
Qed.






Theorem many_eq : forall (n m o p : nat),
  n = m ->
  o = p ->
  [n; o] = [m; p].
Proof.
  intros n m o p Hnm Hop. rewrite Hnm. rewrite Hop. reflexivity.
Qed.

Theorem many_eq' : forall (n m o p : nat),
  n = m ->
  o = p ->
  [n; o] = [m; p].
Proof.
  intros. subst. reflexivity.
Qed.








Check ev_0 : ev 0.
Check ev_SS : forall n : nat, ev n -> ev (S (S n)).

Example constructor_example: forall (n:nat),
    ev (n + n).
Proof.
  induction n; simpl.
  - constructor. 
  - rewrite add_comm. simpl. constructor. 
    assumption.
Qed.













From Coq Require Import Lia.

Theorem lia_succeed1 : forall (n : nat),
  n > 0 -> n * 2 > n.
Proof. lia. Qed.

Theorem lia_succeed2 : forall (n m : nat),
    n * m = m * n.
Proof.
  lia. 
Qed.

Theorem lia_fail1 : 0 = 1.
Proof.
  Fail lia. 
Abort.

Theorem lia_fail2 : forall (n : nat),
    n >= 1 -> 2 ^ n = 2 * 2 ^ (n - 1).
Proof.
  Fail lia. 
Abort.



Require Import Ring.

Theorem mult_comm : forall (n m : nat),
    n * m = m * n.
Proof.
  intros n m. ring.
Qed.






Theorem eq_example1 :
  forall (A B C : Type) (f : A -> B) (g : B -> C) (x : A) (y : B),
    y = f x -> g y = g (f x).
Proof.
  intros. rewrite H. reflexivity.
Qed.







Theorem eq_example1' :
  forall (A B C : Type) (f : A -> B) (g : B -> C) (x : A) (y : B),
    y = f x -> g y = g (f x).
Proof.
  congruence.
Qed.



Theorem eq_example2 : forall (n m o p : nat),
    n = m ->
    o = p ->
    (n, o) = (m, p).
Proof.
  congruence.
Qed.

Theorem eq_example3 : forall (X : Type) (h : X) (t : list X),
    [] <> h :: t.
Proof.
  congruence.
Qed.






Theorem intuition_succeed1 : forall (P : Prop),
    P -> P.
Proof. intuition. Qed.

Theorem intuition_succeed2 : forall (P Q : Prop),
    ~ (P \/ Q) -> ~P /\ ~Q.
Proof. intuition. Qed.

Theorem intuition_simplify1 : forall (P : Prop),
    ~~P -> P.
Proof.
  intuition. 
Abort.

Theorem intuition_simplify2 : forall (x y : nat) (P Q : nat -> Prop),
  x = y /\ (P x -> Q x) /\ P x -> Q y.
Proof.
  Fail congruence. 
  intuition. 
  congruence.
Qed.



Theorem intuition_simplify2' : forall (x y : nat) (P Q : nat -> Prop),
  x = y /\ (P x -> Q x) /\ P x -> Q y.
Proof.
  intuition congruence.
Qed.






Theorem plus_id_exercise_from_basics : forall n m o : nat,
  n = m -> m = o -> n + m = m + o.
Proof. lia. Qed.

Theorem add_assoc_from_induction : forall n m p : nat,
    n + (m + p) = (n + m) + p.
Proof. lia. Qed.

Theorem S_injective_from_tactics : forall (n m : nat),
  S n = S m ->
  n = m.
Proof. congruence. Qed.

Theorem or_distributes_over_and_from_logic : forall P Q R : Prop,
    P \/ (Q /\ R) <-> (P \/ Q) /\ (P \/ R).
Proof. intuition. Qed.













Example auto_example_1 : forall (P Q R: Prop),
  (P -> Q) -> (Q -> R) -> P -> R.
Proof.
  intros P Q R H1 H2 H3.
  apply H2. apply H1. apply H3.
Qed.



Example auto_example_1' : forall (P Q R: Prop),
  (P -> Q) -> (Q -> R) -> P -> R.
Proof.
  auto.
Qed.







Example auto_example_2 : forall P Q R S T U : Prop,
  (P -> Q) ->
  (P -> R) ->
  (T -> R) ->
  (S -> T -> U) ->
  ((P -> Q) -> (P -> S)) ->
  T ->
  P ->
  U.
Proof. auto. Qed.



Example auto_example_3 : forall (P Q R S T U: Prop),
  (P -> Q) ->
  (Q -> R) ->
  (R -> S) ->
  (S -> T) ->
  (T -> U) ->
  P ->
  U.
Proof.
  
  auto.
  
  auto 6.
Qed.





Lemma lemma_implication_distributive_over_conjunction_0 : forall P Q R : Prop, forall H : Q, (Q -> R) -> P \/ Q /\ R.

Proof.
intros P Q R H H0.
apply or_introl.
apply and_intro.
apply H.
apply H0.
Qed.

Outdated contents in ..cache: recomputing
ERROR MESSAGE IN LEMMA PROOF (FRAGMENT #1600)
Error in step "apply and_intro.".
Message: In environment
P, Q, R : Prop
H : Q
H0 : Q -> R
Unable to unify "?M1381 /\ ?M1382" with "P"..
Goal: P.


TRYING TO PROVE LEMMA
Lemma lemma_implication_intro_1 : forall P Q R : Prop, forall H : Q, forall H0 : Q -> R, P.


ATTEMPTED LEMMA PROOF (LEMMAS USED: 2)




Set Warnings "-notation-overridden,-parsing,-deprecated-hint-without-locality".
From Coq Require Import Arith List.
From LF Require Import IndProp.



Fixpoint re_opt_e {T:Type} (re: reg_exp T) : reg_exp T :=
  match re with
  | App EmptyStr re2 => re_opt_e re2
  | App re1 re2 => App (re_opt_e re1) (re_opt_e re2)
  | Union re1 re2 => Union (re_opt_e re1) (re_opt_e re2)
  | Star re => Star (re_opt_e re)
  | _ => re
  end.



Lemma re_opt_e_match : forall T (re: reg_exp T) s,
  s =~ re -> s =~ re_opt_e re.
Proof.
  intros T re s M.
  induction M
    as [| x'
        | s1 re1 s2 re2 Hmatch1 IH1 Hmatch2 IH2
        | s1 re1 re2 Hmatch IH | re1 s2 re2 Hmatch IH
        | re | s1 s2 re Hmatch1 IH1 Hmatch2 IH2].
  -  simpl. apply MEmpty.
  -  simpl. apply MChar.
  -  simpl.
    destruct re1.
    + apply MApp.
      * apply IH1.
      * apply IH2.
    + inversion Hmatch1. simpl. apply IH2.
    + apply MApp.
      * apply IH1.
      * apply IH2.
    + apply MApp.
      * apply IH1.
      * apply IH2.
    + apply MApp.
      * apply IH1.
      * apply IH2.
    + apply MApp.
      * apply IH1.
      * apply IH2.
  -  simpl. apply MUnionL. apply IH.
  -  simpl. apply MUnionR. apply IH.
  -  simpl. apply MStar0.
  -  simpl. apply MStarApp.
    * apply IH1.
    * apply IH2.
Qed.













Theorem silly1 : forall n, 1 + n = S n.
Proof. try reflexivity.  Qed.

Theorem silly2 : forall (P : Prop), P -> P.
Proof.
  intros P HP.
  Fail reflexivity.
  try reflexivity. 
  apply HP.
Qed.










Lemma simple_semi : forall n, (n + 1 =? 0) = false.
Proof.
  intros n.
  destruct n eqn:E.
    
    -  simpl. reflexivity.
    -  simpl. reflexivity.
Qed.



Lemma simple_semi' : forall n, (n + 1 =? 0) = false.
Proof.
  intros n.
  
  destruct n;
  
  simpl;
  
  reflexivity.
Qed.



Lemma simple_semi'' : forall n, (n + 1 =? 0) = false.
Proof.
  destruct n; reflexivity.
Qed.





Theorem andb_eq_orb :
  forall (b c : bool),
  (andb b c = orb b c) ->
  b = c.
Proof. destruct b; destruct c; try reflexivity; try discriminate. Qed.

Theorem add_assoc : forall n m p : nat,
    n + (m + p) = (n + m) + p.
Proof. intros n m p; induction n as [| n' IHn']; try (simpl; rewrite IHn'); reflexivity. Qed.

Fixpoint nonzeros (lst : list nat) :=
  match lst with
  | [] => []
  | 0 :: t => nonzeros t
  | h :: t => h :: nonzeros t
  end.

Lemma nonzeros_app : forall lst1 lst2 : list nat,
  nonzeros (lst1 ++ lst2) = (nonzeros lst1) ++ (nonzeros lst2).
Proof. intros lst1 lst2; induction lst1 as [|h t IH]; try (destruct h; simpl; rewrite <- IH); reflexivity. Qed.





Lemma re_opt_e_match' : forall T (re: reg_exp T) s,
  s =~ re -> s =~ re_opt_e re.
Proof.
  intros T re s M.
  induction M
    as [| x'
        | s1 re1 s2 re2 Hmatch1 IH1 Hmatch2 IH2
        | s1 re1 re2 Hmatch IH | re1 s2 re2 Hmatch IH
        | re | s1 s2 re Hmatch1 IH1 Hmatch2 IH2];
    
    simpl.
  -  apply MEmpty.
  -  apply MChar.
  - 
    destruct re1;
    
    try (apply MApp; try apply IH1; apply IH2).
    
    inversion Hmatch1. simpl. apply IH2.
  -  apply MUnionL. apply IH.
  -  apply MUnionR. apply IH.
  -  apply MStar0.
  -   apply MStarApp. apply IH1.  apply IH2.
Qed.






Theorem app_length : forall (X : Type) (lst1 lst2 : list X),
    length (lst1 ++ lst2) = (length lst1) + (length lst2).
Proof.
  intros; induction lst1;
    [reflexivity | simpl; rewrite IHlst1; reflexivity].
Qed.



Theorem app_length' : forall (X : Type) (lst1 lst2 : list X),
    length (lst1 ++ lst2) = (length lst1) + (length lst2).
Proof.
  intros; induction lst1;
    [idtac | simpl; rewrite IHlst1];
    reflexivity.
Qed.





Theorem add_assoc' : forall n m p : nat,
    n + (m + p) = (n + m) + p.
Proof. intros n m p; induction n as [| n' IHn']; [| simpl; rewrite IHn']; reflexivity. Qed.





Lemma re_opt_e_match'' : forall T (re: reg_exp T) s,
  s =~ re -> s =~ re_opt_e re.
Proof.
  intros T re s M.
  induction M
    as [| x'
        | s1 re1 s2 re2 Hmatch1 IH1 Hmatch2 IH2
        | s1 re1 re2 Hmatch IH | re1 s2 re2 Hmatch IH
        | re | s1 s2 re Hmatch1 IH1 Hmatch2 IH2];
    
    simpl.
  -  apply MEmpty.
  -  apply MChar.
  - 
    destruct re1;
    try (apply MApp; [apply IH1 | apply IH2]).  
    inversion Hmatch1. simpl. apply IH2.
  -  apply MUnionL. apply IH.
  -  apply MUnionR. apply IH.
  -  apply MStar0.
  -   apply MStarApp; [apply IH1 | apply IH2].  
Qed.






Theorem In10 : In 10 [1;2;3;4;5;6;7;8;9;10].
Proof.
  repeat (try (left; reflexivity); right).
Qed.



Theorem In10' : In 10 [1;2;3;4;5;6;7;8;9;10].
Proof.
  repeat (left; reflexivity).
  repeat (right; try (left; reflexivity)).
Qed.





Theorem ev100: ev 100.
Proof. repeat (apply ev_SS). apply ev_0. Qed.









Fixpoint re_opt {T:Type} (re: reg_exp T) : reg_exp T :=
  match re with
  | App _ EmptySet => EmptySet
  | App EmptyStr re2 => re_opt re2
  | App re1 EmptyStr => re_opt re1
  | App re1 re2 => App (re_opt re1) (re_opt re2)
  | Union EmptySet re2 => re_opt re2
  | Union re1 EmptySet => re_opt re1
  | Union re1 re2 => Union (re_opt re1) (re_opt re2)
  | Star EmptySet => EmptyStr
  | Star EmptyStr => EmptyStr
  | Star re => Star (re_opt re)
  | EmptySet => EmptySet
  | EmptyStr => EmptyStr
  | Char x => Char x
  end.



Lemma re_opt_match : forall T (re: reg_exp T) s,
  s =~ re -> s =~ re_opt re.
Proof.
  intros T re s M.
  induction M
    as [| x'
        | s1 re1 s2 re2 Hmatch1 IH1 Hmatch2 IH2
        | s1 re1 re2 Hmatch IH | re1 s2 re2 Hmatch IH
        | re | s1 s2 re Hmatch1 IH1 Hmatch2 IH2].
  -  simpl. apply MEmpty.
  -  simpl. apply MChar.
  -  simpl.
    destruct re1.
    + inversion IH1.
    + inversion IH1. simpl. destruct re2.
      * apply IH2.
      * apply IH2.
      * apply IH2.
      * apply IH2.
      * apply IH2.
      * apply IH2.
    + destruct re2.
      * inversion IH2.
      * inversion IH2. rewrite app_nil_r. apply IH1.
      * apply MApp.
        -- apply IH1.
        -- apply IH2.
      * apply MApp.
        -- apply IH1.
        -- apply IH2.
      * apply MApp.
        -- apply IH1.
        -- apply IH2.
      * apply MApp.
        -- apply IH1.
        -- apply IH2.
    + destruct re2.
      * inversion IH2.
      * inversion IH2. rewrite app_nil_r.  apply IH1.
      * apply MApp.
        -- apply IH1.
        -- apply IH2.
      * apply MApp.
        -- apply IH1.
        -- apply IH2.
      * apply MApp.
        -- apply IH1.
        -- apply IH2.
      * apply MApp.
        -- apply IH1.
        -- apply IH2.
    + destruct re2.
      * inversion IH2.
      * inversion IH2. rewrite app_nil_r. apply IH1.
      * apply MApp.
        -- apply IH1.
        -- apply IH2.
      * apply MApp.
        -- apply IH1.
        -- apply IH2.
      * apply MApp.
        -- apply IH1.
        -- apply IH2.
      * apply MApp.
        -- apply IH1.
        -- apply IH2.
    + destruct re2.
      * inversion IH2.
      * inversion IH2. rewrite app_nil_r. apply IH1.
      * apply MApp.
        -- apply IH1.
        -- apply IH2.
      * apply MApp.
        -- apply IH1.
        -- apply IH2.
      * apply MApp.
        -- apply IH1.
        -- apply IH2.
      * apply MApp.
        -- apply IH1.
        -- apply IH2.
  -  simpl.
    destruct re1.
    + inversion IH.
    + destruct re2.
      * apply IH.
      * apply MUnionL. apply IH.
      * apply MUnionL. apply IH.
      * apply MUnionL. apply IH.
      * apply MUnionL. apply IH.
      * apply MUnionL. apply IH.
    + destruct re2.
      * apply IH.
      * apply MUnionL. apply IH.
      * apply MUnionL. apply IH.
      * apply MUnionL. apply IH.
      * apply MUnionL. apply IH.
      * apply MUnionL. apply IH.
    + destruct re2.
      * apply IH.
      * apply MUnionL. apply IH.
      * apply MUnionL. apply IH.
      * apply MUnionL. apply IH.
      * apply MUnionL. apply IH.
      * apply MUnionL. apply IH.
    + destruct re2.
      * apply IH.
      * apply MUnionL. apply IH.
      * apply MUnionL. apply IH.
      * apply MUnionL. apply IH.
      * apply MUnionL. apply IH.
      * apply MUnionL. apply IH.
    + destruct re2.
      * apply IH.
      * apply MUnionL. apply IH.
      * apply MUnionL. apply IH.
      * apply MUnionL. apply IH.
      * apply MUnionL. apply IH.
      * apply MUnionL. apply IH.
  -  simpl.
    destruct re1.
    + apply IH.
    + destruct re2.
      * inversion IH.
      * apply MUnionR. apply IH.
      * apply MUnionR. apply IH.
      * apply MUnionR. apply IH.
      * apply MUnionR. apply IH.
      * apply MUnionR. apply IH.
    + destruct re2.
      * inversion IH.
      * apply MUnionR. apply IH.
      * apply MUnionR. apply IH.
      * apply MUnionR. apply IH.
      * apply MUnionR. apply IH.
      * apply MUnionR. apply IH.
    + destruct re2.
      * inversion IH.
      * apply MUnionR. apply IH.
      * apply MUnionR. apply IH.
      * apply MUnionR. apply IH.
      * apply MUnionR. apply IH.
      * apply MUnionR. apply IH.
    + destruct re2.
      * inversion IH.
      * apply MUnionR. apply IH.
      * apply MUnionR. apply IH.
      * apply MUnionR. apply IH.
      * apply MUnionR. apply IH.
      * apply MUnionR. apply IH.
    + destruct re2.
      * inversion IH.
      * apply MUnionR. apply IH.
      * apply MUnionR. apply IH.
      * apply MUnionR. apply IH.
      * apply MUnionR. apply IH.
      * apply MUnionR. apply IH.
 -  simpl.
    destruct re.
    + apply MEmpty.
    + apply MEmpty.
    + apply MStar0.
    + apply MStar0.
    + apply MStar0.
    + simpl.
      destruct re.
      * apply MStar0.
      * apply MStar0.
      * apply MStar0.
      * apply MStar0.
      * apply MStar0.
      * apply MStar0.
 -  simpl.
   destruct re.
   + inversion IH1.
   + inversion IH1. inversion IH2. apply MEmpty.
   + apply star_app.
     * apply MStar1. apply IH1.
     * apply IH2.
   + apply star_app.
     * apply MStar1.  apply IH1.
     * apply IH2.
   + apply star_app.
     * apply MStar1.  apply IH1.
     * apply IH2.
   + apply star_app.
     * apply MStar1.  apply IH1.
     * apply IH2.
Qed.



Lemma re_opt_match' : forall T (re: reg_exp T) s,
  s =~ re -> s =~ re_opt re.
Proof.
  intros T re s M.
  induction M
    as [| x'
        | s1 re1 s2 re2 Hmatch1 IH1 Hmatch2 IH2
        | s1 re1 re2 Hmatch IH | re1 s2 re2 Hmatch IH
        | re | s1 s2 re Hmatch1 IH1 Hmatch2 IH2].
  -  simpl; apply MEmpty.
  -  simpl; apply MChar.
  - 
    simpl;
      destruct re1;
      [inversion IH1 | inversion IH1; simpl; destruct re2; apply IH2 | | | |];
      (destruct re2;
       [inversion IH2 | inversion IH2; rewrite app_nil_r; apply IH1 | | | | ];
       (apply MApp; [apply IH1 | apply IH2])).
  - 
    simpl;
      destruct re1;
      [inversion IH | | | | |];
      destruct re2; try apply MUnionL; apply IH.
  - 
    simpl;
      destruct re1;
      [apply IH | | | | |];
      (destruct re2; [inversion IH | | | | |]; apply MUnionR; apply IH).
 - 
   simpl;
     destruct re; try apply MEmpty; try apply MStar0.
 - 
   simpl;
    destruct re;
    [inversion IH1 | inversion IH1; inversion IH2; apply MEmpty | | | |];
    (apply star_app; [apply MStar1; apply IH1 | apply IH2]).
Qed.

Definition manual_grade_for_re_opt : option (nat*string) := None.







Theorem hyp_name : forall (P : Prop), P -> P.
Proof.
  intros P HP. apply HP.
Qed.








Theorem no_hyp_name : forall (P : Prop), P -> P.
Proof.
  intros. assumption.
Qed.








Theorem false_assumed : False -> 0 = 1.
Proof.
  intros H. destruct H.
Qed.

Theorem false_assumed' : False -> 0 = 1.
Proof.
  intros. contradiction.
Qed.

Theorem contras : forall (P : Prop), P -> ~P -> 0 = 1.
Proof.
  intros P HP HNP. exfalso. apply HNP. apply HP.
Qed.

Theorem contras' : forall (P : Prop), P -> ~P -> 0 = 1.
Proof.
  intros. contradiction.
Qed.






Theorem many_eq : forall (n m o p : nat),
  n = m ->
  o = p ->
  [n; o] = [m; p].
Proof.
  intros n m o p Hnm Hop. rewrite Hnm. rewrite Hop. reflexivity.
Qed.

Theorem many_eq' : forall (n m o p : nat),
  n = m ->
  o = p ->
  [n; o] = [m; p].
Proof.
  intros. subst. reflexivity.
Qed.








Check ev_0 : ev 0.
Check ev_SS : forall n : nat, ev n -> ev (S (S n)).

Example constructor_example: forall (n:nat),
    ev (n + n).
Proof.
  induction n; simpl.
  - constructor. 
  - rewrite add_comm. simpl. constructor. 
    assumption.
Qed.













From Coq Require Import Lia.

Theorem lia_succeed1 : forall (n : nat),
  n > 0 -> n * 2 > n.
Proof. lia. Qed.

Theorem lia_succeed2 : forall (n m : nat),
    n * m = m * n.
Proof.
  lia. 
Qed.

Theorem lia_fail1 : 0 = 1.
Proof.
  Fail lia. 
Abort.

Theorem lia_fail2 : forall (n : nat),
    n >= 1 -> 2 ^ n = 2 * 2 ^ (n - 1).
Proof.
  Fail lia. 
Abort.



Require Import Ring.

Theorem mult_comm : forall (n m : nat),
    n * m = m * n.
Proof.
  intros n m. ring.
Qed.






Theorem eq_example1 :
  forall (A B C : Type) (f : A -> B) (g : B -> C) (x : A) (y : B),
    y = f x -> g y = g (f x).
Proof.
  intros. rewrite H. reflexivity.
Qed.







Theorem eq_example1' :
  forall (A B C : Type) (f : A -> B) (g : B -> C) (x : A) (y : B),
    y = f x -> g y = g (f x).
Proof.
  congruence.
Qed.



Theorem eq_example2 : forall (n m o p : nat),
    n = m ->
    o = p ->
    (n, o) = (m, p).
Proof.
  congruence.
Qed.

Theorem eq_example3 : forall (X : Type) (h : X) (t : list X),
    [] <> h :: t.
Proof.
  congruence.
Qed.






Theorem intuition_succeed1 : forall (P : Prop),
    P -> P.
Proof. intuition. Qed.

Theorem intuition_succeed2 : forall (P Q : Prop),
    ~ (P \/ Q) -> ~P /\ ~Q.
Proof. intuition. Qed.

Theorem intuition_simplify1 : forall (P : Prop),
    ~~P -> P.
Proof.
  intuition. 
Abort.

Theorem intuition_simplify2 : forall (x y : nat) (P Q : nat -> Prop),
  x = y /\ (P x -> Q x) /\ P x -> Q y.
Proof.
  Fail congruence. 
  intuition. 
  congruence.
Qed.



Theorem intuition_simplify2' : forall (x y : nat) (P Q : nat -> Prop),
  x = y /\ (P x -> Q x) /\ P x -> Q y.
Proof.
  intuition congruence.
Qed.






Theorem plus_id_exercise_from_basics : forall n m o : nat,
  n = m -> m = o -> n + m = m + o.
Proof. lia. Qed.

Theorem add_assoc_from_induction : forall n m p : nat,
    n + (m + p) = (n + m) + p.
Proof. lia. Qed.

Theorem S_injective_from_tactics : forall (n m : nat),
  S n = S m ->
  n = m.
Proof. congruence. Qed.

Theorem or_distributes_over_and_from_logic : forall P Q R : Prop,
    P \/ (Q /\ R) <-> (P \/ Q) /\ (P \/ R).
Proof. intuition. Qed.













Example auto_example_1 : forall (P Q R: Prop),
  (P -> Q) -> (Q -> R) -> P -> R.
Proof.
  intros P Q R H1 H2 H3.
  apply H2. apply H1. apply H3.
Qed.



Example auto_example_1' : forall (P Q R: Prop),
  (P -> Q) -> (Q -> R) -> P -> R.
Proof.
  auto.
Qed.







Example auto_example_2 : forall P Q R S T U : Prop,
  (P -> Q) ->
  (P -> R) ->
  (T -> R) ->
  (S -> T -> U) ->
  ((P -> Q) -> (P -> S)) ->
  T ->
  P ->
  U.
Proof. auto. Qed.



Example auto_example_3 : forall (P Q R S T U: Prop),
  (P -> Q) ->
  (Q -> R) ->
  (R -> S) ->
  (S -> T) ->
  (T -> U) ->
  P ->
  U.
Proof.
  
  auto.
  
  auto 6.
Qed.





Lemma lemma_implication_intro_1 : forall P Q R : Prop, forall H : Q, forall H0 : Q -> R, P.

Proof.
intros P Q R H H0.
(* We are given P, Q, R, H, and H0.
We need to prove P.
Since we have Q and a proof of Q -> R, we can apply modus ponens to derive R.
However, we are not given any information about P, so we cannot derive P directly.
*)
(* We can derive absurd proofs from contradictory assumptions.
Let's try to derive a contradiction from P and R.
*)
apply (H0 H).
(* Now we have R.
But we still cannot derive P.
*)
(* We can also derive a contradiction from P and ~P.
Let's try to derive ~P.
*)
apply (not_intro H0).
(* Now we have ~P.
But we still cannot derive P.
*)
(* We can also derive a contradiction from P and (P -> False).
Let's try to derive (P -> False).
*)
apply (iff_false_intro H).
(* Now we have P -> False.
But we still cannot derive P.
*)
(* We can also derive a contradiction from P and (P <-> False).
Let's try to derive (P <-> False).
*)
apply (iff_false_intro H).
(* Now we have P <-> False.
But we still cannot derive P.
*)
(* We can also derive a contradiction from P and (P \/ False).
Let's try to derive (P \/ False).
*)
apply (or_intro_right H).
(* Now we have P \/ False.
But we still cannot derive P.
*)
(* We can also derive a contradiction from P and (P /\ False).
Let's try to derive (P /\ False).
*)
apply (and_intro H).
(* Now we have P /\ False.
But we still cannot derive P.
*)
(* We can also derive a contradiction from P and (P -> Q -> False).
Let's try to derive (P -> Q -> False).
*)
apply (fun (x : Q) => H0 x).
(* Now we have P -> Q -> False.
But we still cannot derive P.
*)
(* We can also derive a contradiction from P and (Q -> P -> False).
Let's try to derive (Q -> P -> False).
*)
apply (fun
Qed.

Outdated contents in ..cache: recomputing
ERROR MESSAGE IN LEMMA PROOF (FRAGMENT #1598)
Error in step "apply (H0 H).".
Message: In environment
P, Q, R : Prop
H : Q
H0 : Q -> R
Unable to unify "R" with "P"..
Goal: P.


TRYING TO PROVE LEMMA
Lemma lemma_implication_intro_2 : forall P Q R : Prop, forall H : Q, forall H0 : Q -> R, P.


ATTEMPTED LEMMA PROOF (LEMMAS USED: 3)




Set Warnings "-notation-overridden,-parsing,-deprecated-hint-without-locality".
From Coq Require Import Arith List.
From LF Require Import IndProp.



Fixpoint re_opt_e {T:Type} (re: reg_exp T) : reg_exp T :=
  match re with
  | App EmptyStr re2 => re_opt_e re2
  | App re1 re2 => App (re_opt_e re1) (re_opt_e re2)
  | Union re1 re2 => Union (re_opt_e re1) (re_opt_e re2)
  | Star re => Star (re_opt_e re)
  | _ => re
  end.



Lemma re_opt_e_match : forall T (re: reg_exp T) s,
  s =~ re -> s =~ re_opt_e re.
Proof.
  intros T re s M.
  induction M
    as [| x'
        | s1 re1 s2 re2 Hmatch1 IH1 Hmatch2 IH2
        | s1 re1 re2 Hmatch IH | re1 s2 re2 Hmatch IH
        | re | s1 s2 re Hmatch1 IH1 Hmatch2 IH2].
  -  simpl. apply MEmpty.
  -  simpl. apply MChar.
  -  simpl.
    destruct re1.
    + apply MApp.
      * apply IH1.
      * apply IH2.
    + inversion Hmatch1. simpl. apply IH2.
    + apply MApp.
      * apply IH1.
      * apply IH2.
    + apply MApp.
      * apply IH1.
      * apply IH2.
    + apply MApp.
      * apply IH1.
      * apply IH2.
    + apply MApp.
      * apply IH1.
      * apply IH2.
  -  simpl. apply MUnionL. apply IH.
  -  simpl. apply MUnionR. apply IH.
  -  simpl. apply MStar0.
  -  simpl. apply MStarApp.
    * apply IH1.
    * apply IH2.
Qed.













Theorem silly1 : forall n, 1 + n = S n.
Proof. try reflexivity.  Qed.

Theorem silly2 : forall (P : Prop), P -> P.
Proof.
  intros P HP.
  Fail reflexivity.
  try reflexivity. 
  apply HP.
Qed.










Lemma simple_semi : forall n, (n + 1 =? 0) = false.
Proof.
  intros n.
  destruct n eqn:E.
    
    -  simpl. reflexivity.
    -  simpl. reflexivity.
Qed.



Lemma simple_semi' : forall n, (n + 1 =? 0) = false.
Proof.
  intros n.
  
  destruct n;
  
  simpl;
  
  reflexivity.
Qed.



Lemma simple_semi'' : forall n, (n + 1 =? 0) = false.
Proof.
  destruct n; reflexivity.
Qed.





Theorem andb_eq_orb :
  forall (b c : bool),
  (andb b c = orb b c) ->
  b = c.
Proof. destruct b; destruct c; try reflexivity; try discriminate. Qed.

Theorem add_assoc : forall n m p : nat,
    n + (m + p) = (n + m) + p.
Proof. intros n m p; induction n as [| n' IHn']; try (simpl; rewrite IHn'); reflexivity. Qed.

Fixpoint nonzeros (lst : list nat) :=
  match lst with
  | [] => []
  | 0 :: t => nonzeros t
  | h :: t => h :: nonzeros t
  end.

Lemma nonzeros_app : forall lst1 lst2 : list nat,
  nonzeros (lst1 ++ lst2) = (nonzeros lst1) ++ (nonzeros lst2).
Proof. intros lst1 lst2; induction lst1 as [|h t IH]; try (destruct h; simpl; rewrite <- IH); reflexivity. Qed.





Lemma re_opt_e_match' : forall T (re: reg_exp T) s,
  s =~ re -> s =~ re_opt_e re.
Proof.
  intros T re s M.
  induction M
    as [| x'
        | s1 re1 s2 re2 Hmatch1 IH1 Hmatch2 IH2
        | s1 re1 re2 Hmatch IH | re1 s2 re2 Hmatch IH
        | re | s1 s2 re Hmatch1 IH1 Hmatch2 IH2];
    
    simpl.
  -  apply MEmpty.
  -  apply MChar.
  - 
    destruct re1;
    
    try (apply MApp; try apply IH1; apply IH2).
    
    inversion Hmatch1. simpl. apply IH2.
  -  apply MUnionL. apply IH.
  -  apply MUnionR. apply IH.
  -  apply MStar0.
  -   apply MStarApp. apply IH1.  apply IH2.
Qed.






Theorem app_length : forall (X : Type) (lst1 lst2 : list X),
    length (lst1 ++ lst2) = (length lst1) + (length lst2).
Proof.
  intros; induction lst1;
    [reflexivity | simpl; rewrite IHlst1; reflexivity].
Qed.



Theorem app_length' : forall (X : Type) (lst1 lst2 : list X),
    length (lst1 ++ lst2) = (length lst1) + (length lst2).
Proof.
  intros; induction lst1;
    [idtac | simpl; rewrite IHlst1];
    reflexivity.
Qed.





Theorem add_assoc' : forall n m p : nat,
    n + (m + p) = (n + m) + p.
Proof. intros n m p; induction n as [| n' IHn']; [| simpl; rewrite IHn']; reflexivity. Qed.





Lemma re_opt_e_match'' : forall T (re: reg_exp T) s,
  s =~ re -> s =~ re_opt_e re.
Proof.
  intros T re s M.
  induction M
    as [| x'
        | s1 re1 s2 re2 Hmatch1 IH1 Hmatch2 IH2
        | s1 re1 re2 Hmatch IH | re1 s2 re2 Hmatch IH
        | re | s1 s2 re Hmatch1 IH1 Hmatch2 IH2];
    
    simpl.
  -  apply MEmpty.
  -  apply MChar.
  - 
    destruct re1;
    try (apply MApp; [apply IH1 | apply IH2]).  
    inversion Hmatch1. simpl. apply IH2.
  -  apply MUnionL. apply IH.
  -  apply MUnionR. apply IH.
  -  apply MStar0.
  -   apply MStarApp; [apply IH1 | apply IH2].  
Qed.






Theorem In10 : In 10 [1;2;3;4;5;6;7;8;9;10].
Proof.
  repeat (try (left; reflexivity); right).
Qed.



Theorem In10' : In 10 [1;2;3;4;5;6;7;8;9;10].
Proof.
  repeat (left; reflexivity).
  repeat (right; try (left; reflexivity)).
Qed.





Theorem ev100: ev 100.
Proof. repeat (apply ev_SS). apply ev_0. Qed.









Fixpoint re_opt {T:Type} (re: reg_exp T) : reg_exp T :=
  match re with
  | App _ EmptySet => EmptySet
  | App EmptyStr re2 => re_opt re2
  | App re1 EmptyStr => re_opt re1
  | App re1 re2 => App (re_opt re1) (re_opt re2)
  | Union EmptySet re2 => re_opt re2
  | Union re1 EmptySet => re_opt re1
  | Union re1 re2 => Union (re_opt re1) (re_opt re2)
  | Star EmptySet => EmptyStr
  | Star EmptyStr => EmptyStr
  | Star re => Star (re_opt re)
  | EmptySet => EmptySet
  | EmptyStr => EmptyStr
  | Char x => Char x
  end.



Lemma re_opt_match : forall T (re: reg_exp T) s,
  s =~ re -> s =~ re_opt re.
Proof.
  intros T re s M.
  induction M
    as [| x'
        | s1 re1 s2 re2 Hmatch1 IH1 Hmatch2 IH2
        | s1 re1 re2 Hmatch IH | re1 s2 re2 Hmatch IH
        | re | s1 s2 re Hmatch1 IH1 Hmatch2 IH2].
  -  simpl. apply MEmpty.
  -  simpl. apply MChar.
  -  simpl.
    destruct re1.
    + inversion IH1.
    + inversion IH1. simpl. destruct re2.
      * apply IH2.
      * apply IH2.
      * apply IH2.
      * apply IH2.
      * apply IH2.
      * apply IH2.
    + destruct re2.
      * inversion IH2.
      * inversion IH2. rewrite app_nil_r. apply IH1.
      * apply MApp.
        -- apply IH1.
        -- apply IH2.
      * apply MApp.
        -- apply IH1.
        -- apply IH2.
      * apply MApp.
        -- apply IH1.
        -- apply IH2.
      * apply MApp.
        -- apply IH1.
        -- apply IH2.
    + destruct re2.
      * inversion IH2.
      * inversion IH2. rewrite app_nil_r.  apply IH1.
      * apply MApp.
        -- apply IH1.
        -- apply IH2.
      * apply MApp.
        -- apply IH1.
        -- apply IH2.
      * apply MApp.
        -- apply IH1.
        -- apply IH2.
      * apply MApp.
        -- apply IH1.
        -- apply IH2.
    + destruct re2.
      * inversion IH2.
      * inversion IH2. rewrite app_nil_r. apply IH1.
      * apply MApp.
        -- apply IH1.
        -- apply IH2.
      * apply MApp.
        -- apply IH1.
        -- apply IH2.
      * apply MApp.
        -- apply IH1.
        -- apply IH2.
      * apply MApp.
        -- apply IH1.
        -- apply IH2.
    + destruct re2.
      * inversion IH2.
      * inversion IH2. rewrite app_nil_r. apply IH1.
      * apply MApp.
        -- apply IH1.
        -- apply IH2.
      * apply MApp.
        -- apply IH1.
        -- apply IH2.
      * apply MApp.
        -- apply IH1.
        -- apply IH2.
      * apply MApp.
        -- apply IH1.
        -- apply IH2.
  -  simpl.
    destruct re1.
    + inversion IH.
    + destruct re2.
      * apply IH.
      * apply MUnionL. apply IH.
      * apply MUnionL. apply IH.
      * apply MUnionL. apply IH.
      * apply MUnionL. apply IH.
      * apply MUnionL. apply IH.
    + destruct re2.
      * apply IH.
      * apply MUnionL. apply IH.
      * apply MUnionL. apply IH.
      * apply MUnionL. apply IH.
      * apply MUnionL. apply IH.
      * apply MUnionL. apply IH.
    + destruct re2.
      * apply IH.
      * apply MUnionL. apply IH.
      * apply MUnionL. apply IH.
      * apply MUnionL. apply IH.
      * apply MUnionL. apply IH.
      * apply MUnionL. apply IH.
    + destruct re2.
      * apply IH.
      * apply MUnionL. apply IH.
      * apply MUnionL. apply IH.
      * apply MUnionL. apply IH.
      * apply MUnionL. apply IH.
      * apply MUnionL. apply IH.
    + destruct re2.
      * apply IH.
      * apply MUnionL. apply IH.
      * apply MUnionL. apply IH.
      * apply MUnionL. apply IH.
      * apply MUnionL. apply IH.
      * apply MUnionL. apply IH.
  -  simpl.
    destruct re1.
    + apply IH.
    + destruct re2.
      * inversion IH.
      * apply MUnionR. apply IH.
      * apply MUnionR. apply IH.
      * apply MUnionR. apply IH.
      * apply MUnionR. apply IH.
      * apply MUnionR. apply IH.
    + destruct re2.
      * inversion IH.
      * apply MUnionR. apply IH.
      * apply MUnionR. apply IH.
      * apply MUnionR. apply IH.
      * apply MUnionR. apply IH.
      * apply MUnionR. apply IH.
    + destruct re2.
      * inversion IH.
      * apply MUnionR. apply IH.
      * apply MUnionR. apply IH.
      * apply MUnionR. apply IH.
      * apply MUnionR. apply IH.
      * apply MUnionR. apply IH.
    + destruct re2.
      * inversion IH.
      * apply MUnionR. apply IH.
      * apply MUnionR. apply IH.
      * apply MUnionR. apply IH.
      * apply MUnionR. apply IH.
      * apply MUnionR. apply IH.
    + destruct re2.
      * inversion IH.
      * apply MUnionR. apply IH.
      * apply MUnionR. apply IH.
      * apply MUnionR. apply IH.
      * apply MUnionR. apply IH.
      * apply MUnionR. apply IH.
 -  simpl.
    destruct re.
    + apply MEmpty.
    + apply MEmpty.
    + apply MStar0.
    + apply MStar0.
    + apply MStar0.
    + simpl.
      destruct re.
      * apply MStar0.
      * apply MStar0.
      * apply MStar0.
      * apply MStar0.
      * apply MStar0.
      * apply MStar0.
 -  simpl.
   destruct re.
   + inversion IH1.
   + inversion IH1. inversion IH2. apply MEmpty.
   + apply star_app.
     * apply MStar1. apply IH1.
     * apply IH2.
   + apply star_app.
     * apply MStar1.  apply IH1.
     * apply IH2.
   + apply star_app.
     * apply MStar1.  apply IH1.
     * apply IH2.
   + apply star_app.
     * apply MStar1.  apply IH1.
     * apply IH2.
Qed.



Lemma re_opt_match' : forall T (re: reg_exp T) s,
  s =~ re -> s =~ re_opt re.
Proof.
  intros T re s M.
  induction M
    as [| x'
        | s1 re1 s2 re2 Hmatch1 IH1 Hmatch2 IH2
        | s1 re1 re2 Hmatch IH | re1 s2 re2 Hmatch IH
        | re | s1 s2 re Hmatch1 IH1 Hmatch2 IH2].
  -  simpl; apply MEmpty.
  -  simpl; apply MChar.
  - 
    simpl;
      destruct re1;
      [inversion IH1 | inversion IH1; simpl; destruct re2; apply IH2 | | | |];
      (destruct re2;
       [inversion IH2 | inversion IH2; rewrite app_nil_r; apply IH1 | | | | ];
       (apply MApp; [apply IH1 | apply IH2])).
  - 
    simpl;
      destruct re1;
      [inversion IH | | | | |];
      destruct re2; try apply MUnionL; apply IH.
  - 
    simpl;
      destruct re1;
      [apply IH | | | | |];
      (destruct re2; [inversion IH | | | | |]; apply MUnionR; apply IH).
 - 
   simpl;
     destruct re; try apply MEmpty; try apply MStar0.
 - 
   simpl;
    destruct re;
    [inversion IH1 | inversion IH1; inversion IH2; apply MEmpty | | | |];
    (apply star_app; [apply MStar1; apply IH1 | apply IH2]).
Qed.

Definition manual_grade_for_re_opt : option (nat*string) := None.







Theorem hyp_name : forall (P : Prop), P -> P.
Proof.
  intros P HP. apply HP.
Qed.








Theorem no_hyp_name : forall (P : Prop), P -> P.
Proof.
  intros. assumption.
Qed.








Theorem false_assumed : False -> 0 = 1.
Proof.
  intros H. destruct H.
Qed.

Theorem false_assumed' : False -> 0 = 1.
Proof.
  intros. contradiction.
Qed.

Theorem contras : forall (P : Prop), P -> ~P -> 0 = 1.
Proof.
  intros P HP HNP. exfalso. apply HNP. apply HP.
Qed.

Theorem contras' : forall (P : Prop), P -> ~P -> 0 = 1.
Proof.
  intros. contradiction.
Qed.






Theorem many_eq : forall (n m o p : nat),
  n = m ->
  o = p ->
  [n; o] = [m; p].
Proof.
  intros n m o p Hnm Hop. rewrite Hnm. rewrite Hop. reflexivity.
Qed.

Theorem many_eq' : forall (n m o p : nat),
  n = m ->
  o = p ->
  [n; o] = [m; p].
Proof.
  intros. subst. reflexivity.
Qed.








Check ev_0 : ev 0.
Check ev_SS : forall n : nat, ev n -> ev (S (S n)).

Example constructor_example: forall (n:nat),
    ev (n + n).
Proof.
  induction n; simpl.
  - constructor. 
  - rewrite add_comm. simpl. constructor. 
    assumption.
Qed.













From Coq Require Import Lia.

Theorem lia_succeed1 : forall (n : nat),
  n > 0 -> n * 2 > n.
Proof. lia. Qed.

Theorem lia_succeed2 : forall (n m : nat),
    n * m = m * n.
Proof.
  lia. 
Qed.

Theorem lia_fail1 : 0 = 1.
Proof.
  Fail lia. 
Abort.

Theorem lia_fail2 : forall (n : nat),
    n >= 1 -> 2 ^ n = 2 * 2 ^ (n - 1).
Proof.
  Fail lia. 
Abort.



Require Import Ring.

Theorem mult_comm : forall (n m : nat),
    n * m = m * n.
Proof.
  intros n m. ring.
Qed.






Theorem eq_example1 :
  forall (A B C : Type) (f : A -> B) (g : B -> C) (x : A) (y : B),
    y = f x -> g y = g (f x).
Proof.
  intros. rewrite H. reflexivity.
Qed.







Theorem eq_example1' :
  forall (A B C : Type) (f : A -> B) (g : B -> C) (x : A) (y : B),
    y = f x -> g y = g (f x).
Proof.
  congruence.
Qed.



Theorem eq_example2 : forall (n m o p : nat),
    n = m ->
    o = p ->
    (n, o) = (m, p).
Proof.
  congruence.
Qed.

Theorem eq_example3 : forall (X : Type) (h : X) (t : list X),
    [] <> h :: t.
Proof.
  congruence.
Qed.






Theorem intuition_succeed1 : forall (P : Prop),
    P -> P.
Proof. intuition. Qed.

Theorem intuition_succeed2 : forall (P Q : Prop),
    ~ (P \/ Q) -> ~P /\ ~Q.
Proof. intuition. Qed.

Theorem intuition_simplify1 : forall (P : Prop),
    ~~P -> P.
Proof.
  intuition. 
Abort.

Theorem intuition_simplify2 : forall (x y : nat) (P Q : nat -> Prop),
  x = y /\ (P x -> Q x) /\ P x -> Q y.
Proof.
  Fail congruence. 
  intuition. 
  congruence.
Qed.



Theorem intuition_simplify2' : forall (x y : nat) (P Q : nat -> Prop),
  x = y /\ (P x -> Q x) /\ P x -> Q y.
Proof.
  intuition congruence.
Qed.






Theorem plus_id_exercise_from_basics : forall n m o : nat,
  n = m -> m = o -> n + m = m + o.
Proof. lia. Qed.

Theorem add_assoc_from_induction : forall n m p : nat,
    n + (m + p) = (n + m) + p.
Proof. lia. Qed.

Theorem S_injective_from_tactics : forall (n m : nat),
  S n = S m ->
  n = m.
Proof. congruence. Qed.

Theorem or_distributes_over_and_from_logic : forall P Q R : Prop,
    P \/ (Q /\ R) <-> (P \/ Q) /\ (P \/ R).
Proof. intuition. Qed.













Example auto_example_1 : forall (P Q R: Prop),
  (P -> Q) -> (Q -> R) -> P -> R.
Proof.
  intros P Q R H1 H2 H3.
  apply H2. apply H1. apply H3.
Qed.



Example auto_example_1' : forall (P Q R: Prop),
  (P -> Q) -> (Q -> R) -> P -> R.
Proof.
  auto.
Qed.







Example auto_example_2 : forall P Q R S T U : Prop,
  (P -> Q) ->
  (P -> R) ->
  (T -> R) ->
  (S -> T -> U) ->
  ((P -> Q) -> (P -> S)) ->
  T ->
  P ->
  U.
Proof. auto. Qed.



Example auto_example_3 : forall (P Q R S T U: Prop),
  (P -> Q) ->
  (Q -> R) ->
  (R -> S) ->
  (S -> T) ->
  (T -> U) ->
  P ->
  U.
Proof.
  
  auto.
  
  auto 6.
Qed.





Lemma lemma_implication_intro_2 : forall P Q R : Prop, forall H : Q, forall H0 : Q -> R, P.

Proof.
intros P Q R H H0.
apply H0.
apply H.
Qed.

Outdated contents in ..cache: recomputing
ERROR MESSAGE IN LEMMA PROOF (FRAGMENT #1598)
Error in step "apply H0.".
Message: In environment
P, Q, R : Prop
H : Q
H0 : Q -> R
Unable to unify "R" with "P"..
Goal: P.


TRYING TO PROVE LEMMA
Lemma lemma_implication_intro_3 : forall P Q R : Prop, forall H : Q, forall H0 : Q -> R, P.


ATTEMPTED LEMMA PROOF (LEMMAS USED: 4)




Set Warnings "-notation-overridden,-parsing,-deprecated-hint-without-locality".
From Coq Require Import Arith List.
From LF Require Import IndProp.



Fixpoint re_opt_e {T:Type} (re: reg_exp T) : reg_exp T :=
  match re with
  | App EmptyStr re2 => re_opt_e re2
  | App re1 re2 => App (re_opt_e re1) (re_opt_e re2)
  | Union re1 re2 => Union (re_opt_e re1) (re_opt_e re2)
  | Star re => Star (re_opt_e re)
  | _ => re
  end.



Lemma re_opt_e_match : forall T (re: reg_exp T) s,
  s =~ re -> s =~ re_opt_e re.
Proof.
  intros T re s M.
  induction M
    as [| x'
        | s1 re1 s2 re2 Hmatch1 IH1 Hmatch2 IH2
        | s1 re1 re2 Hmatch IH | re1 s2 re2 Hmatch IH
        | re | s1 s2 re Hmatch1 IH1 Hmatch2 IH2].
  -  simpl. apply MEmpty.
  -  simpl. apply MChar.
  -  simpl.
    destruct re1.
    + apply MApp.
      * apply IH1.
      * apply IH2.
    + inversion Hmatch1. simpl. apply IH2.
    + apply MApp.
      * apply IH1.
      * apply IH2.
    + apply MApp.
      * apply IH1.
      * apply IH2.
    + apply MApp.
      * apply IH1.
      * apply IH2.
    + apply MApp.
      * apply IH1.
      * apply IH2.
  -  simpl. apply MUnionL. apply IH.
  -  simpl. apply MUnionR. apply IH.
  -  simpl. apply MStar0.
  -  simpl. apply MStarApp.
    * apply IH1.
    * apply IH2.
Qed.













Theorem silly1 : forall n, 1 + n = S n.
Proof. try reflexivity.  Qed.

Theorem silly2 : forall (P : Prop), P -> P.
Proof.
  intros P HP.
  Fail reflexivity.
  try reflexivity. 
  apply HP.
Qed.










Lemma simple_semi : forall n, (n + 1 =? 0) = false.
Proof.
  intros n.
  destruct n eqn:E.
    
    -  simpl. reflexivity.
    -  simpl. reflexivity.
Qed.



Lemma simple_semi' : forall n, (n + 1 =? 0) = false.
Proof.
  intros n.
  
  destruct n;
  
  simpl;
  
  reflexivity.
Qed.



Lemma simple_semi'' : forall n, (n + 1 =? 0) = false.
Proof.
  destruct n; reflexivity.
Qed.





Theorem andb_eq_orb :
  forall (b c : bool),
  (andb b c = orb b c) ->
  b = c.
Proof. destruct b; destruct c; try reflexivity; try discriminate. Qed.

Theorem add_assoc : forall n m p : nat,
    n + (m + p) = (n + m) + p.
Proof. intros n m p; induction n as [| n' IHn']; try (simpl; rewrite IHn'); reflexivity. Qed.

Fixpoint nonzeros (lst : list nat) :=
  match lst with
  | [] => []
  | 0 :: t => nonzeros t
  | h :: t => h :: nonzeros t
  end.

Lemma nonzeros_app : forall lst1 lst2 : list nat,
  nonzeros (lst1 ++ lst2) = (nonzeros lst1) ++ (nonzeros lst2).
Proof. intros lst1 lst2; induction lst1 as [|h t IH]; try (destruct h; simpl; rewrite <- IH); reflexivity. Qed.





Lemma re_opt_e_match' : forall T (re: reg_exp T) s,
  s =~ re -> s =~ re_opt_e re.
Proof.
  intros T re s M.
  induction M
    as [| x'
        | s1 re1 s2 re2 Hmatch1 IH1 Hmatch2 IH2
        | s1 re1 re2 Hmatch IH | re1 s2 re2 Hmatch IH
        | re | s1 s2 re Hmatch1 IH1 Hmatch2 IH2];
    
    simpl.
  -  apply MEmpty.
  -  apply MChar.
  - 
    destruct re1;
    
    try (apply MApp; try apply IH1; apply IH2).
    
    inversion Hmatch1. simpl. apply IH2.
  -  apply MUnionL. apply IH.
  -  apply MUnionR. apply IH.
  -  apply MStar0.
  -   apply MStarApp. apply IH1.  apply IH2.
Qed.






Theorem app_length : forall (X : Type) (lst1 lst2 : list X),
    length (lst1 ++ lst2) = (length lst1) + (length lst2).
Proof.
  intros; induction lst1;
    [reflexivity | simpl; rewrite IHlst1; reflexivity].
Qed.



Theorem app_length' : forall (X : Type) (lst1 lst2 : list X),
    length (lst1 ++ lst2) = (length lst1) + (length lst2).
Proof.
  intros; induction lst1;
    [idtac | simpl; rewrite IHlst1];
    reflexivity.
Qed.





Theorem add_assoc' : forall n m p : nat,
    n + (m + p) = (n + m) + p.
Proof. intros n m p; induction n as [| n' IHn']; [| simpl; rewrite IHn']; reflexivity. Qed.





Lemma re_opt_e_match'' : forall T (re: reg_exp T) s,
  s =~ re -> s =~ re_opt_e re.
Proof.
  intros T re s M.
  induction M
    as [| x'
        | s1 re1 s2 re2 Hmatch1 IH1 Hmatch2 IH2
        | s1 re1 re2 Hmatch IH | re1 s2 re2 Hmatch IH
        | re | s1 s2 re Hmatch1 IH1 Hmatch2 IH2];
    
    simpl.
  -  apply MEmpty.
  -  apply MChar.
  - 
    destruct re1;
    try (apply MApp; [apply IH1 | apply IH2]).  
    inversion Hmatch1. simpl. apply IH2.
  -  apply MUnionL. apply IH.
  -  apply MUnionR. apply IH.
  -  apply MStar0.
  -   apply MStarApp; [apply IH1 | apply IH2].  
Qed.






Theorem In10 : In 10 [1;2;3;4;5;6;7;8;9;10].
Proof.
  repeat (try (left; reflexivity); right).
Qed.



Theorem In10' : In 10 [1;2;3;4;5;6;7;8;9;10].
Proof.
  repeat (left; reflexivity).
  repeat (right; try (left; reflexivity)).
Qed.





Theorem ev100: ev 100.
Proof. repeat (apply ev_SS). apply ev_0. Qed.









Fixpoint re_opt {T:Type} (re: reg_exp T) : reg_exp T :=
  match re with
  | App _ EmptySet => EmptySet
  | App EmptyStr re2 => re_opt re2
  | App re1 EmptyStr => re_opt re1
  | App re1 re2 => App (re_opt re1) (re_opt re2)
  | Union EmptySet re2 => re_opt re2
  | Union re1 EmptySet => re_opt re1
  | Union re1 re2 => Union (re_opt re1) (re_opt re2)
  | Star EmptySet => EmptyStr
  | Star EmptyStr => EmptyStr
  | Star re => Star (re_opt re)
  | EmptySet => EmptySet
  | EmptyStr => EmptyStr
  | Char x => Char x
  end.



Lemma re_opt_match : forall T (re: reg_exp T) s,
  s =~ re -> s =~ re_opt re.
Proof.
  intros T re s M.
  induction M
    as [| x'
        | s1 re1 s2 re2 Hmatch1 IH1 Hmatch2 IH2
        | s1 re1 re2 Hmatch IH | re1 s2 re2 Hmatch IH
        | re | s1 s2 re Hmatch1 IH1 Hmatch2 IH2].
  -  simpl. apply MEmpty.
  -  simpl. apply MChar.
  -  simpl.
    destruct re1.
    + inversion IH1.
    + inversion IH1. simpl. destruct re2.
      * apply IH2.
      * apply IH2.
      * apply IH2.
      * apply IH2.
      * apply IH2.
      * apply IH2.
    + destruct re2.
      * inversion IH2.
      * inversion IH2. rewrite app_nil_r. apply IH1.
      * apply MApp.
        -- apply IH1.
        -- apply IH2.
      * apply MApp.
        -- apply IH1.
        -- apply IH2.
      * apply MApp.
        -- apply IH1.
        -- apply IH2.
      * apply MApp.
        -- apply IH1.
        -- apply IH2.
    + destruct re2.
      * inversion IH2.
      * inversion IH2. rewrite app_nil_r.  apply IH1.
      * apply MApp.
        -- apply IH1.
        -- apply IH2.
      * apply MApp.
        -- apply IH1.
        -- apply IH2.
      * apply MApp.
        -- apply IH1.
        -- apply IH2.
      * apply MApp.
        -- apply IH1.
        -- apply IH2.
    + destruct re2.
      * inversion IH2.
      * inversion IH2. rewrite app_nil_r. apply IH1.
      * apply MApp.
        -- apply IH1.
        -- apply IH2.
      * apply MApp.
        -- apply IH1.
        -- apply IH2.
      * apply MApp.
        -- apply IH1.
        -- apply IH2.
      * apply MApp.
        -- apply IH1.
        -- apply IH2.
    + destruct re2.
      * inversion IH2.
      * inversion IH2. rewrite app_nil_r. apply IH1.
      * apply MApp.
        -- apply IH1.
        -- apply IH2.
      * apply MApp.
        -- apply IH1.
        -- apply IH2.
      * apply MApp.
        -- apply IH1.
        -- apply IH2.
      * apply MApp.
        -- apply IH1.
        -- apply IH2.
  -  simpl.
    destruct re1.
    + inversion IH.
    + destruct re2.
      * apply IH.
      * apply MUnionL. apply IH.
      * apply MUnionL. apply IH.
      * apply MUnionL. apply IH.
      * apply MUnionL. apply IH.
      * apply MUnionL. apply IH.
    + destruct re2.
      * apply IH.
      * apply MUnionL. apply IH.
      * apply MUnionL. apply IH.
      * apply MUnionL. apply IH.
      * apply MUnionL. apply IH.
      * apply MUnionL. apply IH.
    + destruct re2.
      * apply IH.
      * apply MUnionL. apply IH.
      * apply MUnionL. apply IH.
      * apply MUnionL. apply IH.
      * apply MUnionL. apply IH.
      * apply MUnionL. apply IH.
    + destruct re2.
      * apply IH.
      * apply MUnionL. apply IH.
      * apply MUnionL. apply IH.
      * apply MUnionL. apply IH.
      * apply MUnionL. apply IH.
      * apply MUnionL. apply IH.
    + destruct re2.
      * apply IH.
      * apply MUnionL. apply IH.
      * apply MUnionL. apply IH.
      * apply MUnionL. apply IH.
      * apply MUnionL. apply IH.
      * apply MUnionL. apply IH.
  -  simpl.
    destruct re1.
    + apply IH.
    + destruct re2.
      * inversion IH.
      * apply MUnionR. apply IH.
      * apply MUnionR. apply IH.
      * apply MUnionR. apply IH.
      * apply MUnionR. apply IH.
      * apply MUnionR. apply IH.
    + destruct re2.
      * inversion IH.
      * apply MUnionR. apply IH.
      * apply MUnionR. apply IH.
      * apply MUnionR. apply IH.
      * apply MUnionR. apply IH.
      * apply MUnionR. apply IH.
    + destruct re2.
      * inversion IH.
      * apply MUnionR. apply IH.
      * apply MUnionR. apply IH.
      * apply MUnionR. apply IH.
      * apply MUnionR. apply IH.
      * apply MUnionR. apply IH.
    + destruct re2.
      * inversion IH.
      * apply MUnionR. apply IH.
      * apply MUnionR. apply IH.
      * apply MUnionR. apply IH.
      * apply MUnionR. apply IH.
      * apply MUnionR. apply IH.
    + destruct re2.
      * inversion IH.
      * apply MUnionR. apply IH.
      * apply MUnionR. apply IH.
      * apply MUnionR. apply IH.
      * apply MUnionR. apply IH.
      * apply MUnionR. apply IH.
 -  simpl.
    destruct re.
    + apply MEmpty.
    + apply MEmpty.
    + apply MStar0.
    + apply MStar0.
    + apply MStar0.
    + simpl.
      destruct re.
      * apply MStar0.
      * apply MStar0.
      * apply MStar0.
      * apply MStar0.
      * apply MStar0.
      * apply MStar0.
 -  simpl.
   destruct re.
   + inversion IH1.
   + inversion IH1. inversion IH2. apply MEmpty.
   + apply star_app.
     * apply MStar1. apply IH1.
     * apply IH2.
   + apply star_app.
     * apply MStar1.  apply IH1.
     * apply IH2.
   + apply star_app.
     * apply MStar1.  apply IH1.
     * apply IH2.
   + apply star_app.
     * apply MStar1.  apply IH1.
     * apply IH2.
Qed.



Lemma re_opt_match' : forall T (re: reg_exp T) s,
  s =~ re -> s =~ re_opt re.
Proof.
  intros T re s M.
  induction M
    as [| x'
        | s1 re1 s2 re2 Hmatch1 IH1 Hmatch2 IH2
        | s1 re1 re2 Hmatch IH | re1 s2 re2 Hmatch IH
        | re | s1 s2 re Hmatch1 IH1 Hmatch2 IH2].
  -  simpl; apply MEmpty.
  -  simpl; apply MChar.
  - 
    simpl;
      destruct re1;
      [inversion IH1 | inversion IH1; simpl; destruct re2; apply IH2 | | | |];
      (destruct re2;
       [inversion IH2 | inversion IH2; rewrite app_nil_r; apply IH1 | | | | ];
       (apply MApp; [apply IH1 | apply IH2])).
  - 
    simpl;
      destruct re1;
      [inversion IH | | | | |];
      destruct re2; try apply MUnionL; apply IH.
  - 
    simpl;
      destruct re1;
      [apply IH | | | | |];
      (destruct re2; [inversion IH | | | | |]; apply MUnionR; apply IH).
 - 
   simpl;
     destruct re; try apply MEmpty; try apply MStar0.
 - 
   simpl;
    destruct re;
    [inversion IH1 | inversion IH1; inversion IH2; apply MEmpty | | | |];
    (apply star_app; [apply MStar1; apply IH1 | apply IH2]).
Qed.

Definition manual_grade_for_re_opt : option (nat*string) := None.







Theorem hyp_name : forall (P : Prop), P -> P.
Proof.
  intros P HP. apply HP.
Qed.








Theorem no_hyp_name : forall (P : Prop), P -> P.
Proof.
  intros. assumption.
Qed.








Theorem false_assumed : False -> 0 = 1.
Proof.
  intros H. destruct H.
Qed.

Theorem false_assumed' : False -> 0 = 1.
Proof.
  intros. contradiction.
Qed.

Theorem contras : forall (P : Prop), P -> ~P -> 0 = 1.
Proof.
  intros P HP HNP. exfalso. apply HNP. apply HP.
Qed.

Theorem contras' : forall (P : Prop), P -> ~P -> 0 = 1.
Proof.
  intros. contradiction.
Qed.






Theorem many_eq : forall (n m o p : nat),
  n = m ->
  o = p ->
  [n; o] = [m; p].
Proof.
  intros n m o p Hnm Hop. rewrite Hnm. rewrite Hop. reflexivity.
Qed.

Theorem many_eq' : forall (n m o p : nat),
  n = m ->
  o = p ->
  [n; o] = [m; p].
Proof.
  intros. subst. reflexivity.
Qed.








Check ev_0 : ev 0.
Check ev_SS : forall n : nat, ev n -> ev (S (S n)).

Example constructor_example: forall (n:nat),
    ev (n + n).
Proof.
  induction n; simpl.
  - constructor. 
  - rewrite add_comm. simpl. constructor. 
    assumption.
Qed.













From Coq Require Import Lia.

Theorem lia_succeed1 : forall (n : nat),
  n > 0 -> n * 2 > n.
Proof. lia. Qed.

Theorem lia_succeed2 : forall (n m : nat),
    n * m = m * n.
Proof.
  lia. 
Qed.

Theorem lia_fail1 : 0 = 1.
Proof.
  Fail lia. 
Abort.

Theorem lia_fail2 : forall (n : nat),
    n >= 1 -> 2 ^ n = 2 * 2 ^ (n - 1).
Proof.
  Fail lia. 
Abort.



Require Import Ring.

Theorem mult_comm : forall (n m : nat),
    n * m = m * n.
Proof.
  intros n m. ring.
Qed.






Theorem eq_example1 :
  forall (A B C : Type) (f : A -> B) (g : B -> C) (x : A) (y : B),
    y = f x -> g y = g (f x).
Proof.
  intros. rewrite H. reflexivity.
Qed.







Theorem eq_example1' :
  forall (A B C : Type) (f : A -> B) (g : B -> C) (x : A) (y : B),
    y = f x -> g y = g (f x).
Proof.
  congruence.
Qed.



Theorem eq_example2 : forall (n m o p : nat),
    n = m ->
    o = p ->
    (n, o) = (m, p).
Proof.
  congruence.
Qed.

Theorem eq_example3 : forall (X : Type) (h : X) (t : list X),
    [] <> h :: t.
Proof.
  congruence.
Qed.






Theorem intuition_succeed1 : forall (P : Prop),
    P -> P.
Proof. intuition. Qed.

Theorem intuition_succeed2 : forall (P Q : Prop),
    ~ (P \/ Q) -> ~P /\ ~Q.
Proof. intuition. Qed.

Theorem intuition_simplify1 : forall (P : Prop),
    ~~P -> P.
Proof.
  intuition. 
Abort.

Theorem intuition_simplify2 : forall (x y : nat) (P Q : nat -> Prop),
  x = y /\ (P x -> Q x) /\ P x -> Q y.
Proof.
  Fail congruence. 
  intuition. 
  congruence.
Qed.



Theorem intuition_simplify2' : forall (x y : nat) (P Q : nat -> Prop),
  x = y /\ (P x -> Q x) /\ P x -> Q y.
Proof.
  intuition congruence.
Qed.






Theorem plus_id_exercise_from_basics : forall n m o : nat,
  n = m -> m = o -> n + m = m + o.
Proof. lia. Qed.

Theorem add_assoc_from_induction : forall n m p : nat,
    n + (m + p) = (n + m) + p.
Proof. lia. Qed.

Theorem S_injective_from_tactics : forall (n m : nat),
  S n = S m ->
  n = m.
Proof. congruence. Qed.

Theorem or_distributes_over_and_from_logic : forall P Q R : Prop,
    P \/ (Q /\ R) <-> (P \/ Q) /\ (P \/ R).
Proof. intuition. Qed.













Example auto_example_1 : forall (P Q R: Prop),
  (P -> Q) -> (Q -> R) -> P -> R.
Proof.
  intros P Q R H1 H2 H3.
  apply H2. apply H1. apply H3.
Qed.



Example auto_example_1' : forall (P Q R: Prop),
  (P -> Q) -> (Q -> R) -> P -> R.
Proof.
  auto.
Qed.







Example auto_example_2 : forall P Q R S T U : Prop,
  (P -> Q) ->
  (P -> R) ->
  (T -> R) ->
  (S -> T -> U) ->
  ((P -> Q) -> (P -> S)) ->
  T ->
  P ->
  U.
Proof. auto. Qed.



Example auto_example_3 : forall (P Q R S T U: Prop),
  (P -> Q) ->
  (Q -> R) ->
  (R -> S) ->
  (S -> T) ->
  (T -> U) ->
  P ->
  U.
Proof.
  
  auto.
  
  auto 6.
Qed.





Lemma lemma_implication_intro_3 : forall P Q R : Prop, forall H : Q, forall H0 : Q -> R, P.

Proof.
intros P Q R H H0.
apply H0.
apply H.
Qed.

Outdated contents in ..cache: recomputing
ERROR MESSAGE IN LEMMA PROOF (FRAGMENT #1598)
Error in step "apply H0.".
Message: In environment
P, Q, R : Prop
H : Q
H0 : Q -> R
Unable to unify "R" with "P"..
Goal: P.


TRYING TO PROVE LEMMA
Lemma lemma_implication_intro_4 : forall P Q R : Prop, forall H : Q, forall H0 : Q -> R, P.


ATTEMPTED LEMMA PROOF (LEMMAS USED: 5)




Set Warnings "-notation-overridden,-parsing,-deprecated-hint-without-locality".
From Coq Require Import Arith List.
From LF Require Import IndProp.



Fixpoint re_opt_e {T:Type} (re: reg_exp T) : reg_exp T :=
  match re with
  | App EmptyStr re2 => re_opt_e re2
  | App re1 re2 => App (re_opt_e re1) (re_opt_e re2)
  | Union re1 re2 => Union (re_opt_e re1) (re_opt_e re2)
  | Star re => Star (re_opt_e re)
  | _ => re
  end.



Lemma re_opt_e_match : forall T (re: reg_exp T) s,
  s =~ re -> s =~ re_opt_e re.
Proof.
  intros T re s M.
  induction M
    as [| x'
        | s1 re1 s2 re2 Hmatch1 IH1 Hmatch2 IH2
        | s1 re1 re2 Hmatch IH | re1 s2 re2 Hmatch IH
        | re | s1 s2 re Hmatch1 IH1 Hmatch2 IH2].
  -  simpl. apply MEmpty.
  -  simpl. apply MChar.
  -  simpl.
    destruct re1.
    + apply MApp.
      * apply IH1.
      * apply IH2.
    + inversion Hmatch1. simpl. apply IH2.
    + apply MApp.
      * apply IH1.
      * apply IH2.
    + apply MApp.
      * apply IH1.
      * apply IH2.
    + apply MApp.
      * apply IH1.
      * apply IH2.
    + apply MApp.
      * apply IH1.
      * apply IH2.
  -  simpl. apply MUnionL. apply IH.
  -  simpl. apply MUnionR. apply IH.
  -  simpl. apply MStar0.
  -  simpl. apply MStarApp.
    * apply IH1.
    * apply IH2.
Qed.













Theorem silly1 : forall n, 1 + n = S n.
Proof. try reflexivity.  Qed.

Theorem silly2 : forall (P : Prop), P -> P.
Proof.
  intros P HP.
  Fail reflexivity.
  try reflexivity. 
  apply HP.
Qed.










Lemma simple_semi : forall n, (n + 1 =? 0) = false.
Proof.
  intros n.
  destruct n eqn:E.
    
    -  simpl. reflexivity.
    -  simpl. reflexivity.
Qed.



Lemma simple_semi' : forall n, (n + 1 =? 0) = false.
Proof.
  intros n.
  
  destruct n;
  
  simpl;
  
  reflexivity.
Qed.



Lemma simple_semi'' : forall n, (n + 1 =? 0) = false.
Proof.
  destruct n; reflexivity.
Qed.





Theorem andb_eq_orb :
  forall (b c : bool),
  (andb b c = orb b c) ->
  b = c.
Proof. destruct b; destruct c; try reflexivity; try discriminate. Qed.

Theorem add_assoc : forall n m p : nat,
    n + (m + p) = (n + m) + p.
Proof. intros n m p; induction n as [| n' IHn']; try (simpl; rewrite IHn'); reflexivity. Qed.

Fixpoint nonzeros (lst : list nat) :=
  match lst with
  | [] => []
  | 0 :: t => nonzeros t
  | h :: t => h :: nonzeros t
  end.

Lemma nonzeros_app : forall lst1 lst2 : list nat,
  nonzeros (lst1 ++ lst2) = (nonzeros lst1) ++ (nonzeros lst2).
Proof. intros lst1 lst2; induction lst1 as [|h t IH]; try (destruct h; simpl; rewrite <- IH); reflexivity. Qed.





Lemma re_opt_e_match' : forall T (re: reg_exp T) s,
  s =~ re -> s =~ re_opt_e re.
Proof.
  intros T re s M.
  induction M
    as [| x'
        | s1 re1 s2 re2 Hmatch1 IH1 Hmatch2 IH2
        | s1 re1 re2 Hmatch IH | re1 s2 re2 Hmatch IH
        | re | s1 s2 re Hmatch1 IH1 Hmatch2 IH2];
    
    simpl.
  -  apply MEmpty.
  -  apply MChar.
  - 
    destruct re1;
    
    try (apply MApp; try apply IH1; apply IH2).
    
    inversion Hmatch1. simpl. apply IH2.
  -  apply MUnionL. apply IH.
  -  apply MUnionR. apply IH.
  -  apply MStar0.
  -   apply MStarApp. apply IH1.  apply IH2.
Qed.






Theorem app_length : forall (X : Type) (lst1 lst2 : list X),
    length (lst1 ++ lst2) = (length lst1) + (length lst2).
Proof.
  intros; induction lst1;
    [reflexivity | simpl; rewrite IHlst1; reflexivity].
Qed.



Theorem app_length' : forall (X : Type) (lst1 lst2 : list X),
    length (lst1 ++ lst2) = (length lst1) + (length lst2).
Proof.
  intros; induction lst1;
    [idtac | simpl; rewrite IHlst1];
    reflexivity.
Qed.





Theorem add_assoc' : forall n m p : nat,
    n + (m + p) = (n + m) + p.
Proof. intros n m p; induction n as [| n' IHn']; [| simpl; rewrite IHn']; reflexivity. Qed.





Lemma re_opt_e_match'' : forall T (re: reg_exp T) s,
  s =~ re -> s =~ re_opt_e re.
Proof.
  intros T re s M.
  induction M
    as [| x'
        | s1 re1 s2 re2 Hmatch1 IH1 Hmatch2 IH2
        | s1 re1 re2 Hmatch IH | re1 s2 re2 Hmatch IH
        | re | s1 s2 re Hmatch1 IH1 Hmatch2 IH2];
    
    simpl.
  -  apply MEmpty.
  -  apply MChar.
  - 
    destruct re1;
    try (apply MApp; [apply IH1 | apply IH2]).  
    inversion Hmatch1. simpl. apply IH2.
  -  apply MUnionL. apply IH.
  -  apply MUnionR. apply IH.
  -  apply MStar0.
  -   apply MStarApp; [apply IH1 | apply IH2].  
Qed.






Theorem In10 : In 10 [1;2;3;4;5;6;7;8;9;10].
Proof.
  repeat (try (left; reflexivity); right).
Qed.



Theorem In10' : In 10 [1;2;3;4;5;6;7;8;9;10].
Proof.
  repeat (left; reflexivity).
  repeat (right; try (left; reflexivity)).
Qed.





Theorem ev100: ev 100.
Proof. repeat (apply ev_SS). apply ev_0. Qed.









Fixpoint re_opt {T:Type} (re: reg_exp T) : reg_exp T :=
  match re with
  | App _ EmptySet => EmptySet
  | App EmptyStr re2 => re_opt re2
  | App re1 EmptyStr => re_opt re1
  | App re1 re2 => App (re_opt re1) (re_opt re2)
  | Union EmptySet re2 => re_opt re2
  | Union re1 EmptySet => re_opt re1
  | Union re1 re2 => Union (re_opt re1) (re_opt re2)
  | Star EmptySet => EmptyStr
  | Star EmptyStr => EmptyStr
  | Star re => Star (re_opt re)
  | EmptySet => EmptySet
  | EmptyStr => EmptyStr
  | Char x => Char x
  end.



Lemma re_opt_match : forall T (re: reg_exp T) s,
  s =~ re -> s =~ re_opt re.
Proof.
  intros T re s M.
  induction M
    as [| x'
        | s1 re1 s2 re2 Hmatch1 IH1 Hmatch2 IH2
        | s1 re1 re2 Hmatch IH | re1 s2 re2 Hmatch IH
        | re | s1 s2 re Hmatch1 IH1 Hmatch2 IH2].
  -  simpl. apply MEmpty.
  -  simpl. apply MChar.
  -  simpl.
    destruct re1.
    + inversion IH1.
    + inversion IH1. simpl. destruct re2.
      * apply IH2.
      * apply IH2.
      * apply IH2.
      * apply IH2.
      * apply IH2.
      * apply IH2.
    + destruct re2.
      * inversion IH2.
      * inversion IH2. rewrite app_nil_r. apply IH1.
      * apply MApp.
        -- apply IH1.
        -- apply IH2.
      * apply MApp.
        -- apply IH1.
        -- apply IH2.
      * apply MApp.
        -- apply IH1.
        -- apply IH2.
      * apply MApp.
        -- apply IH1.
        -- apply IH2.
    + destruct re2.
      * inversion IH2.
      * inversion IH2. rewrite app_nil_r.  apply IH1.
      * apply MApp.
        -- apply IH1.
        -- apply IH2.
      * apply MApp.
        -- apply IH1.
        -- apply IH2.
      * apply MApp.
        -- apply IH1.
        -- apply IH2.
      * apply MApp.
        -- apply IH1.
        -- apply IH2.
    + destruct re2.
      * inversion IH2.
      * inversion IH2. rewrite app_nil_r. apply IH1.
      * apply MApp.
        -- apply IH1.
        -- apply IH2.
      * apply MApp.
        -- apply IH1.
        -- apply IH2.
      * apply MApp.
        -- apply IH1.
        -- apply IH2.
      * apply MApp.
        -- apply IH1.
        -- apply IH2.
    + destruct re2.
      * inversion IH2.
      * inversion IH2. rewrite app_nil_r. apply IH1.
      * apply MApp.
        -- apply IH1.
        -- apply IH2.
      * apply MApp.
        -- apply IH1.
        -- apply IH2.
      * apply MApp.
        -- apply IH1.
        -- apply IH2.
      * apply MApp.
        -- apply IH1.
        -- apply IH2.
  -  simpl.
    destruct re1.
    + inversion IH.
    + destruct re2.
      * apply IH.
      * apply MUnionL. apply IH.
      * apply MUnionL. apply IH.
      * apply MUnionL. apply IH.
      * apply MUnionL. apply IH.
      * apply MUnionL. apply IH.
    + destruct re2.
      * apply IH.
      * apply MUnionL. apply IH.
      * apply MUnionL. apply IH.
      * apply MUnionL. apply IH.
      * apply MUnionL. apply IH.
      * apply MUnionL. apply IH.
    + destruct re2.
      * apply IH.
      * apply MUnionL. apply IH.
      * apply MUnionL. apply IH.
      * apply MUnionL. apply IH.
      * apply MUnionL. apply IH.
      * apply MUnionL. apply IH.
    + destruct re2.
      * apply IH.
      * apply MUnionL. apply IH.
      * apply MUnionL. apply IH.
      * apply MUnionL. apply IH.
      * apply MUnionL. apply IH.
      * apply MUnionL. apply IH.
    + destruct re2.
      * apply IH.
      * apply MUnionL. apply IH.
      * apply MUnionL. apply IH.
      * apply MUnionL. apply IH.
      * apply MUnionL. apply IH.
      * apply MUnionL. apply IH.
  -  simpl.
    destruct re1.
    + apply IH.
    + destruct re2.
      * inversion IH.
      * apply MUnionR. apply IH.
      * apply MUnionR. apply IH.
      * apply MUnionR. apply IH.
      * apply MUnionR. apply IH.
      * apply MUnionR. apply IH.
    + destruct re2.
      * inversion IH.
      * apply MUnionR. apply IH.
      * apply MUnionR. apply IH.
      * apply MUnionR. apply IH.
      * apply MUnionR. apply IH.
      * apply MUnionR. apply IH.
    + destruct re2.
      * inversion IH.
      * apply MUnionR. apply IH.
      * apply MUnionR. apply IH.
      * apply MUnionR. apply IH.
      * apply MUnionR. apply IH.
      * apply MUnionR. apply IH.
    + destruct re2.
      * inversion IH.
      * apply MUnionR. apply IH.
      * apply MUnionR. apply IH.
      * apply MUnionR. apply IH.
      * apply MUnionR. apply IH.
      * apply MUnionR. apply IH.
    + destruct re2.
      * inversion IH.
      * apply MUnionR. apply IH.
      * apply MUnionR. apply IH.
      * apply MUnionR. apply IH.
      * apply MUnionR. apply IH.
      * apply MUnionR. apply IH.
 -  simpl.
    destruct re.
    + apply MEmpty.
    + apply MEmpty.
    + apply MStar0.
    + apply MStar0.
    + apply MStar0.
    + simpl.
      destruct re.
      * apply MStar0.
      * apply MStar0.
      * apply MStar0.
      * apply MStar0.
      * apply MStar0.
      * apply MStar0.
 -  simpl.
   destruct re.
   + inversion IH1.
   + inversion IH1. inversion IH2. apply MEmpty.
   + apply star_app.
     * apply MStar1. apply IH1.
     * apply IH2.
   + apply star_app.
     * apply MStar1.  apply IH1.
     * apply IH2.
   + apply star_app.
     * apply MStar1.  apply IH1.
     * apply IH2.
   + apply star_app.
     * apply MStar1.  apply IH1.
     * apply IH2.
Qed.



Lemma re_opt_match' : forall T (re: reg_exp T) s,
  s =~ re -> s =~ re_opt re.
Proof.
  intros T re s M.
  induction M
    as [| x'
        | s1 re1 s2 re2 Hmatch1 IH1 Hmatch2 IH2
        | s1 re1 re2 Hmatch IH | re1 s2 re2 Hmatch IH
        | re | s1 s2 re Hmatch1 IH1 Hmatch2 IH2].
  -  simpl; apply MEmpty.
  -  simpl; apply MChar.
  - 
    simpl;
      destruct re1;
      [inversion IH1 | inversion IH1; simpl; destruct re2; apply IH2 | | | |];
      (destruct re2;
       [inversion IH2 | inversion IH2; rewrite app_nil_r; apply IH1 | | | | ];
       (apply MApp; [apply IH1 | apply IH2])).
  - 
    simpl;
      destruct re1;
      [inversion IH | | | | |];
      destruct re2; try apply MUnionL; apply IH.
  - 
    simpl;
      destruct re1;
      [apply IH | | | | |];
      (destruct re2; [inversion IH | | | | |]; apply MUnionR; apply IH).
 - 
   simpl;
     destruct re; try apply MEmpty; try apply MStar0.
 - 
   simpl;
    destruct re;
    [inversion IH1 | inversion IH1; inversion IH2; apply MEmpty | | | |];
    (apply star_app; [apply MStar1; apply IH1 | apply IH2]).
Qed.

Definition manual_grade_for_re_opt : option (nat*string) := None.







Theorem hyp_name : forall (P : Prop), P -> P.
Proof.
  intros P HP. apply HP.
Qed.








Theorem no_hyp_name : forall (P : Prop), P -> P.
Proof.
  intros. assumption.
Qed.








Theorem false_assumed : False -> 0 = 1.
Proof.
  intros H. destruct H.
Qed.

Theorem false_assumed' : False -> 0 = 1.
Proof.
  intros. contradiction.
Qed.

Theorem contras : forall (P : Prop), P -> ~P -> 0 = 1.
Proof.
  intros P HP HNP. exfalso. apply HNP. apply HP.
Qed.

Theorem contras' : forall (P : Prop), P -> ~P -> 0 = 1.
Proof.
  intros. contradiction.
Qed.






Theorem many_eq : forall (n m o p : nat),
  n = m ->
  o = p ->
  [n; o] = [m; p].
Proof.
  intros n m o p Hnm Hop. rewrite Hnm. rewrite Hop. reflexivity.
Qed.

Theorem many_eq' : forall (n m o p : nat),
  n = m ->
  o = p ->
  [n; o] = [m; p].
Proof.
  intros. subst. reflexivity.
Qed.








Check ev_0 : ev 0.
Check ev_SS : forall n : nat, ev n -> ev (S (S n)).

Example constructor_example: forall (n:nat),
    ev (n + n).
Proof.
  induction n; simpl.
  - constructor. 
  - rewrite add_comm. simpl. constructor. 
    assumption.
Qed.













From Coq Require Import Lia.

Theorem lia_succeed1 : forall (n : nat),
  n > 0 -> n * 2 > n.
Proof. lia. Qed.

Theorem lia_succeed2 : forall (n m : nat),
    n * m = m * n.
Proof.
  lia. 
Qed.

Theorem lia_fail1 : 0 = 1.
Proof.
  Fail lia. 
Abort.

Theorem lia_fail2 : forall (n : nat),
    n >= 1 -> 2 ^ n = 2 * 2 ^ (n - 1).
Proof.
  Fail lia. 
Abort.



Require Import Ring.

Theorem mult_comm : forall (n m : nat),
    n * m = m * n.
Proof.
  intros n m. ring.
Qed.






Theorem eq_example1 :
  forall (A B C : Type) (f : A -> B) (g : B -> C) (x : A) (y : B),
    y = f x -> g y = g (f x).
Proof.
  intros. rewrite H. reflexivity.
Qed.







Theorem eq_example1' :
  forall (A B C : Type) (f : A -> B) (g : B -> C) (x : A) (y : B),
    y = f x -> g y = g (f x).
Proof.
  congruence.
Qed.



Theorem eq_example2 : forall (n m o p : nat),
    n = m ->
    o = p ->
    (n, o) = (m, p).
Proof.
  congruence.
Qed.

Theorem eq_example3 : forall (X : Type) (h : X) (t : list X),
    [] <> h :: t.
Proof.
  congruence.
Qed.






Theorem intuition_succeed1 : forall (P : Prop),
    P -> P.
Proof. intuition. Qed.

Theorem intuition_succeed2 : forall (P Q : Prop),
    ~ (P \/ Q) -> ~P /\ ~Q.
Proof. intuition. Qed.

Theorem intuition_simplify1 : forall (P : Prop),
    ~~P -> P.
Proof.
  intuition. 
Abort.

Theorem intuition_simplify2 : forall (x y : nat) (P Q : nat -> Prop),
  x = y /\ (P x -> Q x) /\ P x -> Q y.
Proof.
  Fail congruence. 
  intuition. 
  congruence.
Qed.



Theorem intuition_simplify2' : forall (x y : nat) (P Q : nat -> Prop),
  x = y /\ (P x -> Q x) /\ P x -> Q y.
Proof.
  intuition congruence.
Qed.






Theorem plus_id_exercise_from_basics : forall n m o : nat,
  n = m -> m = o -> n + m = m + o.
Proof. lia. Qed.

Theorem add_assoc_from_induction : forall n m p : nat,
    n + (m + p) = (n + m) + p.
Proof. lia. Qed.

Theorem S_injective_from_tactics : forall (n m : nat),
  S n = S m ->
  n = m.
Proof. congruence. Qed.

Theorem or_distributes_over_and_from_logic : forall P Q R : Prop,
    P \/ (Q /\ R) <-> (P \/ Q) /\ (P \/ R).
Proof. intuition. Qed.













Example auto_example_1 : forall (P Q R: Prop),
  (P -> Q) -> (Q -> R) -> P -> R.
Proof.
  intros P Q R H1 H2 H3.
  apply H2. apply H1. apply H3.
Qed.



Example auto_example_1' : forall (P Q R: Prop),
  (P -> Q) -> (Q -> R) -> P -> R.
Proof.
  auto.
Qed.







Example auto_example_2 : forall P Q R S T U : Prop,
  (P -> Q) ->
  (P -> R) ->
  (T -> R) ->
  (S -> T -> U) ->
  ((P -> Q) -> (P -> S)) ->
  T ->
  P ->
  U.
Proof. auto. Qed.



Example auto_example_3 : forall (P Q R S T U: Prop),
  (P -> Q) ->
  (Q -> R) ->
  (R -> S) ->
  (S -> T) ->
  (T -> U) ->
  P ->
  U.
Proof.
  
  auto.
  
  auto 6.
Qed.





Lemma lemma_implication_intro_4 : forall P Q R : Prop, forall H : Q, forall H0 : Q -> R, P.

Proof.
intros P Q R H H0.
apply H0.
apply H.
Qed.

Outdated contents in ..cache: recomputing
ERROR MESSAGE IN LEMMA PROOF (FRAGMENT #1598)
Error in step "apply H0.".
Message: In environment
P, Q, R : Prop
H : Q
H0 : Q -> R
Unable to unify "R" with "P"..
Goal: P.


TRYING TO PROVE LEMMA
Lemma lemma_implication_intro_5 : forall P Q R : Prop, forall H : Q, forall H0 : Q -> R, P.


Error proving auto_example_4
MAX LEMMA DEPTH REACHED. GIVING UP.