PROVING auto_example_7
ATTEMPTED EXAMPLE PROOF (LEMMAS USED: 0)




Set Warnings "-notation-overridden,-parsing,-deprecated-hint-without-locality".
From Coq Require Import Arith List.
From LF Require Import IndProp.



Fixpoint re_opt_e {T:Type} (re: reg_exp T) : reg_exp T :=
  match re with
  | App EmptyStr re2 => re_opt_e re2
  | App re1 re2 => App (re_opt_e re1) (re_opt_e re2)
  | Union re1 re2 => Union (re_opt_e re1) (re_opt_e re2)
  | Star re => Star (re_opt_e re)
  | _ => re
  end.



Lemma re_opt_e_match : forall T (re: reg_exp T) s,
  s =~ re -> s =~ re_opt_e re.
Proof.
  intros T re s M.
  induction M
    as [| x'
        | s1 re1 s2 re2 Hmatch1 IH1 Hmatch2 IH2
        | s1 re1 re2 Hmatch IH | re1 s2 re2 Hmatch IH
        | re | s1 s2 re Hmatch1 IH1 Hmatch2 IH2].
  -  simpl. apply MEmpty.
  -  simpl. apply MChar.
  -  simpl.
    destruct re1.
    + apply MApp.
      * apply IH1.
      * apply IH2.
    + inversion Hmatch1. simpl. apply IH2.
    + apply MApp.
      * apply IH1.
      * apply IH2.
    + apply MApp.
      * apply IH1.
      * apply IH2.
    + apply MApp.
      * apply IH1.
      * apply IH2.
    + apply MApp.
      * apply IH1.
      * apply IH2.
  -  simpl. apply MUnionL. apply IH.
  -  simpl. apply MUnionR. apply IH.
  -  simpl. apply MStar0.
  -  simpl. apply MStarApp.
    * apply IH1.
    * apply IH2.
Qed.













Theorem silly1 : forall n, 1 + n = S n.
Proof. try reflexivity.  Qed.

Theorem silly2 : forall (P : Prop), P -> P.
Proof.
  intros P HP.
  Fail reflexivity.
  try reflexivity. 
  apply HP.
Qed.










Lemma simple_semi : forall n, (n + 1 =? 0) = false.
Proof.
  intros n.
  destruct n eqn:E.
    
    -  simpl. reflexivity.
    -  simpl. reflexivity.
Qed.



Lemma simple_semi' : forall n, (n + 1 =? 0) = false.
Proof.
  intros n.
  
  destruct n;
  
  simpl;
  
  reflexivity.
Qed.



Lemma simple_semi'' : forall n, (n + 1 =? 0) = false.
Proof.
  destruct n; reflexivity.
Qed.





Theorem andb_eq_orb :
  forall (b c : bool),
  (andb b c = orb b c) ->
  b = c.
Proof. destruct b; destruct c; try reflexivity; try discriminate. Qed.

Theorem add_assoc : forall n m p : nat,
    n + (m + p) = (n + m) + p.
Proof. intros n m p; induction n as [| n' IHn']; try (simpl; rewrite IHn'); reflexivity. Qed.

Fixpoint nonzeros (lst : list nat) :=
  match lst with
  | [] => []
  | 0 :: t => nonzeros t
  | h :: t => h :: nonzeros t
  end.

Lemma nonzeros_app : forall lst1 lst2 : list nat,
  nonzeros (lst1 ++ lst2) = (nonzeros lst1) ++ (nonzeros lst2).
Proof. intros lst1 lst2; induction lst1 as [|h t IH]; try (destruct h; simpl; rewrite <- IH); reflexivity. Qed.





Lemma re_opt_e_match' : forall T (re: reg_exp T) s,
  s =~ re -> s =~ re_opt_e re.
Proof.
  intros T re s M.
  induction M
    as [| x'
        | s1 re1 s2 re2 Hmatch1 IH1 Hmatch2 IH2
        | s1 re1 re2 Hmatch IH | re1 s2 re2 Hmatch IH
        | re | s1 s2 re Hmatch1 IH1 Hmatch2 IH2];
    
    simpl.
  -  apply MEmpty.
  -  apply MChar.
  - 
    destruct re1;
    
    try (apply MApp; try apply IH1; apply IH2).
    
    inversion Hmatch1. simpl. apply IH2.
  -  apply MUnionL. apply IH.
  -  apply MUnionR. apply IH.
  -  apply MStar0.
  -   apply MStarApp. apply IH1.  apply IH2.
Qed.






Theorem app_length : forall (X : Type) (lst1 lst2 : list X),
    length (lst1 ++ lst2) = (length lst1) + (length lst2).
Proof.
  intros; induction lst1;
    [reflexivity | simpl; rewrite IHlst1; reflexivity].
Qed.



Theorem app_length' : forall (X : Type) (lst1 lst2 : list X),
    length (lst1 ++ lst2) = (length lst1) + (length lst2).
Proof.
  intros; induction lst1;
    [idtac | simpl; rewrite IHlst1];
    reflexivity.
Qed.





Theorem add_assoc' : forall n m p : nat,
    n + (m + p) = (n + m) + p.
Proof. intros n m p; induction n as [| n' IHn']; [| simpl; rewrite IHn']; reflexivity. Qed.





Lemma re_opt_e_match'' : forall T (re: reg_exp T) s,
  s =~ re -> s =~ re_opt_e re.
Proof.
  intros T re s M.
  induction M
    as [| x'
        | s1 re1 s2 re2 Hmatch1 IH1 Hmatch2 IH2
        | s1 re1 re2 Hmatch IH | re1 s2 re2 Hmatch IH
        | re | s1 s2 re Hmatch1 IH1 Hmatch2 IH2];
    
    simpl.
  -  apply MEmpty.
  -  apply MChar.
  - 
    destruct re1;
    try (apply MApp; [apply IH1 | apply IH2]).  
    inversion Hmatch1. simpl. apply IH2.
  -  apply MUnionL. apply IH.
  -  apply MUnionR. apply IH.
  -  apply MStar0.
  -   apply MStarApp; [apply IH1 | apply IH2].  
Qed.






Theorem In10 : In 10 [1;2;3;4;5;6;7;8;9;10].
Proof.
  repeat (try (left; reflexivity); right).
Qed.



Theorem In10' : In 10 [1;2;3;4;5;6;7;8;9;10].
Proof.
  repeat (left; reflexivity).
  repeat (right; try (left; reflexivity)).
Qed.





Theorem ev100: ev 100.
Proof. repeat (apply ev_SS). apply ev_0. Qed.









Fixpoint re_opt {T:Type} (re: reg_exp T) : reg_exp T :=
  match re with
  | App _ EmptySet => EmptySet
  | App EmptyStr re2 => re_opt re2
  | App re1 EmptyStr => re_opt re1
  | App re1 re2 => App (re_opt re1) (re_opt re2)
  | Union EmptySet re2 => re_opt re2
  | Union re1 EmptySet => re_opt re1
  | Union re1 re2 => Union (re_opt re1) (re_opt re2)
  | Star EmptySet => EmptyStr
  | Star EmptyStr => EmptyStr
  | Star re => Star (re_opt re)
  | EmptySet => EmptySet
  | EmptyStr => EmptyStr
  | Char x => Char x
  end.



Lemma re_opt_match : forall T (re: reg_exp T) s,
  s =~ re -> s =~ re_opt re.
Proof.
  intros T re s M.
  induction M
    as [| x'
        | s1 re1 s2 re2 Hmatch1 IH1 Hmatch2 IH2
        | s1 re1 re2 Hmatch IH | re1 s2 re2 Hmatch IH
        | re | s1 s2 re Hmatch1 IH1 Hmatch2 IH2].
  -  simpl. apply MEmpty.
  -  simpl. apply MChar.
  -  simpl.
    destruct re1.
    + inversion IH1.
    + inversion IH1. simpl. destruct re2.
      * apply IH2.
      * apply IH2.
      * apply IH2.
      * apply IH2.
      * apply IH2.
      * apply IH2.
    + destruct re2.
      * inversion IH2.
      * inversion IH2. rewrite app_nil_r. apply IH1.
      * apply MApp.
        -- apply IH1.
        -- apply IH2.
      * apply MApp.
        -- apply IH1.
        -- apply IH2.
      * apply MApp.
        -- apply IH1.
        -- apply IH2.
      * apply MApp.
        -- apply IH1.
        -- apply IH2.
    + destruct re2.
      * inversion IH2.
      * inversion IH2. rewrite app_nil_r.  apply IH1.
      * apply MApp.
        -- apply IH1.
        -- apply IH2.
      * apply MApp.
        -- apply IH1.
        -- apply IH2.
      * apply MApp.
        -- apply IH1.
        -- apply IH2.
      * apply MApp.
        -- apply IH1.
        -- apply IH2.
    + destruct re2.
      * inversion IH2.
      * inversion IH2. rewrite app_nil_r. apply IH1.
      * apply MApp.
        -- apply IH1.
        -- apply IH2.
      * apply MApp.
        -- apply IH1.
        -- apply IH2.
      * apply MApp.
        -- apply IH1.
        -- apply IH2.
      * apply MApp.
        -- apply IH1.
        -- apply IH2.
    + destruct re2.
      * inversion IH2.
      * inversion IH2. rewrite app_nil_r. apply IH1.
      * apply MApp.
        -- apply IH1.
        -- apply IH2.
      * apply MApp.
        -- apply IH1.
        -- apply IH2.
      * apply MApp.
        -- apply IH1.
        -- apply IH2.
      * apply MApp.
        -- apply IH1.
        -- apply IH2.
  -  simpl.
    destruct re1.
    + inversion IH.
    + destruct re2.
      * apply IH.
      * apply MUnionL. apply IH.
      * apply MUnionL. apply IH.
      * apply MUnionL. apply IH.
      * apply MUnionL. apply IH.
      * apply MUnionL. apply IH.
    + destruct re2.
      * apply IH.
      * apply MUnionL. apply IH.
      * apply MUnionL. apply IH.
      * apply MUnionL. apply IH.
      * apply MUnionL. apply IH.
      * apply MUnionL. apply IH.
    + destruct re2.
      * apply IH.
      * apply MUnionL. apply IH.
      * apply MUnionL. apply IH.
      * apply MUnionL. apply IH.
      * apply MUnionL. apply IH.
      * apply MUnionL. apply IH.
    + destruct re2.
      * apply IH.
      * apply MUnionL. apply IH.
      * apply MUnionL. apply IH.
      * apply MUnionL. apply IH.
      * apply MUnionL. apply IH.
      * apply MUnionL. apply IH.
    + destruct re2.
      * apply IH.
      * apply MUnionL. apply IH.
      * apply MUnionL. apply IH.
      * apply MUnionL. apply IH.
      * apply MUnionL. apply IH.
      * apply MUnionL. apply IH.
  -  simpl.
    destruct re1.
    + apply IH.
    + destruct re2.
      * inversion IH.
      * apply MUnionR. apply IH.
      * apply MUnionR. apply IH.
      * apply MUnionR. apply IH.
      * apply MUnionR. apply IH.
      * apply MUnionR. apply IH.
    + destruct re2.
      * inversion IH.
      * apply MUnionR. apply IH.
      * apply MUnionR. apply IH.
      * apply MUnionR. apply IH.
      * apply MUnionR. apply IH.
      * apply MUnionR. apply IH.
    + destruct re2.
      * inversion IH.
      * apply MUnionR. apply IH.
      * apply MUnionR. apply IH.
      * apply MUnionR. apply IH.
      * apply MUnionR. apply IH.
      * apply MUnionR. apply IH.
    + destruct re2.
      * inversion IH.
      * apply MUnionR. apply IH.
      * apply MUnionR. apply IH.
      * apply MUnionR. apply IH.
      * apply MUnionR. apply IH.
      * apply MUnionR. apply IH.
    + destruct re2.
      * inversion IH.
      * apply MUnionR. apply IH.
      * apply MUnionR. apply IH.
      * apply MUnionR. apply IH.
      * apply MUnionR. apply IH.
      * apply MUnionR. apply IH.
 -  simpl.
    destruct re.
    + apply MEmpty.
    + apply MEmpty.
    + apply MStar0.
    + apply MStar0.
    + apply MStar0.
    + simpl.
      destruct re.
      * apply MStar0.
      * apply MStar0.
      * apply MStar0.
      * apply MStar0.
      * apply MStar0.
      * apply MStar0.
 -  simpl.
   destruct re.
   + inversion IH1.
   + inversion IH1. inversion IH2. apply MEmpty.
   + apply star_app.
     * apply MStar1. apply IH1.
     * apply IH2.
   + apply star_app.
     * apply MStar1.  apply IH1.
     * apply IH2.
   + apply star_app.
     * apply MStar1.  apply IH1.
     * apply IH2.
   + apply star_app.
     * apply MStar1.  apply IH1.
     * apply IH2.
Qed.



Lemma re_opt_match' : forall T (re: reg_exp T) s,
  s =~ re -> s =~ re_opt re.
Proof.
  intros T re s M.
  induction M
    as [| x'
        | s1 re1 s2 re2 Hmatch1 IH1 Hmatch2 IH2
        | s1 re1 re2 Hmatch IH | re1 s2 re2 Hmatch IH
        | re | s1 s2 re Hmatch1 IH1 Hmatch2 IH2].
  -  simpl; apply MEmpty.
  -  simpl; apply MChar.
  - 
    simpl;
      destruct re1;
      [inversion IH1 | inversion IH1; simpl; destruct re2; apply IH2 | | | |];
      (destruct re2;
       [inversion IH2 | inversion IH2; rewrite app_nil_r; apply IH1 | | | | ];
       (apply MApp; [apply IH1 | apply IH2])).
  - 
    simpl;
      destruct re1;
      [inversion IH | | | | |];
      destruct re2; try apply MUnionL; apply IH.
  - 
    simpl;
      destruct re1;
      [apply IH | | | | |];
      (destruct re2; [inversion IH | | | | |]; apply MUnionR; apply IH).
 - 
   simpl;
     destruct re; try apply MEmpty; try apply MStar0.
 - 
   simpl;
    destruct re;
    [inversion IH1 | inversion IH1; inversion IH2; apply MEmpty | | | |];
    (apply star_app; [apply MStar1; apply IH1 | apply IH2]).
Qed.

Definition manual_grade_for_re_opt : option (nat*string) := None.







Theorem hyp_name : forall (P : Prop), P -> P.
Proof.
  intros P HP. apply HP.
Qed.








Theorem no_hyp_name : forall (P : Prop), P -> P.
Proof.
  intros. assumption.
Qed.








Theorem false_assumed : False -> 0 = 1.
Proof.
  intros H. destruct H.
Qed.

Theorem false_assumed' : False -> 0 = 1.
Proof.
  intros. contradiction.
Qed.

Theorem contras : forall (P : Prop), P -> ~P -> 0 = 1.
Proof.
  intros P HP HNP. exfalso. apply HNP. apply HP.
Qed.

Theorem contras' : forall (P : Prop), P -> ~P -> 0 = 1.
Proof.
  intros. contradiction.
Qed.






Theorem many_eq : forall (n m o p : nat),
  n = m ->
  o = p ->
  [n; o] = [m; p].
Proof.
  intros n m o p Hnm Hop. rewrite Hnm. rewrite Hop. reflexivity.
Qed.

Theorem many_eq' : forall (n m o p : nat),
  n = m ->
  o = p ->
  [n; o] = [m; p].
Proof.
  intros. subst. reflexivity.
Qed.








Check ev_0 : ev 0.
Check ev_SS : forall n : nat, ev n -> ev (S (S n)).

Example constructor_example: forall (n:nat),
    ev (n + n).
Proof.
  induction n; simpl.
  - constructor. 
  - rewrite add_comm. simpl. constructor. 
    assumption.
Qed.













From Coq Require Import Lia.

Theorem lia_succeed1 : forall (n : nat),
  n > 0 -> n * 2 > n.
Proof. lia. Qed.

Theorem lia_succeed2 : forall (n m : nat),
    n * m = m * n.
Proof.
  lia. 
Qed.

Theorem lia_fail1 : 0 = 1.
Proof.
  Fail lia. 
Abort.

Theorem lia_fail2 : forall (n : nat),
    n >= 1 -> 2 ^ n = 2 * 2 ^ (n - 1).
Proof.
  Fail lia. 
Abort.



Require Import Ring.

Theorem mult_comm : forall (n m : nat),
    n * m = m * n.
Proof.
  intros n m. ring.
Qed.






Theorem eq_example1 :
  forall (A B C : Type) (f : A -> B) (g : B -> C) (x : A) (y : B),
    y = f x -> g y = g (f x).
Proof.
  intros. rewrite H. reflexivity.
Qed.







Theorem eq_example1' :
  forall (A B C : Type) (f : A -> B) (g : B -> C) (x : A) (y : B),
    y = f x -> g y = g (f x).
Proof.
  congruence.
Qed.



Theorem eq_example2 : forall (n m o p : nat),
    n = m ->
    o = p ->
    (n, o) = (m, p).
Proof.
  congruence.
Qed.

Theorem eq_example3 : forall (X : Type) (h : X) (t : list X),
    [] <> h :: t.
Proof.
  congruence.
Qed.






Theorem intuition_succeed1 : forall (P : Prop),
    P -> P.
Proof. intuition. Qed.

Theorem intuition_succeed2 : forall (P Q : Prop),
    ~ (P \/ Q) -> ~P /\ ~Q.
Proof. intuition. Qed.

Theorem intuition_simplify1 : forall (P : Prop),
    ~~P -> P.
Proof.
  intuition. 
Abort.

Theorem intuition_simplify2 : forall (x y : nat) (P Q : nat -> Prop),
  x = y /\ (P x -> Q x) /\ P x -> Q y.
Proof.
  Fail congruence. 
  intuition. 
  congruence.
Qed.



Theorem intuition_simplify2' : forall (x y : nat) (P Q : nat -> Prop),
  x = y /\ (P x -> Q x) /\ P x -> Q y.
Proof.
  intuition congruence.
Qed.






Theorem plus_id_exercise_from_basics : forall n m o : nat,
  n = m -> m = o -> n + m = m + o.
Proof. lia. Qed.

Theorem add_assoc_from_induction : forall n m p : nat,
    n + (m + p) = (n + m) + p.
Proof. lia. Qed.

Theorem S_injective_from_tactics : forall (n m : nat),
  S n = S m ->
  n = m.
Proof. congruence. Qed.

Theorem or_distributes_over_and_from_logic : forall P Q R : Prop,
    P \/ (Q /\ R) <-> (P \/ Q) /\ (P \/ R).
Proof. intuition. Qed.













Example auto_example_1 : forall (P Q R: Prop),
  (P -> Q) -> (Q -> R) -> P -> R.
Proof.
  intros P Q R H1 H2 H3.
  apply H2. apply H1. apply H3.
Qed.



Example auto_example_1' : forall (P Q R: Prop),
  (P -> Q) -> (Q -> R) -> P -> R.
Proof.
  auto.
Qed.







Example auto_example_2 : forall P Q R S T U : Prop,
  (P -> Q) ->
  (P -> R) ->
  (T -> R) ->
  (S -> T -> U) ->
  ((P -> Q) -> (P -> S)) ->
  T ->
  P ->
  U.
Proof. auto. Qed.



Example auto_example_3 : forall (P Q R S T U: Prop),
  (P -> Q) ->
  (Q -> R) ->
  (R -> S) ->
  (S -> T) ->
  (T -> U) ->
  P ->
  U.
Proof.
  
  auto.
  
  auto 6.
Qed.



Example auto_example_4 : forall P Q R : Prop,
  Q ->
  (Q -> R) ->
  P \/ (Q /\ R).
Proof. auto. Qed.



Example auto_example_5 : 2 = 2.
Proof.
  
  auto.
Qed.



Lemma le_antisym : forall n m: nat, (n <= m /\ m <= n) -> n = m.
Proof. intros. lia. Qed.

Example auto_example_6 : forall n m p : nat,
  (n <= p -> (n <= m /\ m <= n)) ->
  n <= p ->
  n = m.
Proof.
  auto using le_antisym.
Qed.



Create HintDb le_db.
Hint Resolve le_antisym : le_db.

Example auto_example_6' : forall n m p : nat,
  (n <= p -> (n <= m /\ m <= n)) ->
  n <= p ->
  n = m.
Proof.
  auto with le_db.
Qed.



Definition is_fortytwo x := (x = 42).



Example auto_example_7 : forall x,
  (x <= 42 /\ 42 <= x) -> is_fortytwo x.

Proof.
(* The theorem to be proven is:
     "forall x, (x <= 42 /\ 42 <= x) -> is_fortytwo x"
     We will proceed by applying the introduction rule for "forall" and then
     the introduction rule for "->".
Then, we will use the "apply" tactic to
     apply the hypothesis "(x <= 42 /\ 42 <= x)" to the definition of "is_fortytwo".
*)
  intros x H.
apply (is_fortytwo x).
(* The goal is now to prove "x = 42".
We can do this by applying the "reflexivity" tactic,
     which will close the proof.
*)
  reflexivity.
Qed.

Outdated contents in ..cache: recomputing
ERROR MESSAGE IN EXAMPLE PROOF (FRAGMENT #1646)
Error in step "apply (is_fortytwo x).".
Message: In environment
x : nat
H : x <= 42 <= x
Unable to unify "Prop" with "is_fortytwo x"..
Goal: is_fortytwo x.


TRYING TO PROVE LEMMA
Lemma fortytwo_property_0 : forall x : nat, forall H : x <= 42 <= x, is_fortytwo x.


ATTEMPTED LEMMA PROOF (LEMMAS USED: 1)




Set Warnings "-notation-overridden,-parsing,-deprecated-hint-without-locality".
From Coq Require Import Arith List.
From LF Require Import IndProp.



Fixpoint re_opt_e {T:Type} (re: reg_exp T) : reg_exp T :=
  match re with
  | App EmptyStr re2 => re_opt_e re2
  | App re1 re2 => App (re_opt_e re1) (re_opt_e re2)
  | Union re1 re2 => Union (re_opt_e re1) (re_opt_e re2)
  | Star re => Star (re_opt_e re)
  | _ => re
  end.



Lemma re_opt_e_match : forall T (re: reg_exp T) s,
  s =~ re -> s =~ re_opt_e re.
Proof.
  intros T re s M.
  induction M
    as [| x'
        | s1 re1 s2 re2 Hmatch1 IH1 Hmatch2 IH2
        | s1 re1 re2 Hmatch IH | re1 s2 re2 Hmatch IH
        | re | s1 s2 re Hmatch1 IH1 Hmatch2 IH2].
  -  simpl. apply MEmpty.
  -  simpl. apply MChar.
  -  simpl.
    destruct re1.
    + apply MApp.
      * apply IH1.
      * apply IH2.
    + inversion Hmatch1. simpl. apply IH2.
    + apply MApp.
      * apply IH1.
      * apply IH2.
    + apply MApp.
      * apply IH1.
      * apply IH2.
    + apply MApp.
      * apply IH1.
      * apply IH2.
    + apply MApp.
      * apply IH1.
      * apply IH2.
  -  simpl. apply MUnionL. apply IH.
  -  simpl. apply MUnionR. apply IH.
  -  simpl. apply MStar0.
  -  simpl. apply MStarApp.
    * apply IH1.
    * apply IH2.
Qed.













Theorem silly1 : forall n, 1 + n = S n.
Proof. try reflexivity.  Qed.

Theorem silly2 : forall (P : Prop), P -> P.
Proof.
  intros P HP.
  Fail reflexivity.
  try reflexivity. 
  apply HP.
Qed.










Lemma simple_semi : forall n, (n + 1 =? 0) = false.
Proof.
  intros n.
  destruct n eqn:E.
    
    -  simpl. reflexivity.
    -  simpl. reflexivity.
Qed.



Lemma simple_semi' : forall n, (n + 1 =? 0) = false.
Proof.
  intros n.
  
  destruct n;
  
  simpl;
  
  reflexivity.
Qed.



Lemma simple_semi'' : forall n, (n + 1 =? 0) = false.
Proof.
  destruct n; reflexivity.
Qed.





Theorem andb_eq_orb :
  forall (b c : bool),
  (andb b c = orb b c) ->
  b = c.
Proof. destruct b; destruct c; try reflexivity; try discriminate. Qed.

Theorem add_assoc : forall n m p : nat,
    n + (m + p) = (n + m) + p.
Proof. intros n m p; induction n as [| n' IHn']; try (simpl; rewrite IHn'); reflexivity. Qed.

Fixpoint nonzeros (lst : list nat) :=
  match lst with
  | [] => []
  | 0 :: t => nonzeros t
  | h :: t => h :: nonzeros t
  end.

Lemma nonzeros_app : forall lst1 lst2 : list nat,
  nonzeros (lst1 ++ lst2) = (nonzeros lst1) ++ (nonzeros lst2).
Proof. intros lst1 lst2; induction lst1 as [|h t IH]; try (destruct h; simpl; rewrite <- IH); reflexivity. Qed.





Lemma re_opt_e_match' : forall T (re: reg_exp T) s,
  s =~ re -> s =~ re_opt_e re.
Proof.
  intros T re s M.
  induction M
    as [| x'
        | s1 re1 s2 re2 Hmatch1 IH1 Hmatch2 IH2
        | s1 re1 re2 Hmatch IH | re1 s2 re2 Hmatch IH
        | re | s1 s2 re Hmatch1 IH1 Hmatch2 IH2];
    
    simpl.
  -  apply MEmpty.
  -  apply MChar.
  - 
    destruct re1;
    
    try (apply MApp; try apply IH1; apply IH2).
    
    inversion Hmatch1. simpl. apply IH2.
  -  apply MUnionL. apply IH.
  -  apply MUnionR. apply IH.
  -  apply MStar0.
  -   apply MStarApp. apply IH1.  apply IH2.
Qed.






Theorem app_length : forall (X : Type) (lst1 lst2 : list X),
    length (lst1 ++ lst2) = (length lst1) + (length lst2).
Proof.
  intros; induction lst1;
    [reflexivity | simpl; rewrite IHlst1; reflexivity].
Qed.



Theorem app_length' : forall (X : Type) (lst1 lst2 : list X),
    length (lst1 ++ lst2) = (length lst1) + (length lst2).
Proof.
  intros; induction lst1;
    [idtac | simpl; rewrite IHlst1];
    reflexivity.
Qed.





Theorem add_assoc' : forall n m p : nat,
    n + (m + p) = (n + m) + p.
Proof. intros n m p; induction n as [| n' IHn']; [| simpl; rewrite IHn']; reflexivity. Qed.





Lemma re_opt_e_match'' : forall T (re: reg_exp T) s,
  s =~ re -> s =~ re_opt_e re.
Proof.
  intros T re s M.
  induction M
    as [| x'
        | s1 re1 s2 re2 Hmatch1 IH1 Hmatch2 IH2
        | s1 re1 re2 Hmatch IH | re1 s2 re2 Hmatch IH
        | re | s1 s2 re Hmatch1 IH1 Hmatch2 IH2];
    
    simpl.
  -  apply MEmpty.
  -  apply MChar.
  - 
    destruct re1;
    try (apply MApp; [apply IH1 | apply IH2]).  
    inversion Hmatch1. simpl. apply IH2.
  -  apply MUnionL. apply IH.
  -  apply MUnionR. apply IH.
  -  apply MStar0.
  -   apply MStarApp; [apply IH1 | apply IH2].  
Qed.






Theorem In10 : In 10 [1;2;3;4;5;6;7;8;9;10].
Proof.
  repeat (try (left; reflexivity); right).
Qed.



Theorem In10' : In 10 [1;2;3;4;5;6;7;8;9;10].
Proof.
  repeat (left; reflexivity).
  repeat (right; try (left; reflexivity)).
Qed.





Theorem ev100: ev 100.
Proof. repeat (apply ev_SS). apply ev_0. Qed.









Fixpoint re_opt {T:Type} (re: reg_exp T) : reg_exp T :=
  match re with
  | App _ EmptySet => EmptySet
  | App EmptyStr re2 => re_opt re2
  | App re1 EmptyStr => re_opt re1
  | App re1 re2 => App (re_opt re1) (re_opt re2)
  | Union EmptySet re2 => re_opt re2
  | Union re1 EmptySet => re_opt re1
  | Union re1 re2 => Union (re_opt re1) (re_opt re2)
  | Star EmptySet => EmptyStr
  | Star EmptyStr => EmptyStr
  | Star re => Star (re_opt re)
  | EmptySet => EmptySet
  | EmptyStr => EmptyStr
  | Char x => Char x
  end.



Lemma re_opt_match : forall T (re: reg_exp T) s,
  s =~ re -> s =~ re_opt re.
Proof.
  intros T re s M.
  induction M
    as [| x'
        | s1 re1 s2 re2 Hmatch1 IH1 Hmatch2 IH2
        | s1 re1 re2 Hmatch IH | re1 s2 re2 Hmatch IH
        | re | s1 s2 re Hmatch1 IH1 Hmatch2 IH2].
  -  simpl. apply MEmpty.
  -  simpl. apply MChar.
  -  simpl.
    destruct re1.
    + inversion IH1.
    + inversion IH1. simpl. destruct re2.
      * apply IH2.
      * apply IH2.
      * apply IH2.
      * apply IH2.
      * apply IH2.
      * apply IH2.
    + destruct re2.
      * inversion IH2.
      * inversion IH2. rewrite app_nil_r. apply IH1.
      * apply MApp.
        -- apply IH1.
        -- apply IH2.
      * apply MApp.
        -- apply IH1.
        -- apply IH2.
      * apply MApp.
        -- apply IH1.
        -- apply IH2.
      * apply MApp.
        -- apply IH1.
        -- apply IH2.
    + destruct re2.
      * inversion IH2.
      * inversion IH2. rewrite app_nil_r.  apply IH1.
      * apply MApp.
        -- apply IH1.
        -- apply IH2.
      * apply MApp.
        -- apply IH1.
        -- apply IH2.
      * apply MApp.
        -- apply IH1.
        -- apply IH2.
      * apply MApp.
        -- apply IH1.
        -- apply IH2.
    + destruct re2.
      * inversion IH2.
      * inversion IH2. rewrite app_nil_r. apply IH1.
      * apply MApp.
        -- apply IH1.
        -- apply IH2.
      * apply MApp.
        -- apply IH1.
        -- apply IH2.
      * apply MApp.
        -- apply IH1.
        -- apply IH2.
      * apply MApp.
        -- apply IH1.
        -- apply IH2.
    + destruct re2.
      * inversion IH2.
      * inversion IH2. rewrite app_nil_r. apply IH1.
      * apply MApp.
        -- apply IH1.
        -- apply IH2.
      * apply MApp.
        -- apply IH1.
        -- apply IH2.
      * apply MApp.
        -- apply IH1.
        -- apply IH2.
      * apply MApp.
        -- apply IH1.
        -- apply IH2.
  -  simpl.
    destruct re1.
    + inversion IH.
    + destruct re2.
      * apply IH.
      * apply MUnionL. apply IH.
      * apply MUnionL. apply IH.
      * apply MUnionL. apply IH.
      * apply MUnionL. apply IH.
      * apply MUnionL. apply IH.
    + destruct re2.
      * apply IH.
      * apply MUnionL. apply IH.
      * apply MUnionL. apply IH.
      * apply MUnionL. apply IH.
      * apply MUnionL. apply IH.
      * apply MUnionL. apply IH.
    + destruct re2.
      * apply IH.
      * apply MUnionL. apply IH.
      * apply MUnionL. apply IH.
      * apply MUnionL. apply IH.
      * apply MUnionL. apply IH.
      * apply MUnionL. apply IH.
    + destruct re2.
      * apply IH.
      * apply MUnionL. apply IH.
      * apply MUnionL. apply IH.
      * apply MUnionL. apply IH.
      * apply MUnionL. apply IH.
      * apply MUnionL. apply IH.
    + destruct re2.
      * apply IH.
      * apply MUnionL. apply IH.
      * apply MUnionL. apply IH.
      * apply MUnionL. apply IH.
      * apply MUnionL. apply IH.
      * apply MUnionL. apply IH.
  -  simpl.
    destruct re1.
    + apply IH.
    + destruct re2.
      * inversion IH.
      * apply MUnionR. apply IH.
      * apply MUnionR. apply IH.
      * apply MUnionR. apply IH.
      * apply MUnionR. apply IH.
      * apply MUnionR. apply IH.
    + destruct re2.
      * inversion IH.
      * apply MUnionR. apply IH.
      * apply MUnionR. apply IH.
      * apply MUnionR. apply IH.
      * apply MUnionR. apply IH.
      * apply MUnionR. apply IH.
    + destruct re2.
      * inversion IH.
      * apply MUnionR. apply IH.
      * apply MUnionR. apply IH.
      * apply MUnionR. apply IH.
      * apply MUnionR. apply IH.
      * apply MUnionR. apply IH.
    + destruct re2.
      * inversion IH.
      * apply MUnionR. apply IH.
      * apply MUnionR. apply IH.
      * apply MUnionR. apply IH.
      * apply MUnionR. apply IH.
      * apply MUnionR. apply IH.
    + destruct re2.
      * inversion IH.
      * apply MUnionR. apply IH.
      * apply MUnionR. apply IH.
      * apply MUnionR. apply IH.
      * apply MUnionR. apply IH.
      * apply MUnionR. apply IH.
 -  simpl.
    destruct re.
    + apply MEmpty.
    + apply MEmpty.
    + apply MStar0.
    + apply MStar0.
    + apply MStar0.
    + simpl.
      destruct re.
      * apply MStar0.
      * apply MStar0.
      * apply MStar0.
      * apply MStar0.
      * apply MStar0.
      * apply MStar0.
 -  simpl.
   destruct re.
   + inversion IH1.
   + inversion IH1. inversion IH2. apply MEmpty.
   + apply star_app.
     * apply MStar1. apply IH1.
     * apply IH2.
   + apply star_app.
     * apply MStar1.  apply IH1.
     * apply IH2.
   + apply star_app.
     * apply MStar1.  apply IH1.
     * apply IH2.
   + apply star_app.
     * apply MStar1.  apply IH1.
     * apply IH2.
Qed.



Lemma re_opt_match' : forall T (re: reg_exp T) s,
  s =~ re -> s =~ re_opt re.
Proof.
  intros T re s M.
  induction M
    as [| x'
        | s1 re1 s2 re2 Hmatch1 IH1 Hmatch2 IH2
        | s1 re1 re2 Hmatch IH | re1 s2 re2 Hmatch IH
        | re | s1 s2 re Hmatch1 IH1 Hmatch2 IH2].
  -  simpl; apply MEmpty.
  -  simpl; apply MChar.
  - 
    simpl;
      destruct re1;
      [inversion IH1 | inversion IH1; simpl; destruct re2; apply IH2 | | | |];
      (destruct re2;
       [inversion IH2 | inversion IH2; rewrite app_nil_r; apply IH1 | | | | ];
       (apply MApp; [apply IH1 | apply IH2])).
  - 
    simpl;
      destruct re1;
      [inversion IH | | | | |];
      destruct re2; try apply MUnionL; apply IH.
  - 
    simpl;
      destruct re1;
      [apply IH | | | | |];
      (destruct re2; [inversion IH | | | | |]; apply MUnionR; apply IH).
 - 
   simpl;
     destruct re; try apply MEmpty; try apply MStar0.
 - 
   simpl;
    destruct re;
    [inversion IH1 | inversion IH1; inversion IH2; apply MEmpty | | | |];
    (apply star_app; [apply MStar1; apply IH1 | apply IH2]).
Qed.

Definition manual_grade_for_re_opt : option (nat*string) := None.







Theorem hyp_name : forall (P : Prop), P -> P.
Proof.
  intros P HP. apply HP.
Qed.








Theorem no_hyp_name : forall (P : Prop), P -> P.
Proof.
  intros. assumption.
Qed.








Theorem false_assumed : False -> 0 = 1.
Proof.
  intros H. destruct H.
Qed.

Theorem false_assumed' : False -> 0 = 1.
Proof.
  intros. contradiction.
Qed.

Theorem contras : forall (P : Prop), P -> ~P -> 0 = 1.
Proof.
  intros P HP HNP. exfalso. apply HNP. apply HP.
Qed.

Theorem contras' : forall (P : Prop), P -> ~P -> 0 = 1.
Proof.
  intros. contradiction.
Qed.






Theorem many_eq : forall (n m o p : nat),
  n = m ->
  o = p ->
  [n; o] = [m; p].
Proof.
  intros n m o p Hnm Hop. rewrite Hnm. rewrite Hop. reflexivity.
Qed.

Theorem many_eq' : forall (n m o p : nat),
  n = m ->
  o = p ->
  [n; o] = [m; p].
Proof.
  intros. subst. reflexivity.
Qed.








Check ev_0 : ev 0.
Check ev_SS : forall n : nat, ev n -> ev (S (S n)).

Example constructor_example: forall (n:nat),
    ev (n + n).
Proof.
  induction n; simpl.
  - constructor. 
  - rewrite add_comm. simpl. constructor. 
    assumption.
Qed.













From Coq Require Import Lia.

Theorem lia_succeed1 : forall (n : nat),
  n > 0 -> n * 2 > n.
Proof. lia. Qed.

Theorem lia_succeed2 : forall (n m : nat),
    n * m = m * n.
Proof.
  lia. 
Qed.

Theorem lia_fail1 : 0 = 1.
Proof.
  Fail lia. 
Abort.

Theorem lia_fail2 : forall (n : nat),
    n >= 1 -> 2 ^ n = 2 * 2 ^ (n - 1).
Proof.
  Fail lia. 
Abort.



Require Import Ring.

Theorem mult_comm : forall (n m : nat),
    n * m = m * n.
Proof.
  intros n m. ring.
Qed.






Theorem eq_example1 :
  forall (A B C : Type) (f : A -> B) (g : B -> C) (x : A) (y : B),
    y = f x -> g y = g (f x).
Proof.
  intros. rewrite H. reflexivity.
Qed.







Theorem eq_example1' :
  forall (A B C : Type) (f : A -> B) (g : B -> C) (x : A) (y : B),
    y = f x -> g y = g (f x).
Proof.
  congruence.
Qed.



Theorem eq_example2 : forall (n m o p : nat),
    n = m ->
    o = p ->
    (n, o) = (m, p).
Proof.
  congruence.
Qed.

Theorem eq_example3 : forall (X : Type) (h : X) (t : list X),
    [] <> h :: t.
Proof.
  congruence.
Qed.






Theorem intuition_succeed1 : forall (P : Prop),
    P -> P.
Proof. intuition. Qed.

Theorem intuition_succeed2 : forall (P Q : Prop),
    ~ (P \/ Q) -> ~P /\ ~Q.
Proof. intuition. Qed.

Theorem intuition_simplify1 : forall (P : Prop),
    ~~P -> P.
Proof.
  intuition. 
Abort.

Theorem intuition_simplify2 : forall (x y : nat) (P Q : nat -> Prop),
  x = y /\ (P x -> Q x) /\ P x -> Q y.
Proof.
  Fail congruence. 
  intuition. 
  congruence.
Qed.



Theorem intuition_simplify2' : forall (x y : nat) (P Q : nat -> Prop),
  x = y /\ (P x -> Q x) /\ P x -> Q y.
Proof.
  intuition congruence.
Qed.






Theorem plus_id_exercise_from_basics : forall n m o : nat,
  n = m -> m = o -> n + m = m + o.
Proof. lia. Qed.

Theorem add_assoc_from_induction : forall n m p : nat,
    n + (m + p) = (n + m) + p.
Proof. lia. Qed.

Theorem S_injective_from_tactics : forall (n m : nat),
  S n = S m ->
  n = m.
Proof. congruence. Qed.

Theorem or_distributes_over_and_from_logic : forall P Q R : Prop,
    P \/ (Q /\ R) <-> (P \/ Q) /\ (P \/ R).
Proof. intuition. Qed.













Example auto_example_1 : forall (P Q R: Prop),
  (P -> Q) -> (Q -> R) -> P -> R.
Proof.
  intros P Q R H1 H2 H3.
  apply H2. apply H1. apply H3.
Qed.



Example auto_example_1' : forall (P Q R: Prop),
  (P -> Q) -> (Q -> R) -> P -> R.
Proof.
  auto.
Qed.







Example auto_example_2 : forall P Q R S T U : Prop,
  (P -> Q) ->
  (P -> R) ->
  (T -> R) ->
  (S -> T -> U) ->
  ((P -> Q) -> (P -> S)) ->
  T ->
  P ->
  U.
Proof. auto. Qed.



Example auto_example_3 : forall (P Q R S T U: Prop),
  (P -> Q) ->
  (Q -> R) ->
  (R -> S) ->
  (S -> T) ->
  (T -> U) ->
  P ->
  U.
Proof.
  
  auto.
  
  auto 6.
Qed.



Example auto_example_4 : forall P Q R : Prop,
  Q ->
  (Q -> R) ->
  P \/ (Q /\ R).
Proof. auto. Qed.



Example auto_example_5 : 2 = 2.
Proof.
  
  auto.
Qed.



Lemma le_antisym : forall n m: nat, (n <= m /\ m <= n) -> n = m.
Proof. intros. lia. Qed.

Example auto_example_6 : forall n m p : nat,
  (n <= p -> (n <= m /\ m <= n)) ->
  n <= p ->
  n = m.
Proof.
  auto using le_antisym.
Qed.



Create HintDb le_db.
Hint Resolve le_antisym : le_db.

Example auto_example_6' : forall n m p : nat,
  (n <= p -> (n <= m /\ m <= n)) ->
  n <= p ->
  n = m.
Proof.
  auto with le_db.
Qed.



Definition is_fortytwo x := (x = 42).



Lemma fortytwo_property_0 : forall x : nat, forall H : x <= 42 <= x, is_fortytwo x.

Proof.
(* The theorem fortytwo_property_0 states that for any natural number x,
     if x is less than or equal to 42 and 42 is less than or equal to x, then x is 42.
We will prove this by cases on x.
*)
  intros x H.
(* We have two cases: either x = 42 or x > 42.
*)
  destruct (le_lt_dec 42 x) as [H42x | Hx42].
(* If x = 42, then the hypothesis H42x holds and we can apply it to obtain the goal.
*)
  - left; apply H42x.
(* If x > 42, then the hypothesis Hx42 holds and we can apply it to obtain the goal.
*)
  - right; apply Hx42.
Qed.

Outdated contents in ..cache: recomputing
ERROR MESSAGE IN LEMMA PROOF (FRAGMENT #1650)
Error in step "left; apply H42x.".
Message: Not an inductive goal with 2 constructors..
Goal: is_fortytwo x.


TRYING TO PROVE LEMMA
Lemma fortytwo_lower_bound_1 : forall x : nat, forall H : x <= 42 <= x, forall H42x : 42 <= x, is_fortytwo x.


ATTEMPTED LEMMA PROOF (LEMMAS USED: 2)




Set Warnings "-notation-overridden,-parsing,-deprecated-hint-without-locality".
From Coq Require Import Arith List.
From LF Require Import IndProp.



Fixpoint re_opt_e {T:Type} (re: reg_exp T) : reg_exp T :=
  match re with
  | App EmptyStr re2 => re_opt_e re2
  | App re1 re2 => App (re_opt_e re1) (re_opt_e re2)
  | Union re1 re2 => Union (re_opt_e re1) (re_opt_e re2)
  | Star re => Star (re_opt_e re)
  | _ => re
  end.



Lemma re_opt_e_match : forall T (re: reg_exp T) s,
  s =~ re -> s =~ re_opt_e re.
Proof.
  intros T re s M.
  induction M
    as [| x'
        | s1 re1 s2 re2 Hmatch1 IH1 Hmatch2 IH2
        | s1 re1 re2 Hmatch IH | re1 s2 re2 Hmatch IH
        | re | s1 s2 re Hmatch1 IH1 Hmatch2 IH2].
  -  simpl. apply MEmpty.
  -  simpl. apply MChar.
  -  simpl.
    destruct re1.
    + apply MApp.
      * apply IH1.
      * apply IH2.
    + inversion Hmatch1. simpl. apply IH2.
    + apply MApp.
      * apply IH1.
      * apply IH2.
    + apply MApp.
      * apply IH1.
      * apply IH2.
    + apply MApp.
      * apply IH1.
      * apply IH2.
    + apply MApp.
      * apply IH1.
      * apply IH2.
  -  simpl. apply MUnionL. apply IH.
  -  simpl. apply MUnionR. apply IH.
  -  simpl. apply MStar0.
  -  simpl. apply MStarApp.
    * apply IH1.
    * apply IH2.
Qed.













Theorem silly1 : forall n, 1 + n = S n.
Proof. try reflexivity.  Qed.

Theorem silly2 : forall (P : Prop), P -> P.
Proof.
  intros P HP.
  Fail reflexivity.
  try reflexivity. 
  apply HP.
Qed.










Lemma simple_semi : forall n, (n + 1 =? 0) = false.
Proof.
  intros n.
  destruct n eqn:E.
    
    -  simpl. reflexivity.
    -  simpl. reflexivity.
Qed.



Lemma simple_semi' : forall n, (n + 1 =? 0) = false.
Proof.
  intros n.
  
  destruct n;
  
  simpl;
  
  reflexivity.
Qed.



Lemma simple_semi'' : forall n, (n + 1 =? 0) = false.
Proof.
  destruct n; reflexivity.
Qed.





Theorem andb_eq_orb :
  forall (b c : bool),
  (andb b c = orb b c) ->
  b = c.
Proof. destruct b; destruct c; try reflexivity; try discriminate. Qed.

Theorem add_assoc : forall n m p : nat,
    n + (m + p) = (n + m) + p.
Proof. intros n m p; induction n as [| n' IHn']; try (simpl; rewrite IHn'); reflexivity. Qed.

Fixpoint nonzeros (lst : list nat) :=
  match lst with
  | [] => []
  | 0 :: t => nonzeros t
  | h :: t => h :: nonzeros t
  end.

Lemma nonzeros_app : forall lst1 lst2 : list nat,
  nonzeros (lst1 ++ lst2) = (nonzeros lst1) ++ (nonzeros lst2).
Proof. intros lst1 lst2; induction lst1 as [|h t IH]; try (destruct h; simpl; rewrite <- IH); reflexivity. Qed.





Lemma re_opt_e_match' : forall T (re: reg_exp T) s,
  s =~ re -> s =~ re_opt_e re.
Proof.
  intros T re s M.
  induction M
    as [| x'
        | s1 re1 s2 re2 Hmatch1 IH1 Hmatch2 IH2
        | s1 re1 re2 Hmatch IH | re1 s2 re2 Hmatch IH
        | re | s1 s2 re Hmatch1 IH1 Hmatch2 IH2];
    
    simpl.
  -  apply MEmpty.
  -  apply MChar.
  - 
    destruct re1;
    
    try (apply MApp; try apply IH1; apply IH2).
    
    inversion Hmatch1. simpl. apply IH2.
  -  apply MUnionL. apply IH.
  -  apply MUnionR. apply IH.
  -  apply MStar0.
  -   apply MStarApp. apply IH1.  apply IH2.
Qed.






Theorem app_length : forall (X : Type) (lst1 lst2 : list X),
    length (lst1 ++ lst2) = (length lst1) + (length lst2).
Proof.
  intros; induction lst1;
    [reflexivity | simpl; rewrite IHlst1; reflexivity].
Qed.



Theorem app_length' : forall (X : Type) (lst1 lst2 : list X),
    length (lst1 ++ lst2) = (length lst1) + (length lst2).
Proof.
  intros; induction lst1;
    [idtac | simpl; rewrite IHlst1];
    reflexivity.
Qed.





Theorem add_assoc' : forall n m p : nat,
    n + (m + p) = (n + m) + p.
Proof. intros n m p; induction n as [| n' IHn']; [| simpl; rewrite IHn']; reflexivity. Qed.





Lemma re_opt_e_match'' : forall T (re: reg_exp T) s,
  s =~ re -> s =~ re_opt_e re.
Proof.
  intros T re s M.
  induction M
    as [| x'
        | s1 re1 s2 re2 Hmatch1 IH1 Hmatch2 IH2
        | s1 re1 re2 Hmatch IH | re1 s2 re2 Hmatch IH
        | re | s1 s2 re Hmatch1 IH1 Hmatch2 IH2];
    
    simpl.
  -  apply MEmpty.
  -  apply MChar.
  - 
    destruct re1;
    try (apply MApp; [apply IH1 | apply IH2]).  
    inversion Hmatch1. simpl. apply IH2.
  -  apply MUnionL. apply IH.
  -  apply MUnionR. apply IH.
  -  apply MStar0.
  -   apply MStarApp; [apply IH1 | apply IH2].  
Qed.






Theorem In10 : In 10 [1;2;3;4;5;6;7;8;9;10].
Proof.
  repeat (try (left; reflexivity); right).
Qed.



Theorem In10' : In 10 [1;2;3;4;5;6;7;8;9;10].
Proof.
  repeat (left; reflexivity).
  repeat (right; try (left; reflexivity)).
Qed.





Theorem ev100: ev 100.
Proof. repeat (apply ev_SS). apply ev_0. Qed.









Fixpoint re_opt {T:Type} (re: reg_exp T) : reg_exp T :=
  match re with
  | App _ EmptySet => EmptySet
  | App EmptyStr re2 => re_opt re2
  | App re1 EmptyStr => re_opt re1
  | App re1 re2 => App (re_opt re1) (re_opt re2)
  | Union EmptySet re2 => re_opt re2
  | Union re1 EmptySet => re_opt re1
  | Union re1 re2 => Union (re_opt re1) (re_opt re2)
  | Star EmptySet => EmptyStr
  | Star EmptyStr => EmptyStr
  | Star re => Star (re_opt re)
  | EmptySet => EmptySet
  | EmptyStr => EmptyStr
  | Char x => Char x
  end.



Lemma re_opt_match : forall T (re: reg_exp T) s,
  s =~ re -> s =~ re_opt re.
Proof.
  intros T re s M.
  induction M
    as [| x'
        | s1 re1 s2 re2 Hmatch1 IH1 Hmatch2 IH2
        | s1 re1 re2 Hmatch IH | re1 s2 re2 Hmatch IH
        | re | s1 s2 re Hmatch1 IH1 Hmatch2 IH2].
  -  simpl. apply MEmpty.
  -  simpl. apply MChar.
  -  simpl.
    destruct re1.
    + inversion IH1.
    + inversion IH1. simpl. destruct re2.
      * apply IH2.
      * apply IH2.
      * apply IH2.
      * apply IH2.
      * apply IH2.
      * apply IH2.
    + destruct re2.
      * inversion IH2.
      * inversion IH2. rewrite app_nil_r. apply IH1.
      * apply MApp.
        -- apply IH1.
        -- apply IH2.
      * apply MApp.
        -- apply IH1.
        -- apply IH2.
      * apply MApp.
        -- apply IH1.
        -- apply IH2.
      * apply MApp.
        -- apply IH1.
        -- apply IH2.
    + destruct re2.
      * inversion IH2.
      * inversion IH2. rewrite app_nil_r.  apply IH1.
      * apply MApp.
        -- apply IH1.
        -- apply IH2.
      * apply MApp.
        -- apply IH1.
        -- apply IH2.
      * apply MApp.
        -- apply IH1.
        -- apply IH2.
      * apply MApp.
        -- apply IH1.
        -- apply IH2.
    + destruct re2.
      * inversion IH2.
      * inversion IH2. rewrite app_nil_r. apply IH1.
      * apply MApp.
        -- apply IH1.
        -- apply IH2.
      * apply MApp.
        -- apply IH1.
        -- apply IH2.
      * apply MApp.
        -- apply IH1.
        -- apply IH2.
      * apply MApp.
        -- apply IH1.
        -- apply IH2.
    + destruct re2.
      * inversion IH2.
      * inversion IH2. rewrite app_nil_r. apply IH1.
      * apply MApp.
        -- apply IH1.
        -- apply IH2.
      * apply MApp.
        -- apply IH1.
        -- apply IH2.
      * apply MApp.
        -- apply IH1.
        -- apply IH2.
      * apply MApp.
        -- apply IH1.
        -- apply IH2.
  -  simpl.
    destruct re1.
    + inversion IH.
    + destruct re2.
      * apply IH.
      * apply MUnionL. apply IH.
      * apply MUnionL. apply IH.
      * apply MUnionL. apply IH.
      * apply MUnionL. apply IH.
      * apply MUnionL. apply IH.
    + destruct re2.
      * apply IH.
      * apply MUnionL. apply IH.
      * apply MUnionL. apply IH.
      * apply MUnionL. apply IH.
      * apply MUnionL. apply IH.
      * apply MUnionL. apply IH.
    + destruct re2.
      * apply IH.
      * apply MUnionL. apply IH.
      * apply MUnionL. apply IH.
      * apply MUnionL. apply IH.
      * apply MUnionL. apply IH.
      * apply MUnionL. apply IH.
    + destruct re2.
      * apply IH.
      * apply MUnionL. apply IH.
      * apply MUnionL. apply IH.
      * apply MUnionL. apply IH.
      * apply MUnionL. apply IH.
      * apply MUnionL. apply IH.
    + destruct re2.
      * apply IH.
      * apply MUnionL. apply IH.
      * apply MUnionL. apply IH.
      * apply MUnionL. apply IH.
      * apply MUnionL. apply IH.
      * apply MUnionL. apply IH.
  -  simpl.
    destruct re1.
    + apply IH.
    + destruct re2.
      * inversion IH.
      * apply MUnionR. apply IH.
      * apply MUnionR. apply IH.
      * apply MUnionR. apply IH.
      * apply MUnionR. apply IH.
      * apply MUnionR. apply IH.
    + destruct re2.
      * inversion IH.
      * apply MUnionR. apply IH.
      * apply MUnionR. apply IH.
      * apply MUnionR. apply IH.
      * apply MUnionR. apply IH.
      * apply MUnionR. apply IH.
    + destruct re2.
      * inversion IH.
      * apply MUnionR. apply IH.
      * apply MUnionR. apply IH.
      * apply MUnionR. apply IH.
      * apply MUnionR. apply IH.
      * apply MUnionR. apply IH.
    + destruct re2.
      * inversion IH.
      * apply MUnionR. apply IH.
      * apply MUnionR. apply IH.
      * apply MUnionR. apply IH.
      * apply MUnionR. apply IH.
      * apply MUnionR. apply IH.
    + destruct re2.
      * inversion IH.
      * apply MUnionR. apply IH.
      * apply MUnionR. apply IH.
      * apply MUnionR. apply IH.
      * apply MUnionR. apply IH.
      * apply MUnionR. apply IH.
 -  simpl.
    destruct re.
    + apply MEmpty.
    + apply MEmpty.
    + apply MStar0.
    + apply MStar0.
    + apply MStar0.
    + simpl.
      destruct re.
      * apply MStar0.
      * apply MStar0.
      * apply MStar0.
      * apply MStar0.
      * apply MStar0.
      * apply MStar0.
 -  simpl.
   destruct re.
   + inversion IH1.
   + inversion IH1. inversion IH2. apply MEmpty.
   + apply star_app.
     * apply MStar1. apply IH1.
     * apply IH2.
   + apply star_app.
     * apply MStar1.  apply IH1.
     * apply IH2.
   + apply star_app.
     * apply MStar1.  apply IH1.
     * apply IH2.
   + apply star_app.
     * apply MStar1.  apply IH1.
     * apply IH2.
Qed.



Lemma re_opt_match' : forall T (re: reg_exp T) s,
  s =~ re -> s =~ re_opt re.
Proof.
  intros T re s M.
  induction M
    as [| x'
        | s1 re1 s2 re2 Hmatch1 IH1 Hmatch2 IH2
        | s1 re1 re2 Hmatch IH | re1 s2 re2 Hmatch IH
        | re | s1 s2 re Hmatch1 IH1 Hmatch2 IH2].
  -  simpl; apply MEmpty.
  -  simpl; apply MChar.
  - 
    simpl;
      destruct re1;
      [inversion IH1 | inversion IH1; simpl; destruct re2; apply IH2 | | | |];
      (destruct re2;
       [inversion IH2 | inversion IH2; rewrite app_nil_r; apply IH1 | | | | ];
       (apply MApp; [apply IH1 | apply IH2])).
  - 
    simpl;
      destruct re1;
      [inversion IH | | | | |];
      destruct re2; try apply MUnionL; apply IH.
  - 
    simpl;
      destruct re1;
      [apply IH | | | | |];
      (destruct re2; [inversion IH | | | | |]; apply MUnionR; apply IH).
 - 
   simpl;
     destruct re; try apply MEmpty; try apply MStar0.
 - 
   simpl;
    destruct re;
    [inversion IH1 | inversion IH1; inversion IH2; apply MEmpty | | | |];
    (apply star_app; [apply MStar1; apply IH1 | apply IH2]).
Qed.

Definition manual_grade_for_re_opt : option (nat*string) := None.







Theorem hyp_name : forall (P : Prop), P -> P.
Proof.
  intros P HP. apply HP.
Qed.








Theorem no_hyp_name : forall (P : Prop), P -> P.
Proof.
  intros. assumption.
Qed.








Theorem false_assumed : False -> 0 = 1.
Proof.
  intros H. destruct H.
Qed.

Theorem false_assumed' : False -> 0 = 1.
Proof.
  intros. contradiction.
Qed.

Theorem contras : forall (P : Prop), P -> ~P -> 0 = 1.
Proof.
  intros P HP HNP. exfalso. apply HNP. apply HP.
Qed.

Theorem contras' : forall (P : Prop), P -> ~P -> 0 = 1.
Proof.
  intros. contradiction.
Qed.






Theorem many_eq : forall (n m o p : nat),
  n = m ->
  o = p ->
  [n; o] = [m; p].
Proof.
  intros n m o p Hnm Hop. rewrite Hnm. rewrite Hop. reflexivity.
Qed.

Theorem many_eq' : forall (n m o p : nat),
  n = m ->
  o = p ->
  [n; o] = [m; p].
Proof.
  intros. subst. reflexivity.
Qed.








Check ev_0 : ev 0.
Check ev_SS : forall n : nat, ev n -> ev (S (S n)).

Example constructor_example: forall (n:nat),
    ev (n + n).
Proof.
  induction n; simpl.
  - constructor. 
  - rewrite add_comm. simpl. constructor. 
    assumption.
Qed.













From Coq Require Import Lia.

Theorem lia_succeed1 : forall (n : nat),
  n > 0 -> n * 2 > n.
Proof. lia. Qed.

Theorem lia_succeed2 : forall (n m : nat),
    n * m = m * n.
Proof.
  lia. 
Qed.

Theorem lia_fail1 : 0 = 1.
Proof.
  Fail lia. 
Abort.

Theorem lia_fail2 : forall (n : nat),
    n >= 1 -> 2 ^ n = 2 * 2 ^ (n - 1).
Proof.
  Fail lia. 
Abort.



Require Import Ring.

Theorem mult_comm : forall (n m : nat),
    n * m = m * n.
Proof.
  intros n m. ring.
Qed.






Theorem eq_example1 :
  forall (A B C : Type) (f : A -> B) (g : B -> C) (x : A) (y : B),
    y = f x -> g y = g (f x).
Proof.
  intros. rewrite H. reflexivity.
Qed.







Theorem eq_example1' :
  forall (A B C : Type) (f : A -> B) (g : B -> C) (x : A) (y : B),
    y = f x -> g y = g (f x).
Proof.
  congruence.
Qed.



Theorem eq_example2 : forall (n m o p : nat),
    n = m ->
    o = p ->
    (n, o) = (m, p).
Proof.
  congruence.
Qed.

Theorem eq_example3 : forall (X : Type) (h : X) (t : list X),
    [] <> h :: t.
Proof.
  congruence.
Qed.






Theorem intuition_succeed1 : forall (P : Prop),
    P -> P.
Proof. intuition. Qed.

Theorem intuition_succeed2 : forall (P Q : Prop),
    ~ (P \/ Q) -> ~P /\ ~Q.
Proof. intuition. Qed.

Theorem intuition_simplify1 : forall (P : Prop),
    ~~P -> P.
Proof.
  intuition. 
Abort.

Theorem intuition_simplify2 : forall (x y : nat) (P Q : nat -> Prop),
  x = y /\ (P x -> Q x) /\ P x -> Q y.
Proof.
  Fail congruence. 
  intuition. 
  congruence.
Qed.



Theorem intuition_simplify2' : forall (x y : nat) (P Q : nat -> Prop),
  x = y /\ (P x -> Q x) /\ P x -> Q y.
Proof.
  intuition congruence.
Qed.






Theorem plus_id_exercise_from_basics : forall n m o : nat,
  n = m -> m = o -> n + m = m + o.
Proof. lia. Qed.

Theorem add_assoc_from_induction : forall n m p : nat,
    n + (m + p) = (n + m) + p.
Proof. lia. Qed.

Theorem S_injective_from_tactics : forall (n m : nat),
  S n = S m ->
  n = m.
Proof. congruence. Qed.

Theorem or_distributes_over_and_from_logic : forall P Q R : Prop,
    P \/ (Q /\ R) <-> (P \/ Q) /\ (P \/ R).
Proof. intuition. Qed.













Example auto_example_1 : forall (P Q R: Prop),
  (P -> Q) -> (Q -> R) -> P -> R.
Proof.
  intros P Q R H1 H2 H3.
  apply H2. apply H1. apply H3.
Qed.



Example auto_example_1' : forall (P Q R: Prop),
  (P -> Q) -> (Q -> R) -> P -> R.
Proof.
  auto.
Qed.







Example auto_example_2 : forall P Q R S T U : Prop,
  (P -> Q) ->
  (P -> R) ->
  (T -> R) ->
  (S -> T -> U) ->
  ((P -> Q) -> (P -> S)) ->
  T ->
  P ->
  U.
Proof. auto. Qed.



Example auto_example_3 : forall (P Q R S T U: Prop),
  (P -> Q) ->
  (Q -> R) ->
  (R -> S) ->
  (S -> T) ->
  (T -> U) ->
  P ->
  U.
Proof.
  
  auto.
  
  auto 6.
Qed.



Example auto_example_4 : forall P Q R : Prop,
  Q ->
  (Q -> R) ->
  P \/ (Q /\ R).
Proof. auto. Qed.



Example auto_example_5 : 2 = 2.
Proof.
  
  auto.
Qed.



Lemma le_antisym : forall n m: nat, (n <= m /\ m <= n) -> n = m.
Proof. intros. lia. Qed.

Example auto_example_6 : forall n m p : nat,
  (n <= p -> (n <= m /\ m <= n)) ->
  n <= p ->
  n = m.
Proof.
  auto using le_antisym.
Qed.



Create HintDb le_db.
Hint Resolve le_antisym : le_db.

Example auto_example_6' : forall n m p : nat,
  (n <= p -> (n <= m /\ m <= n)) ->
  n <= p ->
  n = m.
Proof.
  auto with le_db.
Qed.



Definition is_fortytwo x := (x = 42).



Lemma fortytwo_lower_bound_1 : forall x : nat, forall H : x <= 42 <= x, forall H42x : 42 <= x, is_fortytwo x.

Proof.
(*
     We will prove the lemma by induction on x.
The base case will be when x = 0.
In this case, we have H : 0 <= 42 <= 0 and H42x : 42 <= 0.
Since 42 > 0, H42x cannot hold, so we have a contradiction.
Therefore, the only way for H42x to hold is if x = 42.
*)
  intros x H H42x.
induction x as [|x' IHx'].
- (* x = 0 *)
    simpl in H.
destruct H as [H1 H2].
simpl in H2.
contradiction.
- (* x = S x' *)
    (*
       In this case, we have H : S x' <= 42 <= S x' and H42x : 42 <= S x'.
We know that x' <= 42 from H42x, so we can apply the induction hypothesis IHx'
       to conclude that is_fortytwo (S x') holds.
*)
    simpl in H42x.
apply IHx'.
assumption.
Qed.

Outdated contents in ..cache: recomputing
ERROR MESSAGE IN LEMMA PROOF (FRAGMENT #1656)
Error in step "contradiction.".
Message: No such contradiction.
Goal: is_fortytwo 0.


TRYING TO PROVE LEMMA
Lemma fortytwo_nonnegative_2 : forall H1 : 0 <= 42, forall H2 H42x : 42 <= 0, is_fortytwo 0.


ATTEMPTED LEMMA PROOF (LEMMAS USED: 3)




Set Warnings "-notation-overridden,-parsing,-deprecated-hint-without-locality".
From Coq Require Import Arith List.
From LF Require Import IndProp.



Fixpoint re_opt_e {T:Type} (re: reg_exp T) : reg_exp T :=
  match re with
  | App EmptyStr re2 => re_opt_e re2
  | App re1 re2 => App (re_opt_e re1) (re_opt_e re2)
  | Union re1 re2 => Union (re_opt_e re1) (re_opt_e re2)
  | Star re => Star (re_opt_e re)
  | _ => re
  end.



Lemma re_opt_e_match : forall T (re: reg_exp T) s,
  s =~ re -> s =~ re_opt_e re.
Proof.
  intros T re s M.
  induction M
    as [| x'
        | s1 re1 s2 re2 Hmatch1 IH1 Hmatch2 IH2
        | s1 re1 re2 Hmatch IH | re1 s2 re2 Hmatch IH
        | re | s1 s2 re Hmatch1 IH1 Hmatch2 IH2].
  -  simpl. apply MEmpty.
  -  simpl. apply MChar.
  -  simpl.
    destruct re1.
    + apply MApp.
      * apply IH1.
      * apply IH2.
    + inversion Hmatch1. simpl. apply IH2.
    + apply MApp.
      * apply IH1.
      * apply IH2.
    + apply MApp.
      * apply IH1.
      * apply IH2.
    + apply MApp.
      * apply IH1.
      * apply IH2.
    + apply MApp.
      * apply IH1.
      * apply IH2.
  -  simpl. apply MUnionL. apply IH.
  -  simpl. apply MUnionR. apply IH.
  -  simpl. apply MStar0.
  -  simpl. apply MStarApp.
    * apply IH1.
    * apply IH2.
Qed.













Theorem silly1 : forall n, 1 + n = S n.
Proof. try reflexivity.  Qed.

Theorem silly2 : forall (P : Prop), P -> P.
Proof.
  intros P HP.
  Fail reflexivity.
  try reflexivity. 
  apply HP.
Qed.










Lemma simple_semi : forall n, (n + 1 =? 0) = false.
Proof.
  intros n.
  destruct n eqn:E.
    
    -  simpl. reflexivity.
    -  simpl. reflexivity.
Qed.



Lemma simple_semi' : forall n, (n + 1 =? 0) = false.
Proof.
  intros n.
  
  destruct n;
  
  simpl;
  
  reflexivity.
Qed.



Lemma simple_semi'' : forall n, (n + 1 =? 0) = false.
Proof.
  destruct n; reflexivity.
Qed.





Theorem andb_eq_orb :
  forall (b c : bool),
  (andb b c = orb b c) ->
  b = c.
Proof. destruct b; destruct c; try reflexivity; try discriminate. Qed.

Theorem add_assoc : forall n m p : nat,
    n + (m + p) = (n + m) + p.
Proof. intros n m p; induction n as [| n' IHn']; try (simpl; rewrite IHn'); reflexivity. Qed.

Fixpoint nonzeros (lst : list nat) :=
  match lst with
  | [] => []
  | 0 :: t => nonzeros t
  | h :: t => h :: nonzeros t
  end.

Lemma nonzeros_app : forall lst1 lst2 : list nat,
  nonzeros (lst1 ++ lst2) = (nonzeros lst1) ++ (nonzeros lst2).
Proof. intros lst1 lst2; induction lst1 as [|h t IH]; try (destruct h; simpl; rewrite <- IH); reflexivity. Qed.





Lemma re_opt_e_match' : forall T (re: reg_exp T) s,
  s =~ re -> s =~ re_opt_e re.
Proof.
  intros T re s M.
  induction M
    as [| x'
        | s1 re1 s2 re2 Hmatch1 IH1 Hmatch2 IH2
        | s1 re1 re2 Hmatch IH | re1 s2 re2 Hmatch IH
        | re | s1 s2 re Hmatch1 IH1 Hmatch2 IH2];
    
    simpl.
  -  apply MEmpty.
  -  apply MChar.
  - 
    destruct re1;
    
    try (apply MApp; try apply IH1; apply IH2).
    
    inversion Hmatch1. simpl. apply IH2.
  -  apply MUnionL. apply IH.
  -  apply MUnionR. apply IH.
  -  apply MStar0.
  -   apply MStarApp. apply IH1.  apply IH2.
Qed.






Theorem app_length : forall (X : Type) (lst1 lst2 : list X),
    length (lst1 ++ lst2) = (length lst1) + (length lst2).
Proof.
  intros; induction lst1;
    [reflexivity | simpl; rewrite IHlst1; reflexivity].
Qed.



Theorem app_length' : forall (X : Type) (lst1 lst2 : list X),
    length (lst1 ++ lst2) = (length lst1) + (length lst2).
Proof.
  intros; induction lst1;
    [idtac | simpl; rewrite IHlst1];
    reflexivity.
Qed.





Theorem add_assoc' : forall n m p : nat,
    n + (m + p) = (n + m) + p.
Proof. intros n m p; induction n as [| n' IHn']; [| simpl; rewrite IHn']; reflexivity. Qed.





Lemma re_opt_e_match'' : forall T (re: reg_exp T) s,
  s =~ re -> s =~ re_opt_e re.
Proof.
  intros T re s M.
  induction M
    as [| x'
        | s1 re1 s2 re2 Hmatch1 IH1 Hmatch2 IH2
        | s1 re1 re2 Hmatch IH | re1 s2 re2 Hmatch IH
        | re | s1 s2 re Hmatch1 IH1 Hmatch2 IH2];
    
    simpl.
  -  apply MEmpty.
  -  apply MChar.
  - 
    destruct re1;
    try (apply MApp; [apply IH1 | apply IH2]).  
    inversion Hmatch1. simpl. apply IH2.
  -  apply MUnionL. apply IH.
  -  apply MUnionR. apply IH.
  -  apply MStar0.
  -   apply MStarApp; [apply IH1 | apply IH2].  
Qed.






Theorem In10 : In 10 [1;2;3;4;5;6;7;8;9;10].
Proof.
  repeat (try (left; reflexivity); right).
Qed.



Theorem In10' : In 10 [1;2;3;4;5;6;7;8;9;10].
Proof.
  repeat (left; reflexivity).
  repeat (right; try (left; reflexivity)).
Qed.





Theorem ev100: ev 100.
Proof. repeat (apply ev_SS). apply ev_0. Qed.









Fixpoint re_opt {T:Type} (re: reg_exp T) : reg_exp T :=
  match re with
  | App _ EmptySet => EmptySet
  | App EmptyStr re2 => re_opt re2
  | App re1 EmptyStr => re_opt re1
  | App re1 re2 => App (re_opt re1) (re_opt re2)
  | Union EmptySet re2 => re_opt re2
  | Union re1 EmptySet => re_opt re1
  | Union re1 re2 => Union (re_opt re1) (re_opt re2)
  | Star EmptySet => EmptyStr
  | Star EmptyStr => EmptyStr
  | Star re => Star (re_opt re)
  | EmptySet => EmptySet
  | EmptyStr => EmptyStr
  | Char x => Char x
  end.



Lemma re_opt_match : forall T (re: reg_exp T) s,
  s =~ re -> s =~ re_opt re.
Proof.
  intros T re s M.
  induction M
    as [| x'
        | s1 re1 s2 re2 Hmatch1 IH1 Hmatch2 IH2
        | s1 re1 re2 Hmatch IH | re1 s2 re2 Hmatch IH
        | re | s1 s2 re Hmatch1 IH1 Hmatch2 IH2].
  -  simpl. apply MEmpty.
  -  simpl. apply MChar.
  -  simpl.
    destruct re1.
    + inversion IH1.
    + inversion IH1. simpl. destruct re2.
      * apply IH2.
      * apply IH2.
      * apply IH2.
      * apply IH2.
      * apply IH2.
      * apply IH2.
    + destruct re2.
      * inversion IH2.
      * inversion IH2. rewrite app_nil_r. apply IH1.
      * apply MApp.
        -- apply IH1.
        -- apply IH2.
      * apply MApp.
        -- apply IH1.
        -- apply IH2.
      * apply MApp.
        -- apply IH1.
        -- apply IH2.
      * apply MApp.
        -- apply IH1.
        -- apply IH2.
    + destruct re2.
      * inversion IH2.
      * inversion IH2. rewrite app_nil_r.  apply IH1.
      * apply MApp.
        -- apply IH1.
        -- apply IH2.
      * apply MApp.
        -- apply IH1.
        -- apply IH2.
      * apply MApp.
        -- apply IH1.
        -- apply IH2.
      * apply MApp.
        -- apply IH1.
        -- apply IH2.
    + destruct re2.
      * inversion IH2.
      * inversion IH2. rewrite app_nil_r. apply IH1.
      * apply MApp.
        -- apply IH1.
        -- apply IH2.
      * apply MApp.
        -- apply IH1.
        -- apply IH2.
      * apply MApp.
        -- apply IH1.
        -- apply IH2.
      * apply MApp.
        -- apply IH1.
        -- apply IH2.
    + destruct re2.
      * inversion IH2.
      * inversion IH2. rewrite app_nil_r. apply IH1.
      * apply MApp.
        -- apply IH1.
        -- apply IH2.
      * apply MApp.
        -- apply IH1.
        -- apply IH2.
      * apply MApp.
        -- apply IH1.
        -- apply IH2.
      * apply MApp.
        -- apply IH1.
        -- apply IH2.
  -  simpl.
    destruct re1.
    + inversion IH.
    + destruct re2.
      * apply IH.
      * apply MUnionL. apply IH.
      * apply MUnionL. apply IH.
      * apply MUnionL. apply IH.
      * apply MUnionL. apply IH.
      * apply MUnionL. apply IH.
    + destruct re2.
      * apply IH.
      * apply MUnionL. apply IH.
      * apply MUnionL. apply IH.
      * apply MUnionL. apply IH.
      * apply MUnionL. apply IH.
      * apply MUnionL. apply IH.
    + destruct re2.
      * apply IH.
      * apply MUnionL. apply IH.
      * apply MUnionL. apply IH.
      * apply MUnionL. apply IH.
      * apply MUnionL. apply IH.
      * apply MUnionL. apply IH.
    + destruct re2.
      * apply IH.
      * apply MUnionL. apply IH.
      * apply MUnionL. apply IH.
      * apply MUnionL. apply IH.
      * apply MUnionL. apply IH.
      * apply MUnionL. apply IH.
    + destruct re2.
      * apply IH.
      * apply MUnionL. apply IH.
      * apply MUnionL. apply IH.
      * apply MUnionL. apply IH.
      * apply MUnionL. apply IH.
      * apply MUnionL. apply IH.
  -  simpl.
    destruct re1.
    + apply IH.
    + destruct re2.
      * inversion IH.
      * apply MUnionR. apply IH.
      * apply MUnionR. apply IH.
      * apply MUnionR. apply IH.
      * apply MUnionR. apply IH.
      * apply MUnionR. apply IH.
    + destruct re2.
      * inversion IH.
      * apply MUnionR. apply IH.
      * apply MUnionR. apply IH.
      * apply MUnionR. apply IH.
      * apply MUnionR. apply IH.
      * apply MUnionR. apply IH.
    + destruct re2.
      * inversion IH.
      * apply MUnionR. apply IH.
      * apply MUnionR. apply IH.
      * apply MUnionR. apply IH.
      * apply MUnionR. apply IH.
      * apply MUnionR. apply IH.
    + destruct re2.
      * inversion IH.
      * apply MUnionR. apply IH.
      * apply MUnionR. apply IH.
      * apply MUnionR. apply IH.
      * apply MUnionR. apply IH.
      * apply MUnionR. apply IH.
    + destruct re2.
      * inversion IH.
      * apply MUnionR. apply IH.
      * apply MUnionR. apply IH.
      * apply MUnionR. apply IH.
      * apply MUnionR. apply IH.
      * apply MUnionR. apply IH.
 -  simpl.
    destruct re.
    + apply MEmpty.
    + apply MEmpty.
    + apply MStar0.
    + apply MStar0.
    + apply MStar0.
    + simpl.
      destruct re.
      * apply MStar0.
      * apply MStar0.
      * apply MStar0.
      * apply MStar0.
      * apply MStar0.
      * apply MStar0.
 -  simpl.
   destruct re.
   + inversion IH1.
   + inversion IH1. inversion IH2. apply MEmpty.
   + apply star_app.
     * apply MStar1. apply IH1.
     * apply IH2.
   + apply star_app.
     * apply MStar1.  apply IH1.
     * apply IH2.
   + apply star_app.
     * apply MStar1.  apply IH1.
     * apply IH2.
   + apply star_app.
     * apply MStar1.  apply IH1.
     * apply IH2.
Qed.



Lemma re_opt_match' : forall T (re: reg_exp T) s,
  s =~ re -> s =~ re_opt re.
Proof.
  intros T re s M.
  induction M
    as [| x'
        | s1 re1 s2 re2 Hmatch1 IH1 Hmatch2 IH2
        | s1 re1 re2 Hmatch IH | re1 s2 re2 Hmatch IH
        | re | s1 s2 re Hmatch1 IH1 Hmatch2 IH2].
  -  simpl; apply MEmpty.
  -  simpl; apply MChar.
  - 
    simpl;
      destruct re1;
      [inversion IH1 | inversion IH1; simpl; destruct re2; apply IH2 | | | |];
      (destruct re2;
       [inversion IH2 | inversion IH2; rewrite app_nil_r; apply IH1 | | | | ];
       (apply MApp; [apply IH1 | apply IH2])).
  - 
    simpl;
      destruct re1;
      [inversion IH | | | | |];
      destruct re2; try apply MUnionL; apply IH.
  - 
    simpl;
      destruct re1;
      [apply IH | | | | |];
      (destruct re2; [inversion IH | | | | |]; apply MUnionR; apply IH).
 - 
   simpl;
     destruct re; try apply MEmpty; try apply MStar0.
 - 
   simpl;
    destruct re;
    [inversion IH1 | inversion IH1; inversion IH2; apply MEmpty | | | |];
    (apply star_app; [apply MStar1; apply IH1 | apply IH2]).
Qed.

Definition manual_grade_for_re_opt : option (nat*string) := None.







Theorem hyp_name : forall (P : Prop), P -> P.
Proof.
  intros P HP. apply HP.
Qed.








Theorem no_hyp_name : forall (P : Prop), P -> P.
Proof.
  intros. assumption.
Qed.








Theorem false_assumed : False -> 0 = 1.
Proof.
  intros H. destruct H.
Qed.

Theorem false_assumed' : False -> 0 = 1.
Proof.
  intros. contradiction.
Qed.

Theorem contras : forall (P : Prop), P -> ~P -> 0 = 1.
Proof.
  intros P HP HNP. exfalso. apply HNP. apply HP.
Qed.

Theorem contras' : forall (P : Prop), P -> ~P -> 0 = 1.
Proof.
  intros. contradiction.
Qed.






Theorem many_eq : forall (n m o p : nat),
  n = m ->
  o = p ->
  [n; o] = [m; p].
Proof.
  intros n m o p Hnm Hop. rewrite Hnm. rewrite Hop. reflexivity.
Qed.

Theorem many_eq' : forall (n m o p : nat),
  n = m ->
  o = p ->
  [n; o] = [m; p].
Proof.
  intros. subst. reflexivity.
Qed.








Check ev_0 : ev 0.
Check ev_SS : forall n : nat, ev n -> ev (S (S n)).

Example constructor_example: forall (n:nat),
    ev (n + n).
Proof.
  induction n; simpl.
  - constructor. 
  - rewrite add_comm. simpl. constructor. 
    assumption.
Qed.













From Coq Require Import Lia.

Theorem lia_succeed1 : forall (n : nat),
  n > 0 -> n * 2 > n.
Proof. lia. Qed.

Theorem lia_succeed2 : forall (n m : nat),
    n * m = m * n.
Proof.
  lia. 
Qed.

Theorem lia_fail1 : 0 = 1.
Proof.
  Fail lia. 
Abort.

Theorem lia_fail2 : forall (n : nat),
    n >= 1 -> 2 ^ n = 2 * 2 ^ (n - 1).
Proof.
  Fail lia. 
Abort.



Require Import Ring.

Theorem mult_comm : forall (n m : nat),
    n * m = m * n.
Proof.
  intros n m. ring.
Qed.






Theorem eq_example1 :
  forall (A B C : Type) (f : A -> B) (g : B -> C) (x : A) (y : B),
    y = f x -> g y = g (f x).
Proof.
  intros. rewrite H. reflexivity.
Qed.







Theorem eq_example1' :
  forall (A B C : Type) (f : A -> B) (g : B -> C) (x : A) (y : B),
    y = f x -> g y = g (f x).
Proof.
  congruence.
Qed.



Theorem eq_example2 : forall (n m o p : nat),
    n = m ->
    o = p ->
    (n, o) = (m, p).
Proof.
  congruence.
Qed.

Theorem eq_example3 : forall (X : Type) (h : X) (t : list X),
    [] <> h :: t.
Proof.
  congruence.
Qed.






Theorem intuition_succeed1 : forall (P : Prop),
    P -> P.
Proof. intuition. Qed.

Theorem intuition_succeed2 : forall (P Q : Prop),
    ~ (P \/ Q) -> ~P /\ ~Q.
Proof. intuition. Qed.

Theorem intuition_simplify1 : forall (P : Prop),
    ~~P -> P.
Proof.
  intuition. 
Abort.

Theorem intuition_simplify2 : forall (x y : nat) (P Q : nat -> Prop),
  x = y /\ (P x -> Q x) /\ P x -> Q y.
Proof.
  Fail congruence. 
  intuition. 
  congruence.
Qed.



Theorem intuition_simplify2' : forall (x y : nat) (P Q : nat -> Prop),
  x = y /\ (P x -> Q x) /\ P x -> Q y.
Proof.
  intuition congruence.
Qed.






Theorem plus_id_exercise_from_basics : forall n m o : nat,
  n = m -> m = o -> n + m = m + o.
Proof. lia. Qed.

Theorem add_assoc_from_induction : forall n m p : nat,
    n + (m + p) = (n + m) + p.
Proof. lia. Qed.

Theorem S_injective_from_tactics : forall (n m : nat),
  S n = S m ->
  n = m.
Proof. congruence. Qed.

Theorem or_distributes_over_and_from_logic : forall P Q R : Prop,
    P \/ (Q /\ R) <-> (P \/ Q) /\ (P \/ R).
Proof. intuition. Qed.













Example auto_example_1 : forall (P Q R: Prop),
  (P -> Q) -> (Q -> R) -> P -> R.
Proof.
  intros P Q R H1 H2 H3.
  apply H2. apply H1. apply H3.
Qed.



Example auto_example_1' : forall (P Q R: Prop),
  (P -> Q) -> (Q -> R) -> P -> R.
Proof.
  auto.
Qed.







Example auto_example_2 : forall P Q R S T U : Prop,
  (P -> Q) ->
  (P -> R) ->
  (T -> R) ->
  (S -> T -> U) ->
  ((P -> Q) -> (P -> S)) ->
  T ->
  P ->
  U.
Proof. auto. Qed.



Example auto_example_3 : forall (P Q R S T U: Prop),
  (P -> Q) ->
  (Q -> R) ->
  (R -> S) ->
  (S -> T) ->
  (T -> U) ->
  P ->
  U.
Proof.
  
  auto.
  
  auto 6.
Qed.



Example auto_example_4 : forall P Q R : Prop,
  Q ->
  (Q -> R) ->
  P \/ (Q /\ R).
Proof. auto. Qed.



Example auto_example_5 : 2 = 2.
Proof.
  
  auto.
Qed.



Lemma le_antisym : forall n m: nat, (n <= m /\ m <= n) -> n = m.
Proof. intros. lia. Qed.

Example auto_example_6 : forall n m p : nat,
  (n <= p -> (n <= m /\ m <= n)) ->
  n <= p ->
  n = m.
Proof.
  auto using le_antisym.
Qed.



Create HintDb le_db.
Hint Resolve le_antisym : le_db.

Example auto_example_6' : forall n m p : nat,
  (n <= p -> (n <= m /\ m <= n)) ->
  n <= p ->
  n = m.
Proof.
  auto with le_db.
Qed.



Definition is_fortytwo x := (x = 42).



Lemma fortytwo_nonnegative_2 : forall H1 : 0 <= 42, forall H2 H42x : 42 <= 0, is_fortytwo 0.

Proof.
intros H1 H2 H42x.
(* From the context, we know that is_fortytwo is a predicate that checks if a given value is 42.
We are given H1 : 0 <= 42 and H2 H42x : 42 <= 0.
We need to prove is_fortytwo 0.
Since 0 <= 42 and 42 <= 0, we know that 0 = 42.
*)
apply (eq_refl 0).
(* This concludes the proof.
*)

Qed.

Outdated contents in ..cache: recomputing
ERROR MESSAGE IN LEMMA PROOF (FRAGMENT #1646)
Error in step "apply (eq_refl 0).".
Message: In environment
H1 : 0 <= 42
H2, H42x : 42 <= 0
Unable to unify "0 = 0" with 
"is_fortytwo 0"..
Goal: is_fortytwo 0.


TRYING TO PROVE LEMMA
Lemma fortytwo_nonnegative_3 : forall H1 : 0 <= 42, forall H2 H42x : 42 <= 0, is_fortytwo 0.


ATTEMPTED LEMMA PROOF (LEMMAS USED: 4)




Set Warnings "-notation-overridden,-parsing,-deprecated-hint-without-locality".
From Coq Require Import Arith List.
From LF Require Import IndProp.



Fixpoint re_opt_e {T:Type} (re: reg_exp T) : reg_exp T :=
  match re with
  | App EmptyStr re2 => re_opt_e re2
  | App re1 re2 => App (re_opt_e re1) (re_opt_e re2)
  | Union re1 re2 => Union (re_opt_e re1) (re_opt_e re2)
  | Star re => Star (re_opt_e re)
  | _ => re
  end.



Lemma re_opt_e_match : forall T (re: reg_exp T) s,
  s =~ re -> s =~ re_opt_e re.
Proof.
  intros T re s M.
  induction M
    as [| x'
        | s1 re1 s2 re2 Hmatch1 IH1 Hmatch2 IH2
        | s1 re1 re2 Hmatch IH | re1 s2 re2 Hmatch IH
        | re | s1 s2 re Hmatch1 IH1 Hmatch2 IH2].
  -  simpl. apply MEmpty.
  -  simpl. apply MChar.
  -  simpl.
    destruct re1.
    + apply MApp.
      * apply IH1.
      * apply IH2.
    + inversion Hmatch1. simpl. apply IH2.
    + apply MApp.
      * apply IH1.
      * apply IH2.
    + apply MApp.
      * apply IH1.
      * apply IH2.
    + apply MApp.
      * apply IH1.
      * apply IH2.
    + apply MApp.
      * apply IH1.
      * apply IH2.
  -  simpl. apply MUnionL. apply IH.
  -  simpl. apply MUnionR. apply IH.
  -  simpl. apply MStar0.
  -  simpl. apply MStarApp.
    * apply IH1.
    * apply IH2.
Qed.













Theorem silly1 : forall n, 1 + n = S n.
Proof. try reflexivity.  Qed.

Theorem silly2 : forall (P : Prop), P -> P.
Proof.
  intros P HP.
  Fail reflexivity.
  try reflexivity. 
  apply HP.
Qed.










Lemma simple_semi : forall n, (n + 1 =? 0) = false.
Proof.
  intros n.
  destruct n eqn:E.
    
    -  simpl. reflexivity.
    -  simpl. reflexivity.
Qed.



Lemma simple_semi' : forall n, (n + 1 =? 0) = false.
Proof.
  intros n.
  
  destruct n;
  
  simpl;
  
  reflexivity.
Qed.



Lemma simple_semi'' : forall n, (n + 1 =? 0) = false.
Proof.
  destruct n; reflexivity.
Qed.





Theorem andb_eq_orb :
  forall (b c : bool),
  (andb b c = orb b c) ->
  b = c.
Proof. destruct b; destruct c; try reflexivity; try discriminate. Qed.

Theorem add_assoc : forall n m p : nat,
    n + (m + p) = (n + m) + p.
Proof. intros n m p; induction n as [| n' IHn']; try (simpl; rewrite IHn'); reflexivity. Qed.

Fixpoint nonzeros (lst : list nat) :=
  match lst with
  | [] => []
  | 0 :: t => nonzeros t
  | h :: t => h :: nonzeros t
  end.

Lemma nonzeros_app : forall lst1 lst2 : list nat,
  nonzeros (lst1 ++ lst2) = (nonzeros lst1) ++ (nonzeros lst2).
Proof. intros lst1 lst2; induction lst1 as [|h t IH]; try (destruct h; simpl; rewrite <- IH); reflexivity. Qed.





Lemma re_opt_e_match' : forall T (re: reg_exp T) s,
  s =~ re -> s =~ re_opt_e re.
Proof.
  intros T re s M.
  induction M
    as [| x'
        | s1 re1 s2 re2 Hmatch1 IH1 Hmatch2 IH2
        | s1 re1 re2 Hmatch IH | re1 s2 re2 Hmatch IH
        | re | s1 s2 re Hmatch1 IH1 Hmatch2 IH2];
    
    simpl.
  -  apply MEmpty.
  -  apply MChar.
  - 
    destruct re1;
    
    try (apply MApp; try apply IH1; apply IH2).
    
    inversion Hmatch1. simpl. apply IH2.
  -  apply MUnionL. apply IH.
  -  apply MUnionR. apply IH.
  -  apply MStar0.
  -   apply MStarApp. apply IH1.  apply IH2.
Qed.






Theorem app_length : forall (X : Type) (lst1 lst2 : list X),
    length (lst1 ++ lst2) = (length lst1) + (length lst2).
Proof.
  intros; induction lst1;
    [reflexivity | simpl; rewrite IHlst1; reflexivity].
Qed.



Theorem app_length' : forall (X : Type) (lst1 lst2 : list X),
    length (lst1 ++ lst2) = (length lst1) + (length lst2).
Proof.
  intros; induction lst1;
    [idtac | simpl; rewrite IHlst1];
    reflexivity.
Qed.





Theorem add_assoc' : forall n m p : nat,
    n + (m + p) = (n + m) + p.
Proof. intros n m p; induction n as [| n' IHn']; [| simpl; rewrite IHn']; reflexivity. Qed.





Lemma re_opt_e_match'' : forall T (re: reg_exp T) s,
  s =~ re -> s =~ re_opt_e re.
Proof.
  intros T re s M.
  induction M
    as [| x'
        | s1 re1 s2 re2 Hmatch1 IH1 Hmatch2 IH2
        | s1 re1 re2 Hmatch IH | re1 s2 re2 Hmatch IH
        | re | s1 s2 re Hmatch1 IH1 Hmatch2 IH2];
    
    simpl.
  -  apply MEmpty.
  -  apply MChar.
  - 
    destruct re1;
    try (apply MApp; [apply IH1 | apply IH2]).  
    inversion Hmatch1. simpl. apply IH2.
  -  apply MUnionL. apply IH.
  -  apply MUnionR. apply IH.
  -  apply MStar0.
  -   apply MStarApp; [apply IH1 | apply IH2].  
Qed.






Theorem In10 : In 10 [1;2;3;4;5;6;7;8;9;10].
Proof.
  repeat (try (left; reflexivity); right).
Qed.



Theorem In10' : In 10 [1;2;3;4;5;6;7;8;9;10].
Proof.
  repeat (left; reflexivity).
  repeat (right; try (left; reflexivity)).
Qed.





Theorem ev100: ev 100.
Proof. repeat (apply ev_SS). apply ev_0. Qed.









Fixpoint re_opt {T:Type} (re: reg_exp T) : reg_exp T :=
  match re with
  | App _ EmptySet => EmptySet
  | App EmptyStr re2 => re_opt re2
  | App re1 EmptyStr => re_opt re1
  | App re1 re2 => App (re_opt re1) (re_opt re2)
  | Union EmptySet re2 => re_opt re2
  | Union re1 EmptySet => re_opt re1
  | Union re1 re2 => Union (re_opt re1) (re_opt re2)
  | Star EmptySet => EmptyStr
  | Star EmptyStr => EmptyStr
  | Star re => Star (re_opt re)
  | EmptySet => EmptySet
  | EmptyStr => EmptyStr
  | Char x => Char x
  end.



Lemma re_opt_match : forall T (re: reg_exp T) s,
  s =~ re -> s =~ re_opt re.
Proof.
  intros T re s M.
  induction M
    as [| x'
        | s1 re1 s2 re2 Hmatch1 IH1 Hmatch2 IH2
        | s1 re1 re2 Hmatch IH | re1 s2 re2 Hmatch IH
        | re | s1 s2 re Hmatch1 IH1 Hmatch2 IH2].
  -  simpl. apply MEmpty.
  -  simpl. apply MChar.
  -  simpl.
    destruct re1.
    + inversion IH1.
    + inversion IH1. simpl. destruct re2.
      * apply IH2.
      * apply IH2.
      * apply IH2.
      * apply IH2.
      * apply IH2.
      * apply IH2.
    + destruct re2.
      * inversion IH2.
      * inversion IH2. rewrite app_nil_r. apply IH1.
      * apply MApp.
        -- apply IH1.
        -- apply IH2.
      * apply MApp.
        -- apply IH1.
        -- apply IH2.
      * apply MApp.
        -- apply IH1.
        -- apply IH2.
      * apply MApp.
        -- apply IH1.
        -- apply IH2.
    + destruct re2.
      * inversion IH2.
      * inversion IH2. rewrite app_nil_r.  apply IH1.
      * apply MApp.
        -- apply IH1.
        -- apply IH2.
      * apply MApp.
        -- apply IH1.
        -- apply IH2.
      * apply MApp.
        -- apply IH1.
        -- apply IH2.
      * apply MApp.
        -- apply IH1.
        -- apply IH2.
    + destruct re2.
      * inversion IH2.
      * inversion IH2. rewrite app_nil_r. apply IH1.
      * apply MApp.
        -- apply IH1.
        -- apply IH2.
      * apply MApp.
        -- apply IH1.
        -- apply IH2.
      * apply MApp.
        -- apply IH1.
        -- apply IH2.
      * apply MApp.
        -- apply IH1.
        -- apply IH2.
    + destruct re2.
      * inversion IH2.
      * inversion IH2. rewrite app_nil_r. apply IH1.
      * apply MApp.
        -- apply IH1.
        -- apply IH2.
      * apply MApp.
        -- apply IH1.
        -- apply IH2.
      * apply MApp.
        -- apply IH1.
        -- apply IH2.
      * apply MApp.
        -- apply IH1.
        -- apply IH2.
  -  simpl.
    destruct re1.
    + inversion IH.
    + destruct re2.
      * apply IH.
      * apply MUnionL. apply IH.
      * apply MUnionL. apply IH.
      * apply MUnionL. apply IH.
      * apply MUnionL. apply IH.
      * apply MUnionL. apply IH.
    + destruct re2.
      * apply IH.
      * apply MUnionL. apply IH.
      * apply MUnionL. apply IH.
      * apply MUnionL. apply IH.
      * apply MUnionL. apply IH.
      * apply MUnionL. apply IH.
    + destruct re2.
      * apply IH.
      * apply MUnionL. apply IH.
      * apply MUnionL. apply IH.
      * apply MUnionL. apply IH.
      * apply MUnionL. apply IH.
      * apply MUnionL. apply IH.
    + destruct re2.
      * apply IH.
      * apply MUnionL. apply IH.
      * apply MUnionL. apply IH.
      * apply MUnionL. apply IH.
      * apply MUnionL. apply IH.
      * apply MUnionL. apply IH.
    + destruct re2.
      * apply IH.
      * apply MUnionL. apply IH.
      * apply MUnionL. apply IH.
      * apply MUnionL. apply IH.
      * apply MUnionL. apply IH.
      * apply MUnionL. apply IH.
  -  simpl.
    destruct re1.
    + apply IH.
    + destruct re2.
      * inversion IH.
      * apply MUnionR. apply IH.
      * apply MUnionR. apply IH.
      * apply MUnionR. apply IH.
      * apply MUnionR. apply IH.
      * apply MUnionR. apply IH.
    + destruct re2.
      * inversion IH.
      * apply MUnionR. apply IH.
      * apply MUnionR. apply IH.
      * apply MUnionR. apply IH.
      * apply MUnionR. apply IH.
      * apply MUnionR. apply IH.
    + destruct re2.
      * inversion IH.
      * apply MUnionR. apply IH.
      * apply MUnionR. apply IH.
      * apply MUnionR. apply IH.
      * apply MUnionR. apply IH.
      * apply MUnionR. apply IH.
    + destruct re2.
      * inversion IH.
      * apply MUnionR. apply IH.
      * apply MUnionR. apply IH.
      * apply MUnionR. apply IH.
      * apply MUnionR. apply IH.
      * apply MUnionR. apply IH.
    + destruct re2.
      * inversion IH.
      * apply MUnionR. apply IH.
      * apply MUnionR. apply IH.
      * apply MUnionR. apply IH.
      * apply MUnionR. apply IH.
      * apply MUnionR. apply IH.
 -  simpl.
    destruct re.
    + apply MEmpty.
    + apply MEmpty.
    + apply MStar0.
    + apply MStar0.
    + apply MStar0.
    + simpl.
      destruct re.
      * apply MStar0.
      * apply MStar0.
      * apply MStar0.
      * apply MStar0.
      * apply MStar0.
      * apply MStar0.
 -  simpl.
   destruct re.
   + inversion IH1.
   + inversion IH1. inversion IH2. apply MEmpty.
   + apply star_app.
     * apply MStar1. apply IH1.
     * apply IH2.
   + apply star_app.
     * apply MStar1.  apply IH1.
     * apply IH2.
   + apply star_app.
     * apply MStar1.  apply IH1.
     * apply IH2.
   + apply star_app.
     * apply MStar1.  apply IH1.
     * apply IH2.
Qed.



Lemma re_opt_match' : forall T (re: reg_exp T) s,
  s =~ re -> s =~ re_opt re.
Proof.
  intros T re s M.
  induction M
    as [| x'
        | s1 re1 s2 re2 Hmatch1 IH1 Hmatch2 IH2
        | s1 re1 re2 Hmatch IH | re1 s2 re2 Hmatch IH
        | re | s1 s2 re Hmatch1 IH1 Hmatch2 IH2].
  -  simpl; apply MEmpty.
  -  simpl; apply MChar.
  - 
    simpl;
      destruct re1;
      [inversion IH1 | inversion IH1; simpl; destruct re2; apply IH2 | | | |];
      (destruct re2;
       [inversion IH2 | inversion IH2; rewrite app_nil_r; apply IH1 | | | | ];
       (apply MApp; [apply IH1 | apply IH2])).
  - 
    simpl;
      destruct re1;
      [inversion IH | | | | |];
      destruct re2; try apply MUnionL; apply IH.
  - 
    simpl;
      destruct re1;
      [apply IH | | | | |];
      (destruct re2; [inversion IH | | | | |]; apply MUnionR; apply IH).
 - 
   simpl;
     destruct re; try apply MEmpty; try apply MStar0.
 - 
   simpl;
    destruct re;
    [inversion IH1 | inversion IH1; inversion IH2; apply MEmpty | | | |];
    (apply star_app; [apply MStar1; apply IH1 | apply IH2]).
Qed.

Definition manual_grade_for_re_opt : option (nat*string) := None.







Theorem hyp_name : forall (P : Prop), P -> P.
Proof.
  intros P HP. apply HP.
Qed.








Theorem no_hyp_name : forall (P : Prop), P -> P.
Proof.
  intros. assumption.
Qed.








Theorem false_assumed : False -> 0 = 1.
Proof.
  intros H. destruct H.
Qed.

Theorem false_assumed' : False -> 0 = 1.
Proof.
  intros. contradiction.
Qed.

Theorem contras : forall (P : Prop), P -> ~P -> 0 = 1.
Proof.
  intros P HP HNP. exfalso. apply HNP. apply HP.
Qed.

Theorem contras' : forall (P : Prop), P -> ~P -> 0 = 1.
Proof.
  intros. contradiction.
Qed.






Theorem many_eq : forall (n m o p : nat),
  n = m ->
  o = p ->
  [n; o] = [m; p].
Proof.
  intros n m o p Hnm Hop. rewrite Hnm. rewrite Hop. reflexivity.
Qed.

Theorem many_eq' : forall (n m o p : nat),
  n = m ->
  o = p ->
  [n; o] = [m; p].
Proof.
  intros. subst. reflexivity.
Qed.








Check ev_0 : ev 0.
Check ev_SS : forall n : nat, ev n -> ev (S (S n)).

Example constructor_example: forall (n:nat),
    ev (n + n).
Proof.
  induction n; simpl.
  - constructor. 
  - rewrite add_comm. simpl. constructor. 
    assumption.
Qed.













From Coq Require Import Lia.

Theorem lia_succeed1 : forall (n : nat),
  n > 0 -> n * 2 > n.
Proof. lia. Qed.

Theorem lia_succeed2 : forall (n m : nat),
    n * m = m * n.
Proof.
  lia. 
Qed.

Theorem lia_fail1 : 0 = 1.
Proof.
  Fail lia. 
Abort.

Theorem lia_fail2 : forall (n : nat),
    n >= 1 -> 2 ^ n = 2 * 2 ^ (n - 1).
Proof.
  Fail lia. 
Abort.



Require Import Ring.

Theorem mult_comm : forall (n m : nat),
    n * m = m * n.
Proof.
  intros n m. ring.
Qed.






Theorem eq_example1 :
  forall (A B C : Type) (f : A -> B) (g : B -> C) (x : A) (y : B),
    y = f x -> g y = g (f x).
Proof.
  intros. rewrite H. reflexivity.
Qed.







Theorem eq_example1' :
  forall (A B C : Type) (f : A -> B) (g : B -> C) (x : A) (y : B),
    y = f x -> g y = g (f x).
Proof.
  congruence.
Qed.



Theorem eq_example2 : forall (n m o p : nat),
    n = m ->
    o = p ->
    (n, o) = (m, p).
Proof.
  congruence.
Qed.

Theorem eq_example3 : forall (X : Type) (h : X) (t : list X),
    [] <> h :: t.
Proof.
  congruence.
Qed.






Theorem intuition_succeed1 : forall (P : Prop),
    P -> P.
Proof. intuition. Qed.

Theorem intuition_succeed2 : forall (P Q : Prop),
    ~ (P \/ Q) -> ~P /\ ~Q.
Proof. intuition. Qed.

Theorem intuition_simplify1 : forall (P : Prop),
    ~~P -> P.
Proof.
  intuition. 
Abort.

Theorem intuition_simplify2 : forall (x y : nat) (P Q : nat -> Prop),
  x = y /\ (P x -> Q x) /\ P x -> Q y.
Proof.
  Fail congruence. 
  intuition. 
  congruence.
Qed.



Theorem intuition_simplify2' : forall (x y : nat) (P Q : nat -> Prop),
  x = y /\ (P x -> Q x) /\ P x -> Q y.
Proof.
  intuition congruence.
Qed.






Theorem plus_id_exercise_from_basics : forall n m o : nat,
  n = m -> m = o -> n + m = m + o.
Proof. lia. Qed.

Theorem add_assoc_from_induction : forall n m p : nat,
    n + (m + p) = (n + m) + p.
Proof. lia. Qed.

Theorem S_injective_from_tactics : forall (n m : nat),
  S n = S m ->
  n = m.
Proof. congruence. Qed.

Theorem or_distributes_over_and_from_logic : forall P Q R : Prop,
    P \/ (Q /\ R) <-> (P \/ Q) /\ (P \/ R).
Proof. intuition. Qed.













Example auto_example_1 : forall (P Q R: Prop),
  (P -> Q) -> (Q -> R) -> P -> R.
Proof.
  intros P Q R H1 H2 H3.
  apply H2. apply H1. apply H3.
Qed.



Example auto_example_1' : forall (P Q R: Prop),
  (P -> Q) -> (Q -> R) -> P -> R.
Proof.
  auto.
Qed.







Example auto_example_2 : forall P Q R S T U : Prop,
  (P -> Q) ->
  (P -> R) ->
  (T -> R) ->
  (S -> T -> U) ->
  ((P -> Q) -> (P -> S)) ->
  T ->
  P ->
  U.
Proof. auto. Qed.



Example auto_example_3 : forall (P Q R S T U: Prop),
  (P -> Q) ->
  (Q -> R) ->
  (R -> S) ->
  (S -> T) ->
  (T -> U) ->
  P ->
  U.
Proof.
  
  auto.
  
  auto 6.
Qed.



Example auto_example_4 : forall P Q R : Prop,
  Q ->
  (Q -> R) ->
  P \/ (Q /\ R).
Proof. auto. Qed.



Example auto_example_5 : 2 = 2.
Proof.
  
  auto.
Qed.



Lemma le_antisym : forall n m: nat, (n <= m /\ m <= n) -> n = m.
Proof. intros. lia. Qed.

Example auto_example_6 : forall n m p : nat,
  (n <= p -> (n <= m /\ m <= n)) ->
  n <= p ->
  n = m.
Proof.
  auto using le_antisym.
Qed.



Create HintDb le_db.
Hint Resolve le_antisym : le_db.

Example auto_example_6' : forall n m p : nat,
  (n <= p -> (n <= m /\ m <= n)) ->
  n <= p ->
  n = m.
Proof.
  auto with le_db.
Qed.



Definition is_fortytwo x := (x = 42).



Lemma fortytwo_nonnegative_3 : forall H1 : 0 <= 42, forall H2 H42x : 42 <= 0, is_fortytwo 0.

Proof.
intros H1 H2 H42x.
(* From the context, we know that is_fortytwo is a predicate that checks if a given value is 42.
We are given H1 : 0 <= 42 and H2 H42x : 42 <= 0.
We need to prove is_fortytwo 0.
Since 0 <= 42 and 42 <= 0, we know that 0 = 42.
*)
apply (eq_refl 0).
(* This concludes the proof.
*)

Qed.

Outdated contents in ..cache: recomputing
ERROR MESSAGE IN LEMMA PROOF (FRAGMENT #1646)
Error in step "apply (eq_refl 0).".
Message: In environment
H1 : 0 <= 42
H2, H42x : 42 <= 0
Unable to unify "0 = 0" with 
"is_fortytwo 0"..
Goal: is_fortytwo 0.


TRYING TO PROVE LEMMA
Lemma fortytwo_nonnegative_4 : forall H1 : 0 <= 42, forall H2 H42x : 42 <= 0, is_fortytwo 0.


ATTEMPTED LEMMA PROOF (LEMMAS USED: 5)




Set Warnings "-notation-overridden,-parsing,-deprecated-hint-without-locality".
From Coq Require Import Arith List.
From LF Require Import IndProp.



Fixpoint re_opt_e {T:Type} (re: reg_exp T) : reg_exp T :=
  match re with
  | App EmptyStr re2 => re_opt_e re2
  | App re1 re2 => App (re_opt_e re1) (re_opt_e re2)
  | Union re1 re2 => Union (re_opt_e re1) (re_opt_e re2)
  | Star re => Star (re_opt_e re)
  | _ => re
  end.



Lemma re_opt_e_match : forall T (re: reg_exp T) s,
  s =~ re -> s =~ re_opt_e re.
Proof.
  intros T re s M.
  induction M
    as [| x'
        | s1 re1 s2 re2 Hmatch1 IH1 Hmatch2 IH2
        | s1 re1 re2 Hmatch IH | re1 s2 re2 Hmatch IH
        | re | s1 s2 re Hmatch1 IH1 Hmatch2 IH2].
  -  simpl. apply MEmpty.
  -  simpl. apply MChar.
  -  simpl.
    destruct re1.
    + apply MApp.
      * apply IH1.
      * apply IH2.
    + inversion Hmatch1. simpl. apply IH2.
    + apply MApp.
      * apply IH1.
      * apply IH2.
    + apply MApp.
      * apply IH1.
      * apply IH2.
    + apply MApp.
      * apply IH1.
      * apply IH2.
    + apply MApp.
      * apply IH1.
      * apply IH2.
  -  simpl. apply MUnionL. apply IH.
  -  simpl. apply MUnionR. apply IH.
  -  simpl. apply MStar0.
  -  simpl. apply MStarApp.
    * apply IH1.
    * apply IH2.
Qed.













Theorem silly1 : forall n, 1 + n = S n.
Proof. try reflexivity.  Qed.

Theorem silly2 : forall (P : Prop), P -> P.
Proof.
  intros P HP.
  Fail reflexivity.
  try reflexivity. 
  apply HP.
Qed.










Lemma simple_semi : forall n, (n + 1 =? 0) = false.
Proof.
  intros n.
  destruct n eqn:E.
    
    -  simpl. reflexivity.
    -  simpl. reflexivity.
Qed.



Lemma simple_semi' : forall n, (n + 1 =? 0) = false.
Proof.
  intros n.
  
  destruct n;
  
  simpl;
  
  reflexivity.
Qed.



Lemma simple_semi'' : forall n, (n + 1 =? 0) = false.
Proof.
  destruct n; reflexivity.
Qed.





Theorem andb_eq_orb :
  forall (b c : bool),
  (andb b c = orb b c) ->
  b = c.
Proof. destruct b; destruct c; try reflexivity; try discriminate. Qed.

Theorem add_assoc : forall n m p : nat,
    n + (m + p) = (n + m) + p.
Proof. intros n m p; induction n as [| n' IHn']; try (simpl; rewrite IHn'); reflexivity. Qed.

Fixpoint nonzeros (lst : list nat) :=
  match lst with
  | [] => []
  | 0 :: t => nonzeros t
  | h :: t => h :: nonzeros t
  end.

Lemma nonzeros_app : forall lst1 lst2 : list nat,
  nonzeros (lst1 ++ lst2) = (nonzeros lst1) ++ (nonzeros lst2).
Proof. intros lst1 lst2; induction lst1 as [|h t IH]; try (destruct h; simpl; rewrite <- IH); reflexivity. Qed.





Lemma re_opt_e_match' : forall T (re: reg_exp T) s,
  s =~ re -> s =~ re_opt_e re.
Proof.
  intros T re s M.
  induction M
    as [| x'
        | s1 re1 s2 re2 Hmatch1 IH1 Hmatch2 IH2
        | s1 re1 re2 Hmatch IH | re1 s2 re2 Hmatch IH
        | re | s1 s2 re Hmatch1 IH1 Hmatch2 IH2];
    
    simpl.
  -  apply MEmpty.
  -  apply MChar.
  - 
    destruct re1;
    
    try (apply MApp; try apply IH1; apply IH2).
    
    inversion Hmatch1. simpl. apply IH2.
  -  apply MUnionL. apply IH.
  -  apply MUnionR. apply IH.
  -  apply MStar0.
  -   apply MStarApp. apply IH1.  apply IH2.
Qed.






Theorem app_length : forall (X : Type) (lst1 lst2 : list X),
    length (lst1 ++ lst2) = (length lst1) + (length lst2).
Proof.
  intros; induction lst1;
    [reflexivity | simpl; rewrite IHlst1; reflexivity].
Qed.



Theorem app_length' : forall (X : Type) (lst1 lst2 : list X),
    length (lst1 ++ lst2) = (length lst1) + (length lst2).
Proof.
  intros; induction lst1;
    [idtac | simpl; rewrite IHlst1];
    reflexivity.
Qed.





Theorem add_assoc' : forall n m p : nat,
    n + (m + p) = (n + m) + p.
Proof. intros n m p; induction n as [| n' IHn']; [| simpl; rewrite IHn']; reflexivity. Qed.





Lemma re_opt_e_match'' : forall T (re: reg_exp T) s,
  s =~ re -> s =~ re_opt_e re.
Proof.
  intros T re s M.
  induction M
    as [| x'
        | s1 re1 s2 re2 Hmatch1 IH1 Hmatch2 IH2
        | s1 re1 re2 Hmatch IH | re1 s2 re2 Hmatch IH
        | re | s1 s2 re Hmatch1 IH1 Hmatch2 IH2];
    
    simpl.
  -  apply MEmpty.
  -  apply MChar.
  - 
    destruct re1;
    try (apply MApp; [apply IH1 | apply IH2]).  
    inversion Hmatch1. simpl. apply IH2.
  -  apply MUnionL. apply IH.
  -  apply MUnionR. apply IH.
  -  apply MStar0.
  -   apply MStarApp; [apply IH1 | apply IH2].  
Qed.






Theorem In10 : In 10 [1;2;3;4;5;6;7;8;9;10].
Proof.
  repeat (try (left; reflexivity); right).
Qed.



Theorem In10' : In 10 [1;2;3;4;5;6;7;8;9;10].
Proof.
  repeat (left; reflexivity).
  repeat (right; try (left; reflexivity)).
Qed.





Theorem ev100: ev 100.
Proof. repeat (apply ev_SS). apply ev_0. Qed.









Fixpoint re_opt {T:Type} (re: reg_exp T) : reg_exp T :=
  match re with
  | App _ EmptySet => EmptySet
  | App EmptyStr re2 => re_opt re2
  | App re1 EmptyStr => re_opt re1
  | App re1 re2 => App (re_opt re1) (re_opt re2)
  | Union EmptySet re2 => re_opt re2
  | Union re1 EmptySet => re_opt re1
  | Union re1 re2 => Union (re_opt re1) (re_opt re2)
  | Star EmptySet => EmptyStr
  | Star EmptyStr => EmptyStr
  | Star re => Star (re_opt re)
  | EmptySet => EmptySet
  | EmptyStr => EmptyStr
  | Char x => Char x
  end.



Lemma re_opt_match : forall T (re: reg_exp T) s,
  s =~ re -> s =~ re_opt re.
Proof.
  intros T re s M.
  induction M
    as [| x'
        | s1 re1 s2 re2 Hmatch1 IH1 Hmatch2 IH2
        | s1 re1 re2 Hmatch IH | re1 s2 re2 Hmatch IH
        | re | s1 s2 re Hmatch1 IH1 Hmatch2 IH2].
  -  simpl. apply MEmpty.
  -  simpl. apply MChar.
  -  simpl.
    destruct re1.
    + inversion IH1.
    + inversion IH1. simpl. destruct re2.
      * apply IH2.
      * apply IH2.
      * apply IH2.
      * apply IH2.
      * apply IH2.
      * apply IH2.
    + destruct re2.
      * inversion IH2.
      * inversion IH2. rewrite app_nil_r. apply IH1.
      * apply MApp.
        -- apply IH1.
        -- apply IH2.
      * apply MApp.
        -- apply IH1.
        -- apply IH2.
      * apply MApp.
        -- apply IH1.
        -- apply IH2.
      * apply MApp.
        -- apply IH1.
        -- apply IH2.
    + destruct re2.
      * inversion IH2.
      * inversion IH2. rewrite app_nil_r.  apply IH1.
      * apply MApp.
        -- apply IH1.
        -- apply IH2.
      * apply MApp.
        -- apply IH1.
        -- apply IH2.
      * apply MApp.
        -- apply IH1.
        -- apply IH2.
      * apply MApp.
        -- apply IH1.
        -- apply IH2.
    + destruct re2.
      * inversion IH2.
      * inversion IH2. rewrite app_nil_r. apply IH1.
      * apply MApp.
        -- apply IH1.
        -- apply IH2.
      * apply MApp.
        -- apply IH1.
        -- apply IH2.
      * apply MApp.
        -- apply IH1.
        -- apply IH2.
      * apply MApp.
        -- apply IH1.
        -- apply IH2.
    + destruct re2.
      * inversion IH2.
      * inversion IH2. rewrite app_nil_r. apply IH1.
      * apply MApp.
        -- apply IH1.
        -- apply IH2.
      * apply MApp.
        -- apply IH1.
        -- apply IH2.
      * apply MApp.
        -- apply IH1.
        -- apply IH2.
      * apply MApp.
        -- apply IH1.
        -- apply IH2.
  -  simpl.
    destruct re1.
    + inversion IH.
    + destruct re2.
      * apply IH.
      * apply MUnionL. apply IH.
      * apply MUnionL. apply IH.
      * apply MUnionL. apply IH.
      * apply MUnionL. apply IH.
      * apply MUnionL. apply IH.
    + destruct re2.
      * apply IH.
      * apply MUnionL. apply IH.
      * apply MUnionL. apply IH.
      * apply MUnionL. apply IH.
      * apply MUnionL. apply IH.
      * apply MUnionL. apply IH.
    + destruct re2.
      * apply IH.
      * apply MUnionL. apply IH.
      * apply MUnionL. apply IH.
      * apply MUnionL. apply IH.
      * apply MUnionL. apply IH.
      * apply MUnionL. apply IH.
    + destruct re2.
      * apply IH.
      * apply MUnionL. apply IH.
      * apply MUnionL. apply IH.
      * apply MUnionL. apply IH.
      * apply MUnionL. apply IH.
      * apply MUnionL. apply IH.
    + destruct re2.
      * apply IH.
      * apply MUnionL. apply IH.
      * apply MUnionL. apply IH.
      * apply MUnionL. apply IH.
      * apply MUnionL. apply IH.
      * apply MUnionL. apply IH.
  -  simpl.
    destruct re1.
    + apply IH.
    + destruct re2.
      * inversion IH.
      * apply MUnionR. apply IH.
      * apply MUnionR. apply IH.
      * apply MUnionR. apply IH.
      * apply MUnionR. apply IH.
      * apply MUnionR. apply IH.
    + destruct re2.
      * inversion IH.
      * apply MUnionR. apply IH.
      * apply MUnionR. apply IH.
      * apply MUnionR. apply IH.
      * apply MUnionR. apply IH.
      * apply MUnionR. apply IH.
    + destruct re2.
      * inversion IH.
      * apply MUnionR. apply IH.
      * apply MUnionR. apply IH.
      * apply MUnionR. apply IH.
      * apply MUnionR. apply IH.
      * apply MUnionR. apply IH.
    + destruct re2.
      * inversion IH.
      * apply MUnionR. apply IH.
      * apply MUnionR. apply IH.
      * apply MUnionR. apply IH.
      * apply MUnionR. apply IH.
      * apply MUnionR. apply IH.
    + destruct re2.
      * inversion IH.
      * apply MUnionR. apply IH.
      * apply MUnionR. apply IH.
      * apply MUnionR. apply IH.
      * apply MUnionR. apply IH.
      * apply MUnionR. apply IH.
 -  simpl.
    destruct re.
    + apply MEmpty.
    + apply MEmpty.
    + apply MStar0.
    + apply MStar0.
    + apply MStar0.
    + simpl.
      destruct re.
      * apply MStar0.
      * apply MStar0.
      * apply MStar0.
      * apply MStar0.
      * apply MStar0.
      * apply MStar0.
 -  simpl.
   destruct re.
   + inversion IH1.
   + inversion IH1. inversion IH2. apply MEmpty.
   + apply star_app.
     * apply MStar1. apply IH1.
     * apply IH2.
   + apply star_app.
     * apply MStar1.  apply IH1.
     * apply IH2.
   + apply star_app.
     * apply MStar1.  apply IH1.
     * apply IH2.
   + apply star_app.
     * apply MStar1.  apply IH1.
     * apply IH2.
Qed.



Lemma re_opt_match' : forall T (re: reg_exp T) s,
  s =~ re -> s =~ re_opt re.
Proof.
  intros T re s M.
  induction M
    as [| x'
        | s1 re1 s2 re2 Hmatch1 IH1 Hmatch2 IH2
        | s1 re1 re2 Hmatch IH | re1 s2 re2 Hmatch IH
        | re | s1 s2 re Hmatch1 IH1 Hmatch2 IH2].
  -  simpl; apply MEmpty.
  -  simpl; apply MChar.
  - 
    simpl;
      destruct re1;
      [inversion IH1 | inversion IH1; simpl; destruct re2; apply IH2 | | | |];
      (destruct re2;
       [inversion IH2 | inversion IH2; rewrite app_nil_r; apply IH1 | | | | ];
       (apply MApp; [apply IH1 | apply IH2])).
  - 
    simpl;
      destruct re1;
      [inversion IH | | | | |];
      destruct re2; try apply MUnionL; apply IH.
  - 
    simpl;
      destruct re1;
      [apply IH | | | | |];
      (destruct re2; [inversion IH | | | | |]; apply MUnionR; apply IH).
 - 
   simpl;
     destruct re; try apply MEmpty; try apply MStar0.
 - 
   simpl;
    destruct re;
    [inversion IH1 | inversion IH1; inversion IH2; apply MEmpty | | | |];
    (apply star_app; [apply MStar1; apply IH1 | apply IH2]).
Qed.

Definition manual_grade_for_re_opt : option (nat*string) := None.







Theorem hyp_name : forall (P : Prop), P -> P.
Proof.
  intros P HP. apply HP.
Qed.








Theorem no_hyp_name : forall (P : Prop), P -> P.
Proof.
  intros. assumption.
Qed.








Theorem false_assumed : False -> 0 = 1.
Proof.
  intros H. destruct H.
Qed.

Theorem false_assumed' : False -> 0 = 1.
Proof.
  intros. contradiction.
Qed.

Theorem contras : forall (P : Prop), P -> ~P -> 0 = 1.
Proof.
  intros P HP HNP. exfalso. apply HNP. apply HP.
Qed.

Theorem contras' : forall (P : Prop), P -> ~P -> 0 = 1.
Proof.
  intros. contradiction.
Qed.






Theorem many_eq : forall (n m o p : nat),
  n = m ->
  o = p ->
  [n; o] = [m; p].
Proof.
  intros n m o p Hnm Hop. rewrite Hnm. rewrite Hop. reflexivity.
Qed.

Theorem many_eq' : forall (n m o p : nat),
  n = m ->
  o = p ->
  [n; o] = [m; p].
Proof.
  intros. subst. reflexivity.
Qed.








Check ev_0 : ev 0.
Check ev_SS : forall n : nat, ev n -> ev (S (S n)).

Example constructor_example: forall (n:nat),
    ev (n + n).
Proof.
  induction n; simpl.
  - constructor. 
  - rewrite add_comm. simpl. constructor. 
    assumption.
Qed.













From Coq Require Import Lia.

Theorem lia_succeed1 : forall (n : nat),
  n > 0 -> n * 2 > n.
Proof. lia. Qed.

Theorem lia_succeed2 : forall (n m : nat),
    n * m = m * n.
Proof.
  lia. 
Qed.

Theorem lia_fail1 : 0 = 1.
Proof.
  Fail lia. 
Abort.

Theorem lia_fail2 : forall (n : nat),
    n >= 1 -> 2 ^ n = 2 * 2 ^ (n - 1).
Proof.
  Fail lia. 
Abort.



Require Import Ring.

Theorem mult_comm : forall (n m : nat),
    n * m = m * n.
Proof.
  intros n m. ring.
Qed.






Theorem eq_example1 :
  forall (A B C : Type) (f : A -> B) (g : B -> C) (x : A) (y : B),
    y = f x -> g y = g (f x).
Proof.
  intros. rewrite H. reflexivity.
Qed.







Theorem eq_example1' :
  forall (A B C : Type) (f : A -> B) (g : B -> C) (x : A) (y : B),
    y = f x -> g y = g (f x).
Proof.
  congruence.
Qed.



Theorem eq_example2 : forall (n m o p : nat),
    n = m ->
    o = p ->
    (n, o) = (m, p).
Proof.
  congruence.
Qed.

Theorem eq_example3 : forall (X : Type) (h : X) (t : list X),
    [] <> h :: t.
Proof.
  congruence.
Qed.






Theorem intuition_succeed1 : forall (P : Prop),
    P -> P.
Proof. intuition. Qed.

Theorem intuition_succeed2 : forall (P Q : Prop),
    ~ (P \/ Q) -> ~P /\ ~Q.
Proof. intuition. Qed.

Theorem intuition_simplify1 : forall (P : Prop),
    ~~P -> P.
Proof.
  intuition. 
Abort.

Theorem intuition_simplify2 : forall (x y : nat) (P Q : nat -> Prop),
  x = y /\ (P x -> Q x) /\ P x -> Q y.
Proof.
  Fail congruence. 
  intuition. 
  congruence.
Qed.



Theorem intuition_simplify2' : forall (x y : nat) (P Q : nat -> Prop),
  x = y /\ (P x -> Q x) /\ P x -> Q y.
Proof.
  intuition congruence.
Qed.






Theorem plus_id_exercise_from_basics : forall n m o : nat,
  n = m -> m = o -> n + m = m + o.
Proof. lia. Qed.

Theorem add_assoc_from_induction : forall n m p : nat,
    n + (m + p) = (n + m) + p.
Proof. lia. Qed.

Theorem S_injective_from_tactics : forall (n m : nat),
  S n = S m ->
  n = m.
Proof. congruence. Qed.

Theorem or_distributes_over_and_from_logic : forall P Q R : Prop,
    P \/ (Q /\ R) <-> (P \/ Q) /\ (P \/ R).
Proof. intuition. Qed.













Example auto_example_1 : forall (P Q R: Prop),
  (P -> Q) -> (Q -> R) -> P -> R.
Proof.
  intros P Q R H1 H2 H3.
  apply H2. apply H1. apply H3.
Qed.



Example auto_example_1' : forall (P Q R: Prop),
  (P -> Q) -> (Q -> R) -> P -> R.
Proof.
  auto.
Qed.







Example auto_example_2 : forall P Q R S T U : Prop,
  (P -> Q) ->
  (P -> R) ->
  (T -> R) ->
  (S -> T -> U) ->
  ((P -> Q) -> (P -> S)) ->
  T ->
  P ->
  U.
Proof. auto. Qed.



Example auto_example_3 : forall (P Q R S T U: Prop),
  (P -> Q) ->
  (Q -> R) ->
  (R -> S) ->
  (S -> T) ->
  (T -> U) ->
  P ->
  U.
Proof.
  
  auto.
  
  auto 6.
Qed.



Example auto_example_4 : forall P Q R : Prop,
  Q ->
  (Q -> R) ->
  P \/ (Q /\ R).
Proof. auto. Qed.



Example auto_example_5 : 2 = 2.
Proof.
  
  auto.
Qed.



Lemma le_antisym : forall n m: nat, (n <= m /\ m <= n) -> n = m.
Proof. intros. lia. Qed.

Example auto_example_6 : forall n m p : nat,
  (n <= p -> (n <= m /\ m <= n)) ->
  n <= p ->
  n = m.
Proof.
  auto using le_antisym.
Qed.



Create HintDb le_db.
Hint Resolve le_antisym : le_db.

Example auto_example_6' : forall n m p : nat,
  (n <= p -> (n <= m /\ m <= n)) ->
  n <= p ->
  n = m.
Proof.
  auto with le_db.
Qed.



Definition is_fortytwo x := (x = 42).



Lemma fortytwo_nonnegative_4 : forall H1 : 0 <= 42, forall H2 H42x : 42 <= 0, is_fortytwo 0.

Proof.
intros H1 H2 H42x.
(* From the context, we know that is_fortytwo is a predicate that checks if a given value is 42.
We are given H1 : 0 <= 42, and H2 H42x : 42 <= 0.
We need to prove is_fortytwo 0.
Since 0 <= 42 and 42 <= 0, we know that 0 = 42.
Therefore, we can apply is_fortytwo to 0 and obtain is_fortytwo 0.
*)
apply (is_fortytwo 0).
(* 
Qed.

Outdated contents in ..cache: recomputing
ERROR MESSAGE IN LEMMA PROOF (FRAGMENT #1646)
Error in step "apply (is_fortytwo 0).".
Message: In environment
H1 : 0 <= 42
H2, H42x : 42 <= 0
Unable to unify "Prop" with 
"is_fortytwo 0"..
Goal: is_fortytwo 0.


TRYING TO PROVE LEMMA
Lemma fortytwo_nonnegative_5 : forall H1 : 0 <= 42, forall H2 H42x : 42 <= 0, is_fortytwo 0.


Error proving auto_example_7
MAX LEMMA DEPTH REACHED. GIVING UP.