PROVING silly1
ATTEMPTED THEOREM PROOF (LEMMAS USED: 0)




Set Warnings "-notation-overridden,-parsing,-deprecated-hint-without-locality".
From Coq Require Import Arith List.
From LF Require Import IndProp.



Fixpoint re_opt_e {T:Type} (re: reg_exp T) : reg_exp T :=
  match re with
  | App EmptyStr re2 => re_opt_e re2
  | App re1 re2 => App (re_opt_e re1) (re_opt_e re2)
  | Union re1 re2 => Union (re_opt_e re1) (re_opt_e re2)
  | Star re => Star (re_opt_e re)
  | _ => re
  end.



Lemma re_opt_e_match : forall T (re: reg_exp T) s,
  s =~ re -> s =~ re_opt_e re.
Proof.
  intros T re s M.
  induction M
    as [| x'
        | s1 re1 s2 re2 Hmatch1 IH1 Hmatch2 IH2
        | s1 re1 re2 Hmatch IH | re1 s2 re2 Hmatch IH
        | re | s1 s2 re Hmatch1 IH1 Hmatch2 IH2].
  -  simpl. apply MEmpty.
  -  simpl. apply MChar.
  -  simpl.
    destruct re1.
    + apply MApp.
      * apply IH1.
      * apply IH2.
    + inversion Hmatch1. simpl. apply IH2.
    + apply MApp.
      * apply IH1.
      * apply IH2.
    + apply MApp.
      * apply IH1.
      * apply IH2.
    + apply MApp.
      * apply IH1.
      * apply IH2.
    + apply MApp.
      * apply IH1.
      * apply IH2.
  -  simpl. apply MUnionL. apply IH.
  -  simpl. apply MUnionR. apply IH.
  -  simpl. apply MStar0.
  -  simpl. apply MStarApp.
    * apply IH1.
    * apply IH2.
Qed.















Theorem silly1 : forall n, 1 + n = S n.

Proof.
(* We will proceed by induction on n.
*)
  induction n as [|n' IHn'].
- (* Base case: n = 0 *)
    (* We need to prove 1 + 0 = S 0 *)
    (* By definition of addition, this is true by reflexivity *)
    reflexivity.
- (* Inductive case: n = S n' *)
    (* We need to prove 1 + S n' = S (S n') *)
    (* By definition of addition, this is true by definition of S *)
    reflexivity.
Qed.

Outdated contents in ..cache: recomputing
THEOREM PROOF IS VALID

