PROVING add_assoc
ATTEMPTED THEOREM PROOF (LEMMAS USED: 0)




Set Warnings "-notation-overridden,-parsing,-deprecated-hint-without-locality".
From Coq Require Import Arith List.
From LF Require Import IndProp.



Fixpoint re_opt_e {T:Type} (re: reg_exp T) : reg_exp T :=
  match re with
  | App EmptyStr re2 => re_opt_e re2
  | App re1 re2 => App (re_opt_e re1) (re_opt_e re2)
  | Union re1 re2 => Union (re_opt_e re1) (re_opt_e re2)
  | Star re => Star (re_opt_e re)
  | _ => re
  end.



Lemma re_opt_e_match : forall T (re: reg_exp T) s,
  s =~ re -> s =~ re_opt_e re.
Proof.
  intros T re s M.
  induction M
    as [| x'
        | s1 re1 s2 re2 Hmatch1 IH1 Hmatch2 IH2
        | s1 re1 re2 Hmatch IH | re1 s2 re2 Hmatch IH
        | re | s1 s2 re Hmatch1 IH1 Hmatch2 IH2].
  -  simpl. apply MEmpty.
  -  simpl. apply MChar.
  -  simpl.
    destruct re1.
    + apply MApp.
      * apply IH1.
      * apply IH2.
    + inversion Hmatch1. simpl. apply IH2.
    + apply MApp.
      * apply IH1.
      * apply IH2.
    + apply MApp.
      * apply IH1.
      * apply IH2.
    + apply MApp.
      * apply IH1.
      * apply IH2.
    + apply MApp.
      * apply IH1.
      * apply IH2.
  -  simpl. apply MUnionL. apply IH.
  -  simpl. apply MUnionR. apply IH.
  -  simpl. apply MStar0.
  -  simpl. apply MStarApp.
    * apply IH1.
    * apply IH2.
Qed.













Theorem silly1 : forall n, 1 + n = S n.
Proof. try reflexivity.  Qed.

Theorem silly2 : forall (P : Prop), P -> P.
Proof.
  intros P HP.
  Fail reflexivity.
  try reflexivity. 
  apply HP.
Qed.










Lemma simple_semi : forall n, (n + 1 =? 0) = false.
Proof.
  intros n.
  destruct n eqn:E.
    
    -  simpl. reflexivity.
    -  simpl. reflexivity.
Qed.



Lemma simple_semi' : forall n, (n + 1 =? 0) = false.
Proof.
  intros n.
  
  destruct n;
  
  simpl;
  
  reflexivity.
Qed.



Lemma simple_semi'' : forall n, (n + 1 =? 0) = false.
Proof.
  destruct n; reflexivity.
Qed.





Theorem andb_eq_orb :
  forall (b c : bool),
  (andb b c = orb b c) ->
  b = c.
Proof. destruct b; destruct c; try reflexivity; try discriminate. Qed.



Theorem add_assoc : forall n m p : nat,
    n + (m + p) = (n + m) + p.

Proof.
(* We will proceed by induction on n, the first argument of the addition.
*)
  intros n.
(* We will need to prove the base case and the inductive step.
*)
  induction m as [| m' IHm'].
(* Base case: n + (0 + p) = (n + 0) + p.
*)
    simpl.
reflexivity.
(* Inductive step: we assume the statement is true for m' and prove it for m' + 1.
*)
  simpl.
rewrite IHm'.
reflexivity.
Qed.

Outdated contents in ..cache: recomputing
ERROR MESSAGE IN THEOREM PROOF (FRAGMENT #226)
Error in step "reflexivity.".
Message: In environment
n, p : nat
Unable to unify "n + 0 + p" with 
"n + p"..
Goal: forall p : nat, n + p = n + 0 + p.


TRYING TO PROVE LEMMA
Lemma addition_of_zero_0 : forall n : nat, forall p : nat, n + p = n + 0 + p.


ATTEMPTED LEMMA PROOF (LEMMAS USED: 1)




Set Warnings "-notation-overridden,-parsing,-deprecated-hint-without-locality".
From Coq Require Import Arith List.
From LF Require Import IndProp.



Fixpoint re_opt_e {T:Type} (re: reg_exp T) : reg_exp T :=
  match re with
  | App EmptyStr re2 => re_opt_e re2
  | App re1 re2 => App (re_opt_e re1) (re_opt_e re2)
  | Union re1 re2 => Union (re_opt_e re1) (re_opt_e re2)
  | Star re => Star (re_opt_e re)
  | _ => re
  end.



Lemma re_opt_e_match : forall T (re: reg_exp T) s,
  s =~ re -> s =~ re_opt_e re.
Proof.
  intros T re s M.
  induction M
    as [| x'
        | s1 re1 s2 re2 Hmatch1 IH1 Hmatch2 IH2
        | s1 re1 re2 Hmatch IH | re1 s2 re2 Hmatch IH
        | re | s1 s2 re Hmatch1 IH1 Hmatch2 IH2].
  -  simpl. apply MEmpty.
  -  simpl. apply MChar.
  -  simpl.
    destruct re1.
    + apply MApp.
      * apply IH1.
      * apply IH2.
    + inversion Hmatch1. simpl. apply IH2.
    + apply MApp.
      * apply IH1.
      * apply IH2.
    + apply MApp.
      * apply IH1.
      * apply IH2.
    + apply MApp.
      * apply IH1.
      * apply IH2.
    + apply MApp.
      * apply IH1.
      * apply IH2.
  -  simpl. apply MUnionL. apply IH.
  -  simpl. apply MUnionR. apply IH.
  -  simpl. apply MStar0.
  -  simpl. apply MStarApp.
    * apply IH1.
    * apply IH2.
Qed.













Theorem silly1 : forall n, 1 + n = S n.
Proof. try reflexivity.  Qed.

Theorem silly2 : forall (P : Prop), P -> P.
Proof.
  intros P HP.
  Fail reflexivity.
  try reflexivity. 
  apply HP.
Qed.










Lemma simple_semi : forall n, (n + 1 =? 0) = false.
Proof.
  intros n.
  destruct n eqn:E.
    
    -  simpl. reflexivity.
    -  simpl. reflexivity.
Qed.



Lemma simple_semi' : forall n, (n + 1 =? 0) = false.
Proof.
  intros n.
  
  destruct n;
  
  simpl;
  
  reflexivity.
Qed.



Lemma simple_semi'' : forall n, (n + 1 =? 0) = false.
Proof.
  destruct n; reflexivity.
Qed.





Theorem andb_eq_orb :
  forall (b c : bool),
  (andb b c = orb b c) ->
  b = c.
Proof. destruct b; destruct c; try reflexivity; try discriminate. Qed.



Lemma addition_of_zero_0 : forall n : nat, forall p : nat, n + p = n + 0 + p.

Proof.
(*
    We will proceed by induction on p.
Base case: n + 0 = n + 0 + 0
    Inductive case: n + p = n + 0 + p -> n + (S p) = n + 0 + (S p)
  *)
  intros n p.
induction p as [| p' IHp'].
- (* Base case: p = 0 *)
    simpl.
reflexivity.
- (* Inductive case: p = S p' *)
    simpl.
rewrite IHp'.
reflexivity.
Qed.

Outdated contents in ..cache: recomputing
ERROR MESSAGE IN LEMMA PROOF (FRAGMENT #228)
Error in step "reflexivity.".
Message: In environment
n : nat
Unable to unify "n + 0 + 0" with 
"n + 0"..
Goal: n + 0 = n + 0 + 0.


TRYING TO PROVE LEMMA
Lemma nat_add_zero_identity_1 : forall n : nat, n + 0 = n + 0 + 0.


ATTEMPTED LEMMA PROOF (LEMMAS USED: 2)




Set Warnings "-notation-overridden,-parsing,-deprecated-hint-without-locality".
From Coq Require Import Arith List.
From LF Require Import IndProp.



Fixpoint re_opt_e {T:Type} (re: reg_exp T) : reg_exp T :=
  match re with
  | App EmptyStr re2 => re_opt_e re2
  | App re1 re2 => App (re_opt_e re1) (re_opt_e re2)
  | Union re1 re2 => Union (re_opt_e re1) (re_opt_e re2)
  | Star re => Star (re_opt_e re)
  | _ => re
  end.



Lemma re_opt_e_match : forall T (re: reg_exp T) s,
  s =~ re -> s =~ re_opt_e re.
Proof.
  intros T re s M.
  induction M
    as [| x'
        | s1 re1 s2 re2 Hmatch1 IH1 Hmatch2 IH2
        | s1 re1 re2 Hmatch IH | re1 s2 re2 Hmatch IH
        | re | s1 s2 re Hmatch1 IH1 Hmatch2 IH2].
  -  simpl. apply MEmpty.
  -  simpl. apply MChar.
  -  simpl.
    destruct re1.
    + apply MApp.
      * apply IH1.
      * apply IH2.
    + inversion Hmatch1. simpl. apply IH2.
    + apply MApp.
      * apply IH1.
      * apply IH2.
    + apply MApp.
      * apply IH1.
      * apply IH2.
    + apply MApp.
      * apply IH1.
      * apply IH2.
    + apply MApp.
      * apply IH1.
      * apply IH2.
  -  simpl. apply MUnionL. apply IH.
  -  simpl. apply MUnionR. apply IH.
  -  simpl. apply MStar0.
  -  simpl. apply MStarApp.
    * apply IH1.
    * apply IH2.
Qed.













Theorem silly1 : forall n, 1 + n = S n.
Proof. try reflexivity.  Qed.

Theorem silly2 : forall (P : Prop), P -> P.
Proof.
  intros P HP.
  Fail reflexivity.
  try reflexivity. 
  apply HP.
Qed.










Lemma simple_semi : forall n, (n + 1 =? 0) = false.
Proof.
  intros n.
  destruct n eqn:E.
    
    -  simpl. reflexivity.
    -  simpl. reflexivity.
Qed.



Lemma simple_semi' : forall n, (n + 1 =? 0) = false.
Proof.
  intros n.
  
  destruct n;
  
  simpl;
  
  reflexivity.
Qed.



Lemma simple_semi'' : forall n, (n + 1 =? 0) = false.
Proof.
  destruct n; reflexivity.
Qed.





Theorem andb_eq_orb :
  forall (b c : bool),
  (andb b c = orb b c) ->
  b = c.
Proof. destruct b; destruct c; try reflexivity; try discriminate. Qed.



Lemma nat_add_zero_identity_1 : forall n : nat, n + 0 = n + 0 + 0.

Proof.
(* Base case: n = 0 *)
  intros n.
simpl.
reflexivity.
(* Inductive step: n = S n' *)
  intros n.
simpl.
rewrite IHn.
reflexivity.
Qed.

Outdated contents in ..cache: recomputing
ERROR MESSAGE IN LEMMA PROOF (FRAGMENT #224)
Error in step "reflexivity.".
Message: In environment
n : nat
Unable to unify "n + 0 + 0" with "n + 0"..
Goal: n + 0 = n + 0 + 0.


TRYING TO PROVE LEMMA
Lemma nat_add_zero_identity_2 : forall n : nat, n + 0 = n + 0 + 0.


ATTEMPTED LEMMA PROOF (LEMMAS USED: 3)




Set Warnings "-notation-overridden,-parsing,-deprecated-hint-without-locality".
From Coq Require Import Arith List.
From LF Require Import IndProp.



Fixpoint re_opt_e {T:Type} (re: reg_exp T) : reg_exp T :=
  match re with
  | App EmptyStr re2 => re_opt_e re2
  | App re1 re2 => App (re_opt_e re1) (re_opt_e re2)
  | Union re1 re2 => Union (re_opt_e re1) (re_opt_e re2)
  | Star re => Star (re_opt_e re)
  | _ => re
  end.



Lemma re_opt_e_match : forall T (re: reg_exp T) s,
  s =~ re -> s =~ re_opt_e re.
Proof.
  intros T re s M.
  induction M
    as [| x'
        | s1 re1 s2 re2 Hmatch1 IH1 Hmatch2 IH2
        | s1 re1 re2 Hmatch IH | re1 s2 re2 Hmatch IH
        | re | s1 s2 re Hmatch1 IH1 Hmatch2 IH2].
  -  simpl. apply MEmpty.
  -  simpl. apply MChar.
  -  simpl.
    destruct re1.
    + apply MApp.
      * apply IH1.
      * apply IH2.
    + inversion Hmatch1. simpl. apply IH2.
    + apply MApp.
      * apply IH1.
      * apply IH2.
    + apply MApp.
      * apply IH1.
      * apply IH2.
    + apply MApp.
      * apply IH1.
      * apply IH2.
    + apply MApp.
      * apply IH1.
      * apply IH2.
  -  simpl. apply MUnionL. apply IH.
  -  simpl. apply MUnionR. apply IH.
  -  simpl. apply MStar0.
  -  simpl. apply MStarApp.
    * apply IH1.
    * apply IH2.
Qed.













Theorem silly1 : forall n, 1 + n = S n.
Proof. try reflexivity.  Qed.

Theorem silly2 : forall (P : Prop), P -> P.
Proof.
  intros P HP.
  Fail reflexivity.
  try reflexivity. 
  apply HP.
Qed.










Lemma simple_semi : forall n, (n + 1 =? 0) = false.
Proof.
  intros n.
  destruct n eqn:E.
    
    -  simpl. reflexivity.
    -  simpl. reflexivity.
Qed.



Lemma simple_semi' : forall n, (n + 1 =? 0) = false.
Proof.
  intros n.
  
  destruct n;
  
  simpl;
  
  reflexivity.
Qed.



Lemma simple_semi'' : forall n, (n + 1 =? 0) = false.
Proof.
  destruct n; reflexivity.
Qed.





Theorem andb_eq_orb :
  forall (b c : bool),
  (andb b c = orb b c) ->
  b = c.
Proof. destruct b; destruct c; try reflexivity; try discriminate. Qed.



Lemma nat_add_zero_identity_2 : forall n : nat, n + 0 = n + 0 + 0.

Proof.
(* Base case: n = 0 *)
  intros n.
simpl.
reflexivity.
(* Inductive step: n = S n' *)
  intros n.
simpl.
rewrite IHn.
reflexivity.
Qed.

Outdated contents in ..cache: recomputing
ERROR MESSAGE IN LEMMA PROOF (FRAGMENT #224)
Error in step "reflexivity.".
Message: In environment
n : nat
Unable to unify "n + 0 + 0" with "n + 0"..
Goal: n + 0 = n + 0 + 0.


TRYING TO PROVE LEMMA
Lemma nat_add_zero_identity_3 : forall n : nat, n + 0 = n + 0 + 0.


ATTEMPTED LEMMA PROOF (LEMMAS USED: 4)




Set Warnings "-notation-overridden,-parsing,-deprecated-hint-without-locality".
From Coq Require Import Arith List.
From LF Require Import IndProp.



Fixpoint re_opt_e {T:Type} (re: reg_exp T) : reg_exp T :=
  match re with
  | App EmptyStr re2 => re_opt_e re2
  | App re1 re2 => App (re_opt_e re1) (re_opt_e re2)
  | Union re1 re2 => Union (re_opt_e re1) (re_opt_e re2)
  | Star re => Star (re_opt_e re)
  | _ => re
  end.



Lemma re_opt_e_match : forall T (re: reg_exp T) s,
  s =~ re -> s =~ re_opt_e re.
Proof.
  intros T re s M.
  induction M
    as [| x'
        | s1 re1 s2 re2 Hmatch1 IH1 Hmatch2 IH2
        | s1 re1 re2 Hmatch IH | re1 s2 re2 Hmatch IH
        | re | s1 s2 re Hmatch1 IH1 Hmatch2 IH2].
  -  simpl. apply MEmpty.
  -  simpl. apply MChar.
  -  simpl.
    destruct re1.
    + apply MApp.
      * apply IH1.
      * apply IH2.
    + inversion Hmatch1. simpl. apply IH2.
    + apply MApp.
      * apply IH1.
      * apply IH2.
    + apply MApp.
      * apply IH1.
      * apply IH2.
    + apply MApp.
      * apply IH1.
      * apply IH2.
    + apply MApp.
      * apply IH1.
      * apply IH2.
  -  simpl. apply MUnionL. apply IH.
  -  simpl. apply MUnionR. apply IH.
  -  simpl. apply MStar0.
  -  simpl. apply MStarApp.
    * apply IH1.
    * apply IH2.
Qed.













Theorem silly1 : forall n, 1 + n = S n.
Proof. try reflexivity.  Qed.

Theorem silly2 : forall (P : Prop), P -> P.
Proof.
  intros P HP.
  Fail reflexivity.
  try reflexivity. 
  apply HP.
Qed.










Lemma simple_semi : forall n, (n + 1 =? 0) = false.
Proof.
  intros n.
  destruct n eqn:E.
    
    -  simpl. reflexivity.
    -  simpl. reflexivity.
Qed.



Lemma simple_semi' : forall n, (n + 1 =? 0) = false.
Proof.
  intros n.
  
  destruct n;
  
  simpl;
  
  reflexivity.
Qed.



Lemma simple_semi'' : forall n, (n + 1 =? 0) = false.
Proof.
  destruct n; reflexivity.
Qed.





Theorem andb_eq_orb :
  forall (b c : bool),
  (andb b c = orb b c) ->
  b = c.
Proof. destruct b; destruct c; try reflexivity; try discriminate. Qed.



Lemma nat_add_zero_identity_3 : forall n : nat, n + 0 = n + 0 + 0.

Proof.
(* Base case: n = 0 *)
  intros n.
simpl.
reflexivity.
(* Inductive step: n = S n' *)
  intros n.
simpl.
rewrite IHn.
reflexivity.
Qed.

Outdated contents in ..cache: recomputing
ERROR MESSAGE IN LEMMA PROOF (FRAGMENT #224)
Error in step "reflexivity.".
Message: In environment
n : nat
Unable to unify "n + 0 + 0" with "n + 0"..
Goal: n + 0 = n + 0 + 0.


TRYING TO PROVE LEMMA
Lemma nat_add_zero_identity_4 : forall n : nat, n + 0 = n + 0 + 0.


ATTEMPTED LEMMA PROOF (LEMMAS USED: 5)




Set Warnings "-notation-overridden,-parsing,-deprecated-hint-without-locality".
From Coq Require Import Arith List.
From LF Require Import IndProp.



Fixpoint re_opt_e {T:Type} (re: reg_exp T) : reg_exp T :=
  match re with
  | App EmptyStr re2 => re_opt_e re2
  | App re1 re2 => App (re_opt_e re1) (re_opt_e re2)
  | Union re1 re2 => Union (re_opt_e re1) (re_opt_e re2)
  | Star re => Star (re_opt_e re)
  | _ => re
  end.



Lemma re_opt_e_match : forall T (re: reg_exp T) s,
  s =~ re -> s =~ re_opt_e re.
Proof.
  intros T re s M.
  induction M
    as [| x'
        | s1 re1 s2 re2 Hmatch1 IH1 Hmatch2 IH2
        | s1 re1 re2 Hmatch IH | re1 s2 re2 Hmatch IH
        | re | s1 s2 re Hmatch1 IH1 Hmatch2 IH2].
  -  simpl. apply MEmpty.
  -  simpl. apply MChar.
  -  simpl.
    destruct re1.
    + apply MApp.
      * apply IH1.
      * apply IH2.
    + inversion Hmatch1. simpl. apply IH2.
    + apply MApp.
      * apply IH1.
      * apply IH2.
    + apply MApp.
      * apply IH1.
      * apply IH2.
    + apply MApp.
      * apply IH1.
      * apply IH2.
    + apply MApp.
      * apply IH1.
      * apply IH2.
  -  simpl. apply MUnionL. apply IH.
  -  simpl. apply MUnionR. apply IH.
  -  simpl. apply MStar0.
  -  simpl. apply MStarApp.
    * apply IH1.
    * apply IH2.
Qed.













Theorem silly1 : forall n, 1 + n = S n.
Proof. try reflexivity.  Qed.

Theorem silly2 : forall (P : Prop), P -> P.
Proof.
  intros P HP.
  Fail reflexivity.
  try reflexivity. 
  apply HP.
Qed.










Lemma simple_semi : forall n, (n + 1 =? 0) = false.
Proof.
  intros n.
  destruct n eqn:E.
    
    -  simpl. reflexivity.
    -  simpl. reflexivity.
Qed.



Lemma simple_semi' : forall n, (n + 1 =? 0) = false.
Proof.
  intros n.
  
  destruct n;
  
  simpl;
  
  reflexivity.
Qed.



Lemma simple_semi'' : forall n, (n + 1 =? 0) = false.
Proof.
  destruct n; reflexivity.
Qed.





Theorem andb_eq_orb :
  forall (b c : bool),
  (andb b c = orb b c) ->
  b = c.
Proof. destruct b; destruct c; try reflexivity; try discriminate. Qed.



Lemma nat_add_zero_identity_4 : forall n : nat, n + 0 = n + 0 + 0.

Proof.
(* Base case: n + 0 = n + (0 + 0) *)
  intros n.
reflexivity.
Qed.

Outdated contents in ..cache: recomputing
ERROR MESSAGE IN LEMMA PROOF (FRAGMENT #222)
Error in step "reflexivity.".
Message: In environment
n : nat
Unable to unify "n + 0 + 0" with "n + 0"..
Goal: n + 0 = n + 0 + 0.


TRYING TO PROVE LEMMA
Lemma nat_add_zero_identity_5 : forall n : nat, n + 0 = n + 0 + 0.


Error proving add_assoc
MAX LEMMA DEPTH REACHED. GIVING UP.