PROVING update_neq
ATTEMPTED THEOREM PROOF (LEMMAS USED: 0)









From Coq Require Import Arith.Arith.
From Coq Require Import Bool.Bool.
From Coq Require Import Datatypes.
Require Export Coq.Strings.String.
From Coq Require Import Logic.FunctionalExtensionality.
From Coq Require Import Lists.List.
Import ListNotations.





Locate "+".



Print Init.Nat.add.










Check String.eqb_refl :
  forall x : string, (x =? x)%string = true.


Check String.eqb_eq :
  forall n m : string, (n =? m)%string = true <-> n = m.
Check String.eqb_neq :
  forall n m : string, (n =? m)%string = false <-> n <> m.
Check String.eqb_spec :
  forall x y : string, reflect (x = y) (String.eqb x y).








Definition total_map (A : Type) := string -> A.





Definition t_empty {A : Type} (v : A) : total_map A :=
  (fun _ => v).



Definition t_update {A : Type} (m : total_map A)
                    (x : string) (v : A) :=
  fun x' => if String.eqb x x' then v else m x'.





Definition examplemap :=
  t_update (t_update (t_empty false) "foo" true)
           "bar" true.




Notation "'_' '!->' v" := (t_empty v)
  (at level 100, right associativity).

Example example_empty := (_ !-> false).


Notation "x '!->' v ';' m" := (t_update m x v)
                              (at level 100, v at next level, right associativity).



Definition examplemap' :=
  ( "bar" !-> true;
    "foo" !-> true;
    _     !-> false
  ).



Example update_example1 : examplemap' "baz" = false.
Proof. reflexivity. Qed.

Example update_example2 : examplemap' "foo" = true.
Proof. reflexivity. Qed.

Example update_example3 : examplemap' "quux" = false.
Proof. reflexivity. Qed.

Example update_example4 : examplemap' "bar" = true.
Proof. reflexivity. Qed.









Lemma t_apply_empty : forall (A : Type) (x : string) (v : A),
  (_ !-> v) x = v.
Proof.
  reflexivity. Qed.




Lemma t_update_eq : forall (A : Type) (m : total_map A) x v,
  (x !-> v ; m) x = v.
Proof.
  intros. unfold t_update. rewrite eqb_refl. reflexivity.
Qed.




Theorem t_update_neq : forall (A : Type) (m : total_map A) x1 x2 v,
  x1 <> x2 ->
  (x1 !-> v ; m) x2 = m x2.
Proof.
  intros A m x1 x2 v H.
  unfold t_update. destruct (eqb_spec x1 x2). exfalso. apply H. apply e. reflexivity.
Qed.




Lemma t_update_shadow : forall (A : Type) (m : total_map A) x v1 v2,
  (x !-> v2 ; x !-> v1 ; m) = (x !-> v2 ; m).
Proof.
  intros A m x v1 v2.
  apply functional_extensionality. intros x'.
  unfold t_update.
  destruct (eqb_spec x x') as [_ | _]. reflexivity. reflexivity.
Qed.



Theorem t_update_same : forall (A : Type) (m : total_map A) x,
  (x !-> m x ; m) = m.
Proof.
  intros A m x.
  apply functional_extensionality.
  intros x'.
  unfold t_update.
  destruct (eqb_spec x x') as [H | _]. rewrite H. reflexivity. reflexivity.
Qed.




Theorem t_update_permute : forall (A : Type) (m : total_map A)
                                  v1 v2 x1 x2,
  x2 <> x1 ->
  (x1 !-> v1 ; x2 !-> v2 ; m)
  =
  (x2 !-> v2 ; x1 !-> v1 ; m).
Proof.
  intros A m v1 v2 x1 x2 H.
  apply functional_extensionality.
  intros x'.
  unfold t_update.
  destruct (eqb_spec x1 x') as [H1 | H1].
  - destruct (eqb_spec x2 x') as [H2 | _].
    + exfalso. apply H. rewrite H1. rewrite H2. reflexivity.
    + reflexivity.
  - destruct (eqb_spec x2 x') as [H2 | H2].
    + reflexivity.
    + reflexivity.
Qed.







Definition partial_map (A : Type) := total_map (option A).

Definition empty {A : Type} : partial_map A :=
  t_empty None.

Definition update {A : Type} (m : partial_map A)
           (x : string) (v : A) :=
  (x !-> Some v ; m).


Notation "x '|->' v ';' m" := (update m x v)
  (at level 100, v at next level, right associativity).


Notation "x '|->' v" := (update empty x v)
  (at level 100).

Definition examplepmap :=
  ("Church" |-> true ; "Turing" |-> false).



Lemma apply_empty : forall (A : Type) (x : string),
  @empty A x = None.
Proof.
  intros. unfold empty. rewrite t_apply_empty.
  reflexivity.
Qed.

Lemma update_eq : forall (A : Type) (m : partial_map A) x v,
  (x |-> v ; m) x = Some v.
Proof.
  intros. unfold update. rewrite t_update_eq.
  reflexivity.
Qed.



Theorem update_neq : forall (A : Type) (m : partial_map A) x1 x2 v,
  x2 <> x1 ->
  (x2 |-> v ; m) x1 = m x1.

Proof.
(* We will proceed by induction on m, the partial map.
*)
  intros A m x1 x2 v Hneq.
(* We will need to use the induction principle for partial maps.
*)
  induction m as [| x0 v0 m0 IHm0].
(* Case 1: m is empty.
*)
  - simpl.
(* In this case, the result follows from the definition of apply.
*)
    rewrite H0.
reflexivity.
(* Case 2: m is an update.
*)
  - simpl.
(* We will need to distinguish two subcases.
*)
    destruct (x1 = x0) eqn:Eq1.
destruct (x2 = x0) eqn:Eq2.
(* Subcase 2.1: x1 = x0, x2 = x0.
*)
    - simpl.
(* In this case, the result follows from the definition of apply.
*)
      rewrite H0.
reflexivity.
(* Subcase 2.2: x1 = x0, x2 <> x0.
*)
    - simpl.
(* In this case, the result follows from the definition of apply.
*)
      rewrite H0.
reflexivity.
(* Subcase 2.3: x1 <> x0, x2 = x0.
*)
    - simpl.
(* In this case, the result follows from the definition of apply.
*)
      rewrite H0.
reflexivity.
(* Subcase 2.4: x1 <> x0, x2 <> x0.
*)
    - simpl.
(* In this case, we can apply the induction hypothesis.
*)
      rewrite IHm0.
(* We need to show that m0 x1 = m x1.
*)
      (* This follows from the definition of apply.
*)
      reflexivity.
Qed.

Outdated contents in ..cache: recomputing
ERROR MESSAGE IN THEOREM PROOF (FRAGMENT #264)
Error in step "rewrite H0.".
Message: The variable H0 was not found in the current
environment..
Goal: (x2 |-> v; m) x1 = Some a.


TRYING TO PROVE LEMMA
Lemma map_value_after_updating_different_key_0 : forall A : Type, forall m : partial_map A, forall x1 x2 : string, forall v : A, forall Hneq : x2 <> x1, forall a : A, (x2 |-> v; m) x1 = Some a.


ATTEMPTED LEMMA PROOF (LEMMAS USED: 1)









From Coq Require Import Arith.Arith.
From Coq Require Import Bool.Bool.
From Coq Require Import Datatypes.
Require Export Coq.Strings.String.
From Coq Require Import Logic.FunctionalExtensionality.
From Coq Require Import Lists.List.
Import ListNotations.





Locate "+".



Print Init.Nat.add.










Check String.eqb_refl :
  forall x : string, (x =? x)%string = true.


Check String.eqb_eq :
  forall n m : string, (n =? m)%string = true <-> n = m.
Check String.eqb_neq :
  forall n m : string, (n =? m)%string = false <-> n <> m.
Check String.eqb_spec :
  forall x y : string, reflect (x = y) (String.eqb x y).








Definition total_map (A : Type) := string -> A.





Definition t_empty {A : Type} (v : A) : total_map A :=
  (fun _ => v).



Definition t_update {A : Type} (m : total_map A)
                    (x : string) (v : A) :=
  fun x' => if String.eqb x x' then v else m x'.





Definition examplemap :=
  t_update (t_update (t_empty false) "foo" true)
           "bar" true.




Notation "'_' '!->' v" := (t_empty v)
  (at level 100, right associativity).

Example example_empty := (_ !-> false).


Notation "x '!->' v ';' m" := (t_update m x v)
                              (at level 100, v at next level, right associativity).



Definition examplemap' :=
  ( "bar" !-> true;
    "foo" !-> true;
    _     !-> false
  ).



Example update_example1 : examplemap' "baz" = false.
Proof. reflexivity. Qed.

Example update_example2 : examplemap' "foo" = true.
Proof. reflexivity. Qed.

Example update_example3 : examplemap' "quux" = false.
Proof. reflexivity. Qed.

Example update_example4 : examplemap' "bar" = true.
Proof. reflexivity. Qed.









Lemma t_apply_empty : forall (A : Type) (x : string) (v : A),
  (_ !-> v) x = v.
Proof.
  reflexivity. Qed.




Lemma t_update_eq : forall (A : Type) (m : total_map A) x v,
  (x !-> v ; m) x = v.
Proof.
  intros. unfold t_update. rewrite eqb_refl. reflexivity.
Qed.




Theorem t_update_neq : forall (A : Type) (m : total_map A) x1 x2 v,
  x1 <> x2 ->
  (x1 !-> v ; m) x2 = m x2.
Proof.
  intros A m x1 x2 v H.
  unfold t_update. destruct (eqb_spec x1 x2). exfalso. apply H. apply e. reflexivity.
Qed.




Lemma t_update_shadow : forall (A : Type) (m : total_map A) x v1 v2,
  (x !-> v2 ; x !-> v1 ; m) = (x !-> v2 ; m).
Proof.
  intros A m x v1 v2.
  apply functional_extensionality. intros x'.
  unfold t_update.
  destruct (eqb_spec x x') as [_ | _]. reflexivity. reflexivity.
Qed.



Theorem t_update_same : forall (A : Type) (m : total_map A) x,
  (x !-> m x ; m) = m.
Proof.
  intros A m x.
  apply functional_extensionality.
  intros x'.
  unfold t_update.
  destruct (eqb_spec x x') as [H | _]. rewrite H. reflexivity. reflexivity.
Qed.




Theorem t_update_permute : forall (A : Type) (m : total_map A)
                                  v1 v2 x1 x2,
  x2 <> x1 ->
  (x1 !-> v1 ; x2 !-> v2 ; m)
  =
  (x2 !-> v2 ; x1 !-> v1 ; m).
Proof.
  intros A m v1 v2 x1 x2 H.
  apply functional_extensionality.
  intros x'.
  unfold t_update.
  destruct (eqb_spec x1 x') as [H1 | H1].
  - destruct (eqb_spec x2 x') as [H2 | _].
    + exfalso. apply H. rewrite H1. rewrite H2. reflexivity.
    + reflexivity.
  - destruct (eqb_spec x2 x') as [H2 | H2].
    + reflexivity.
    + reflexivity.
Qed.







Definition partial_map (A : Type) := total_map (option A).

Definition empty {A : Type} : partial_map A :=
  t_empty None.

Definition update {A : Type} (m : partial_map A)
           (x : string) (v : A) :=
  (x !-> Some v ; m).


Notation "x '|->' v ';' m" := (update m x v)
  (at level 100, v at next level, right associativity).


Notation "x '|->' v" := (update empty x v)
  (at level 100).

Definition examplepmap :=
  ("Church" |-> true ; "Turing" |-> false).



Lemma apply_empty : forall (A : Type) (x : string),
  @empty A x = None.
Proof.
  intros. unfold empty. rewrite t_apply_empty.
  reflexivity.
Qed.

Lemma update_eq : forall (A : Type) (m : partial_map A) x v,
  (x |-> v ; m) x = Some v.
Proof.
  intros. unfold update. rewrite t_update_eq.
  reflexivity.
Qed.



Lemma map_value_after_updating_different_key_0 : forall A : Type, forall m : partial_map A, forall x1 x2 : string, forall v : A, forall Hneq : x2 <> x1, forall a : A, (x2 |-> v; m) x1 = Some a.

Proof.
intros A m x1 x2 v Hneq a.
rewrite update_eq in Hneq.
rewrite Hneq.
reflexivity.
Qed.

Outdated contents in ..cache: recomputing
ERROR MESSAGE IN LEMMA PROOF (FRAGMENT #258)
Error in step "rewrite update_eq in Hneq.".
Message: Found no subterm matching 
"(?M1092 |-> ?M1093; ?M1091) ?M1092" in Hneq..
Goal: (x2 |-> v; m) x1 = Some a.


TRYING TO PROVE LEMMA
Lemma map_value_after_updating_different_key_1 : forall A : Type, forall m : partial_map A, forall x1 x2 : string, forall v : A, forall Hneq : x2 <> x1, forall a : A, (x2 |-> v; m) x1 = Some a.


ATTEMPTED LEMMA PROOF (LEMMAS USED: 2)









From Coq Require Import Arith.Arith.
From Coq Require Import Bool.Bool.
From Coq Require Import Datatypes.
Require Export Coq.Strings.String.
From Coq Require Import Logic.FunctionalExtensionality.
From Coq Require Import Lists.List.
Import ListNotations.





Locate "+".



Print Init.Nat.add.










Check String.eqb_refl :
  forall x : string, (x =? x)%string = true.


Check String.eqb_eq :
  forall n m : string, (n =? m)%string = true <-> n = m.
Check String.eqb_neq :
  forall n m : string, (n =? m)%string = false <-> n <> m.
Check String.eqb_spec :
  forall x y : string, reflect (x = y) (String.eqb x y).








Definition total_map (A : Type) := string -> A.





Definition t_empty {A : Type} (v : A) : total_map A :=
  (fun _ => v).



Definition t_update {A : Type} (m : total_map A)
                    (x : string) (v : A) :=
  fun x' => if String.eqb x x' then v else m x'.





Definition examplemap :=
  t_update (t_update (t_empty false) "foo" true)
           "bar" true.




Notation "'_' '!->' v" := (t_empty v)
  (at level 100, right associativity).

Example example_empty := (_ !-> false).


Notation "x '!->' v ';' m" := (t_update m x v)
                              (at level 100, v at next level, right associativity).



Definition examplemap' :=
  ( "bar" !-> true;
    "foo" !-> true;
    _     !-> false
  ).



Example update_example1 : examplemap' "baz" = false.
Proof. reflexivity. Qed.

Example update_example2 : examplemap' "foo" = true.
Proof. reflexivity. Qed.

Example update_example3 : examplemap' "quux" = false.
Proof. reflexivity. Qed.

Example update_example4 : examplemap' "bar" = true.
Proof. reflexivity. Qed.









Lemma t_apply_empty : forall (A : Type) (x : string) (v : A),
  (_ !-> v) x = v.
Proof.
  reflexivity. Qed.




Lemma t_update_eq : forall (A : Type) (m : total_map A) x v,
  (x !-> v ; m) x = v.
Proof.
  intros. unfold t_update. rewrite eqb_refl. reflexivity.
Qed.




Theorem t_update_neq : forall (A : Type) (m : total_map A) x1 x2 v,
  x1 <> x2 ->
  (x1 !-> v ; m) x2 = m x2.
Proof.
  intros A m x1 x2 v H.
  unfold t_update. destruct (eqb_spec x1 x2). exfalso. apply H. apply e. reflexivity.
Qed.




Lemma t_update_shadow : forall (A : Type) (m : total_map A) x v1 v2,
  (x !-> v2 ; x !-> v1 ; m) = (x !-> v2 ; m).
Proof.
  intros A m x v1 v2.
  apply functional_extensionality. intros x'.
  unfold t_update.
  destruct (eqb_spec x x') as [_ | _]. reflexivity. reflexivity.
Qed.



Theorem t_update_same : forall (A : Type) (m : total_map A) x,
  (x !-> m x ; m) = m.
Proof.
  intros A m x.
  apply functional_extensionality.
  intros x'.
  unfold t_update.
  destruct (eqb_spec x x') as [H | _]. rewrite H. reflexivity. reflexivity.
Qed.




Theorem t_update_permute : forall (A : Type) (m : total_map A)
                                  v1 v2 x1 x2,
  x2 <> x1 ->
  (x1 !-> v1 ; x2 !-> v2 ; m)
  =
  (x2 !-> v2 ; x1 !-> v1 ; m).
Proof.
  intros A m v1 v2 x1 x2 H.
  apply functional_extensionality.
  intros x'.
  unfold t_update.
  destruct (eqb_spec x1 x') as [H1 | H1].
  - destruct (eqb_spec x2 x') as [H2 | _].
    + exfalso. apply H. rewrite H1. rewrite H2. reflexivity.
    + reflexivity.
  - destruct (eqb_spec x2 x') as [H2 | H2].
    + reflexivity.
    + reflexivity.
Qed.







Definition partial_map (A : Type) := total_map (option A).

Definition empty {A : Type} : partial_map A :=
  t_empty None.

Definition update {A : Type} (m : partial_map A)
           (x : string) (v : A) :=
  (x !-> Some v ; m).


Notation "x '|->' v ';' m" := (update m x v)
  (at level 100, v at next level, right associativity).


Notation "x '|->' v" := (update empty x v)
  (at level 100).

Definition examplepmap :=
  ("Church" |-> true ; "Turing" |-> false).



Lemma apply_empty : forall (A : Type) (x : string),
  @empty A x = None.
Proof.
  intros. unfold empty. rewrite t_apply_empty.
  reflexivity.
Qed.

Lemma update_eq : forall (A : Type) (m : partial_map A) x v,
  (x |-> v ; m) x = Some v.
Proof.
  intros. unfold update. rewrite t_update_eq.
  reflexivity.
Qed.



Lemma map_value_after_updating_different_key_1 : forall A : Type, forall m : partial_map A, forall x1 x2 : string, forall v : A, forall Hneq : x2 <> x1, forall a : A, (x2 |-> v; m) x1 = Some a.

Proof.
intros A m x1 x2 v Hneq a.
rewrite update_eq in Hneq.
rewrite Hneq.
reflexivity.
Qed.

Outdated contents in ..cache: recomputing
ERROR MESSAGE IN LEMMA PROOF (FRAGMENT #258)
Error in step "rewrite update_eq in Hneq.".
Message: Found no subterm matching 
"(?M1092 |-> ?M1093; ?M1091) ?M1092" in Hneq..
Goal: (x2 |-> v; m) x1 = Some a.


TRYING TO PROVE LEMMA
Lemma map_value_after_updating_different_key_2 : forall A : Type, forall m : partial_map A, forall x1 x2 : string, forall v : A, forall Hneq : x2 <> x1, forall a : A, (x2 |-> v; m) x1 = Some a.


ATTEMPTED LEMMA PROOF (LEMMAS USED: 3)









From Coq Require Import Arith.Arith.
From Coq Require Import Bool.Bool.
From Coq Require Import Datatypes.
Require Export Coq.Strings.String.
From Coq Require Import Logic.FunctionalExtensionality.
From Coq Require Import Lists.List.
Import ListNotations.





Locate "+".



Print Init.Nat.add.










Check String.eqb_refl :
  forall x : string, (x =? x)%string = true.


Check String.eqb_eq :
  forall n m : string, (n =? m)%string = true <-> n = m.
Check String.eqb_neq :
  forall n m : string, (n =? m)%string = false <-> n <> m.
Check String.eqb_spec :
  forall x y : string, reflect (x = y) (String.eqb x y).








Definition total_map (A : Type) := string -> A.





Definition t_empty {A : Type} (v : A) : total_map A :=
  (fun _ => v).



Definition t_update {A : Type} (m : total_map A)
                    (x : string) (v : A) :=
  fun x' => if String.eqb x x' then v else m x'.





Definition examplemap :=
  t_update (t_update (t_empty false) "foo" true)
           "bar" true.




Notation "'_' '!->' v" := (t_empty v)
  (at level 100, right associativity).

Example example_empty := (_ !-> false).


Notation "x '!->' v ';' m" := (t_update m x v)
                              (at level 100, v at next level, right associativity).



Definition examplemap' :=
  ( "bar" !-> true;
    "foo" !-> true;
    _     !-> false
  ).



Example update_example1 : examplemap' "baz" = false.
Proof. reflexivity. Qed.

Example update_example2 : examplemap' "foo" = true.
Proof. reflexivity. Qed.

Example update_example3 : examplemap' "quux" = false.
Proof. reflexivity. Qed.

Example update_example4 : examplemap' "bar" = true.
Proof. reflexivity. Qed.









Lemma t_apply_empty : forall (A : Type) (x : string) (v : A),
  (_ !-> v) x = v.
Proof.
  reflexivity. Qed.




Lemma t_update_eq : forall (A : Type) (m : total_map A) x v,
  (x !-> v ; m) x = v.
Proof.
  intros. unfold t_update. rewrite eqb_refl. reflexivity.
Qed.




Theorem t_update_neq : forall (A : Type) (m : total_map A) x1 x2 v,
  x1 <> x2 ->
  (x1 !-> v ; m) x2 = m x2.
Proof.
  intros A m x1 x2 v H.
  unfold t_update. destruct (eqb_spec x1 x2). exfalso. apply H. apply e. reflexivity.
Qed.




Lemma t_update_shadow : forall (A : Type) (m : total_map A) x v1 v2,
  (x !-> v2 ; x !-> v1 ; m) = (x !-> v2 ; m).
Proof.
  intros A m x v1 v2.
  apply functional_extensionality. intros x'.
  unfold t_update.
  destruct (eqb_spec x x') as [_ | _]. reflexivity. reflexivity.
Qed.



Theorem t_update_same : forall (A : Type) (m : total_map A) x,
  (x !-> m x ; m) = m.
Proof.
  intros A m x.
  apply functional_extensionality.
  intros x'.
  unfold t_update.
  destruct (eqb_spec x x') as [H | _]. rewrite H. reflexivity. reflexivity.
Qed.




Theorem t_update_permute : forall (A : Type) (m : total_map A)
                                  v1 v2 x1 x2,
  x2 <> x1 ->
  (x1 !-> v1 ; x2 !-> v2 ; m)
  =
  (x2 !-> v2 ; x1 !-> v1 ; m).
Proof.
  intros A m v1 v2 x1 x2 H.
  apply functional_extensionality.
  intros x'.
  unfold t_update.
  destruct (eqb_spec x1 x') as [H1 | H1].
  - destruct (eqb_spec x2 x') as [H2 | _].
    + exfalso. apply H. rewrite H1. rewrite H2. reflexivity.
    + reflexivity.
  - destruct (eqb_spec x2 x') as [H2 | H2].
    + reflexivity.
    + reflexivity.
Qed.







Definition partial_map (A : Type) := total_map (option A).

Definition empty {A : Type} : partial_map A :=
  t_empty None.

Definition update {A : Type} (m : partial_map A)
           (x : string) (v : A) :=
  (x !-> Some v ; m).


Notation "x '|->' v ';' m" := (update m x v)
  (at level 100, v at next level, right associativity).


Notation "x '|->' v" := (update empty x v)
  (at level 100).

Definition examplepmap :=
  ("Church" |-> true ; "Turing" |-> false).



Lemma apply_empty : forall (A : Type) (x : string),
  @empty A x = None.
Proof.
  intros. unfold empty. rewrite t_apply_empty.
  reflexivity.
Qed.

Lemma update_eq : forall (A : Type) (m : partial_map A) x v,
  (x |-> v ; m) x = Some v.
Proof.
  intros. unfold update. rewrite t_update_eq.
  reflexivity.
Qed.



Lemma map_value_after_updating_different_key_2 : forall A : Type, forall m : partial_map A, forall x1 x2 : string, forall v : A, forall Hneq : x2 <> x1, forall a : A, (x2 |-> v; m) x1 = Some a.

Proof.
intros A m x1 x2 v Hneq a.
rewrite update_eq in Hneq.
rewrite Hneq.
reflexivity.
Qed.

Outdated contents in ..cache: recomputing
ERROR MESSAGE IN LEMMA PROOF (FRAGMENT #258)
Error in step "rewrite update_eq in Hneq.".
Message: Found no subterm matching 
"(?M1092 |-> ?M1093; ?M1091) ?M1092" in Hneq..
Goal: (x2 |-> v; m) x1 = Some a.


TRYING TO PROVE LEMMA
Lemma map_value_after_updating_different_key_3 : forall A : Type, forall m : partial_map A, forall x1 x2 : string, forall v : A, forall Hneq : x2 <> x1, forall a : A, (x2 |-> v; m) x1 = Some a.


ATTEMPTED LEMMA PROOF (LEMMAS USED: 4)









From Coq Require Import Arith.Arith.
From Coq Require Import Bool.Bool.
From Coq Require Import Datatypes.
Require Export Coq.Strings.String.
From Coq Require Import Logic.FunctionalExtensionality.
From Coq Require Import Lists.List.
Import ListNotations.





Locate "+".



Print Init.Nat.add.










Check String.eqb_refl :
  forall x : string, (x =? x)%string = true.


Check String.eqb_eq :
  forall n m : string, (n =? m)%string = true <-> n = m.
Check String.eqb_neq :
  forall n m : string, (n =? m)%string = false <-> n <> m.
Check String.eqb_spec :
  forall x y : string, reflect (x = y) (String.eqb x y).








Definition total_map (A : Type) := string -> A.





Definition t_empty {A : Type} (v : A) : total_map A :=
  (fun _ => v).



Definition t_update {A : Type} (m : total_map A)
                    (x : string) (v : A) :=
  fun x' => if String.eqb x x' then v else m x'.





Definition examplemap :=
  t_update (t_update (t_empty false) "foo" true)
           "bar" true.




Notation "'_' '!->' v" := (t_empty v)
  (at level 100, right associativity).

Example example_empty := (_ !-> false).


Notation "x '!->' v ';' m" := (t_update m x v)
                              (at level 100, v at next level, right associativity).



Definition examplemap' :=
  ( "bar" !-> true;
    "foo" !-> true;
    _     !-> false
  ).



Example update_example1 : examplemap' "baz" = false.
Proof. reflexivity. Qed.

Example update_example2 : examplemap' "foo" = true.
Proof. reflexivity. Qed.

Example update_example3 : examplemap' "quux" = false.
Proof. reflexivity. Qed.

Example update_example4 : examplemap' "bar" = true.
Proof. reflexivity. Qed.









Lemma t_apply_empty : forall (A : Type) (x : string) (v : A),
  (_ !-> v) x = v.
Proof.
  reflexivity. Qed.




Lemma t_update_eq : forall (A : Type) (m : total_map A) x v,
  (x !-> v ; m) x = v.
Proof.
  intros. unfold t_update. rewrite eqb_refl. reflexivity.
Qed.




Theorem t_update_neq : forall (A : Type) (m : total_map A) x1 x2 v,
  x1 <> x2 ->
  (x1 !-> v ; m) x2 = m x2.
Proof.
  intros A m x1 x2 v H.
  unfold t_update. destruct (eqb_spec x1 x2). exfalso. apply H. apply e. reflexivity.
Qed.




Lemma t_update_shadow : forall (A : Type) (m : total_map A) x v1 v2,
  (x !-> v2 ; x !-> v1 ; m) = (x !-> v2 ; m).
Proof.
  intros A m x v1 v2.
  apply functional_extensionality. intros x'.
  unfold t_update.
  destruct (eqb_spec x x') as [_ | _]. reflexivity. reflexivity.
Qed.



Theorem t_update_same : forall (A : Type) (m : total_map A) x,
  (x !-> m x ; m) = m.
Proof.
  intros A m x.
  apply functional_extensionality.
  intros x'.
  unfold t_update.
  destruct (eqb_spec x x') as [H | _]. rewrite H. reflexivity. reflexivity.
Qed.




Theorem t_update_permute : forall (A : Type) (m : total_map A)
                                  v1 v2 x1 x2,
  x2 <> x1 ->
  (x1 !-> v1 ; x2 !-> v2 ; m)
  =
  (x2 !-> v2 ; x1 !-> v1 ; m).
Proof.
  intros A m v1 v2 x1 x2 H.
  apply functional_extensionality.
  intros x'.
  unfold t_update.
  destruct (eqb_spec x1 x') as [H1 | H1].
  - destruct (eqb_spec x2 x') as [H2 | _].
    + exfalso. apply H. rewrite H1. rewrite H2. reflexivity.
    + reflexivity.
  - destruct (eqb_spec x2 x') as [H2 | H2].
    + reflexivity.
    + reflexivity.
Qed.







Definition partial_map (A : Type) := total_map (option A).

Definition empty {A : Type} : partial_map A :=
  t_empty None.

Definition update {A : Type} (m : partial_map A)
           (x : string) (v : A) :=
  (x !-> Some v ; m).


Notation "x '|->' v ';' m" := (update m x v)
  (at level 100, v at next level, right associativity).


Notation "x '|->' v" := (update empty x v)
  (at level 100).

Definition examplepmap :=
  ("Church" |-> true ; "Turing" |-> false).



Lemma apply_empty : forall (A : Type) (x : string),
  @empty A x = None.
Proof.
  intros. unfold empty. rewrite t_apply_empty.
  reflexivity.
Qed.

Lemma update_eq : forall (A : Type) (m : partial_map A) x v,
  (x |-> v ; m) x = Some v.
Proof.
  intros. unfold update. rewrite t_update_eq.
  reflexivity.
Qed.



Lemma map_value_after_updating_different_key_3 : forall A : Type, forall m : partial_map A, forall x1 x2 : string, forall v : A, forall Hneq : x2 <> x1, forall a : A, (x2 |-> v; m) x1 = Some a.

Proof.
intros A m x1 x2 v Hneq a.
rewrite update_eq in Hneq.
rewrite Hneq.
reflexivity.
Qed.

Outdated contents in ..cache: recomputing
ERROR MESSAGE IN LEMMA PROOF (FRAGMENT #258)
Error in step "rewrite update_eq in Hneq.".
Message: Found no subterm matching 
"(?M1092 |-> ?M1093; ?M1091) ?M1092" in Hneq..
Goal: (x2 |-> v; m) x1 = Some a.


TRYING TO PROVE LEMMA
Lemma map_value_after_updating_different_key_4 : forall A : Type, forall m : partial_map A, forall x1 x2 : string, forall v : A, forall Hneq : x2 <> x1, forall a : A, (x2 |-> v; m) x1 = Some a.


ATTEMPTED LEMMA PROOF (LEMMAS USED: 5)









From Coq Require Import Arith.Arith.
From Coq Require Import Bool.Bool.
From Coq Require Import Datatypes.
Require Export Coq.Strings.String.
From Coq Require Import Logic.FunctionalExtensionality.
From Coq Require Import Lists.List.
Import ListNotations.





Locate "+".



Print Init.Nat.add.










Check String.eqb_refl :
  forall x : string, (x =? x)%string = true.


Check String.eqb_eq :
  forall n m : string, (n =? m)%string = true <-> n = m.
Check String.eqb_neq :
  forall n m : string, (n =? m)%string = false <-> n <> m.
Check String.eqb_spec :
  forall x y : string, reflect (x = y) (String.eqb x y).








Definition total_map (A : Type) := string -> A.





Definition t_empty {A : Type} (v : A) : total_map A :=
  (fun _ => v).



Definition t_update {A : Type} (m : total_map A)
                    (x : string) (v : A) :=
  fun x' => if String.eqb x x' then v else m x'.





Definition examplemap :=
  t_update (t_update (t_empty false) "foo" true)
           "bar" true.




Notation "'_' '!->' v" := (t_empty v)
  (at level 100, right associativity).

Example example_empty := (_ !-> false).


Notation "x '!->' v ';' m" := (t_update m x v)
                              (at level 100, v at next level, right associativity).



Definition examplemap' :=
  ( "bar" !-> true;
    "foo" !-> true;
    _     !-> false
  ).



Example update_example1 : examplemap' "baz" = false.
Proof. reflexivity. Qed.

Example update_example2 : examplemap' "foo" = true.
Proof. reflexivity. Qed.

Example update_example3 : examplemap' "quux" = false.
Proof. reflexivity. Qed.

Example update_example4 : examplemap' "bar" = true.
Proof. reflexivity. Qed.









Lemma t_apply_empty : forall (A : Type) (x : string) (v : A),
  (_ !-> v) x = v.
Proof.
  reflexivity. Qed.




Lemma t_update_eq : forall (A : Type) (m : total_map A) x v,
  (x !-> v ; m) x = v.
Proof.
  intros. unfold t_update. rewrite eqb_refl. reflexivity.
Qed.




Theorem t_update_neq : forall (A : Type) (m : total_map A) x1 x2 v,
  x1 <> x2 ->
  (x1 !-> v ; m) x2 = m x2.
Proof.
  intros A m x1 x2 v H.
  unfold t_update. destruct (eqb_spec x1 x2). exfalso. apply H. apply e. reflexivity.
Qed.




Lemma t_update_shadow : forall (A : Type) (m : total_map A) x v1 v2,
  (x !-> v2 ; x !-> v1 ; m) = (x !-> v2 ; m).
Proof.
  intros A m x v1 v2.
  apply functional_extensionality. intros x'.
  unfold t_update.
  destruct (eqb_spec x x') as [_ | _]. reflexivity. reflexivity.
Qed.



Theorem t_update_same : forall (A : Type) (m : total_map A) x,
  (x !-> m x ; m) = m.
Proof.
  intros A m x.
  apply functional_extensionality.
  intros x'.
  unfold t_update.
  destruct (eqb_spec x x') as [H | _]. rewrite H. reflexivity. reflexivity.
Qed.




Theorem t_update_permute : forall (A : Type) (m : total_map A)
                                  v1 v2 x1 x2,
  x2 <> x1 ->
  (x1 !-> v1 ; x2 !-> v2 ; m)
  =
  (x2 !-> v2 ; x1 !-> v1 ; m).
Proof.
  intros A m v1 v2 x1 x2 H.
  apply functional_extensionality.
  intros x'.
  unfold t_update.
  destruct (eqb_spec x1 x') as [H1 | H1].
  - destruct (eqb_spec x2 x') as [H2 | _].
    + exfalso. apply H. rewrite H1. rewrite H2. reflexivity.
    + reflexivity.
  - destruct (eqb_spec x2 x') as [H2 | H2].
    + reflexivity.
    + reflexivity.
Qed.







Definition partial_map (A : Type) := total_map (option A).

Definition empty {A : Type} : partial_map A :=
  t_empty None.

Definition update {A : Type} (m : partial_map A)
           (x : string) (v : A) :=
  (x !-> Some v ; m).


Notation "x '|->' v ';' m" := (update m x v)
  (at level 100, v at next level, right associativity).


Notation "x '|->' v" := (update empty x v)
  (at level 100).

Definition examplepmap :=
  ("Church" |-> true ; "Turing" |-> false).



Lemma apply_empty : forall (A : Type) (x : string),
  @empty A x = None.
Proof.
  intros. unfold empty. rewrite t_apply_empty.
  reflexivity.
Qed.

Lemma update_eq : forall (A : Type) (m : partial_map A) x v,
  (x |-> v ; m) x = Some v.
Proof.
  intros. unfold update. rewrite t_update_eq.
  reflexivity.
Qed.



Lemma map_value_after_updating_different_key_4 : forall A : Type, forall m : partial_map A, forall x1 x2 : string, forall v : A, forall Hneq : x2 <> x1, forall a : A, (x2 |-> v; m) x1 = Some a.

Proof.
intros A m x1 x2 v Hneq a.
rewrite update_eq in Hneq.
rewrite Hneq.
reflexivity.
Qed.

Outdated contents in ..cache: recomputing
ERROR MESSAGE IN LEMMA PROOF (FRAGMENT #258)
Error in step "rewrite update_eq in Hneq.".
Message: Found no subterm matching 
"(?M1092 |-> ?M1093; ?M1091) ?M1092" in Hneq..
Goal: (x2 |-> v; m) x1 = Some a.


TRYING TO PROVE LEMMA
Lemma map_value_after_updating_different_key_5 : forall A : Type, forall m : partial_map A, forall x1 x2 : string, forall v : A, forall Hneq : x2 <> x1, forall a : A, (x2 |-> v; m) x1 = Some a.


Error proving update_neq
MAX LEMMA DEPTH REACHED. GIVING UP.