PROVING auto_example_6
ATTEMPTED EXAMPLE PROOF (LEMMAS USED: 0)




Set Warnings "-notation-overridden,-parsing,-deprecated-hint-without-locality".
From Coq Require Import Arith List.
From LF Require Import IndProp.



Fixpoint re_opt_e {T:Type} (re: reg_exp T) : reg_exp T :=
  match re with
  | App EmptyStr re2 => re_opt_e re2
  | App re1 re2 => App (re_opt_e re1) (re_opt_e re2)
  | Union re1 re2 => Union (re_opt_e re1) (re_opt_e re2)
  | Star re => Star (re_opt_e re)
  | _ => re
  end.



Lemma re_opt_e_match : forall T (re: reg_exp T) s,
  s =~ re -> s =~ re_opt_e re.
Proof.
  intros T re s M.
  induction M
    as [| x'
        | s1 re1 s2 re2 Hmatch1 IH1 Hmatch2 IH2
        | s1 re1 re2 Hmatch IH | re1 s2 re2 Hmatch IH
        | re | s1 s2 re Hmatch1 IH1 Hmatch2 IH2].
  -  simpl. apply MEmpty.
  -  simpl. apply MChar.
  -  simpl.
    destruct re1.
    + apply MApp.
      * apply IH1.
      * apply IH2.
    + inversion Hmatch1. simpl. apply IH2.
    + apply MApp.
      * apply IH1.
      * apply IH2.
    + apply MApp.
      * apply IH1.
      * apply IH2.
    + apply MApp.
      * apply IH1.
      * apply IH2.
    + apply MApp.
      * apply IH1.
      * apply IH2.
  -  simpl. apply MUnionL. apply IH.
  -  simpl. apply MUnionR. apply IH.
  -  simpl. apply MStar0.
  -  simpl. apply MStarApp.
    * apply IH1.
    * apply IH2.
Qed.













Theorem silly1 : forall n, 1 + n = S n.
Proof. try reflexivity.  Qed.

Theorem silly2 : forall (P : Prop), P -> P.
Proof.
  intros P HP.
  Fail reflexivity.
  try reflexivity. 
  apply HP.
Qed.










Lemma simple_semi : forall n, (n + 1 =? 0) = false.
Proof.
  intros n.
  destruct n eqn:E.
    
    -  simpl. reflexivity.
    -  simpl. reflexivity.
Qed.



Lemma simple_semi' : forall n, (n + 1 =? 0) = false.
Proof.
  intros n.
  
  destruct n;
  
  simpl;
  
  reflexivity.
Qed.



Lemma simple_semi'' : forall n, (n + 1 =? 0) = false.
Proof.
  destruct n; reflexivity.
Qed.





Theorem andb_eq_orb :
  forall (b c : bool),
  (andb b c = orb b c) ->
  b = c.
Proof. destruct b; destruct c; try reflexivity; try discriminate. Qed.

Theorem add_assoc : forall n m p : nat,
    n + (m + p) = (n + m) + p.
Proof. intros n m p; induction n as [| n' IHn']; try (simpl; rewrite IHn'); reflexivity. Qed.

Fixpoint nonzeros (lst : list nat) :=
  match lst with
  | [] => []
  | 0 :: t => nonzeros t
  | h :: t => h :: nonzeros t
  end.

Lemma nonzeros_app : forall lst1 lst2 : list nat,
  nonzeros (lst1 ++ lst2) = (nonzeros lst1) ++ (nonzeros lst2).
Proof. intros lst1 lst2; induction lst1 as [|h t IH]; try (destruct h; simpl; rewrite <- IH); reflexivity. Qed.





Lemma re_opt_e_match' : forall T (re: reg_exp T) s,
  s =~ re -> s =~ re_opt_e re.
Proof.
  intros T re s M.
  induction M
    as [| x'
        | s1 re1 s2 re2 Hmatch1 IH1 Hmatch2 IH2
        | s1 re1 re2 Hmatch IH | re1 s2 re2 Hmatch IH
        | re | s1 s2 re Hmatch1 IH1 Hmatch2 IH2];
    
    simpl.
  -  apply MEmpty.
  -  apply MChar.
  - 
    destruct re1;
    
    try (apply MApp; try apply IH1; apply IH2).
    
    inversion Hmatch1. simpl. apply IH2.
  -  apply MUnionL. apply IH.
  -  apply MUnionR. apply IH.
  -  apply MStar0.
  -   apply MStarApp. apply IH1.  apply IH2.
Qed.






Theorem app_length : forall (X : Type) (lst1 lst2 : list X),
    length (lst1 ++ lst2) = (length lst1) + (length lst2).
Proof.
  intros; induction lst1;
    [reflexivity | simpl; rewrite IHlst1; reflexivity].
Qed.



Theorem app_length' : forall (X : Type) (lst1 lst2 : list X),
    length (lst1 ++ lst2) = (length lst1) + (length lst2).
Proof.
  intros; induction lst1;
    [idtac | simpl; rewrite IHlst1];
    reflexivity.
Qed.





Theorem add_assoc' : forall n m p : nat,
    n + (m + p) = (n + m) + p.
Proof. intros n m p; induction n as [| n' IHn']; [| simpl; rewrite IHn']; reflexivity. Qed.





Lemma re_opt_e_match'' : forall T (re: reg_exp T) s,
  s =~ re -> s =~ re_opt_e re.
Proof.
  intros T re s M.
  induction M
    as [| x'
        | s1 re1 s2 re2 Hmatch1 IH1 Hmatch2 IH2
        | s1 re1 re2 Hmatch IH | re1 s2 re2 Hmatch IH
        | re | s1 s2 re Hmatch1 IH1 Hmatch2 IH2];
    
    simpl.
  -  apply MEmpty.
  -  apply MChar.
  - 
    destruct re1;
    try (apply MApp; [apply IH1 | apply IH2]).  
    inversion Hmatch1. simpl. apply IH2.
  -  apply MUnionL. apply IH.
  -  apply MUnionR. apply IH.
  -  apply MStar0.
  -   apply MStarApp; [apply IH1 | apply IH2].  
Qed.






Theorem In10 : In 10 [1;2;3;4;5;6;7;8;9;10].
Proof.
  repeat (try (left; reflexivity); right).
Qed.



Theorem In10' : In 10 [1;2;3;4;5;6;7;8;9;10].
Proof.
  repeat (left; reflexivity).
  repeat (right; try (left; reflexivity)).
Qed.





Theorem ev100: ev 100.
Proof. repeat (apply ev_SS). apply ev_0. Qed.









Fixpoint re_opt {T:Type} (re: reg_exp T) : reg_exp T :=
  match re with
  | App _ EmptySet => EmptySet
  | App EmptyStr re2 => re_opt re2
  | App re1 EmptyStr => re_opt re1
  | App re1 re2 => App (re_opt re1) (re_opt re2)
  | Union EmptySet re2 => re_opt re2
  | Union re1 EmptySet => re_opt re1
  | Union re1 re2 => Union (re_opt re1) (re_opt re2)
  | Star EmptySet => EmptyStr
  | Star EmptyStr => EmptyStr
  | Star re => Star (re_opt re)
  | EmptySet => EmptySet
  | EmptyStr => EmptyStr
  | Char x => Char x
  end.



Lemma re_opt_match : forall T (re: reg_exp T) s,
  s =~ re -> s =~ re_opt re.
Proof.
  intros T re s M.
  induction M
    as [| x'
        | s1 re1 s2 re2 Hmatch1 IH1 Hmatch2 IH2
        | s1 re1 re2 Hmatch IH | re1 s2 re2 Hmatch IH
        | re | s1 s2 re Hmatch1 IH1 Hmatch2 IH2].
  -  simpl. apply MEmpty.
  -  simpl. apply MChar.
  -  simpl.
    destruct re1.
    + inversion IH1.
    + inversion IH1. simpl. destruct re2.
      * apply IH2.
      * apply IH2.
      * apply IH2.
      * apply IH2.
      * apply IH2.
      * apply IH2.
    + destruct re2.
      * inversion IH2.
      * inversion IH2. rewrite app_nil_r. apply IH1.
      * apply MApp.
        -- apply IH1.
        -- apply IH2.
      * apply MApp.
        -- apply IH1.
        -- apply IH2.
      * apply MApp.
        -- apply IH1.
        -- apply IH2.
      * apply MApp.
        -- apply IH1.
        -- apply IH2.
    + destruct re2.
      * inversion IH2.
      * inversion IH2. rewrite app_nil_r.  apply IH1.
      * apply MApp.
        -- apply IH1.
        -- apply IH2.
      * apply MApp.
        -- apply IH1.
        -- apply IH2.
      * apply MApp.
        -- apply IH1.
        -- apply IH2.
      * apply MApp.
        -- apply IH1.
        -- apply IH2.
    + destruct re2.
      * inversion IH2.
      * inversion IH2. rewrite app_nil_r. apply IH1.
      * apply MApp.
        -- apply IH1.
        -- apply IH2.
      * apply MApp.
        -- apply IH1.
        -- apply IH2.
      * apply MApp.
        -- apply IH1.
        -- apply IH2.
      * apply MApp.
        -- apply IH1.
        -- apply IH2.
    + destruct re2.
      * inversion IH2.
      * inversion IH2. rewrite app_nil_r. apply IH1.
      * apply MApp.
        -- apply IH1.
        -- apply IH2.
      * apply MApp.
        -- apply IH1.
        -- apply IH2.
      * apply MApp.
        -- apply IH1.
        -- apply IH2.
      * apply MApp.
        -- apply IH1.
        -- apply IH2.
  -  simpl.
    destruct re1.
    + inversion IH.
    + destruct re2.
      * apply IH.
      * apply MUnionL. apply IH.
      * apply MUnionL. apply IH.
      * apply MUnionL. apply IH.
      * apply MUnionL. apply IH.
      * apply MUnionL. apply IH.
    + destruct re2.
      * apply IH.
      * apply MUnionL. apply IH.
      * apply MUnionL. apply IH.
      * apply MUnionL. apply IH.
      * apply MUnionL. apply IH.
      * apply MUnionL. apply IH.
    + destruct re2.
      * apply IH.
      * apply MUnionL. apply IH.
      * apply MUnionL. apply IH.
      * apply MUnionL. apply IH.
      * apply MUnionL. apply IH.
      * apply MUnionL. apply IH.
    + destruct re2.
      * apply IH.
      * apply MUnionL. apply IH.
      * apply MUnionL. apply IH.
      * apply MUnionL. apply IH.
      * apply MUnionL. apply IH.
      * apply MUnionL. apply IH.
    + destruct re2.
      * apply IH.
      * apply MUnionL. apply IH.
      * apply MUnionL. apply IH.
      * apply MUnionL. apply IH.
      * apply MUnionL. apply IH.
      * apply MUnionL. apply IH.
  -  simpl.
    destruct re1.
    + apply IH.
    + destruct re2.
      * inversion IH.
      * apply MUnionR. apply IH.
      * apply MUnionR. apply IH.
      * apply MUnionR. apply IH.
      * apply MUnionR. apply IH.
      * apply MUnionR. apply IH.
    + destruct re2.
      * inversion IH.
      * apply MUnionR. apply IH.
      * apply MUnionR. apply IH.
      * apply MUnionR. apply IH.
      * apply MUnionR. apply IH.
      * apply MUnionR. apply IH.
    + destruct re2.
      * inversion IH.
      * apply MUnionR. apply IH.
      * apply MUnionR. apply IH.
      * apply MUnionR. apply IH.
      * apply MUnionR. apply IH.
      * apply MUnionR. apply IH.
    + destruct re2.
      * inversion IH.
      * apply MUnionR. apply IH.
      * apply MUnionR. apply IH.
      * apply MUnionR. apply IH.
      * apply MUnionR. apply IH.
      * apply MUnionR. apply IH.
    + destruct re2.
      * inversion IH.
      * apply MUnionR. apply IH.
      * apply MUnionR. apply IH.
      * apply MUnionR. apply IH.
      * apply MUnionR. apply IH.
      * apply MUnionR. apply IH.
 -  simpl.
    destruct re.
    + apply MEmpty.
    + apply MEmpty.
    + apply MStar0.
    + apply MStar0.
    + apply MStar0.
    + simpl.
      destruct re.
      * apply MStar0.
      * apply MStar0.
      * apply MStar0.
      * apply MStar0.
      * apply MStar0.
      * apply MStar0.
 -  simpl.
   destruct re.
   + inversion IH1.
   + inversion IH1. inversion IH2. apply MEmpty.
   + apply star_app.
     * apply MStar1. apply IH1.
     * apply IH2.
   + apply star_app.
     * apply MStar1.  apply IH1.
     * apply IH2.
   + apply star_app.
     * apply MStar1.  apply IH1.
     * apply IH2.
   + apply star_app.
     * apply MStar1.  apply IH1.
     * apply IH2.
Qed.



Lemma re_opt_match' : forall T (re: reg_exp T) s,
  s =~ re -> s =~ re_opt re.
Proof.
  intros T re s M.
  induction M
    as [| x'
        | s1 re1 s2 re2 Hmatch1 IH1 Hmatch2 IH2
        | s1 re1 re2 Hmatch IH | re1 s2 re2 Hmatch IH
        | re | s1 s2 re Hmatch1 IH1 Hmatch2 IH2].
  -  simpl; apply MEmpty.
  -  simpl; apply MChar.
  - 
    simpl;
      destruct re1;
      [inversion IH1 | inversion IH1; simpl; destruct re2; apply IH2 | | | |];
      (destruct re2;
       [inversion IH2 | inversion IH2; rewrite app_nil_r; apply IH1 | | | | ];
       (apply MApp; [apply IH1 | apply IH2])).
  - 
    simpl;
      destruct re1;
      [inversion IH | | | | |];
      destruct re2; try apply MUnionL; apply IH.
  - 
    simpl;
      destruct re1;
      [apply IH | | | | |];
      (destruct re2; [inversion IH | | | | |]; apply MUnionR; apply IH).
 - 
   simpl;
     destruct re; try apply MEmpty; try apply MStar0.
 - 
   simpl;
    destruct re;
    [inversion IH1 | inversion IH1; inversion IH2; apply MEmpty | | | |];
    (apply star_app; [apply MStar1; apply IH1 | apply IH2]).
Qed.

Definition manual_grade_for_re_opt : option (nat*string) := None.







Theorem hyp_name : forall (P : Prop), P -> P.
Proof.
  intros P HP. apply HP.
Qed.








Theorem no_hyp_name : forall (P : Prop), P -> P.
Proof.
  intros. assumption.
Qed.








Theorem false_assumed : False -> 0 = 1.
Proof.
  intros H. destruct H.
Qed.

Theorem false_assumed' : False -> 0 = 1.
Proof.
  intros. contradiction.
Qed.

Theorem contras : forall (P : Prop), P -> ~P -> 0 = 1.
Proof.
  intros P HP HNP. exfalso. apply HNP. apply HP.
Qed.

Theorem contras' : forall (P : Prop), P -> ~P -> 0 = 1.
Proof.
  intros. contradiction.
Qed.






Theorem many_eq : forall (n m o p : nat),
  n = m ->
  o = p ->
  [n; o] = [m; p].
Proof.
  intros n m o p Hnm Hop. rewrite Hnm. rewrite Hop. reflexivity.
Qed.

Theorem many_eq' : forall (n m o p : nat),
  n = m ->
  o = p ->
  [n; o] = [m; p].
Proof.
  intros. subst. reflexivity.
Qed.








Check ev_0 : ev 0.
Check ev_SS : forall n : nat, ev n -> ev (S (S n)).

Example constructor_example: forall (n:nat),
    ev (n + n).
Proof.
  induction n; simpl.
  - constructor. 
  - rewrite add_comm. simpl. constructor. 
    assumption.
Qed.













From Coq Require Import Lia.

Theorem lia_succeed1 : forall (n : nat),
  n > 0 -> n * 2 > n.
Proof. lia. Qed.

Theorem lia_succeed2 : forall (n m : nat),
    n * m = m * n.
Proof.
  lia. 
Qed.

Theorem lia_fail1 : 0 = 1.
Proof.
  Fail lia. 
Abort.

Theorem lia_fail2 : forall (n : nat),
    n >= 1 -> 2 ^ n = 2 * 2 ^ (n - 1).
Proof.
  Fail lia. 
Abort.



Require Import Ring.

Theorem mult_comm : forall (n m : nat),
    n * m = m * n.
Proof.
  intros n m. ring.
Qed.






Theorem eq_example1 :
  forall (A B C : Type) (f : A -> B) (g : B -> C) (x : A) (y : B),
    y = f x -> g y = g (f x).
Proof.
  intros. rewrite H. reflexivity.
Qed.







Theorem eq_example1' :
  forall (A B C : Type) (f : A -> B) (g : B -> C) (x : A) (y : B),
    y = f x -> g y = g (f x).
Proof.
  congruence.
Qed.



Theorem eq_example2 : forall (n m o p : nat),
    n = m ->
    o = p ->
    (n, o) = (m, p).
Proof.
  congruence.
Qed.

Theorem eq_example3 : forall (X : Type) (h : X) (t : list X),
    [] <> h :: t.
Proof.
  congruence.
Qed.






Theorem intuition_succeed1 : forall (P : Prop),
    P -> P.
Proof. intuition. Qed.

Theorem intuition_succeed2 : forall (P Q : Prop),
    ~ (P \/ Q) -> ~P /\ ~Q.
Proof. intuition. Qed.

Theorem intuition_simplify1 : forall (P : Prop),
    ~~P -> P.
Proof.
  intuition. 
Abort.

Theorem intuition_simplify2 : forall (x y : nat) (P Q : nat -> Prop),
  x = y /\ (P x -> Q x) /\ P x -> Q y.
Proof.
  Fail congruence. 
  intuition. 
  congruence.
Qed.



Theorem intuition_simplify2' : forall (x y : nat) (P Q : nat -> Prop),
  x = y /\ (P x -> Q x) /\ P x -> Q y.
Proof.
  intuition congruence.
Qed.






Theorem plus_id_exercise_from_basics : forall n m o : nat,
  n = m -> m = o -> n + m = m + o.
Proof. lia. Qed.

Theorem add_assoc_from_induction : forall n m p : nat,
    n + (m + p) = (n + m) + p.
Proof. lia. Qed.

Theorem S_injective_from_tactics : forall (n m : nat),
  S n = S m ->
  n = m.
Proof. congruence. Qed.

Theorem or_distributes_over_and_from_logic : forall P Q R : Prop,
    P \/ (Q /\ R) <-> (P \/ Q) /\ (P \/ R).
Proof. intuition. Qed.













Example auto_example_1 : forall (P Q R: Prop),
  (P -> Q) -> (Q -> R) -> P -> R.
Proof.
  intros P Q R H1 H2 H3.
  apply H2. apply H1. apply H3.
Qed.



Example auto_example_1' : forall (P Q R: Prop),
  (P -> Q) -> (Q -> R) -> P -> R.
Proof.
  auto.
Qed.







Example auto_example_2 : forall P Q R S T U : Prop,
  (P -> Q) ->
  (P -> R) ->
  (T -> R) ->
  (S -> T -> U) ->
  ((P -> Q) -> (P -> S)) ->
  T ->
  P ->
  U.
Proof. auto. Qed.



Example auto_example_3 : forall (P Q R S T U: Prop),
  (P -> Q) ->
  (Q -> R) ->
  (R -> S) ->
  (S -> T) ->
  (T -> U) ->
  P ->
  U.
Proof.
  
  auto.
  
  auto 6.
Qed.



Example auto_example_4 : forall P Q R : Prop,
  Q ->
  (Q -> R) ->
  P \/ (Q /\ R).
Proof. auto. Qed.



Example auto_example_5 : 2 = 2.
Proof.
  
  auto.
Qed.



Lemma le_antisym : forall n m: nat, (n <= m /\ m <= n) -> n = m.
Proof. intros. lia. Qed.



Example auto_example_6 : forall n m p : nat,
  (n <= p -> (n <= m /\ m <= n)) ->
  n <= p ->
  n = m.

Proof.
(*
     We will prove auto_example_6 by induction on p.
The base case will be when p = 0, in which case we will show that n <= 0 -> n = 0.
The inductive case will be when p = S p', in which case we will show that n <= S p' -> n = S p'.
*)
  intros n m p H.
induction p as [| p' IHp'].
- (* Base case: p = 0 *)
    intros H0.
inversion H0.
(* Now we have n <= 0 and n = 0 *)
    reflexivity.
- (* Inductive case: p = S p' *)
    intros HS.
(* We will use the induction hypothesis IHp' *)
    apply IHp' in HS.
(* Now we have n <= S p' and n = S p' *)
    reflexivity.
Qed.

Outdated contents in ..cache: recomputing
ERROR MESSAGE IN EXAMPLE PROOF (FRAGMENT #1632)
Error in step "reflexivity.".
Message: In environment
n, m : nat
H : n <= 0 -> n <= m <= n
H0 : n <= 0
H1 : n = 0
Unable to unify "m" with 
"0"..
Goal: 0 = m.


TRYING TO PROVE LEMMA
Lemma nat_inequality_lemma_0 : forall n m : nat, forall H : n <= 0 -> n <= m <= n, forall H0 : n <= 0, forall H1 : n = 0, 0 = m.


ATTEMPTED LEMMA PROOF (LEMMAS USED: 1)




Set Warnings "-notation-overridden,-parsing,-deprecated-hint-without-locality".
From Coq Require Import Arith List.
From LF Require Import IndProp.



Fixpoint re_opt_e {T:Type} (re: reg_exp T) : reg_exp T :=
  match re with
  | App EmptyStr re2 => re_opt_e re2
  | App re1 re2 => App (re_opt_e re1) (re_opt_e re2)
  | Union re1 re2 => Union (re_opt_e re1) (re_opt_e re2)
  | Star re => Star (re_opt_e re)
  | _ => re
  end.



Lemma re_opt_e_match : forall T (re: reg_exp T) s,
  s =~ re -> s =~ re_opt_e re.
Proof.
  intros T re s M.
  induction M
    as [| x'
        | s1 re1 s2 re2 Hmatch1 IH1 Hmatch2 IH2
        | s1 re1 re2 Hmatch IH | re1 s2 re2 Hmatch IH
        | re | s1 s2 re Hmatch1 IH1 Hmatch2 IH2].
  -  simpl. apply MEmpty.
  -  simpl. apply MChar.
  -  simpl.
    destruct re1.
    + apply MApp.
      * apply IH1.
      * apply IH2.
    + inversion Hmatch1. simpl. apply IH2.
    + apply MApp.
      * apply IH1.
      * apply IH2.
    + apply MApp.
      * apply IH1.
      * apply IH2.
    + apply MApp.
      * apply IH1.
      * apply IH2.
    + apply MApp.
      * apply IH1.
      * apply IH2.
  -  simpl. apply MUnionL. apply IH.
  -  simpl. apply MUnionR. apply IH.
  -  simpl. apply MStar0.
  -  simpl. apply MStarApp.
    * apply IH1.
    * apply IH2.
Qed.













Theorem silly1 : forall n, 1 + n = S n.
Proof. try reflexivity.  Qed.

Theorem silly2 : forall (P : Prop), P -> P.
Proof.
  intros P HP.
  Fail reflexivity.
  try reflexivity. 
  apply HP.
Qed.










Lemma simple_semi : forall n, (n + 1 =? 0) = false.
Proof.
  intros n.
  destruct n eqn:E.
    
    -  simpl. reflexivity.
    -  simpl. reflexivity.
Qed.



Lemma simple_semi' : forall n, (n + 1 =? 0) = false.
Proof.
  intros n.
  
  destruct n;
  
  simpl;
  
  reflexivity.
Qed.



Lemma simple_semi'' : forall n, (n + 1 =? 0) = false.
Proof.
  destruct n; reflexivity.
Qed.





Theorem andb_eq_orb :
  forall (b c : bool),
  (andb b c = orb b c) ->
  b = c.
Proof. destruct b; destruct c; try reflexivity; try discriminate. Qed.

Theorem add_assoc : forall n m p : nat,
    n + (m + p) = (n + m) + p.
Proof. intros n m p; induction n as [| n' IHn']; try (simpl; rewrite IHn'); reflexivity. Qed.

Fixpoint nonzeros (lst : list nat) :=
  match lst with
  | [] => []
  | 0 :: t => nonzeros t
  | h :: t => h :: nonzeros t
  end.

Lemma nonzeros_app : forall lst1 lst2 : list nat,
  nonzeros (lst1 ++ lst2) = (nonzeros lst1) ++ (nonzeros lst2).
Proof. intros lst1 lst2; induction lst1 as [|h t IH]; try (destruct h; simpl; rewrite <- IH); reflexivity. Qed.





Lemma re_opt_e_match' : forall T (re: reg_exp T) s,
  s =~ re -> s =~ re_opt_e re.
Proof.
  intros T re s M.
  induction M
    as [| x'
        | s1 re1 s2 re2 Hmatch1 IH1 Hmatch2 IH2
        | s1 re1 re2 Hmatch IH | re1 s2 re2 Hmatch IH
        | re | s1 s2 re Hmatch1 IH1 Hmatch2 IH2];
    
    simpl.
  -  apply MEmpty.
  -  apply MChar.
  - 
    destruct re1;
    
    try (apply MApp; try apply IH1; apply IH2).
    
    inversion Hmatch1. simpl. apply IH2.
  -  apply MUnionL. apply IH.
  -  apply MUnionR. apply IH.
  -  apply MStar0.
  -   apply MStarApp. apply IH1.  apply IH2.
Qed.






Theorem app_length : forall (X : Type) (lst1 lst2 : list X),
    length (lst1 ++ lst2) = (length lst1) + (length lst2).
Proof.
  intros; induction lst1;
    [reflexivity | simpl; rewrite IHlst1; reflexivity].
Qed.



Theorem app_length' : forall (X : Type) (lst1 lst2 : list X),
    length (lst1 ++ lst2) = (length lst1) + (length lst2).
Proof.
  intros; induction lst1;
    [idtac | simpl; rewrite IHlst1];
    reflexivity.
Qed.





Theorem add_assoc' : forall n m p : nat,
    n + (m + p) = (n + m) + p.
Proof. intros n m p; induction n as [| n' IHn']; [| simpl; rewrite IHn']; reflexivity. Qed.





Lemma re_opt_e_match'' : forall T (re: reg_exp T) s,
  s =~ re -> s =~ re_opt_e re.
Proof.
  intros T re s M.
  induction M
    as [| x'
        | s1 re1 s2 re2 Hmatch1 IH1 Hmatch2 IH2
        | s1 re1 re2 Hmatch IH | re1 s2 re2 Hmatch IH
        | re | s1 s2 re Hmatch1 IH1 Hmatch2 IH2];
    
    simpl.
  -  apply MEmpty.
  -  apply MChar.
  - 
    destruct re1;
    try (apply MApp; [apply IH1 | apply IH2]).  
    inversion Hmatch1. simpl. apply IH2.
  -  apply MUnionL. apply IH.
  -  apply MUnionR. apply IH.
  -  apply MStar0.
  -   apply MStarApp; [apply IH1 | apply IH2].  
Qed.






Theorem In10 : In 10 [1;2;3;4;5;6;7;8;9;10].
Proof.
  repeat (try (left; reflexivity); right).
Qed.



Theorem In10' : In 10 [1;2;3;4;5;6;7;8;9;10].
Proof.
  repeat (left; reflexivity).
  repeat (right; try (left; reflexivity)).
Qed.





Theorem ev100: ev 100.
Proof. repeat (apply ev_SS). apply ev_0. Qed.









Fixpoint re_opt {T:Type} (re: reg_exp T) : reg_exp T :=
  match re with
  | App _ EmptySet => EmptySet
  | App EmptyStr re2 => re_opt re2
  | App re1 EmptyStr => re_opt re1
  | App re1 re2 => App (re_opt re1) (re_opt re2)
  | Union EmptySet re2 => re_opt re2
  | Union re1 EmptySet => re_opt re1
  | Union re1 re2 => Union (re_opt re1) (re_opt re2)
  | Star EmptySet => EmptyStr
  | Star EmptyStr => EmptyStr
  | Star re => Star (re_opt re)
  | EmptySet => EmptySet
  | EmptyStr => EmptyStr
  | Char x => Char x
  end.



Lemma re_opt_match : forall T (re: reg_exp T) s,
  s =~ re -> s =~ re_opt re.
Proof.
  intros T re s M.
  induction M
    as [| x'
        | s1 re1 s2 re2 Hmatch1 IH1 Hmatch2 IH2
        | s1 re1 re2 Hmatch IH | re1 s2 re2 Hmatch IH
        | re | s1 s2 re Hmatch1 IH1 Hmatch2 IH2].
  -  simpl. apply MEmpty.
  -  simpl. apply MChar.
  -  simpl.
    destruct re1.
    + inversion IH1.
    + inversion IH1. simpl. destruct re2.
      * apply IH2.
      * apply IH2.
      * apply IH2.
      * apply IH2.
      * apply IH2.
      * apply IH2.
    + destruct re2.
      * inversion IH2.
      * inversion IH2. rewrite app_nil_r. apply IH1.
      * apply MApp.
        -- apply IH1.
        -- apply IH2.
      * apply MApp.
        -- apply IH1.
        -- apply IH2.
      * apply MApp.
        -- apply IH1.
        -- apply IH2.
      * apply MApp.
        -- apply IH1.
        -- apply IH2.
    + destruct re2.
      * inversion IH2.
      * inversion IH2. rewrite app_nil_r.  apply IH1.
      * apply MApp.
        -- apply IH1.
        -- apply IH2.
      * apply MApp.
        -- apply IH1.
        -- apply IH2.
      * apply MApp.
        -- apply IH1.
        -- apply IH2.
      * apply MApp.
        -- apply IH1.
        -- apply IH2.
    + destruct re2.
      * inversion IH2.
      * inversion IH2. rewrite app_nil_r. apply IH1.
      * apply MApp.
        -- apply IH1.
        -- apply IH2.
      * apply MApp.
        -- apply IH1.
        -- apply IH2.
      * apply MApp.
        -- apply IH1.
        -- apply IH2.
      * apply MApp.
        -- apply IH1.
        -- apply IH2.
    + destruct re2.
      * inversion IH2.
      * inversion IH2. rewrite app_nil_r. apply IH1.
      * apply MApp.
        -- apply IH1.
        -- apply IH2.
      * apply MApp.
        -- apply IH1.
        -- apply IH2.
      * apply MApp.
        -- apply IH1.
        -- apply IH2.
      * apply MApp.
        -- apply IH1.
        -- apply IH2.
  -  simpl.
    destruct re1.
    + inversion IH.
    + destruct re2.
      * apply IH.
      * apply MUnionL. apply IH.
      * apply MUnionL. apply IH.
      * apply MUnionL. apply IH.
      * apply MUnionL. apply IH.
      * apply MUnionL. apply IH.
    + destruct re2.
      * apply IH.
      * apply MUnionL. apply IH.
      * apply MUnionL. apply IH.
      * apply MUnionL. apply IH.
      * apply MUnionL. apply IH.
      * apply MUnionL. apply IH.
    + destruct re2.
      * apply IH.
      * apply MUnionL. apply IH.
      * apply MUnionL. apply IH.
      * apply MUnionL. apply IH.
      * apply MUnionL. apply IH.
      * apply MUnionL. apply IH.
    + destruct re2.
      * apply IH.
      * apply MUnionL. apply IH.
      * apply MUnionL. apply IH.
      * apply MUnionL. apply IH.
      * apply MUnionL. apply IH.
      * apply MUnionL. apply IH.
    + destruct re2.
      * apply IH.
      * apply MUnionL. apply IH.
      * apply MUnionL. apply IH.
      * apply MUnionL. apply IH.
      * apply MUnionL. apply IH.
      * apply MUnionL. apply IH.
  -  simpl.
    destruct re1.
    + apply IH.
    + destruct re2.
      * inversion IH.
      * apply MUnionR. apply IH.
      * apply MUnionR. apply IH.
      * apply MUnionR. apply IH.
      * apply MUnionR. apply IH.
      * apply MUnionR. apply IH.
    + destruct re2.
      * inversion IH.
      * apply MUnionR. apply IH.
      * apply MUnionR. apply IH.
      * apply MUnionR. apply IH.
      * apply MUnionR. apply IH.
      * apply MUnionR. apply IH.
    + destruct re2.
      * inversion IH.
      * apply MUnionR. apply IH.
      * apply MUnionR. apply IH.
      * apply MUnionR. apply IH.
      * apply MUnionR. apply IH.
      * apply MUnionR. apply IH.
    + destruct re2.
      * inversion IH.
      * apply MUnionR. apply IH.
      * apply MUnionR. apply IH.
      * apply MUnionR. apply IH.
      * apply MUnionR. apply IH.
      * apply MUnionR. apply IH.
    + destruct re2.
      * inversion IH.
      * apply MUnionR. apply IH.
      * apply MUnionR. apply IH.
      * apply MUnionR. apply IH.
      * apply MUnionR. apply IH.
      * apply MUnionR. apply IH.
 -  simpl.
    destruct re.
    + apply MEmpty.
    + apply MEmpty.
    + apply MStar0.
    + apply MStar0.
    + apply MStar0.
    + simpl.
      destruct re.
      * apply MStar0.
      * apply MStar0.
      * apply MStar0.
      * apply MStar0.
      * apply MStar0.
      * apply MStar0.
 -  simpl.
   destruct re.
   + inversion IH1.
   + inversion IH1. inversion IH2. apply MEmpty.
   + apply star_app.
     * apply MStar1. apply IH1.
     * apply IH2.
   + apply star_app.
     * apply MStar1.  apply IH1.
     * apply IH2.
   + apply star_app.
     * apply MStar1.  apply IH1.
     * apply IH2.
   + apply star_app.
     * apply MStar1.  apply IH1.
     * apply IH2.
Qed.



Lemma re_opt_match' : forall T (re: reg_exp T) s,
  s =~ re -> s =~ re_opt re.
Proof.
  intros T re s M.
  induction M
    as [| x'
        | s1 re1 s2 re2 Hmatch1 IH1 Hmatch2 IH2
        | s1 re1 re2 Hmatch IH | re1 s2 re2 Hmatch IH
        | re | s1 s2 re Hmatch1 IH1 Hmatch2 IH2].
  -  simpl; apply MEmpty.
  -  simpl; apply MChar.
  - 
    simpl;
      destruct re1;
      [inversion IH1 | inversion IH1; simpl; destruct re2; apply IH2 | | | |];
      (destruct re2;
       [inversion IH2 | inversion IH2; rewrite app_nil_r; apply IH1 | | | | ];
       (apply MApp; [apply IH1 | apply IH2])).
  - 
    simpl;
      destruct re1;
      [inversion IH | | | | |];
      destruct re2; try apply MUnionL; apply IH.
  - 
    simpl;
      destruct re1;
      [apply IH | | | | |];
      (destruct re2; [inversion IH | | | | |]; apply MUnionR; apply IH).
 - 
   simpl;
     destruct re; try apply MEmpty; try apply MStar0.
 - 
   simpl;
    destruct re;
    [inversion IH1 | inversion IH1; inversion IH2; apply MEmpty | | | |];
    (apply star_app; [apply MStar1; apply IH1 | apply IH2]).
Qed.

Definition manual_grade_for_re_opt : option (nat*string) := None.







Theorem hyp_name : forall (P : Prop), P -> P.
Proof.
  intros P HP. apply HP.
Qed.








Theorem no_hyp_name : forall (P : Prop), P -> P.
Proof.
  intros. assumption.
Qed.








Theorem false_assumed : False -> 0 = 1.
Proof.
  intros H. destruct H.
Qed.

Theorem false_assumed' : False -> 0 = 1.
Proof.
  intros. contradiction.
Qed.

Theorem contras : forall (P : Prop), P -> ~P -> 0 = 1.
Proof.
  intros P HP HNP. exfalso. apply HNP. apply HP.
Qed.

Theorem contras' : forall (P : Prop), P -> ~P -> 0 = 1.
Proof.
  intros. contradiction.
Qed.






Theorem many_eq : forall (n m o p : nat),
  n = m ->
  o = p ->
  [n; o] = [m; p].
Proof.
  intros n m o p Hnm Hop. rewrite Hnm. rewrite Hop. reflexivity.
Qed.

Theorem many_eq' : forall (n m o p : nat),
  n = m ->
  o = p ->
  [n; o] = [m; p].
Proof.
  intros. subst. reflexivity.
Qed.








Check ev_0 : ev 0.
Check ev_SS : forall n : nat, ev n -> ev (S (S n)).

Example constructor_example: forall (n:nat),
    ev (n + n).
Proof.
  induction n; simpl.
  - constructor. 
  - rewrite add_comm. simpl. constructor. 
    assumption.
Qed.













From Coq Require Import Lia.

Theorem lia_succeed1 : forall (n : nat),
  n > 0 -> n * 2 > n.
Proof. lia. Qed.

Theorem lia_succeed2 : forall (n m : nat),
    n * m = m * n.
Proof.
  lia. 
Qed.

Theorem lia_fail1 : 0 = 1.
Proof.
  Fail lia. 
Abort.

Theorem lia_fail2 : forall (n : nat),
    n >= 1 -> 2 ^ n = 2 * 2 ^ (n - 1).
Proof.
  Fail lia. 
Abort.



Require Import Ring.

Theorem mult_comm : forall (n m : nat),
    n * m = m * n.
Proof.
  intros n m. ring.
Qed.






Theorem eq_example1 :
  forall (A B C : Type) (f : A -> B) (g : B -> C) (x : A) (y : B),
    y = f x -> g y = g (f x).
Proof.
  intros. rewrite H. reflexivity.
Qed.







Theorem eq_example1' :
  forall (A B C : Type) (f : A -> B) (g : B -> C) (x : A) (y : B),
    y = f x -> g y = g (f x).
Proof.
  congruence.
Qed.



Theorem eq_example2 : forall (n m o p : nat),
    n = m ->
    o = p ->
    (n, o) = (m, p).
Proof.
  congruence.
Qed.

Theorem eq_example3 : forall (X : Type) (h : X) (t : list X),
    [] <> h :: t.
Proof.
  congruence.
Qed.






Theorem intuition_succeed1 : forall (P : Prop),
    P -> P.
Proof. intuition. Qed.

Theorem intuition_succeed2 : forall (P Q : Prop),
    ~ (P \/ Q) -> ~P /\ ~Q.
Proof. intuition. Qed.

Theorem intuition_simplify1 : forall (P : Prop),
    ~~P -> P.
Proof.
  intuition. 
Abort.

Theorem intuition_simplify2 : forall (x y : nat) (P Q : nat -> Prop),
  x = y /\ (P x -> Q x) /\ P x -> Q y.
Proof.
  Fail congruence. 
  intuition. 
  congruence.
Qed.



Theorem intuition_simplify2' : forall (x y : nat) (P Q : nat -> Prop),
  x = y /\ (P x -> Q x) /\ P x -> Q y.
Proof.
  intuition congruence.
Qed.






Theorem plus_id_exercise_from_basics : forall n m o : nat,
  n = m -> m = o -> n + m = m + o.
Proof. lia. Qed.

Theorem add_assoc_from_induction : forall n m p : nat,
    n + (m + p) = (n + m) + p.
Proof. lia. Qed.

Theorem S_injective_from_tactics : forall (n m : nat),
  S n = S m ->
  n = m.
Proof. congruence. Qed.

Theorem or_distributes_over_and_from_logic : forall P Q R : Prop,
    P \/ (Q /\ R) <-> (P \/ Q) /\ (P \/ R).
Proof. intuition. Qed.













Example auto_example_1 : forall (P Q R: Prop),
  (P -> Q) -> (Q -> R) -> P -> R.
Proof.
  intros P Q R H1 H2 H3.
  apply H2. apply H1. apply H3.
Qed.



Example auto_example_1' : forall (P Q R: Prop),
  (P -> Q) -> (Q -> R) -> P -> R.
Proof.
  auto.
Qed.







Example auto_example_2 : forall P Q R S T U : Prop,
  (P -> Q) ->
  (P -> R) ->
  (T -> R) ->
  (S -> T -> U) ->
  ((P -> Q) -> (P -> S)) ->
  T ->
  P ->
  U.
Proof. auto. Qed.



Example auto_example_3 : forall (P Q R S T U: Prop),
  (P -> Q) ->
  (Q -> R) ->
  (R -> S) ->
  (S -> T) ->
  (T -> U) ->
  P ->
  U.
Proof.
  
  auto.
  
  auto 6.
Qed.



Example auto_example_4 : forall P Q R : Prop,
  Q ->
  (Q -> R) ->
  P \/ (Q /\ R).
Proof. auto. Qed.



Example auto_example_5 : 2 = 2.
Proof.
  
  auto.
Qed.



Lemma le_antisym : forall n m: nat, (n <= m /\ m <= n) -> n = m.
Proof. intros. lia. Qed.



Lemma nat_inequality_lemma_0 : forall n m : nat, forall H : n <= 0 -> n <= m <= n, forall H0 : n <= 0, forall H1 : n = 0, 0 = m.

Proof.
(*
     We will proceed by induction on n.
Base case: n = 0.
In this case, we have n <= 0 and n = 0.
We need to prove that m = 0.
Since n <= m <= n and n = 0, we have m <= 0.
Therefore, m = 0.
*)
  intros n m H H0 H1.
induction n as [|n' IHn'].
- (* n = 0 *)
    simpl.
intros H2.
inversion H2.
subst.
reflexivity.
- (* n = S n' *)
    (* We will now prove that m = S n' *)
    simpl.
intros H2.
inversion H2 as [H3 H4].
(* H3: n' <= m *)
    (* H4: m <= n' *)
    (* We have n' <= 0 and n' = 0 *)
    apply IHn' in H3.
(* Now we have m = n' *)
    subst.
(* We now need to prove that S n' = m *)
    apply H4.
(* Now we have S n' <= m *)
    apply le_antisym in H3.
(* Now we have n' = m *)
    subst.
reflexivity.
Qed.

Outdated contents in ..cache: recomputing
ERROR MESSAGE IN LEMMA PROOF (FRAGMENT #1630)
Error in step "intros H2.".
Message: No product even after head-reduction..
Goal: 0 = m.


TRYING TO PROVE LEMMA
Lemma zero_is_smaller_or_equal_to_m_1 : forall m : nat, forall H : 0 <= 0 -> 0 <= m <= 0, forall H0 : 0 <= 0, forall H1 : 0 = 0, 0 = m.


ATTEMPTED LEMMA PROOF (LEMMAS USED: 2)




Set Warnings "-notation-overridden,-parsing,-deprecated-hint-without-locality".
From Coq Require Import Arith List.
From LF Require Import IndProp.



Fixpoint re_opt_e {T:Type} (re: reg_exp T) : reg_exp T :=
  match re with
  | App EmptyStr re2 => re_opt_e re2
  | App re1 re2 => App (re_opt_e re1) (re_opt_e re2)
  | Union re1 re2 => Union (re_opt_e re1) (re_opt_e re2)
  | Star re => Star (re_opt_e re)
  | _ => re
  end.



Lemma re_opt_e_match : forall T (re: reg_exp T) s,
  s =~ re -> s =~ re_opt_e re.
Proof.
  intros T re s M.
  induction M
    as [| x'
        | s1 re1 s2 re2 Hmatch1 IH1 Hmatch2 IH2
        | s1 re1 re2 Hmatch IH | re1 s2 re2 Hmatch IH
        | re | s1 s2 re Hmatch1 IH1 Hmatch2 IH2].
  -  simpl. apply MEmpty.
  -  simpl. apply MChar.
  -  simpl.
    destruct re1.
    + apply MApp.
      * apply IH1.
      * apply IH2.
    + inversion Hmatch1. simpl. apply IH2.
    + apply MApp.
      * apply IH1.
      * apply IH2.
    + apply MApp.
      * apply IH1.
      * apply IH2.
    + apply MApp.
      * apply IH1.
      * apply IH2.
    + apply MApp.
      * apply IH1.
      * apply IH2.
  -  simpl. apply MUnionL. apply IH.
  -  simpl. apply MUnionR. apply IH.
  -  simpl. apply MStar0.
  -  simpl. apply MStarApp.
    * apply IH1.
    * apply IH2.
Qed.













Theorem silly1 : forall n, 1 + n = S n.
Proof. try reflexivity.  Qed.

Theorem silly2 : forall (P : Prop), P -> P.
Proof.
  intros P HP.
  Fail reflexivity.
  try reflexivity. 
  apply HP.
Qed.










Lemma simple_semi : forall n, (n + 1 =? 0) = false.
Proof.
  intros n.
  destruct n eqn:E.
    
    -  simpl. reflexivity.
    -  simpl. reflexivity.
Qed.



Lemma simple_semi' : forall n, (n + 1 =? 0) = false.
Proof.
  intros n.
  
  destruct n;
  
  simpl;
  
  reflexivity.
Qed.



Lemma simple_semi'' : forall n, (n + 1 =? 0) = false.
Proof.
  destruct n; reflexivity.
Qed.





Theorem andb_eq_orb :
  forall (b c : bool),
  (andb b c = orb b c) ->
  b = c.
Proof. destruct b; destruct c; try reflexivity; try discriminate. Qed.

Theorem add_assoc : forall n m p : nat,
    n + (m + p) = (n + m) + p.
Proof. intros n m p; induction n as [| n' IHn']; try (simpl; rewrite IHn'); reflexivity. Qed.

Fixpoint nonzeros (lst : list nat) :=
  match lst with
  | [] => []
  | 0 :: t => nonzeros t
  | h :: t => h :: nonzeros t
  end.

Lemma nonzeros_app : forall lst1 lst2 : list nat,
  nonzeros (lst1 ++ lst2) = (nonzeros lst1) ++ (nonzeros lst2).
Proof. intros lst1 lst2; induction lst1 as [|h t IH]; try (destruct h; simpl; rewrite <- IH); reflexivity. Qed.





Lemma re_opt_e_match' : forall T (re: reg_exp T) s,
  s =~ re -> s =~ re_opt_e re.
Proof.
  intros T re s M.
  induction M
    as [| x'
        | s1 re1 s2 re2 Hmatch1 IH1 Hmatch2 IH2
        | s1 re1 re2 Hmatch IH | re1 s2 re2 Hmatch IH
        | re | s1 s2 re Hmatch1 IH1 Hmatch2 IH2];
    
    simpl.
  -  apply MEmpty.
  -  apply MChar.
  - 
    destruct re1;
    
    try (apply MApp; try apply IH1; apply IH2).
    
    inversion Hmatch1. simpl. apply IH2.
  -  apply MUnionL. apply IH.
  -  apply MUnionR. apply IH.
  -  apply MStar0.
  -   apply MStarApp. apply IH1.  apply IH2.
Qed.






Theorem app_length : forall (X : Type) (lst1 lst2 : list X),
    length (lst1 ++ lst2) = (length lst1) + (length lst2).
Proof.
  intros; induction lst1;
    [reflexivity | simpl; rewrite IHlst1; reflexivity].
Qed.



Theorem app_length' : forall (X : Type) (lst1 lst2 : list X),
    length (lst1 ++ lst2) = (length lst1) + (length lst2).
Proof.
  intros; induction lst1;
    [idtac | simpl; rewrite IHlst1];
    reflexivity.
Qed.





Theorem add_assoc' : forall n m p : nat,
    n + (m + p) = (n + m) + p.
Proof. intros n m p; induction n as [| n' IHn']; [| simpl; rewrite IHn']; reflexivity. Qed.





Lemma re_opt_e_match'' : forall T (re: reg_exp T) s,
  s =~ re -> s =~ re_opt_e re.
Proof.
  intros T re s M.
  induction M
    as [| x'
        | s1 re1 s2 re2 Hmatch1 IH1 Hmatch2 IH2
        | s1 re1 re2 Hmatch IH | re1 s2 re2 Hmatch IH
        | re | s1 s2 re Hmatch1 IH1 Hmatch2 IH2];
    
    simpl.
  -  apply MEmpty.
  -  apply MChar.
  - 
    destruct re1;
    try (apply MApp; [apply IH1 | apply IH2]).  
    inversion Hmatch1. simpl. apply IH2.
  -  apply MUnionL. apply IH.
  -  apply MUnionR. apply IH.
  -  apply MStar0.
  -   apply MStarApp; [apply IH1 | apply IH2].  
Qed.






Theorem In10 : In 10 [1;2;3;4;5;6;7;8;9;10].
Proof.
  repeat (try (left; reflexivity); right).
Qed.



Theorem In10' : In 10 [1;2;3;4;5;6;7;8;9;10].
Proof.
  repeat (left; reflexivity).
  repeat (right; try (left; reflexivity)).
Qed.





Theorem ev100: ev 100.
Proof. repeat (apply ev_SS). apply ev_0. Qed.









Fixpoint re_opt {T:Type} (re: reg_exp T) : reg_exp T :=
  match re with
  | App _ EmptySet => EmptySet
  | App EmptyStr re2 => re_opt re2
  | App re1 EmptyStr => re_opt re1
  | App re1 re2 => App (re_opt re1) (re_opt re2)
  | Union EmptySet re2 => re_opt re2
  | Union re1 EmptySet => re_opt re1
  | Union re1 re2 => Union (re_opt re1) (re_opt re2)
  | Star EmptySet => EmptyStr
  | Star EmptyStr => EmptyStr
  | Star re => Star (re_opt re)
  | EmptySet => EmptySet
  | EmptyStr => EmptyStr
  | Char x => Char x
  end.



Lemma re_opt_match : forall T (re: reg_exp T) s,
  s =~ re -> s =~ re_opt re.
Proof.
  intros T re s M.
  induction M
    as [| x'
        | s1 re1 s2 re2 Hmatch1 IH1 Hmatch2 IH2
        | s1 re1 re2 Hmatch IH | re1 s2 re2 Hmatch IH
        | re | s1 s2 re Hmatch1 IH1 Hmatch2 IH2].
  -  simpl. apply MEmpty.
  -  simpl. apply MChar.
  -  simpl.
    destruct re1.
    + inversion IH1.
    + inversion IH1. simpl. destruct re2.
      * apply IH2.
      * apply IH2.
      * apply IH2.
      * apply IH2.
      * apply IH2.
      * apply IH2.
    + destruct re2.
      * inversion IH2.
      * inversion IH2. rewrite app_nil_r. apply IH1.
      * apply MApp.
        -- apply IH1.
        -- apply IH2.
      * apply MApp.
        -- apply IH1.
        -- apply IH2.
      * apply MApp.
        -- apply IH1.
        -- apply IH2.
      * apply MApp.
        -- apply IH1.
        -- apply IH2.
    + destruct re2.
      * inversion IH2.
      * inversion IH2. rewrite app_nil_r.  apply IH1.
      * apply MApp.
        -- apply IH1.
        -- apply IH2.
      * apply MApp.
        -- apply IH1.
        -- apply IH2.
      * apply MApp.
        -- apply IH1.
        -- apply IH2.
      * apply MApp.
        -- apply IH1.
        -- apply IH2.
    + destruct re2.
      * inversion IH2.
      * inversion IH2. rewrite app_nil_r. apply IH1.
      * apply MApp.
        -- apply IH1.
        -- apply IH2.
      * apply MApp.
        -- apply IH1.
        -- apply IH2.
      * apply MApp.
        -- apply IH1.
        -- apply IH2.
      * apply MApp.
        -- apply IH1.
        -- apply IH2.
    + destruct re2.
      * inversion IH2.
      * inversion IH2. rewrite app_nil_r. apply IH1.
      * apply MApp.
        -- apply IH1.
        -- apply IH2.
      * apply MApp.
        -- apply IH1.
        -- apply IH2.
      * apply MApp.
        -- apply IH1.
        -- apply IH2.
      * apply MApp.
        -- apply IH1.
        -- apply IH2.
  -  simpl.
    destruct re1.
    + inversion IH.
    + destruct re2.
      * apply IH.
      * apply MUnionL. apply IH.
      * apply MUnionL. apply IH.
      * apply MUnionL. apply IH.
      * apply MUnionL. apply IH.
      * apply MUnionL. apply IH.
    + destruct re2.
      * apply IH.
      * apply MUnionL. apply IH.
      * apply MUnionL. apply IH.
      * apply MUnionL. apply IH.
      * apply MUnionL. apply IH.
      * apply MUnionL. apply IH.
    + destruct re2.
      * apply IH.
      * apply MUnionL. apply IH.
      * apply MUnionL. apply IH.
      * apply MUnionL. apply IH.
      * apply MUnionL. apply IH.
      * apply MUnionL. apply IH.
    + destruct re2.
      * apply IH.
      * apply MUnionL. apply IH.
      * apply MUnionL. apply IH.
      * apply MUnionL. apply IH.
      * apply MUnionL. apply IH.
      * apply MUnionL. apply IH.
    + destruct re2.
      * apply IH.
      * apply MUnionL. apply IH.
      * apply MUnionL. apply IH.
      * apply MUnionL. apply IH.
      * apply MUnionL. apply IH.
      * apply MUnionL. apply IH.
  -  simpl.
    destruct re1.
    + apply IH.
    + destruct re2.
      * inversion IH.
      * apply MUnionR. apply IH.
      * apply MUnionR. apply IH.
      * apply MUnionR. apply IH.
      * apply MUnionR. apply IH.
      * apply MUnionR. apply IH.
    + destruct re2.
      * inversion IH.
      * apply MUnionR. apply IH.
      * apply MUnionR. apply IH.
      * apply MUnionR. apply IH.
      * apply MUnionR. apply IH.
      * apply MUnionR. apply IH.
    + destruct re2.
      * inversion IH.
      * apply MUnionR. apply IH.
      * apply MUnionR. apply IH.
      * apply MUnionR. apply IH.
      * apply MUnionR. apply IH.
      * apply MUnionR. apply IH.
    + destruct re2.
      * inversion IH.
      * apply MUnionR. apply IH.
      * apply MUnionR. apply IH.
      * apply MUnionR. apply IH.
      * apply MUnionR. apply IH.
      * apply MUnionR. apply IH.
    + destruct re2.
      * inversion IH.
      * apply MUnionR. apply IH.
      * apply MUnionR. apply IH.
      * apply MUnionR. apply IH.
      * apply MUnionR. apply IH.
      * apply MUnionR. apply IH.
 -  simpl.
    destruct re.
    + apply MEmpty.
    + apply MEmpty.
    + apply MStar0.
    + apply MStar0.
    + apply MStar0.
    + simpl.
      destruct re.
      * apply MStar0.
      * apply MStar0.
      * apply MStar0.
      * apply MStar0.
      * apply MStar0.
      * apply MStar0.
 -  simpl.
   destruct re.
   + inversion IH1.
   + inversion IH1. inversion IH2. apply MEmpty.
   + apply star_app.
     * apply MStar1. apply IH1.
     * apply IH2.
   + apply star_app.
     * apply MStar1.  apply IH1.
     * apply IH2.
   + apply star_app.
     * apply MStar1.  apply IH1.
     * apply IH2.
   + apply star_app.
     * apply MStar1.  apply IH1.
     * apply IH2.
Qed.



Lemma re_opt_match' : forall T (re: reg_exp T) s,
  s =~ re -> s =~ re_opt re.
Proof.
  intros T re s M.
  induction M
    as [| x'
        | s1 re1 s2 re2 Hmatch1 IH1 Hmatch2 IH2
        | s1 re1 re2 Hmatch IH | re1 s2 re2 Hmatch IH
        | re | s1 s2 re Hmatch1 IH1 Hmatch2 IH2].
  -  simpl; apply MEmpty.
  -  simpl; apply MChar.
  - 
    simpl;
      destruct re1;
      [inversion IH1 | inversion IH1; simpl; destruct re2; apply IH2 | | | |];
      (destruct re2;
       [inversion IH2 | inversion IH2; rewrite app_nil_r; apply IH1 | | | | ];
       (apply MApp; [apply IH1 | apply IH2])).
  - 
    simpl;
      destruct re1;
      [inversion IH | | | | |];
      destruct re2; try apply MUnionL; apply IH.
  - 
    simpl;
      destruct re1;
      [apply IH | | | | |];
      (destruct re2; [inversion IH | | | | |]; apply MUnionR; apply IH).
 - 
   simpl;
     destruct re; try apply MEmpty; try apply MStar0.
 - 
   simpl;
    destruct re;
    [inversion IH1 | inversion IH1; inversion IH2; apply MEmpty | | | |];
    (apply star_app; [apply MStar1; apply IH1 | apply IH2]).
Qed.

Definition manual_grade_for_re_opt : option (nat*string) := None.







Theorem hyp_name : forall (P : Prop), P -> P.
Proof.
  intros P HP. apply HP.
Qed.








Theorem no_hyp_name : forall (P : Prop), P -> P.
Proof.
  intros. assumption.
Qed.








Theorem false_assumed : False -> 0 = 1.
Proof.
  intros H. destruct H.
Qed.

Theorem false_assumed' : False -> 0 = 1.
Proof.
  intros. contradiction.
Qed.

Theorem contras : forall (P : Prop), P -> ~P -> 0 = 1.
Proof.
  intros P HP HNP. exfalso. apply HNP. apply HP.
Qed.

Theorem contras' : forall (P : Prop), P -> ~P -> 0 = 1.
Proof.
  intros. contradiction.
Qed.






Theorem many_eq : forall (n m o p : nat),
  n = m ->
  o = p ->
  [n; o] = [m; p].
Proof.
  intros n m o p Hnm Hop. rewrite Hnm. rewrite Hop. reflexivity.
Qed.

Theorem many_eq' : forall (n m o p : nat),
  n = m ->
  o = p ->
  [n; o] = [m; p].
Proof.
  intros. subst. reflexivity.
Qed.








Check ev_0 : ev 0.
Check ev_SS : forall n : nat, ev n -> ev (S (S n)).

Example constructor_example: forall (n:nat),
    ev (n + n).
Proof.
  induction n; simpl.
  - constructor. 
  - rewrite add_comm. simpl. constructor. 
    assumption.
Qed.













From Coq Require Import Lia.

Theorem lia_succeed1 : forall (n : nat),
  n > 0 -> n * 2 > n.
Proof. lia. Qed.

Theorem lia_succeed2 : forall (n m : nat),
    n * m = m * n.
Proof.
  lia. 
Qed.

Theorem lia_fail1 : 0 = 1.
Proof.
  Fail lia. 
Abort.

Theorem lia_fail2 : forall (n : nat),
    n >= 1 -> 2 ^ n = 2 * 2 ^ (n - 1).
Proof.
  Fail lia. 
Abort.



Require Import Ring.

Theorem mult_comm : forall (n m : nat),
    n * m = m * n.
Proof.
  intros n m. ring.
Qed.






Theorem eq_example1 :
  forall (A B C : Type) (f : A -> B) (g : B -> C) (x : A) (y : B),
    y = f x -> g y = g (f x).
Proof.
  intros. rewrite H. reflexivity.
Qed.







Theorem eq_example1' :
  forall (A B C : Type) (f : A -> B) (g : B -> C) (x : A) (y : B),
    y = f x -> g y = g (f x).
Proof.
  congruence.
Qed.



Theorem eq_example2 : forall (n m o p : nat),
    n = m ->
    o = p ->
    (n, o) = (m, p).
Proof.
  congruence.
Qed.

Theorem eq_example3 : forall (X : Type) (h : X) (t : list X),
    [] <> h :: t.
Proof.
  congruence.
Qed.






Theorem intuition_succeed1 : forall (P : Prop),
    P -> P.
Proof. intuition. Qed.

Theorem intuition_succeed2 : forall (P Q : Prop),
    ~ (P \/ Q) -> ~P /\ ~Q.
Proof. intuition. Qed.

Theorem intuition_simplify1 : forall (P : Prop),
    ~~P -> P.
Proof.
  intuition. 
Abort.

Theorem intuition_simplify2 : forall (x y : nat) (P Q : nat -> Prop),
  x = y /\ (P x -> Q x) /\ P x -> Q y.
Proof.
  Fail congruence. 
  intuition. 
  congruence.
Qed.



Theorem intuition_simplify2' : forall (x y : nat) (P Q : nat -> Prop),
  x = y /\ (P x -> Q x) /\ P x -> Q y.
Proof.
  intuition congruence.
Qed.






Theorem plus_id_exercise_from_basics : forall n m o : nat,
  n = m -> m = o -> n + m = m + o.
Proof. lia. Qed.

Theorem add_assoc_from_induction : forall n m p : nat,
    n + (m + p) = (n + m) + p.
Proof. lia. Qed.

Theorem S_injective_from_tactics : forall (n m : nat),
  S n = S m ->
  n = m.
Proof. congruence. Qed.

Theorem or_distributes_over_and_from_logic : forall P Q R : Prop,
    P \/ (Q /\ R) <-> (P \/ Q) /\ (P \/ R).
Proof. intuition. Qed.













Example auto_example_1 : forall (P Q R: Prop),
  (P -> Q) -> (Q -> R) -> P -> R.
Proof.
  intros P Q R H1 H2 H3.
  apply H2. apply H1. apply H3.
Qed.



Example auto_example_1' : forall (P Q R: Prop),
  (P -> Q) -> (Q -> R) -> P -> R.
Proof.
  auto.
Qed.







Example auto_example_2 : forall P Q R S T U : Prop,
  (P -> Q) ->
  (P -> R) ->
  (T -> R) ->
  (S -> T -> U) ->
  ((P -> Q) -> (P -> S)) ->
  T ->
  P ->
  U.
Proof. auto. Qed.



Example auto_example_3 : forall (P Q R S T U: Prop),
  (P -> Q) ->
  (Q -> R) ->
  (R -> S) ->
  (S -> T) ->
  (T -> U) ->
  P ->
  U.
Proof.
  
  auto.
  
  auto 6.
Qed.



Example auto_example_4 : forall P Q R : Prop,
  Q ->
  (Q -> R) ->
  P \/ (Q /\ R).
Proof. auto. Qed.



Example auto_example_5 : 2 = 2.
Proof.
  
  auto.
Qed.



Lemma le_antisym : forall n m: nat, (n <= m /\ m <= n) -> n = m.
Proof. intros. lia. Qed.



Lemma zero_is_smaller_or_equal_to_m_1 : forall m : nat, forall H : 0 <= 0 -> 0 <= m <= 0, forall H0 : 0 <= 0, forall H1 : 0 = 0, 0 = m.

Proof.
(* The goal is to prove that 0 is smaller or equal to m, given the hypothesis that 0 <= m <= 0.
We will proceed by contradiction.
Assume the opposite, that 0 > m.
Then, we will derive a contradiction from the hypothesis that 0 <= m.
*)
  intros m H H0 H1.
apply (lt_le_not_le 0 m H0).
(* This tactic applies the lemma lt_le_not_le, which states that if m < n and m <= n, then P is true.
In our case, P is the goal, so we have derived a contradiction.
*)
  assumption.
Qed.

Outdated contents in ..cache: recomputing
ERROR MESSAGE IN LEMMA PROOF (FRAGMENT #1624)
Error in step "apply (lt_le_not_le 0 m H0).".
Message: The variable lt_le_not_le was not found in the current
environment..
Goal: 0 = m.


TRYING TO PROVE LEMMA
Lemma zero_is_smaller_or_equal_to_m_2 : forall m : nat, forall H : 0 <= 0 -> 0 <= m <= 0, forall H0 : 0 <= 0, forall H1 : 0 = 0, 0 = m.


ATTEMPTED LEMMA PROOF (LEMMAS USED: 3)




Set Warnings "-notation-overridden,-parsing,-deprecated-hint-without-locality".
From Coq Require Import Arith List.
From LF Require Import IndProp.



Fixpoint re_opt_e {T:Type} (re: reg_exp T) : reg_exp T :=
  match re with
  | App EmptyStr re2 => re_opt_e re2
  | App re1 re2 => App (re_opt_e re1) (re_opt_e re2)
  | Union re1 re2 => Union (re_opt_e re1) (re_opt_e re2)
  | Star re => Star (re_opt_e re)
  | _ => re
  end.



Lemma re_opt_e_match : forall T (re: reg_exp T) s,
  s =~ re -> s =~ re_opt_e re.
Proof.
  intros T re s M.
  induction M
    as [| x'
        | s1 re1 s2 re2 Hmatch1 IH1 Hmatch2 IH2
        | s1 re1 re2 Hmatch IH | re1 s2 re2 Hmatch IH
        | re | s1 s2 re Hmatch1 IH1 Hmatch2 IH2].
  -  simpl. apply MEmpty.
  -  simpl. apply MChar.
  -  simpl.
    destruct re1.
    + apply MApp.
      * apply IH1.
      * apply IH2.
    + inversion Hmatch1. simpl. apply IH2.
    + apply MApp.
      * apply IH1.
      * apply IH2.
    + apply MApp.
      * apply IH1.
      * apply IH2.
    + apply MApp.
      * apply IH1.
      * apply IH2.
    + apply MApp.
      * apply IH1.
      * apply IH2.
  -  simpl. apply MUnionL. apply IH.
  -  simpl. apply MUnionR. apply IH.
  -  simpl. apply MStar0.
  -  simpl. apply MStarApp.
    * apply IH1.
    * apply IH2.
Qed.













Theorem silly1 : forall n, 1 + n = S n.
Proof. try reflexivity.  Qed.

Theorem silly2 : forall (P : Prop), P -> P.
Proof.
  intros P HP.
  Fail reflexivity.
  try reflexivity. 
  apply HP.
Qed.










Lemma simple_semi : forall n, (n + 1 =? 0) = false.
Proof.
  intros n.
  destruct n eqn:E.
    
    -  simpl. reflexivity.
    -  simpl. reflexivity.
Qed.



Lemma simple_semi' : forall n, (n + 1 =? 0) = false.
Proof.
  intros n.
  
  destruct n;
  
  simpl;
  
  reflexivity.
Qed.



Lemma simple_semi'' : forall n, (n + 1 =? 0) = false.
Proof.
  destruct n; reflexivity.
Qed.





Theorem andb_eq_orb :
  forall (b c : bool),
  (andb b c = orb b c) ->
  b = c.
Proof. destruct b; destruct c; try reflexivity; try discriminate. Qed.

Theorem add_assoc : forall n m p : nat,
    n + (m + p) = (n + m) + p.
Proof. intros n m p; induction n as [| n' IHn']; try (simpl; rewrite IHn'); reflexivity. Qed.

Fixpoint nonzeros (lst : list nat) :=
  match lst with
  | [] => []
  | 0 :: t => nonzeros t
  | h :: t => h :: nonzeros t
  end.

Lemma nonzeros_app : forall lst1 lst2 : list nat,
  nonzeros (lst1 ++ lst2) = (nonzeros lst1) ++ (nonzeros lst2).
Proof. intros lst1 lst2; induction lst1 as [|h t IH]; try (destruct h; simpl; rewrite <- IH); reflexivity. Qed.





Lemma re_opt_e_match' : forall T (re: reg_exp T) s,
  s =~ re -> s =~ re_opt_e re.
Proof.
  intros T re s M.
  induction M
    as [| x'
        | s1 re1 s2 re2 Hmatch1 IH1 Hmatch2 IH2
        | s1 re1 re2 Hmatch IH | re1 s2 re2 Hmatch IH
        | re | s1 s2 re Hmatch1 IH1 Hmatch2 IH2];
    
    simpl.
  -  apply MEmpty.
  -  apply MChar.
  - 
    destruct re1;
    
    try (apply MApp; try apply IH1; apply IH2).
    
    inversion Hmatch1. simpl. apply IH2.
  -  apply MUnionL. apply IH.
  -  apply MUnionR. apply IH.
  -  apply MStar0.
  -   apply MStarApp. apply IH1.  apply IH2.
Qed.






Theorem app_length : forall (X : Type) (lst1 lst2 : list X),
    length (lst1 ++ lst2) = (length lst1) + (length lst2).
Proof.
  intros; induction lst1;
    [reflexivity | simpl; rewrite IHlst1; reflexivity].
Qed.



Theorem app_length' : forall (X : Type) (lst1 lst2 : list X),
    length (lst1 ++ lst2) = (length lst1) + (length lst2).
Proof.
  intros; induction lst1;
    [idtac | simpl; rewrite IHlst1];
    reflexivity.
Qed.





Theorem add_assoc' : forall n m p : nat,
    n + (m + p) = (n + m) + p.
Proof. intros n m p; induction n as [| n' IHn']; [| simpl; rewrite IHn']; reflexivity. Qed.





Lemma re_opt_e_match'' : forall T (re: reg_exp T) s,
  s =~ re -> s =~ re_opt_e re.
Proof.
  intros T re s M.
  induction M
    as [| x'
        | s1 re1 s2 re2 Hmatch1 IH1 Hmatch2 IH2
        | s1 re1 re2 Hmatch IH | re1 s2 re2 Hmatch IH
        | re | s1 s2 re Hmatch1 IH1 Hmatch2 IH2];
    
    simpl.
  -  apply MEmpty.
  -  apply MChar.
  - 
    destruct re1;
    try (apply MApp; [apply IH1 | apply IH2]).  
    inversion Hmatch1. simpl. apply IH2.
  -  apply MUnionL. apply IH.
  -  apply MUnionR. apply IH.
  -  apply MStar0.
  -   apply MStarApp; [apply IH1 | apply IH2].  
Qed.






Theorem In10 : In 10 [1;2;3;4;5;6;7;8;9;10].
Proof.
  repeat (try (left; reflexivity); right).
Qed.



Theorem In10' : In 10 [1;2;3;4;5;6;7;8;9;10].
Proof.
  repeat (left; reflexivity).
  repeat (right; try (left; reflexivity)).
Qed.





Theorem ev100: ev 100.
Proof. repeat (apply ev_SS). apply ev_0. Qed.









Fixpoint re_opt {T:Type} (re: reg_exp T) : reg_exp T :=
  match re with
  | App _ EmptySet => EmptySet
  | App EmptyStr re2 => re_opt re2
  | App re1 EmptyStr => re_opt re1
  | App re1 re2 => App (re_opt re1) (re_opt re2)
  | Union EmptySet re2 => re_opt re2
  | Union re1 EmptySet => re_opt re1
  | Union re1 re2 => Union (re_opt re1) (re_opt re2)
  | Star EmptySet => EmptyStr
  | Star EmptyStr => EmptyStr
  | Star re => Star (re_opt re)
  | EmptySet => EmptySet
  | EmptyStr => EmptyStr
  | Char x => Char x
  end.



Lemma re_opt_match : forall T (re: reg_exp T) s,
  s =~ re -> s =~ re_opt re.
Proof.
  intros T re s M.
  induction M
    as [| x'
        | s1 re1 s2 re2 Hmatch1 IH1 Hmatch2 IH2
        | s1 re1 re2 Hmatch IH | re1 s2 re2 Hmatch IH
        | re | s1 s2 re Hmatch1 IH1 Hmatch2 IH2].
  -  simpl. apply MEmpty.
  -  simpl. apply MChar.
  -  simpl.
    destruct re1.
    + inversion IH1.
    + inversion IH1. simpl. destruct re2.
      * apply IH2.
      * apply IH2.
      * apply IH2.
      * apply IH2.
      * apply IH2.
      * apply IH2.
    + destruct re2.
      * inversion IH2.
      * inversion IH2. rewrite app_nil_r. apply IH1.
      * apply MApp.
        -- apply IH1.
        -- apply IH2.
      * apply MApp.
        -- apply IH1.
        -- apply IH2.
      * apply MApp.
        -- apply IH1.
        -- apply IH2.
      * apply MApp.
        -- apply IH1.
        -- apply IH2.
    + destruct re2.
      * inversion IH2.
      * inversion IH2. rewrite app_nil_r.  apply IH1.
      * apply MApp.
        -- apply IH1.
        -- apply IH2.
      * apply MApp.
        -- apply IH1.
        -- apply IH2.
      * apply MApp.
        -- apply IH1.
        -- apply IH2.
      * apply MApp.
        -- apply IH1.
        -- apply IH2.
    + destruct re2.
      * inversion IH2.
      * inversion IH2. rewrite app_nil_r. apply IH1.
      * apply MApp.
        -- apply IH1.
        -- apply IH2.
      * apply MApp.
        -- apply IH1.
        -- apply IH2.
      * apply MApp.
        -- apply IH1.
        -- apply IH2.
      * apply MApp.
        -- apply IH1.
        -- apply IH2.
    + destruct re2.
      * inversion IH2.
      * inversion IH2. rewrite app_nil_r. apply IH1.
      * apply MApp.
        -- apply IH1.
        -- apply IH2.
      * apply MApp.
        -- apply IH1.
        -- apply IH2.
      * apply MApp.
        -- apply IH1.
        -- apply IH2.
      * apply MApp.
        -- apply IH1.
        -- apply IH2.
  -  simpl.
    destruct re1.
    + inversion IH.
    + destruct re2.
      * apply IH.
      * apply MUnionL. apply IH.
      * apply MUnionL. apply IH.
      * apply MUnionL. apply IH.
      * apply MUnionL. apply IH.
      * apply MUnionL. apply IH.
    + destruct re2.
      * apply IH.
      * apply MUnionL. apply IH.
      * apply MUnionL. apply IH.
      * apply MUnionL. apply IH.
      * apply MUnionL. apply IH.
      * apply MUnionL. apply IH.
    + destruct re2.
      * apply IH.
      * apply MUnionL. apply IH.
      * apply MUnionL. apply IH.
      * apply MUnionL. apply IH.
      * apply MUnionL. apply IH.
      * apply MUnionL. apply IH.
    + destruct re2.
      * apply IH.
      * apply MUnionL. apply IH.
      * apply MUnionL. apply IH.
      * apply MUnionL. apply IH.
      * apply MUnionL. apply IH.
      * apply MUnionL. apply IH.
    + destruct re2.
      * apply IH.
      * apply MUnionL. apply IH.
      * apply MUnionL. apply IH.
      * apply MUnionL. apply IH.
      * apply MUnionL. apply IH.
      * apply MUnionL. apply IH.
  -  simpl.
    destruct re1.
    + apply IH.
    + destruct re2.
      * inversion IH.
      * apply MUnionR. apply IH.
      * apply MUnionR. apply IH.
      * apply MUnionR. apply IH.
      * apply MUnionR. apply IH.
      * apply MUnionR. apply IH.
    + destruct re2.
      * inversion IH.
      * apply MUnionR. apply IH.
      * apply MUnionR. apply IH.
      * apply MUnionR. apply IH.
      * apply MUnionR. apply IH.
      * apply MUnionR. apply IH.
    + destruct re2.
      * inversion IH.
      * apply MUnionR. apply IH.
      * apply MUnionR. apply IH.
      * apply MUnionR. apply IH.
      * apply MUnionR. apply IH.
      * apply MUnionR. apply IH.
    + destruct re2.
      * inversion IH.
      * apply MUnionR. apply IH.
      * apply MUnionR. apply IH.
      * apply MUnionR. apply IH.
      * apply MUnionR. apply IH.
      * apply MUnionR. apply IH.
    + destruct re2.
      * inversion IH.
      * apply MUnionR. apply IH.
      * apply MUnionR. apply IH.
      * apply MUnionR. apply IH.
      * apply MUnionR. apply IH.
      * apply MUnionR. apply IH.
 -  simpl.
    destruct re.
    + apply MEmpty.
    + apply MEmpty.
    + apply MStar0.
    + apply MStar0.
    + apply MStar0.
    + simpl.
      destruct re.
      * apply MStar0.
      * apply MStar0.
      * apply MStar0.
      * apply MStar0.
      * apply MStar0.
      * apply MStar0.
 -  simpl.
   destruct re.
   + inversion IH1.
   + inversion IH1. inversion IH2. apply MEmpty.
   + apply star_app.
     * apply MStar1. apply IH1.
     * apply IH2.
   + apply star_app.
     * apply MStar1.  apply IH1.
     * apply IH2.
   + apply star_app.
     * apply MStar1.  apply IH1.
     * apply IH2.
   + apply star_app.
     * apply MStar1.  apply IH1.
     * apply IH2.
Qed.



Lemma re_opt_match' : forall T (re: reg_exp T) s,
  s =~ re -> s =~ re_opt re.
Proof.
  intros T re s M.
  induction M
    as [| x'
        | s1 re1 s2 re2 Hmatch1 IH1 Hmatch2 IH2
        | s1 re1 re2 Hmatch IH | re1 s2 re2 Hmatch IH
        | re | s1 s2 re Hmatch1 IH1 Hmatch2 IH2].
  -  simpl; apply MEmpty.
  -  simpl; apply MChar.
  - 
    simpl;
      destruct re1;
      [inversion IH1 | inversion IH1; simpl; destruct re2; apply IH2 | | | |];
      (destruct re2;
       [inversion IH2 | inversion IH2; rewrite app_nil_r; apply IH1 | | | | ];
       (apply MApp; [apply IH1 | apply IH2])).
  - 
    simpl;
      destruct re1;
      [inversion IH | | | | |];
      destruct re2; try apply MUnionL; apply IH.
  - 
    simpl;
      destruct re1;
      [apply IH | | | | |];
      (destruct re2; [inversion IH | | | | |]; apply MUnionR; apply IH).
 - 
   simpl;
     destruct re; try apply MEmpty; try apply MStar0.
 - 
   simpl;
    destruct re;
    [inversion IH1 | inversion IH1; inversion IH2; apply MEmpty | | | |];
    (apply star_app; [apply MStar1; apply IH1 | apply IH2]).
Qed.

Definition manual_grade_for_re_opt : option (nat*string) := None.







Theorem hyp_name : forall (P : Prop), P -> P.
Proof.
  intros P HP. apply HP.
Qed.








Theorem no_hyp_name : forall (P : Prop), P -> P.
Proof.
  intros. assumption.
Qed.








Theorem false_assumed : False -> 0 = 1.
Proof.
  intros H. destruct H.
Qed.

Theorem false_assumed' : False -> 0 = 1.
Proof.
  intros. contradiction.
Qed.

Theorem contras : forall (P : Prop), P -> ~P -> 0 = 1.
Proof.
  intros P HP HNP. exfalso. apply HNP. apply HP.
Qed.

Theorem contras' : forall (P : Prop), P -> ~P -> 0 = 1.
Proof.
  intros. contradiction.
Qed.






Theorem many_eq : forall (n m o p : nat),
  n = m ->
  o = p ->
  [n; o] = [m; p].
Proof.
  intros n m o p Hnm Hop. rewrite Hnm. rewrite Hop. reflexivity.
Qed.

Theorem many_eq' : forall (n m o p : nat),
  n = m ->
  o = p ->
  [n; o] = [m; p].
Proof.
  intros. subst. reflexivity.
Qed.








Check ev_0 : ev 0.
Check ev_SS : forall n : nat, ev n -> ev (S (S n)).

Example constructor_example: forall (n:nat),
    ev (n + n).
Proof.
  induction n; simpl.
  - constructor. 
  - rewrite add_comm. simpl. constructor. 
    assumption.
Qed.













From Coq Require Import Lia.

Theorem lia_succeed1 : forall (n : nat),
  n > 0 -> n * 2 > n.
Proof. lia. Qed.

Theorem lia_succeed2 : forall (n m : nat),
    n * m = m * n.
Proof.
  lia. 
Qed.

Theorem lia_fail1 : 0 = 1.
Proof.
  Fail lia. 
Abort.

Theorem lia_fail2 : forall (n : nat),
    n >= 1 -> 2 ^ n = 2 * 2 ^ (n - 1).
Proof.
  Fail lia. 
Abort.



Require Import Ring.

Theorem mult_comm : forall (n m : nat),
    n * m = m * n.
Proof.
  intros n m. ring.
Qed.






Theorem eq_example1 :
  forall (A B C : Type) (f : A -> B) (g : B -> C) (x : A) (y : B),
    y = f x -> g y = g (f x).
Proof.
  intros. rewrite H. reflexivity.
Qed.







Theorem eq_example1' :
  forall (A B C : Type) (f : A -> B) (g : B -> C) (x : A) (y : B),
    y = f x -> g y = g (f x).
Proof.
  congruence.
Qed.



Theorem eq_example2 : forall (n m o p : nat),
    n = m ->
    o = p ->
    (n, o) = (m, p).
Proof.
  congruence.
Qed.

Theorem eq_example3 : forall (X : Type) (h : X) (t : list X),
    [] <> h :: t.
Proof.
  congruence.
Qed.






Theorem intuition_succeed1 : forall (P : Prop),
    P -> P.
Proof. intuition. Qed.

Theorem intuition_succeed2 : forall (P Q : Prop),
    ~ (P \/ Q) -> ~P /\ ~Q.
Proof. intuition. Qed.

Theorem intuition_simplify1 : forall (P : Prop),
    ~~P -> P.
Proof.
  intuition. 
Abort.

Theorem intuition_simplify2 : forall (x y : nat) (P Q : nat -> Prop),
  x = y /\ (P x -> Q x) /\ P x -> Q y.
Proof.
  Fail congruence. 
  intuition. 
  congruence.
Qed.



Theorem intuition_simplify2' : forall (x y : nat) (P Q : nat -> Prop),
  x = y /\ (P x -> Q x) /\ P x -> Q y.
Proof.
  intuition congruence.
Qed.






Theorem plus_id_exercise_from_basics : forall n m o : nat,
  n = m -> m = o -> n + m = m + o.
Proof. lia. Qed.

Theorem add_assoc_from_induction : forall n m p : nat,
    n + (m + p) = (n + m) + p.
Proof. lia. Qed.

Theorem S_injective_from_tactics : forall (n m : nat),
  S n = S m ->
  n = m.
Proof. congruence. Qed.

Theorem or_distributes_over_and_from_logic : forall P Q R : Prop,
    P \/ (Q /\ R) <-> (P \/ Q) /\ (P \/ R).
Proof. intuition. Qed.













Example auto_example_1 : forall (P Q R: Prop),
  (P -> Q) -> (Q -> R) -> P -> R.
Proof.
  intros P Q R H1 H2 H3.
  apply H2. apply H1. apply H3.
Qed.



Example auto_example_1' : forall (P Q R: Prop),
  (P -> Q) -> (Q -> R) -> P -> R.
Proof.
  auto.
Qed.







Example auto_example_2 : forall P Q R S T U : Prop,
  (P -> Q) ->
  (P -> R) ->
  (T -> R) ->
  (S -> T -> U) ->
  ((P -> Q) -> (P -> S)) ->
  T ->
  P ->
  U.
Proof. auto. Qed.



Example auto_example_3 : forall (P Q R S T U: Prop),
  (P -> Q) ->
  (Q -> R) ->
  (R -> S) ->
  (S -> T) ->
  (T -> U) ->
  P ->
  U.
Proof.
  
  auto.
  
  auto 6.
Qed.



Example auto_example_4 : forall P Q R : Prop,
  Q ->
  (Q -> R) ->
  P \/ (Q /\ R).
Proof. auto. Qed.



Example auto_example_5 : 2 = 2.
Proof.
  
  auto.
Qed.



Lemma le_antisym : forall n m: nat, (n <= m /\ m <= n) -> n = m.
Proof. intros. lia. Qed.



Lemma zero_is_smaller_or_equal_to_m_2 : forall m : nat, forall H : 0 <= 0 -> 0 <= m <= 0, forall H0 : 0 <= 0, forall H1 : 0 = 0, 0 = m.

Proof.
(* The goal is to prove that 0 is smaller or equal to m, given the hypothesis that 0 <= 0 and 0 <= m <= 0.
We will proceed by contradiction.
Assume the negation of the goal, that is, 0 > m.
*)
  intros m H H0 H1.
assert (H2 : 0 > m).
{ (* We need to prove 0 > m, which is the same as m < 0.
However, we know that m <= 0 by hypothesis.
Therefore, we can use the le_lt_trans lemma to show that m < 0.
*)
    apply le_lt_trans.
{ (* First, we need to prove 0 <= m.
We already have this hypothesis.
*)
      assumption.
}
    { (* Second, we need to prove m < 0.
We are assuming this for the purpose of deriving a contradiction.
*)
      apply lt_irrefl.
{ (* We need to prove m <= 0 /\ m < 0.
We already have the hypothesis that m <= 0.
For the hypothesis that m < 0, we use the assumption H2 that we are deriving a contradiction for.
*)
        split.
{ (* First subgoal: m <= 0 *)
          assumption.
}
        { (* Second subgoal: m < 0 *)
          assumption.
}
      }
    }
  }
  { (* We now have a contradiction: 0 > m and m <= 0.
We can use the lt_le_not_le lemma to derive a contradiction.
*)
    apply lt_le_not_le.
{ (* First, we need to prove 0 <= m.
We already have this hypothesis.
*)
      assumption.
}
    { (* Second, we need to prove 0 > m.
We are assuming this for the purpose of deriving a contradiction.
*)
      assumption.
}
  }
  (* We have derived a contradiction, so the original assumption that 0 > m must be false.
Therefore, we can prove 0 = m.
*)
  reflexivity.
Qed.

Outdated contents in ..cache: recomputing
ERROR MESSAGE IN LEMMA PROOF (FRAGMENT #1628)
Error in step "apply le_lt_trans.".
Message: Unable to find an instance for the variable m..
Goal: 0 > m.


TRYING TO PROVE LEMMA
Lemma zero_less_than_any_positive_integer_3 : forall m : nat, forall H : 0 <= 0 -> 0 <= m <= 0, forall H0 : 0 <= 0, forall H1 : 0 = 0, 0 > m.


ATTEMPTED LEMMA PROOF (LEMMAS USED: 4)




Set Warnings "-notation-overridden,-parsing,-deprecated-hint-without-locality".
From Coq Require Import Arith List.
From LF Require Import IndProp.



Fixpoint re_opt_e {T:Type} (re: reg_exp T) : reg_exp T :=
  match re with
  | App EmptyStr re2 => re_opt_e re2
  | App re1 re2 => App (re_opt_e re1) (re_opt_e re2)
  | Union re1 re2 => Union (re_opt_e re1) (re_opt_e re2)
  | Star re => Star (re_opt_e re)
  | _ => re
  end.



Lemma re_opt_e_match : forall T (re: reg_exp T) s,
  s =~ re -> s =~ re_opt_e re.
Proof.
  intros T re s M.
  induction M
    as [| x'
        | s1 re1 s2 re2 Hmatch1 IH1 Hmatch2 IH2
        | s1 re1 re2 Hmatch IH | re1 s2 re2 Hmatch IH
        | re | s1 s2 re Hmatch1 IH1 Hmatch2 IH2].
  -  simpl. apply MEmpty.
  -  simpl. apply MChar.
  -  simpl.
    destruct re1.
    + apply MApp.
      * apply IH1.
      * apply IH2.
    + inversion Hmatch1. simpl. apply IH2.
    + apply MApp.
      * apply IH1.
      * apply IH2.
    + apply MApp.
      * apply IH1.
      * apply IH2.
    + apply MApp.
      * apply IH1.
      * apply IH2.
    + apply MApp.
      * apply IH1.
      * apply IH2.
  -  simpl. apply MUnionL. apply IH.
  -  simpl. apply MUnionR. apply IH.
  -  simpl. apply MStar0.
  -  simpl. apply MStarApp.
    * apply IH1.
    * apply IH2.
Qed.













Theorem silly1 : forall n, 1 + n = S n.
Proof. try reflexivity.  Qed.

Theorem silly2 : forall (P : Prop), P -> P.
Proof.
  intros P HP.
  Fail reflexivity.
  try reflexivity. 
  apply HP.
Qed.










Lemma simple_semi : forall n, (n + 1 =? 0) = false.
Proof.
  intros n.
  destruct n eqn:E.
    
    -  simpl. reflexivity.
    -  simpl. reflexivity.
Qed.



Lemma simple_semi' : forall n, (n + 1 =? 0) = false.
Proof.
  intros n.
  
  destruct n;
  
  simpl;
  
  reflexivity.
Qed.



Lemma simple_semi'' : forall n, (n + 1 =? 0) = false.
Proof.
  destruct n; reflexivity.
Qed.





Theorem andb_eq_orb :
  forall (b c : bool),
  (andb b c = orb b c) ->
  b = c.
Proof. destruct b; destruct c; try reflexivity; try discriminate. Qed.

Theorem add_assoc : forall n m p : nat,
    n + (m + p) = (n + m) + p.
Proof. intros n m p; induction n as [| n' IHn']; try (simpl; rewrite IHn'); reflexivity. Qed.

Fixpoint nonzeros (lst : list nat) :=
  match lst with
  | [] => []
  | 0 :: t => nonzeros t
  | h :: t => h :: nonzeros t
  end.

Lemma nonzeros_app : forall lst1 lst2 : list nat,
  nonzeros (lst1 ++ lst2) = (nonzeros lst1) ++ (nonzeros lst2).
Proof. intros lst1 lst2; induction lst1 as [|h t IH]; try (destruct h; simpl; rewrite <- IH); reflexivity. Qed.





Lemma re_opt_e_match' : forall T (re: reg_exp T) s,
  s =~ re -> s =~ re_opt_e re.
Proof.
  intros T re s M.
  induction M
    as [| x'
        | s1 re1 s2 re2 Hmatch1 IH1 Hmatch2 IH2
        | s1 re1 re2 Hmatch IH | re1 s2 re2 Hmatch IH
        | re | s1 s2 re Hmatch1 IH1 Hmatch2 IH2];
    
    simpl.
  -  apply MEmpty.
  -  apply MChar.
  - 
    destruct re1;
    
    try (apply MApp; try apply IH1; apply IH2).
    
    inversion Hmatch1. simpl. apply IH2.
  -  apply MUnionL. apply IH.
  -  apply MUnionR. apply IH.
  -  apply MStar0.
  -   apply MStarApp. apply IH1.  apply IH2.
Qed.






Theorem app_length : forall (X : Type) (lst1 lst2 : list X),
    length (lst1 ++ lst2) = (length lst1) + (length lst2).
Proof.
  intros; induction lst1;
    [reflexivity | simpl; rewrite IHlst1; reflexivity].
Qed.



Theorem app_length' : forall (X : Type) (lst1 lst2 : list X),
    length (lst1 ++ lst2) = (length lst1) + (length lst2).
Proof.
  intros; induction lst1;
    [idtac | simpl; rewrite IHlst1];
    reflexivity.
Qed.





Theorem add_assoc' : forall n m p : nat,
    n + (m + p) = (n + m) + p.
Proof. intros n m p; induction n as [| n' IHn']; [| simpl; rewrite IHn']; reflexivity. Qed.





Lemma re_opt_e_match'' : forall T (re: reg_exp T) s,
  s =~ re -> s =~ re_opt_e re.
Proof.
  intros T re s M.
  induction M
    as [| x'
        | s1 re1 s2 re2 Hmatch1 IH1 Hmatch2 IH2
        | s1 re1 re2 Hmatch IH | re1 s2 re2 Hmatch IH
        | re | s1 s2 re Hmatch1 IH1 Hmatch2 IH2];
    
    simpl.
  -  apply MEmpty.
  -  apply MChar.
  - 
    destruct re1;
    try (apply MApp; [apply IH1 | apply IH2]).  
    inversion Hmatch1. simpl. apply IH2.
  -  apply MUnionL. apply IH.
  -  apply MUnionR. apply IH.
  -  apply MStar0.
  -   apply MStarApp; [apply IH1 | apply IH2].  
Qed.






Theorem In10 : In 10 [1;2;3;4;5;6;7;8;9;10].
Proof.
  repeat (try (left; reflexivity); right).
Qed.



Theorem In10' : In 10 [1;2;3;4;5;6;7;8;9;10].
Proof.
  repeat (left; reflexivity).
  repeat (right; try (left; reflexivity)).
Qed.





Theorem ev100: ev 100.
Proof. repeat (apply ev_SS). apply ev_0. Qed.









Fixpoint re_opt {T:Type} (re: reg_exp T) : reg_exp T :=
  match re with
  | App _ EmptySet => EmptySet
  | App EmptyStr re2 => re_opt re2
  | App re1 EmptyStr => re_opt re1
  | App re1 re2 => App (re_opt re1) (re_opt re2)
  | Union EmptySet re2 => re_opt re2
  | Union re1 EmptySet => re_opt re1
  | Union re1 re2 => Union (re_opt re1) (re_opt re2)
  | Star EmptySet => EmptyStr
  | Star EmptyStr => EmptyStr
  | Star re => Star (re_opt re)
  | EmptySet => EmptySet
  | EmptyStr => EmptyStr
  | Char x => Char x
  end.



Lemma re_opt_match : forall T (re: reg_exp T) s,
  s =~ re -> s =~ re_opt re.
Proof.
  intros T re s M.
  induction M
    as [| x'
        | s1 re1 s2 re2 Hmatch1 IH1 Hmatch2 IH2
        | s1 re1 re2 Hmatch IH | re1 s2 re2 Hmatch IH
        | re | s1 s2 re Hmatch1 IH1 Hmatch2 IH2].
  -  simpl. apply MEmpty.
  -  simpl. apply MChar.
  -  simpl.
    destruct re1.
    + inversion IH1.
    + inversion IH1. simpl. destruct re2.
      * apply IH2.
      * apply IH2.
      * apply IH2.
      * apply IH2.
      * apply IH2.
      * apply IH2.
    + destruct re2.
      * inversion IH2.
      * inversion IH2. rewrite app_nil_r. apply IH1.
      * apply MApp.
        -- apply IH1.
        -- apply IH2.
      * apply MApp.
        -- apply IH1.
        -- apply IH2.
      * apply MApp.
        -- apply IH1.
        -- apply IH2.
      * apply MApp.
        -- apply IH1.
        -- apply IH2.
    + destruct re2.
      * inversion IH2.
      * inversion IH2. rewrite app_nil_r.  apply IH1.
      * apply MApp.
        -- apply IH1.
        -- apply IH2.
      * apply MApp.
        -- apply IH1.
        -- apply IH2.
      * apply MApp.
        -- apply IH1.
        -- apply IH2.
      * apply MApp.
        -- apply IH1.
        -- apply IH2.
    + destruct re2.
      * inversion IH2.
      * inversion IH2. rewrite app_nil_r. apply IH1.
      * apply MApp.
        -- apply IH1.
        -- apply IH2.
      * apply MApp.
        -- apply IH1.
        -- apply IH2.
      * apply MApp.
        -- apply IH1.
        -- apply IH2.
      * apply MApp.
        -- apply IH1.
        -- apply IH2.
    + destruct re2.
      * inversion IH2.
      * inversion IH2. rewrite app_nil_r. apply IH1.
      * apply MApp.
        -- apply IH1.
        -- apply IH2.
      * apply MApp.
        -- apply IH1.
        -- apply IH2.
      * apply MApp.
        -- apply IH1.
        -- apply IH2.
      * apply MApp.
        -- apply IH1.
        -- apply IH2.
  -  simpl.
    destruct re1.
    + inversion IH.
    + destruct re2.
      * apply IH.
      * apply MUnionL. apply IH.
      * apply MUnionL. apply IH.
      * apply MUnionL. apply IH.
      * apply MUnionL. apply IH.
      * apply MUnionL. apply IH.
    + destruct re2.
      * apply IH.
      * apply MUnionL. apply IH.
      * apply MUnionL. apply IH.
      * apply MUnionL. apply IH.
      * apply MUnionL. apply IH.
      * apply MUnionL. apply IH.
    + destruct re2.
      * apply IH.
      * apply MUnionL. apply IH.
      * apply MUnionL. apply IH.
      * apply MUnionL. apply IH.
      * apply MUnionL. apply IH.
      * apply MUnionL. apply IH.
    + destruct re2.
      * apply IH.
      * apply MUnionL. apply IH.
      * apply MUnionL. apply IH.
      * apply MUnionL. apply IH.
      * apply MUnionL. apply IH.
      * apply MUnionL. apply IH.
    + destruct re2.
      * apply IH.
      * apply MUnionL. apply IH.
      * apply MUnionL. apply IH.
      * apply MUnionL. apply IH.
      * apply MUnionL. apply IH.
      * apply MUnionL. apply IH.
  -  simpl.
    destruct re1.
    + apply IH.
    + destruct re2.
      * inversion IH.
      * apply MUnionR. apply IH.
      * apply MUnionR. apply IH.
      * apply MUnionR. apply IH.
      * apply MUnionR. apply IH.
      * apply MUnionR. apply IH.
    + destruct re2.
      * inversion IH.
      * apply MUnionR. apply IH.
      * apply MUnionR. apply IH.
      * apply MUnionR. apply IH.
      * apply MUnionR. apply IH.
      * apply MUnionR. apply IH.
    + destruct re2.
      * inversion IH.
      * apply MUnionR. apply IH.
      * apply MUnionR. apply IH.
      * apply MUnionR. apply IH.
      * apply MUnionR. apply IH.
      * apply MUnionR. apply IH.
    + destruct re2.
      * inversion IH.
      * apply MUnionR. apply IH.
      * apply MUnionR. apply IH.
      * apply MUnionR. apply IH.
      * apply MUnionR. apply IH.
      * apply MUnionR. apply IH.
    + destruct re2.
      * inversion IH.
      * apply MUnionR. apply IH.
      * apply MUnionR. apply IH.
      * apply MUnionR. apply IH.
      * apply MUnionR. apply IH.
      * apply MUnionR. apply IH.
 -  simpl.
    destruct re.
    + apply MEmpty.
    + apply MEmpty.
    + apply MStar0.
    + apply MStar0.
    + apply MStar0.
    + simpl.
      destruct re.
      * apply MStar0.
      * apply MStar0.
      * apply MStar0.
      * apply MStar0.
      * apply MStar0.
      * apply MStar0.
 -  simpl.
   destruct re.
   + inversion IH1.
   + inversion IH1. inversion IH2. apply MEmpty.
   + apply star_app.
     * apply MStar1. apply IH1.
     * apply IH2.
   + apply star_app.
     * apply MStar1.  apply IH1.
     * apply IH2.
   + apply star_app.
     * apply MStar1.  apply IH1.
     * apply IH2.
   + apply star_app.
     * apply MStar1.  apply IH1.
     * apply IH2.
Qed.



Lemma re_opt_match' : forall T (re: reg_exp T) s,
  s =~ re -> s =~ re_opt re.
Proof.
  intros T re s M.
  induction M
    as [| x'
        | s1 re1 s2 re2 Hmatch1 IH1 Hmatch2 IH2
        | s1 re1 re2 Hmatch IH | re1 s2 re2 Hmatch IH
        | re | s1 s2 re Hmatch1 IH1 Hmatch2 IH2].
  -  simpl; apply MEmpty.
  -  simpl; apply MChar.
  - 
    simpl;
      destruct re1;
      [inversion IH1 | inversion IH1; simpl; destruct re2; apply IH2 | | | |];
      (destruct re2;
       [inversion IH2 | inversion IH2; rewrite app_nil_r; apply IH1 | | | | ];
       (apply MApp; [apply IH1 | apply IH2])).
  - 
    simpl;
      destruct re1;
      [inversion IH | | | | |];
      destruct re2; try apply MUnionL; apply IH.
  - 
    simpl;
      destruct re1;
      [apply IH | | | | |];
      (destruct re2; [inversion IH | | | | |]; apply MUnionR; apply IH).
 - 
   simpl;
     destruct re; try apply MEmpty; try apply MStar0.
 - 
   simpl;
    destruct re;
    [inversion IH1 | inversion IH1; inversion IH2; apply MEmpty | | | |];
    (apply star_app; [apply MStar1; apply IH1 | apply IH2]).
Qed.

Definition manual_grade_for_re_opt : option (nat*string) := None.







Theorem hyp_name : forall (P : Prop), P -> P.
Proof.
  intros P HP. apply HP.
Qed.








Theorem no_hyp_name : forall (P : Prop), P -> P.
Proof.
  intros. assumption.
Qed.








Theorem false_assumed : False -> 0 = 1.
Proof.
  intros H. destruct H.
Qed.

Theorem false_assumed' : False -> 0 = 1.
Proof.
  intros. contradiction.
Qed.

Theorem contras : forall (P : Prop), P -> ~P -> 0 = 1.
Proof.
  intros P HP HNP. exfalso. apply HNP. apply HP.
Qed.

Theorem contras' : forall (P : Prop), P -> ~P -> 0 = 1.
Proof.
  intros. contradiction.
Qed.






Theorem many_eq : forall (n m o p : nat),
  n = m ->
  o = p ->
  [n; o] = [m; p].
Proof.
  intros n m o p Hnm Hop. rewrite Hnm. rewrite Hop. reflexivity.
Qed.

Theorem many_eq' : forall (n m o p : nat),
  n = m ->
  o = p ->
  [n; o] = [m; p].
Proof.
  intros. subst. reflexivity.
Qed.








Check ev_0 : ev 0.
Check ev_SS : forall n : nat, ev n -> ev (S (S n)).

Example constructor_example: forall (n:nat),
    ev (n + n).
Proof.
  induction n; simpl.
  - constructor. 
  - rewrite add_comm. simpl. constructor. 
    assumption.
Qed.













From Coq Require Import Lia.

Theorem lia_succeed1 : forall (n : nat),
  n > 0 -> n * 2 > n.
Proof. lia. Qed.

Theorem lia_succeed2 : forall (n m : nat),
    n * m = m * n.
Proof.
  lia. 
Qed.

Theorem lia_fail1 : 0 = 1.
Proof.
  Fail lia. 
Abort.

Theorem lia_fail2 : forall (n : nat),
    n >= 1 -> 2 ^ n = 2 * 2 ^ (n - 1).
Proof.
  Fail lia. 
Abort.



Require Import Ring.

Theorem mult_comm : forall (n m : nat),
    n * m = m * n.
Proof.
  intros n m. ring.
Qed.






Theorem eq_example1 :
  forall (A B C : Type) (f : A -> B) (g : B -> C) (x : A) (y : B),
    y = f x -> g y = g (f x).
Proof.
  intros. rewrite H. reflexivity.
Qed.







Theorem eq_example1' :
  forall (A B C : Type) (f : A -> B) (g : B -> C) (x : A) (y : B),
    y = f x -> g y = g (f x).
Proof.
  congruence.
Qed.



Theorem eq_example2 : forall (n m o p : nat),
    n = m ->
    o = p ->
    (n, o) = (m, p).
Proof.
  congruence.
Qed.

Theorem eq_example3 : forall (X : Type) (h : X) (t : list X),
    [] <> h :: t.
Proof.
  congruence.
Qed.






Theorem intuition_succeed1 : forall (P : Prop),
    P -> P.
Proof. intuition. Qed.

Theorem intuition_succeed2 : forall (P Q : Prop),
    ~ (P \/ Q) -> ~P /\ ~Q.
Proof. intuition. Qed.

Theorem intuition_simplify1 : forall (P : Prop),
    ~~P -> P.
Proof.
  intuition. 
Abort.

Theorem intuition_simplify2 : forall (x y : nat) (P Q : nat -> Prop),
  x = y /\ (P x -> Q x) /\ P x -> Q y.
Proof.
  Fail congruence. 
  intuition. 
  congruence.
Qed.



Theorem intuition_simplify2' : forall (x y : nat) (P Q : nat -> Prop),
  x = y /\ (P x -> Q x) /\ P x -> Q y.
Proof.
  intuition congruence.
Qed.






Theorem plus_id_exercise_from_basics : forall n m o : nat,
  n = m -> m = o -> n + m = m + o.
Proof. lia. Qed.

Theorem add_assoc_from_induction : forall n m p : nat,
    n + (m + p) = (n + m) + p.
Proof. lia. Qed.

Theorem S_injective_from_tactics : forall (n m : nat),
  S n = S m ->
  n = m.
Proof. congruence. Qed.

Theorem or_distributes_over_and_from_logic : forall P Q R : Prop,
    P \/ (Q /\ R) <-> (P \/ Q) /\ (P \/ R).
Proof. intuition. Qed.













Example auto_example_1 : forall (P Q R: Prop),
  (P -> Q) -> (Q -> R) -> P -> R.
Proof.
  intros P Q R H1 H2 H3.
  apply H2. apply H1. apply H3.
Qed.



Example auto_example_1' : forall (P Q R: Prop),
  (P -> Q) -> (Q -> R) -> P -> R.
Proof.
  auto.
Qed.







Example auto_example_2 : forall P Q R S T U : Prop,
  (P -> Q) ->
  (P -> R) ->
  (T -> R) ->
  (S -> T -> U) ->
  ((P -> Q) -> (P -> S)) ->
  T ->
  P ->
  U.
Proof. auto. Qed.



Example auto_example_3 : forall (P Q R S T U: Prop),
  (P -> Q) ->
  (Q -> R) ->
  (R -> S) ->
  (S -> T) ->
  (T -> U) ->
  P ->
  U.
Proof.
  
  auto.
  
  auto 6.
Qed.



Example auto_example_4 : forall P Q R : Prop,
  Q ->
  (Q -> R) ->
  P \/ (Q /\ R).
Proof. auto. Qed.



Example auto_example_5 : 2 = 2.
Proof.
  
  auto.
Qed.



Lemma le_antisym : forall n m: nat, (n <= m /\ m <= n) -> n = m.
Proof. intros. lia. Qed.



Lemma zero_less_than_any_positive_integer_3 : forall m : nat, forall H : 0 <= 0 -> 0 <= m <= 0, forall H0 : 0 <= 0, forall H1 : 0 = 0, 0 > m.

Proof.
intros m H H0 H1.
apply H in H0.
apply H in H1.
apply H0.
apply H1.
apply lt_irrefl.
Qed.

Outdated contents in ..cache: recomputing
ERROR MESSAGE IN LEMMA PROOF (FRAGMENT #1626)
Error in step "apply H in H1.".
Message: Unable to apply lemma of type "0 <= 0 -> 0 <= m <= 0"
on hypothesis of type "0 = 0"..
Goal: 0 > m.


TRYING TO PROVE LEMMA
Lemma nat_zero_less_than_any_positive_integer_4 : forall m : nat, forall H : 0 <= 0 -> 0 <= m <= 0, forall H0 : 0 <= m <= 0, forall H1 : 0 = 0, 0 > m.


ATTEMPTED LEMMA PROOF (LEMMAS USED: 5)




Set Warnings "-notation-overridden,-parsing,-deprecated-hint-without-locality".
From Coq Require Import Arith List.
From LF Require Import IndProp.



Fixpoint re_opt_e {T:Type} (re: reg_exp T) : reg_exp T :=
  match re with
  | App EmptyStr re2 => re_opt_e re2
  | App re1 re2 => App (re_opt_e re1) (re_opt_e re2)
  | Union re1 re2 => Union (re_opt_e re1) (re_opt_e re2)
  | Star re => Star (re_opt_e re)
  | _ => re
  end.



Lemma re_opt_e_match : forall T (re: reg_exp T) s,
  s =~ re -> s =~ re_opt_e re.
Proof.
  intros T re s M.
  induction M
    as [| x'
        | s1 re1 s2 re2 Hmatch1 IH1 Hmatch2 IH2
        | s1 re1 re2 Hmatch IH | re1 s2 re2 Hmatch IH
        | re | s1 s2 re Hmatch1 IH1 Hmatch2 IH2].
  -  simpl. apply MEmpty.
  -  simpl. apply MChar.
  -  simpl.
    destruct re1.
    + apply MApp.
      * apply IH1.
      * apply IH2.
    + inversion Hmatch1. simpl. apply IH2.
    + apply MApp.
      * apply IH1.
      * apply IH2.
    + apply MApp.
      * apply IH1.
      * apply IH2.
    + apply MApp.
      * apply IH1.
      * apply IH2.
    + apply MApp.
      * apply IH1.
      * apply IH2.
  -  simpl. apply MUnionL. apply IH.
  -  simpl. apply MUnionR. apply IH.
  -  simpl. apply MStar0.
  -  simpl. apply MStarApp.
    * apply IH1.
    * apply IH2.
Qed.













Theorem silly1 : forall n, 1 + n = S n.
Proof. try reflexivity.  Qed.

Theorem silly2 : forall (P : Prop), P -> P.
Proof.
  intros P HP.
  Fail reflexivity.
  try reflexivity. 
  apply HP.
Qed.










Lemma simple_semi : forall n, (n + 1 =? 0) = false.
Proof.
  intros n.
  destruct n eqn:E.
    
    -  simpl. reflexivity.
    -  simpl. reflexivity.
Qed.



Lemma simple_semi' : forall n, (n + 1 =? 0) = false.
Proof.
  intros n.
  
  destruct n;
  
  simpl;
  
  reflexivity.
Qed.



Lemma simple_semi'' : forall n, (n + 1 =? 0) = false.
Proof.
  destruct n; reflexivity.
Qed.





Theorem andb_eq_orb :
  forall (b c : bool),
  (andb b c = orb b c) ->
  b = c.
Proof. destruct b; destruct c; try reflexivity; try discriminate. Qed.

Theorem add_assoc : forall n m p : nat,
    n + (m + p) = (n + m) + p.
Proof. intros n m p; induction n as [| n' IHn']; try (simpl; rewrite IHn'); reflexivity. Qed.

Fixpoint nonzeros (lst : list nat) :=
  match lst with
  | [] => []
  | 0 :: t => nonzeros t
  | h :: t => h :: nonzeros t
  end.

Lemma nonzeros_app : forall lst1 lst2 : list nat,
  nonzeros (lst1 ++ lst2) = (nonzeros lst1) ++ (nonzeros lst2).
Proof. intros lst1 lst2; induction lst1 as [|h t IH]; try (destruct h; simpl; rewrite <- IH); reflexivity. Qed.





Lemma re_opt_e_match' : forall T (re: reg_exp T) s,
  s =~ re -> s =~ re_opt_e re.
Proof.
  intros T re s M.
  induction M
    as [| x'
        | s1 re1 s2 re2 Hmatch1 IH1 Hmatch2 IH2
        | s1 re1 re2 Hmatch IH | re1 s2 re2 Hmatch IH
        | re | s1 s2 re Hmatch1 IH1 Hmatch2 IH2];
    
    simpl.
  -  apply MEmpty.
  -  apply MChar.
  - 
    destruct re1;
    
    try (apply MApp; try apply IH1; apply IH2).
    
    inversion Hmatch1. simpl. apply IH2.
  -  apply MUnionL. apply IH.
  -  apply MUnionR. apply IH.
  -  apply MStar0.
  -   apply MStarApp. apply IH1.  apply IH2.
Qed.






Theorem app_length : forall (X : Type) (lst1 lst2 : list X),
    length (lst1 ++ lst2) = (length lst1) + (length lst2).
Proof.
  intros; induction lst1;
    [reflexivity | simpl; rewrite IHlst1; reflexivity].
Qed.



Theorem app_length' : forall (X : Type) (lst1 lst2 : list X),
    length (lst1 ++ lst2) = (length lst1) + (length lst2).
Proof.
  intros; induction lst1;
    [idtac | simpl; rewrite IHlst1];
    reflexivity.
Qed.





Theorem add_assoc' : forall n m p : nat,
    n + (m + p) = (n + m) + p.
Proof. intros n m p; induction n as [| n' IHn']; [| simpl; rewrite IHn']; reflexivity. Qed.





Lemma re_opt_e_match'' : forall T (re: reg_exp T) s,
  s =~ re -> s =~ re_opt_e re.
Proof.
  intros T re s M.
  induction M
    as [| x'
        | s1 re1 s2 re2 Hmatch1 IH1 Hmatch2 IH2
        | s1 re1 re2 Hmatch IH | re1 s2 re2 Hmatch IH
        | re | s1 s2 re Hmatch1 IH1 Hmatch2 IH2];
    
    simpl.
  -  apply MEmpty.
  -  apply MChar.
  - 
    destruct re1;
    try (apply MApp; [apply IH1 | apply IH2]).  
    inversion Hmatch1. simpl. apply IH2.
  -  apply MUnionL. apply IH.
  -  apply MUnionR. apply IH.
  -  apply MStar0.
  -   apply MStarApp; [apply IH1 | apply IH2].  
Qed.






Theorem In10 : In 10 [1;2;3;4;5;6;7;8;9;10].
Proof.
  repeat (try (left; reflexivity); right).
Qed.



Theorem In10' : In 10 [1;2;3;4;5;6;7;8;9;10].
Proof.
  repeat (left; reflexivity).
  repeat (right; try (left; reflexivity)).
Qed.





Theorem ev100: ev 100.
Proof. repeat (apply ev_SS). apply ev_0. Qed.









Fixpoint re_opt {T:Type} (re: reg_exp T) : reg_exp T :=
  match re with
  | App _ EmptySet => EmptySet
  | App EmptyStr re2 => re_opt re2
  | App re1 EmptyStr => re_opt re1
  | App re1 re2 => App (re_opt re1) (re_opt re2)
  | Union EmptySet re2 => re_opt re2
  | Union re1 EmptySet => re_opt re1
  | Union re1 re2 => Union (re_opt re1) (re_opt re2)
  | Star EmptySet => EmptyStr
  | Star EmptyStr => EmptyStr
  | Star re => Star (re_opt re)
  | EmptySet => EmptySet
  | EmptyStr => EmptyStr
  | Char x => Char x
  end.



Lemma re_opt_match : forall T (re: reg_exp T) s,
  s =~ re -> s =~ re_opt re.
Proof.
  intros T re s M.
  induction M
    as [| x'
        | s1 re1 s2 re2 Hmatch1 IH1 Hmatch2 IH2
        | s1 re1 re2 Hmatch IH | re1 s2 re2 Hmatch IH
        | re | s1 s2 re Hmatch1 IH1 Hmatch2 IH2].
  -  simpl. apply MEmpty.
  -  simpl. apply MChar.
  -  simpl.
    destruct re1.
    + inversion IH1.
    + inversion IH1. simpl. destruct re2.
      * apply IH2.
      * apply IH2.
      * apply IH2.
      * apply IH2.
      * apply IH2.
      * apply IH2.
    + destruct re2.
      * inversion IH2.
      * inversion IH2. rewrite app_nil_r. apply IH1.
      * apply MApp.
        -- apply IH1.
        -- apply IH2.
      * apply MApp.
        -- apply IH1.
        -- apply IH2.
      * apply MApp.
        -- apply IH1.
        -- apply IH2.
      * apply MApp.
        -- apply IH1.
        -- apply IH2.
    + destruct re2.
      * inversion IH2.
      * inversion IH2. rewrite app_nil_r.  apply IH1.
      * apply MApp.
        -- apply IH1.
        -- apply IH2.
      * apply MApp.
        -- apply IH1.
        -- apply IH2.
      * apply MApp.
        -- apply IH1.
        -- apply IH2.
      * apply MApp.
        -- apply IH1.
        -- apply IH2.
    + destruct re2.
      * inversion IH2.
      * inversion IH2. rewrite app_nil_r. apply IH1.
      * apply MApp.
        -- apply IH1.
        -- apply IH2.
      * apply MApp.
        -- apply IH1.
        -- apply IH2.
      * apply MApp.
        -- apply IH1.
        -- apply IH2.
      * apply MApp.
        -- apply IH1.
        -- apply IH2.
    + destruct re2.
      * inversion IH2.
      * inversion IH2. rewrite app_nil_r. apply IH1.
      * apply MApp.
        -- apply IH1.
        -- apply IH2.
      * apply MApp.
        -- apply IH1.
        -- apply IH2.
      * apply MApp.
        -- apply IH1.
        -- apply IH2.
      * apply MApp.
        -- apply IH1.
        -- apply IH2.
  -  simpl.
    destruct re1.
    + inversion IH.
    + destruct re2.
      * apply IH.
      * apply MUnionL. apply IH.
      * apply MUnionL. apply IH.
      * apply MUnionL. apply IH.
      * apply MUnionL. apply IH.
      * apply MUnionL. apply IH.
    + destruct re2.
      * apply IH.
      * apply MUnionL. apply IH.
      * apply MUnionL. apply IH.
      * apply MUnionL. apply IH.
      * apply MUnionL. apply IH.
      * apply MUnionL. apply IH.
    + destruct re2.
      * apply IH.
      * apply MUnionL. apply IH.
      * apply MUnionL. apply IH.
      * apply MUnionL. apply IH.
      * apply MUnionL. apply IH.
      * apply MUnionL. apply IH.
    + destruct re2.
      * apply IH.
      * apply MUnionL. apply IH.
      * apply MUnionL. apply IH.
      * apply MUnionL. apply IH.
      * apply MUnionL. apply IH.
      * apply MUnionL. apply IH.
    + destruct re2.
      * apply IH.
      * apply MUnionL. apply IH.
      * apply MUnionL. apply IH.
      * apply MUnionL. apply IH.
      * apply MUnionL. apply IH.
      * apply MUnionL. apply IH.
  -  simpl.
    destruct re1.
    + apply IH.
    + destruct re2.
      * inversion IH.
      * apply MUnionR. apply IH.
      * apply MUnionR. apply IH.
      * apply MUnionR. apply IH.
      * apply MUnionR. apply IH.
      * apply MUnionR. apply IH.
    + destruct re2.
      * inversion IH.
      * apply MUnionR. apply IH.
      * apply MUnionR. apply IH.
      * apply MUnionR. apply IH.
      * apply MUnionR. apply IH.
      * apply MUnionR. apply IH.
    + destruct re2.
      * inversion IH.
      * apply MUnionR. apply IH.
      * apply MUnionR. apply IH.
      * apply MUnionR. apply IH.
      * apply MUnionR. apply IH.
      * apply MUnionR. apply IH.
    + destruct re2.
      * inversion IH.
      * apply MUnionR. apply IH.
      * apply MUnionR. apply IH.
      * apply MUnionR. apply IH.
      * apply MUnionR. apply IH.
      * apply MUnionR. apply IH.
    + destruct re2.
      * inversion IH.
      * apply MUnionR. apply IH.
      * apply MUnionR. apply IH.
      * apply MUnionR. apply IH.
      * apply MUnionR. apply IH.
      * apply MUnionR. apply IH.
 -  simpl.
    destruct re.
    + apply MEmpty.
    + apply MEmpty.
    + apply MStar0.
    + apply MStar0.
    + apply MStar0.
    + simpl.
      destruct re.
      * apply MStar0.
      * apply MStar0.
      * apply MStar0.
      * apply MStar0.
      * apply MStar0.
      * apply MStar0.
 -  simpl.
   destruct re.
   + inversion IH1.
   + inversion IH1. inversion IH2. apply MEmpty.
   + apply star_app.
     * apply MStar1. apply IH1.
     * apply IH2.
   + apply star_app.
     * apply MStar1.  apply IH1.
     * apply IH2.
   + apply star_app.
     * apply MStar1.  apply IH1.
     * apply IH2.
   + apply star_app.
     * apply MStar1.  apply IH1.
     * apply IH2.
Qed.



Lemma re_opt_match' : forall T (re: reg_exp T) s,
  s =~ re -> s =~ re_opt re.
Proof.
  intros T re s M.
  induction M
    as [| x'
        | s1 re1 s2 re2 Hmatch1 IH1 Hmatch2 IH2
        | s1 re1 re2 Hmatch IH | re1 s2 re2 Hmatch IH
        | re | s1 s2 re Hmatch1 IH1 Hmatch2 IH2].
  -  simpl; apply MEmpty.
  -  simpl; apply MChar.
  - 
    simpl;
      destruct re1;
      [inversion IH1 | inversion IH1; simpl; destruct re2; apply IH2 | | | |];
      (destruct re2;
       [inversion IH2 | inversion IH2; rewrite app_nil_r; apply IH1 | | | | ];
       (apply MApp; [apply IH1 | apply IH2])).
  - 
    simpl;
      destruct re1;
      [inversion IH | | | | |];
      destruct re2; try apply MUnionL; apply IH.
  - 
    simpl;
      destruct re1;
      [apply IH | | | | |];
      (destruct re2; [inversion IH | | | | |]; apply MUnionR; apply IH).
 - 
   simpl;
     destruct re; try apply MEmpty; try apply MStar0.
 - 
   simpl;
    destruct re;
    [inversion IH1 | inversion IH1; inversion IH2; apply MEmpty | | | |];
    (apply star_app; [apply MStar1; apply IH1 | apply IH2]).
Qed.

Definition manual_grade_for_re_opt : option (nat*string) := None.







Theorem hyp_name : forall (P : Prop), P -> P.
Proof.
  intros P HP. apply HP.
Qed.








Theorem no_hyp_name : forall (P : Prop), P -> P.
Proof.
  intros. assumption.
Qed.








Theorem false_assumed : False -> 0 = 1.
Proof.
  intros H. destruct H.
Qed.

Theorem false_assumed' : False -> 0 = 1.
Proof.
  intros. contradiction.
Qed.

Theorem contras : forall (P : Prop), P -> ~P -> 0 = 1.
Proof.
  intros P HP HNP. exfalso. apply HNP. apply HP.
Qed.

Theorem contras' : forall (P : Prop), P -> ~P -> 0 = 1.
Proof.
  intros. contradiction.
Qed.






Theorem many_eq : forall (n m o p : nat),
  n = m ->
  o = p ->
  [n; o] = [m; p].
Proof.
  intros n m o p Hnm Hop. rewrite Hnm. rewrite Hop. reflexivity.
Qed.

Theorem many_eq' : forall (n m o p : nat),
  n = m ->
  o = p ->
  [n; o] = [m; p].
Proof.
  intros. subst. reflexivity.
Qed.








Check ev_0 : ev 0.
Check ev_SS : forall n : nat, ev n -> ev (S (S n)).

Example constructor_example: forall (n:nat),
    ev (n + n).
Proof.
  induction n; simpl.
  - constructor. 
  - rewrite add_comm. simpl. constructor. 
    assumption.
Qed.













From Coq Require Import Lia.

Theorem lia_succeed1 : forall (n : nat),
  n > 0 -> n * 2 > n.
Proof. lia. Qed.

Theorem lia_succeed2 : forall (n m : nat),
    n * m = m * n.
Proof.
  lia. 
Qed.

Theorem lia_fail1 : 0 = 1.
Proof.
  Fail lia. 
Abort.

Theorem lia_fail2 : forall (n : nat),
    n >= 1 -> 2 ^ n = 2 * 2 ^ (n - 1).
Proof.
  Fail lia. 
Abort.



Require Import Ring.

Theorem mult_comm : forall (n m : nat),
    n * m = m * n.
Proof.
  intros n m. ring.
Qed.






Theorem eq_example1 :
  forall (A B C : Type) (f : A -> B) (g : B -> C) (x : A) (y : B),
    y = f x -> g y = g (f x).
Proof.
  intros. rewrite H. reflexivity.
Qed.







Theorem eq_example1' :
  forall (A B C : Type) (f : A -> B) (g : B -> C) (x : A) (y : B),
    y = f x -> g y = g (f x).
Proof.
  congruence.
Qed.



Theorem eq_example2 : forall (n m o p : nat),
    n = m ->
    o = p ->
    (n, o) = (m, p).
Proof.
  congruence.
Qed.

Theorem eq_example3 : forall (X : Type) (h : X) (t : list X),
    [] <> h :: t.
Proof.
  congruence.
Qed.






Theorem intuition_succeed1 : forall (P : Prop),
    P -> P.
Proof. intuition. Qed.

Theorem intuition_succeed2 : forall (P Q : Prop),
    ~ (P \/ Q) -> ~P /\ ~Q.
Proof. intuition. Qed.

Theorem intuition_simplify1 : forall (P : Prop),
    ~~P -> P.
Proof.
  intuition. 
Abort.

Theorem intuition_simplify2 : forall (x y : nat) (P Q : nat -> Prop),
  x = y /\ (P x -> Q x) /\ P x -> Q y.
Proof.
  Fail congruence. 
  intuition. 
  congruence.
Qed.



Theorem intuition_simplify2' : forall (x y : nat) (P Q : nat -> Prop),
  x = y /\ (P x -> Q x) /\ P x -> Q y.
Proof.
  intuition congruence.
Qed.






Theorem plus_id_exercise_from_basics : forall n m o : nat,
  n = m -> m = o -> n + m = m + o.
Proof. lia. Qed.

Theorem add_assoc_from_induction : forall n m p : nat,
    n + (m + p) = (n + m) + p.
Proof. lia. Qed.

Theorem S_injective_from_tactics : forall (n m : nat),
  S n = S m ->
  n = m.
Proof. congruence. Qed.

Theorem or_distributes_over_and_from_logic : forall P Q R : Prop,
    P \/ (Q /\ R) <-> (P \/ Q) /\ (P \/ R).
Proof. intuition. Qed.













Example auto_example_1 : forall (P Q R: Prop),
  (P -> Q) -> (Q -> R) -> P -> R.
Proof.
  intros P Q R H1 H2 H3.
  apply H2. apply H1. apply H3.
Qed.



Example auto_example_1' : forall (P Q R: Prop),
  (P -> Q) -> (Q -> R) -> P -> R.
Proof.
  auto.
Qed.







Example auto_example_2 : forall P Q R S T U : Prop,
  (P -> Q) ->
  (P -> R) ->
  (T -> R) ->
  (S -> T -> U) ->
  ((P -> Q) -> (P -> S)) ->
  T ->
  P ->
  U.
Proof. auto. Qed.



Example auto_example_3 : forall (P Q R S T U: Prop),
  (P -> Q) ->
  (Q -> R) ->
  (R -> S) ->
  (S -> T) ->
  (T -> U) ->
  P ->
  U.
Proof.
  
  auto.
  
  auto 6.
Qed.



Example auto_example_4 : forall P Q R : Prop,
  Q ->
  (Q -> R) ->
  P \/ (Q /\ R).
Proof. auto. Qed.



Example auto_example_5 : 2 = 2.
Proof.
  
  auto.
Qed.



Lemma le_antisym : forall n m: nat, (n <= m /\ m <= n) -> n = m.
Proof. intros. lia. Qed.



Lemma nat_zero_less_than_any_positive_integer_4 : forall m : nat, forall H : 0 <= 0 -> 0 <= m <= 0, forall H0 : 0 <= m <= 0, forall H1 : 0 = 0, 0 > m.

Proof.
intros m H H0 H1.
(* We have the hypothesis H : 0 <= 0 -> 0 <= m <= 0, H0 : 0 <= m <= 0, and H1 : 0 = 0.
We need to prove 0 > m.
*)

(* We will use the fact that if 0 <= m <= 0, then m = 0.
*)
apply H0 in H.
(* Now H is updated to 0 <= 0 -> 0 <= 0 <= 0, which simplifies to 0 <= 0 <= 0.
*)

(* We will now use the fact that if 0 <= n <= 0, then n = 0.
*)
apply H in H1.
(* Now H1 is updated to 0 = 0.
*)

(* We have H1 : 0 = 0 and we need to prove 0 > m.
Since 0 = 0, we can rewrite 0 > m as 0 > 0.
*)
rewrite H1 in H0.
(* Now H0 is updated to 0 > 0.
*)

(* We have H0 : 0 > 0 and we need to prove 0 > m.
Since 0 > 0 is false, we can use the fact that false implies anything.
*)
apply (False_implies _ H0).
Qed.

Outdated contents in ..cache: recomputing
ERROR MESSAGE IN LEMMA PROOF (FRAGMENT #1624)
Error in step "apply H0 in H.".
Message: Unable to apply lemma of type "0 <= m <= 0"
on hypothesis of type "0 <= 0 -> 0 <= m <= 0"..
Goal: 0 > m.


TRYING TO PROVE LEMMA
Lemma nat_zero_less_than_any_positive_integer_5 : forall m : nat, forall H : 0 <= 0 -> 0 <= m <= 0, forall H0 : 0 <= m <= 0, forall H1 : 0 = 0, 0 > m.


Error proving auto_example_6
MAX LEMMA DEPTH REACHED. GIVING UP.