PROVING auto_example_4
ATTEMPTED EXAMPLE PROOF (LEMMAS USED: 0)


Set Warnings "-notation-overridden,-parsing,-deprecated-hint-without-locality".
From Coq Require Import Lia.
From LF Require Import Maps.
From LF Require Import Imp.



Theorem ceval_deterministic: forall c st st1 st2,
  st =[ c ]=> st1  ->
  st =[ c ]=> st2 ->
  st1 = st2.
Proof.
  intros c st st1 st2 E1 E2;
  generalize dependent st2;
  induction E1; intros st2 E2; inversion E2; subst.
  -  reflexivity.
  -  reflexivity.
  - 
    rewrite (IHE1_1 st'0 H1) in *.
    apply IHE1_2. assumption.
  
  - 
    apply IHE1. assumption.
  - 
    rewrite H in H5. discriminate.
  
  - 
    rewrite H in H5. discriminate.
  - 
    apply IHE1. assumption.
  
  - 
    reflexivity.
  - 
    rewrite H in H2. discriminate.
  
  - 
    rewrite H in H4. discriminate.
  - 
    rewrite (IHE1_1 st'0 H3) in *.
    apply IHE1_2. assumption.  Qed.






Example auto_example_1 : forall (P Q R: Prop),
  (P -> Q) -> (Q -> R) -> P -> R.
Proof.
  intros P Q R H1 H2 H3.
  apply H2. apply H1. assumption.
Qed.



Example auto_example_1' : forall (P Q R: Prop),
  (P -> Q) -> (Q -> R) -> P -> R.
Proof.
  auto.
Qed.







Example auto_example_2 : forall P Q R S T U : Prop,
  (P -> Q) ->
  (P -> R) ->
  (T -> R) ->
  (S -> T -> U) ->
  ((P -> Q) -> (P -> S)) ->
  T ->
  P ->
  U.
Proof. auto. Qed.




Example auto_example_3 : forall (P Q R S T U: Prop),
  (P -> Q) ->
  (Q -> R) ->
  (R -> S) ->
  (S -> T) ->
  (T -> U) ->
  P ->
  U.
Proof.
  
  auto.

  
  

  
  auto 6.
Qed.





Example auto_example_4 : forall P Q R : Prop,
  Q ->
  (Q -> R) ->
  P \/ (Q /\ R).

Proof.
(* We will proceed by cases on P and Q.
*)
  intros P Q R HQ HQR.
destruct P as [P_true | P_false].
- (* P is true *)
    left.
assumption.
- (* P is false *)
    right.
split.
- (* Q is true *)
      assumption.
- (* Q /\ R *)
      intros HQ_false.
(* We have HQ_false : ¬ Q, and we want to prove Q.
We also have HQR : Q -> R, and we want to prove R.
Since we have HQ_false, we can't directly use HQR.
However, we can use the law of excluded middle to derive a contradiction.
*)
      apply (em Q).
- (* Q is true *)
        assumption.
- (* Q is false *)
        exfalso.
(* We have HQ_false : ¬ Q and HQR : Q -> R, so we can derive HQR (¬ Q) from HQ_false.
*)
        apply (HQ_false HQR).
(* This contradicts our assumption that Q is false.
*)
        contradiction.
(* Therefore, Q is true, and we can now derive R using HQR.
*)
      apply HQR.
assumption.
(* In all cases, we have proven P \/ (Q /\ R).
*)

Qed.

Outdated contents in ..cache: recomputing
ERROR MESSAGE IN EXAMPLE PROOF (FRAGMENT #132)
Error in step "destruct P as [P_true | P_false].".
Message: Not an inductive definition..
Goal: P \/ Q /\ R.


TRYING TO PROVE LEMMA
Lemma logical_disjunction_implies_conjunction_0 : forall P Q R : Prop, forall HQ : Q, forall HQR : Q -> R, P \/ Q /\ R.


ATTEMPTED LEMMA PROOF (LEMMAS USED: 1)


Set Warnings "-notation-overridden,-parsing,-deprecated-hint-without-locality".
From Coq Require Import Lia.
From LF Require Import Maps.
From LF Require Import Imp.



Theorem ceval_deterministic: forall c st st1 st2,
  st =[ c ]=> st1  ->
  st =[ c ]=> st2 ->
  st1 = st2.
Proof.
  intros c st st1 st2 E1 E2;
  generalize dependent st2;
  induction E1; intros st2 E2; inversion E2; subst.
  -  reflexivity.
  -  reflexivity.
  - 
    rewrite (IHE1_1 st'0 H1) in *.
    apply IHE1_2. assumption.
  
  - 
    apply IHE1. assumption.
  - 
    rewrite H in H5. discriminate.
  
  - 
    rewrite H in H5. discriminate.
  - 
    apply IHE1. assumption.
  
  - 
    reflexivity.
  - 
    rewrite H in H2. discriminate.
  
  - 
    rewrite H in H4. discriminate.
  - 
    rewrite (IHE1_1 st'0 H3) in *.
    apply IHE1_2. assumption.  Qed.






Example auto_example_1 : forall (P Q R: Prop),
  (P -> Q) -> (Q -> R) -> P -> R.
Proof.
  intros P Q R H1 H2 H3.
  apply H2. apply H1. assumption.
Qed.



Example auto_example_1' : forall (P Q R: Prop),
  (P -> Q) -> (Q -> R) -> P -> R.
Proof.
  auto.
Qed.







Example auto_example_2 : forall P Q R S T U : Prop,
  (P -> Q) ->
  (P -> R) ->
  (T -> R) ->
  (S -> T -> U) ->
  ((P -> Q) -> (P -> S)) ->
  T ->
  P ->
  U.
Proof. auto. Qed.




Example auto_example_3 : forall (P Q R S T U: Prop),
  (P -> Q) ->
  (Q -> R) ->
  (R -> S) ->
  (S -> T) ->
  (T -> U) ->
  P ->
  U.
Proof.
  
  auto.

  
  

  
  auto 6.
Qed.





Lemma logical_disjunction_implies_conjunction_0 : forall P Q R : Prop, forall HQ : Q, forall HQR : Q -> R, P \/ Q /\ R.

Proof.
intros P Q R HQ HQR.
destruct (em P) as [H_P | H_not_P].
- left.
apply H_P.
- right.
apply and_intro.
+ apply H_not_P.
+ apply HQR.
Qed.

Outdated contents in ..cache: recomputing
ERROR MESSAGE IN LEMMA PROOF (FRAGMENT #132)
Error in step "destruct (em P) as [H_P | H_not_P].".
Message: The variable em was not found in the current
environment..
Goal: P \/ Q /\ R.


TRYING TO PROVE LEMMA
Lemma logical_disjunction_implies_conjunction_1 : forall P Q R : Prop, forall HQ : Q, forall HQR : Q -> R, P \/ Q /\ R.


ATTEMPTED LEMMA PROOF (LEMMAS USED: 2)


Set Warnings "-notation-overridden,-parsing,-deprecated-hint-without-locality".
From Coq Require Import Lia.
From LF Require Import Maps.
From LF Require Import Imp.



Theorem ceval_deterministic: forall c st st1 st2,
  st =[ c ]=> st1  ->
  st =[ c ]=> st2 ->
  st1 = st2.
Proof.
  intros c st st1 st2 E1 E2;
  generalize dependent st2;
  induction E1; intros st2 E2; inversion E2; subst.
  -  reflexivity.
  -  reflexivity.
  - 
    rewrite (IHE1_1 st'0 H1) in *.
    apply IHE1_2. assumption.
  
  - 
    apply IHE1. assumption.
  - 
    rewrite H in H5. discriminate.
  
  - 
    rewrite H in H5. discriminate.
  - 
    apply IHE1. assumption.
  
  - 
    reflexivity.
  - 
    rewrite H in H2. discriminate.
  
  - 
    rewrite H in H4. discriminate.
  - 
    rewrite (IHE1_1 st'0 H3) in *.
    apply IHE1_2. assumption.  Qed.






Example auto_example_1 : forall (P Q R: Prop),
  (P -> Q) -> (Q -> R) -> P -> R.
Proof.
  intros P Q R H1 H2 H3.
  apply H2. apply H1. assumption.
Qed.



Example auto_example_1' : forall (P Q R: Prop),
  (P -> Q) -> (Q -> R) -> P -> R.
Proof.
  auto.
Qed.







Example auto_example_2 : forall P Q R S T U : Prop,
  (P -> Q) ->
  (P -> R) ->
  (T -> R) ->
  (S -> T -> U) ->
  ((P -> Q) -> (P -> S)) ->
  T ->
  P ->
  U.
Proof. auto. Qed.




Example auto_example_3 : forall (P Q R S T U: Prop),
  (P -> Q) ->
  (Q -> R) ->
  (R -> S) ->
  (S -> T) ->
  (T -> U) ->
  P ->
  U.
Proof.
  
  auto.

  
  

  
  auto 6.
Qed.





Lemma logical_disjunction_implies_conjunction_1 : forall P Q R : Prop, forall HQ : Q, forall HQR : Q -> R, P \/ Q /\ R.

Proof.
intros P Q R HQ HQR.
destruct (em P) as [H_P | H_not_P].
- left.
apply H_P.
- right.
apply and_intro.
+ apply H_not_P.
+ apply HQR.
Qed.

Outdated contents in ..cache: recomputing
ERROR MESSAGE IN LEMMA PROOF (FRAGMENT #132)
Error in step "destruct (em P) as [H_P | H_not_P].".
Message: The variable em was not found in the current
environment..
Goal: P \/ Q /\ R.


TRYING TO PROVE LEMMA
Lemma logical_disjunction_implies_conjunction_2 : forall P Q R : Prop, forall HQ : Q, forall HQR : Q -> R, P \/ Q /\ R.


ATTEMPTED LEMMA PROOF (LEMMAS USED: 3)


Set Warnings "-notation-overridden,-parsing,-deprecated-hint-without-locality".
From Coq Require Import Lia.
From LF Require Import Maps.
From LF Require Import Imp.



Theorem ceval_deterministic: forall c st st1 st2,
  st =[ c ]=> st1  ->
  st =[ c ]=> st2 ->
  st1 = st2.
Proof.
  intros c st st1 st2 E1 E2;
  generalize dependent st2;
  induction E1; intros st2 E2; inversion E2; subst.
  -  reflexivity.
  -  reflexivity.
  - 
    rewrite (IHE1_1 st'0 H1) in *.
    apply IHE1_2. assumption.
  
  - 
    apply IHE1. assumption.
  - 
    rewrite H in H5. discriminate.
  
  - 
    rewrite H in H5. discriminate.
  - 
    apply IHE1. assumption.
  
  - 
    reflexivity.
  - 
    rewrite H in H2. discriminate.
  
  - 
    rewrite H in H4. discriminate.
  - 
    rewrite (IHE1_1 st'0 H3) in *.
    apply IHE1_2. assumption.  Qed.






Example auto_example_1 : forall (P Q R: Prop),
  (P -> Q) -> (Q -> R) -> P -> R.
Proof.
  intros P Q R H1 H2 H3.
  apply H2. apply H1. assumption.
Qed.



Example auto_example_1' : forall (P Q R: Prop),
  (P -> Q) -> (Q -> R) -> P -> R.
Proof.
  auto.
Qed.







Example auto_example_2 : forall P Q R S T U : Prop,
  (P -> Q) ->
  (P -> R) ->
  (T -> R) ->
  (S -> T -> U) ->
  ((P -> Q) -> (P -> S)) ->
  T ->
  P ->
  U.
Proof. auto. Qed.




Example auto_example_3 : forall (P Q R S T U: Prop),
  (P -> Q) ->
  (Q -> R) ->
  (R -> S) ->
  (S -> T) ->
  (T -> U) ->
  P ->
  U.
Proof.
  
  auto.

  
  

  
  auto 6.
Qed.





Lemma logical_disjunction_implies_conjunction_2 : forall P Q R : Prop, forall HQ : Q, forall HQR : Q -> R, P \/ Q /\ R.

Proof.
intros P Q R HQ HQR.
destruct (classical_or P Q) as [H_P_or_Q | H_not_P_and_Q].
- (* P \/ Q *)
    left.
assumption.
- (* ~ P /\ Q *)
    right.
destruct H_not_P_and_Q as [H_not_P H_Q].
apply HQR.
assumption.
Qed.

Outdated contents in ..cache: recomputing
ERROR MESSAGE IN LEMMA PROOF (FRAGMENT #132)
Error in step "destruct (classical_or P Q) as [H_P_or_Q | H_not_P_and_Q].".
Message: The variable classical_or was not found in the current
environment..
Goal: P \/ Q /\ R.


TRYING TO PROVE LEMMA
Lemma logical_disjunction_implies_conjunction_3 : forall P Q R : Prop, forall HQ : Q, forall HQR : Q -> R, P \/ Q /\ R.


ATTEMPTED LEMMA PROOF (LEMMAS USED: 4)


Set Warnings "-notation-overridden,-parsing,-deprecated-hint-without-locality".
From Coq Require Import Lia.
From LF Require Import Maps.
From LF Require Import Imp.



Theorem ceval_deterministic: forall c st st1 st2,
  st =[ c ]=> st1  ->
  st =[ c ]=> st2 ->
  st1 = st2.
Proof.
  intros c st st1 st2 E1 E2;
  generalize dependent st2;
  induction E1; intros st2 E2; inversion E2; subst.
  -  reflexivity.
  -  reflexivity.
  - 
    rewrite (IHE1_1 st'0 H1) in *.
    apply IHE1_2. assumption.
  
  - 
    apply IHE1. assumption.
  - 
    rewrite H in H5. discriminate.
  
  - 
    rewrite H in H5. discriminate.
  - 
    apply IHE1. assumption.
  
  - 
    reflexivity.
  - 
    rewrite H in H2. discriminate.
  
  - 
    rewrite H in H4. discriminate.
  - 
    rewrite (IHE1_1 st'0 H3) in *.
    apply IHE1_2. assumption.  Qed.






Example auto_example_1 : forall (P Q R: Prop),
  (P -> Q) -> (Q -> R) -> P -> R.
Proof.
  intros P Q R H1 H2 H3.
  apply H2. apply H1. assumption.
Qed.



Example auto_example_1' : forall (P Q R: Prop),
  (P -> Q) -> (Q -> R) -> P -> R.
Proof.
  auto.
Qed.







Example auto_example_2 : forall P Q R S T U : Prop,
  (P -> Q) ->
  (P -> R) ->
  (T -> R) ->
  (S -> T -> U) ->
  ((P -> Q) -> (P -> S)) ->
  T ->
  P ->
  U.
Proof. auto. Qed.




Example auto_example_3 : forall (P Q R S T U: Prop),
  (P -> Q) ->
  (Q -> R) ->
  (R -> S) ->
  (S -> T) ->
  (T -> U) ->
  P ->
  U.
Proof.
  
  auto.

  
  

  
  auto 6.
Qed.





Lemma logical_disjunction_implies_conjunction_3 : forall P Q R : Prop, forall HQ : Q, forall HQR : Q -> R, P \/ Q /\ R.

Proof.
intros P Q R HQ HQR.
destruct (classical_or P Q) as [H_P_or_Q | H_not_P_and_Q].
- (* P \/ Q *)
    left.
assumption.
- (* ~ P /\ Q *)
    right.
destruct H_not_P_and_Q as [H_not_P H_not_Q].
apply and_intro.
- (* ~ P *)
      apply H_not_P.
- (* Q *)
      apply HQ.
Qed.

Outdated contents in ..cache: recomputing
ERROR MESSAGE IN LEMMA PROOF (FRAGMENT #132)
Error in step "destruct (classical_or P Q) as [H_P_or_Q | H_not_P_and_Q].".
Message: The variable classical_or was not found in the current
environment..
Goal: P \/ Q /\ R.


TRYING TO PROVE LEMMA
Lemma logical_disjunction_implies_conjunction_4 : forall P Q R : Prop, forall HQ : Q, forall HQR : Q -> R, P \/ Q /\ R.


ATTEMPTED LEMMA PROOF (LEMMAS USED: 5)


Set Warnings "-notation-overridden,-parsing,-deprecated-hint-without-locality".
From Coq Require Import Lia.
From LF Require Import Maps.
From LF Require Import Imp.



Theorem ceval_deterministic: forall c st st1 st2,
  st =[ c ]=> st1  ->
  st =[ c ]=> st2 ->
  st1 = st2.
Proof.
  intros c st st1 st2 E1 E2;
  generalize dependent st2;
  induction E1; intros st2 E2; inversion E2; subst.
  -  reflexivity.
  -  reflexivity.
  - 
    rewrite (IHE1_1 st'0 H1) in *.
    apply IHE1_2. assumption.
  
  - 
    apply IHE1. assumption.
  - 
    rewrite H in H5. discriminate.
  
  - 
    rewrite H in H5. discriminate.
  - 
    apply IHE1. assumption.
  
  - 
    reflexivity.
  - 
    rewrite H in H2. discriminate.
  
  - 
    rewrite H in H4. discriminate.
  - 
    rewrite (IHE1_1 st'0 H3) in *.
    apply IHE1_2. assumption.  Qed.






Example auto_example_1 : forall (P Q R: Prop),
  (P -> Q) -> (Q -> R) -> P -> R.
Proof.
  intros P Q R H1 H2 H3.
  apply H2. apply H1. assumption.
Qed.



Example auto_example_1' : forall (P Q R: Prop),
  (P -> Q) -> (Q -> R) -> P -> R.
Proof.
  auto.
Qed.







Example auto_example_2 : forall P Q R S T U : Prop,
  (P -> Q) ->
  (P -> R) ->
  (T -> R) ->
  (S -> T -> U) ->
  ((P -> Q) -> (P -> S)) ->
  T ->
  P ->
  U.
Proof. auto. Qed.




Example auto_example_3 : forall (P Q R S T U: Prop),
  (P -> Q) ->
  (Q -> R) ->
  (R -> S) ->
  (S -> T) ->
  (T -> U) ->
  P ->
  U.
Proof.
  
  auto.

  
  

  
  auto 6.
Qed.





Lemma logical_disjunction_implies_conjunction_4 : forall P Q R : Prop, forall HQ : Q, forall HQR : Q -> R, P \/ Q /\ R.

Proof.
intros P Q R HQ HQR.
destruct (classical_or P Q) as [H_P_or_Q | H_not_P_and_Q].
- (* Case P \/ Q *)
    left.
assumption.
- (* Case ~(P \/ Q) *)
    right.
intro H_not_P_or_Q.
apply HQR in H_not_P_or_Q.
destruct H_not_P_or_Q as [H_not_P H_not_Q].
- (* Case ~P *)
      apply H_not_P in H_not_P_and_Q.
apply H_not_P_and_q in H_not_P_and_Q.
apply H_not_P_and_Q.
- (* Case ~Q *)
      apply H_not_Q in H_not_P_and_Q.
apply H_not_P_and_Q.
apply H_not_Q.
Qed.

Outdated contents in ..cache: recomputing
ERROR MESSAGE IN LEMMA PROOF (FRAGMENT #132)
Error in step "destruct (classical_or P Q) as [H_P_or_Q | H_not_P_and_Q].".
Message: The variable classical_or was not found in the current
environment..
Goal: P \/ Q /\ R.


TRYING TO PROVE LEMMA
Lemma logical_disjunction_implies_conjunction_5 : forall P Q R : Prop, forall HQ : Q, forall HQR : Q -> R, P \/ Q /\ R.


ATTEMPTED LEMMA PROOF (LEMMAS USED: 6)


Set Warnings "-notation-overridden,-parsing,-deprecated-hint-without-locality".
From Coq Require Import Lia.
From LF Require Import Maps.
From LF Require Import Imp.



Theorem ceval_deterministic: forall c st st1 st2,
  st =[ c ]=> st1  ->
  st =[ c ]=> st2 ->
  st1 = st2.
Proof.
  intros c st st1 st2 E1 E2;
  generalize dependent st2;
  induction E1; intros st2 E2; inversion E2; subst.
  -  reflexivity.
  -  reflexivity.
  - 
    rewrite (IHE1_1 st'0 H1) in *.
    apply IHE1_2. assumption.
  
  - 
    apply IHE1. assumption.
  - 
    rewrite H in H5. discriminate.
  
  - 
    rewrite H in H5. discriminate.
  - 
    apply IHE1. assumption.
  
  - 
    reflexivity.
  - 
    rewrite H in H2. discriminate.
  
  - 
    rewrite H in H4. discriminate.
  - 
    rewrite (IHE1_1 st'0 H3) in *.
    apply IHE1_2. assumption.  Qed.






Example auto_example_1 : forall (P Q R: Prop),
  (P -> Q) -> (Q -> R) -> P -> R.
Proof.
  intros P Q R H1 H2 H3.
  apply H2. apply H1. assumption.
Qed.



Example auto_example_1' : forall (P Q R: Prop),
  (P -> Q) -> (Q -> R) -> P -> R.
Proof.
  auto.
Qed.







Example auto_example_2 : forall P Q R S T U : Prop,
  (P -> Q) ->
  (P -> R) ->
  (T -> R) ->
  (S -> T -> U) ->
  ((P -> Q) -> (P -> S)) ->
  T ->
  P ->
  U.
Proof. auto. Qed.




Example auto_example_3 : forall (P Q R S T U: Prop),
  (P -> Q) ->
  (Q -> R) ->
  (R -> S) ->
  (S -> T) ->
  (T -> U) ->
  P ->
  U.
Proof.
  
  auto.

  
  

  
  auto 6.
Qed.





Lemma logical_disjunction_implies_conjunction_5 : forall P Q R : Prop, forall HQ : Q, forall HQR : Q -> R, P \/ Q /\ R.

Proof.
intros P Q R HQ HQR.
destruct (classical_or P Q) as [H_P_or_Q | H_not_P_and_Q].
- (* Case P \/ Q *)
    left.
assumption.
- (* Case ~(P \/ Q) *)
    right.
intro H_not_P_or_Q.
apply HQR in H_not_P_or_Q.
destruct H_not_P_or_Q as [H_not_P H_not_Q].
apply H_not_P.
apply H_not_Q.
assumption.
Qed.

Outdated contents in ..cache: recomputing
ERROR MESSAGE IN LEMMA PROOF (FRAGMENT #132)
Error in step "destruct (classical_or P Q) as [H_P_or_Q | H_not_P_and_Q].".
Message: The variable classical_or was not found in the current
environment..
Goal: P \/ Q /\ R.


TRYING TO PROVE LEMMA
Lemma logical_disjunction_implies_conjunction_6 : forall P Q R : Prop, forall HQ : Q, forall HQR : Q -> R, P \/ Q /\ R.


ATTEMPTED LEMMA PROOF (LEMMAS USED: 7)


Set Warnings "-notation-overridden,-parsing,-deprecated-hint-without-locality".
From Coq Require Import Lia.
From LF Require Import Maps.
From LF Require Import Imp.



Theorem ceval_deterministic: forall c st st1 st2,
  st =[ c ]=> st1  ->
  st =[ c ]=> st2 ->
  st1 = st2.
Proof.
  intros c st st1 st2 E1 E2;
  generalize dependent st2;
  induction E1; intros st2 E2; inversion E2; subst.
  -  reflexivity.
  -  reflexivity.
  - 
    rewrite (IHE1_1 st'0 H1) in *.
    apply IHE1_2. assumption.
  
  - 
    apply IHE1. assumption.
  - 
    rewrite H in H5. discriminate.
  
  - 
    rewrite H in H5. discriminate.
  - 
    apply IHE1. assumption.
  
  - 
    reflexivity.
  - 
    rewrite H in H2. discriminate.
  
  - 
    rewrite H in H4. discriminate.
  - 
    rewrite (IHE1_1 st'0 H3) in *.
    apply IHE1_2. assumption.  Qed.






Example auto_example_1 : forall (P Q R: Prop),
  (P -> Q) -> (Q -> R) -> P -> R.
Proof.
  intros P Q R H1 H2 H3.
  apply H2. apply H1. assumption.
Qed.



Example auto_example_1' : forall (P Q R: Prop),
  (P -> Q) -> (Q -> R) -> P -> R.
Proof.
  auto.
Qed.







Example auto_example_2 : forall P Q R S T U : Prop,
  (P -> Q) ->
  (P -> R) ->
  (T -> R) ->
  (S -> T -> U) ->
  ((P -> Q) -> (P -> S)) ->
  T ->
  P ->
  U.
Proof. auto. Qed.




Example auto_example_3 : forall (P Q R S T U: Prop),
  (P -> Q) ->
  (Q -> R) ->
  (R -> S) ->
  (S -> T) ->
  (T -> U) ->
  P ->
  U.
Proof.
  
  auto.

  
  

  
  auto 6.
Qed.





Lemma logical_disjunction_implies_conjunction_6 : forall P Q R : Prop, forall HQ : Q, forall HQR : Q -> R, P \/ Q /\ R.

Proof.
intros P Q R HQ HQR.
destruct (classical_or P Q) as [H_P_or_Q | H_not_P_and_Q].
- (* P \/ Q *)
    left.
assumption.
- (* ~ P /\ Q *)
    right.
destruct H_not_P_and_Q as [H_not_P H_not_Q].
apply and_intro.
- (* ~ P *)
      apply H_not_P.
- (* Q *)
      apply HQ.
Qed.

Outdated contents in ..cache: recomputing
ERROR MESSAGE IN LEMMA PROOF (FRAGMENT #132)
Error in step "destruct (classical_or P Q) as [H_P_or_Q | H_not_P_and_Q].".
Message: The variable classical_or was not found in the current
environment..
Goal: P \/ Q /\ R.


TRYING TO PROVE LEMMA
Lemma logical_disjunction_implies_conjunction_7 : forall P Q R : Prop, forall HQ : Q, forall HQR : Q -> R, P \/ Q /\ R.


ATTEMPTED LEMMA PROOF (LEMMAS USED: 8)


Set Warnings "-notation-overridden,-parsing,-deprecated-hint-without-locality".
From Coq Require Import Lia.
From LF Require Import Maps.
From LF Require Import Imp.



Theorem ceval_deterministic: forall c st st1 st2,
  st =[ c ]=> st1  ->
  st =[ c ]=> st2 ->
  st1 = st2.
Proof.
  intros c st st1 st2 E1 E2;
  generalize dependent st2;
  induction E1; intros st2 E2; inversion E2; subst.
  -  reflexivity.
  -  reflexivity.
  - 
    rewrite (IHE1_1 st'0 H1) in *.
    apply IHE1_2. assumption.
  
  - 
    apply IHE1. assumption.
  - 
    rewrite H in H5. discriminate.
  
  - 
    rewrite H in H5. discriminate.
  - 
    apply IHE1. assumption.
  
  - 
    reflexivity.
  - 
    rewrite H in H2. discriminate.
  
  - 
    rewrite H in H4. discriminate.
  - 
    rewrite (IHE1_1 st'0 H3) in *.
    apply IHE1_2. assumption.  Qed.






Example auto_example_1 : forall (P Q R: Prop),
  (P -> Q) -> (Q -> R) -> P -> R.
Proof.
  intros P Q R H1 H2 H3.
  apply H2. apply H1. assumption.
Qed.



Example auto_example_1' : forall (P Q R: Prop),
  (P -> Q) -> (Q -> R) -> P -> R.
Proof.
  auto.
Qed.







Example auto_example_2 : forall P Q R S T U : Prop,
  (P -> Q) ->
  (P -> R) ->
  (T -> R) ->
  (S -> T -> U) ->
  ((P -> Q) -> (P -> S)) ->
  T ->
  P ->
  U.
Proof. auto. Qed.




Example auto_example_3 : forall (P Q R S T U: Prop),
  (P -> Q) ->
  (Q -> R) ->
  (R -> S) ->
  (S -> T) ->
  (T -> U) ->
  P ->
  U.
Proof.
  
  auto.

  
  

  
  auto 6.
Qed.





Lemma logical_disjunction_implies_conjunction_7 : forall P Q R : Prop, forall HQ : Q, forall HQR : Q -> R, P \/ Q /\ R.

Proof.
intros P Q R HQ HQR.
destruct (classical_or P Q) as [H_P_or_Q | H_not_P_and_Q].
- (* P \/ Q *)
    left.
assumption.
- (* ~ P /\ Q *)
    right.
destruct H_not_P_and_Q as [H_not_P H_not_Q].
apply and_intro.
- (* ~ P *)
      apply H_not_P.
- (* Q *)
      apply HQ.
Qed.

Outdated contents in ..cache: recomputing
ERROR MESSAGE IN LEMMA PROOF (FRAGMENT #132)
Error in step "destruct (classical_or P Q) as [H_P_or_Q | H_not_P_and_Q].".
Message: The variable classical_or was not found in the current
environment..
Goal: P \/ Q /\ R.


TRYING TO PROVE LEMMA
Lemma logical_disjunction_implies_conjunction_8 : forall P Q R : Prop, forall HQ : Q, forall HQR : Q -> R, P \/ Q /\ R.


ATTEMPTED LEMMA PROOF (LEMMAS USED: 9)


Set Warnings "-notation-overridden,-parsing,-deprecated-hint-without-locality".
From Coq Require Import Lia.
From LF Require Import Maps.
From LF Require Import Imp.



Theorem ceval_deterministic: forall c st st1 st2,
  st =[ c ]=> st1  ->
  st =[ c ]=> st2 ->
  st1 = st2.
Proof.
  intros c st st1 st2 E1 E2;
  generalize dependent st2;
  induction E1; intros st2 E2; inversion E2; subst.
  -  reflexivity.
  -  reflexivity.
  - 
    rewrite (IHE1_1 st'0 H1) in *.
    apply IHE1_2. assumption.
  
  - 
    apply IHE1. assumption.
  - 
    rewrite H in H5. discriminate.
  
  - 
    rewrite H in H5. discriminate.
  - 
    apply IHE1. assumption.
  
  - 
    reflexivity.
  - 
    rewrite H in H2. discriminate.
  
  - 
    rewrite H in H4. discriminate.
  - 
    rewrite (IHE1_1 st'0 H3) in *.
    apply IHE1_2. assumption.  Qed.






Example auto_example_1 : forall (P Q R: Prop),
  (P -> Q) -> (Q -> R) -> P -> R.
Proof.
  intros P Q R H1 H2 H3.
  apply H2. apply H1. assumption.
Qed.



Example auto_example_1' : forall (P Q R: Prop),
  (P -> Q) -> (Q -> R) -> P -> R.
Proof.
  auto.
Qed.







Example auto_example_2 : forall P Q R S T U : Prop,
  (P -> Q) ->
  (P -> R) ->
  (T -> R) ->
  (S -> T -> U) ->
  ((P -> Q) -> (P -> S)) ->
  T ->
  P ->
  U.
Proof. auto. Qed.




Example auto_example_3 : forall (P Q R S T U: Prop),
  (P -> Q) ->
  (Q -> R) ->
  (R -> S) ->
  (S -> T) ->
  (T -> U) ->
  P ->
  U.
Proof.
  
  auto.

  
  

  
  auto 6.
Qed.





Lemma logical_disjunction_implies_conjunction_8 : forall P Q R : Prop, forall HQ : Q, forall HQR : Q -> R, P \/ Q /\ R.

Proof.
intros P Q R HQ HQR.
destruct (classical_or P Q) as [H_P_or_Q | H_not_P_and_Q].
- (* P \/ Q *)
    left.
assumption.
- (* ~ P /\ Q *)
    right.
destruct H_not_P_and_Q as [H_not_P H_not_Q].
apply and_intro.
- (* ~ P *)
      apply H_not_P.
- (* Q *)
      apply HQ.
Qed.

Outdated contents in ..cache: recomputing
ERROR MESSAGE IN LEMMA PROOF (FRAGMENT #132)
Error in step "destruct (classical_or P Q) as [H_P_or_Q | H_not_P_and_Q].".
Message: The variable classical_or was not found in the current
environment..
Goal: P \/ Q /\ R.


TRYING TO PROVE LEMMA
Lemma logical_disjunction_implies_conjunction_9 : forall P Q R : Prop, forall HQ : Q, forall HQR : Q -> R, P \/ Q /\ R.


ATTEMPTED LEMMA PROOF (LEMMAS USED: 10)


Set Warnings "-notation-overridden,-parsing,-deprecated-hint-without-locality".
From Coq Require Import Lia.
From LF Require Import Maps.
From LF Require Import Imp.



Theorem ceval_deterministic: forall c st st1 st2,
  st =[ c ]=> st1  ->
  st =[ c ]=> st2 ->
  st1 = st2.
Proof.
  intros c st st1 st2 E1 E2;
  generalize dependent st2;
  induction E1; intros st2 E2; inversion E2; subst.
  -  reflexivity.
  -  reflexivity.
  - 
    rewrite (IHE1_1 st'0 H1) in *.
    apply IHE1_2. assumption.
  
  - 
    apply IHE1. assumption.
  - 
    rewrite H in H5. discriminate.
  
  - 
    rewrite H in H5. discriminate.
  - 
    apply IHE1. assumption.
  
  - 
    reflexivity.
  - 
    rewrite H in H2. discriminate.
  
  - 
    rewrite H in H4. discriminate.
  - 
    rewrite (IHE1_1 st'0 H3) in *.
    apply IHE1_2. assumption.  Qed.






Example auto_example_1 : forall (P Q R: Prop),
  (P -> Q) -> (Q -> R) -> P -> R.
Proof.
  intros P Q R H1 H2 H3.
  apply H2. apply H1. assumption.
Qed.



Example auto_example_1' : forall (P Q R: Prop),
  (P -> Q) -> (Q -> R) -> P -> R.
Proof.
  auto.
Qed.







Example auto_example_2 : forall P Q R S T U : Prop,
  (P -> Q) ->
  (P -> R) ->
  (T -> R) ->
  (S -> T -> U) ->
  ((P -> Q) -> (P -> S)) ->
  T ->
  P ->
  U.
Proof. auto. Qed.




Example auto_example_3 : forall (P Q R S T U: Prop),
  (P -> Q) ->
  (Q -> R) ->
  (R -> S) ->
  (S -> T) ->
  (T -> U) ->
  P ->
  U.
Proof.
  
  auto.

  
  

  
  auto 6.
Qed.





Lemma logical_disjunction_implies_conjunction_9 : forall P Q R : Prop, forall HQ : Q, forall HQR : Q -> R, P \/ Q /\ R.

Proof.
intros P Q R HQ HQR.
destruct (classical_or P Q) as [H_P_or_Q | H_not_P_and_Q].
- (* P \/ Q *)
    left.
assumption.
- (* ~ P /\ Q *)
    right.
destruct H_not_P_and_Q as [H_not_P H_not_Q].
apply and_intro.
- (* ~ P *)
      apply H_not_P.
- (* Q *)
      apply HQ.
Qed.

Outdated contents in ..cache: recomputing
ERROR MESSAGE IN LEMMA PROOF (FRAGMENT #132)
Error in step "destruct (classical_or P Q) as [H_P_or_Q | H_not_P_and_Q].".
Message: The variable classical_or was not found in the current
environment..
Goal: P \/ Q /\ R.


TRYING TO PROVE LEMMA
Lemma logical_disjunction_implies_conjunction_10 : forall P Q R : Prop, forall HQ : Q, forall HQR : Q -> R, P \/ Q /\ R.


Error proving auto_example_4
MAX LEMMA DEPTH REACHED. GIVING UP.