PROVING equality__leibniz_equality
ATTEMPTED LEMMA PROOF (LEMMAS USED: 0)


Set Warnings "-notation-overridden,-parsing,-deprecated-hint-without-locality".
From LF Require Export IndProp.









Inductive ev : nat -> Prop :=
  | ev_0                       : ev 0
  | ev_SS (n : nat) (H : ev n) : ev (S (S n)).







Check ev_SS
  : forall n,
    ev n ->
    ev (S (S n)).





Theorem ev_4 : ev 4.
Proof.
  apply ev_SS. apply ev_SS. apply ev_0. Qed.



Print ev_4.




Check (ev_SS 2 (ev_SS 0 ev_0))
  : ev 4.





Theorem ev_4': ev 4.
Proof.
  apply (ev_SS 2 (ev_SS 0 ev_0)).
Qed.






Theorem ev_4'' : ev 4.
Proof.
  Show Proof.
  apply ev_SS.
  Show Proof.
  apply ev_SS.
  Show Proof.
  apply ev_0.
  Show Proof.
Qed.





Definition ev_4''' : ev 4 :=
  ev_SS 2 (ev_SS 0 ev_0).



Print ev_4.

Print ev_4'.

Print ev_4''.

Print ev_4'''.




Theorem ev_8 : ev 8.
Proof.
  apply ev_SS.
  apply ev_SS.
  apply ev_SS.
  apply ev_SS.
  apply ev_0.
Qed.

Definition ev_8' : ev 8
  := ev_SS 6 (ev_SS 4 (ev_SS 2 (ev_SS 0 ev_0))).









Theorem ev_plus4 : forall n, ev n -> ev (4 + n).
Proof.
  intros n H. simpl.
  apply ev_SS.
  apply ev_SS.
  apply H.
Qed.



Definition ev_plus4' : forall n, ev n -> ev (4 + n) :=
  fun (n : nat) => fun (H : ev n) =>
    ev_SS (S (S n)) (ev_SS n H).



Definition ev_plus4'' (n : nat) (H : ev n)
                    : ev (4 + n) :=
  ev_SS (S (S n)) (ev_SS n H).

Check ev_plus4''
  : forall n : nat,
    ev n ->
    ev (4 + n).







Definition ev_plus2 : Prop :=
  forall n, forall (E : ev n), ev (n + 2).



Definition ev_plus2' : Prop :=
  forall n, forall (_ : ev n), ev (n + 2).



Definition ev_plus2'' : Prop :=
  forall n, ev n -> ev (n + 2).








Definition add1 : nat -> nat.
intro n.
Show Proof.
apply S.
Show Proof.
apply n. Defined.

Print add1.


Compute add1 2.









Module Props.






Module And.

Inductive and (P Q : Prop) : Prop :=
  | conj : P -> Q -> and P Q.

Arguments conj [P] [Q].

Notation "P /\ Q" := (and P Q) : type_scope.



Print prod.




Theorem proj1' : forall P Q,
  P /\ Q -> P.
Proof.
  intros P Q HPQ. destruct HPQ as [HP HQ]. apply HP.
  Show Proof.
Qed.



Lemma and_comm : forall P Q : Prop, P /\ Q <-> Q /\ P.
Proof.
  intros P Q. split.
  - intros [HP HQ]. split.
    + apply HQ.
    + apply HP.
  - intros [HQ HP]. split.
    + apply HP.
    + apply HQ.
Qed.

End And.



Definition and_comm'_aux P Q (H : P /\ Q) : Q /\ P :=
  match H with
  | conj HP HQ => conj HQ HP
  end.

Definition and_comm' P Q : P /\ Q <-> Q /\ P :=
  conj (and_comm'_aux P Q) (and_comm'_aux Q P).



Definition conj_fact : forall P Q R, P /\ Q -> Q /\ R -> P /\ R
  := fun P Q R HPQ HQR => conj (proj1 P Q HPQ) (proj2 Q R HQR).







Module Or.

Inductive or (P Q : Prop) : Prop :=
  | or_introl : P -> or P Q
  | or_intror : Q -> or P Q.

Arguments or_introl [P] [Q].
Arguments or_intror [P] [Q].

Notation "P \/ Q" := (or P Q) : type_scope.





Definition inj_l : forall (P Q : Prop), P -> P \/ Q :=
  fun P Q HP => or_introl HP.

Theorem inj_l' : forall (P Q : Prop), P -> P \/ Q.
Proof.
  intros P Q HP. left. apply HP.
Qed.

Definition or_elim : forall (P Q R : Prop), (P \/ Q) -> (P -> R) -> (Q -> R) -> R :=
  fun P Q R HPQ HPR HQR =>
    match HPQ with
    | or_introl HP => HPR HP
    | or_intror HQ => HQR HQ
    end.

Theorem or_elim' : forall (P Q R : Prop), (P \/ Q) -> (P -> R) -> (Q -> R) -> R.
Proof.
  intros P Q R HPQ HPR HQR.
  destruct HPQ as [HP | HQ].
  - apply HPR. apply HP.
  - apply HQR. apply HQ.
Qed.

End Or.



Definition or_commut' : forall P Q, P \/ Q -> Q \/ P
  := fun P Q HPQ =>
       match HPQ with
       | or_introl HP => or_intror HP
       | or_intror HQ => or_introl HQ
       end.







Module Ex.

Inductive ex {A : Type} (P : A -> Prop) : Prop :=
  | ex_intro : forall x : A, P x -> ex P.

Notation "'exists' x , p" :=
  (ex (fun x => p))
    (at level 200, right associativity) : type_scope.

End Ex.





Check ex (fun n => ev n) : Prop.



Definition some_nat_is_even : exists n, ev n :=
  ex_intro ev 4 (ev_SS 2 (ev_SS 0 ev_0)).



Definition ex_ev_Sn : ex (fun n => ev (S n))
  := ex_intro (fun n => ev (S n)) 1 (ev_SS 0 ev_0).







Inductive True : Prop :=
  | I : True.





Definition p_implies_true : forall P, P -> True
  := fun _ _ => I.




Inductive False : Prop := .



Fail Definition contra : False :=
  0 = 1.



Definition false_implies_zero_eq_one : False -> 0 = 1 :=
  fun contra => match contra with end.





Definition ex_falso_quodlibet' : forall P, False -> P
  := fun _ contra => match contra with end.


End Props.






Module EqualityPlayground.

Inductive eq {X:Type} : X -> X -> Prop :=
  | eq_refl : forall x, eq x x.

Notation "x == y" := (eq x y)
                       (at level 70, no associativity)
                     : type_scope.





Lemma four: 2 + 2 == 1 + 3.
Proof.
  apply eq_refl.
Qed.



Definition four' : 2 + 2 == 1 + 3 :=
  eq_refl 4.

Definition singleton : forall (X:Type) (x:X), []++[x] == x::[]  :=
  fun (X:Type) (x:X) => eq_refl [x].



Definition eq_add : forall (n1 n2 : nat), n1 == n2 -> (S n1) == (S n2) :=
  fun n1 n2 Heq =>
    match Heq with
    | eq_refl n => eq_refl (S n)
    end.



Theorem eq_add' : forall (n1 n2 : nat), n1 == n2 -> (S n1) == (S n2).
Proof.
  intros n1 n2 Heq.
  Fail rewrite Heq.
  destruct Heq.
  Fail reflexivity.
  apply eq_refl.
Qed.



Definition eq_cons : forall (X : Type) (h1 h2 : X) (t1 t2 : list X),
    h1 == h2 -> t1 == t2 -> h1 :: t1 == h2 :: t2
  := fun X h1 h2 t1 t2 HH HT =>
       match HH with
       | eq_refl h =>
           match HT with
           | eq_refl t => eq_refl (h :: t)
           end
       end.






Lemma equality__leibniz_equality : forall (X : Type) (x y: X),
  x == y -> forall (P : X -> Prop), P x -> P y.

Proof.
intros X x y Hx_eq P HPx.
generalize dependent P.
intros y Hy.
subst Hy.
exact HPx.
Qed.

Outdated contents in ..cache: recomputing
ERROR MESSAGE IN LEMMA PROOF (FRAGMENT #330)
Error in step "intros y Hy.".
Message: y is already used..
Goal: forall P : X -> Prop, P x -> P y.


TRYING TO PROVE LEMMA
Lemma equality_preserves_properties_0 : forall X : Type, forall x y : X, forall Hx_eq : x == y, forall P : X -> Prop, P x -> P y.


ATTEMPTED LEMMA PROOF (LEMMAS USED: 1)


Set Warnings "-notation-overridden,-parsing,-deprecated-hint-without-locality".
From LF Require Export IndProp.









Inductive ev : nat -> Prop :=
  | ev_0                       : ev 0
  | ev_SS (n : nat) (H : ev n) : ev (S (S n)).







Check ev_SS
  : forall n,
    ev n ->
    ev (S (S n)).





Theorem ev_4 : ev 4.
Proof.
  apply ev_SS. apply ev_SS. apply ev_0. Qed.



Print ev_4.




Check (ev_SS 2 (ev_SS 0 ev_0))
  : ev 4.





Theorem ev_4': ev 4.
Proof.
  apply (ev_SS 2 (ev_SS 0 ev_0)).
Qed.






Theorem ev_4'' : ev 4.
Proof.
  Show Proof.
  apply ev_SS.
  Show Proof.
  apply ev_SS.
  Show Proof.
  apply ev_0.
  Show Proof.
Qed.





Definition ev_4''' : ev 4 :=
  ev_SS 2 (ev_SS 0 ev_0).



Print ev_4.

Print ev_4'.

Print ev_4''.

Print ev_4'''.




Theorem ev_8 : ev 8.
Proof.
  apply ev_SS.
  apply ev_SS.
  apply ev_SS.
  apply ev_SS.
  apply ev_0.
Qed.

Definition ev_8' : ev 8
  := ev_SS 6 (ev_SS 4 (ev_SS 2 (ev_SS 0 ev_0))).









Theorem ev_plus4 : forall n, ev n -> ev (4 + n).
Proof.
  intros n H. simpl.
  apply ev_SS.
  apply ev_SS.
  apply H.
Qed.



Definition ev_plus4' : forall n, ev n -> ev (4 + n) :=
  fun (n : nat) => fun (H : ev n) =>
    ev_SS (S (S n)) (ev_SS n H).



Definition ev_plus4'' (n : nat) (H : ev n)
                    : ev (4 + n) :=
  ev_SS (S (S n)) (ev_SS n H).

Check ev_plus4''
  : forall n : nat,
    ev n ->
    ev (4 + n).







Definition ev_plus2 : Prop :=
  forall n, forall (E : ev n), ev (n + 2).



Definition ev_plus2' : Prop :=
  forall n, forall (_ : ev n), ev (n + 2).



Definition ev_plus2'' : Prop :=
  forall n, ev n -> ev (n + 2).








Definition add1 : nat -> nat.
intro n.
Show Proof.
apply S.
Show Proof.
apply n. Defined.

Print add1.


Compute add1 2.









Module Props.






Module And.

Inductive and (P Q : Prop) : Prop :=
  | conj : P -> Q -> and P Q.

Arguments conj [P] [Q].

Notation "P /\ Q" := (and P Q) : type_scope.



Print prod.




Theorem proj1' : forall P Q,
  P /\ Q -> P.
Proof.
  intros P Q HPQ. destruct HPQ as [HP HQ]. apply HP.
  Show Proof.
Qed.



Lemma and_comm : forall P Q : Prop, P /\ Q <-> Q /\ P.
Proof.
  intros P Q. split.
  - intros [HP HQ]. split.
    + apply HQ.
    + apply HP.
  - intros [HQ HP]. split.
    + apply HP.
    + apply HQ.
Qed.

End And.



Definition and_comm'_aux P Q (H : P /\ Q) : Q /\ P :=
  match H with
  | conj HP HQ => conj HQ HP
  end.

Definition and_comm' P Q : P /\ Q <-> Q /\ P :=
  conj (and_comm'_aux P Q) (and_comm'_aux Q P).



Definition conj_fact : forall P Q R, P /\ Q -> Q /\ R -> P /\ R
  := fun P Q R HPQ HQR => conj (proj1 P Q HPQ) (proj2 Q R HQR).







Module Or.

Inductive or (P Q : Prop) : Prop :=
  | or_introl : P -> or P Q
  | or_intror : Q -> or P Q.

Arguments or_introl [P] [Q].
Arguments or_intror [P] [Q].

Notation "P \/ Q" := (or P Q) : type_scope.





Definition inj_l : forall (P Q : Prop), P -> P \/ Q :=
  fun P Q HP => or_introl HP.

Theorem inj_l' : forall (P Q : Prop), P -> P \/ Q.
Proof.
  intros P Q HP. left. apply HP.
Qed.

Definition or_elim : forall (P Q R : Prop), (P \/ Q) -> (P -> R) -> (Q -> R) -> R :=
  fun P Q R HPQ HPR HQR =>
    match HPQ with
    | or_introl HP => HPR HP
    | or_intror HQ => HQR HQ
    end.

Theorem or_elim' : forall (P Q R : Prop), (P \/ Q) -> (P -> R) -> (Q -> R) -> R.
Proof.
  intros P Q R HPQ HPR HQR.
  destruct HPQ as [HP | HQ].
  - apply HPR. apply HP.
  - apply HQR. apply HQ.
Qed.

End Or.



Definition or_commut' : forall P Q, P \/ Q -> Q \/ P
  := fun P Q HPQ =>
       match HPQ with
       | or_introl HP => or_intror HP
       | or_intror HQ => or_introl HQ
       end.







Module Ex.

Inductive ex {A : Type} (P : A -> Prop) : Prop :=
  | ex_intro : forall x : A, P x -> ex P.

Notation "'exists' x , p" :=
  (ex (fun x => p))
    (at level 200, right associativity) : type_scope.

End Ex.





Check ex (fun n => ev n) : Prop.



Definition some_nat_is_even : exists n, ev n :=
  ex_intro ev 4 (ev_SS 2 (ev_SS 0 ev_0)).



Definition ex_ev_Sn : ex (fun n => ev (S n))
  := ex_intro (fun n => ev (S n)) 1 (ev_SS 0 ev_0).







Inductive True : Prop :=
  | I : True.





Definition p_implies_true : forall P, P -> True
  := fun _ _ => I.




Inductive False : Prop := .



Fail Definition contra : False :=
  0 = 1.



Definition false_implies_zero_eq_one : False -> 0 = 1 :=
  fun contra => match contra with end.





Definition ex_falso_quodlibet' : forall P, False -> P
  := fun _ contra => match contra with end.


End Props.






Module EqualityPlayground.

Inductive eq {X:Type} : X -> X -> Prop :=
  | eq_refl : forall x, eq x x.

Notation "x == y" := (eq x y)
                       (at level 70, no associativity)
                     : type_scope.





Lemma four: 2 + 2 == 1 + 3.
Proof.
  apply eq_refl.
Qed.



Definition four' : 2 + 2 == 1 + 3 :=
  eq_refl 4.

Definition singleton : forall (X:Type) (x:X), []++[x] == x::[]  :=
  fun (X:Type) (x:X) => eq_refl [x].



Definition eq_add : forall (n1 n2 : nat), n1 == n2 -> (S n1) == (S n2) :=
  fun n1 n2 Heq =>
    match Heq with
    | eq_refl n => eq_refl (S n)
    end.



Theorem eq_add' : forall (n1 n2 : nat), n1 == n2 -> (S n1) == (S n2).
Proof.
  intros n1 n2 Heq.
  Fail rewrite Heq.
  destruct Heq.
  Fail reflexivity.
  apply eq_refl.
Qed.



Definition eq_cons : forall (X : Type) (h1 h2 : X) (t1 t2 : list X),
    h1 == h2 -> t1 == t2 -> h1 :: t1 == h2 :: t2
  := fun X h1 h2 t1 t2 HH HT =>
       match HH with
       | eq_refl h =>
           match HT with
           | eq_refl t => eq_refl (h :: t)
           end
       end.






Lemma equality_preserves_properties_0 : forall X : Type, forall x y : X, forall Hx_eq : x == y, forall P : X -> Prop, P x -> P y.

Proof.
(*
     The theorem states that if x and y are equal, and P is a property that holds for x,
     then P holds for y as well.
This is a basic property of equality.
We will proceed by induction on the equality proof Hx_eq.
*)
  intros X x y Hx_eq P HPx.
(*
     The context now is:
     X : Type
     x y : X
     Hx_eq : x == y
     P : X -> Prop
     HPx : P x
     We need to prove P y.
*)
  induction Hx_eq as [|x' Hx'_eq'].
(*
     The first case is when Hx_eq is reflexivity.
In this case, x and y are the same,
     so P x implies P y.
*)
  - apply HPx.
(*
     The second case is when Hx_eq is constructed using eq_refl.
In this case,
     x and y are equal because x' and y are equal.
We can use the induction hypothesis
     on Hx'_eq' to prove P y.
*)
  - apply IHeq_refl HPx.
Qed.

Outdated contents in ..cache: recomputing
ERROR MESSAGE IN LEMMA PROOF (FRAGMENT #328)
Error in step "induction Hx_eq as [|x' Hx'_eq'].".
Message: Expects a disjunctive pattern with 1 branch or a
conjunctive pattern made of 1 patterns..
Goal: P y.


TRYING TO PROVE LEMMA
Lemma equality_preserves_properties_1 : forall X : Type, forall x y : X, forall Hx_eq : x == y, forall P : X -> Prop, forall HPx : P x, P y.


ATTEMPTED LEMMA PROOF (LEMMAS USED: 2)


Set Warnings "-notation-overridden,-parsing,-deprecated-hint-without-locality".
From LF Require Export IndProp.









Inductive ev : nat -> Prop :=
  | ev_0                       : ev 0
  | ev_SS (n : nat) (H : ev n) : ev (S (S n)).







Check ev_SS
  : forall n,
    ev n ->
    ev (S (S n)).





Theorem ev_4 : ev 4.
Proof.
  apply ev_SS. apply ev_SS. apply ev_0. Qed.



Print ev_4.




Check (ev_SS 2 (ev_SS 0 ev_0))
  : ev 4.





Theorem ev_4': ev 4.
Proof.
  apply (ev_SS 2 (ev_SS 0 ev_0)).
Qed.






Theorem ev_4'' : ev 4.
Proof.
  Show Proof.
  apply ev_SS.
  Show Proof.
  apply ev_SS.
  Show Proof.
  apply ev_0.
  Show Proof.
Qed.





Definition ev_4''' : ev 4 :=
  ev_SS 2 (ev_SS 0 ev_0).



Print ev_4.

Print ev_4'.

Print ev_4''.

Print ev_4'''.




Theorem ev_8 : ev 8.
Proof.
  apply ev_SS.
  apply ev_SS.
  apply ev_SS.
  apply ev_SS.
  apply ev_0.
Qed.

Definition ev_8' : ev 8
  := ev_SS 6 (ev_SS 4 (ev_SS 2 (ev_SS 0 ev_0))).









Theorem ev_plus4 : forall n, ev n -> ev (4 + n).
Proof.
  intros n H. simpl.
  apply ev_SS.
  apply ev_SS.
  apply H.
Qed.



Definition ev_plus4' : forall n, ev n -> ev (4 + n) :=
  fun (n : nat) => fun (H : ev n) =>
    ev_SS (S (S n)) (ev_SS n H).



Definition ev_plus4'' (n : nat) (H : ev n)
                    : ev (4 + n) :=
  ev_SS (S (S n)) (ev_SS n H).

Check ev_plus4''
  : forall n : nat,
    ev n ->
    ev (4 + n).







Definition ev_plus2 : Prop :=
  forall n, forall (E : ev n), ev (n + 2).



Definition ev_plus2' : Prop :=
  forall n, forall (_ : ev n), ev (n + 2).



Definition ev_plus2'' : Prop :=
  forall n, ev n -> ev (n + 2).








Definition add1 : nat -> nat.
intro n.
Show Proof.
apply S.
Show Proof.
apply n. Defined.

Print add1.


Compute add1 2.









Module Props.






Module And.

Inductive and (P Q : Prop) : Prop :=
  | conj : P -> Q -> and P Q.

Arguments conj [P] [Q].

Notation "P /\ Q" := (and P Q) : type_scope.



Print prod.




Theorem proj1' : forall P Q,
  P /\ Q -> P.
Proof.
  intros P Q HPQ. destruct HPQ as [HP HQ]. apply HP.
  Show Proof.
Qed.



Lemma and_comm : forall P Q : Prop, P /\ Q <-> Q /\ P.
Proof.
  intros P Q. split.
  - intros [HP HQ]. split.
    + apply HQ.
    + apply HP.
  - intros [HQ HP]. split.
    + apply HP.
    + apply HQ.
Qed.

End And.



Definition and_comm'_aux P Q (H : P /\ Q) : Q /\ P :=
  match H with
  | conj HP HQ => conj HQ HP
  end.

Definition and_comm' P Q : P /\ Q <-> Q /\ P :=
  conj (and_comm'_aux P Q) (and_comm'_aux Q P).



Definition conj_fact : forall P Q R, P /\ Q -> Q /\ R -> P /\ R
  := fun P Q R HPQ HQR => conj (proj1 P Q HPQ) (proj2 Q R HQR).







Module Or.

Inductive or (P Q : Prop) : Prop :=
  | or_introl : P -> or P Q
  | or_intror : Q -> or P Q.

Arguments or_introl [P] [Q].
Arguments or_intror [P] [Q].

Notation "P \/ Q" := (or P Q) : type_scope.





Definition inj_l : forall (P Q : Prop), P -> P \/ Q :=
  fun P Q HP => or_introl HP.

Theorem inj_l' : forall (P Q : Prop), P -> P \/ Q.
Proof.
  intros P Q HP. left. apply HP.
Qed.

Definition or_elim : forall (P Q R : Prop), (P \/ Q) -> (P -> R) -> (Q -> R) -> R :=
  fun P Q R HPQ HPR HQR =>
    match HPQ with
    | or_introl HP => HPR HP
    | or_intror HQ => HQR HQ
    end.

Theorem or_elim' : forall (P Q R : Prop), (P \/ Q) -> (P -> R) -> (Q -> R) -> R.
Proof.
  intros P Q R HPQ HPR HQR.
  destruct HPQ as [HP | HQ].
  - apply HPR. apply HP.
  - apply HQR. apply HQ.
Qed.

End Or.



Definition or_commut' : forall P Q, P \/ Q -> Q \/ P
  := fun P Q HPQ =>
       match HPQ with
       | or_introl HP => or_intror HP
       | or_intror HQ => or_introl HQ
       end.







Module Ex.

Inductive ex {A : Type} (P : A -> Prop) : Prop :=
  | ex_intro : forall x : A, P x -> ex P.

Notation "'exists' x , p" :=
  (ex (fun x => p))
    (at level 200, right associativity) : type_scope.

End Ex.





Check ex (fun n => ev n) : Prop.



Definition some_nat_is_even : exists n, ev n :=
  ex_intro ev 4 (ev_SS 2 (ev_SS 0 ev_0)).



Definition ex_ev_Sn : ex (fun n => ev (S n))
  := ex_intro (fun n => ev (S n)) 1 (ev_SS 0 ev_0).







Inductive True : Prop :=
  | I : True.





Definition p_implies_true : forall P, P -> True
  := fun _ _ => I.




Inductive False : Prop := .



Fail Definition contra : False :=
  0 = 1.



Definition false_implies_zero_eq_one : False -> 0 = 1 :=
  fun contra => match contra with end.





Definition ex_falso_quodlibet' : forall P, False -> P
  := fun _ contra => match contra with end.


End Props.






Module EqualityPlayground.

Inductive eq {X:Type} : X -> X -> Prop :=
  | eq_refl : forall x, eq x x.

Notation "x == y" := (eq x y)
                       (at level 70, no associativity)
                     : type_scope.





Lemma four: 2 + 2 == 1 + 3.
Proof.
  apply eq_refl.
Qed.



Definition four' : 2 + 2 == 1 + 3 :=
  eq_refl 4.

Definition singleton : forall (X:Type) (x:X), []++[x] == x::[]  :=
  fun (X:Type) (x:X) => eq_refl [x].



Definition eq_add : forall (n1 n2 : nat), n1 == n2 -> (S n1) == (S n2) :=
  fun n1 n2 Heq =>
    match Heq with
    | eq_refl n => eq_refl (S n)
    end.



Theorem eq_add' : forall (n1 n2 : nat), n1 == n2 -> (S n1) == (S n2).
Proof.
  intros n1 n2 Heq.
  Fail rewrite Heq.
  destruct Heq.
  Fail reflexivity.
  apply eq_refl.
Qed.



Definition eq_cons : forall (X : Type) (h1 h2 : X) (t1 t2 : list X),
    h1 == h2 -> t1 == t2 -> h1 :: t1 == h2 :: t2
  := fun X h1 h2 t1 t2 HH HT =>
       match HH with
       | eq_refl h =>
           match HT with
           | eq_refl t => eq_refl (h :: t)
           end
       end.






Lemma equality_preserves_properties_1 : forall X : Type, forall x y : X, forall Hx_eq : x == y, forall P : X -> Prop, forall HPx : P x, P y.

Proof.
(*
     The theorem states that if x and y are equal (x == y), and P is a property that holds for x (HPx : P x), then P must also hold for y.
This is a fundamental property of equality.
*)
  intros X x y Hx_eq P HPx.
(*
     We apply the equality proof Hx_eq to the property P to show that P y holds.
This is done using the subst operator, which replaces all occurrences of x in P with y, given the proof of x == y.
*)
  subst Hx_eq.
(*
     Since HPx is a proof of P x, and x is now equal to y, we can conclude that P y holds.
*)
  exact HPx.
Qed.

Outdated contents in ..cache: recomputing
ERROR MESSAGE IN LEMMA PROOF (FRAGMENT #328)
Error in step "subst Hx_eq.".
Message: Cannot find any non-recursive equality over Hx_eq..
Goal: P y.


TRYING TO PROVE LEMMA
Lemma equality_preserves_properties_2 : forall X : Type, forall x y : X, forall Hx_eq : x == y, forall P : X -> Prop, forall HPx : P x, P y.


ATTEMPTED LEMMA PROOF (LEMMAS USED: 3)


Set Warnings "-notation-overridden,-parsing,-deprecated-hint-without-locality".
From LF Require Export IndProp.









Inductive ev : nat -> Prop :=
  | ev_0                       : ev 0
  | ev_SS (n : nat) (H : ev n) : ev (S (S n)).







Check ev_SS
  : forall n,
    ev n ->
    ev (S (S n)).





Theorem ev_4 : ev 4.
Proof.
  apply ev_SS. apply ev_SS. apply ev_0. Qed.



Print ev_4.




Check (ev_SS 2 (ev_SS 0 ev_0))
  : ev 4.





Theorem ev_4': ev 4.
Proof.
  apply (ev_SS 2 (ev_SS 0 ev_0)).
Qed.






Theorem ev_4'' : ev 4.
Proof.
  Show Proof.
  apply ev_SS.
  Show Proof.
  apply ev_SS.
  Show Proof.
  apply ev_0.
  Show Proof.
Qed.





Definition ev_4''' : ev 4 :=
  ev_SS 2 (ev_SS 0 ev_0).



Print ev_4.

Print ev_4'.

Print ev_4''.

Print ev_4'''.




Theorem ev_8 : ev 8.
Proof.
  apply ev_SS.
  apply ev_SS.
  apply ev_SS.
  apply ev_SS.
  apply ev_0.
Qed.

Definition ev_8' : ev 8
  := ev_SS 6 (ev_SS 4 (ev_SS 2 (ev_SS 0 ev_0))).









Theorem ev_plus4 : forall n, ev n -> ev (4 + n).
Proof.
  intros n H. simpl.
  apply ev_SS.
  apply ev_SS.
  apply H.
Qed.



Definition ev_plus4' : forall n, ev n -> ev (4 + n) :=
  fun (n : nat) => fun (H : ev n) =>
    ev_SS (S (S n)) (ev_SS n H).



Definition ev_plus4'' (n : nat) (H : ev n)
                    : ev (4 + n) :=
  ev_SS (S (S n)) (ev_SS n H).

Check ev_plus4''
  : forall n : nat,
    ev n ->
    ev (4 + n).







Definition ev_plus2 : Prop :=
  forall n, forall (E : ev n), ev (n + 2).



Definition ev_plus2' : Prop :=
  forall n, forall (_ : ev n), ev (n + 2).



Definition ev_plus2'' : Prop :=
  forall n, ev n -> ev (n + 2).








Definition add1 : nat -> nat.
intro n.
Show Proof.
apply S.
Show Proof.
apply n. Defined.

Print add1.


Compute add1 2.









Module Props.






Module And.

Inductive and (P Q : Prop) : Prop :=
  | conj : P -> Q -> and P Q.

Arguments conj [P] [Q].

Notation "P /\ Q" := (and P Q) : type_scope.



Print prod.




Theorem proj1' : forall P Q,
  P /\ Q -> P.
Proof.
  intros P Q HPQ. destruct HPQ as [HP HQ]. apply HP.
  Show Proof.
Qed.



Lemma and_comm : forall P Q : Prop, P /\ Q <-> Q /\ P.
Proof.
  intros P Q. split.
  - intros [HP HQ]. split.
    + apply HQ.
    + apply HP.
  - intros [HQ HP]. split.
    + apply HP.
    + apply HQ.
Qed.

End And.



Definition and_comm'_aux P Q (H : P /\ Q) : Q /\ P :=
  match H with
  | conj HP HQ => conj HQ HP
  end.

Definition and_comm' P Q : P /\ Q <-> Q /\ P :=
  conj (and_comm'_aux P Q) (and_comm'_aux Q P).



Definition conj_fact : forall P Q R, P /\ Q -> Q /\ R -> P /\ R
  := fun P Q R HPQ HQR => conj (proj1 P Q HPQ) (proj2 Q R HQR).







Module Or.

Inductive or (P Q : Prop) : Prop :=
  | or_introl : P -> or P Q
  | or_intror : Q -> or P Q.

Arguments or_introl [P] [Q].
Arguments or_intror [P] [Q].

Notation "P \/ Q" := (or P Q) : type_scope.





Definition inj_l : forall (P Q : Prop), P -> P \/ Q :=
  fun P Q HP => or_introl HP.

Theorem inj_l' : forall (P Q : Prop), P -> P \/ Q.
Proof.
  intros P Q HP. left. apply HP.
Qed.

Definition or_elim : forall (P Q R : Prop), (P \/ Q) -> (P -> R) -> (Q -> R) -> R :=
  fun P Q R HPQ HPR HQR =>
    match HPQ with
    | or_introl HP => HPR HP
    | or_intror HQ => HQR HQ
    end.

Theorem or_elim' : forall (P Q R : Prop), (P \/ Q) -> (P -> R) -> (Q -> R) -> R.
Proof.
  intros P Q R HPQ HPR HQR.
  destruct HPQ as [HP | HQ].
  - apply HPR. apply HP.
  - apply HQR. apply HQ.
Qed.

End Or.



Definition or_commut' : forall P Q, P \/ Q -> Q \/ P
  := fun P Q HPQ =>
       match HPQ with
       | or_introl HP => or_intror HP
       | or_intror HQ => or_introl HQ
       end.







Module Ex.

Inductive ex {A : Type} (P : A -> Prop) : Prop :=
  | ex_intro : forall x : A, P x -> ex P.

Notation "'exists' x , p" :=
  (ex (fun x => p))
    (at level 200, right associativity) : type_scope.

End Ex.





Check ex (fun n => ev n) : Prop.



Definition some_nat_is_even : exists n, ev n :=
  ex_intro ev 4 (ev_SS 2 (ev_SS 0 ev_0)).



Definition ex_ev_Sn : ex (fun n => ev (S n))
  := ex_intro (fun n => ev (S n)) 1 (ev_SS 0 ev_0).







Inductive True : Prop :=
  | I : True.





Definition p_implies_true : forall P, P -> True
  := fun _ _ => I.




Inductive False : Prop := .



Fail Definition contra : False :=
  0 = 1.



Definition false_implies_zero_eq_one : False -> 0 = 1 :=
  fun contra => match contra with end.





Definition ex_falso_quodlibet' : forall P, False -> P
  := fun _ contra => match contra with end.


End Props.






Module EqualityPlayground.

Inductive eq {X:Type} : X -> X -> Prop :=
  | eq_refl : forall x, eq x x.

Notation "x == y" := (eq x y)
                       (at level 70, no associativity)
                     : type_scope.





Lemma four: 2 + 2 == 1 + 3.
Proof.
  apply eq_refl.
Qed.



Definition four' : 2 + 2 == 1 + 3 :=
  eq_refl 4.

Definition singleton : forall (X:Type) (x:X), []++[x] == x::[]  :=
  fun (X:Type) (x:X) => eq_refl [x].



Definition eq_add : forall (n1 n2 : nat), n1 == n2 -> (S n1) == (S n2) :=
  fun n1 n2 Heq =>
    match Heq with
    | eq_refl n => eq_refl (S n)
    end.



Theorem eq_add' : forall (n1 n2 : nat), n1 == n2 -> (S n1) == (S n2).
Proof.
  intros n1 n2 Heq.
  Fail rewrite Heq.
  destruct Heq.
  Fail reflexivity.
  apply eq_refl.
Qed.



Definition eq_cons : forall (X : Type) (h1 h2 : X) (t1 t2 : list X),
    h1 == h2 -> t1 == t2 -> h1 :: t1 == h2 :: t2
  := fun X h1 h2 t1 t2 HH HT =>
       match HH with
       | eq_refl h =>
           match HT with
           | eq_refl t => eq_refl (h :: t)
           end
       end.






Lemma equality_preserves_properties_2 : forall X : Type, forall x y : X, forall Hx_eq : x == y, forall P : X -> Prop, forall HPx : P x, P y.

Proof.
(*
     The theorem states that if x and y are equal (x == y), and P is a property that holds for x (HPx : P x), then P must also hold for y.
This is a generalization of the reflexivity of equality.
*)
  intros X x y Hx_eq P HPx.
(*
     We need to show that P y holds.
Since x and y are equal, we can rewrite any term involving x with y, and vice versa.
We can use the equality proof Hx_eq to rewrite HPx, which is a term of type P x, into a term of type P y.
*)
  rewrite Hx_eq in HPx.
(*
     Now HPx is a term of type P y, so we can apply it to y to obtain the goal.
*)
  apply HPx.
Qed.

Outdated contents in ..cache: recomputing
ERROR MESSAGE IN LEMMA PROOF (FRAGMENT #328)
Error in step "rewrite Hx_eq in HPx.".
Message: setoid rewrite failed: 
Could not find an instance for 
"Morphisms.Proper
   (Morphisms.respectful eq Basics.impl) P"
in
environment:
X : Type
x, y : X
Hx_eq : x == y
P : X -> Prop
HPx : P x
do_subrelation := Morphisms.do_subrelation
 : Morphisms.apply_subrelation
.
Goal: P y.


TRYING TO PROVE LEMMA
Lemma equality_preserves_properties_3 : forall X : Type, forall x y : X, forall Hx_eq : x == y, forall P : X -> Prop, forall HPx : P x, P y.


ATTEMPTED LEMMA PROOF (LEMMAS USED: 4)


Set Warnings "-notation-overridden,-parsing,-deprecated-hint-without-locality".
From LF Require Export IndProp.









Inductive ev : nat -> Prop :=
  | ev_0                       : ev 0
  | ev_SS (n : nat) (H : ev n) : ev (S (S n)).







Check ev_SS
  : forall n,
    ev n ->
    ev (S (S n)).





Theorem ev_4 : ev 4.
Proof.
  apply ev_SS. apply ev_SS. apply ev_0. Qed.



Print ev_4.




Check (ev_SS 2 (ev_SS 0 ev_0))
  : ev 4.





Theorem ev_4': ev 4.
Proof.
  apply (ev_SS 2 (ev_SS 0 ev_0)).
Qed.






Theorem ev_4'' : ev 4.
Proof.
  Show Proof.
  apply ev_SS.
  Show Proof.
  apply ev_SS.
  Show Proof.
  apply ev_0.
  Show Proof.
Qed.





Definition ev_4''' : ev 4 :=
  ev_SS 2 (ev_SS 0 ev_0).



Print ev_4.

Print ev_4'.

Print ev_4''.

Print ev_4'''.




Theorem ev_8 : ev 8.
Proof.
  apply ev_SS.
  apply ev_SS.
  apply ev_SS.
  apply ev_SS.
  apply ev_0.
Qed.

Definition ev_8' : ev 8
  := ev_SS 6 (ev_SS 4 (ev_SS 2 (ev_SS 0 ev_0))).









Theorem ev_plus4 : forall n, ev n -> ev (4 + n).
Proof.
  intros n H. simpl.
  apply ev_SS.
  apply ev_SS.
  apply H.
Qed.



Definition ev_plus4' : forall n, ev n -> ev (4 + n) :=
  fun (n : nat) => fun (H : ev n) =>
    ev_SS (S (S n)) (ev_SS n H).



Definition ev_plus4'' (n : nat) (H : ev n)
                    : ev (4 + n) :=
  ev_SS (S (S n)) (ev_SS n H).

Check ev_plus4''
  : forall n : nat,
    ev n ->
    ev (4 + n).







Definition ev_plus2 : Prop :=
  forall n, forall (E : ev n), ev (n + 2).



Definition ev_plus2' : Prop :=
  forall n, forall (_ : ev n), ev (n + 2).



Definition ev_plus2'' : Prop :=
  forall n, ev n -> ev (n + 2).








Definition add1 : nat -> nat.
intro n.
Show Proof.
apply S.
Show Proof.
apply n. Defined.

Print add1.


Compute add1 2.









Module Props.






Module And.

Inductive and (P Q : Prop) : Prop :=
  | conj : P -> Q -> and P Q.

Arguments conj [P] [Q].

Notation "P /\ Q" := (and P Q) : type_scope.



Print prod.




Theorem proj1' : forall P Q,
  P /\ Q -> P.
Proof.
  intros P Q HPQ. destruct HPQ as [HP HQ]. apply HP.
  Show Proof.
Qed.



Lemma and_comm : forall P Q : Prop, P /\ Q <-> Q /\ P.
Proof.
  intros P Q. split.
  - intros [HP HQ]. split.
    + apply HQ.
    + apply HP.
  - intros [HQ HP]. split.
    + apply HP.
    + apply HQ.
Qed.

End And.



Definition and_comm'_aux P Q (H : P /\ Q) : Q /\ P :=
  match H with
  | conj HP HQ => conj HQ HP
  end.

Definition and_comm' P Q : P /\ Q <-> Q /\ P :=
  conj (and_comm'_aux P Q) (and_comm'_aux Q P).



Definition conj_fact : forall P Q R, P /\ Q -> Q /\ R -> P /\ R
  := fun P Q R HPQ HQR => conj (proj1 P Q HPQ) (proj2 Q R HQR).







Module Or.

Inductive or (P Q : Prop) : Prop :=
  | or_introl : P -> or P Q
  | or_intror : Q -> or P Q.

Arguments or_introl [P] [Q].
Arguments or_intror [P] [Q].

Notation "P \/ Q" := (or P Q) : type_scope.





Definition inj_l : forall (P Q : Prop), P -> P \/ Q :=
  fun P Q HP => or_introl HP.

Theorem inj_l' : forall (P Q : Prop), P -> P \/ Q.
Proof.
  intros P Q HP. left. apply HP.
Qed.

Definition or_elim : forall (P Q R : Prop), (P \/ Q) -> (P -> R) -> (Q -> R) -> R :=
  fun P Q R HPQ HPR HQR =>
    match HPQ with
    | or_introl HP => HPR HP
    | or_intror HQ => HQR HQ
    end.

Theorem or_elim' : forall (P Q R : Prop), (P \/ Q) -> (P -> R) -> (Q -> R) -> R.
Proof.
  intros P Q R HPQ HPR HQR.
  destruct HPQ as [HP | HQ].
  - apply HPR. apply HP.
  - apply HQR. apply HQ.
Qed.

End Or.



Definition or_commut' : forall P Q, P \/ Q -> Q \/ P
  := fun P Q HPQ =>
       match HPQ with
       | or_introl HP => or_intror HP
       | or_intror HQ => or_introl HQ
       end.







Module Ex.

Inductive ex {A : Type} (P : A -> Prop) : Prop :=
  | ex_intro : forall x : A, P x -> ex P.

Notation "'exists' x , p" :=
  (ex (fun x => p))
    (at level 200, right associativity) : type_scope.

End Ex.





Check ex (fun n => ev n) : Prop.



Definition some_nat_is_even : exists n, ev n :=
  ex_intro ev 4 (ev_SS 2 (ev_SS 0 ev_0)).



Definition ex_ev_Sn : ex (fun n => ev (S n))
  := ex_intro (fun n => ev (S n)) 1 (ev_SS 0 ev_0).







Inductive True : Prop :=
  | I : True.





Definition p_implies_true : forall P, P -> True
  := fun _ _ => I.




Inductive False : Prop := .



Fail Definition contra : False :=
  0 = 1.



Definition false_implies_zero_eq_one : False -> 0 = 1 :=
  fun contra => match contra with end.





Definition ex_falso_quodlibet' : forall P, False -> P
  := fun _ contra => match contra with end.


End Props.






Module EqualityPlayground.

Inductive eq {X:Type} : X -> X -> Prop :=
  | eq_refl : forall x, eq x x.

Notation "x == y" := (eq x y)
                       (at level 70, no associativity)
                     : type_scope.





Lemma four: 2 + 2 == 1 + 3.
Proof.
  apply eq_refl.
Qed.



Definition four' : 2 + 2 == 1 + 3 :=
  eq_refl 4.

Definition singleton : forall (X:Type) (x:X), []++[x] == x::[]  :=
  fun (X:Type) (x:X) => eq_refl [x].



Definition eq_add : forall (n1 n2 : nat), n1 == n2 -> (S n1) == (S n2) :=
  fun n1 n2 Heq =>
    match Heq with
    | eq_refl n => eq_refl (S n)
    end.



Theorem eq_add' : forall (n1 n2 : nat), n1 == n2 -> (S n1) == (S n2).
Proof.
  intros n1 n2 Heq.
  Fail rewrite Heq.
  destruct Heq.
  Fail reflexivity.
  apply eq_refl.
Qed.



Definition eq_cons : forall (X : Type) (h1 h2 : X) (t1 t2 : list X),
    h1 == h2 -> t1 == t2 -> h1 :: t1 == h2 :: t2
  := fun X h1 h2 t1 t2 HH HT =>
       match HH with
       | eq_refl h =>
           match HT with
           | eq_refl t => eq_refl (h :: t)
           end
       end.






Lemma equality_preserves_properties_3 : forall X : Type, forall x y : X, forall Hx_eq : x == y, forall P : X -> Prop, forall HPx : P x, P y.

Proof.
(*
     The theorem states that if x and y are equal (x == y), and P is a property that holds for x (HPx : P x), then P must also hold for y.
This is a general statement about equality and properties.
The proof will be by induction on the equality of x and y.
*)
  intros X x y Hx_eq P HPx.
(*
     We have two cases to consider: either x and y are equal because they are the same element (reflexivity of equality),
     or there exists a predecessor z such that x is the successor of z (S z) and y is the successor of z (S z).
*)
  destruct Hx_eq as [|z Hx_eq_Sz].
(*
     Case 1: x and y are the same element.
Since P holds for x (HPx : P x), it must also hold for y, because x and y are the same element.
*)
  - left.
exact HPx.
(*
     Case 2: x and y are successors of a predecessor z.
We need to prove that P holds for y.
We know that P holds for x (HPx : P x), and we have an equality between x and y (Hx_eq_Sz : x == y).
We can use the induction hypothesis on the equality to prove that P holds for y.
*)
  - right.
apply (equality_preserves_properties_3 X (S z) y Hx_eq_Sz P HPx).
Qed.

Outdated contents in ..cache: recomputing
ERROR MESSAGE IN LEMMA PROOF (FRAGMENT #328)
Error in step "destruct Hx_eq as [|z Hx_eq_Sz].".
Message: Expects a disjunctive pattern with 1 branch or a
conjunctive pattern made of 1 patterns..
Goal: P y.


TRYING TO PROVE LEMMA
Lemma equality_preserves_properties_4 : forall X : Type, forall x y : X, forall Hx_eq : x == y, forall P : X -> Prop, forall HPx : P x, P y.


ATTEMPTED LEMMA PROOF (LEMMAS USED: 5)


Set Warnings "-notation-overridden,-parsing,-deprecated-hint-without-locality".
From LF Require Export IndProp.









Inductive ev : nat -> Prop :=
  | ev_0                       : ev 0
  | ev_SS (n : nat) (H : ev n) : ev (S (S n)).







Check ev_SS
  : forall n,
    ev n ->
    ev (S (S n)).





Theorem ev_4 : ev 4.
Proof.
  apply ev_SS. apply ev_SS. apply ev_0. Qed.



Print ev_4.




Check (ev_SS 2 (ev_SS 0 ev_0))
  : ev 4.





Theorem ev_4': ev 4.
Proof.
  apply (ev_SS 2 (ev_SS 0 ev_0)).
Qed.






Theorem ev_4'' : ev 4.
Proof.
  Show Proof.
  apply ev_SS.
  Show Proof.
  apply ev_SS.
  Show Proof.
  apply ev_0.
  Show Proof.
Qed.





Definition ev_4''' : ev 4 :=
  ev_SS 2 (ev_SS 0 ev_0).



Print ev_4.

Print ev_4'.

Print ev_4''.

Print ev_4'''.




Theorem ev_8 : ev 8.
Proof.
  apply ev_SS.
  apply ev_SS.
  apply ev_SS.
  apply ev_SS.
  apply ev_0.
Qed.

Definition ev_8' : ev 8
  := ev_SS 6 (ev_SS 4 (ev_SS 2 (ev_SS 0 ev_0))).









Theorem ev_plus4 : forall n, ev n -> ev (4 + n).
Proof.
  intros n H. simpl.
  apply ev_SS.
  apply ev_SS.
  apply H.
Qed.



Definition ev_plus4' : forall n, ev n -> ev (4 + n) :=
  fun (n : nat) => fun (H : ev n) =>
    ev_SS (S (S n)) (ev_SS n H).



Definition ev_plus4'' (n : nat) (H : ev n)
                    : ev (4 + n) :=
  ev_SS (S (S n)) (ev_SS n H).

Check ev_plus4''
  : forall n : nat,
    ev n ->
    ev (4 + n).







Definition ev_plus2 : Prop :=
  forall n, forall (E : ev n), ev (n + 2).



Definition ev_plus2' : Prop :=
  forall n, forall (_ : ev n), ev (n + 2).



Definition ev_plus2'' : Prop :=
  forall n, ev n -> ev (n + 2).








Definition add1 : nat -> nat.
intro n.
Show Proof.
apply S.
Show Proof.
apply n. Defined.

Print add1.


Compute add1 2.









Module Props.






Module And.

Inductive and (P Q : Prop) : Prop :=
  | conj : P -> Q -> and P Q.

Arguments conj [P] [Q].

Notation "P /\ Q" := (and P Q) : type_scope.



Print prod.




Theorem proj1' : forall P Q,
  P /\ Q -> P.
Proof.
  intros P Q HPQ. destruct HPQ as [HP HQ]. apply HP.
  Show Proof.
Qed.



Lemma and_comm : forall P Q : Prop, P /\ Q <-> Q /\ P.
Proof.
  intros P Q. split.
  - intros [HP HQ]. split.
    + apply HQ.
    + apply HP.
  - intros [HQ HP]. split.
    + apply HP.
    + apply HQ.
Qed.

End And.



Definition and_comm'_aux P Q (H : P /\ Q) : Q /\ P :=
  match H with
  | conj HP HQ => conj HQ HP
  end.

Definition and_comm' P Q : P /\ Q <-> Q /\ P :=
  conj (and_comm'_aux P Q) (and_comm'_aux Q P).



Definition conj_fact : forall P Q R, P /\ Q -> Q /\ R -> P /\ R
  := fun P Q R HPQ HQR => conj (proj1 P Q HPQ) (proj2 Q R HQR).







Module Or.

Inductive or (P Q : Prop) : Prop :=
  | or_introl : P -> or P Q
  | or_intror : Q -> or P Q.

Arguments or_introl [P] [Q].
Arguments or_intror [P] [Q].

Notation "P \/ Q" := (or P Q) : type_scope.





Definition inj_l : forall (P Q : Prop), P -> P \/ Q :=
  fun P Q HP => or_introl HP.

Theorem inj_l' : forall (P Q : Prop), P -> P \/ Q.
Proof.
  intros P Q HP. left. apply HP.
Qed.

Definition or_elim : forall (P Q R : Prop), (P \/ Q) -> (P -> R) -> (Q -> R) -> R :=
  fun P Q R HPQ HPR HQR =>
    match HPQ with
    | or_introl HP => HPR HP
    | or_intror HQ => HQR HQ
    end.

Theorem or_elim' : forall (P Q R : Prop), (P \/ Q) -> (P -> R) -> (Q -> R) -> R.
Proof.
  intros P Q R HPQ HPR HQR.
  destruct HPQ as [HP | HQ].
  - apply HPR. apply HP.
  - apply HQR. apply HQ.
Qed.

End Or.



Definition or_commut' : forall P Q, P \/ Q -> Q \/ P
  := fun P Q HPQ =>
       match HPQ with
       | or_introl HP => or_intror HP
       | or_intror HQ => or_introl HQ
       end.







Module Ex.

Inductive ex {A : Type} (P : A -> Prop) : Prop :=
  | ex_intro : forall x : A, P x -> ex P.

Notation "'exists' x , p" :=
  (ex (fun x => p))
    (at level 200, right associativity) : type_scope.

End Ex.





Check ex (fun n => ev n) : Prop.



Definition some_nat_is_even : exists n, ev n :=
  ex_intro ev 4 (ev_SS 2 (ev_SS 0 ev_0)).



Definition ex_ev_Sn : ex (fun n => ev (S n))
  := ex_intro (fun n => ev (S n)) 1 (ev_SS 0 ev_0).







Inductive True : Prop :=
  | I : True.





Definition p_implies_true : forall P, P -> True
  := fun _ _ => I.




Inductive False : Prop := .



Fail Definition contra : False :=
  0 = 1.



Definition false_implies_zero_eq_one : False -> 0 = 1 :=
  fun contra => match contra with end.





Definition ex_falso_quodlibet' : forall P, False -> P
  := fun _ contra => match contra with end.


End Props.






Module EqualityPlayground.

Inductive eq {X:Type} : X -> X -> Prop :=
  | eq_refl : forall x, eq x x.

Notation "x == y" := (eq x y)
                       (at level 70, no associativity)
                     : type_scope.





Lemma four: 2 + 2 == 1 + 3.
Proof.
  apply eq_refl.
Qed.



Definition four' : 2 + 2 == 1 + 3 :=
  eq_refl 4.

Definition singleton : forall (X:Type) (x:X), []++[x] == x::[]  :=
  fun (X:Type) (x:X) => eq_refl [x].



Definition eq_add : forall (n1 n2 : nat), n1 == n2 -> (S n1) == (S n2) :=
  fun n1 n2 Heq =>
    match Heq with
    | eq_refl n => eq_refl (S n)
    end.



Theorem eq_add' : forall (n1 n2 : nat), n1 == n2 -> (S n1) == (S n2).
Proof.
  intros n1 n2 Heq.
  Fail rewrite Heq.
  destruct Heq.
  Fail reflexivity.
  apply eq_refl.
Qed.



Definition eq_cons : forall (X : Type) (h1 h2 : X) (t1 t2 : list X),
    h1 == h2 -> t1 == t2 -> h1 :: t1 == h2 :: t2
  := fun X h1 h2 t1 t2 HH HT =>
       match HH with
       | eq_refl h =>
           match HT with
           | eq_refl t => eq_refl (h :: t)
           end
       end.






Lemma equality_preserves_properties_4 : forall X : Type, forall x y : X, forall Hx_eq : x == y, forall P : X -> Prop, forall HPx : P x, P y.

Proof.
(*
     The theorem states that if x and y are equal (x == y), and P is a property that holds for x (HPx : P x), then P must also hold for y.
This is a general statement about equality and properties.
The goal is to prove this statement by applying the axiom of substitution, which states that if x == y and P is a property, then P(x) implies P(y).
The proof is straightforward: we just need to apply the axiom of substitution with the given equality and property.
*)
  intros X x y Hx_eq P HPx.
(*
     The "intros" tactic introduces all the variables in the statement.
Hx_eq is the equality between x and y, P is the property, and HPx is the proof that P holds for x.
*)
  subst.
(*
     The "subst" tactic applies the axiom of substitution.
It replaces x with y in the goal, since we have shown that x == y.
This means that if P holds for x, it must also hold for y.
*)
  exact HPx.
(*
     The "exact" tactic concludes the proof by applying the proof HPx that P holds for x.
Since we have just shown that P holds for y, the theorem is proven.
*)

Qed.

Outdated contents in ..cache: recomputing
ERROR MESSAGE IN LEMMA PROOF (FRAGMENT #330)
Error in step "exact HPx.".
Message: In environment
X : Type
x, y : X
Hx_eq : x == y
P : X -> Prop
HPx : P x
The term "HPx" has type 
"P x" while it is expected to have type 
"P y"..
Goal: P y.


TRYING TO PROVE LEMMA
Lemma equality_preserves_properties_5 : forall X : Type, forall x y : X, forall Hx_eq : x == y, forall P : X -> Prop, forall HPx : P x, P y.


Error proving equality__leibniz_equality
MAX LEMMA DEPTH REACHED. GIVING UP.