PROVING bin_nat_bin_fails
ATTEMPTED THEOREM PROOF (LEMMAS USED: 0)







From LF Require Export Basics.








Theorem add_0_r_firsttry : forall n:nat,
  n + 0 = n.



Proof.
  intros n.
  simpl. 
Abort.



Theorem add_0_r_secondtry : forall n:nat,
  n + 0 = n.
Proof.
  intros n. destruct n as [| n'] eqn:E.
  - 
    reflexivity. 
  - 
    simpl.       
Abort.





Theorem add_0_r : forall n:nat, n + 0 = n.
Proof.
  intros n. induction n as [| n' IHn'].
  -     reflexivity.
  -  simpl. rewrite -> IHn'. reflexivity.  Qed.



Theorem minus_n_n : forall n,
  minus n n = 0.
Proof.
  
  intros n. induction n as [| n' IHn'].
  - 
    simpl. reflexivity.
  - 
    simpl. rewrite -> IHn'. reflexivity.  Qed.





Theorem mul_0_r : forall n:nat,
  n * 0 = 0.
Proof.
  induction n as [| n' IHn'].
  -     reflexivity.
  -  simpl. rewrite -> IHn'. reflexivity.
Qed.

Theorem plus_n_Sm : forall n m : nat,
  S (n + m) = n + (S m).
Proof.
  intros n m.
  induction n as [| n' IHn'].
  - 
    reflexivity.
  - 
    simpl. rewrite -> IHn'. reflexivity.
Qed.

Theorem add_comm : forall n m : nat,
  n + m = m + n.
Proof.
  intros n m.
  induction n as [| n' IHn'].
  - 
    simpl. rewrite <- plus_n_O. reflexivity.
  - 
    simpl. rewrite <- plus_n_Sm. rewrite <- IHn'. reflexivity.
Qed.

Theorem add_assoc : forall n m p : nat,
  n + (m + p) = (n + m) + p.
Proof.
  intros n m p.
  induction n as [| n' IHn'].
  - 
    reflexivity.
  - 
    simpl. rewrite -> IHn'. reflexivity.
Qed.




Fixpoint double (n:nat) :=
  match n with
  | O => O
  | S n' => S (S (double n'))
  end.



Lemma double_plus : forall n, double n = n + n .
Proof.
  induction n as [| n' IHn'].
  - 
    reflexivity.
  - 
    simpl.
    rewrite -> IHn'.
    rewrite <- plus_n_Sm.
    reflexivity.
Qed.



Theorem eqb_refl : forall n : nat,
  (n =? n) = true.
Proof.
  intros n.
  induction n.
  reflexivity.
  simpl. rewrite <- IHn. reflexivity.
Qed.




Theorem even_S : forall n : nat,
  even (S n) = negb (even n).
Proof.
  induction n as [| n' IHn'].
  - 
    reflexivity.
  - 
    rewrite -> IHn'.
    rewrite -> negb_involutive.
    reflexivity.
Qed.











Theorem mult_0_plus' : forall n m : nat,
  (n + 0 + 0) * m = n * m.
Proof.
  intros n m.
  assert (H: n + 0 + 0 = n).
    { rewrite add_comm. simpl. rewrite add_comm. reflexivity. }
  rewrite -> H.
  reflexivity.  Qed.





Theorem plus_rearrange_firsttry : forall n m p q : nat,
  (n + m) + (p + q) = (m + n) + (p + q).
Proof.
  intros n m p q.
  
  rewrite add_comm.
  
Abort.



Theorem plus_rearrange : forall n m p q : nat,
  (n + m) + (p + q) = (m + n) + (p + q).
Proof.
  intros n m p q.
  assert (H: n + m = m + n).
  { rewrite add_comm. reflexivity. }
  rewrite H. reflexivity.  Qed.










Theorem add_assoc' : forall n m p : nat,
  n + (m + p) = (n + m) + p.
Proof. intros n m p. induction n as [| n' IHn']. reflexivity.
  simpl. rewrite IHn'. reflexivity.  Qed.



Theorem add_assoc'' : forall n m p : nat,
  n + (m + p) = (n + m) + p.
Proof.
  intros n m p. induction n as [| n' IHn'].
  - 
    reflexivity.
  - 
    simpl. rewrite IHn'. reflexivity.   Qed.










Definition manual_grade_for_add_comm_informal : option (nat*string) := None.





Definition manual_grade_for_eqb_refl_informal : option (nat*string) := None.







Theorem add_shuffle3 : forall n m p : nat,
  n + (m + p) = m + (n + p).
Proof.
  intros n m p.
  rewrite -> add_assoc.
  rewrite -> add_assoc.
  assert (H: n + m = m + n).
  { rewrite -> add_comm. reflexivity. }
  rewrite -> H. reflexivity.
Qed.



Theorem mul_comm : forall m n : nat,
  m * n = n * m.
Proof.
  intros m n.
  destruct m as [| m'].
  - simpl. rewrite -> mul_0_r. reflexivity.
  - induction n as [| n' IHn'].
    + simpl. rewrite -> mul_0_r. reflexivity.
    + simpl.
      rewrite <- IHn'.
      simpl.
      rewrite <- mult_n_Sm.
      assert (H1: m' + (n' + m' * n') = n' + (m' + m' * n')).
      { rewrite -> add_shuffle3. reflexivity. }
      assert (H2: m' * n' + m' = m' + m' * n').
      { rewrite -> add_comm. reflexivity. }
      rewrite -> H1. rewrite -> H2.
      reflexivity.
Qed.




Check leb.

Theorem plus_leb_compat_l : forall n m p : nat,
  n <=? m = true -> (p + n) <=? (p + m) = true.
Proof.
  intros n m p.
  intros H.
  induction p as [| p' IHp'].
  - simpl. rewrite -> H. reflexivity.
  - simpl. rewrite -> IHp'. reflexivity.
Qed.





Theorem leb_refl : forall n:nat,
  (n <=? n) = true.
Proof.
  induction n as [| n'].
  - reflexivity.
  - simpl. rewrite <- IHn'. reflexivity.
Qed.

Theorem zero_neqb_S : forall n:nat,
  0 =? (S n) = false.
Proof.
  reflexivity. Qed.

Theorem andb_false_r : forall b : bool,
  andb b false = false.
Proof.
  destruct b.
  reflexivity. reflexivity. Qed.

Theorem S_neqb_0 : forall n:nat,
  (S n) =? 0 = false.
Proof.
  reflexivity. Qed.

Theorem mult_1_l : forall n:nat, 1 * n = n.
Proof.
  intros n. simpl. rewrite -> plus_n_O. reflexivity. Qed.

Theorem all3_spec : forall b c : bool,
  orb
    (andb b c)
    (orb (negb b)
         (negb c))
  = true.
Proof.
  intros b c.
  destruct b.
  - simpl.
    destruct c.
    + reflexivity.
    + reflexivity.
  - reflexivity.
Qed.

Theorem mult_plus_distr_r : forall n m p : nat,
  (n + m) * p = (n * p) + (m * p).
Proof.
  intros n m p.
  induction p as [| p' IHp'].
  - rewrite -> mul_0_r. rewrite -> mul_0_r. rewrite -> mul_0_r.
    reflexivity.
  - rewrite <- mult_n_Sm.
    rewrite <- mult_n_Sm.
    rewrite <- mult_n_Sm.
    rewrite -> IHp'.
    assert (H1: n * p' + m * p' + (n + m) = n * p' + (m * p' + (n + m))).
    { rewrite <- add_assoc. reflexivity. }
    rewrite -> H1.
    assert (H2: n * p' + n + (m * p' + m) = n * p' + (n + (m * p' + m))).
    { rewrite <- add_assoc. reflexivity. }
    rewrite -> H2.
    assert (H3: n + (m * p' + m) = n + m * p' + m).
    { rewrite <- add_assoc. reflexivity. }
    rewrite -> H3.
    assert (H4: n + m * p' = m * p' + n).
    { rewrite -> add_comm. reflexivity. }
    rewrite -> H4.
    rewrite -> add_assoc.
    rewrite -> add_assoc.
    rewrite -> add_assoc.
    rewrite -> add_assoc.
    reflexivity.
Qed.

Theorem mult_assoc : forall n m p : nat,
  n * (m * p) = (n * m) * p.
Proof.
  intros n m p.
  induction n as [|n'].
  - reflexivity.
  - simpl.
    rewrite -> IHn'.
    rewrite -> mult_plus_distr_r.
    reflexivity.
Qed.




Theorem add_shuffle3' : forall n m p : nat,
  n + (m + p) = m + (n + p).
Proof.
  intros n m p.
  rewrite -> add_assoc.
  rewrite -> add_assoc.
  replace (n + m) with (m + n). reflexivity.
  rewrite -> add_comm. reflexivity.
Qed.







Inductive bin : Type :=
  | Z
  | B0 (n : bin)
  | B1 (n : bin)
.


Fixpoint incr (m:bin) : bin
  := match m with
     | Z    => B1 Z
     | B0 n => B1 n
     | B1 n => B0 (incr n)
     end.

Fixpoint bin_to_nat (m:bin) : nat
  := match m with
     | Z    => O
     | B0 n => (bin_to_nat n) + (bin_to_nat n)
     | B1 n => S ((bin_to_nat n) + (bin_to_nat n))
     end.





Theorem bin_to_nat_pres_incr : forall b : bin,
  bin_to_nat (incr b) = 1 + bin_to_nat b.
Proof.
  intros b.
  induction b as [|b'|b'].
  - reflexivity.
  - reflexivity.
  - simpl.
    rewrite -> IHb'.
    simpl. rewrite <- plus_n_Sm.
    reflexivity.
Qed.







Fixpoint nat_to_bin (n:nat) : bin
  := match n with
     | 0    => Z
     | S n' => incr (nat_to_bin n')
     end.



Theorem nat_bin_nat : forall n, bin_to_nat (nat_to_bin n) = n.
Proof.
  induction n as [|n'].
  - reflexivity.
  - simpl.
    rewrite -> bin_to_nat_pres_incr.
    rewrite -> IHn'.
    reflexivity.
Qed.










Theorem bin_nat_bin_fails : forall b, nat_to_bin (bin_to_nat b) = b.

Proof.
intros b.
induction b as [|n b' IHb'].
- (* b = Z *)
  reflexivity.
- (* b = B0 b' *)
  simpl.
rewrite IHb'.
reflexivity.
- (* b = B1 b' *)
  simpl.
rewrite IHb'.
reflexivity.
Qed.

Outdated contents in ..cache: recomputing
ERROR MESSAGE IN THEOREM PROOF (FRAGMENT #748)
Error in step "induction b as [|n b' IHb'].".
Message: Expects a disjunctive pattern with 3 branches..
Goal: nat_to_bin (bin_to_nat b) = b.


TRYING TO PROVE LEMMA
Lemma bin_to_nat_and_back_0 : forall b : bin, nat_to_bin (bin_to_nat b) = b.


ATTEMPTED LEMMA PROOF (LEMMAS USED: 1)







From LF Require Export Basics.








Theorem add_0_r_firsttry : forall n:nat,
  n + 0 = n.



Proof.
  intros n.
  simpl. 
Abort.



Theorem add_0_r_secondtry : forall n:nat,
  n + 0 = n.
Proof.
  intros n. destruct n as [| n'] eqn:E.
  - 
    reflexivity. 
  - 
    simpl.       
Abort.





Theorem add_0_r : forall n:nat, n + 0 = n.
Proof.
  intros n. induction n as [| n' IHn'].
  -     reflexivity.
  -  simpl. rewrite -> IHn'. reflexivity.  Qed.



Theorem minus_n_n : forall n,
  minus n n = 0.
Proof.
  
  intros n. induction n as [| n' IHn'].
  - 
    simpl. reflexivity.
  - 
    simpl. rewrite -> IHn'. reflexivity.  Qed.





Theorem mul_0_r : forall n:nat,
  n * 0 = 0.
Proof.
  induction n as [| n' IHn'].
  -     reflexivity.
  -  simpl. rewrite -> IHn'. reflexivity.
Qed.

Theorem plus_n_Sm : forall n m : nat,
  S (n + m) = n + (S m).
Proof.
  intros n m.
  induction n as [| n' IHn'].
  - 
    reflexivity.
  - 
    simpl. rewrite -> IHn'. reflexivity.
Qed.

Theorem add_comm : forall n m : nat,
  n + m = m + n.
Proof.
  intros n m.
  induction n as [| n' IHn'].
  - 
    simpl. rewrite <- plus_n_O. reflexivity.
  - 
    simpl. rewrite <- plus_n_Sm. rewrite <- IHn'. reflexivity.
Qed.

Theorem add_assoc : forall n m p : nat,
  n + (m + p) = (n + m) + p.
Proof.
  intros n m p.
  induction n as [| n' IHn'].
  - 
    reflexivity.
  - 
    simpl. rewrite -> IHn'. reflexivity.
Qed.




Fixpoint double (n:nat) :=
  match n with
  | O => O
  | S n' => S (S (double n'))
  end.



Lemma double_plus : forall n, double n = n + n .
Proof.
  induction n as [| n' IHn'].
  - 
    reflexivity.
  - 
    simpl.
    rewrite -> IHn'.
    rewrite <- plus_n_Sm.
    reflexivity.
Qed.



Theorem eqb_refl : forall n : nat,
  (n =? n) = true.
Proof.
  intros n.
  induction n.
  reflexivity.
  simpl. rewrite <- IHn. reflexivity.
Qed.




Theorem even_S : forall n : nat,
  even (S n) = negb (even n).
Proof.
  induction n as [| n' IHn'].
  - 
    reflexivity.
  - 
    rewrite -> IHn'.
    rewrite -> negb_involutive.
    reflexivity.
Qed.











Theorem mult_0_plus' : forall n m : nat,
  (n + 0 + 0) * m = n * m.
Proof.
  intros n m.
  assert (H: n + 0 + 0 = n).
    { rewrite add_comm. simpl. rewrite add_comm. reflexivity. }
  rewrite -> H.
  reflexivity.  Qed.





Theorem plus_rearrange_firsttry : forall n m p q : nat,
  (n + m) + (p + q) = (m + n) + (p + q).
Proof.
  intros n m p q.
  
  rewrite add_comm.
  
Abort.



Theorem plus_rearrange : forall n m p q : nat,
  (n + m) + (p + q) = (m + n) + (p + q).
Proof.
  intros n m p q.
  assert (H: n + m = m + n).
  { rewrite add_comm. reflexivity. }
  rewrite H. reflexivity.  Qed.










Theorem add_assoc' : forall n m p : nat,
  n + (m + p) = (n + m) + p.
Proof. intros n m p. induction n as [| n' IHn']. reflexivity.
  simpl. rewrite IHn'. reflexivity.  Qed.



Theorem add_assoc'' : forall n m p : nat,
  n + (m + p) = (n + m) + p.
Proof.
  intros n m p. induction n as [| n' IHn'].
  - 
    reflexivity.
  - 
    simpl. rewrite IHn'. reflexivity.   Qed.










Definition manual_grade_for_add_comm_informal : option (nat*string) := None.





Definition manual_grade_for_eqb_refl_informal : option (nat*string) := None.







Theorem add_shuffle3 : forall n m p : nat,
  n + (m + p) = m + (n + p).
Proof.
  intros n m p.
  rewrite -> add_assoc.
  rewrite -> add_assoc.
  assert (H: n + m = m + n).
  { rewrite -> add_comm. reflexivity. }
  rewrite -> H. reflexivity.
Qed.



Theorem mul_comm : forall m n : nat,
  m * n = n * m.
Proof.
  intros m n.
  destruct m as [| m'].
  - simpl. rewrite -> mul_0_r. reflexivity.
  - induction n as [| n' IHn'].
    + simpl. rewrite -> mul_0_r. reflexivity.
    + simpl.
      rewrite <- IHn'.
      simpl.
      rewrite <- mult_n_Sm.
      assert (H1: m' + (n' + m' * n') = n' + (m' + m' * n')).
      { rewrite -> add_shuffle3. reflexivity. }
      assert (H2: m' * n' + m' = m' + m' * n').
      { rewrite -> add_comm. reflexivity. }
      rewrite -> H1. rewrite -> H2.
      reflexivity.
Qed.




Check leb.

Theorem plus_leb_compat_l : forall n m p : nat,
  n <=? m = true -> (p + n) <=? (p + m) = true.
Proof.
  intros n m p.
  intros H.
  induction p as [| p' IHp'].
  - simpl. rewrite -> H. reflexivity.
  - simpl. rewrite -> IHp'. reflexivity.
Qed.





Theorem leb_refl : forall n:nat,
  (n <=? n) = true.
Proof.
  induction n as [| n'].
  - reflexivity.
  - simpl. rewrite <- IHn'. reflexivity.
Qed.

Theorem zero_neqb_S : forall n:nat,
  0 =? (S n) = false.
Proof.
  reflexivity. Qed.

Theorem andb_false_r : forall b : bool,
  andb b false = false.
Proof.
  destruct b.
  reflexivity. reflexivity. Qed.

Theorem S_neqb_0 : forall n:nat,
  (S n) =? 0 = false.
Proof.
  reflexivity. Qed.

Theorem mult_1_l : forall n:nat, 1 * n = n.
Proof.
  intros n. simpl. rewrite -> plus_n_O. reflexivity. Qed.

Theorem all3_spec : forall b c : bool,
  orb
    (andb b c)
    (orb (negb b)
         (negb c))
  = true.
Proof.
  intros b c.
  destruct b.
  - simpl.
    destruct c.
    + reflexivity.
    + reflexivity.
  - reflexivity.
Qed.

Theorem mult_plus_distr_r : forall n m p : nat,
  (n + m) * p = (n * p) + (m * p).
Proof.
  intros n m p.
  induction p as [| p' IHp'].
  - rewrite -> mul_0_r. rewrite -> mul_0_r. rewrite -> mul_0_r.
    reflexivity.
  - rewrite <- mult_n_Sm.
    rewrite <- mult_n_Sm.
    rewrite <- mult_n_Sm.
    rewrite -> IHp'.
    assert (H1: n * p' + m * p' + (n + m) = n * p' + (m * p' + (n + m))).
    { rewrite <- add_assoc. reflexivity. }
    rewrite -> H1.
    assert (H2: n * p' + n + (m * p' + m) = n * p' + (n + (m * p' + m))).
    { rewrite <- add_assoc. reflexivity. }
    rewrite -> H2.
    assert (H3: n + (m * p' + m) = n + m * p' + m).
    { rewrite <- add_assoc. reflexivity. }
    rewrite -> H3.
    assert (H4: n + m * p' = m * p' + n).
    { rewrite -> add_comm. reflexivity. }
    rewrite -> H4.
    rewrite -> add_assoc.
    rewrite -> add_assoc.
    rewrite -> add_assoc.
    rewrite -> add_assoc.
    reflexivity.
Qed.

Theorem mult_assoc : forall n m p : nat,
  n * (m * p) = (n * m) * p.
Proof.
  intros n m p.
  induction n as [|n'].
  - reflexivity.
  - simpl.
    rewrite -> IHn'.
    rewrite -> mult_plus_distr_r.
    reflexivity.
Qed.




Theorem add_shuffle3' : forall n m p : nat,
  n + (m + p) = m + (n + p).
Proof.
  intros n m p.
  rewrite -> add_assoc.
  rewrite -> add_assoc.
  replace (n + m) with (m + n). reflexivity.
  rewrite -> add_comm. reflexivity.
Qed.







Inductive bin : Type :=
  | Z
  | B0 (n : bin)
  | B1 (n : bin)
.


Fixpoint incr (m:bin) : bin
  := match m with
     | Z    => B1 Z
     | B0 n => B1 n
     | B1 n => B0 (incr n)
     end.

Fixpoint bin_to_nat (m:bin) : nat
  := match m with
     | Z    => O
     | B0 n => (bin_to_nat n) + (bin_to_nat n)
     | B1 n => S ((bin_to_nat n) + (bin_to_nat n))
     end.





Theorem bin_to_nat_pres_incr : forall b : bin,
  bin_to_nat (incr b) = 1 + bin_to_nat b.
Proof.
  intros b.
  induction b as [|b'|b'].
  - reflexivity.
  - reflexivity.
  - simpl.
    rewrite -> IHb'.
    simpl. rewrite <- plus_n_Sm.
    reflexivity.
Qed.







Fixpoint nat_to_bin (n:nat) : bin
  := match n with
     | 0    => Z
     | S n' => incr (nat_to_bin n')
     end.



Theorem nat_bin_nat : forall n, bin_to_nat (nat_to_bin n) = n.
Proof.
  induction n as [|n'].
  - reflexivity.
  - simpl.
    rewrite -> bin_to_nat_pres_incr.
    rewrite -> IHn'.
    reflexivity.
Qed.










Lemma bin_to_nat_and_back_0 : forall b : bin, nat_to_bin (bin_to_nat b) = b.

Proof.
(*
    We will proceed by induction on b.
Case analysis will be used to consider the three possible constructors of b: Z, B0, and B1.
*)
  intros b.
induction b as [|n b' IHb'].
- (* Case Z *)
    reflexivity.
- (* Case B0 *)
    simpl.
rewrite IHb'.
reflexivity.
- (* Case B1 *)
    simpl.
rewrite IHb'.
reflexivity.
Qed.

Outdated contents in ..cache: recomputing
ERROR MESSAGE IN LEMMA PROOF (FRAGMENT #748)
Error in step "induction b as [|n b' IHb'].".
Message: Expects a disjunctive pattern with 3 branches..
Goal: nat_to_bin (bin_to_nat b) = b.


TRYING TO PROVE LEMMA
Lemma bin_to_nat_and_back_1 : forall b : bin, nat_to_bin (bin_to_nat b) = b.


ATTEMPTED LEMMA PROOF (LEMMAS USED: 2)







From LF Require Export Basics.








Theorem add_0_r_firsttry : forall n:nat,
  n + 0 = n.



Proof.
  intros n.
  simpl. 
Abort.



Theorem add_0_r_secondtry : forall n:nat,
  n + 0 = n.
Proof.
  intros n. destruct n as [| n'] eqn:E.
  - 
    reflexivity. 
  - 
    simpl.       
Abort.





Theorem add_0_r : forall n:nat, n + 0 = n.
Proof.
  intros n. induction n as [| n' IHn'].
  -     reflexivity.
  -  simpl. rewrite -> IHn'. reflexivity.  Qed.



Theorem minus_n_n : forall n,
  minus n n = 0.
Proof.
  
  intros n. induction n as [| n' IHn'].
  - 
    simpl. reflexivity.
  - 
    simpl. rewrite -> IHn'. reflexivity.  Qed.





Theorem mul_0_r : forall n:nat,
  n * 0 = 0.
Proof.
  induction n as [| n' IHn'].
  -     reflexivity.
  -  simpl. rewrite -> IHn'. reflexivity.
Qed.

Theorem plus_n_Sm : forall n m : nat,
  S (n + m) = n + (S m).
Proof.
  intros n m.
  induction n as [| n' IHn'].
  - 
    reflexivity.
  - 
    simpl. rewrite -> IHn'. reflexivity.
Qed.

Theorem add_comm : forall n m : nat,
  n + m = m + n.
Proof.
  intros n m.
  induction n as [| n' IHn'].
  - 
    simpl. rewrite <- plus_n_O. reflexivity.
  - 
    simpl. rewrite <- plus_n_Sm. rewrite <- IHn'. reflexivity.
Qed.

Theorem add_assoc : forall n m p : nat,
  n + (m + p) = (n + m) + p.
Proof.
  intros n m p.
  induction n as [| n' IHn'].
  - 
    reflexivity.
  - 
    simpl. rewrite -> IHn'. reflexivity.
Qed.




Fixpoint double (n:nat) :=
  match n with
  | O => O
  | S n' => S (S (double n'))
  end.



Lemma double_plus : forall n, double n = n + n .
Proof.
  induction n as [| n' IHn'].
  - 
    reflexivity.
  - 
    simpl.
    rewrite -> IHn'.
    rewrite <- plus_n_Sm.
    reflexivity.
Qed.



Theorem eqb_refl : forall n : nat,
  (n =? n) = true.
Proof.
  intros n.
  induction n.
  reflexivity.
  simpl. rewrite <- IHn. reflexivity.
Qed.




Theorem even_S : forall n : nat,
  even (S n) = negb (even n).
Proof.
  induction n as [| n' IHn'].
  - 
    reflexivity.
  - 
    rewrite -> IHn'.
    rewrite -> negb_involutive.
    reflexivity.
Qed.











Theorem mult_0_plus' : forall n m : nat,
  (n + 0 + 0) * m = n * m.
Proof.
  intros n m.
  assert (H: n + 0 + 0 = n).
    { rewrite add_comm. simpl. rewrite add_comm. reflexivity. }
  rewrite -> H.
  reflexivity.  Qed.





Theorem plus_rearrange_firsttry : forall n m p q : nat,
  (n + m) + (p + q) = (m + n) + (p + q).
Proof.
  intros n m p q.
  
  rewrite add_comm.
  
Abort.



Theorem plus_rearrange : forall n m p q : nat,
  (n + m) + (p + q) = (m + n) + (p + q).
Proof.
  intros n m p q.
  assert (H: n + m = m + n).
  { rewrite add_comm. reflexivity. }
  rewrite H. reflexivity.  Qed.










Theorem add_assoc' : forall n m p : nat,
  n + (m + p) = (n + m) + p.
Proof. intros n m p. induction n as [| n' IHn']. reflexivity.
  simpl. rewrite IHn'. reflexivity.  Qed.



Theorem add_assoc'' : forall n m p : nat,
  n + (m + p) = (n + m) + p.
Proof.
  intros n m p. induction n as [| n' IHn'].
  - 
    reflexivity.
  - 
    simpl. rewrite IHn'. reflexivity.   Qed.










Definition manual_grade_for_add_comm_informal : option (nat*string) := None.





Definition manual_grade_for_eqb_refl_informal : option (nat*string) := None.







Theorem add_shuffle3 : forall n m p : nat,
  n + (m + p) = m + (n + p).
Proof.
  intros n m p.
  rewrite -> add_assoc.
  rewrite -> add_assoc.
  assert (H: n + m = m + n).
  { rewrite -> add_comm. reflexivity. }
  rewrite -> H. reflexivity.
Qed.



Theorem mul_comm : forall m n : nat,
  m * n = n * m.
Proof.
  intros m n.
  destruct m as [| m'].
  - simpl. rewrite -> mul_0_r. reflexivity.
  - induction n as [| n' IHn'].
    + simpl. rewrite -> mul_0_r. reflexivity.
    + simpl.
      rewrite <- IHn'.
      simpl.
      rewrite <- mult_n_Sm.
      assert (H1: m' + (n' + m' * n') = n' + (m' + m' * n')).
      { rewrite -> add_shuffle3. reflexivity. }
      assert (H2: m' * n' + m' = m' + m' * n').
      { rewrite -> add_comm. reflexivity. }
      rewrite -> H1. rewrite -> H2.
      reflexivity.
Qed.




Check leb.

Theorem plus_leb_compat_l : forall n m p : nat,
  n <=? m = true -> (p + n) <=? (p + m) = true.
Proof.
  intros n m p.
  intros H.
  induction p as [| p' IHp'].
  - simpl. rewrite -> H. reflexivity.
  - simpl. rewrite -> IHp'. reflexivity.
Qed.





Theorem leb_refl : forall n:nat,
  (n <=? n) = true.
Proof.
  induction n as [| n'].
  - reflexivity.
  - simpl. rewrite <- IHn'. reflexivity.
Qed.

Theorem zero_neqb_S : forall n:nat,
  0 =? (S n) = false.
Proof.
  reflexivity. Qed.

Theorem andb_false_r : forall b : bool,
  andb b false = false.
Proof.
  destruct b.
  reflexivity. reflexivity. Qed.

Theorem S_neqb_0 : forall n:nat,
  (S n) =? 0 = false.
Proof.
  reflexivity. Qed.

Theorem mult_1_l : forall n:nat, 1 * n = n.
Proof.
  intros n. simpl. rewrite -> plus_n_O. reflexivity. Qed.

Theorem all3_spec : forall b c : bool,
  orb
    (andb b c)
    (orb (negb b)
         (negb c))
  = true.
Proof.
  intros b c.
  destruct b.
  - simpl.
    destruct c.
    + reflexivity.
    + reflexivity.
  - reflexivity.
Qed.

Theorem mult_plus_distr_r : forall n m p : nat,
  (n + m) * p = (n * p) + (m * p).
Proof.
  intros n m p.
  induction p as [| p' IHp'].
  - rewrite -> mul_0_r. rewrite -> mul_0_r. rewrite -> mul_0_r.
    reflexivity.
  - rewrite <- mult_n_Sm.
    rewrite <- mult_n_Sm.
    rewrite <- mult_n_Sm.
    rewrite -> IHp'.
    assert (H1: n * p' + m * p' + (n + m) = n * p' + (m * p' + (n + m))).
    { rewrite <- add_assoc. reflexivity. }
    rewrite -> H1.
    assert (H2: n * p' + n + (m * p' + m) = n * p' + (n + (m * p' + m))).
    { rewrite <- add_assoc. reflexivity. }
    rewrite -> H2.
    assert (H3: n + (m * p' + m) = n + m * p' + m).
    { rewrite <- add_assoc. reflexivity. }
    rewrite -> H3.
    assert (H4: n + m * p' = m * p' + n).
    { rewrite -> add_comm. reflexivity. }
    rewrite -> H4.
    rewrite -> add_assoc.
    rewrite -> add_assoc.
    rewrite -> add_assoc.
    rewrite -> add_assoc.
    reflexivity.
Qed.

Theorem mult_assoc : forall n m p : nat,
  n * (m * p) = (n * m) * p.
Proof.
  intros n m p.
  induction n as [|n'].
  - reflexivity.
  - simpl.
    rewrite -> IHn'.
    rewrite -> mult_plus_distr_r.
    reflexivity.
Qed.




Theorem add_shuffle3' : forall n m p : nat,
  n + (m + p) = m + (n + p).
Proof.
  intros n m p.
  rewrite -> add_assoc.
  rewrite -> add_assoc.
  replace (n + m) with (m + n). reflexivity.
  rewrite -> add_comm. reflexivity.
Qed.







Inductive bin : Type :=
  | Z
  | B0 (n : bin)
  | B1 (n : bin)
.


Fixpoint incr (m:bin) : bin
  := match m with
     | Z    => B1 Z
     | B0 n => B1 n
     | B1 n => B0 (incr n)
     end.

Fixpoint bin_to_nat (m:bin) : nat
  := match m with
     | Z    => O
     | B0 n => (bin_to_nat n) + (bin_to_nat n)
     | B1 n => S ((bin_to_nat n) + (bin_to_nat n))
     end.





Theorem bin_to_nat_pres_incr : forall b : bin,
  bin_to_nat (incr b) = 1 + bin_to_nat b.
Proof.
  intros b.
  induction b as [|b'|b'].
  - reflexivity.
  - reflexivity.
  - simpl.
    rewrite -> IHb'.
    simpl. rewrite <- plus_n_Sm.
    reflexivity.
Qed.







Fixpoint nat_to_bin (n:nat) : bin
  := match n with
     | 0    => Z
     | S n' => incr (nat_to_bin n')
     end.



Theorem nat_bin_nat : forall n, bin_to_nat (nat_to_bin n) = n.
Proof.
  induction n as [|n'].
  - reflexivity.
  - simpl.
    rewrite -> bin_to_nat_pres_incr.
    rewrite -> IHn'.
    reflexivity.
Qed.










Lemma bin_to_nat_and_back_1 : forall b : bin, nat_to_bin (bin_to_nat b) = b.

Proof.
(*
    We will proceed by induction on b.
Case analysis will be used to consider the three possible constructors of b: Z, B0, and B1.
*)
  intros b.
induction b as [|n b' IHb'].
- (* Case Z *)
    reflexivity.
- (* Case B0 *)
    simpl.
rewrite IHb'.
reflexivity.
- (* Case B1 *)
    simpl.
rewrite IHb'.
reflexivity.
Qed.

Outdated contents in ..cache: recomputing
ERROR MESSAGE IN LEMMA PROOF (FRAGMENT #748)
Error in step "induction b as [|n b' IHb'].".
Message: Expects a disjunctive pattern with 3 branches..
Goal: nat_to_bin (bin_to_nat b) = b.


TRYING TO PROVE LEMMA
Lemma bin_to_nat_and_back_2 : forall b : bin, nat_to_bin (bin_to_nat b) = b.


ATTEMPTED LEMMA PROOF (LEMMAS USED: 3)







From LF Require Export Basics.








Theorem add_0_r_firsttry : forall n:nat,
  n + 0 = n.



Proof.
  intros n.
  simpl. 
Abort.



Theorem add_0_r_secondtry : forall n:nat,
  n + 0 = n.
Proof.
  intros n. destruct n as [| n'] eqn:E.
  - 
    reflexivity. 
  - 
    simpl.       
Abort.





Theorem add_0_r : forall n:nat, n + 0 = n.
Proof.
  intros n. induction n as [| n' IHn'].
  -     reflexivity.
  -  simpl. rewrite -> IHn'. reflexivity.  Qed.



Theorem minus_n_n : forall n,
  minus n n = 0.
Proof.
  
  intros n. induction n as [| n' IHn'].
  - 
    simpl. reflexivity.
  - 
    simpl. rewrite -> IHn'. reflexivity.  Qed.





Theorem mul_0_r : forall n:nat,
  n * 0 = 0.
Proof.
  induction n as [| n' IHn'].
  -     reflexivity.
  -  simpl. rewrite -> IHn'. reflexivity.
Qed.

Theorem plus_n_Sm : forall n m : nat,
  S (n + m) = n + (S m).
Proof.
  intros n m.
  induction n as [| n' IHn'].
  - 
    reflexivity.
  - 
    simpl. rewrite -> IHn'. reflexivity.
Qed.

Theorem add_comm : forall n m : nat,
  n + m = m + n.
Proof.
  intros n m.
  induction n as [| n' IHn'].
  - 
    simpl. rewrite <- plus_n_O. reflexivity.
  - 
    simpl. rewrite <- plus_n_Sm. rewrite <- IHn'. reflexivity.
Qed.

Theorem add_assoc : forall n m p : nat,
  n + (m + p) = (n + m) + p.
Proof.
  intros n m p.
  induction n as [| n' IHn'].
  - 
    reflexivity.
  - 
    simpl. rewrite -> IHn'. reflexivity.
Qed.




Fixpoint double (n:nat) :=
  match n with
  | O => O
  | S n' => S (S (double n'))
  end.



Lemma double_plus : forall n, double n = n + n .
Proof.
  induction n as [| n' IHn'].
  - 
    reflexivity.
  - 
    simpl.
    rewrite -> IHn'.
    rewrite <- plus_n_Sm.
    reflexivity.
Qed.



Theorem eqb_refl : forall n : nat,
  (n =? n) = true.
Proof.
  intros n.
  induction n.
  reflexivity.
  simpl. rewrite <- IHn. reflexivity.
Qed.




Theorem even_S : forall n : nat,
  even (S n) = negb (even n).
Proof.
  induction n as [| n' IHn'].
  - 
    reflexivity.
  - 
    rewrite -> IHn'.
    rewrite -> negb_involutive.
    reflexivity.
Qed.











Theorem mult_0_plus' : forall n m : nat,
  (n + 0 + 0) * m = n * m.
Proof.
  intros n m.
  assert (H: n + 0 + 0 = n).
    { rewrite add_comm. simpl. rewrite add_comm. reflexivity. }
  rewrite -> H.
  reflexivity.  Qed.





Theorem plus_rearrange_firsttry : forall n m p q : nat,
  (n + m) + (p + q) = (m + n) + (p + q).
Proof.
  intros n m p q.
  
  rewrite add_comm.
  
Abort.



Theorem plus_rearrange : forall n m p q : nat,
  (n + m) + (p + q) = (m + n) + (p + q).
Proof.
  intros n m p q.
  assert (H: n + m = m + n).
  { rewrite add_comm. reflexivity. }
  rewrite H. reflexivity.  Qed.










Theorem add_assoc' : forall n m p : nat,
  n + (m + p) = (n + m) + p.
Proof. intros n m p. induction n as [| n' IHn']. reflexivity.
  simpl. rewrite IHn'. reflexivity.  Qed.



Theorem add_assoc'' : forall n m p : nat,
  n + (m + p) = (n + m) + p.
Proof.
  intros n m p. induction n as [| n' IHn'].
  - 
    reflexivity.
  - 
    simpl. rewrite IHn'. reflexivity.   Qed.










Definition manual_grade_for_add_comm_informal : option (nat*string) := None.





Definition manual_grade_for_eqb_refl_informal : option (nat*string) := None.







Theorem add_shuffle3 : forall n m p : nat,
  n + (m + p) = m + (n + p).
Proof.
  intros n m p.
  rewrite -> add_assoc.
  rewrite -> add_assoc.
  assert (H: n + m = m + n).
  { rewrite -> add_comm. reflexivity. }
  rewrite -> H. reflexivity.
Qed.



Theorem mul_comm : forall m n : nat,
  m * n = n * m.
Proof.
  intros m n.
  destruct m as [| m'].
  - simpl. rewrite -> mul_0_r. reflexivity.
  - induction n as [| n' IHn'].
    + simpl. rewrite -> mul_0_r. reflexivity.
    + simpl.
      rewrite <- IHn'.
      simpl.
      rewrite <- mult_n_Sm.
      assert (H1: m' + (n' + m' * n') = n' + (m' + m' * n')).
      { rewrite -> add_shuffle3. reflexivity. }
      assert (H2: m' * n' + m' = m' + m' * n').
      { rewrite -> add_comm. reflexivity. }
      rewrite -> H1. rewrite -> H2.
      reflexivity.
Qed.




Check leb.

Theorem plus_leb_compat_l : forall n m p : nat,
  n <=? m = true -> (p + n) <=? (p + m) = true.
Proof.
  intros n m p.
  intros H.
  induction p as [| p' IHp'].
  - simpl. rewrite -> H. reflexivity.
  - simpl. rewrite -> IHp'. reflexivity.
Qed.





Theorem leb_refl : forall n:nat,
  (n <=? n) = true.
Proof.
  induction n as [| n'].
  - reflexivity.
  - simpl. rewrite <- IHn'. reflexivity.
Qed.

Theorem zero_neqb_S : forall n:nat,
  0 =? (S n) = false.
Proof.
  reflexivity. Qed.

Theorem andb_false_r : forall b : bool,
  andb b false = false.
Proof.
  destruct b.
  reflexivity. reflexivity. Qed.

Theorem S_neqb_0 : forall n:nat,
  (S n) =? 0 = false.
Proof.
  reflexivity. Qed.

Theorem mult_1_l : forall n:nat, 1 * n = n.
Proof.
  intros n. simpl. rewrite -> plus_n_O. reflexivity. Qed.

Theorem all3_spec : forall b c : bool,
  orb
    (andb b c)
    (orb (negb b)
         (negb c))
  = true.
Proof.
  intros b c.
  destruct b.
  - simpl.
    destruct c.
    + reflexivity.
    + reflexivity.
  - reflexivity.
Qed.

Theorem mult_plus_distr_r : forall n m p : nat,
  (n + m) * p = (n * p) + (m * p).
Proof.
  intros n m p.
  induction p as [| p' IHp'].
  - rewrite -> mul_0_r. rewrite -> mul_0_r. rewrite -> mul_0_r.
    reflexivity.
  - rewrite <- mult_n_Sm.
    rewrite <- mult_n_Sm.
    rewrite <- mult_n_Sm.
    rewrite -> IHp'.
    assert (H1: n * p' + m * p' + (n + m) = n * p' + (m * p' + (n + m))).
    { rewrite <- add_assoc. reflexivity. }
    rewrite -> H1.
    assert (H2: n * p' + n + (m * p' + m) = n * p' + (n + (m * p' + m))).
    { rewrite <- add_assoc. reflexivity. }
    rewrite -> H2.
    assert (H3: n + (m * p' + m) = n + m * p' + m).
    { rewrite <- add_assoc. reflexivity. }
    rewrite -> H3.
    assert (H4: n + m * p' = m * p' + n).
    { rewrite -> add_comm. reflexivity. }
    rewrite -> H4.
    rewrite -> add_assoc.
    rewrite -> add_assoc.
    rewrite -> add_assoc.
    rewrite -> add_assoc.
    reflexivity.
Qed.

Theorem mult_assoc : forall n m p : nat,
  n * (m * p) = (n * m) * p.
Proof.
  intros n m p.
  induction n as [|n'].
  - reflexivity.
  - simpl.
    rewrite -> IHn'.
    rewrite -> mult_plus_distr_r.
    reflexivity.
Qed.




Theorem add_shuffle3' : forall n m p : nat,
  n + (m + p) = m + (n + p).
Proof.
  intros n m p.
  rewrite -> add_assoc.
  rewrite -> add_assoc.
  replace (n + m) with (m + n). reflexivity.
  rewrite -> add_comm. reflexivity.
Qed.







Inductive bin : Type :=
  | Z
  | B0 (n : bin)
  | B1 (n : bin)
.


Fixpoint incr (m:bin) : bin
  := match m with
     | Z    => B1 Z
     | B0 n => B1 n
     | B1 n => B0 (incr n)
     end.

Fixpoint bin_to_nat (m:bin) : nat
  := match m with
     | Z    => O
     | B0 n => (bin_to_nat n) + (bin_to_nat n)
     | B1 n => S ((bin_to_nat n) + (bin_to_nat n))
     end.





Theorem bin_to_nat_pres_incr : forall b : bin,
  bin_to_nat (incr b) = 1 + bin_to_nat b.
Proof.
  intros b.
  induction b as [|b'|b'].
  - reflexivity.
  - reflexivity.
  - simpl.
    rewrite -> IHb'.
    simpl. rewrite <- plus_n_Sm.
    reflexivity.
Qed.







Fixpoint nat_to_bin (n:nat) : bin
  := match n with
     | 0    => Z
     | S n' => incr (nat_to_bin n')
     end.



Theorem nat_bin_nat : forall n, bin_to_nat (nat_to_bin n) = n.
Proof.
  induction n as [|n'].
  - reflexivity.
  - simpl.
    rewrite -> bin_to_nat_pres_incr.
    rewrite -> IHn'.
    reflexivity.
Qed.










Lemma bin_to_nat_and_back_2 : forall b : bin, nat_to_bin (bin_to_nat b) = b.

Proof.
(*
    We will proceed by induction on b.
Case analysis will be used for the base case.
*)
  intros b.
induction b as [|n b' IHb'].
- (* b = Z *)
    reflexivity.
- (* b = B0 n *)
    simpl.
rewrite IHb'.
reflexivity.
- (* b = B1 n *)
    simpl.
rewrite IHb'.
reflexivity.
Qed.

Outdated contents in ..cache: recomputing
ERROR MESSAGE IN LEMMA PROOF (FRAGMENT #748)
Error in step "induction b as [|n b' IHb'].".
Message: Expects a disjunctive pattern with 3 branches..
Goal: nat_to_bin (bin_to_nat b) = b.


TRYING TO PROVE LEMMA
Lemma bin_to_nat_and_back_3 : forall b : bin, nat_to_bin (bin_to_nat b) = b.


ATTEMPTED LEMMA PROOF (LEMMAS USED: 4)







From LF Require Export Basics.








Theorem add_0_r_firsttry : forall n:nat,
  n + 0 = n.



Proof.
  intros n.
  simpl. 
Abort.



Theorem add_0_r_secondtry : forall n:nat,
  n + 0 = n.
Proof.
  intros n. destruct n as [| n'] eqn:E.
  - 
    reflexivity. 
  - 
    simpl.       
Abort.





Theorem add_0_r : forall n:nat, n + 0 = n.
Proof.
  intros n. induction n as [| n' IHn'].
  -     reflexivity.
  -  simpl. rewrite -> IHn'. reflexivity.  Qed.



Theorem minus_n_n : forall n,
  minus n n = 0.
Proof.
  
  intros n. induction n as [| n' IHn'].
  - 
    simpl. reflexivity.
  - 
    simpl. rewrite -> IHn'. reflexivity.  Qed.





Theorem mul_0_r : forall n:nat,
  n * 0 = 0.
Proof.
  induction n as [| n' IHn'].
  -     reflexivity.
  -  simpl. rewrite -> IHn'. reflexivity.
Qed.

Theorem plus_n_Sm : forall n m : nat,
  S (n + m) = n + (S m).
Proof.
  intros n m.
  induction n as [| n' IHn'].
  - 
    reflexivity.
  - 
    simpl. rewrite -> IHn'. reflexivity.
Qed.

Theorem add_comm : forall n m : nat,
  n + m = m + n.
Proof.
  intros n m.
  induction n as [| n' IHn'].
  - 
    simpl. rewrite <- plus_n_O. reflexivity.
  - 
    simpl. rewrite <- plus_n_Sm. rewrite <- IHn'. reflexivity.
Qed.

Theorem add_assoc : forall n m p : nat,
  n + (m + p) = (n + m) + p.
Proof.
  intros n m p.
  induction n as [| n' IHn'].
  - 
    reflexivity.
  - 
    simpl. rewrite -> IHn'. reflexivity.
Qed.




Fixpoint double (n:nat) :=
  match n with
  | O => O
  | S n' => S (S (double n'))
  end.



Lemma double_plus : forall n, double n = n + n .
Proof.
  induction n as [| n' IHn'].
  - 
    reflexivity.
  - 
    simpl.
    rewrite -> IHn'.
    rewrite <- plus_n_Sm.
    reflexivity.
Qed.



Theorem eqb_refl : forall n : nat,
  (n =? n) = true.
Proof.
  intros n.
  induction n.
  reflexivity.
  simpl. rewrite <- IHn. reflexivity.
Qed.




Theorem even_S : forall n : nat,
  even (S n) = negb (even n).
Proof.
  induction n as [| n' IHn'].
  - 
    reflexivity.
  - 
    rewrite -> IHn'.
    rewrite -> negb_involutive.
    reflexivity.
Qed.











Theorem mult_0_plus' : forall n m : nat,
  (n + 0 + 0) * m = n * m.
Proof.
  intros n m.
  assert (H: n + 0 + 0 = n).
    { rewrite add_comm. simpl. rewrite add_comm. reflexivity. }
  rewrite -> H.
  reflexivity.  Qed.





Theorem plus_rearrange_firsttry : forall n m p q : nat,
  (n + m) + (p + q) = (m + n) + (p + q).
Proof.
  intros n m p q.
  
  rewrite add_comm.
  
Abort.



Theorem plus_rearrange : forall n m p q : nat,
  (n + m) + (p + q) = (m + n) + (p + q).
Proof.
  intros n m p q.
  assert (H: n + m = m + n).
  { rewrite add_comm. reflexivity. }
  rewrite H. reflexivity.  Qed.










Theorem add_assoc' : forall n m p : nat,
  n + (m + p) = (n + m) + p.
Proof. intros n m p. induction n as [| n' IHn']. reflexivity.
  simpl. rewrite IHn'. reflexivity.  Qed.



Theorem add_assoc'' : forall n m p : nat,
  n + (m + p) = (n + m) + p.
Proof.
  intros n m p. induction n as [| n' IHn'].
  - 
    reflexivity.
  - 
    simpl. rewrite IHn'. reflexivity.   Qed.










Definition manual_grade_for_add_comm_informal : option (nat*string) := None.





Definition manual_grade_for_eqb_refl_informal : option (nat*string) := None.







Theorem add_shuffle3 : forall n m p : nat,
  n + (m + p) = m + (n + p).
Proof.
  intros n m p.
  rewrite -> add_assoc.
  rewrite -> add_assoc.
  assert (H: n + m = m + n).
  { rewrite -> add_comm. reflexivity. }
  rewrite -> H. reflexivity.
Qed.



Theorem mul_comm : forall m n : nat,
  m * n = n * m.
Proof.
  intros m n.
  destruct m as [| m'].
  - simpl. rewrite -> mul_0_r. reflexivity.
  - induction n as [| n' IHn'].
    + simpl. rewrite -> mul_0_r. reflexivity.
    + simpl.
      rewrite <- IHn'.
      simpl.
      rewrite <- mult_n_Sm.
      assert (H1: m' + (n' + m' * n') = n' + (m' + m' * n')).
      { rewrite -> add_shuffle3. reflexivity. }
      assert (H2: m' * n' + m' = m' + m' * n').
      { rewrite -> add_comm. reflexivity. }
      rewrite -> H1. rewrite -> H2.
      reflexivity.
Qed.




Check leb.

Theorem plus_leb_compat_l : forall n m p : nat,
  n <=? m = true -> (p + n) <=? (p + m) = true.
Proof.
  intros n m p.
  intros H.
  induction p as [| p' IHp'].
  - simpl. rewrite -> H. reflexivity.
  - simpl. rewrite -> IHp'. reflexivity.
Qed.





Theorem leb_refl : forall n:nat,
  (n <=? n) = true.
Proof.
  induction n as [| n'].
  - reflexivity.
  - simpl. rewrite <- IHn'. reflexivity.
Qed.

Theorem zero_neqb_S : forall n:nat,
  0 =? (S n) = false.
Proof.
  reflexivity. Qed.

Theorem andb_false_r : forall b : bool,
  andb b false = false.
Proof.
  destruct b.
  reflexivity. reflexivity. Qed.

Theorem S_neqb_0 : forall n:nat,
  (S n) =? 0 = false.
Proof.
  reflexivity. Qed.

Theorem mult_1_l : forall n:nat, 1 * n = n.
Proof.
  intros n. simpl. rewrite -> plus_n_O. reflexivity. Qed.

Theorem all3_spec : forall b c : bool,
  orb
    (andb b c)
    (orb (negb b)
         (negb c))
  = true.
Proof.
  intros b c.
  destruct b.
  - simpl.
    destruct c.
    + reflexivity.
    + reflexivity.
  - reflexivity.
Qed.

Theorem mult_plus_distr_r : forall n m p : nat,
  (n + m) * p = (n * p) + (m * p).
Proof.
  intros n m p.
  induction p as [| p' IHp'].
  - rewrite -> mul_0_r. rewrite -> mul_0_r. rewrite -> mul_0_r.
    reflexivity.
  - rewrite <- mult_n_Sm.
    rewrite <- mult_n_Sm.
    rewrite <- mult_n_Sm.
    rewrite -> IHp'.
    assert (H1: n * p' + m * p' + (n + m) = n * p' + (m * p' + (n + m))).
    { rewrite <- add_assoc. reflexivity. }
    rewrite -> H1.
    assert (H2: n * p' + n + (m * p' + m) = n * p' + (n + (m * p' + m))).
    { rewrite <- add_assoc. reflexivity. }
    rewrite -> H2.
    assert (H3: n + (m * p' + m) = n + m * p' + m).
    { rewrite <- add_assoc. reflexivity. }
    rewrite -> H3.
    assert (H4: n + m * p' = m * p' + n).
    { rewrite -> add_comm. reflexivity. }
    rewrite -> H4.
    rewrite -> add_assoc.
    rewrite -> add_assoc.
    rewrite -> add_assoc.
    rewrite -> add_assoc.
    reflexivity.
Qed.

Theorem mult_assoc : forall n m p : nat,
  n * (m * p) = (n * m) * p.
Proof.
  intros n m p.
  induction n as [|n'].
  - reflexivity.
  - simpl.
    rewrite -> IHn'.
    rewrite -> mult_plus_distr_r.
    reflexivity.
Qed.




Theorem add_shuffle3' : forall n m p : nat,
  n + (m + p) = m + (n + p).
Proof.
  intros n m p.
  rewrite -> add_assoc.
  rewrite -> add_assoc.
  replace (n + m) with (m + n). reflexivity.
  rewrite -> add_comm. reflexivity.
Qed.







Inductive bin : Type :=
  | Z
  | B0 (n : bin)
  | B1 (n : bin)
.


Fixpoint incr (m:bin) : bin
  := match m with
     | Z    => B1 Z
     | B0 n => B1 n
     | B1 n => B0 (incr n)
     end.

Fixpoint bin_to_nat (m:bin) : nat
  := match m with
     | Z    => O
     | B0 n => (bin_to_nat n) + (bin_to_nat n)
     | B1 n => S ((bin_to_nat n) + (bin_to_nat n))
     end.





Theorem bin_to_nat_pres_incr : forall b : bin,
  bin_to_nat (incr b) = 1 + bin_to_nat b.
Proof.
  intros b.
  induction b as [|b'|b'].
  - reflexivity.
  - reflexivity.
  - simpl.
    rewrite -> IHb'.
    simpl. rewrite <- plus_n_Sm.
    reflexivity.
Qed.







Fixpoint nat_to_bin (n:nat) : bin
  := match n with
     | 0    => Z
     | S n' => incr (nat_to_bin n')
     end.



Theorem nat_bin_nat : forall n, bin_to_nat (nat_to_bin n) = n.
Proof.
  induction n as [|n'].
  - reflexivity.
  - simpl.
    rewrite -> bin_to_nat_pres_incr.
    rewrite -> IHn'.
    reflexivity.
Qed.










Lemma bin_to_nat_and_back_3 : forall b : bin, nat_to_bin (bin_to_nat b) = b.

Proof.
(*
    We will proceed by induction on b.
Case analysis will be used for the base case.
*)
  intros b.
induction b as [|n b' IHb'].
- (* b = Z *)
    reflexivity.
- (* b = B0 b' *)
    simpl.
rewrite IHb'.
reflexivity.
- (* b = B1 b' *)
    simpl.
rewrite IHb'.
reflexivity.
Qed.

Outdated contents in ..cache: recomputing
ERROR MESSAGE IN LEMMA PROOF (FRAGMENT #748)
Error in step "induction b as [|n b' IHb'].".
Message: Expects a disjunctive pattern with 3 branches..
Goal: nat_to_bin (bin_to_nat b) = b.


TRYING TO PROVE LEMMA
Lemma bin_to_nat_and_back_4 : forall b : bin, nat_to_bin (bin_to_nat b) = b.


ATTEMPTED LEMMA PROOF (LEMMAS USED: 5)







From LF Require Export Basics.








Theorem add_0_r_firsttry : forall n:nat,
  n + 0 = n.



Proof.
  intros n.
  simpl. 
Abort.



Theorem add_0_r_secondtry : forall n:nat,
  n + 0 = n.
Proof.
  intros n. destruct n as [| n'] eqn:E.
  - 
    reflexivity. 
  - 
    simpl.       
Abort.





Theorem add_0_r : forall n:nat, n + 0 = n.
Proof.
  intros n. induction n as [| n' IHn'].
  -     reflexivity.
  -  simpl. rewrite -> IHn'. reflexivity.  Qed.



Theorem minus_n_n : forall n,
  minus n n = 0.
Proof.
  
  intros n. induction n as [| n' IHn'].
  - 
    simpl. reflexivity.
  - 
    simpl. rewrite -> IHn'. reflexivity.  Qed.





Theorem mul_0_r : forall n:nat,
  n * 0 = 0.
Proof.
  induction n as [| n' IHn'].
  -     reflexivity.
  -  simpl. rewrite -> IHn'. reflexivity.
Qed.

Theorem plus_n_Sm : forall n m : nat,
  S (n + m) = n + (S m).
Proof.
  intros n m.
  induction n as [| n' IHn'].
  - 
    reflexivity.
  - 
    simpl. rewrite -> IHn'. reflexivity.
Qed.

Theorem add_comm : forall n m : nat,
  n + m = m + n.
Proof.
  intros n m.
  induction n as [| n' IHn'].
  - 
    simpl. rewrite <- plus_n_O. reflexivity.
  - 
    simpl. rewrite <- plus_n_Sm. rewrite <- IHn'. reflexivity.
Qed.

Theorem add_assoc : forall n m p : nat,
  n + (m + p) = (n + m) + p.
Proof.
  intros n m p.
  induction n as [| n' IHn'].
  - 
    reflexivity.
  - 
    simpl. rewrite -> IHn'. reflexivity.
Qed.




Fixpoint double (n:nat) :=
  match n with
  | O => O
  | S n' => S (S (double n'))
  end.



Lemma double_plus : forall n, double n = n + n .
Proof.
  induction n as [| n' IHn'].
  - 
    reflexivity.
  - 
    simpl.
    rewrite -> IHn'.
    rewrite <- plus_n_Sm.
    reflexivity.
Qed.



Theorem eqb_refl : forall n : nat,
  (n =? n) = true.
Proof.
  intros n.
  induction n.
  reflexivity.
  simpl. rewrite <- IHn. reflexivity.
Qed.




Theorem even_S : forall n : nat,
  even (S n) = negb (even n).
Proof.
  induction n as [| n' IHn'].
  - 
    reflexivity.
  - 
    rewrite -> IHn'.
    rewrite -> negb_involutive.
    reflexivity.
Qed.











Theorem mult_0_plus' : forall n m : nat,
  (n + 0 + 0) * m = n * m.
Proof.
  intros n m.
  assert (H: n + 0 + 0 = n).
    { rewrite add_comm. simpl. rewrite add_comm. reflexivity. }
  rewrite -> H.
  reflexivity.  Qed.





Theorem plus_rearrange_firsttry : forall n m p q : nat,
  (n + m) + (p + q) = (m + n) + (p + q).
Proof.
  intros n m p q.
  
  rewrite add_comm.
  
Abort.



Theorem plus_rearrange : forall n m p q : nat,
  (n + m) + (p + q) = (m + n) + (p + q).
Proof.
  intros n m p q.
  assert (H: n + m = m + n).
  { rewrite add_comm. reflexivity. }
  rewrite H. reflexivity.  Qed.










Theorem add_assoc' : forall n m p : nat,
  n + (m + p) = (n + m) + p.
Proof. intros n m p. induction n as [| n' IHn']. reflexivity.
  simpl. rewrite IHn'. reflexivity.  Qed.



Theorem add_assoc'' : forall n m p : nat,
  n + (m + p) = (n + m) + p.
Proof.
  intros n m p. induction n as [| n' IHn'].
  - 
    reflexivity.
  - 
    simpl. rewrite IHn'. reflexivity.   Qed.










Definition manual_grade_for_add_comm_informal : option (nat*string) := None.





Definition manual_grade_for_eqb_refl_informal : option (nat*string) := None.







Theorem add_shuffle3 : forall n m p : nat,
  n + (m + p) = m + (n + p).
Proof.
  intros n m p.
  rewrite -> add_assoc.
  rewrite -> add_assoc.
  assert (H: n + m = m + n).
  { rewrite -> add_comm. reflexivity. }
  rewrite -> H. reflexivity.
Qed.



Theorem mul_comm : forall m n : nat,
  m * n = n * m.
Proof.
  intros m n.
  destruct m as [| m'].
  - simpl. rewrite -> mul_0_r. reflexivity.
  - induction n as [| n' IHn'].
    + simpl. rewrite -> mul_0_r. reflexivity.
    + simpl.
      rewrite <- IHn'.
      simpl.
      rewrite <- mult_n_Sm.
      assert (H1: m' + (n' + m' * n') = n' + (m' + m' * n')).
      { rewrite -> add_shuffle3. reflexivity. }
      assert (H2: m' * n' + m' = m' + m' * n').
      { rewrite -> add_comm. reflexivity. }
      rewrite -> H1. rewrite -> H2.
      reflexivity.
Qed.




Check leb.

Theorem plus_leb_compat_l : forall n m p : nat,
  n <=? m = true -> (p + n) <=? (p + m) = true.
Proof.
  intros n m p.
  intros H.
  induction p as [| p' IHp'].
  - simpl. rewrite -> H. reflexivity.
  - simpl. rewrite -> IHp'. reflexivity.
Qed.





Theorem leb_refl : forall n:nat,
  (n <=? n) = true.
Proof.
  induction n as [| n'].
  - reflexivity.
  - simpl. rewrite <- IHn'. reflexivity.
Qed.

Theorem zero_neqb_S : forall n:nat,
  0 =? (S n) = false.
Proof.
  reflexivity. Qed.

Theorem andb_false_r : forall b : bool,
  andb b false = false.
Proof.
  destruct b.
  reflexivity. reflexivity. Qed.

Theorem S_neqb_0 : forall n:nat,
  (S n) =? 0 = false.
Proof.
  reflexivity. Qed.

Theorem mult_1_l : forall n:nat, 1 * n = n.
Proof.
  intros n. simpl. rewrite -> plus_n_O. reflexivity. Qed.

Theorem all3_spec : forall b c : bool,
  orb
    (andb b c)
    (orb (negb b)
         (negb c))
  = true.
Proof.
  intros b c.
  destruct b.
  - simpl.
    destruct c.
    + reflexivity.
    + reflexivity.
  - reflexivity.
Qed.

Theorem mult_plus_distr_r : forall n m p : nat,
  (n + m) * p = (n * p) + (m * p).
Proof.
  intros n m p.
  induction p as [| p' IHp'].
  - rewrite -> mul_0_r. rewrite -> mul_0_r. rewrite -> mul_0_r.
    reflexivity.
  - rewrite <- mult_n_Sm.
    rewrite <- mult_n_Sm.
    rewrite <- mult_n_Sm.
    rewrite -> IHp'.
    assert (H1: n * p' + m * p' + (n + m) = n * p' + (m * p' + (n + m))).
    { rewrite <- add_assoc. reflexivity. }
    rewrite -> H1.
    assert (H2: n * p' + n + (m * p' + m) = n * p' + (n + (m * p' + m))).
    { rewrite <- add_assoc. reflexivity. }
    rewrite -> H2.
    assert (H3: n + (m * p' + m) = n + m * p' + m).
    { rewrite <- add_assoc. reflexivity. }
    rewrite -> H3.
    assert (H4: n + m * p' = m * p' + n).
    { rewrite -> add_comm. reflexivity. }
    rewrite -> H4.
    rewrite -> add_assoc.
    rewrite -> add_assoc.
    rewrite -> add_assoc.
    rewrite -> add_assoc.
    reflexivity.
Qed.

Theorem mult_assoc : forall n m p : nat,
  n * (m * p) = (n * m) * p.
Proof.
  intros n m p.
  induction n as [|n'].
  - reflexivity.
  - simpl.
    rewrite -> IHn'.
    rewrite -> mult_plus_distr_r.
    reflexivity.
Qed.




Theorem add_shuffle3' : forall n m p : nat,
  n + (m + p) = m + (n + p).
Proof.
  intros n m p.
  rewrite -> add_assoc.
  rewrite -> add_assoc.
  replace (n + m) with (m + n). reflexivity.
  rewrite -> add_comm. reflexivity.
Qed.







Inductive bin : Type :=
  | Z
  | B0 (n : bin)
  | B1 (n : bin)
.


Fixpoint incr (m:bin) : bin
  := match m with
     | Z    => B1 Z
     | B0 n => B1 n
     | B1 n => B0 (incr n)
     end.

Fixpoint bin_to_nat (m:bin) : nat
  := match m with
     | Z    => O
     | B0 n => (bin_to_nat n) + (bin_to_nat n)
     | B1 n => S ((bin_to_nat n) + (bin_to_nat n))
     end.





Theorem bin_to_nat_pres_incr : forall b : bin,
  bin_to_nat (incr b) = 1 + bin_to_nat b.
Proof.
  intros b.
  induction b as [|b'|b'].
  - reflexivity.
  - reflexivity.
  - simpl.
    rewrite -> IHb'.
    simpl. rewrite <- plus_n_Sm.
    reflexivity.
Qed.







Fixpoint nat_to_bin (n:nat) : bin
  := match n with
     | 0    => Z
     | S n' => incr (nat_to_bin n')
     end.



Theorem nat_bin_nat : forall n, bin_to_nat (nat_to_bin n) = n.
Proof.
  induction n as [|n'].
  - reflexivity.
  - simpl.
    rewrite -> bin_to_nat_pres_incr.
    rewrite -> IHn'.
    reflexivity.
Qed.










Lemma bin_to_nat_and_back_4 : forall b : bin, nat_to_bin (bin_to_nat b) = b.

Proof.
(*
    We will proceed by induction on the binary number b.
The base case will be when b is Z, and we will show that nat_to_bin (bin_to_nat Z) = Z.
The inductive case will be when b is either B0 n or B1 n.
We will show that nat_to_bin (bin_to_nat (B0 n)) = B0 n and nat_to_bin (bin_to_nat (B1 n)) = B1 n.
*)
  intros b.
induction b as [|n b'].
- (* b = Z *)
    simpl.
reflexivity.
- (* b = B0 n or b = B1 n *)
    simpl.
rewrite IHb'.
reflexivity.
Qed.

Outdated contents in ..cache: recomputing
ERROR MESSAGE IN LEMMA PROOF (FRAGMENT #748)
Error in step "induction b as [|n b'].".
Message: Expects a disjunctive pattern with 3 branches..
Goal: nat_to_bin (bin_to_nat b) = b.


TRYING TO PROVE LEMMA
Lemma bin_to_nat_and_back_5 : forall b : bin, nat_to_bin (bin_to_nat b) = b.


Error proving bin_nat_bin_fails
MAX LEMMA DEPTH REACHED. GIVING UP.