PROVING le_antisymmetric
ATTEMPTED THEOREM PROOF (LEMMAS USED: 0)




Set Warnings "-notation-overridden,-parsing,-deprecated-hint-without-locality".
From LF Require Export IndProp.






Definition relation (X: Type) := X -> X -> Prop.





Print le.

Check le : nat -> nat -> Prop.
Check le : relation nat.












Definition partial_function {X: Type} (R: relation X) :=
  forall x y1 y2 : X, R x y1 -> R x y2 -> y1 = y2.


Inductive next_nat : nat -> nat -> Prop :=
  | nn n : next_nat n (S n).

Check next_nat : relation nat.

Theorem next_nat_partial_function :
  partial_function next_nat.
Proof.
  unfold partial_function.
  intros x y1 y2 H1 H2.
  inversion H1. inversion H2.
  reflexivity.  Qed.



Theorem le_not_a_partial_function :
  ~ (partial_function le).
Proof.
  unfold not. unfold partial_function. intros Hc.
  assert (0 = 1) as Nonsense. {
    apply Hc with (x := 0).
    - apply le_n.
    - apply le_S. apply le_n. }
  discriminate Nonsense.   Qed.




Inductive total_relation : nat -> nat -> Prop :=
  | total_rel (n m : nat) : total_relation n m
.

Theorem total_relation_not_partial_function :
  ~ (partial_function total_relation).
Proof.
  unfold not. unfold partial_function. intros Hc.
  assert (0 = 1) as Nonsense. {
    apply (Hc 1 0 1). apply total_rel. apply total_rel.
  }
  discriminate Nonsense.
Qed.





Inductive empty_relation : nat -> nat -> Prop :=
.

Theorem empty_relation_partial_function :
  partial_function empty_relation.
Proof.
  intros x y1 y2 rel. inversion rel.
Qed.







Definition reflexive {X: Type} (R: relation X) :=
  forall a : X, R a a.

Theorem le_reflexive :
  reflexive le.
Proof.
  unfold reflexive. intros n. apply le_n.  Qed.






Definition transitive {X: Type} (R: relation X) :=
  forall a b c : X, (R a b) -> (R b c) -> (R a c).

Theorem le_trans :
  transitive le.
Proof.
  intros n m o Hnm Hmo.
  induction Hmo.
  -  apply Hnm.
  -  apply le_S. apply IHHmo.  Qed.

Theorem lt_trans:
  transitive lt.
Proof.
  unfold lt. unfold transitive.
  intros n m o Hnm Hmo.
  apply le_S in Hnm.
  apply le_trans with (a := (S n)) (b := (S m)) (c := o).
  apply Hnm.
  apply Hmo. Qed.



Theorem lt_trans' :
  transitive lt.
Proof.
  
  unfold lt. unfold transitive.
  intros n m o Hnm Hmo.
  induction Hmo as [| m' Hm'o].
  - apply le_S in Hnm. apply Hnm.
  - apply le_S in IHHm'o. apply IHHm'o.
Qed.




Theorem lt_trans'' :
  transitive lt.
Proof.
  unfold lt. unfold transitive.
  intros n m o Hnm Hmo.
  induction o as [| o'].
  - inversion Hmo.
  - apply le_trans with (S m). apply le_S. apply Hnm. apply Hmo.
Qed.




Theorem le_Sn_le : forall n m, S n <= m -> n <= m.
Proof.
  intros n m H. apply le_trans with (S n).
  - apply le_S. apply le_n.
  - apply H.
Qed.


Theorem le_S_n : forall n m,
  (S n <= S m) -> (n <= m).
Proof.
  intros n m H.
  inversion H as [H1|m' H1 H'].
  - apply le_n.
  - apply le_Sn_le. apply H1.
Qed.



    


Theorem le_Sn_n : forall n,
  ~ (S n <= n).
Proof.
  intros n contra.
  induction n. inversion contra. apply le_S_n in contra. apply (IHn contra).
Qed.









Definition symmetric {X: Type} (R: relation X) :=
  forall a b : X, (R a b) -> (R b a).


Theorem le_not_symmetric :
  ~ (symmetric le).
Proof.
  unfold not. unfold symmetric. intros contra.
  assert (Nonsense: 1 <= 0). {
    apply (contra 0 1). apply le_Sn_le. apply le_n.
  }
  inversion Nonsense.
Qed.




Definition antisymmetric {X: Type} (R: relation X) :=
  forall a b : X, (R a b) -> (R b a) -> a = b.




Theorem le_antisymmetric : antisymmetric le.

Proof.
(* We will prove that le is antisymmetric by proving that for all n, m: n <= m -> m <= n -> n = m.
*)
  intros n m H1 H2.
(* We will use the le_S_n lemma to prove that n <= m -> n <= S m.
*)
  apply (le_S_n n m H1).
(* We will use the le_Sn_n lemma to prove that n <= S n is false.
*)
  apply (le_Sn_n n).
(* We will use the le_Sn_le lemma to prove that S n <= m -> n <= m.
*)
  apply (le_Sn_le n m H2).
(* We will use the le_reflexive lemma to prove that n <= n.
*)
  apply (le_reflexive n).
(* We will use the le_trans lemma to prove that n <= m -> m <= n -> n = m.
*)
  apply (le_trans n m H1 H2).
(* We will use the le_trans lemma to prove that n <= m -> m <= n -> n = m.
*)
  apply (le_trans n m H1 H2).
(* We will use the le_trans lemma to prove that n <= m -> m <= n -> n = m.
*)
  apply (le_trans n m H1 H2).
(* We will use the le_trans lemma to prove that n <= m -> m <= n -> n = m.
*)
  apply (le_trans n m H1 H2).
(* We will use the le_trans lemma to prove that n <= m -> m <= n -> n = m.
*)
  apply (le_trans n m H1 H2).
(* We will use the le_trans lemma to prove that n <= m -> m <= n -> n = m.
*)
  apply (le_trans n m H1 H2).
(* We will use the le_trans lemma to prove that n <= m -> m <= n -> n = m.
*)
  apply (le_trans n m H1 H2).
(* We will use the le_trans lemma to prove that
Qed.

Outdated contents in ..cache: recomputing
ERROR MESSAGE IN THEOREM PROOF (FRAGMENT #314)
Error in step "apply (le_S_n n m H1).".
Message: In environment
n, m : nat
H1 : n <= m
H2 : m <= n
The term "H1" has type "n <= m"
while it is expected to have type "S n <= S m"..
Goal: n = m.


TRYING TO PROVE LEMMA
Lemma n_equals_m_by_double_inclusion_0 : forall n m : nat, forall H1 : n <= m, forall H2 : m <= n, n = m.


ATTEMPTED LEMMA PROOF (LEMMAS USED: 1)




Set Warnings "-notation-overridden,-parsing,-deprecated-hint-without-locality".
From LF Require Export IndProp.






Definition relation (X: Type) := X -> X -> Prop.





Print le.

Check le : nat -> nat -> Prop.
Check le : relation nat.












Definition partial_function {X: Type} (R: relation X) :=
  forall x y1 y2 : X, R x y1 -> R x y2 -> y1 = y2.


Inductive next_nat : nat -> nat -> Prop :=
  | nn n : next_nat n (S n).

Check next_nat : relation nat.

Theorem next_nat_partial_function :
  partial_function next_nat.
Proof.
  unfold partial_function.
  intros x y1 y2 H1 H2.
  inversion H1. inversion H2.
  reflexivity.  Qed.



Theorem le_not_a_partial_function :
  ~ (partial_function le).
Proof.
  unfold not. unfold partial_function. intros Hc.
  assert (0 = 1) as Nonsense. {
    apply Hc with (x := 0).
    - apply le_n.
    - apply le_S. apply le_n. }
  discriminate Nonsense.   Qed.




Inductive total_relation : nat -> nat -> Prop :=
  | total_rel (n m : nat) : total_relation n m
.

Theorem total_relation_not_partial_function :
  ~ (partial_function total_relation).
Proof.
  unfold not. unfold partial_function. intros Hc.
  assert (0 = 1) as Nonsense. {
    apply (Hc 1 0 1). apply total_rel. apply total_rel.
  }
  discriminate Nonsense.
Qed.





Inductive empty_relation : nat -> nat -> Prop :=
.

Theorem empty_relation_partial_function :
  partial_function empty_relation.
Proof.
  intros x y1 y2 rel. inversion rel.
Qed.







Definition reflexive {X: Type} (R: relation X) :=
  forall a : X, R a a.

Theorem le_reflexive :
  reflexive le.
Proof.
  unfold reflexive. intros n. apply le_n.  Qed.






Definition transitive {X: Type} (R: relation X) :=
  forall a b c : X, (R a b) -> (R b c) -> (R a c).

Theorem le_trans :
  transitive le.
Proof.
  intros n m o Hnm Hmo.
  induction Hmo.
  -  apply Hnm.
  -  apply le_S. apply IHHmo.  Qed.

Theorem lt_trans:
  transitive lt.
Proof.
  unfold lt. unfold transitive.
  intros n m o Hnm Hmo.
  apply le_S in Hnm.
  apply le_trans with (a := (S n)) (b := (S m)) (c := o).
  apply Hnm.
  apply Hmo. Qed.



Theorem lt_trans' :
  transitive lt.
Proof.
  
  unfold lt. unfold transitive.
  intros n m o Hnm Hmo.
  induction Hmo as [| m' Hm'o].
  - apply le_S in Hnm. apply Hnm.
  - apply le_S in IHHm'o. apply IHHm'o.
Qed.




Theorem lt_trans'' :
  transitive lt.
Proof.
  unfold lt. unfold transitive.
  intros n m o Hnm Hmo.
  induction o as [| o'].
  - inversion Hmo.
  - apply le_trans with (S m). apply le_S. apply Hnm. apply Hmo.
Qed.




Theorem le_Sn_le : forall n m, S n <= m -> n <= m.
Proof.
  intros n m H. apply le_trans with (S n).
  - apply le_S. apply le_n.
  - apply H.
Qed.


Theorem le_S_n : forall n m,
  (S n <= S m) -> (n <= m).
Proof.
  intros n m H.
  inversion H as [H1|m' H1 H'].
  - apply le_n.
  - apply le_Sn_le. apply H1.
Qed.



    


Theorem le_Sn_n : forall n,
  ~ (S n <= n).
Proof.
  intros n contra.
  induction n. inversion contra. apply le_S_n in contra. apply (IHn contra).
Qed.









Definition symmetric {X: Type} (R: relation X) :=
  forall a b : X, (R a b) -> (R b a).


Theorem le_not_symmetric :
  ~ (symmetric le).
Proof.
  unfold not. unfold symmetric. intros contra.
  assert (Nonsense: 1 <= 0). {
    apply (contra 0 1). apply le_Sn_le. apply le_n.
  }
  inversion Nonsense.
Qed.




Definition antisymmetric {X: Type} (R: relation X) :=
  forall a b : X, (R a b) -> (R b a) -> a = b.




Lemma n_equals_m_by_double_inclusion_0 : forall n m : nat, forall H1 : n <= m, forall H2 : m <= n, n = m.

Proof.
intros n m H1 H2.
apply le_antisymmetric in H1 H2.
- apply H1.
- apply H2.
Qed.

Outdated contents in ..cache: recomputing
ERROR MESSAGE IN LEMMA PROOF (FRAGMENT #314)
Error after step "intros n m H1 H2.".
Message: There are still unproven goals.
Goal: n = m.


TRYING TO PROVE LEMMA
Lemma n_equals_m_by_double_inclusion_1 : forall n m : nat, forall H1 : n <= m, forall H2 : m <= n, n = m.


ATTEMPTED LEMMA PROOF (LEMMAS USED: 2)




Set Warnings "-notation-overridden,-parsing,-deprecated-hint-without-locality".
From LF Require Export IndProp.






Definition relation (X: Type) := X -> X -> Prop.





Print le.

Check le : nat -> nat -> Prop.
Check le : relation nat.












Definition partial_function {X: Type} (R: relation X) :=
  forall x y1 y2 : X, R x y1 -> R x y2 -> y1 = y2.


Inductive next_nat : nat -> nat -> Prop :=
  | nn n : next_nat n (S n).

Check next_nat : relation nat.

Theorem next_nat_partial_function :
  partial_function next_nat.
Proof.
  unfold partial_function.
  intros x y1 y2 H1 H2.
  inversion H1. inversion H2.
  reflexivity.  Qed.



Theorem le_not_a_partial_function :
  ~ (partial_function le).
Proof.
  unfold not. unfold partial_function. intros Hc.
  assert (0 = 1) as Nonsense. {
    apply Hc with (x := 0).
    - apply le_n.
    - apply le_S. apply le_n. }
  discriminate Nonsense.   Qed.




Inductive total_relation : nat -> nat -> Prop :=
  | total_rel (n m : nat) : total_relation n m
.

Theorem total_relation_not_partial_function :
  ~ (partial_function total_relation).
Proof.
  unfold not. unfold partial_function. intros Hc.
  assert (0 = 1) as Nonsense. {
    apply (Hc 1 0 1). apply total_rel. apply total_rel.
  }
  discriminate Nonsense.
Qed.





Inductive empty_relation : nat -> nat -> Prop :=
.

Theorem empty_relation_partial_function :
  partial_function empty_relation.
Proof.
  intros x y1 y2 rel. inversion rel.
Qed.







Definition reflexive {X: Type} (R: relation X) :=
  forall a : X, R a a.

Theorem le_reflexive :
  reflexive le.
Proof.
  unfold reflexive. intros n. apply le_n.  Qed.






Definition transitive {X: Type} (R: relation X) :=
  forall a b c : X, (R a b) -> (R b c) -> (R a c).

Theorem le_trans :
  transitive le.
Proof.
  intros n m o Hnm Hmo.
  induction Hmo.
  -  apply Hnm.
  -  apply le_S. apply IHHmo.  Qed.

Theorem lt_trans:
  transitive lt.
Proof.
  unfold lt. unfold transitive.
  intros n m o Hnm Hmo.
  apply le_S in Hnm.
  apply le_trans with (a := (S n)) (b := (S m)) (c := o).
  apply Hnm.
  apply Hmo. Qed.



Theorem lt_trans' :
  transitive lt.
Proof.
  
  unfold lt. unfold transitive.
  intros n m o Hnm Hmo.
  induction Hmo as [| m' Hm'o].
  - apply le_S in Hnm. apply Hnm.
  - apply le_S in IHHm'o. apply IHHm'o.
Qed.




Theorem lt_trans'' :
  transitive lt.
Proof.
  unfold lt. unfold transitive.
  intros n m o Hnm Hmo.
  induction o as [| o'].
  - inversion Hmo.
  - apply le_trans with (S m). apply le_S. apply Hnm. apply Hmo.
Qed.




Theorem le_Sn_le : forall n m, S n <= m -> n <= m.
Proof.
  intros n m H. apply le_trans with (S n).
  - apply le_S. apply le_n.
  - apply H.
Qed.


Theorem le_S_n : forall n m,
  (S n <= S m) -> (n <= m).
Proof.
  intros n m H.
  inversion H as [H1|m' H1 H'].
  - apply le_n.
  - apply le_Sn_le. apply H1.
Qed.



    


Theorem le_Sn_n : forall n,
  ~ (S n <= n).
Proof.
  intros n contra.
  induction n. inversion contra. apply le_S_n in contra. apply (IHn contra).
Qed.









Definition symmetric {X: Type} (R: relation X) :=
  forall a b : X, (R a b) -> (R b a).


Theorem le_not_symmetric :
  ~ (symmetric le).
Proof.
  unfold not. unfold symmetric. intros contra.
  assert (Nonsense: 1 <= 0). {
    apply (contra 0 1). apply le_Sn_le. apply le_n.
  }
  inversion Nonsense.
Qed.




Definition antisymmetric {X: Type} (R: relation X) :=
  forall a b : X, (R a b) -> (R b a) -> a = b.




Lemma n_equals_m_by_double_inclusion_1 : forall n m : nat, forall H1 : n <= m, forall H2 : m <= n, n = m.

Proof.
intros n m H1 H2.
apply le_antisymmetric in H1 H2.
- apply H1.
- apply H2.
Qed.

Outdated contents in ..cache: recomputing
ERROR MESSAGE IN LEMMA PROOF (FRAGMENT #314)
Error after step "intros n m H1 H2.".
Message: There are still unproven goals.
Goal: n = m.


TRYING TO PROVE LEMMA
Lemma n_equals_m_by_double_inclusion_2 : forall n m : nat, forall H1 : n <= m, forall H2 : m <= n, n = m.


ATTEMPTED LEMMA PROOF (LEMMAS USED: 3)




Set Warnings "-notation-overridden,-parsing,-deprecated-hint-without-locality".
From LF Require Export IndProp.






Definition relation (X: Type) := X -> X -> Prop.





Print le.

Check le : nat -> nat -> Prop.
Check le : relation nat.












Definition partial_function {X: Type} (R: relation X) :=
  forall x y1 y2 : X, R x y1 -> R x y2 -> y1 = y2.


Inductive next_nat : nat -> nat -> Prop :=
  | nn n : next_nat n (S n).

Check next_nat : relation nat.

Theorem next_nat_partial_function :
  partial_function next_nat.
Proof.
  unfold partial_function.
  intros x y1 y2 H1 H2.
  inversion H1. inversion H2.
  reflexivity.  Qed.



Theorem le_not_a_partial_function :
  ~ (partial_function le).
Proof.
  unfold not. unfold partial_function. intros Hc.
  assert (0 = 1) as Nonsense. {
    apply Hc with (x := 0).
    - apply le_n.
    - apply le_S. apply le_n. }
  discriminate Nonsense.   Qed.




Inductive total_relation : nat -> nat -> Prop :=
  | total_rel (n m : nat) : total_relation n m
.

Theorem total_relation_not_partial_function :
  ~ (partial_function total_relation).
Proof.
  unfold not. unfold partial_function. intros Hc.
  assert (0 = 1) as Nonsense. {
    apply (Hc 1 0 1). apply total_rel. apply total_rel.
  }
  discriminate Nonsense.
Qed.





Inductive empty_relation : nat -> nat -> Prop :=
.

Theorem empty_relation_partial_function :
  partial_function empty_relation.
Proof.
  intros x y1 y2 rel. inversion rel.
Qed.







Definition reflexive {X: Type} (R: relation X) :=
  forall a : X, R a a.

Theorem le_reflexive :
  reflexive le.
Proof.
  unfold reflexive. intros n. apply le_n.  Qed.






Definition transitive {X: Type} (R: relation X) :=
  forall a b c : X, (R a b) -> (R b c) -> (R a c).

Theorem le_trans :
  transitive le.
Proof.
  intros n m o Hnm Hmo.
  induction Hmo.
  -  apply Hnm.
  -  apply le_S. apply IHHmo.  Qed.

Theorem lt_trans:
  transitive lt.
Proof.
  unfold lt. unfold transitive.
  intros n m o Hnm Hmo.
  apply le_S in Hnm.
  apply le_trans with (a := (S n)) (b := (S m)) (c := o).
  apply Hnm.
  apply Hmo. Qed.



Theorem lt_trans' :
  transitive lt.
Proof.
  
  unfold lt. unfold transitive.
  intros n m o Hnm Hmo.
  induction Hmo as [| m' Hm'o].
  - apply le_S in Hnm. apply Hnm.
  - apply le_S in IHHm'o. apply IHHm'o.
Qed.




Theorem lt_trans'' :
  transitive lt.
Proof.
  unfold lt. unfold transitive.
  intros n m o Hnm Hmo.
  induction o as [| o'].
  - inversion Hmo.
  - apply le_trans with (S m). apply le_S. apply Hnm. apply Hmo.
Qed.




Theorem le_Sn_le : forall n m, S n <= m -> n <= m.
Proof.
  intros n m H. apply le_trans with (S n).
  - apply le_S. apply le_n.
  - apply H.
Qed.


Theorem le_S_n : forall n m,
  (S n <= S m) -> (n <= m).
Proof.
  intros n m H.
  inversion H as [H1|m' H1 H'].
  - apply le_n.
  - apply le_Sn_le. apply H1.
Qed.



    


Theorem le_Sn_n : forall n,
  ~ (S n <= n).
Proof.
  intros n contra.
  induction n. inversion contra. apply le_S_n in contra. apply (IHn contra).
Qed.









Definition symmetric {X: Type} (R: relation X) :=
  forall a b : X, (R a b) -> (R b a).


Theorem le_not_symmetric :
  ~ (symmetric le).
Proof.
  unfold not. unfold symmetric. intros contra.
  assert (Nonsense: 1 <= 0). {
    apply (contra 0 1). apply le_Sn_le. apply le_n.
  }
  inversion Nonsense.
Qed.




Definition antisymmetric {X: Type} (R: relation X) :=
  forall a b : X, (R a b) -> (R b a) -> a = b.




Lemma n_equals_m_by_double_inclusion_2 : forall n m : nat, forall H1 : n <= m, forall H2 : m <= n, n = m.

Proof.
intros n m H1 H2.
apply le_antisymmetric in H1 H2.
- apply H1.
- apply H2.
Qed.

Outdated contents in ..cache: recomputing
ERROR MESSAGE IN LEMMA PROOF (FRAGMENT #314)
Error after step "intros n m H1 H2.".
Message: There are still unproven goals.
Goal: n = m.


TRYING TO PROVE LEMMA
Lemma n_equals_m_by_double_inclusion_3 : forall n m : nat, forall H1 : n <= m, forall H2 : m <= n, n = m.


ATTEMPTED LEMMA PROOF (LEMMAS USED: 4)




Set Warnings "-notation-overridden,-parsing,-deprecated-hint-without-locality".
From LF Require Export IndProp.






Definition relation (X: Type) := X -> X -> Prop.





Print le.

Check le : nat -> nat -> Prop.
Check le : relation nat.












Definition partial_function {X: Type} (R: relation X) :=
  forall x y1 y2 : X, R x y1 -> R x y2 -> y1 = y2.


Inductive next_nat : nat -> nat -> Prop :=
  | nn n : next_nat n (S n).

Check next_nat : relation nat.

Theorem next_nat_partial_function :
  partial_function next_nat.
Proof.
  unfold partial_function.
  intros x y1 y2 H1 H2.
  inversion H1. inversion H2.
  reflexivity.  Qed.



Theorem le_not_a_partial_function :
  ~ (partial_function le).
Proof.
  unfold not. unfold partial_function. intros Hc.
  assert (0 = 1) as Nonsense. {
    apply Hc with (x := 0).
    - apply le_n.
    - apply le_S. apply le_n. }
  discriminate Nonsense.   Qed.




Inductive total_relation : nat -> nat -> Prop :=
  | total_rel (n m : nat) : total_relation n m
.

Theorem total_relation_not_partial_function :
  ~ (partial_function total_relation).
Proof.
  unfold not. unfold partial_function. intros Hc.
  assert (0 = 1) as Nonsense. {
    apply (Hc 1 0 1). apply total_rel. apply total_rel.
  }
  discriminate Nonsense.
Qed.





Inductive empty_relation : nat -> nat -> Prop :=
.

Theorem empty_relation_partial_function :
  partial_function empty_relation.
Proof.
  intros x y1 y2 rel. inversion rel.
Qed.







Definition reflexive {X: Type} (R: relation X) :=
  forall a : X, R a a.

Theorem le_reflexive :
  reflexive le.
Proof.
  unfold reflexive. intros n. apply le_n.  Qed.






Definition transitive {X: Type} (R: relation X) :=
  forall a b c : X, (R a b) -> (R b c) -> (R a c).

Theorem le_trans :
  transitive le.
Proof.
  intros n m o Hnm Hmo.
  induction Hmo.
  -  apply Hnm.
  -  apply le_S. apply IHHmo.  Qed.

Theorem lt_trans:
  transitive lt.
Proof.
  unfold lt. unfold transitive.
  intros n m o Hnm Hmo.
  apply le_S in Hnm.
  apply le_trans with (a := (S n)) (b := (S m)) (c := o).
  apply Hnm.
  apply Hmo. Qed.



Theorem lt_trans' :
  transitive lt.
Proof.
  
  unfold lt. unfold transitive.
  intros n m o Hnm Hmo.
  induction Hmo as [| m' Hm'o].
  - apply le_S in Hnm. apply Hnm.
  - apply le_S in IHHm'o. apply IHHm'o.
Qed.




Theorem lt_trans'' :
  transitive lt.
Proof.
  unfold lt. unfold transitive.
  intros n m o Hnm Hmo.
  induction o as [| o'].
  - inversion Hmo.
  - apply le_trans with (S m). apply le_S. apply Hnm. apply Hmo.
Qed.




Theorem le_Sn_le : forall n m, S n <= m -> n <= m.
Proof.
  intros n m H. apply le_trans with (S n).
  - apply le_S. apply le_n.
  - apply H.
Qed.


Theorem le_S_n : forall n m,
  (S n <= S m) -> (n <= m).
Proof.
  intros n m H.
  inversion H as [H1|m' H1 H'].
  - apply le_n.
  - apply le_Sn_le. apply H1.
Qed.



    


Theorem le_Sn_n : forall n,
  ~ (S n <= n).
Proof.
  intros n contra.
  induction n. inversion contra. apply le_S_n in contra. apply (IHn contra).
Qed.









Definition symmetric {X: Type} (R: relation X) :=
  forall a b : X, (R a b) -> (R b a).


Theorem le_not_symmetric :
  ~ (symmetric le).
Proof.
  unfold not. unfold symmetric. intros contra.
  assert (Nonsense: 1 <= 0). {
    apply (contra 0 1). apply le_Sn_le. apply le_n.
  }
  inversion Nonsense.
Qed.




Definition antisymmetric {X: Type} (R: relation X) :=
  forall a b : X, (R a b) -> (R b a) -> a = b.




Lemma n_equals_m_by_double_inclusion_3 : forall n m : nat, forall H1 : n <= m, forall H2 : m <= n, n = m.

Proof.
intros n m H1 H2.
apply le_antisymmetric in H1 H2.
- apply H1.
- apply H2.
Qed.

Outdated contents in ..cache: recomputing
ERROR MESSAGE IN LEMMA PROOF (FRAGMENT #314)
Error after step "intros n m H1 H2.".
Message: There are still unproven goals.
Goal: n = m.


TRYING TO PROVE LEMMA
Lemma n_equals_m_by_double_inclusion_4 : forall n m : nat, forall H1 : n <= m, forall H2 : m <= n, n = m.


ATTEMPTED LEMMA PROOF (LEMMAS USED: 5)




Set Warnings "-notation-overridden,-parsing,-deprecated-hint-without-locality".
From LF Require Export IndProp.






Definition relation (X: Type) := X -> X -> Prop.





Print le.

Check le : nat -> nat -> Prop.
Check le : relation nat.












Definition partial_function {X: Type} (R: relation X) :=
  forall x y1 y2 : X, R x y1 -> R x y2 -> y1 = y2.


Inductive next_nat : nat -> nat -> Prop :=
  | nn n : next_nat n (S n).

Check next_nat : relation nat.

Theorem next_nat_partial_function :
  partial_function next_nat.
Proof.
  unfold partial_function.
  intros x y1 y2 H1 H2.
  inversion H1. inversion H2.
  reflexivity.  Qed.



Theorem le_not_a_partial_function :
  ~ (partial_function le).
Proof.
  unfold not. unfold partial_function. intros Hc.
  assert (0 = 1) as Nonsense. {
    apply Hc with (x := 0).
    - apply le_n.
    - apply le_S. apply le_n. }
  discriminate Nonsense.   Qed.




Inductive total_relation : nat -> nat -> Prop :=
  | total_rel (n m : nat) : total_relation n m
.

Theorem total_relation_not_partial_function :
  ~ (partial_function total_relation).
Proof.
  unfold not. unfold partial_function. intros Hc.
  assert (0 = 1) as Nonsense. {
    apply (Hc 1 0 1). apply total_rel. apply total_rel.
  }
  discriminate Nonsense.
Qed.





Inductive empty_relation : nat -> nat -> Prop :=
.

Theorem empty_relation_partial_function :
  partial_function empty_relation.
Proof.
  intros x y1 y2 rel. inversion rel.
Qed.







Definition reflexive {X: Type} (R: relation X) :=
  forall a : X, R a a.

Theorem le_reflexive :
  reflexive le.
Proof.
  unfold reflexive. intros n. apply le_n.  Qed.






Definition transitive {X: Type} (R: relation X) :=
  forall a b c : X, (R a b) -> (R b c) -> (R a c).

Theorem le_trans :
  transitive le.
Proof.
  intros n m o Hnm Hmo.
  induction Hmo.
  -  apply Hnm.
  -  apply le_S. apply IHHmo.  Qed.

Theorem lt_trans:
  transitive lt.
Proof.
  unfold lt. unfold transitive.
  intros n m o Hnm Hmo.
  apply le_S in Hnm.
  apply le_trans with (a := (S n)) (b := (S m)) (c := o).
  apply Hnm.
  apply Hmo. Qed.



Theorem lt_trans' :
  transitive lt.
Proof.
  
  unfold lt. unfold transitive.
  intros n m o Hnm Hmo.
  induction Hmo as [| m' Hm'o].
  - apply le_S in Hnm. apply Hnm.
  - apply le_S in IHHm'o. apply IHHm'o.
Qed.




Theorem lt_trans'' :
  transitive lt.
Proof.
  unfold lt. unfold transitive.
  intros n m o Hnm Hmo.
  induction o as [| o'].
  - inversion Hmo.
  - apply le_trans with (S m). apply le_S. apply Hnm. apply Hmo.
Qed.




Theorem le_Sn_le : forall n m, S n <= m -> n <= m.
Proof.
  intros n m H. apply le_trans with (S n).
  - apply le_S. apply le_n.
  - apply H.
Qed.


Theorem le_S_n : forall n m,
  (S n <= S m) -> (n <= m).
Proof.
  intros n m H.
  inversion H as [H1|m' H1 H'].
  - apply le_n.
  - apply le_Sn_le. apply H1.
Qed.



    


Theorem le_Sn_n : forall n,
  ~ (S n <= n).
Proof.
  intros n contra.
  induction n. inversion contra. apply le_S_n in contra. apply (IHn contra).
Qed.









Definition symmetric {X: Type} (R: relation X) :=
  forall a b : X, (R a b) -> (R b a).


Theorem le_not_symmetric :
  ~ (symmetric le).
Proof.
  unfold not. unfold symmetric. intros contra.
  assert (Nonsense: 1 <= 0). {
    apply (contra 0 1). apply le_Sn_le. apply le_n.
  }
  inversion Nonsense.
Qed.




Definition antisymmetric {X: Type} (R: relation X) :=
  forall a b : X, (R a b) -> (R b a) -> a = b.




Lemma n_equals_m_by_double_inclusion_4 : forall n m : nat, forall H1 : n <= m, forall H2 : m <= n, n = m.

Proof.
intros n m H1 H2.
apply le_antisymmetric in H1 H2.
- apply H1.
- apply H2.
Qed.

Outdated contents in ..cache: recomputing
ERROR MESSAGE IN LEMMA PROOF (FRAGMENT #314)
Error after step "intros n m H1 H2.".
Message: There are still unproven goals.
Goal: n = m.


TRYING TO PROVE LEMMA
Lemma n_equals_m_by_double_inclusion_5 : forall n m : nat, forall H1 : n <= m, forall H2 : m <= n, n = m.


Error proving le_antisymmetric
MAX LEMMA DEPTH REACHED. GIVING UP.