PROVING even_S
ATTEMPTED THEOREM PROOF (LEMMAS USED: 0)







From LF Require Export Basics.








Theorem add_0_r_firsttry : forall n:nat,
  n + 0 = n.



Proof.
  intros n.
  simpl. 
Abort.



Theorem add_0_r_secondtry : forall n:nat,
  n + 0 = n.
Proof.
  intros n. destruct n as [| n'] eqn:E.
  - 
    reflexivity. 
  - 
    simpl.       
Abort.





Theorem add_0_r : forall n:nat, n + 0 = n.
Proof.
  intros n. induction n as [| n' IHn'].
  -     reflexivity.
  -  simpl. rewrite -> IHn'. reflexivity.  Qed.



Theorem minus_n_n : forall n,
  minus n n = 0.
Proof.
  
  intros n. induction n as [| n' IHn'].
  - 
    simpl. reflexivity.
  - 
    simpl. rewrite -> IHn'. reflexivity.  Qed.





Theorem mul_0_r : forall n:nat,
  n * 0 = 0.
Proof.
  induction n as [| n' IHn'].
  -     reflexivity.
  -  simpl. rewrite -> IHn'. reflexivity.
Qed.

Theorem plus_n_Sm : forall n m : nat,
  S (n + m) = n + (S m).
Proof.
  intros n m.
  induction n as [| n' IHn'].
  - 
    reflexivity.
  - 
    simpl. rewrite -> IHn'. reflexivity.
Qed.

Theorem add_comm : forall n m : nat,
  n + m = m + n.
Proof.
  intros n m.
  induction n as [| n' IHn'].
  - 
    simpl. rewrite <- plus_n_O. reflexivity.
  - 
    simpl. rewrite <- plus_n_Sm. rewrite <- IHn'. reflexivity.
Qed.

Theorem add_assoc : forall n m p : nat,
  n + (m + p) = (n + m) + p.
Proof.
  intros n m p.
  induction n as [| n' IHn'].
  - 
    reflexivity.
  - 
    simpl. rewrite -> IHn'. reflexivity.
Qed.




Fixpoint double (n:nat) :=
  match n with
  | O => O
  | S n' => S (S (double n'))
  end.



Lemma double_plus : forall n, double n = n + n .
Proof.
  induction n as [| n' IHn'].
  - 
    reflexivity.
  - 
    simpl.
    rewrite -> IHn'.
    rewrite <- plus_n_Sm.
    reflexivity.
Qed.



Theorem eqb_refl : forall n : nat,
  (n =? n) = true.
Proof.
  intros n.
  induction n.
  reflexivity.
  simpl. rewrite <- IHn. reflexivity.
Qed.






Theorem even_S : forall n : nat,
  even (S n) = negb (even n).

Proof.
(*
    We will proceed by induction on n.
The base case will show that even (S 0) = negb (even 0).
The inductive step will show that even (S n) = negb (even n) -> even (S (S n)) = negb (even (S n)).
*)
  intros n.
induction n as [|n' IHn'].
- (* n = 0 *)
    simpl.
reflexivity.
- (* n = S n' *)
    simpl.
rewrite IHn'.
reflexivity.
Qed.

Outdated contents in ..cache: recomputing
ERROR MESSAGE IN THEOREM PROOF (FRAGMENT #234)
Error in step "rewrite IHn'.".
Message: Found no subterm matching 
"even (S n')" in the current goal..
Goal: even n' =
negb match n' with
     | 0 => false
     | S n' => even n'
     end.


TRYING TO PROVE LEMMA
Lemma even_S_n_is_negb_even_n_0 : forall n' : nat, forall IHn' : even (S n') = negb (even n'), even n' =
negb match n' with
     | 0 => false
     | S n' => even n'
     end.


ATTEMPTED LEMMA PROOF (LEMMAS USED: 1)







From LF Require Export Basics.








Theorem add_0_r_firsttry : forall n:nat,
  n + 0 = n.



Proof.
  intros n.
  simpl. 
Abort.



Theorem add_0_r_secondtry : forall n:nat,
  n + 0 = n.
Proof.
  intros n. destruct n as [| n'] eqn:E.
  - 
    reflexivity. 
  - 
    simpl.       
Abort.





Theorem add_0_r : forall n:nat, n + 0 = n.
Proof.
  intros n. induction n as [| n' IHn'].
  -     reflexivity.
  -  simpl. rewrite -> IHn'. reflexivity.  Qed.



Theorem minus_n_n : forall n,
  minus n n = 0.
Proof.
  
  intros n. induction n as [| n' IHn'].
  - 
    simpl. reflexivity.
  - 
    simpl. rewrite -> IHn'. reflexivity.  Qed.





Theorem mul_0_r : forall n:nat,
  n * 0 = 0.
Proof.
  induction n as [| n' IHn'].
  -     reflexivity.
  -  simpl. rewrite -> IHn'. reflexivity.
Qed.

Theorem plus_n_Sm : forall n m : nat,
  S (n + m) = n + (S m).
Proof.
  intros n m.
  induction n as [| n' IHn'].
  - 
    reflexivity.
  - 
    simpl. rewrite -> IHn'. reflexivity.
Qed.

Theorem add_comm : forall n m : nat,
  n + m = m + n.
Proof.
  intros n m.
  induction n as [| n' IHn'].
  - 
    simpl. rewrite <- plus_n_O. reflexivity.
  - 
    simpl. rewrite <- plus_n_Sm. rewrite <- IHn'. reflexivity.
Qed.

Theorem add_assoc : forall n m p : nat,
  n + (m + p) = (n + m) + p.
Proof.
  intros n m p.
  induction n as [| n' IHn'].
  - 
    reflexivity.
  - 
    simpl. rewrite -> IHn'. reflexivity.
Qed.




Fixpoint double (n:nat) :=
  match n with
  | O => O
  | S n' => S (S (double n'))
  end.



Lemma double_plus : forall n, double n = n + n .
Proof.
  induction n as [| n' IHn'].
  - 
    reflexivity.
  - 
    simpl.
    rewrite -> IHn'.
    rewrite <- plus_n_Sm.
    reflexivity.
Qed.



Theorem eqb_refl : forall n : nat,
  (n =? n) = true.
Proof.
  intros n.
  induction n.
  reflexivity.
  simpl. rewrite <- IHn. reflexivity.
Qed.






Lemma even_S_n_is_negb_even_n_0 : forall n' : nat, forall IHn' : even (S n') = negb (even n'), even n' =
negb match n' with
     | 0 => false
     | S n' => even n'
     end.

Proof.
intros n' IHn'.
destruct n' as [|n'].
- (* n' = 0 *)
    simpl.
rewrite IHn'.
reflexivity.
- (* n' = S n' *)
    simpl.
rewrite IHn'.
reflexivity.
Qed.

Outdated contents in ..cache: recomputing
ERROR MESSAGE IN LEMMA PROOF (FRAGMENT #228)
Error in step "rewrite IHn'.".
Message: Found no subterm matching 
"even 1" in the current goal..
Goal: true = true.


TRYING TO PROVE LEMMA
Lemma even_one_negb_even_zero_1 : forall IHn' : even 1 = negb (even 0), true = true.


ATTEMPTED LEMMA PROOF (LEMMAS USED: 2)







From LF Require Export Basics.








Theorem add_0_r_firsttry : forall n:nat,
  n + 0 = n.



Proof.
  intros n.
  simpl. 
Abort.



Theorem add_0_r_secondtry : forall n:nat,
  n + 0 = n.
Proof.
  intros n. destruct n as [| n'] eqn:E.
  - 
    reflexivity. 
  - 
    simpl.       
Abort.





Theorem add_0_r : forall n:nat, n + 0 = n.
Proof.
  intros n. induction n as [| n' IHn'].
  -     reflexivity.
  -  simpl. rewrite -> IHn'. reflexivity.  Qed.



Theorem minus_n_n : forall n,
  minus n n = 0.
Proof.
  
  intros n. induction n as [| n' IHn'].
  - 
    simpl. reflexivity.
  - 
    simpl. rewrite -> IHn'. reflexivity.  Qed.





Theorem mul_0_r : forall n:nat,
  n * 0 = 0.
Proof.
  induction n as [| n' IHn'].
  -     reflexivity.
  -  simpl. rewrite -> IHn'. reflexivity.
Qed.

Theorem plus_n_Sm : forall n m : nat,
  S (n + m) = n + (S m).
Proof.
  intros n m.
  induction n as [| n' IHn'].
  - 
    reflexivity.
  - 
    simpl. rewrite -> IHn'. reflexivity.
Qed.

Theorem add_comm : forall n m : nat,
  n + m = m + n.
Proof.
  intros n m.
  induction n as [| n' IHn'].
  - 
    simpl. rewrite <- plus_n_O. reflexivity.
  - 
    simpl. rewrite <- plus_n_Sm. rewrite <- IHn'. reflexivity.
Qed.

Theorem add_assoc : forall n m p : nat,
  n + (m + p) = (n + m) + p.
Proof.
  intros n m p.
  induction n as [| n' IHn'].
  - 
    reflexivity.
  - 
    simpl. rewrite -> IHn'. reflexivity.
Qed.




Fixpoint double (n:nat) :=
  match n with
  | O => O
  | S n' => S (S (double n'))
  end.



Lemma double_plus : forall n, double n = n + n .
Proof.
  induction n as [| n' IHn'].
  - 
    reflexivity.
  - 
    simpl.
    rewrite -> IHn'.
    rewrite <- plus_n_Sm.
    reflexivity.
Qed.



Theorem eqb_refl : forall n : nat,
  (n =? n) = true.
Proof.
  intros n.
  induction n.
  reflexivity.
  simpl. rewrite <- IHn. reflexivity.
Qed.






Lemma even_one_negb_even_zero_1 : forall IHn' : even 1 = negb (even 0), true = true.

Proof.
intros IHn'.
unfold even.
simpl.
rewrite IHn'.
reflexivity.
Qed.

Outdated contents in ..cache: recomputing
ERROR MESSAGE IN LEMMA PROOF (FRAGMENT #226)
Error in step "rewrite IHn'.".
Message: Found no subterm matching 
"even 1" in the current goal..
Goal: true = true.


TRYING TO PROVE LEMMA
Lemma even_one_negb_even_zero_2 : forall IHn' : even 1 = negb (even 0), true = true.


ATTEMPTED LEMMA PROOF (LEMMAS USED: 3)







From LF Require Export Basics.








Theorem add_0_r_firsttry : forall n:nat,
  n + 0 = n.



Proof.
  intros n.
  simpl. 
Abort.



Theorem add_0_r_secondtry : forall n:nat,
  n + 0 = n.
Proof.
  intros n. destruct n as [| n'] eqn:E.
  - 
    reflexivity. 
  - 
    simpl.       
Abort.





Theorem add_0_r : forall n:nat, n + 0 = n.
Proof.
  intros n. induction n as [| n' IHn'].
  -     reflexivity.
  -  simpl. rewrite -> IHn'. reflexivity.  Qed.



Theorem minus_n_n : forall n,
  minus n n = 0.
Proof.
  
  intros n. induction n as [| n' IHn'].
  - 
    simpl. reflexivity.
  - 
    simpl. rewrite -> IHn'. reflexivity.  Qed.





Theorem mul_0_r : forall n:nat,
  n * 0 = 0.
Proof.
  induction n as [| n' IHn'].
  -     reflexivity.
  -  simpl. rewrite -> IHn'. reflexivity.
Qed.

Theorem plus_n_Sm : forall n m : nat,
  S (n + m) = n + (S m).
Proof.
  intros n m.
  induction n as [| n' IHn'].
  - 
    reflexivity.
  - 
    simpl. rewrite -> IHn'. reflexivity.
Qed.

Theorem add_comm : forall n m : nat,
  n + m = m + n.
Proof.
  intros n m.
  induction n as [| n' IHn'].
  - 
    simpl. rewrite <- plus_n_O. reflexivity.
  - 
    simpl. rewrite <- plus_n_Sm. rewrite <- IHn'. reflexivity.
Qed.

Theorem add_assoc : forall n m p : nat,
  n + (m + p) = (n + m) + p.
Proof.
  intros n m p.
  induction n as [| n' IHn'].
  - 
    reflexivity.
  - 
    simpl. rewrite -> IHn'. reflexivity.
Qed.




Fixpoint double (n:nat) :=
  match n with
  | O => O
  | S n' => S (S (double n'))
  end.



Lemma double_plus : forall n, double n = n + n .
Proof.
  induction n as [| n' IHn'].
  - 
    reflexivity.
  - 
    simpl.
    rewrite -> IHn'.
    rewrite <- plus_n_Sm.
    reflexivity.
Qed.



Theorem eqb_refl : forall n : nat,
  (n =? n) = true.
Proof.
  intros n.
  induction n.
  reflexivity.
  simpl. rewrite <- IHn. reflexivity.
Qed.






Lemma even_one_negb_even_zero_2 : forall IHn' : even 1 = negb (even 0), true = true.

Proof.
intros IHn'.
unfold even.
simpl.
rewrite IHn'.
reflexivity.
Qed.

Outdated contents in ..cache: recomputing
ERROR MESSAGE IN LEMMA PROOF (FRAGMENT #226)
Error in step "rewrite IHn'.".
Message: Found no subterm matching 
"even 1" in the current goal..
Goal: true = true.


TRYING TO PROVE LEMMA
Lemma even_one_negb_even_zero_3 : forall IHn' : even 1 = negb (even 0), true = true.


ATTEMPTED LEMMA PROOF (LEMMAS USED: 4)







From LF Require Export Basics.








Theorem add_0_r_firsttry : forall n:nat,
  n + 0 = n.



Proof.
  intros n.
  simpl. 
Abort.



Theorem add_0_r_secondtry : forall n:nat,
  n + 0 = n.
Proof.
  intros n. destruct n as [| n'] eqn:E.
  - 
    reflexivity. 
  - 
    simpl.       
Abort.





Theorem add_0_r : forall n:nat, n + 0 = n.
Proof.
  intros n. induction n as [| n' IHn'].
  -     reflexivity.
  -  simpl. rewrite -> IHn'. reflexivity.  Qed.



Theorem minus_n_n : forall n,
  minus n n = 0.
Proof.
  
  intros n. induction n as [| n' IHn'].
  - 
    simpl. reflexivity.
  - 
    simpl. rewrite -> IHn'. reflexivity.  Qed.





Theorem mul_0_r : forall n:nat,
  n * 0 = 0.
Proof.
  induction n as [| n' IHn'].
  -     reflexivity.
  -  simpl. rewrite -> IHn'. reflexivity.
Qed.

Theorem plus_n_Sm : forall n m : nat,
  S (n + m) = n + (S m).
Proof.
  intros n m.
  induction n as [| n' IHn'].
  - 
    reflexivity.
  - 
    simpl. rewrite -> IHn'. reflexivity.
Qed.

Theorem add_comm : forall n m : nat,
  n + m = m + n.
Proof.
  intros n m.
  induction n as [| n' IHn'].
  - 
    simpl. rewrite <- plus_n_O. reflexivity.
  - 
    simpl. rewrite <- plus_n_Sm. rewrite <- IHn'. reflexivity.
Qed.

Theorem add_assoc : forall n m p : nat,
  n + (m + p) = (n + m) + p.
Proof.
  intros n m p.
  induction n as [| n' IHn'].
  - 
    reflexivity.
  - 
    simpl. rewrite -> IHn'. reflexivity.
Qed.




Fixpoint double (n:nat) :=
  match n with
  | O => O
  | S n' => S (S (double n'))
  end.



Lemma double_plus : forall n, double n = n + n .
Proof.
  induction n as [| n' IHn'].
  - 
    reflexivity.
  - 
    simpl.
    rewrite -> IHn'.
    rewrite <- plus_n_Sm.
    reflexivity.
Qed.



Theorem eqb_refl : forall n : nat,
  (n =? n) = true.
Proof.
  intros n.
  induction n.
  reflexivity.
  simpl. rewrite <- IHn. reflexivity.
Qed.






Lemma even_one_negb_even_zero_3 : forall IHn' : even 1 = negb (even 0), true = true.

Proof.
intros IHn'.
unfold even.
simpl.
rewrite IHn'.
reflexivity.
Qed.

Outdated contents in ..cache: recomputing
ERROR MESSAGE IN LEMMA PROOF (FRAGMENT #226)
Error in step "rewrite IHn'.".
Message: Found no subterm matching 
"even 1" in the current goal..
Goal: true = true.


TRYING TO PROVE LEMMA
Lemma even_one_negb_even_zero_4 : forall IHn' : even 1 = negb (even 0), true = true.


ATTEMPTED LEMMA PROOF (LEMMAS USED: 5)







From LF Require Export Basics.








Theorem add_0_r_firsttry : forall n:nat,
  n + 0 = n.



Proof.
  intros n.
  simpl. 
Abort.



Theorem add_0_r_secondtry : forall n:nat,
  n + 0 = n.
Proof.
  intros n. destruct n as [| n'] eqn:E.
  - 
    reflexivity. 
  - 
    simpl.       
Abort.





Theorem add_0_r : forall n:nat, n + 0 = n.
Proof.
  intros n. induction n as [| n' IHn'].
  -     reflexivity.
  -  simpl. rewrite -> IHn'. reflexivity.  Qed.



Theorem minus_n_n : forall n,
  minus n n = 0.
Proof.
  
  intros n. induction n as [| n' IHn'].
  - 
    simpl. reflexivity.
  - 
    simpl. rewrite -> IHn'. reflexivity.  Qed.





Theorem mul_0_r : forall n:nat,
  n * 0 = 0.
Proof.
  induction n as [| n' IHn'].
  -     reflexivity.
  -  simpl. rewrite -> IHn'. reflexivity.
Qed.

Theorem plus_n_Sm : forall n m : nat,
  S (n + m) = n + (S m).
Proof.
  intros n m.
  induction n as [| n' IHn'].
  - 
    reflexivity.
  - 
    simpl. rewrite -> IHn'. reflexivity.
Qed.

Theorem add_comm : forall n m : nat,
  n + m = m + n.
Proof.
  intros n m.
  induction n as [| n' IHn'].
  - 
    simpl. rewrite <- plus_n_O. reflexivity.
  - 
    simpl. rewrite <- plus_n_Sm. rewrite <- IHn'. reflexivity.
Qed.

Theorem add_assoc : forall n m p : nat,
  n + (m + p) = (n + m) + p.
Proof.
  intros n m p.
  induction n as [| n' IHn'].
  - 
    reflexivity.
  - 
    simpl. rewrite -> IHn'. reflexivity.
Qed.




Fixpoint double (n:nat) :=
  match n with
  | O => O
  | S n' => S (S (double n'))
  end.



Lemma double_plus : forall n, double n = n + n .
Proof.
  induction n as [| n' IHn'].
  - 
    reflexivity.
  - 
    simpl.
    rewrite -> IHn'.
    rewrite <- plus_n_Sm.
    reflexivity.
Qed.



Theorem eqb_refl : forall n : nat,
  (n =? n) = true.
Proof.
  intros n.
  induction n.
  reflexivity.
  simpl. rewrite <- IHn. reflexivity.
Qed.






Lemma even_one_negb_even_zero_4 : forall IHn' : even 1 = negb (even 0), true = true.

Proof.
intros IHn'.
unfold even.
simpl.
rewrite IHn'.
reflexivity.
Qed.

Outdated contents in ..cache: recomputing
ERROR MESSAGE IN LEMMA PROOF (FRAGMENT #226)
Error in step "rewrite IHn'.".
Message: Found no subterm matching 
"even 1" in the current goal..
Goal: true = true.


TRYING TO PROVE LEMMA
Lemma even_one_negb_even_zero_5 : forall IHn' : even 1 = negb (even 0), true = true.


Error proving even_S
MAX LEMMA DEPTH REACHED. GIVING UP.