PROVING add_assoc'
ATTEMPTED THEOREM PROOF (LEMMAS USED: 0)




Set Warnings "-notation-overridden,-parsing,-deprecated-hint-without-locality".
From LF Require Export ProofObjects.






Check nat_ind :
  forall P : nat -> Prop,
    P 0 ->
    (forall n : nat, P n -> P (S n)) ->
    forall n : nat, P n.





Theorem mul_0_r' : forall n:nat,
  n * 0 = 0.
Proof.
  apply nat_ind.
  -  reflexivity.
  -  simpl. intros n' IHn'. rewrite -> IHn'.
    reflexivity.  Qed.





Theorem plus_one_r' : forall n:nat,
  n + 1 = S n.
Proof.
  apply nat_ind.
  - reflexivity.
  - intros n' IHn'. simpl. rewrite IHn'. reflexivity. Qed.








Inductive time : Type :=
  | day
  | night.

Check time_ind :
  forall P : time -> Prop,
    P day ->
    P night ->
    forall t : time, P t.



Inductive rgb : Type :=
  | red
  | green
  | blue.
Check rgb_ind :
  forall P : rgb -> Prop,
    P red ->
    P green ->
    P blue ->
    forall x : rgb, P x.




Inductive natlist : Type :=
  | nnil
  | ncons (n : nat) (l : natlist).

Check natlist_ind :
  forall P : natlist -> Prop,
    P nnil  ->
    (forall (n : nat) (l : natlist),
        P l -> P (ncons n l)) ->
    forall l : natlist, P l.





Inductive natlist' : Type :=
  | nnil'
  | nsnoc (l : natlist') (n : nat).



Check natlist'_ind :
  forall P : natlist' -> Prop,
    P nnil' ->
    (forall l : natlist', P l -> forall n : nat, P (nsnoc l n)) ->
    forall n : natlist', P n.



Inductive booltree : Type :=
  | bt_empty
  | bt_leaf (b : bool)
  | bt_branch (b : bool) (t1 t2 : booltree).



Definition booltree_property_type : Type := booltree -> Prop.

Definition base_case (P : booltree_property_type) : Prop
  := P bt_empty.

Definition leaf_case (P : booltree_property_type) : Prop
  := forall b : bool, P (bt_leaf b).

Definition branch_case (P : booltree_property_type) : Prop
  := forall (b : bool) (t1 : booltree), P t1 -> forall (t2 : booltree), P t2 -> P (bt_branch b t1 t2).

Definition booltree_ind_type :=
  forall (P : booltree_property_type),
    base_case P ->
    leaf_case P ->
    branch_case P ->
    forall (b : booltree), P b.



Theorem booltree_ind_type_correct : booltree_ind_type.
Proof. exact booltree_ind. Qed.





Inductive Toy : Type :=
  | con1 (b : bool)
  | con2 (n : nat) (t : Toy)
.



Theorem Toy_correct : exists f g,
  forall P : Toy -> Prop,
    (forall b : bool, P (f b)) ->
    (forall (n : nat) (t : Toy), P t -> P (g n t)) ->
    forall t : Toy, P t.
Proof. exists con1. exists con2. exact Toy_ind. Qed.












Inductive tree (X:Type) : Type :=
  | leaf (x : X)
  | node (t1 t2 : tree X).
Check tree_ind :
  forall (X : Type) (P : tree X -> Prop), (forall (x : X), P (leaf X x)) -> (forall (t1 : tree X), P t1 -> forall (t2 : tree X), P t2 -> P (node X t1 t2)) -> forall (t : tree X), P t.


 
Inductive mytype (X:Type) : Type :=
  | constr1 (x:X)
  | constr2 (n:nat)
  | constr3 (m:mytype X) (n:nat).
Check mytype_ind :
  forall (X : Type) (P : mytype X -> Prop),
    (forall x : X, P (constr1 X x)) ->
    (forall n : nat, P (constr2 X n)) ->
    (forall m : mytype X, P m ->
      forall n : nat, P (constr3 X m n)) ->
    forall m : mytype X, P m.


 
Inductive foo (X Y : Type) : Type :=
  | bar (x : X)
  | baz (y : Y)
  | quux (f : nat -> foo X Y).
Check foo_ind :
  forall (X Y : Type) (P : foo X Y -> Prop),
    (forall x : X, P (bar X Y x)) ->
    (forall y : Y, P (baz X Y y)) ->
    (forall f1 : nat -> foo X Y,
      (forall n : nat, P (f1 n)) -> P (quux X Y f1)) ->
    forall f2 : foo X Y, P f2.




Inductive foo' (X:Type) : Type :=
  | C1 (l : list X) (f : foo' X)
  | C2.


Check foo'_ind :
  forall (X : Type) (P : foo' X -> Prop),
    (forall (l : list X) (f : foo' X),
      P f -> P (C1 X l f)) ->
    P (C2 X) ->
    forall f : foo' X, P f.








Definition P_m0r (n:nat) : Prop :=
  n * 0 = 0.



Definition P_m0r' : nat -> Prop :=
  fun n => n * 0 = 0.



Theorem mul_0_r'' : forall n:nat,
  P_m0r n.
Proof.
  apply nat_ind.
  -  reflexivity.
  - 
    
    intros n IHn.
    unfold P_m0r in IHn. unfold P_m0r. simpl. apply IHn. Qed.












Theorem add_assoc' : forall n m p : nat,
  n + (m + p) = (n + m) + p.

Proof.
(* We will proceed by induction on n, the first argument of the addition.
*)
  intros n.
(* We will need to use the previously proven theorems.
*)
  apply (plus_one_r' n).
(* We now need to prove the base case of the induction.
*)
  intros.
(* We can rewrite the goal using the definition of addition.
*)
  rewrite -> plus_n_O.
(* The goal is now n + 0 = n, which is true by the reflexivity of equality.
*)
  reflexivity.
(* We will now prove the inductive step of the induction.
*)
  intros m p.
(* We can rewrite the goal using the definition of addition.
*)
  rewrite -> plus_n_Sm.
(* The goal is now (n + m) + p = n + (m + p), which is the statement we want to prove.
*)
  (* We can rewrite the goal using the previously proven theorem.
*)
  rewrite -> add_assoc.
(* The goal is now (n + m) + p = n + (m + p), which is true by the reflexivity of equality.
*)
  reflexivity.
Qed.

Outdated contents in ..cache: recomputing
ERROR MESSAGE IN THEOREM PROOF (FRAGMENT #156)
Error in step "apply (plus_one_r' n).".
Message: Applied theorem does not have enough premises..
Goal: forall m p : nat, n + (m + p) = n + m + p.


TRYING TO PROVE LEMMA
Lemma associativity_of_nat_addition_0 : forall n : nat, forall m p : nat, n + (m + p) = n + m + p.


ATTEMPTED LEMMA PROOF (LEMMAS USED: 1)




Set Warnings "-notation-overridden,-parsing,-deprecated-hint-without-locality".
From LF Require Export ProofObjects.






Check nat_ind :
  forall P : nat -> Prop,
    P 0 ->
    (forall n : nat, P n -> P (S n)) ->
    forall n : nat, P n.





Theorem mul_0_r' : forall n:nat,
  n * 0 = 0.
Proof.
  apply nat_ind.
  -  reflexivity.
  -  simpl. intros n' IHn'. rewrite -> IHn'.
    reflexivity.  Qed.





Theorem plus_one_r' : forall n:nat,
  n + 1 = S n.
Proof.
  apply nat_ind.
  - reflexivity.
  - intros n' IHn'. simpl. rewrite IHn'. reflexivity. Qed.








Inductive time : Type :=
  | day
  | night.

Check time_ind :
  forall P : time -> Prop,
    P day ->
    P night ->
    forall t : time, P t.



Inductive rgb : Type :=
  | red
  | green
  | blue.
Check rgb_ind :
  forall P : rgb -> Prop,
    P red ->
    P green ->
    P blue ->
    forall x : rgb, P x.




Inductive natlist : Type :=
  | nnil
  | ncons (n : nat) (l : natlist).

Check natlist_ind :
  forall P : natlist -> Prop,
    P nnil  ->
    (forall (n : nat) (l : natlist),
        P l -> P (ncons n l)) ->
    forall l : natlist, P l.





Inductive natlist' : Type :=
  | nnil'
  | nsnoc (l : natlist') (n : nat).



Check natlist'_ind :
  forall P : natlist' -> Prop,
    P nnil' ->
    (forall l : natlist', P l -> forall n : nat, P (nsnoc l n)) ->
    forall n : natlist', P n.



Inductive booltree : Type :=
  | bt_empty
  | bt_leaf (b : bool)
  | bt_branch (b : bool) (t1 t2 : booltree).



Definition booltree_property_type : Type := booltree -> Prop.

Definition base_case (P : booltree_property_type) : Prop
  := P bt_empty.

Definition leaf_case (P : booltree_property_type) : Prop
  := forall b : bool, P (bt_leaf b).

Definition branch_case (P : booltree_property_type) : Prop
  := forall (b : bool) (t1 : booltree), P t1 -> forall (t2 : booltree), P t2 -> P (bt_branch b t1 t2).

Definition booltree_ind_type :=
  forall (P : booltree_property_type),
    base_case P ->
    leaf_case P ->
    branch_case P ->
    forall (b : booltree), P b.



Theorem booltree_ind_type_correct : booltree_ind_type.
Proof. exact booltree_ind. Qed.





Inductive Toy : Type :=
  | con1 (b : bool)
  | con2 (n : nat) (t : Toy)
.



Theorem Toy_correct : exists f g,
  forall P : Toy -> Prop,
    (forall b : bool, P (f b)) ->
    (forall (n : nat) (t : Toy), P t -> P (g n t)) ->
    forall t : Toy, P t.
Proof. exists con1. exists con2. exact Toy_ind. Qed.












Inductive tree (X:Type) : Type :=
  | leaf (x : X)
  | node (t1 t2 : tree X).
Check tree_ind :
  forall (X : Type) (P : tree X -> Prop), (forall (x : X), P (leaf X x)) -> (forall (t1 : tree X), P t1 -> forall (t2 : tree X), P t2 -> P (node X t1 t2)) -> forall (t : tree X), P t.


 
Inductive mytype (X:Type) : Type :=
  | constr1 (x:X)
  | constr2 (n:nat)
  | constr3 (m:mytype X) (n:nat).
Check mytype_ind :
  forall (X : Type) (P : mytype X -> Prop),
    (forall x : X, P (constr1 X x)) ->
    (forall n : nat, P (constr2 X n)) ->
    (forall m : mytype X, P m ->
      forall n : nat, P (constr3 X m n)) ->
    forall m : mytype X, P m.


 
Inductive foo (X Y : Type) : Type :=
  | bar (x : X)
  | baz (y : Y)
  | quux (f : nat -> foo X Y).
Check foo_ind :
  forall (X Y : Type) (P : foo X Y -> Prop),
    (forall x : X, P (bar X Y x)) ->
    (forall y : Y, P (baz X Y y)) ->
    (forall f1 : nat -> foo X Y,
      (forall n : nat, P (f1 n)) -> P (quux X Y f1)) ->
    forall f2 : foo X Y, P f2.




Inductive foo' (X:Type) : Type :=
  | C1 (l : list X) (f : foo' X)
  | C2.


Check foo'_ind :
  forall (X : Type) (P : foo' X -> Prop),
    (forall (l : list X) (f : foo' X),
      P f -> P (C1 X l f)) ->
    P (C2 X) ->
    forall f : foo' X, P f.








Definition P_m0r (n:nat) : Prop :=
  n * 0 = 0.



Definition P_m0r' : nat -> Prop :=
  fun n => n * 0 = 0.



Theorem mul_0_r'' : forall n:nat,
  P_m0r n.
Proof.
  apply nat_ind.
  -  reflexivity.
  - 
    
    intros n IHn.
    unfold P_m0r in IHn. unfold P_m0r. simpl. apply IHn. Qed.












Lemma associativity_of_nat_addition_0 : forall n : nat, forall m p : nat, n + (m + p) = n + m + p.

Proof.
(* We will prove the lemma by induction on n.
*)
  intros n.
induction n as [|n' IHn'].
(* Base case: n = 0 *)
  - simpl.
reflexivity.
(* Inductive case: n = S n' *)
  - simpl.
rewrite IHn'.
reflexivity.
Qed.

Outdated contents in ..cache: recomputing
ERROR MESSAGE IN LEMMA PROOF (FRAGMENT #168)
Error in step "rewrite IHn'.".
Message: Found no subterm matching 
"n' + (?M1384 + ?M1385)" in the current goal..
Goal: forall m p : nat, S (n' + (m + p)) = S (n' + m + p).


TRYING TO PROVE LEMMA
Lemma associativity_of_addition_1 : forall n' : nat, forall IHn' : forall m p : nat, n' + (m + p) = n' + m + p, forall m p : nat, S (n' + (m + p)) = S (n' + m + p).


ATTEMPTED LEMMA PROOF (LEMMAS USED: 2)




Set Warnings "-notation-overridden,-parsing,-deprecated-hint-without-locality".
From LF Require Export ProofObjects.






Check nat_ind :
  forall P : nat -> Prop,
    P 0 ->
    (forall n : nat, P n -> P (S n)) ->
    forall n : nat, P n.





Theorem mul_0_r' : forall n:nat,
  n * 0 = 0.
Proof.
  apply nat_ind.
  -  reflexivity.
  -  simpl. intros n' IHn'. rewrite -> IHn'.
    reflexivity.  Qed.





Theorem plus_one_r' : forall n:nat,
  n + 1 = S n.
Proof.
  apply nat_ind.
  - reflexivity.
  - intros n' IHn'. simpl. rewrite IHn'. reflexivity. Qed.








Inductive time : Type :=
  | day
  | night.

Check time_ind :
  forall P : time -> Prop,
    P day ->
    P night ->
    forall t : time, P t.



Inductive rgb : Type :=
  | red
  | green
  | blue.
Check rgb_ind :
  forall P : rgb -> Prop,
    P red ->
    P green ->
    P blue ->
    forall x : rgb, P x.




Inductive natlist : Type :=
  | nnil
  | ncons (n : nat) (l : natlist).

Check natlist_ind :
  forall P : natlist -> Prop,
    P nnil  ->
    (forall (n : nat) (l : natlist),
        P l -> P (ncons n l)) ->
    forall l : natlist, P l.





Inductive natlist' : Type :=
  | nnil'
  | nsnoc (l : natlist') (n : nat).



Check natlist'_ind :
  forall P : natlist' -> Prop,
    P nnil' ->
    (forall l : natlist', P l -> forall n : nat, P (nsnoc l n)) ->
    forall n : natlist', P n.



Inductive booltree : Type :=
  | bt_empty
  | bt_leaf (b : bool)
  | bt_branch (b : bool) (t1 t2 : booltree).



Definition booltree_property_type : Type := booltree -> Prop.

Definition base_case (P : booltree_property_type) : Prop
  := P bt_empty.

Definition leaf_case (P : booltree_property_type) : Prop
  := forall b : bool, P (bt_leaf b).

Definition branch_case (P : booltree_property_type) : Prop
  := forall (b : bool) (t1 : booltree), P t1 -> forall (t2 : booltree), P t2 -> P (bt_branch b t1 t2).

Definition booltree_ind_type :=
  forall (P : booltree_property_type),
    base_case P ->
    leaf_case P ->
    branch_case P ->
    forall (b : booltree), P b.



Theorem booltree_ind_type_correct : booltree_ind_type.
Proof. exact booltree_ind. Qed.





Inductive Toy : Type :=
  | con1 (b : bool)
  | con2 (n : nat) (t : Toy)
.



Theorem Toy_correct : exists f g,
  forall P : Toy -> Prop,
    (forall b : bool, P (f b)) ->
    (forall (n : nat) (t : Toy), P t -> P (g n t)) ->
    forall t : Toy, P t.
Proof. exists con1. exists con2. exact Toy_ind. Qed.












Inductive tree (X:Type) : Type :=
  | leaf (x : X)
  | node (t1 t2 : tree X).
Check tree_ind :
  forall (X : Type) (P : tree X -> Prop), (forall (x : X), P (leaf X x)) -> (forall (t1 : tree X), P t1 -> forall (t2 : tree X), P t2 -> P (node X t1 t2)) -> forall (t : tree X), P t.


 
Inductive mytype (X:Type) : Type :=
  | constr1 (x:X)
  | constr2 (n:nat)
  | constr3 (m:mytype X) (n:nat).
Check mytype_ind :
  forall (X : Type) (P : mytype X -> Prop),
    (forall x : X, P (constr1 X x)) ->
    (forall n : nat, P (constr2 X n)) ->
    (forall m : mytype X, P m ->
      forall n : nat, P (constr3 X m n)) ->
    forall m : mytype X, P m.


 
Inductive foo (X Y : Type) : Type :=
  | bar (x : X)
  | baz (y : Y)
  | quux (f : nat -> foo X Y).
Check foo_ind :
  forall (X Y : Type) (P : foo X Y -> Prop),
    (forall x : X, P (bar X Y x)) ->
    (forall y : Y, P (baz X Y y)) ->
    (forall f1 : nat -> foo X Y,
      (forall n : nat, P (f1 n)) -> P (quux X Y f1)) ->
    forall f2 : foo X Y, P f2.




Inductive foo' (X:Type) : Type :=
  | C1 (l : list X) (f : foo' X)
  | C2.


Check foo'_ind :
  forall (X : Type) (P : foo' X -> Prop),
    (forall (l : list X) (f : foo' X),
      P f -> P (C1 X l f)) ->
    P (C2 X) ->
    forall f : foo' X, P f.








Definition P_m0r (n:nat) : Prop :=
  n * 0 = 0.



Definition P_m0r' : nat -> Prop :=
  fun n => n * 0 = 0.



Theorem mul_0_r'' : forall n:nat,
  P_m0r n.
Proof.
  apply nat_ind.
  -  reflexivity.
  - 
    
    intros n IHn.
    unfold P_m0r in IHn. unfold P_m0r. simpl. apply IHn. Qed.












Lemma associativity_of_addition_1 : forall n' : nat, forall IHn' : forall m p : nat, n' + (m + p) = n' + m + p, forall m p : nat, S (n' + (m + p)) = S (n' + m + p).

Proof.
(* We will prove the lemma by induction on n'.
*)
  intros n' IHn' m p.
induction n' as [| n' IHn'].
(* Base case: n' = 0 *)
  - simpl.
reflexivity.
(* Inductive case: n' = S n' *)
  - simpl.
rewrite IHn'.
reflexivity.
Qed.

Outdated contents in ..cache: recomputing
ERROR MESSAGE IN LEMMA PROOF (FRAGMENT #156)
Error in step "induction n' as [| n' IHn'].".
Message: IHn' is already used..
Goal: S (n' + (m + p)) = S (n' + m + p).


TRYING TO PROVE LEMMA
Lemma associativity_of_addition_2 : forall n' : nat, forall IHn' : forall m p : nat, n' + (m + p) = n' + m + p, forall m p : nat, S (n' + (m + p)) = S (n' + m + p).


ATTEMPTED LEMMA PROOF (LEMMAS USED: 3)




Set Warnings "-notation-overridden,-parsing,-deprecated-hint-without-locality".
From LF Require Export ProofObjects.






Check nat_ind :
  forall P : nat -> Prop,
    P 0 ->
    (forall n : nat, P n -> P (S n)) ->
    forall n : nat, P n.





Theorem mul_0_r' : forall n:nat,
  n * 0 = 0.
Proof.
  apply nat_ind.
  -  reflexivity.
  -  simpl. intros n' IHn'. rewrite -> IHn'.
    reflexivity.  Qed.





Theorem plus_one_r' : forall n:nat,
  n + 1 = S n.
Proof.
  apply nat_ind.
  - reflexivity.
  - intros n' IHn'. simpl. rewrite IHn'. reflexivity. Qed.








Inductive time : Type :=
  | day
  | night.

Check time_ind :
  forall P : time -> Prop,
    P day ->
    P night ->
    forall t : time, P t.



Inductive rgb : Type :=
  | red
  | green
  | blue.
Check rgb_ind :
  forall P : rgb -> Prop,
    P red ->
    P green ->
    P blue ->
    forall x : rgb, P x.




Inductive natlist : Type :=
  | nnil
  | ncons (n : nat) (l : natlist).

Check natlist_ind :
  forall P : natlist -> Prop,
    P nnil  ->
    (forall (n : nat) (l : natlist),
        P l -> P (ncons n l)) ->
    forall l : natlist, P l.





Inductive natlist' : Type :=
  | nnil'
  | nsnoc (l : natlist') (n : nat).



Check natlist'_ind :
  forall P : natlist' -> Prop,
    P nnil' ->
    (forall l : natlist', P l -> forall n : nat, P (nsnoc l n)) ->
    forall n : natlist', P n.



Inductive booltree : Type :=
  | bt_empty
  | bt_leaf (b : bool)
  | bt_branch (b : bool) (t1 t2 : booltree).



Definition booltree_property_type : Type := booltree -> Prop.

Definition base_case (P : booltree_property_type) : Prop
  := P bt_empty.

Definition leaf_case (P : booltree_property_type) : Prop
  := forall b : bool, P (bt_leaf b).

Definition branch_case (P : booltree_property_type) : Prop
  := forall (b : bool) (t1 : booltree), P t1 -> forall (t2 : booltree), P t2 -> P (bt_branch b t1 t2).

Definition booltree_ind_type :=
  forall (P : booltree_property_type),
    base_case P ->
    leaf_case P ->
    branch_case P ->
    forall (b : booltree), P b.



Theorem booltree_ind_type_correct : booltree_ind_type.
Proof. exact booltree_ind. Qed.





Inductive Toy : Type :=
  | con1 (b : bool)
  | con2 (n : nat) (t : Toy)
.



Theorem Toy_correct : exists f g,
  forall P : Toy -> Prop,
    (forall b : bool, P (f b)) ->
    (forall (n : nat) (t : Toy), P t -> P (g n t)) ->
    forall t : Toy, P t.
Proof. exists con1. exists con2. exact Toy_ind. Qed.












Inductive tree (X:Type) : Type :=
  | leaf (x : X)
  | node (t1 t2 : tree X).
Check tree_ind :
  forall (X : Type) (P : tree X -> Prop), (forall (x : X), P (leaf X x)) -> (forall (t1 : tree X), P t1 -> forall (t2 : tree X), P t2 -> P (node X t1 t2)) -> forall (t : tree X), P t.


 
Inductive mytype (X:Type) : Type :=
  | constr1 (x:X)
  | constr2 (n:nat)
  | constr3 (m:mytype X) (n:nat).
Check mytype_ind :
  forall (X : Type) (P : mytype X -> Prop),
    (forall x : X, P (constr1 X x)) ->
    (forall n : nat, P (constr2 X n)) ->
    (forall m : mytype X, P m ->
      forall n : nat, P (constr3 X m n)) ->
    forall m : mytype X, P m.


 
Inductive foo (X Y : Type) : Type :=
  | bar (x : X)
  | baz (y : Y)
  | quux (f : nat -> foo X Y).
Check foo_ind :
  forall (X Y : Type) (P : foo X Y -> Prop),
    (forall x : X, P (bar X Y x)) ->
    (forall y : Y, P (baz X Y y)) ->
    (forall f1 : nat -> foo X Y,
      (forall n : nat, P (f1 n)) -> P (quux X Y f1)) ->
    forall f2 : foo X Y, P f2.




Inductive foo' (X:Type) : Type :=
  | C1 (l : list X) (f : foo' X)
  | C2.


Check foo'_ind :
  forall (X : Type) (P : foo' X -> Prop),
    (forall (l : list X) (f : foo' X),
      P f -> P (C1 X l f)) ->
    P (C2 X) ->
    forall f : foo' X, P f.








Definition P_m0r (n:nat) : Prop :=
  n * 0 = 0.



Definition P_m0r' : nat -> Prop :=
  fun n => n * 0 = 0.



Theorem mul_0_r'' : forall n:nat,
  P_m0r n.
Proof.
  apply nat_ind.
  -  reflexivity.
  - 
    
    intros n IHn.
    unfold P_m0r in IHn. unfold P_m0r. simpl. apply IHn. Qed.












Lemma associativity_of_addition_2 : forall n' : nat, forall IHn' : forall m p : nat, n' + (m + p) = n' + m + p, forall m p : nat, S (n' + (m + p)) = S (n' + m + p).

Proof.
(* We will prove the lemma by induction on n'.
*)
  intros n' IHn' m p.
induction n' as [| n' IHn'].
(* Base case: n' = 0.
*)
  - simpl.
reflexivity.
(* Inductive case: n' = S n'.
*)
  - simpl.
rewrite IHn'.
reflexivity.
Qed.

Outdated contents in ..cache: recomputing
ERROR MESSAGE IN LEMMA PROOF (FRAGMENT #156)
Error in step "induction n' as [| n' IHn'].".
Message: IHn' is already used..
Goal: S (n' + (m + p)) = S (n' + m + p).


TRYING TO PROVE LEMMA
Lemma associativity_of_addition_3 : forall n' : nat, forall IHn' : forall m p : nat, n' + (m + p) = n' + m + p, forall m p : nat, S (n' + (m + p)) = S (n' + m + p).


ATTEMPTED LEMMA PROOF (LEMMAS USED: 4)




Set Warnings "-notation-overridden,-parsing,-deprecated-hint-without-locality".
From LF Require Export ProofObjects.






Check nat_ind :
  forall P : nat -> Prop,
    P 0 ->
    (forall n : nat, P n -> P (S n)) ->
    forall n : nat, P n.





Theorem mul_0_r' : forall n:nat,
  n * 0 = 0.
Proof.
  apply nat_ind.
  -  reflexivity.
  -  simpl. intros n' IHn'. rewrite -> IHn'.
    reflexivity.  Qed.





Theorem plus_one_r' : forall n:nat,
  n + 1 = S n.
Proof.
  apply nat_ind.
  - reflexivity.
  - intros n' IHn'. simpl. rewrite IHn'. reflexivity. Qed.








Inductive time : Type :=
  | day
  | night.

Check time_ind :
  forall P : time -> Prop,
    P day ->
    P night ->
    forall t : time, P t.



Inductive rgb : Type :=
  | red
  | green
  | blue.
Check rgb_ind :
  forall P : rgb -> Prop,
    P red ->
    P green ->
    P blue ->
    forall x : rgb, P x.




Inductive natlist : Type :=
  | nnil
  | ncons (n : nat) (l : natlist).

Check natlist_ind :
  forall P : natlist -> Prop,
    P nnil  ->
    (forall (n : nat) (l : natlist),
        P l -> P (ncons n l)) ->
    forall l : natlist, P l.





Inductive natlist' : Type :=
  | nnil'
  | nsnoc (l : natlist') (n : nat).



Check natlist'_ind :
  forall P : natlist' -> Prop,
    P nnil' ->
    (forall l : natlist', P l -> forall n : nat, P (nsnoc l n)) ->
    forall n : natlist', P n.



Inductive booltree : Type :=
  | bt_empty
  | bt_leaf (b : bool)
  | bt_branch (b : bool) (t1 t2 : booltree).



Definition booltree_property_type : Type := booltree -> Prop.

Definition base_case (P : booltree_property_type) : Prop
  := P bt_empty.

Definition leaf_case (P : booltree_property_type) : Prop
  := forall b : bool, P (bt_leaf b).

Definition branch_case (P : booltree_property_type) : Prop
  := forall (b : bool) (t1 : booltree), P t1 -> forall (t2 : booltree), P t2 -> P (bt_branch b t1 t2).

Definition booltree_ind_type :=
  forall (P : booltree_property_type),
    base_case P ->
    leaf_case P ->
    branch_case P ->
    forall (b : booltree), P b.



Theorem booltree_ind_type_correct : booltree_ind_type.
Proof. exact booltree_ind. Qed.





Inductive Toy : Type :=
  | con1 (b : bool)
  | con2 (n : nat) (t : Toy)
.



Theorem Toy_correct : exists f g,
  forall P : Toy -> Prop,
    (forall b : bool, P (f b)) ->
    (forall (n : nat) (t : Toy), P t -> P (g n t)) ->
    forall t : Toy, P t.
Proof. exists con1. exists con2. exact Toy_ind. Qed.












Inductive tree (X:Type) : Type :=
  | leaf (x : X)
  | node (t1 t2 : tree X).
Check tree_ind :
  forall (X : Type) (P : tree X -> Prop), (forall (x : X), P (leaf X x)) -> (forall (t1 : tree X), P t1 -> forall (t2 : tree X), P t2 -> P (node X t1 t2)) -> forall (t : tree X), P t.


 
Inductive mytype (X:Type) : Type :=
  | constr1 (x:X)
  | constr2 (n:nat)
  | constr3 (m:mytype X) (n:nat).
Check mytype_ind :
  forall (X : Type) (P : mytype X -> Prop),
    (forall x : X, P (constr1 X x)) ->
    (forall n : nat, P (constr2 X n)) ->
    (forall m : mytype X, P m ->
      forall n : nat, P (constr3 X m n)) ->
    forall m : mytype X, P m.


 
Inductive foo (X Y : Type) : Type :=
  | bar (x : X)
  | baz (y : Y)
  | quux (f : nat -> foo X Y).
Check foo_ind :
  forall (X Y : Type) (P : foo X Y -> Prop),
    (forall x : X, P (bar X Y x)) ->
    (forall y : Y, P (baz X Y y)) ->
    (forall f1 : nat -> foo X Y,
      (forall n : nat, P (f1 n)) -> P (quux X Y f1)) ->
    forall f2 : foo X Y, P f2.




Inductive foo' (X:Type) : Type :=
  | C1 (l : list X) (f : foo' X)
  | C2.


Check foo'_ind :
  forall (X : Type) (P : foo' X -> Prop),
    (forall (l : list X) (f : foo' X),
      P f -> P (C1 X l f)) ->
    P (C2 X) ->
    forall f : foo' X, P f.








Definition P_m0r (n:nat) : Prop :=
  n * 0 = 0.



Definition P_m0r' : nat -> Prop :=
  fun n => n * 0 = 0.



Theorem mul_0_r'' : forall n:nat,
  P_m0r n.
Proof.
  apply nat_ind.
  -  reflexivity.
  - 
    
    intros n IHn.
    unfold P_m0r in IHn. unfold P_m0r. simpl. apply IHn. Qed.












Lemma associativity_of_addition_3 : forall n' : nat, forall IHn' : forall m p : nat, n' + (m + p) = n' + m + p, forall m p : nat, S (n' + (m + p)) = S (n' + m + p).

Proof.
(* We will prove the lemma by induction on n'.
*)
  intros n' IHn' m p.
induction n' as [| n' IHn'].
(* Base case: n' = 0 *)
  - simpl.
reflexivity.
(* Inductive case: n' = S n' *)
  - simpl.
rewrite IHn'.
reflexivity.
Qed.

Outdated contents in ..cache: recomputing
ERROR MESSAGE IN LEMMA PROOF (FRAGMENT #156)
Error in step "induction n' as [| n' IHn'].".
Message: IHn' is already used..
Goal: S (n' + (m + p)) = S (n' + m + p).


TRYING TO PROVE LEMMA
Lemma associativity_of_addition_4 : forall n' : nat, forall IHn' : forall m p : nat, n' + (m + p) = n' + m + p, forall m p : nat, S (n' + (m + p)) = S (n' + m + p).


ATTEMPTED LEMMA PROOF (LEMMAS USED: 5)




Set Warnings "-notation-overridden,-parsing,-deprecated-hint-without-locality".
From LF Require Export ProofObjects.






Check nat_ind :
  forall P : nat -> Prop,
    P 0 ->
    (forall n : nat, P n -> P (S n)) ->
    forall n : nat, P n.





Theorem mul_0_r' : forall n:nat,
  n * 0 = 0.
Proof.
  apply nat_ind.
  -  reflexivity.
  -  simpl. intros n' IHn'. rewrite -> IHn'.
    reflexivity.  Qed.





Theorem plus_one_r' : forall n:nat,
  n + 1 = S n.
Proof.
  apply nat_ind.
  - reflexivity.
  - intros n' IHn'. simpl. rewrite IHn'. reflexivity. Qed.








Inductive time : Type :=
  | day
  | night.

Check time_ind :
  forall P : time -> Prop,
    P day ->
    P night ->
    forall t : time, P t.



Inductive rgb : Type :=
  | red
  | green
  | blue.
Check rgb_ind :
  forall P : rgb -> Prop,
    P red ->
    P green ->
    P blue ->
    forall x : rgb, P x.




Inductive natlist : Type :=
  | nnil
  | ncons (n : nat) (l : natlist).

Check natlist_ind :
  forall P : natlist -> Prop,
    P nnil  ->
    (forall (n : nat) (l : natlist),
        P l -> P (ncons n l)) ->
    forall l : natlist, P l.





Inductive natlist' : Type :=
  | nnil'
  | nsnoc (l : natlist') (n : nat).



Check natlist'_ind :
  forall P : natlist' -> Prop,
    P nnil' ->
    (forall l : natlist', P l -> forall n : nat, P (nsnoc l n)) ->
    forall n : natlist', P n.



Inductive booltree : Type :=
  | bt_empty
  | bt_leaf (b : bool)
  | bt_branch (b : bool) (t1 t2 : booltree).



Definition booltree_property_type : Type := booltree -> Prop.

Definition base_case (P : booltree_property_type) : Prop
  := P bt_empty.

Definition leaf_case (P : booltree_property_type) : Prop
  := forall b : bool, P (bt_leaf b).

Definition branch_case (P : booltree_property_type) : Prop
  := forall (b : bool) (t1 : booltree), P t1 -> forall (t2 : booltree), P t2 -> P (bt_branch b t1 t2).

Definition booltree_ind_type :=
  forall (P : booltree_property_type),
    base_case P ->
    leaf_case P ->
    branch_case P ->
    forall (b : booltree), P b.



Theorem booltree_ind_type_correct : booltree_ind_type.
Proof. exact booltree_ind. Qed.





Inductive Toy : Type :=
  | con1 (b : bool)
  | con2 (n : nat) (t : Toy)
.



Theorem Toy_correct : exists f g,
  forall P : Toy -> Prop,
    (forall b : bool, P (f b)) ->
    (forall (n : nat) (t : Toy), P t -> P (g n t)) ->
    forall t : Toy, P t.
Proof. exists con1. exists con2. exact Toy_ind. Qed.












Inductive tree (X:Type) : Type :=
  | leaf (x : X)
  | node (t1 t2 : tree X).
Check tree_ind :
  forall (X : Type) (P : tree X -> Prop), (forall (x : X), P (leaf X x)) -> (forall (t1 : tree X), P t1 -> forall (t2 : tree X), P t2 -> P (node X t1 t2)) -> forall (t : tree X), P t.


 
Inductive mytype (X:Type) : Type :=
  | constr1 (x:X)
  | constr2 (n:nat)
  | constr3 (m:mytype X) (n:nat).
Check mytype_ind :
  forall (X : Type) (P : mytype X -> Prop),
    (forall x : X, P (constr1 X x)) ->
    (forall n : nat, P (constr2 X n)) ->
    (forall m : mytype X, P m ->
      forall n : nat, P (constr3 X m n)) ->
    forall m : mytype X, P m.


 
Inductive foo (X Y : Type) : Type :=
  | bar (x : X)
  | baz (y : Y)
  | quux (f : nat -> foo X Y).
Check foo_ind :
  forall (X Y : Type) (P : foo X Y -> Prop),
    (forall x : X, P (bar X Y x)) ->
    (forall y : Y, P (baz X Y y)) ->
    (forall f1 : nat -> foo X Y,
      (forall n : nat, P (f1 n)) -> P (quux X Y f1)) ->
    forall f2 : foo X Y, P f2.




Inductive foo' (X:Type) : Type :=
  | C1 (l : list X) (f : foo' X)
  | C2.


Check foo'_ind :
  forall (X : Type) (P : foo' X -> Prop),
    (forall (l : list X) (f : foo' X),
      P f -> P (C1 X l f)) ->
    P (C2 X) ->
    forall f : foo' X, P f.








Definition P_m0r (n:nat) : Prop :=
  n * 0 = 0.



Definition P_m0r' : nat -> Prop :=
  fun n => n * 0 = 0.



Theorem mul_0_r'' : forall n:nat,
  P_m0r n.
Proof.
  apply nat_ind.
  -  reflexivity.
  - 
    
    intros n IHn.
    unfold P_m0r in IHn. unfold P_m0r. simpl. apply IHn. Qed.












Lemma associativity_of_addition_4 : forall n' : nat, forall IHn' : forall m p : nat, n' + (m + p) = n' + m + p, forall m p : nat, S (n' + (m + p)) = S (n' + m + p).

Proof.
(* We will prove the lemma by induction on n'.
*)
  intros n' IHn' m p.
induction n' as [| n' IHn'].
(* Base case: n' = 0 *)
  - simpl.
reflexivity.
(* Inductive case: n' = S n' *)
  - simpl.
rewrite IHn'.
reflexivity.
Qed.

Outdated contents in ..cache: recomputing
ERROR MESSAGE IN LEMMA PROOF (FRAGMENT #156)
Error in step "induction n' as [| n' IHn'].".
Message: IHn' is already used..
Goal: S (n' + (m + p)) = S (n' + m + p).


TRYING TO PROVE LEMMA
Lemma associativity_of_addition_5 : forall n' : nat, forall IHn' : forall m p : nat, n' + (m + p) = n' + m + p, forall m p : nat, S (n' + (m + p)) = S (n' + m + p).


Error proving add_assoc'
MAX LEMMA DEPTH REACHED. GIVING UP.