PROVING add_assoc''
ATTEMPTED THEOREM PROOF (LEMMAS USED: 0)




Set Warnings "-notation-overridden,-parsing,-deprecated-hint-without-locality".
From LF Require Export ProofObjects.






Check nat_ind :
  forall P : nat -> Prop,
    P 0 ->
    (forall n : nat, P n -> P (S n)) ->
    forall n : nat, P n.





Theorem mul_0_r' : forall n:nat,
  n * 0 = 0.
Proof.
  apply nat_ind.
  -  reflexivity.
  -  simpl. intros n' IHn'. rewrite -> IHn'.
    reflexivity.  Qed.





Theorem plus_one_r' : forall n:nat,
  n + 1 = S n.
Proof.
  apply nat_ind.
  - reflexivity.
  - intros n' IHn'. simpl. rewrite IHn'. reflexivity. Qed.








Inductive time : Type :=
  | day
  | night.

Check time_ind :
  forall P : time -> Prop,
    P day ->
    P night ->
    forall t : time, P t.



Inductive rgb : Type :=
  | red
  | green
  | blue.
Check rgb_ind :
  forall P : rgb -> Prop,
    P red ->
    P green ->
    P blue ->
    forall x : rgb, P x.




Inductive natlist : Type :=
  | nnil
  | ncons (n : nat) (l : natlist).

Check natlist_ind :
  forall P : natlist -> Prop,
    P nnil  ->
    (forall (n : nat) (l : natlist),
        P l -> P (ncons n l)) ->
    forall l : natlist, P l.





Inductive natlist' : Type :=
  | nnil'
  | nsnoc (l : natlist') (n : nat).



Check natlist'_ind :
  forall P : natlist' -> Prop,
    P nnil' ->
    (forall l : natlist', P l -> forall n : nat, P (nsnoc l n)) ->
    forall n : natlist', P n.



Inductive booltree : Type :=
  | bt_empty
  | bt_leaf (b : bool)
  | bt_branch (b : bool) (t1 t2 : booltree).



Definition booltree_property_type : Type := booltree -> Prop.

Definition base_case (P : booltree_property_type) : Prop
  := P bt_empty.

Definition leaf_case (P : booltree_property_type) : Prop
  := forall b : bool, P (bt_leaf b).

Definition branch_case (P : booltree_property_type) : Prop
  := forall (b : bool) (t1 : booltree), P t1 -> forall (t2 : booltree), P t2 -> P (bt_branch b t1 t2).

Definition booltree_ind_type :=
  forall (P : booltree_property_type),
    base_case P ->
    leaf_case P ->
    branch_case P ->
    forall (b : booltree), P b.



Theorem booltree_ind_type_correct : booltree_ind_type.
Proof. exact booltree_ind. Qed.





Inductive Toy : Type :=
  | con1 (b : bool)
  | con2 (n : nat) (t : Toy)
.



Theorem Toy_correct : exists f g,
  forall P : Toy -> Prop,
    (forall b : bool, P (f b)) ->
    (forall (n : nat) (t : Toy), P t -> P (g n t)) ->
    forall t : Toy, P t.
Proof. exists con1. exists con2. exact Toy_ind. Qed.












Inductive tree (X:Type) : Type :=
  | leaf (x : X)
  | node (t1 t2 : tree X).
Check tree_ind :
  forall (X : Type) (P : tree X -> Prop), (forall (x : X), P (leaf X x)) -> (forall (t1 : tree X), P t1 -> forall (t2 : tree X), P t2 -> P (node X t1 t2)) -> forall (t : tree X), P t.


 
Inductive mytype (X:Type) : Type :=
  | constr1 (x:X)
  | constr2 (n:nat)
  | constr3 (m:mytype X) (n:nat).
Check mytype_ind :
  forall (X : Type) (P : mytype X -> Prop),
    (forall x : X, P (constr1 X x)) ->
    (forall n : nat, P (constr2 X n)) ->
    (forall m : mytype X, P m ->
      forall n : nat, P (constr3 X m n)) ->
    forall m : mytype X, P m.


 
Inductive foo (X Y : Type) : Type :=
  | bar (x : X)
  | baz (y : Y)
  | quux (f : nat -> foo X Y).
Check foo_ind :
  forall (X Y : Type) (P : foo X Y -> Prop),
    (forall x : X, P (bar X Y x)) ->
    (forall y : Y, P (baz X Y y)) ->
    (forall f1 : nat -> foo X Y,
      (forall n : nat, P (f1 n)) -> P (quux X Y f1)) ->
    forall f2 : foo X Y, P f2.




Inductive foo' (X:Type) : Type :=
  | C1 (l : list X) (f : foo' X)
  | C2.


Check foo'_ind :
  forall (X : Type) (P : foo' X -> Prop),
    (forall (l : list X) (f : foo' X),
      P f -> P (C1 X l f)) ->
    P (C2 X) ->
    forall f : foo' X, P f.








Definition P_m0r (n:nat) : Prop :=
  n * 0 = 0.



Definition P_m0r' : nat -> Prop :=
  fun n => n * 0 = 0.



Theorem mul_0_r'' : forall n:nat,
  P_m0r n.
Proof.
  apply nat_ind.
  -  reflexivity.
  - 
    
    intros n IHn.
    unfold P_m0r in IHn. unfold P_m0r. simpl. apply IHn. Qed.










Theorem add_assoc' : forall n m p : nat,
  n + (m + p) = (n + m) + p.
Proof.
  
  intros n m p.
  
  induction n as [| n'].
  -  reflexivity.
  - 
    simpl. rewrite -> IHn'. reflexivity.  Qed.



Theorem add_comm' : forall n m : nat,
  n + m = m + n.
Proof.
  induction n as [| n'].
  -  intros m. rewrite -> add_0_r. reflexivity.
  -  intros m. simpl. rewrite -> IHn'.
    rewrite <- plus_n_Sm. reflexivity.  Qed.



Theorem add_comm'' : forall n m : nat,
  n + m = m + n.
Proof.
  
  induction m as [| m']. 
  -  simpl. rewrite -> add_0_r. reflexivity.
  -  simpl. rewrite <- IHm'.
    rewrite <- plus_n_Sm. reflexivity.  Qed.



Definition Passoc (n m p : nat) : Prop := n + (m + p) = (n + m) + p.
Definition Pcomm (n m : nat) : Prop := n + m = m + n.



Theorem add_assoc'' : forall n m p : nat, Passoc n m p.

Proof.
(* We will prove the theorem by induction on n.
*)
  intros n m p.
(* We will need the following lemmas: add_assoc', add_comm', and mul_0_r''.
*)
  (* We will also need the definition of addition, which is defined by recursion on the first argument.
*)
  induction n as [|n' IHn'].
- (* Base case: n = 0 *)
    (* We need to prove 0 + (m + p) = m + (0 + p).
*)
    (* By definition of addition, 0 + (m + p) = m + p, and 0 + p = p by add_0_r'.
*)
    (* Hence, by transitivity of equality, 0 + (m + p) = m + (0 + p).
*)
    reflexivity.
- (* Inductive case: n = S n' *)
    (* We need to prove S n' + (m + p) = m + (S n' + p).
*)
    (* By the induction hypothesis IHn', we have S n' + (m + p) = m + (n' + p).
*)
    (* By add_comm' and add_assoc', we have S n' + (m + p) = m + (n' + p) = m + ((n' + p) + 0) = m + (n' + (p + 0)).
*)
    (* By add_assoc' and add_comm' again, we have m + ((n' + p) + 0) = m + (n' + (p + 0)).
*)
    (* Hence, by transitivity of equality, S n' + (m + p) = m + (S n' + p).
*)
    reflexivity.
Qed.

Outdated contents in ..cache: recomputing
ERROR MESSAGE IN THEOREM PROOF (FRAGMENT #244)
Error in step "reflexivity.".
Message: In environment
n', m, p : nat
IHn' : Passoc n' m p
Unable to unify "S n' + m + p" with 
"S n' + (m + p)"..
Goal: Passoc (S n') m p.


TRYING TO PROVE LEMMA
Lemma passoc_successor_0 : forall n' m p : nat, forall IHn' : Passoc n' m p, Passoc (S n') m p.


ATTEMPTED LEMMA PROOF (LEMMAS USED: 1)




Set Warnings "-notation-overridden,-parsing,-deprecated-hint-without-locality".
From LF Require Export ProofObjects.






Check nat_ind :
  forall P : nat -> Prop,
    P 0 ->
    (forall n : nat, P n -> P (S n)) ->
    forall n : nat, P n.





Theorem mul_0_r' : forall n:nat,
  n * 0 = 0.
Proof.
  apply nat_ind.
  -  reflexivity.
  -  simpl. intros n' IHn'. rewrite -> IHn'.
    reflexivity.  Qed.





Theorem plus_one_r' : forall n:nat,
  n + 1 = S n.
Proof.
  apply nat_ind.
  - reflexivity.
  - intros n' IHn'. simpl. rewrite IHn'. reflexivity. Qed.








Inductive time : Type :=
  | day
  | night.

Check time_ind :
  forall P : time -> Prop,
    P day ->
    P night ->
    forall t : time, P t.



Inductive rgb : Type :=
  | red
  | green
  | blue.
Check rgb_ind :
  forall P : rgb -> Prop,
    P red ->
    P green ->
    P blue ->
    forall x : rgb, P x.




Inductive natlist : Type :=
  | nnil
  | ncons (n : nat) (l : natlist).

Check natlist_ind :
  forall P : natlist -> Prop,
    P nnil  ->
    (forall (n : nat) (l : natlist),
        P l -> P (ncons n l)) ->
    forall l : natlist, P l.





Inductive natlist' : Type :=
  | nnil'
  | nsnoc (l : natlist') (n : nat).



Check natlist'_ind :
  forall P : natlist' -> Prop,
    P nnil' ->
    (forall l : natlist', P l -> forall n : nat, P (nsnoc l n)) ->
    forall n : natlist', P n.



Inductive booltree : Type :=
  | bt_empty
  | bt_leaf (b : bool)
  | bt_branch (b : bool) (t1 t2 : booltree).



Definition booltree_property_type : Type := booltree -> Prop.

Definition base_case (P : booltree_property_type) : Prop
  := P bt_empty.

Definition leaf_case (P : booltree_property_type) : Prop
  := forall b : bool, P (bt_leaf b).

Definition branch_case (P : booltree_property_type) : Prop
  := forall (b : bool) (t1 : booltree), P t1 -> forall (t2 : booltree), P t2 -> P (bt_branch b t1 t2).

Definition booltree_ind_type :=
  forall (P : booltree_property_type),
    base_case P ->
    leaf_case P ->
    branch_case P ->
    forall (b : booltree), P b.



Theorem booltree_ind_type_correct : booltree_ind_type.
Proof. exact booltree_ind. Qed.





Inductive Toy : Type :=
  | con1 (b : bool)
  | con2 (n : nat) (t : Toy)
.



Theorem Toy_correct : exists f g,
  forall P : Toy -> Prop,
    (forall b : bool, P (f b)) ->
    (forall (n : nat) (t : Toy), P t -> P (g n t)) ->
    forall t : Toy, P t.
Proof. exists con1. exists con2. exact Toy_ind. Qed.












Inductive tree (X:Type) : Type :=
  | leaf (x : X)
  | node (t1 t2 : tree X).
Check tree_ind :
  forall (X : Type) (P : tree X -> Prop), (forall (x : X), P (leaf X x)) -> (forall (t1 : tree X), P t1 -> forall (t2 : tree X), P t2 -> P (node X t1 t2)) -> forall (t : tree X), P t.


 
Inductive mytype (X:Type) : Type :=
  | constr1 (x:X)
  | constr2 (n:nat)
  | constr3 (m:mytype X) (n:nat).
Check mytype_ind :
  forall (X : Type) (P : mytype X -> Prop),
    (forall x : X, P (constr1 X x)) ->
    (forall n : nat, P (constr2 X n)) ->
    (forall m : mytype X, P m ->
      forall n : nat, P (constr3 X m n)) ->
    forall m : mytype X, P m.


 
Inductive foo (X Y : Type) : Type :=
  | bar (x : X)
  | baz (y : Y)
  | quux (f : nat -> foo X Y).
Check foo_ind :
  forall (X Y : Type) (P : foo X Y -> Prop),
    (forall x : X, P (bar X Y x)) ->
    (forall y : Y, P (baz X Y y)) ->
    (forall f1 : nat -> foo X Y,
      (forall n : nat, P (f1 n)) -> P (quux X Y f1)) ->
    forall f2 : foo X Y, P f2.




Inductive foo' (X:Type) : Type :=
  | C1 (l : list X) (f : foo' X)
  | C2.


Check foo'_ind :
  forall (X : Type) (P : foo' X -> Prop),
    (forall (l : list X) (f : foo' X),
      P f -> P (C1 X l f)) ->
    P (C2 X) ->
    forall f : foo' X, P f.








Definition P_m0r (n:nat) : Prop :=
  n * 0 = 0.



Definition P_m0r' : nat -> Prop :=
  fun n => n * 0 = 0.



Theorem mul_0_r'' : forall n:nat,
  P_m0r n.
Proof.
  apply nat_ind.
  -  reflexivity.
  - 
    
    intros n IHn.
    unfold P_m0r in IHn. unfold P_m0r. simpl. apply IHn. Qed.










Theorem add_assoc' : forall n m p : nat,
  n + (m + p) = (n + m) + p.
Proof.
  
  intros n m p.
  
  induction n as [| n'].
  -  reflexivity.
  - 
    simpl. rewrite -> IHn'. reflexivity.  Qed.



Theorem add_comm' : forall n m : nat,
  n + m = m + n.
Proof.
  induction n as [| n'].
  -  intros m. rewrite -> add_0_r. reflexivity.
  -  intros m. simpl. rewrite -> IHn'.
    rewrite <- plus_n_Sm. reflexivity.  Qed.



Theorem add_comm'' : forall n m : nat,
  n + m = m + n.
Proof.
  
  induction m as [| m']. 
  -  simpl. rewrite -> add_0_r. reflexivity.
  -  simpl. rewrite <- IHm'.
    rewrite <- plus_n_Sm. reflexivity.  Qed.



Definition Passoc (n m p : nat) : Prop := n + (m + p) = (n + m) + p.
Definition Pcomm (n m : nat) : Prop := n + m = m + n.



Lemma passoc_successor_0 : forall n' m p : nat, forall IHn' : Passoc n' m p, Passoc (S n') m p.

Proof.
intros n' m p IHn'.
apply Passoc_ind_type in IHn'.
(* base case *)
- intros P.
apply P.
apply IHn'.
apply Passoc_base.
(* step case *)
- intros P n'0 IHn'0.
apply P.
apply IHn'.
apply Passoc_step.
apply IHn'0.
Qed.

Outdated contents in ..cache: recomputing
ERROR MESSAGE IN LEMMA PROOF (FRAGMENT #236)
Error in step "apply Passoc_ind_type in IHn'.".
Message: The variable Passoc_ind_type was not found
in the current environment..
Goal: Passoc (S n') m p.


TRYING TO PROVE LEMMA
Lemma passoc_successor_1 : forall n' m p : nat, forall IHn' : Passoc n' m p, Passoc (S n') m p.


ATTEMPTED LEMMA PROOF (LEMMAS USED: 2)




Set Warnings "-notation-overridden,-parsing,-deprecated-hint-without-locality".
From LF Require Export ProofObjects.






Check nat_ind :
  forall P : nat -> Prop,
    P 0 ->
    (forall n : nat, P n -> P (S n)) ->
    forall n : nat, P n.





Theorem mul_0_r' : forall n:nat,
  n * 0 = 0.
Proof.
  apply nat_ind.
  -  reflexivity.
  -  simpl. intros n' IHn'. rewrite -> IHn'.
    reflexivity.  Qed.





Theorem plus_one_r' : forall n:nat,
  n + 1 = S n.
Proof.
  apply nat_ind.
  - reflexivity.
  - intros n' IHn'. simpl. rewrite IHn'. reflexivity. Qed.








Inductive time : Type :=
  | day
  | night.

Check time_ind :
  forall P : time -> Prop,
    P day ->
    P night ->
    forall t : time, P t.



Inductive rgb : Type :=
  | red
  | green
  | blue.
Check rgb_ind :
  forall P : rgb -> Prop,
    P red ->
    P green ->
    P blue ->
    forall x : rgb, P x.




Inductive natlist : Type :=
  | nnil
  | ncons (n : nat) (l : natlist).

Check natlist_ind :
  forall P : natlist -> Prop,
    P nnil  ->
    (forall (n : nat) (l : natlist),
        P l -> P (ncons n l)) ->
    forall l : natlist, P l.





Inductive natlist' : Type :=
  | nnil'
  | nsnoc (l : natlist') (n : nat).



Check natlist'_ind :
  forall P : natlist' -> Prop,
    P nnil' ->
    (forall l : natlist', P l -> forall n : nat, P (nsnoc l n)) ->
    forall n : natlist', P n.



Inductive booltree : Type :=
  | bt_empty
  | bt_leaf (b : bool)
  | bt_branch (b : bool) (t1 t2 : booltree).



Definition booltree_property_type : Type := booltree -> Prop.

Definition base_case (P : booltree_property_type) : Prop
  := P bt_empty.

Definition leaf_case (P : booltree_property_type) : Prop
  := forall b : bool, P (bt_leaf b).

Definition branch_case (P : booltree_property_type) : Prop
  := forall (b : bool) (t1 : booltree), P t1 -> forall (t2 : booltree), P t2 -> P (bt_branch b t1 t2).

Definition booltree_ind_type :=
  forall (P : booltree_property_type),
    base_case P ->
    leaf_case P ->
    branch_case P ->
    forall (b : booltree), P b.



Theorem booltree_ind_type_correct : booltree_ind_type.
Proof. exact booltree_ind. Qed.





Inductive Toy : Type :=
  | con1 (b : bool)
  | con2 (n : nat) (t : Toy)
.



Theorem Toy_correct : exists f g,
  forall P : Toy -> Prop,
    (forall b : bool, P (f b)) ->
    (forall (n : nat) (t : Toy), P t -> P (g n t)) ->
    forall t : Toy, P t.
Proof. exists con1. exists con2. exact Toy_ind. Qed.












Inductive tree (X:Type) : Type :=
  | leaf (x : X)
  | node (t1 t2 : tree X).
Check tree_ind :
  forall (X : Type) (P : tree X -> Prop), (forall (x : X), P (leaf X x)) -> (forall (t1 : tree X), P t1 -> forall (t2 : tree X), P t2 -> P (node X t1 t2)) -> forall (t : tree X), P t.


 
Inductive mytype (X:Type) : Type :=
  | constr1 (x:X)
  | constr2 (n:nat)
  | constr3 (m:mytype X) (n:nat).
Check mytype_ind :
  forall (X : Type) (P : mytype X -> Prop),
    (forall x : X, P (constr1 X x)) ->
    (forall n : nat, P (constr2 X n)) ->
    (forall m : mytype X, P m ->
      forall n : nat, P (constr3 X m n)) ->
    forall m : mytype X, P m.


 
Inductive foo (X Y : Type) : Type :=
  | bar (x : X)
  | baz (y : Y)
  | quux (f : nat -> foo X Y).
Check foo_ind :
  forall (X Y : Type) (P : foo X Y -> Prop),
    (forall x : X, P (bar X Y x)) ->
    (forall y : Y, P (baz X Y y)) ->
    (forall f1 : nat -> foo X Y,
      (forall n : nat, P (f1 n)) -> P (quux X Y f1)) ->
    forall f2 : foo X Y, P f2.




Inductive foo' (X:Type) : Type :=
  | C1 (l : list X) (f : foo' X)
  | C2.


Check foo'_ind :
  forall (X : Type) (P : foo' X -> Prop),
    (forall (l : list X) (f : foo' X),
      P f -> P (C1 X l f)) ->
    P (C2 X) ->
    forall f : foo' X, P f.








Definition P_m0r (n:nat) : Prop :=
  n * 0 = 0.



Definition P_m0r' : nat -> Prop :=
  fun n => n * 0 = 0.



Theorem mul_0_r'' : forall n:nat,
  P_m0r n.
Proof.
  apply nat_ind.
  -  reflexivity.
  - 
    
    intros n IHn.
    unfold P_m0r in IHn. unfold P_m0r. simpl. apply IHn. Qed.










Theorem add_assoc' : forall n m p : nat,
  n + (m + p) = (n + m) + p.
Proof.
  
  intros n m p.
  
  induction n as [| n'].
  -  reflexivity.
  - 
    simpl. rewrite -> IHn'. reflexivity.  Qed.



Theorem add_comm' : forall n m : nat,
  n + m = m + n.
Proof.
  induction n as [| n'].
  -  intros m. rewrite -> add_0_r. reflexivity.
  -  intros m. simpl. rewrite -> IHn'.
    rewrite <- plus_n_Sm. reflexivity.  Qed.



Theorem add_comm'' : forall n m : nat,
  n + m = m + n.
Proof.
  
  induction m as [| m']. 
  -  simpl. rewrite -> add_0_r. reflexivity.
  -  simpl. rewrite <- IHm'.
    rewrite <- plus_n_Sm. reflexivity.  Qed.



Definition Passoc (n m p : nat) : Prop := n + (m + p) = (n + m) + p.
Definition Pcomm (n m : nat) : Prop := n + m = m + n.



Lemma passoc_successor_1 : forall n' m p : nat, forall IHn' : Passoc n' m p, Passoc (S n') m p.

Proof.
intros n' m p IHn'.
apply Passoc_ind_type in IHn'.
- (* base_case *)
  intros P H.
apply H.
- (* step_case *)
  intros P Hrec n' IHn'.
apply Passoc_S_r in IHn'.
apply Hrec.
Qed.

Outdated contents in ..cache: recomputing
ERROR MESSAGE IN LEMMA PROOF (FRAGMENT #236)
Error in step "apply Passoc_ind_type in IHn'.".
Message: The variable Passoc_ind_type was not found
in the current environment..
Goal: Passoc (S n') m p.


TRYING TO PROVE LEMMA
Lemma passoc_successor_2 : forall n' m p : nat, forall IHn' : Passoc n' m p, Passoc (S n') m p.


ATTEMPTED LEMMA PROOF (LEMMAS USED: 3)




Set Warnings "-notation-overridden,-parsing,-deprecated-hint-without-locality".
From LF Require Export ProofObjects.






Check nat_ind :
  forall P : nat -> Prop,
    P 0 ->
    (forall n : nat, P n -> P (S n)) ->
    forall n : nat, P n.





Theorem mul_0_r' : forall n:nat,
  n * 0 = 0.
Proof.
  apply nat_ind.
  -  reflexivity.
  -  simpl. intros n' IHn'. rewrite -> IHn'.
    reflexivity.  Qed.





Theorem plus_one_r' : forall n:nat,
  n + 1 = S n.
Proof.
  apply nat_ind.
  - reflexivity.
  - intros n' IHn'. simpl. rewrite IHn'. reflexivity. Qed.








Inductive time : Type :=
  | day
  | night.

Check time_ind :
  forall P : time -> Prop,
    P day ->
    P night ->
    forall t : time, P t.



Inductive rgb : Type :=
  | red
  | green
  | blue.
Check rgb_ind :
  forall P : rgb -> Prop,
    P red ->
    P green ->
    P blue ->
    forall x : rgb, P x.




Inductive natlist : Type :=
  | nnil
  | ncons (n : nat) (l : natlist).

Check natlist_ind :
  forall P : natlist -> Prop,
    P nnil  ->
    (forall (n : nat) (l : natlist),
        P l -> P (ncons n l)) ->
    forall l : natlist, P l.





Inductive natlist' : Type :=
  | nnil'
  | nsnoc (l : natlist') (n : nat).



Check natlist'_ind :
  forall P : natlist' -> Prop,
    P nnil' ->
    (forall l : natlist', P l -> forall n : nat, P (nsnoc l n)) ->
    forall n : natlist', P n.



Inductive booltree : Type :=
  | bt_empty
  | bt_leaf (b : bool)
  | bt_branch (b : bool) (t1 t2 : booltree).



Definition booltree_property_type : Type := booltree -> Prop.

Definition base_case (P : booltree_property_type) : Prop
  := P bt_empty.

Definition leaf_case (P : booltree_property_type) : Prop
  := forall b : bool, P (bt_leaf b).

Definition branch_case (P : booltree_property_type) : Prop
  := forall (b : bool) (t1 : booltree), P t1 -> forall (t2 : booltree), P t2 -> P (bt_branch b t1 t2).

Definition booltree_ind_type :=
  forall (P : booltree_property_type),
    base_case P ->
    leaf_case P ->
    branch_case P ->
    forall (b : booltree), P b.



Theorem booltree_ind_type_correct : booltree_ind_type.
Proof. exact booltree_ind. Qed.





Inductive Toy : Type :=
  | con1 (b : bool)
  | con2 (n : nat) (t : Toy)
.



Theorem Toy_correct : exists f g,
  forall P : Toy -> Prop,
    (forall b : bool, P (f b)) ->
    (forall (n : nat) (t : Toy), P t -> P (g n t)) ->
    forall t : Toy, P t.
Proof. exists con1. exists con2. exact Toy_ind. Qed.












Inductive tree (X:Type) : Type :=
  | leaf (x : X)
  | node (t1 t2 : tree X).
Check tree_ind :
  forall (X : Type) (P : tree X -> Prop), (forall (x : X), P (leaf X x)) -> (forall (t1 : tree X), P t1 -> forall (t2 : tree X), P t2 -> P (node X t1 t2)) -> forall (t : tree X), P t.


 
Inductive mytype (X:Type) : Type :=
  | constr1 (x:X)
  | constr2 (n:nat)
  | constr3 (m:mytype X) (n:nat).
Check mytype_ind :
  forall (X : Type) (P : mytype X -> Prop),
    (forall x : X, P (constr1 X x)) ->
    (forall n : nat, P (constr2 X n)) ->
    (forall m : mytype X, P m ->
      forall n : nat, P (constr3 X m n)) ->
    forall m : mytype X, P m.


 
Inductive foo (X Y : Type) : Type :=
  | bar (x : X)
  | baz (y : Y)
  | quux (f : nat -> foo X Y).
Check foo_ind :
  forall (X Y : Type) (P : foo X Y -> Prop),
    (forall x : X, P (bar X Y x)) ->
    (forall y : Y, P (baz X Y y)) ->
    (forall f1 : nat -> foo X Y,
      (forall n : nat, P (f1 n)) -> P (quux X Y f1)) ->
    forall f2 : foo X Y, P f2.




Inductive foo' (X:Type) : Type :=
  | C1 (l : list X) (f : foo' X)
  | C2.


Check foo'_ind :
  forall (X : Type) (P : foo' X -> Prop),
    (forall (l : list X) (f : foo' X),
      P f -> P (C1 X l f)) ->
    P (C2 X) ->
    forall f : foo' X, P f.








Definition P_m0r (n:nat) : Prop :=
  n * 0 = 0.



Definition P_m0r' : nat -> Prop :=
  fun n => n * 0 = 0.



Theorem mul_0_r'' : forall n:nat,
  P_m0r n.
Proof.
  apply nat_ind.
  -  reflexivity.
  - 
    
    intros n IHn.
    unfold P_m0r in IHn. unfold P_m0r. simpl. apply IHn. Qed.










Theorem add_assoc' : forall n m p : nat,
  n + (m + p) = (n + m) + p.
Proof.
  
  intros n m p.
  
  induction n as [| n'].
  -  reflexivity.
  - 
    simpl. rewrite -> IHn'. reflexivity.  Qed.



Theorem add_comm' : forall n m : nat,
  n + m = m + n.
Proof.
  induction n as [| n'].
  -  intros m. rewrite -> add_0_r. reflexivity.
  -  intros m. simpl. rewrite -> IHn'.
    rewrite <- plus_n_Sm. reflexivity.  Qed.



Theorem add_comm'' : forall n m : nat,
  n + m = m + n.
Proof.
  
  induction m as [| m']. 
  -  simpl. rewrite -> add_0_r. reflexivity.
  -  simpl. rewrite <- IHm'.
    rewrite <- plus_n_Sm. reflexivity.  Qed.



Definition Passoc (n m p : nat) : Prop := n + (m + p) = (n + m) + p.
Definition Pcomm (n m : nat) : Prop := n + m = m + n.



Lemma passoc_successor_2 : forall n' m p : nat, forall IHn' : Passoc n' m p, Passoc (S n') m p.

Proof.
intros n' m p IHn'.
apply Passoc_ind_type in IHn'.
- (* base_case *)
  intros P H.
apply H.
- (* step_case *)
  intros P Hrec n' IHn'.
apply Passoc_S_r in IHn'.
apply Hrec.
Qed.

Outdated contents in ..cache: recomputing
ERROR MESSAGE IN LEMMA PROOF (FRAGMENT #236)
Error in step "apply Passoc_ind_type in IHn'.".
Message: The variable Passoc_ind_type was not found
in the current environment..
Goal: Passoc (S n') m p.


TRYING TO PROVE LEMMA
Lemma passoc_successor_3 : forall n' m p : nat, forall IHn' : Passoc n' m p, Passoc (S n') m p.


ATTEMPTED LEMMA PROOF (LEMMAS USED: 4)




Set Warnings "-notation-overridden,-parsing,-deprecated-hint-without-locality".
From LF Require Export ProofObjects.






Check nat_ind :
  forall P : nat -> Prop,
    P 0 ->
    (forall n : nat, P n -> P (S n)) ->
    forall n : nat, P n.





Theorem mul_0_r' : forall n:nat,
  n * 0 = 0.
Proof.
  apply nat_ind.
  -  reflexivity.
  -  simpl. intros n' IHn'. rewrite -> IHn'.
    reflexivity.  Qed.





Theorem plus_one_r' : forall n:nat,
  n + 1 = S n.
Proof.
  apply nat_ind.
  - reflexivity.
  - intros n' IHn'. simpl. rewrite IHn'. reflexivity. Qed.








Inductive time : Type :=
  | day
  | night.

Check time_ind :
  forall P : time -> Prop,
    P day ->
    P night ->
    forall t : time, P t.



Inductive rgb : Type :=
  | red
  | green
  | blue.
Check rgb_ind :
  forall P : rgb -> Prop,
    P red ->
    P green ->
    P blue ->
    forall x : rgb, P x.




Inductive natlist : Type :=
  | nnil
  | ncons (n : nat) (l : natlist).

Check natlist_ind :
  forall P : natlist -> Prop,
    P nnil  ->
    (forall (n : nat) (l : natlist),
        P l -> P (ncons n l)) ->
    forall l : natlist, P l.





Inductive natlist' : Type :=
  | nnil'
  | nsnoc (l : natlist') (n : nat).



Check natlist'_ind :
  forall P : natlist' -> Prop,
    P nnil' ->
    (forall l : natlist', P l -> forall n : nat, P (nsnoc l n)) ->
    forall n : natlist', P n.



Inductive booltree : Type :=
  | bt_empty
  | bt_leaf (b : bool)
  | bt_branch (b : bool) (t1 t2 : booltree).



Definition booltree_property_type : Type := booltree -> Prop.

Definition base_case (P : booltree_property_type) : Prop
  := P bt_empty.

Definition leaf_case (P : booltree_property_type) : Prop
  := forall b : bool, P (bt_leaf b).

Definition branch_case (P : booltree_property_type) : Prop
  := forall (b : bool) (t1 : booltree), P t1 -> forall (t2 : booltree), P t2 -> P (bt_branch b t1 t2).

Definition booltree_ind_type :=
  forall (P : booltree_property_type),
    base_case P ->
    leaf_case P ->
    branch_case P ->
    forall (b : booltree), P b.



Theorem booltree_ind_type_correct : booltree_ind_type.
Proof. exact booltree_ind. Qed.





Inductive Toy : Type :=
  | con1 (b : bool)
  | con2 (n : nat) (t : Toy)
.



Theorem Toy_correct : exists f g,
  forall P : Toy -> Prop,
    (forall b : bool, P (f b)) ->
    (forall (n : nat) (t : Toy), P t -> P (g n t)) ->
    forall t : Toy, P t.
Proof. exists con1. exists con2. exact Toy_ind. Qed.












Inductive tree (X:Type) : Type :=
  | leaf (x : X)
  | node (t1 t2 : tree X).
Check tree_ind :
  forall (X : Type) (P : tree X -> Prop), (forall (x : X), P (leaf X x)) -> (forall (t1 : tree X), P t1 -> forall (t2 : tree X), P t2 -> P (node X t1 t2)) -> forall (t : tree X), P t.


 
Inductive mytype (X:Type) : Type :=
  | constr1 (x:X)
  | constr2 (n:nat)
  | constr3 (m:mytype X) (n:nat).
Check mytype_ind :
  forall (X : Type) (P : mytype X -> Prop),
    (forall x : X, P (constr1 X x)) ->
    (forall n : nat, P (constr2 X n)) ->
    (forall m : mytype X, P m ->
      forall n : nat, P (constr3 X m n)) ->
    forall m : mytype X, P m.


 
Inductive foo (X Y : Type) : Type :=
  | bar (x : X)
  | baz (y : Y)
  | quux (f : nat -> foo X Y).
Check foo_ind :
  forall (X Y : Type) (P : foo X Y -> Prop),
    (forall x : X, P (bar X Y x)) ->
    (forall y : Y, P (baz X Y y)) ->
    (forall f1 : nat -> foo X Y,
      (forall n : nat, P (f1 n)) -> P (quux X Y f1)) ->
    forall f2 : foo X Y, P f2.




Inductive foo' (X:Type) : Type :=
  | C1 (l : list X) (f : foo' X)
  | C2.


Check foo'_ind :
  forall (X : Type) (P : foo' X -> Prop),
    (forall (l : list X) (f : foo' X),
      P f -> P (C1 X l f)) ->
    P (C2 X) ->
    forall f : foo' X, P f.








Definition P_m0r (n:nat) : Prop :=
  n * 0 = 0.



Definition P_m0r' : nat -> Prop :=
  fun n => n * 0 = 0.



Theorem mul_0_r'' : forall n:nat,
  P_m0r n.
Proof.
  apply nat_ind.
  -  reflexivity.
  - 
    
    intros n IHn.
    unfold P_m0r in IHn. unfold P_m0r. simpl. apply IHn. Qed.










Theorem add_assoc' : forall n m p : nat,
  n + (m + p) = (n + m) + p.
Proof.
  
  intros n m p.
  
  induction n as [| n'].
  -  reflexivity.
  - 
    simpl. rewrite -> IHn'. reflexivity.  Qed.



Theorem add_comm' : forall n m : nat,
  n + m = m + n.
Proof.
  induction n as [| n'].
  -  intros m. rewrite -> add_0_r. reflexivity.
  -  intros m. simpl. rewrite -> IHn'.
    rewrite <- plus_n_Sm. reflexivity.  Qed.



Theorem add_comm'' : forall n m : nat,
  n + m = m + n.
Proof.
  
  induction m as [| m']. 
  -  simpl. rewrite -> add_0_r. reflexivity.
  -  simpl. rewrite <- IHm'.
    rewrite <- plus_n_Sm. reflexivity.  Qed.



Definition Passoc (n m p : nat) : Prop := n + (m + p) = (n + m) + p.
Definition Pcomm (n m : nat) : Prop := n + m = m + n.



Lemma passoc_successor_3 : forall n' m p : nat, forall IHn' : Passoc n' m p, Passoc (S n') m p.

Proof.
intros n' m p IHn'.
apply Passoc_ind_type in IHn'.
- (* base_case *)
  intros P H.
apply H.
- (* step_case *)
  intros P Hrec n' IHn'.
apply Passoc_S_r in IHn'.
apply Hrec.
Qed.

Outdated contents in ..cache: recomputing
ERROR MESSAGE IN LEMMA PROOF (FRAGMENT #236)
Error in step "apply Passoc_ind_type in IHn'.".
Message: The variable Passoc_ind_type was not found
in the current environment..
Goal: Passoc (S n') m p.


TRYING TO PROVE LEMMA
Lemma passoc_successor_4 : forall n' m p : nat, forall IHn' : Passoc n' m p, Passoc (S n') m p.


ATTEMPTED LEMMA PROOF (LEMMAS USED: 5)




Set Warnings "-notation-overridden,-parsing,-deprecated-hint-without-locality".
From LF Require Export ProofObjects.






Check nat_ind :
  forall P : nat -> Prop,
    P 0 ->
    (forall n : nat, P n -> P (S n)) ->
    forall n : nat, P n.





Theorem mul_0_r' : forall n:nat,
  n * 0 = 0.
Proof.
  apply nat_ind.
  -  reflexivity.
  -  simpl. intros n' IHn'. rewrite -> IHn'.
    reflexivity.  Qed.





Theorem plus_one_r' : forall n:nat,
  n + 1 = S n.
Proof.
  apply nat_ind.
  - reflexivity.
  - intros n' IHn'. simpl. rewrite IHn'. reflexivity. Qed.








Inductive time : Type :=
  | day
  | night.

Check time_ind :
  forall P : time -> Prop,
    P day ->
    P night ->
    forall t : time, P t.



Inductive rgb : Type :=
  | red
  | green
  | blue.
Check rgb_ind :
  forall P : rgb -> Prop,
    P red ->
    P green ->
    P blue ->
    forall x : rgb, P x.




Inductive natlist : Type :=
  | nnil
  | ncons (n : nat) (l : natlist).

Check natlist_ind :
  forall P : natlist -> Prop,
    P nnil  ->
    (forall (n : nat) (l : natlist),
        P l -> P (ncons n l)) ->
    forall l : natlist, P l.





Inductive natlist' : Type :=
  | nnil'
  | nsnoc (l : natlist') (n : nat).



Check natlist'_ind :
  forall P : natlist' -> Prop,
    P nnil' ->
    (forall l : natlist', P l -> forall n : nat, P (nsnoc l n)) ->
    forall n : natlist', P n.



Inductive booltree : Type :=
  | bt_empty
  | bt_leaf (b : bool)
  | bt_branch (b : bool) (t1 t2 : booltree).



Definition booltree_property_type : Type := booltree -> Prop.

Definition base_case (P : booltree_property_type) : Prop
  := P bt_empty.

Definition leaf_case (P : booltree_property_type) : Prop
  := forall b : bool, P (bt_leaf b).

Definition branch_case (P : booltree_property_type) : Prop
  := forall (b : bool) (t1 : booltree), P t1 -> forall (t2 : booltree), P t2 -> P (bt_branch b t1 t2).

Definition booltree_ind_type :=
  forall (P : booltree_property_type),
    base_case P ->
    leaf_case P ->
    branch_case P ->
    forall (b : booltree), P b.



Theorem booltree_ind_type_correct : booltree_ind_type.
Proof. exact booltree_ind. Qed.





Inductive Toy : Type :=
  | con1 (b : bool)
  | con2 (n : nat) (t : Toy)
.



Theorem Toy_correct : exists f g,
  forall P : Toy -> Prop,
    (forall b : bool, P (f b)) ->
    (forall (n : nat) (t : Toy), P t -> P (g n t)) ->
    forall t : Toy, P t.
Proof. exists con1. exists con2. exact Toy_ind. Qed.












Inductive tree (X:Type) : Type :=
  | leaf (x : X)
  | node (t1 t2 : tree X).
Check tree_ind :
  forall (X : Type) (P : tree X -> Prop), (forall (x : X), P (leaf X x)) -> (forall (t1 : tree X), P t1 -> forall (t2 : tree X), P t2 -> P (node X t1 t2)) -> forall (t : tree X), P t.


 
Inductive mytype (X:Type) : Type :=
  | constr1 (x:X)
  | constr2 (n:nat)
  | constr3 (m:mytype X) (n:nat).
Check mytype_ind :
  forall (X : Type) (P : mytype X -> Prop),
    (forall x : X, P (constr1 X x)) ->
    (forall n : nat, P (constr2 X n)) ->
    (forall m : mytype X, P m ->
      forall n : nat, P (constr3 X m n)) ->
    forall m : mytype X, P m.


 
Inductive foo (X Y : Type) : Type :=
  | bar (x : X)
  | baz (y : Y)
  | quux (f : nat -> foo X Y).
Check foo_ind :
  forall (X Y : Type) (P : foo X Y -> Prop),
    (forall x : X, P (bar X Y x)) ->
    (forall y : Y, P (baz X Y y)) ->
    (forall f1 : nat -> foo X Y,
      (forall n : nat, P (f1 n)) -> P (quux X Y f1)) ->
    forall f2 : foo X Y, P f2.




Inductive foo' (X:Type) : Type :=
  | C1 (l : list X) (f : foo' X)
  | C2.


Check foo'_ind :
  forall (X : Type) (P : foo' X -> Prop),
    (forall (l : list X) (f : foo' X),
      P f -> P (C1 X l f)) ->
    P (C2 X) ->
    forall f : foo' X, P f.








Definition P_m0r (n:nat) : Prop :=
  n * 0 = 0.



Definition P_m0r' : nat -> Prop :=
  fun n => n * 0 = 0.



Theorem mul_0_r'' : forall n:nat,
  P_m0r n.
Proof.
  apply nat_ind.
  -  reflexivity.
  - 
    
    intros n IHn.
    unfold P_m0r in IHn. unfold P_m0r. simpl. apply IHn. Qed.










Theorem add_assoc' : forall n m p : nat,
  n + (m + p) = (n + m) + p.
Proof.
  
  intros n m p.
  
  induction n as [| n'].
  -  reflexivity.
  - 
    simpl. rewrite -> IHn'. reflexivity.  Qed.



Theorem add_comm' : forall n m : nat,
  n + m = m + n.
Proof.
  induction n as [| n'].
  -  intros m. rewrite -> add_0_r. reflexivity.
  -  intros m. simpl. rewrite -> IHn'.
    rewrite <- plus_n_Sm. reflexivity.  Qed.



Theorem add_comm'' : forall n m : nat,
  n + m = m + n.
Proof.
  
  induction m as [| m']. 
  -  simpl. rewrite -> add_0_r. reflexivity.
  -  simpl. rewrite <- IHm'.
    rewrite <- plus_n_Sm. reflexivity.  Qed.



Definition Passoc (n m p : nat) : Prop := n + (m + p) = (n + m) + p.
Definition Pcomm (n m : nat) : Prop := n + m = m + n.



Lemma passoc_successor_4 : forall n' m p : nat, forall IHn' : Passoc n' m p, Passoc (S n') m p.

Proof.
intros n' m p IHn'.
apply Passoc_ind_type in IHn'.
- (* base_case *)
  intros P H.
apply H.
- (* step_case *)
  intros P Hrec n' IHn'.
apply Passoc_S_r in IHn'.
apply Hrec.
Qed.

Outdated contents in ..cache: recomputing
ERROR MESSAGE IN LEMMA PROOF (FRAGMENT #236)
Error in step "apply Passoc_ind_type in IHn'.".
Message: The variable Passoc_ind_type was not found
in the current environment..
Goal: Passoc (S n') m p.


TRYING TO PROVE LEMMA
Lemma passoc_successor_5 : forall n' m p : nat, forall IHn' : Passoc n' m p, Passoc (S n') m p.


Error proving add_assoc''
MAX LEMMA DEPTH REACHED. GIVING UP.