PROVING le_antisym
ATTEMPTED LEMMA PROOF (LEMMAS USED: 0)


Set Warnings "-notation-overridden,-parsing,-deprecated-hint-without-locality".
From Coq Require Import Lia.
From LF Require Import Maps.
From LF Require Import Imp.



Theorem ceval_deterministic: forall c st st1 st2,
  st =[ c ]=> st1  ->
  st =[ c ]=> st2 ->
  st1 = st2.
Proof.
  intros c st st1 st2 E1 E2;
  generalize dependent st2;
  induction E1; intros st2 E2; inversion E2; subst.
  -  reflexivity.
  -  reflexivity.
  - 
    rewrite (IHE1_1 st'0 H1) in *.
    apply IHE1_2. assumption.
  
  - 
    apply IHE1. assumption.
  - 
    rewrite H in H5. discriminate.
  
  - 
    rewrite H in H5. discriminate.
  - 
    apply IHE1. assumption.
  
  - 
    reflexivity.
  - 
    rewrite H in H2. discriminate.
  
  - 
    rewrite H in H4. discriminate.
  - 
    rewrite (IHE1_1 st'0 H3) in *.
    apply IHE1_2. assumption.  Qed.






Example auto_example_1 : forall (P Q R: Prop),
  (P -> Q) -> (Q -> R) -> P -> R.
Proof.
  intros P Q R H1 H2 H3.
  apply H2. apply H1. assumption.
Qed.



Example auto_example_1' : forall (P Q R: Prop),
  (P -> Q) -> (Q -> R) -> P -> R.
Proof.
  auto.
Qed.







Example auto_example_2 : forall P Q R S T U : Prop,
  (P -> Q) ->
  (P -> R) ->
  (T -> R) ->
  (S -> T -> U) ->
  ((P -> Q) -> (P -> S)) ->
  T ->
  P ->
  U.
Proof. auto. Qed.




Example auto_example_3 : forall (P Q R S T U: Prop),
  (P -> Q) ->
  (Q -> R) ->
  (R -> S) ->
  (S -> T) ->
  (T -> U) ->
  P ->
  U.
Proof.
  
  auto.

  
  

  
  auto 6.
Qed.



Example auto_example_4 : forall P Q R : Prop,
  Q ->
  (Q -> R) ->
  P \/ (Q /\ R).
Proof. auto. Qed.



Example auto_example_5: 2 = 2.
Proof.
  auto.
Qed.

Example auto_example_5' : forall (P Q R S T U W: Prop),
  (U -> T) ->
  (W -> U) ->
  (R -> S) ->
  (S -> T) ->
  (P -> R) ->
  (U -> T) ->
  P ->
  T.
Proof.
  intros.
  auto.
Qed.





Lemma le_antisym : forall n m: nat, (n <= m /\ m <= n) -> n = m.

Proof.
intros n m H.
destruct H as [H1 H2].
rewrite <- H1.
apply le_n_S.
apply H2.
Qed.

Outdated contents in ..cache: recomputing
ERROR MESSAGE IN LEMMA PROOF (FRAGMENT #160)
Error in step "rewrite <- H1.".
Message: setoid rewrite failed: 
Could not find an instance for "Morphisms.Proper
                                  (Morphisms.respectful
                                     (Basics.flip le)
                                     (Basics.flip
                                        Basics.impl))
                                  (eq n)"
in
environment:
n, m : nat
H1 : n <= m
H2 : m <= n
do_subrelation := Morphisms.do_subrelation
 : Morphisms.apply_subrelation
.
Goal: n = m.


TRYING TO PROVE LEMMA
Lemma n_equals_m_by_double_inclusion_0 : forall n m : nat, forall H1 : n <= m, forall H2 : m <= n, n = m.


ATTEMPTED LEMMA PROOF (LEMMAS USED: 1)


Set Warnings "-notation-overridden,-parsing,-deprecated-hint-without-locality".
From Coq Require Import Lia.
From LF Require Import Maps.
From LF Require Import Imp.



Theorem ceval_deterministic: forall c st st1 st2,
  st =[ c ]=> st1  ->
  st =[ c ]=> st2 ->
  st1 = st2.
Proof.
  intros c st st1 st2 E1 E2;
  generalize dependent st2;
  induction E1; intros st2 E2; inversion E2; subst.
  -  reflexivity.
  -  reflexivity.
  - 
    rewrite (IHE1_1 st'0 H1) in *.
    apply IHE1_2. assumption.
  
  - 
    apply IHE1. assumption.
  - 
    rewrite H in H5. discriminate.
  
  - 
    rewrite H in H5. discriminate.
  - 
    apply IHE1. assumption.
  
  - 
    reflexivity.
  - 
    rewrite H in H2. discriminate.
  
  - 
    rewrite H in H4. discriminate.
  - 
    rewrite (IHE1_1 st'0 H3) in *.
    apply IHE1_2. assumption.  Qed.






Example auto_example_1 : forall (P Q R: Prop),
  (P -> Q) -> (Q -> R) -> P -> R.
Proof.
  intros P Q R H1 H2 H3.
  apply H2. apply H1. assumption.
Qed.



Example auto_example_1' : forall (P Q R: Prop),
  (P -> Q) -> (Q -> R) -> P -> R.
Proof.
  auto.
Qed.







Example auto_example_2 : forall P Q R S T U : Prop,
  (P -> Q) ->
  (P -> R) ->
  (T -> R) ->
  (S -> T -> U) ->
  ((P -> Q) -> (P -> S)) ->
  T ->
  P ->
  U.
Proof. auto. Qed.




Example auto_example_3 : forall (P Q R S T U: Prop),
  (P -> Q) ->
  (Q -> R) ->
  (R -> S) ->
  (S -> T) ->
  (T -> U) ->
  P ->
  U.
Proof.
  
  auto.

  
  

  
  auto 6.
Qed.



Example auto_example_4 : forall P Q R : Prop,
  Q ->
  (Q -> R) ->
  P \/ (Q /\ R).
Proof. auto. Qed.



Example auto_example_5: 2 = 2.
Proof.
  auto.
Qed.

Example auto_example_5' : forall (P Q R S T U W: Prop),
  (U -> T) ->
  (W -> U) ->
  (R -> S) ->
  (S -> T) ->
  (P -> R) ->
  (U -> T) ->
  P ->
  T.
Proof.
  intros.
  auto.
Qed.





Lemma n_equals_m_by_double_inclusion_0 : forall n m : nat, forall H1 : n <= m, forall H2 : m <= n, n = m.

Proof.
intros n m H1 H2.
apply (le_antisymmetry H1 H2).
Qed.

Outdated contents in ..cache: recomputing
ERROR MESSAGE IN LEMMA PROOF (FRAGMENT #158)
Error in step "apply (le_antisymmetry H1 H2).".
Message: The variable le_antisymmetry was not found
in the current environment..
Goal: n = m.


TRYING TO PROVE LEMMA
Lemma n_equals_m_by_double_inclusion_1 : forall n m : nat, forall H1 : n <= m, forall H2 : m <= n, n = m.


ATTEMPTED LEMMA PROOF (LEMMAS USED: 2)


Set Warnings "-notation-overridden,-parsing,-deprecated-hint-without-locality".
From Coq Require Import Lia.
From LF Require Import Maps.
From LF Require Import Imp.



Theorem ceval_deterministic: forall c st st1 st2,
  st =[ c ]=> st1  ->
  st =[ c ]=> st2 ->
  st1 = st2.
Proof.
  intros c st st1 st2 E1 E2;
  generalize dependent st2;
  induction E1; intros st2 E2; inversion E2; subst.
  -  reflexivity.
  -  reflexivity.
  - 
    rewrite (IHE1_1 st'0 H1) in *.
    apply IHE1_2. assumption.
  
  - 
    apply IHE1. assumption.
  - 
    rewrite H in H5. discriminate.
  
  - 
    rewrite H in H5. discriminate.
  - 
    apply IHE1. assumption.
  
  - 
    reflexivity.
  - 
    rewrite H in H2. discriminate.
  
  - 
    rewrite H in H4. discriminate.
  - 
    rewrite (IHE1_1 st'0 H3) in *.
    apply IHE1_2. assumption.  Qed.






Example auto_example_1 : forall (P Q R: Prop),
  (P -> Q) -> (Q -> R) -> P -> R.
Proof.
  intros P Q R H1 H2 H3.
  apply H2. apply H1. assumption.
Qed.



Example auto_example_1' : forall (P Q R: Prop),
  (P -> Q) -> (Q -> R) -> P -> R.
Proof.
  auto.
Qed.







Example auto_example_2 : forall P Q R S T U : Prop,
  (P -> Q) ->
  (P -> R) ->
  (T -> R) ->
  (S -> T -> U) ->
  ((P -> Q) -> (P -> S)) ->
  T ->
  P ->
  U.
Proof. auto. Qed.




Example auto_example_3 : forall (P Q R S T U: Prop),
  (P -> Q) ->
  (Q -> R) ->
  (R -> S) ->
  (S -> T) ->
  (T -> U) ->
  P ->
  U.
Proof.
  
  auto.

  
  

  
  auto 6.
Qed.



Example auto_example_4 : forall P Q R : Prop,
  Q ->
  (Q -> R) ->
  P \/ (Q /\ R).
Proof. auto. Qed.



Example auto_example_5: 2 = 2.
Proof.
  auto.
Qed.

Example auto_example_5' : forall (P Q R S T U W: Prop),
  (U -> T) ->
  (W -> U) ->
  (R -> S) ->
  (S -> T) ->
  (P -> R) ->
  (U -> T) ->
  P ->
  T.
Proof.
  intros.
  auto.
Qed.





Lemma n_equals_m_by_double_inclusion_1 : forall n m : nat, forall H1 : n <= m, forall H2 : m <= n, n = m.

Proof.
intros n m H1 H2.
apply (le_antisymm H1 H2).
Qed.

Outdated contents in ..cache: recomputing
ERROR MESSAGE IN LEMMA PROOF (FRAGMENT #158)
Error in step "apply (le_antisymm H1 H2).".
Message: The variable le_antisymm was not found in the current
environment..
Goal: n = m.


TRYING TO PROVE LEMMA
Lemma n_equals_m_by_double_inclusion_2 : forall n m : nat, forall H1 : n <= m, forall H2 : m <= n, n = m.


ATTEMPTED LEMMA PROOF (LEMMAS USED: 3)


Set Warnings "-notation-overridden,-parsing,-deprecated-hint-without-locality".
From Coq Require Import Lia.
From LF Require Import Maps.
From LF Require Import Imp.



Theorem ceval_deterministic: forall c st st1 st2,
  st =[ c ]=> st1  ->
  st =[ c ]=> st2 ->
  st1 = st2.
Proof.
  intros c st st1 st2 E1 E2;
  generalize dependent st2;
  induction E1; intros st2 E2; inversion E2; subst.
  -  reflexivity.
  -  reflexivity.
  - 
    rewrite (IHE1_1 st'0 H1) in *.
    apply IHE1_2. assumption.
  
  - 
    apply IHE1. assumption.
  - 
    rewrite H in H5. discriminate.
  
  - 
    rewrite H in H5. discriminate.
  - 
    apply IHE1. assumption.
  
  - 
    reflexivity.
  - 
    rewrite H in H2. discriminate.
  
  - 
    rewrite H in H4. discriminate.
  - 
    rewrite (IHE1_1 st'0 H3) in *.
    apply IHE1_2. assumption.  Qed.






Example auto_example_1 : forall (P Q R: Prop),
  (P -> Q) -> (Q -> R) -> P -> R.
Proof.
  intros P Q R H1 H2 H3.
  apply H2. apply H1. assumption.
Qed.



Example auto_example_1' : forall (P Q R: Prop),
  (P -> Q) -> (Q -> R) -> P -> R.
Proof.
  auto.
Qed.







Example auto_example_2 : forall P Q R S T U : Prop,
  (P -> Q) ->
  (P -> R) ->
  (T -> R) ->
  (S -> T -> U) ->
  ((P -> Q) -> (P -> S)) ->
  T ->
  P ->
  U.
Proof. auto. Qed.




Example auto_example_3 : forall (P Q R S T U: Prop),
  (P -> Q) ->
  (Q -> R) ->
  (R -> S) ->
  (S -> T) ->
  (T -> U) ->
  P ->
  U.
Proof.
  
  auto.

  
  

  
  auto 6.
Qed.



Example auto_example_4 : forall P Q R : Prop,
  Q ->
  (Q -> R) ->
  P \/ (Q /\ R).
Proof. auto. Qed.



Example auto_example_5: 2 = 2.
Proof.
  auto.
Qed.

Example auto_example_5' : forall (P Q R S T U W: Prop),
  (U -> T) ->
  (W -> U) ->
  (R -> S) ->
  (S -> T) ->
  (P -> R) ->
  (U -> T) ->
  P ->
  T.
Proof.
  intros.
  auto.
Qed.





Lemma n_equals_m_by_double_inclusion_2 : forall n m : nat, forall H1 : n <= m, forall H2 : m <= n, n = m.

Proof.
intros n m H1 H2.
apply (le_antisymmetry H1 H2).
Qed.

Outdated contents in ..cache: recomputing
ERROR MESSAGE IN LEMMA PROOF (FRAGMENT #158)
Error in step "apply (le_antisymmetry H1 H2).".
Message: The variable le_antisymmetry was not found
in the current environment..
Goal: n = m.


TRYING TO PROVE LEMMA
Lemma n_equals_m_by_double_inclusion_3 : forall n m : nat, forall H1 : n <= m, forall H2 : m <= n, n = m.


ATTEMPTED LEMMA PROOF (LEMMAS USED: 4)


Set Warnings "-notation-overridden,-parsing,-deprecated-hint-without-locality".
From Coq Require Import Lia.
From LF Require Import Maps.
From LF Require Import Imp.



Theorem ceval_deterministic: forall c st st1 st2,
  st =[ c ]=> st1  ->
  st =[ c ]=> st2 ->
  st1 = st2.
Proof.
  intros c st st1 st2 E1 E2;
  generalize dependent st2;
  induction E1; intros st2 E2; inversion E2; subst.
  -  reflexivity.
  -  reflexivity.
  - 
    rewrite (IHE1_1 st'0 H1) in *.
    apply IHE1_2. assumption.
  
  - 
    apply IHE1. assumption.
  - 
    rewrite H in H5. discriminate.
  
  - 
    rewrite H in H5. discriminate.
  - 
    apply IHE1. assumption.
  
  - 
    reflexivity.
  - 
    rewrite H in H2. discriminate.
  
  - 
    rewrite H in H4. discriminate.
  - 
    rewrite (IHE1_1 st'0 H3) in *.
    apply IHE1_2. assumption.  Qed.






Example auto_example_1 : forall (P Q R: Prop),
  (P -> Q) -> (Q -> R) -> P -> R.
Proof.
  intros P Q R H1 H2 H3.
  apply H2. apply H1. assumption.
Qed.



Example auto_example_1' : forall (P Q R: Prop),
  (P -> Q) -> (Q -> R) -> P -> R.
Proof.
  auto.
Qed.







Example auto_example_2 : forall P Q R S T U : Prop,
  (P -> Q) ->
  (P -> R) ->
  (T -> R) ->
  (S -> T -> U) ->
  ((P -> Q) -> (P -> S)) ->
  T ->
  P ->
  U.
Proof. auto. Qed.




Example auto_example_3 : forall (P Q R S T U: Prop),
  (P -> Q) ->
  (Q -> R) ->
  (R -> S) ->
  (S -> T) ->
  (T -> U) ->
  P ->
  U.
Proof.
  
  auto.

  
  

  
  auto 6.
Qed.



Example auto_example_4 : forall P Q R : Prop,
  Q ->
  (Q -> R) ->
  P \/ (Q /\ R).
Proof. auto. Qed.



Example auto_example_5: 2 = 2.
Proof.
  auto.
Qed.

Example auto_example_5' : forall (P Q R S T U W: Prop),
  (U -> T) ->
  (W -> U) ->
  (R -> S) ->
  (S -> T) ->
  (P -> R) ->
  (U -> T) ->
  P ->
  T.
Proof.
  intros.
  auto.
Qed.





Lemma n_equals_m_by_double_inclusion_3 : forall n m : nat, forall H1 : n <= m, forall H2 : m <= n, n = m.

Proof.
intros n m H1 H2.
apply (le_antisymm H1 H2).
Qed.

Outdated contents in ..cache: recomputing
ERROR MESSAGE IN LEMMA PROOF (FRAGMENT #158)
Error in step "apply (le_antisymm H1 H2).".
Message: The variable le_antisymm was not found in the current
environment..
Goal: n = m.


TRYING TO PROVE LEMMA
Lemma n_equals_m_by_double_inclusion_4 : forall n m : nat, forall H1 : n <= m, forall H2 : m <= n, n = m.


ATTEMPTED LEMMA PROOF (LEMMAS USED: 5)


Set Warnings "-notation-overridden,-parsing,-deprecated-hint-without-locality".
From Coq Require Import Lia.
From LF Require Import Maps.
From LF Require Import Imp.



Theorem ceval_deterministic: forall c st st1 st2,
  st =[ c ]=> st1  ->
  st =[ c ]=> st2 ->
  st1 = st2.
Proof.
  intros c st st1 st2 E1 E2;
  generalize dependent st2;
  induction E1; intros st2 E2; inversion E2; subst.
  -  reflexivity.
  -  reflexivity.
  - 
    rewrite (IHE1_1 st'0 H1) in *.
    apply IHE1_2. assumption.
  
  - 
    apply IHE1. assumption.
  - 
    rewrite H in H5. discriminate.
  
  - 
    rewrite H in H5. discriminate.
  - 
    apply IHE1. assumption.
  
  - 
    reflexivity.
  - 
    rewrite H in H2. discriminate.
  
  - 
    rewrite H in H4. discriminate.
  - 
    rewrite (IHE1_1 st'0 H3) in *.
    apply IHE1_2. assumption.  Qed.






Example auto_example_1 : forall (P Q R: Prop),
  (P -> Q) -> (Q -> R) -> P -> R.
Proof.
  intros P Q R H1 H2 H3.
  apply H2. apply H1. assumption.
Qed.



Example auto_example_1' : forall (P Q R: Prop),
  (P -> Q) -> (Q -> R) -> P -> R.
Proof.
  auto.
Qed.







Example auto_example_2 : forall P Q R S T U : Prop,
  (P -> Q) ->
  (P -> R) ->
  (T -> R) ->
  (S -> T -> U) ->
  ((P -> Q) -> (P -> S)) ->
  T ->
  P ->
  U.
Proof. auto. Qed.




Example auto_example_3 : forall (P Q R S T U: Prop),
  (P -> Q) ->
  (Q -> R) ->
  (R -> S) ->
  (S -> T) ->
  (T -> U) ->
  P ->
  U.
Proof.
  
  auto.

  
  

  
  auto 6.
Qed.



Example auto_example_4 : forall P Q R : Prop,
  Q ->
  (Q -> R) ->
  P \/ (Q /\ R).
Proof. auto. Qed.



Example auto_example_5: 2 = 2.
Proof.
  auto.
Qed.

Example auto_example_5' : forall (P Q R S T U W: Prop),
  (U -> T) ->
  (W -> U) ->
  (R -> S) ->
  (S -> T) ->
  (P -> R) ->
  (U -> T) ->
  P ->
  T.
Proof.
  intros.
  auto.
Qed.





Lemma n_equals_m_by_double_inclusion_4 : forall n m : nat, forall H1 : n <= m, forall H2 : m <= n, n = m.

Proof.
intros n m H1 H2.
apply (le_antisymmetry H1 H2).
Qed.

Outdated contents in ..cache: recomputing
ERROR MESSAGE IN LEMMA PROOF (FRAGMENT #158)
Error in step "apply (le_antisymmetry H1 H2).".
Message: The variable le_antisymmetry was not found
in the current environment..
Goal: n = m.


TRYING TO PROVE LEMMA
Lemma n_equals_m_by_double_inclusion_5 : forall n m : nat, forall H1 : n <= m, forall H2 : m <= n, n = m.


ATTEMPTED LEMMA PROOF (LEMMAS USED: 6)


Set Warnings "-notation-overridden,-parsing,-deprecated-hint-without-locality".
From Coq Require Import Lia.
From LF Require Import Maps.
From LF Require Import Imp.



Theorem ceval_deterministic: forall c st st1 st2,
  st =[ c ]=> st1  ->
  st =[ c ]=> st2 ->
  st1 = st2.
Proof.
  intros c st st1 st2 E1 E2;
  generalize dependent st2;
  induction E1; intros st2 E2; inversion E2; subst.
  -  reflexivity.
  -  reflexivity.
  - 
    rewrite (IHE1_1 st'0 H1) in *.
    apply IHE1_2. assumption.
  
  - 
    apply IHE1. assumption.
  - 
    rewrite H in H5. discriminate.
  
  - 
    rewrite H in H5. discriminate.
  - 
    apply IHE1. assumption.
  
  - 
    reflexivity.
  - 
    rewrite H in H2. discriminate.
  
  - 
    rewrite H in H4. discriminate.
  - 
    rewrite (IHE1_1 st'0 H3) in *.
    apply IHE1_2. assumption.  Qed.






Example auto_example_1 : forall (P Q R: Prop),
  (P -> Q) -> (Q -> R) -> P -> R.
Proof.
  intros P Q R H1 H2 H3.
  apply H2. apply H1. assumption.
Qed.



Example auto_example_1' : forall (P Q R: Prop),
  (P -> Q) -> (Q -> R) -> P -> R.
Proof.
  auto.
Qed.







Example auto_example_2 : forall P Q R S T U : Prop,
  (P -> Q) ->
  (P -> R) ->
  (T -> R) ->
  (S -> T -> U) ->
  ((P -> Q) -> (P -> S)) ->
  T ->
  P ->
  U.
Proof. auto. Qed.




Example auto_example_3 : forall (P Q R S T U: Prop),
  (P -> Q) ->
  (Q -> R) ->
  (R -> S) ->
  (S -> T) ->
  (T -> U) ->
  P ->
  U.
Proof.
  
  auto.

  
  

  
  auto 6.
Qed.



Example auto_example_4 : forall P Q R : Prop,
  Q ->
  (Q -> R) ->
  P \/ (Q /\ R).
Proof. auto. Qed.



Example auto_example_5: 2 = 2.
Proof.
  auto.
Qed.

Example auto_example_5' : forall (P Q R S T U W: Prop),
  (U -> T) ->
  (W -> U) ->
  (R -> S) ->
  (S -> T) ->
  (P -> R) ->
  (U -> T) ->
  P ->
  T.
Proof.
  intros.
  auto.
Qed.





Lemma n_equals_m_by_double_inclusion_5 : forall n m : nat, forall H1 : n <= m, forall H2 : m <= n, n = m.

Proof.
intros n m H1 H2.
apply (le_antisymmetry H1 H2).
Qed.

Outdated contents in ..cache: recomputing
ERROR MESSAGE IN LEMMA PROOF (FRAGMENT #158)
Error in step "apply (le_antisymmetry H1 H2).".
Message: The variable le_antisymmetry was not found
in the current environment..
Goal: n = m.


TRYING TO PROVE LEMMA
Lemma n_equals_m_by_double_inclusion_6 : forall n m : nat, forall H1 : n <= m, forall H2 : m <= n, n = m.


ATTEMPTED LEMMA PROOF (LEMMAS USED: 7)


Set Warnings "-notation-overridden,-parsing,-deprecated-hint-without-locality".
From Coq Require Import Lia.
From LF Require Import Maps.
From LF Require Import Imp.



Theorem ceval_deterministic: forall c st st1 st2,
  st =[ c ]=> st1  ->
  st =[ c ]=> st2 ->
  st1 = st2.
Proof.
  intros c st st1 st2 E1 E2;
  generalize dependent st2;
  induction E1; intros st2 E2; inversion E2; subst.
  -  reflexivity.
  -  reflexivity.
  - 
    rewrite (IHE1_1 st'0 H1) in *.
    apply IHE1_2. assumption.
  
  - 
    apply IHE1. assumption.
  - 
    rewrite H in H5. discriminate.
  
  - 
    rewrite H in H5. discriminate.
  - 
    apply IHE1. assumption.
  
  - 
    reflexivity.
  - 
    rewrite H in H2. discriminate.
  
  - 
    rewrite H in H4. discriminate.
  - 
    rewrite (IHE1_1 st'0 H3) in *.
    apply IHE1_2. assumption.  Qed.






Example auto_example_1 : forall (P Q R: Prop),
  (P -> Q) -> (Q -> R) -> P -> R.
Proof.
  intros P Q R H1 H2 H3.
  apply H2. apply H1. assumption.
Qed.



Example auto_example_1' : forall (P Q R: Prop),
  (P -> Q) -> (Q -> R) -> P -> R.
Proof.
  auto.
Qed.







Example auto_example_2 : forall P Q R S T U : Prop,
  (P -> Q) ->
  (P -> R) ->
  (T -> R) ->
  (S -> T -> U) ->
  ((P -> Q) -> (P -> S)) ->
  T ->
  P ->
  U.
Proof. auto. Qed.




Example auto_example_3 : forall (P Q R S T U: Prop),
  (P -> Q) ->
  (Q -> R) ->
  (R -> S) ->
  (S -> T) ->
  (T -> U) ->
  P ->
  U.
Proof.
  
  auto.

  
  

  
  auto 6.
Qed.



Example auto_example_4 : forall P Q R : Prop,
  Q ->
  (Q -> R) ->
  P \/ (Q /\ R).
Proof. auto. Qed.



Example auto_example_5: 2 = 2.
Proof.
  auto.
Qed.

Example auto_example_5' : forall (P Q R S T U W: Prop),
  (U -> T) ->
  (W -> U) ->
  (R -> S) ->
  (S -> T) ->
  (P -> R) ->
  (U -> T) ->
  P ->
  T.
Proof.
  intros.
  auto.
Qed.





Lemma n_equals_m_by_double_inclusion_6 : forall n m : nat, forall H1 : n <= m, forall H2 : m <= n, n = m.

Proof.
intros n m H1 H2.
apply (le_antisymmetry H1 H2).
Qed.

Outdated contents in ..cache: recomputing
ERROR MESSAGE IN LEMMA PROOF (FRAGMENT #158)
Error in step "apply (le_antisymmetry H1 H2).".
Message: The variable le_antisymmetry was not found
in the current environment..
Goal: n = m.


TRYING TO PROVE LEMMA
Lemma n_equals_m_by_double_inclusion_7 : forall n m : nat, forall H1 : n <= m, forall H2 : m <= n, n = m.


ATTEMPTED LEMMA PROOF (LEMMAS USED: 8)


Set Warnings "-notation-overridden,-parsing,-deprecated-hint-without-locality".
From Coq Require Import Lia.
From LF Require Import Maps.
From LF Require Import Imp.



Theorem ceval_deterministic: forall c st st1 st2,
  st =[ c ]=> st1  ->
  st =[ c ]=> st2 ->
  st1 = st2.
Proof.
  intros c st st1 st2 E1 E2;
  generalize dependent st2;
  induction E1; intros st2 E2; inversion E2; subst.
  -  reflexivity.
  -  reflexivity.
  - 
    rewrite (IHE1_1 st'0 H1) in *.
    apply IHE1_2. assumption.
  
  - 
    apply IHE1. assumption.
  - 
    rewrite H in H5. discriminate.
  
  - 
    rewrite H in H5. discriminate.
  - 
    apply IHE1. assumption.
  
  - 
    reflexivity.
  - 
    rewrite H in H2. discriminate.
  
  - 
    rewrite H in H4. discriminate.
  - 
    rewrite (IHE1_1 st'0 H3) in *.
    apply IHE1_2. assumption.  Qed.






Example auto_example_1 : forall (P Q R: Prop),
  (P -> Q) -> (Q -> R) -> P -> R.
Proof.
  intros P Q R H1 H2 H3.
  apply H2. apply H1. assumption.
Qed.



Example auto_example_1' : forall (P Q R: Prop),
  (P -> Q) -> (Q -> R) -> P -> R.
Proof.
  auto.
Qed.







Example auto_example_2 : forall P Q R S T U : Prop,
  (P -> Q) ->
  (P -> R) ->
  (T -> R) ->
  (S -> T -> U) ->
  ((P -> Q) -> (P -> S)) ->
  T ->
  P ->
  U.
Proof. auto. Qed.




Example auto_example_3 : forall (P Q R S T U: Prop),
  (P -> Q) ->
  (Q -> R) ->
  (R -> S) ->
  (S -> T) ->
  (T -> U) ->
  P ->
  U.
Proof.
  
  auto.

  
  

  
  auto 6.
Qed.



Example auto_example_4 : forall P Q R : Prop,
  Q ->
  (Q -> R) ->
  P \/ (Q /\ R).
Proof. auto. Qed.



Example auto_example_5: 2 = 2.
Proof.
  auto.
Qed.

Example auto_example_5' : forall (P Q R S T U W: Prop),
  (U -> T) ->
  (W -> U) ->
  (R -> S) ->
  (S -> T) ->
  (P -> R) ->
  (U -> T) ->
  P ->
  T.
Proof.
  intros.
  auto.
Qed.





Lemma n_equals_m_by_double_inclusion_7 : forall n m : nat, forall H1 : n <= m, forall H2 : m <= n, n = m.

Proof.
intros n m H1 H2.
apply (le_antisymmetry H1 H2).
Qed.

Outdated contents in ..cache: recomputing
ERROR MESSAGE IN LEMMA PROOF (FRAGMENT #158)
Error in step "apply (le_antisymmetry H1 H2).".
Message: The variable le_antisymmetry was not found
in the current environment..
Goal: n = m.


TRYING TO PROVE LEMMA
Lemma n_equals_m_by_double_inclusion_8 : forall n m : nat, forall H1 : n <= m, forall H2 : m <= n, n = m.


ATTEMPTED LEMMA PROOF (LEMMAS USED: 9)


Set Warnings "-notation-overridden,-parsing,-deprecated-hint-without-locality".
From Coq Require Import Lia.
From LF Require Import Maps.
From LF Require Import Imp.



Theorem ceval_deterministic: forall c st st1 st2,
  st =[ c ]=> st1  ->
  st =[ c ]=> st2 ->
  st1 = st2.
Proof.
  intros c st st1 st2 E1 E2;
  generalize dependent st2;
  induction E1; intros st2 E2; inversion E2; subst.
  -  reflexivity.
  -  reflexivity.
  - 
    rewrite (IHE1_1 st'0 H1) in *.
    apply IHE1_2. assumption.
  
  - 
    apply IHE1. assumption.
  - 
    rewrite H in H5. discriminate.
  
  - 
    rewrite H in H5. discriminate.
  - 
    apply IHE1. assumption.
  
  - 
    reflexivity.
  - 
    rewrite H in H2. discriminate.
  
  - 
    rewrite H in H4. discriminate.
  - 
    rewrite (IHE1_1 st'0 H3) in *.
    apply IHE1_2. assumption.  Qed.






Example auto_example_1 : forall (P Q R: Prop),
  (P -> Q) -> (Q -> R) -> P -> R.
Proof.
  intros P Q R H1 H2 H3.
  apply H2. apply H1. assumption.
Qed.



Example auto_example_1' : forall (P Q R: Prop),
  (P -> Q) -> (Q -> R) -> P -> R.
Proof.
  auto.
Qed.







Example auto_example_2 : forall P Q R S T U : Prop,
  (P -> Q) ->
  (P -> R) ->
  (T -> R) ->
  (S -> T -> U) ->
  ((P -> Q) -> (P -> S)) ->
  T ->
  P ->
  U.
Proof. auto. Qed.




Example auto_example_3 : forall (P Q R S T U: Prop),
  (P -> Q) ->
  (Q -> R) ->
  (R -> S) ->
  (S -> T) ->
  (T -> U) ->
  P ->
  U.
Proof.
  
  auto.

  
  

  
  auto 6.
Qed.



Example auto_example_4 : forall P Q R : Prop,
  Q ->
  (Q -> R) ->
  P \/ (Q /\ R).
Proof. auto. Qed.



Example auto_example_5: 2 = 2.
Proof.
  auto.
Qed.

Example auto_example_5' : forall (P Q R S T U W: Prop),
  (U -> T) ->
  (W -> U) ->
  (R -> S) ->
  (S -> T) ->
  (P -> R) ->
  (U -> T) ->
  P ->
  T.
Proof.
  intros.
  auto.
Qed.





Lemma n_equals_m_by_double_inclusion_8 : forall n m : nat, forall H1 : n <= m, forall H2 : m <= n, n = m.

Proof.
intros n m H1 H2.
apply (le_antisymmetry H1 H2).
Qed.

Outdated contents in ..cache: recomputing
ERROR MESSAGE IN LEMMA PROOF (FRAGMENT #158)
Error in step "apply (le_antisymmetry H1 H2).".
Message: The variable le_antisymmetry was not found
in the current environment..
Goal: n = m.


TRYING TO PROVE LEMMA
Lemma n_equals_m_by_double_inclusion_9 : forall n m : nat, forall H1 : n <= m, forall H2 : m <= n, n = m.


ATTEMPTED LEMMA PROOF (LEMMAS USED: 10)


Set Warnings "-notation-overridden,-parsing,-deprecated-hint-without-locality".
From Coq Require Import Lia.
From LF Require Import Maps.
From LF Require Import Imp.



Theorem ceval_deterministic: forall c st st1 st2,
  st =[ c ]=> st1  ->
  st =[ c ]=> st2 ->
  st1 = st2.
Proof.
  intros c st st1 st2 E1 E2;
  generalize dependent st2;
  induction E1; intros st2 E2; inversion E2; subst.
  -  reflexivity.
  -  reflexivity.
  - 
    rewrite (IHE1_1 st'0 H1) in *.
    apply IHE1_2. assumption.
  
  - 
    apply IHE1. assumption.
  - 
    rewrite H in H5. discriminate.
  
  - 
    rewrite H in H5. discriminate.
  - 
    apply IHE1. assumption.
  
  - 
    reflexivity.
  - 
    rewrite H in H2. discriminate.
  
  - 
    rewrite H in H4. discriminate.
  - 
    rewrite (IHE1_1 st'0 H3) in *.
    apply IHE1_2. assumption.  Qed.






Example auto_example_1 : forall (P Q R: Prop),
  (P -> Q) -> (Q -> R) -> P -> R.
Proof.
  intros P Q R H1 H2 H3.
  apply H2. apply H1. assumption.
Qed.



Example auto_example_1' : forall (P Q R: Prop),
  (P -> Q) -> (Q -> R) -> P -> R.
Proof.
  auto.
Qed.







Example auto_example_2 : forall P Q R S T U : Prop,
  (P -> Q) ->
  (P -> R) ->
  (T -> R) ->
  (S -> T -> U) ->
  ((P -> Q) -> (P -> S)) ->
  T ->
  P ->
  U.
Proof. auto. Qed.




Example auto_example_3 : forall (P Q R S T U: Prop),
  (P -> Q) ->
  (Q -> R) ->
  (R -> S) ->
  (S -> T) ->
  (T -> U) ->
  P ->
  U.
Proof.
  
  auto.

  
  

  
  auto 6.
Qed.



Example auto_example_4 : forall P Q R : Prop,
  Q ->
  (Q -> R) ->
  P \/ (Q /\ R).
Proof. auto. Qed.



Example auto_example_5: 2 = 2.
Proof.
  auto.
Qed.

Example auto_example_5' : forall (P Q R S T U W: Prop),
  (U -> T) ->
  (W -> U) ->
  (R -> S) ->
  (S -> T) ->
  (P -> R) ->
  (U -> T) ->
  P ->
  T.
Proof.
  intros.
  auto.
Qed.





Lemma n_equals_m_by_double_inclusion_9 : forall n m : nat, forall H1 : n <= m, forall H2 : m <= n, n = m.

Proof.
intros n m H1 H2.
apply (le_antisymmetry H1 H2).
Qed.

Outdated contents in ..cache: recomputing
ERROR MESSAGE IN LEMMA PROOF (FRAGMENT #158)
Error in step "apply (le_antisymmetry H1 H2).".
Message: The variable le_antisymmetry was not found
in the current environment..
Goal: n = m.


TRYING TO PROVE LEMMA
Lemma n_equals_m_by_double_inclusion_10 : forall n m : nat, forall H1 : n <= m, forall H2 : m <= n, n = m.


Error proving le_antisym
MAX LEMMA DEPTH REACHED. GIVING UP.