PROVING not_implies_our_not
ATTEMPTED THEOREM PROOF (LEMMAS USED: 0)


Set Warnings "-notation-overridden,-parsing,-deprecated-hint-without-locality".
From LF Require Export Tactics.



Check (3 = 3) : Prop.

Check (forall n m : nat, n + m = m + n) : Prop.



Check 2 = 2 : Prop.

Check 3 = 2 : Prop.

Check forall n : nat, n = 2 : Prop.





Theorem plus_2_2_is_4 :
  2 + 2 = 4.
Proof. reflexivity.  Qed.



Definition plus_claim : Prop := 2 + 2 = 4.
Check plus_claim : Prop.



Theorem plus_claim_is_true :
  plus_claim.
Proof. reflexivity.  Qed.





Definition is_three (n : nat) : Prop :=
  n = 3.
Check is_three : nat -> Prop.



Definition injective {A B} (f : A -> B) :=
  forall x y : A, f x = f y -> x = y.

Lemma succ_inj : injective S.
Proof.
  intros n m H. injection H as H1. apply H1.
Qed.



Check @eq : forall A : Type, A -> A -> Prop.











Example and_example : 3 + 4 = 7 /\ 2 * 2 = 4.



Proof.
  split.
  -  reflexivity.
  -  reflexivity.
Qed.



Lemma and_intro : forall A B : Prop, A -> B -> A /\ B.
Proof.
  intros A B HA HB. split.
  - apply HA.
  - apply HB.
Qed.



Example and_example' : 3 + 4 = 7 /\ 2 * 2 = 4.
Proof.
  apply and_intro.
  -  reflexivity.
  -  reflexivity.
Qed.


Example and_exercise :
  forall n m : nat, n + m = 0 -> n = 0 /\ m = 0.
Proof.
  intros n m H.
  split.
  - destruct m in H.
    + rewrite <- plus_n_O in H. apply H.
    + rewrite <- plus_n_Sm in H. discriminate H.
  - destruct n in H.
    + rewrite -> plus_n_O in H. apply H.
    + simpl in H. discriminate H.
Qed.




Lemma and_example2 :
  forall n m : nat, n = 0 /\ m = 0 -> n + m = 0.
Proof.
  
  intros n m H.
  destruct H as [Hn Hm].
  rewrite Hn. rewrite Hm.
  reflexivity.
Qed.



Lemma and_example2' :
  forall n m : nat, n = 0 /\ m = 0 -> n + m = 0.
Proof.
  intros n m [Hn Hm].
  rewrite Hn. rewrite Hm.
  reflexivity.
Qed.



Lemma and_example2'' :
  forall n m : nat, n = 0 -> m = 0 -> n + m = 0.
Proof.
  intros n m Hn Hm.
  rewrite Hn. rewrite Hm.
  reflexivity.
Qed.



Lemma and_example3 :
  forall n m : nat, n + m = 0 -> n * m = 0.
Proof.
  
  intros n m H.
  apply and_exercise in H.
  destruct H as [Hn Hm].
  rewrite Hn. reflexivity.
Qed.



Lemma proj1 : forall P Q : Prop,
  P /\ Q -> P.
Proof.
  intros P Q HPQ.
  destruct HPQ as [HP _].
  apply HP.  Qed.


Lemma proj2 : forall P Q : Prop,
  P /\ Q -> Q.
Proof.
  intros P Q [_ HQ].
  apply HQ.
Qed.




Theorem and_commut : forall P Q : Prop,
  P /\ Q -> Q /\ P.
Proof.
  intros P Q [HP HQ].
  split.
    -  apply HQ.
    -  apply HP.  Qed.



Theorem and_assoc : forall P Q R : Prop,
  P /\ (Q /\ R) -> (P /\ Q) /\ R.
Proof.
  intros P Q R [HP [HQ HR]].
  split.
  + split. apply HP. apply HQ.
  + apply HR.
Qed.




Check and : Prop -> Prop -> Prop.








Lemma factor_is_O:
  forall n m : nat, n = 0 \/ m = 0 -> n * m = 0.
Proof.
  
  intros n m [Hn | Hm].
  - 
    rewrite Hn. reflexivity.
  - 
    rewrite Hm. rewrite <- mult_n_O.
    reflexivity.
Qed.



Lemma or_intro_l : forall A B : Prop, A -> A \/ B.
Proof.
  intros A B HA.
  left.
  apply HA.
Qed.



Lemma zero_or_succ :
  forall n : nat, n = 0 \/ n = S (pred n).
Proof.
  
  intros [|n'].
  - left. reflexivity.
  - right. reflexivity.
Qed.


Lemma mult_is_O :
  forall n m, n * m = 0 -> n = 0 \/ m = 0.
Proof.
  intros n m H.
  destruct n.
  - left. reflexivity.
  - right. destruct m.
    + reflexivity.
    + discriminate H.
Qed.



Theorem or_commut : forall P Q : Prop,
  P \/ Q  -> Q \/ P.
Proof.
  intros P Q [HP | HQ].
  - right. apply HP.
  - left. apply HQ.
Qed.







Module NotPlayground.

Definition not (P:Prop) := P -> False.

Notation "~ x" := (not x) : type_scope.

Check not : Prop -> Prop.

End NotPlayground.



Theorem ex_falso_quodlibet : forall (P:Prop),
  False -> P.
Proof.
  
  intros P contra.
  destruct contra.  Qed.







Theorem not_implies_our_not : forall (P:Prop),
  ~ P -> (forall (Q:Prop), P -> Q).

Proof.
intros P H.
(* We want to prove that ~ P -> (forall (Q:Prop), P -> Q).
We start by introducing the negation of P as a hypothesis.
*)
  intros Q HP.
(* Now we want to prove P -> Q.
We start by assuming P.
*)
  intros P.
(* Now we have P and ~ P.
This is a contradiction.
*)
  apply H in P.
(* Now we have Q, which is what we wanted to prove.
*)
  exact Q.
Qed.

Outdated contents in ..cache: recomputing
ERROR MESSAGE IN THEOREM PROOF (FRAGMENT #408)
Error in step "intros P.".
Message: P is already used..
Goal: Q.


TRYING TO PROVE LEMMA
Lemma negation_implies_anything_0 : forall P : Prop, forall H : ~ P, forall Q : Prop, forall HP : P, Q.


ATTEMPTED LEMMA PROOF (LEMMAS USED: 1)


Set Warnings "-notation-overridden,-parsing,-deprecated-hint-without-locality".
From LF Require Export Tactics.



Check (3 = 3) : Prop.

Check (forall n m : nat, n + m = m + n) : Prop.



Check 2 = 2 : Prop.

Check 3 = 2 : Prop.

Check forall n : nat, n = 2 : Prop.





Theorem plus_2_2_is_4 :
  2 + 2 = 4.
Proof. reflexivity.  Qed.



Definition plus_claim : Prop := 2 + 2 = 4.
Check plus_claim : Prop.



Theorem plus_claim_is_true :
  plus_claim.
Proof. reflexivity.  Qed.





Definition is_three (n : nat) : Prop :=
  n = 3.
Check is_three : nat -> Prop.



Definition injective {A B} (f : A -> B) :=
  forall x y : A, f x = f y -> x = y.

Lemma succ_inj : injective S.
Proof.
  intros n m H. injection H as H1. apply H1.
Qed.



Check @eq : forall A : Type, A -> A -> Prop.











Example and_example : 3 + 4 = 7 /\ 2 * 2 = 4.



Proof.
  split.
  -  reflexivity.
  -  reflexivity.
Qed.



Lemma and_intro : forall A B : Prop, A -> B -> A /\ B.
Proof.
  intros A B HA HB. split.
  - apply HA.
  - apply HB.
Qed.



Example and_example' : 3 + 4 = 7 /\ 2 * 2 = 4.
Proof.
  apply and_intro.
  -  reflexivity.
  -  reflexivity.
Qed.


Example and_exercise :
  forall n m : nat, n + m = 0 -> n = 0 /\ m = 0.
Proof.
  intros n m H.
  split.
  - destruct m in H.
    + rewrite <- plus_n_O in H. apply H.
    + rewrite <- plus_n_Sm in H. discriminate H.
  - destruct n in H.
    + rewrite -> plus_n_O in H. apply H.
    + simpl in H. discriminate H.
Qed.




Lemma and_example2 :
  forall n m : nat, n = 0 /\ m = 0 -> n + m = 0.
Proof.
  
  intros n m H.
  destruct H as [Hn Hm].
  rewrite Hn. rewrite Hm.
  reflexivity.
Qed.



Lemma and_example2' :
  forall n m : nat, n = 0 /\ m = 0 -> n + m = 0.
Proof.
  intros n m [Hn Hm].
  rewrite Hn. rewrite Hm.
  reflexivity.
Qed.



Lemma and_example2'' :
  forall n m : nat, n = 0 -> m = 0 -> n + m = 0.
Proof.
  intros n m Hn Hm.
  rewrite Hn. rewrite Hm.
  reflexivity.
Qed.



Lemma and_example3 :
  forall n m : nat, n + m = 0 -> n * m = 0.
Proof.
  
  intros n m H.
  apply and_exercise in H.
  destruct H as [Hn Hm].
  rewrite Hn. reflexivity.
Qed.



Lemma proj1 : forall P Q : Prop,
  P /\ Q -> P.
Proof.
  intros P Q HPQ.
  destruct HPQ as [HP _].
  apply HP.  Qed.


Lemma proj2 : forall P Q : Prop,
  P /\ Q -> Q.
Proof.
  intros P Q [_ HQ].
  apply HQ.
Qed.




Theorem and_commut : forall P Q : Prop,
  P /\ Q -> Q /\ P.
Proof.
  intros P Q [HP HQ].
  split.
    -  apply HQ.
    -  apply HP.  Qed.



Theorem and_assoc : forall P Q R : Prop,
  P /\ (Q /\ R) -> (P /\ Q) /\ R.
Proof.
  intros P Q R [HP [HQ HR]].
  split.
  + split. apply HP. apply HQ.
  + apply HR.
Qed.




Check and : Prop -> Prop -> Prop.








Lemma factor_is_O:
  forall n m : nat, n = 0 \/ m = 0 -> n * m = 0.
Proof.
  
  intros n m [Hn | Hm].
  - 
    rewrite Hn. reflexivity.
  - 
    rewrite Hm. rewrite <- mult_n_O.
    reflexivity.
Qed.



Lemma or_intro_l : forall A B : Prop, A -> A \/ B.
Proof.
  intros A B HA.
  left.
  apply HA.
Qed.



Lemma zero_or_succ :
  forall n : nat, n = 0 \/ n = S (pred n).
Proof.
  
  intros [|n'].
  - left. reflexivity.
  - right. reflexivity.
Qed.


Lemma mult_is_O :
  forall n m, n * m = 0 -> n = 0 \/ m = 0.
Proof.
  intros n m H.
  destruct n.
  - left. reflexivity.
  - right. destruct m.
    + reflexivity.
    + discriminate H.
Qed.



Theorem or_commut : forall P Q : Prop,
  P \/ Q  -> Q \/ P.
Proof.
  intros P Q [HP | HQ].
  - right. apply HP.
  - left. apply HQ.
Qed.







Module NotPlayground.

Definition not (P:Prop) := P -> False.

Notation "~ x" := (not x) : type_scope.

Check not : Prop -> Prop.

End NotPlayground.



Theorem ex_falso_quodlibet : forall (P:Prop),
  False -> P.
Proof.
  
  intros P contra.
  destruct contra.  Qed.







Lemma negation_implies_anything_0 : forall P : Prop, forall H : ~ P, forall Q : Prop, forall HP : P, Q.

Proof.
intros P H Q HP.
apply H in HP.
(* We have HP : P, and we know that ~ P (H).
But this is a contradiction, so we can apply ex_falso_quodlibet to derive Q.
*)
  apply (ex_falso_quodlibet Q) in HP.
(* Now we have HP : Q, which is what we wanted to prove.
*)
  exact HP.
Qed.

Outdated contents in ..cache: recomputing
LEMMA PROOF IS VALID

ATTEMPTED THEOREM PROOF (LEMMAS USED: 1)


Set Warnings "-notation-overridden,-parsing,-deprecated-hint-without-locality".
From LF Require Export Tactics.



Check (3 = 3) : Prop.

Check (forall n m : nat, n + m = m + n) : Prop.



Check 2 = 2 : Prop.

Check 3 = 2 : Prop.

Check forall n : nat, n = 2 : Prop.





Theorem plus_2_2_is_4 :
  2 + 2 = 4.
Proof. reflexivity.  Qed.



Definition plus_claim : Prop := 2 + 2 = 4.
Check plus_claim : Prop.



Theorem plus_claim_is_true :
  plus_claim.
Proof. reflexivity.  Qed.





Definition is_three (n : nat) : Prop :=
  n = 3.
Check is_three : nat -> Prop.



Definition injective {A B} (f : A -> B) :=
  forall x y : A, f x = f y -> x = y.

Lemma succ_inj : injective S.
Proof.
  intros n m H. injection H as H1. apply H1.
Qed.



Check @eq : forall A : Type, A -> A -> Prop.











Example and_example : 3 + 4 = 7 /\ 2 * 2 = 4.



Proof.
  split.
  -  reflexivity.
  -  reflexivity.
Qed.



Lemma and_intro : forall A B : Prop, A -> B -> A /\ B.
Proof.
  intros A B HA HB. split.
  - apply HA.
  - apply HB.
Qed.



Example and_example' : 3 + 4 = 7 /\ 2 * 2 = 4.
Proof.
  apply and_intro.
  -  reflexivity.
  -  reflexivity.
Qed.


Example and_exercise :
  forall n m : nat, n + m = 0 -> n = 0 /\ m = 0.
Proof.
  intros n m H.
  split.
  - destruct m in H.
    + rewrite <- plus_n_O in H. apply H.
    + rewrite <- plus_n_Sm in H. discriminate H.
  - destruct n in H.
    + rewrite -> plus_n_O in H. apply H.
    + simpl in H. discriminate H.
Qed.




Lemma and_example2 :
  forall n m : nat, n = 0 /\ m = 0 -> n + m = 0.
Proof.
  
  intros n m H.
  destruct H as [Hn Hm].
  rewrite Hn. rewrite Hm.
  reflexivity.
Qed.



Lemma and_example2' :
  forall n m : nat, n = 0 /\ m = 0 -> n + m = 0.
Proof.
  intros n m [Hn Hm].
  rewrite Hn. rewrite Hm.
  reflexivity.
Qed.



Lemma and_example2'' :
  forall n m : nat, n = 0 -> m = 0 -> n + m = 0.
Proof.
  intros n m Hn Hm.
  rewrite Hn. rewrite Hm.
  reflexivity.
Qed.



Lemma and_example3 :
  forall n m : nat, n + m = 0 -> n * m = 0.
Proof.
  
  intros n m H.
  apply and_exercise in H.
  destruct H as [Hn Hm].
  rewrite Hn. reflexivity.
Qed.



Lemma proj1 : forall P Q : Prop,
  P /\ Q -> P.
Proof.
  intros P Q HPQ.
  destruct HPQ as [HP _].
  apply HP.  Qed.


Lemma proj2 : forall P Q : Prop,
  P /\ Q -> Q.
Proof.
  intros P Q [_ HQ].
  apply HQ.
Qed.




Theorem and_commut : forall P Q : Prop,
  P /\ Q -> Q /\ P.
Proof.
  intros P Q [HP HQ].
  split.
    -  apply HQ.
    -  apply HP.  Qed.



Theorem and_assoc : forall P Q R : Prop,
  P /\ (Q /\ R) -> (P /\ Q) /\ R.
Proof.
  intros P Q R [HP [HQ HR]].
  split.
  + split. apply HP. apply HQ.
  + apply HR.
Qed.




Check and : Prop -> Prop -> Prop.








Lemma factor_is_O:
  forall n m : nat, n = 0 \/ m = 0 -> n * m = 0.
Proof.
  
  intros n m [Hn | Hm].
  - 
    rewrite Hn. reflexivity.
  - 
    rewrite Hm. rewrite <- mult_n_O.
    reflexivity.
Qed.



Lemma or_intro_l : forall A B : Prop, A -> A \/ B.
Proof.
  intros A B HA.
  left.
  apply HA.
Qed.



Lemma zero_or_succ :
  forall n : nat, n = 0 \/ n = S (pred n).
Proof.
  
  intros [|n'].
  - left. reflexivity.
  - right. reflexivity.
Qed.


Lemma mult_is_O :
  forall n m, n * m = 0 -> n = 0 \/ m = 0.
Proof.
  intros n m H.
  destruct n.
  - left. reflexivity.
  - right. destruct m.
    + reflexivity.
    + discriminate H.
Qed.



Theorem or_commut : forall P Q : Prop,
  P \/ Q  -> Q \/ P.
Proof.
  intros P Q [HP | HQ].
  - right. apply HP.
  - left. apply HQ.
Qed.







Module NotPlayground.

Definition not (P:Prop) := P -> False.

Notation "~ x" := (not x) : type_scope.

Check not : Prop -> Prop.

End NotPlayground.



Theorem ex_falso_quodlibet : forall (P:Prop),
  False -> P.
Proof.
  
  intros P contra.
  destruct contra.  Qed.







Lemma negation_implies_anything_0 : forall P : Prop, forall H : ~ P, forall Q : Prop, forall HP : P, Q.

Proof.
intros P H Q HP.
apply H in HP.
(* We have HP : P, and we know that ~ P (H).
But this is a contradiction, so we can apply ex_falso_quodlibet to derive Q.
*)
  apply (ex_falso_quodlibet Q) in HP.
(* Now we have HP : Q, which is what we wanted to prove.
*)
  exact HP.
Qed.

Theorem not_implies_our_not : forall (P:Prop),
  ~ P -> (forall (Q:Prop), P -> Q).

Proof.
intros P H.
(* We want to prove that ~ P -> (forall (Q:Prop), P -> Q).
We start by introducing the negation of P as a hypothesis.
*)
  intros Q HP.
(* Now we want to prove P -> Q.
We start by assuming P.
*)
  apply (@negation_implies_anything_0 P H Q HP).
Qed.

Outdated contents in ..cache: recomputing
THEOREM PROOF IS VALID

