PROVING mult_is_O
ATTEMPTED LEMMA PROOF (LEMMAS USED: 0)


Set Warnings "-notation-overridden,-parsing,-deprecated-hint-without-locality".
From LF Require Export Tactics.



Check (3 = 3) : Prop.

Check (forall n m : nat, n + m = m + n) : Prop.



Check 2 = 2 : Prop.

Check 3 = 2 : Prop.

Check forall n : nat, n = 2 : Prop.





Theorem plus_2_2_is_4 :
  2 + 2 = 4.
Proof. reflexivity.  Qed.



Definition plus_claim : Prop := 2 + 2 = 4.
Check plus_claim : Prop.



Theorem plus_claim_is_true :
  plus_claim.
Proof. reflexivity.  Qed.





Definition is_three (n : nat) : Prop :=
  n = 3.
Check is_three : nat -> Prop.



Definition injective {A B} (f : A -> B) :=
  forall x y : A, f x = f y -> x = y.

Lemma succ_inj : injective S.
Proof.
  intros n m H. injection H as H1. apply H1.
Qed.



Check @eq : forall A : Type, A -> A -> Prop.











Example and_example : 3 + 4 = 7 /\ 2 * 2 = 4.



Proof.
  split.
  -  reflexivity.
  -  reflexivity.
Qed.



Lemma and_intro : forall A B : Prop, A -> B -> A /\ B.
Proof.
  intros A B HA HB. split.
  - apply HA.
  - apply HB.
Qed.



Example and_example' : 3 + 4 = 7 /\ 2 * 2 = 4.
Proof.
  apply and_intro.
  -  reflexivity.
  -  reflexivity.
Qed.


Example and_exercise :
  forall n m : nat, n + m = 0 -> n = 0 /\ m = 0.
Proof.
  intros n m H.
  split.
  - destruct m in H.
    + rewrite <- plus_n_O in H. apply H.
    + rewrite <- plus_n_Sm in H. discriminate H.
  - destruct n in H.
    + rewrite -> plus_n_O in H. apply H.
    + simpl in H. discriminate H.
Qed.




Lemma and_example2 :
  forall n m : nat, n = 0 /\ m = 0 -> n + m = 0.
Proof.
  
  intros n m H.
  destruct H as [Hn Hm].
  rewrite Hn. rewrite Hm.
  reflexivity.
Qed.



Lemma and_example2' :
  forall n m : nat, n = 0 /\ m = 0 -> n + m = 0.
Proof.
  intros n m [Hn Hm].
  rewrite Hn. rewrite Hm.
  reflexivity.
Qed.



Lemma and_example2'' :
  forall n m : nat, n = 0 -> m = 0 -> n + m = 0.
Proof.
  intros n m Hn Hm.
  rewrite Hn. rewrite Hm.
  reflexivity.
Qed.



Lemma and_example3 :
  forall n m : nat, n + m = 0 -> n * m = 0.
Proof.
  
  intros n m H.
  apply and_exercise in H.
  destruct H as [Hn Hm].
  rewrite Hn. reflexivity.
Qed.



Lemma proj1 : forall P Q : Prop,
  P /\ Q -> P.
Proof.
  intros P Q HPQ.
  destruct HPQ as [HP _].
  apply HP.  Qed.


Lemma proj2 : forall P Q : Prop,
  P /\ Q -> Q.
Proof.
  intros P Q [_ HQ].
  apply HQ.
Qed.




Theorem and_commut : forall P Q : Prop,
  P /\ Q -> Q /\ P.
Proof.
  intros P Q [HP HQ].
  split.
    -  apply HQ.
    -  apply HP.  Qed.



Theorem and_assoc : forall P Q R : Prop,
  P /\ (Q /\ R) -> (P /\ Q) /\ R.
Proof.
  intros P Q R [HP [HQ HR]].
  split.
  + split. apply HP. apply HQ.
  + apply HR.
Qed.




Check and : Prop -> Prop -> Prop.








Lemma factor_is_O:
  forall n m : nat, n = 0 \/ m = 0 -> n * m = 0.
Proof.
  
  intros n m [Hn | Hm].
  - 
    rewrite Hn. reflexivity.
  - 
    rewrite Hm. rewrite <- mult_n_O.
    reflexivity.
Qed.



Lemma or_intro_l : forall A B : Prop, A -> A \/ B.
Proof.
  intros A B HA.
  left.
  apply HA.
Qed.



Lemma zero_or_succ :
  forall n : nat, n = 0 \/ n = S (pred n).
Proof.
  
  intros [|n'].
  - left. reflexivity.
  - right. reflexivity.
Qed.




Lemma mult_is_O : forall n m, n * m = 0 -> n = 0 \/ m = 0.

Proof.
intros n m H.
destruct (zero_or_succ n) as [Hn_0 | Hn_S].
- left.
reflexivity.
- destruct (zero_or_succ m) as [Hm_0 | Hm_S].
+ right.
reflexivity.
+ rewrite H in Hm_S.
rewrite <- mult_S_l in Hm_S.
rewrite <- Hm_S in H.
apply factor_is_O in H.
destruct H as [Hn' | Hm'].
+ right.
exact Hm'.
+ left.
exact Hn'.
Qed.

Outdated contents in ..cache: recomputing
ERROR MESSAGE IN LEMMA PROOF (FRAGMENT #342)
Error in step "reflexivity.".
Message: In environment
n, m : nat
H : n * m = 0
Hn_0 : n = 0
Unable to unify "0" with 
"n"..
Goal: n = 0.


TRYING TO PROVE LEMMA
Lemma multiplication_of_zero_is_zero_0 : forall n m : nat, forall H : n * m = 0, forall Hn_0 : n = 0, n = 0.


ATTEMPTED LEMMA PROOF (LEMMAS USED: 1)


Set Warnings "-notation-overridden,-parsing,-deprecated-hint-without-locality".
From LF Require Export Tactics.



Check (3 = 3) : Prop.

Check (forall n m : nat, n + m = m + n) : Prop.



Check 2 = 2 : Prop.

Check 3 = 2 : Prop.

Check forall n : nat, n = 2 : Prop.





Theorem plus_2_2_is_4 :
  2 + 2 = 4.
Proof. reflexivity.  Qed.



Definition plus_claim : Prop := 2 + 2 = 4.
Check plus_claim : Prop.



Theorem plus_claim_is_true :
  plus_claim.
Proof. reflexivity.  Qed.





Definition is_three (n : nat) : Prop :=
  n = 3.
Check is_three : nat -> Prop.



Definition injective {A B} (f : A -> B) :=
  forall x y : A, f x = f y -> x = y.

Lemma succ_inj : injective S.
Proof.
  intros n m H. injection H as H1. apply H1.
Qed.



Check @eq : forall A : Type, A -> A -> Prop.











Example and_example : 3 + 4 = 7 /\ 2 * 2 = 4.



Proof.
  split.
  -  reflexivity.
  -  reflexivity.
Qed.



Lemma and_intro : forall A B : Prop, A -> B -> A /\ B.
Proof.
  intros A B HA HB. split.
  - apply HA.
  - apply HB.
Qed.



Example and_example' : 3 + 4 = 7 /\ 2 * 2 = 4.
Proof.
  apply and_intro.
  -  reflexivity.
  -  reflexivity.
Qed.


Example and_exercise :
  forall n m : nat, n + m = 0 -> n = 0 /\ m = 0.
Proof.
  intros n m H.
  split.
  - destruct m in H.
    + rewrite <- plus_n_O in H. apply H.
    + rewrite <- plus_n_Sm in H. discriminate H.
  - destruct n in H.
    + rewrite -> plus_n_O in H. apply H.
    + simpl in H. discriminate H.
Qed.




Lemma and_example2 :
  forall n m : nat, n = 0 /\ m = 0 -> n + m = 0.
Proof.
  
  intros n m H.
  destruct H as [Hn Hm].
  rewrite Hn. rewrite Hm.
  reflexivity.
Qed.



Lemma and_example2' :
  forall n m : nat, n = 0 /\ m = 0 -> n + m = 0.
Proof.
  intros n m [Hn Hm].
  rewrite Hn. rewrite Hm.
  reflexivity.
Qed.



Lemma and_example2'' :
  forall n m : nat, n = 0 -> m = 0 -> n + m = 0.
Proof.
  intros n m Hn Hm.
  rewrite Hn. rewrite Hm.
  reflexivity.
Qed.



Lemma and_example3 :
  forall n m : nat, n + m = 0 -> n * m = 0.
Proof.
  
  intros n m H.
  apply and_exercise in H.
  destruct H as [Hn Hm].
  rewrite Hn. reflexivity.
Qed.



Lemma proj1 : forall P Q : Prop,
  P /\ Q -> P.
Proof.
  intros P Q HPQ.
  destruct HPQ as [HP _].
  apply HP.  Qed.


Lemma proj2 : forall P Q : Prop,
  P /\ Q -> Q.
Proof.
  intros P Q [_ HQ].
  apply HQ.
Qed.




Theorem and_commut : forall P Q : Prop,
  P /\ Q -> Q /\ P.
Proof.
  intros P Q [HP HQ].
  split.
    -  apply HQ.
    -  apply HP.  Qed.



Theorem and_assoc : forall P Q R : Prop,
  P /\ (Q /\ R) -> (P /\ Q) /\ R.
Proof.
  intros P Q R [HP [HQ HR]].
  split.
  + split. apply HP. apply HQ.
  + apply HR.
Qed.




Check and : Prop -> Prop -> Prop.








Lemma factor_is_O:
  forall n m : nat, n = 0 \/ m = 0 -> n * m = 0.
Proof.
  
  intros n m [Hn | Hm].
  - 
    rewrite Hn. reflexivity.
  - 
    rewrite Hm. rewrite <- mult_n_O.
    reflexivity.
Qed.



Lemma or_intro_l : forall A B : Prop, A -> A \/ B.
Proof.
  intros A B HA.
  left.
  apply HA.
Qed.



Lemma zero_or_succ :
  forall n : nat, n = 0 \/ n = S (pred n).
Proof.
  
  intros [|n'].
  - left. reflexivity.
  - right. reflexivity.
Qed.




Lemma multiplication_of_zero_is_zero_0 : forall n m : nat, forall H : n * m = 0, forall Hn_0 : n = 0, n = 0.

Proof.
intros n m H Hn_0.
rewrite Hn_0.
reflexivity.
Qed.

Outdated contents in ..cache: recomputing
LEMMA PROOF IS VALID

ATTEMPTED LEMMA PROOF (LEMMAS USED: 1)


Set Warnings "-notation-overridden,-parsing,-deprecated-hint-without-locality".
From LF Require Export Tactics.



Check (3 = 3) : Prop.

Check (forall n m : nat, n + m = m + n) : Prop.



Check 2 = 2 : Prop.

Check 3 = 2 : Prop.

Check forall n : nat, n = 2 : Prop.





Theorem plus_2_2_is_4 :
  2 + 2 = 4.
Proof. reflexivity.  Qed.



Definition plus_claim : Prop := 2 + 2 = 4.
Check plus_claim : Prop.



Theorem plus_claim_is_true :
  plus_claim.
Proof. reflexivity.  Qed.





Definition is_three (n : nat) : Prop :=
  n = 3.
Check is_three : nat -> Prop.



Definition injective {A B} (f : A -> B) :=
  forall x y : A, f x = f y -> x = y.

Lemma succ_inj : injective S.
Proof.
  intros n m H. injection H as H1. apply H1.
Qed.



Check @eq : forall A : Type, A -> A -> Prop.











Example and_example : 3 + 4 = 7 /\ 2 * 2 = 4.



Proof.
  split.
  -  reflexivity.
  -  reflexivity.
Qed.



Lemma and_intro : forall A B : Prop, A -> B -> A /\ B.
Proof.
  intros A B HA HB. split.
  - apply HA.
  - apply HB.
Qed.



Example and_example' : 3 + 4 = 7 /\ 2 * 2 = 4.
Proof.
  apply and_intro.
  -  reflexivity.
  -  reflexivity.
Qed.


Example and_exercise :
  forall n m : nat, n + m = 0 -> n = 0 /\ m = 0.
Proof.
  intros n m H.
  split.
  - destruct m in H.
    + rewrite <- plus_n_O in H. apply H.
    + rewrite <- plus_n_Sm in H. discriminate H.
  - destruct n in H.
    + rewrite -> plus_n_O in H. apply H.
    + simpl in H. discriminate H.
Qed.




Lemma and_example2 :
  forall n m : nat, n = 0 /\ m = 0 -> n + m = 0.
Proof.
  
  intros n m H.
  destruct H as [Hn Hm].
  rewrite Hn. rewrite Hm.
  reflexivity.
Qed.



Lemma and_example2' :
  forall n m : nat, n = 0 /\ m = 0 -> n + m = 0.
Proof.
  intros n m [Hn Hm].
  rewrite Hn. rewrite Hm.
  reflexivity.
Qed.



Lemma and_example2'' :
  forall n m : nat, n = 0 -> m = 0 -> n + m = 0.
Proof.
  intros n m Hn Hm.
  rewrite Hn. rewrite Hm.
  reflexivity.
Qed.



Lemma and_example3 :
  forall n m : nat, n + m = 0 -> n * m = 0.
Proof.
  
  intros n m H.
  apply and_exercise in H.
  destruct H as [Hn Hm].
  rewrite Hn. reflexivity.
Qed.



Lemma proj1 : forall P Q : Prop,
  P /\ Q -> P.
Proof.
  intros P Q HPQ.
  destruct HPQ as [HP _].
  apply HP.  Qed.


Lemma proj2 : forall P Q : Prop,
  P /\ Q -> Q.
Proof.
  intros P Q [_ HQ].
  apply HQ.
Qed.




Theorem and_commut : forall P Q : Prop,
  P /\ Q -> Q /\ P.
Proof.
  intros P Q [HP HQ].
  split.
    -  apply HQ.
    -  apply HP.  Qed.



Theorem and_assoc : forall P Q R : Prop,
  P /\ (Q /\ R) -> (P /\ Q) /\ R.
Proof.
  intros P Q R [HP [HQ HR]].
  split.
  + split. apply HP. apply HQ.
  + apply HR.
Qed.




Check and : Prop -> Prop -> Prop.








Lemma factor_is_O:
  forall n m : nat, n = 0 \/ m = 0 -> n * m = 0.
Proof.
  
  intros n m [Hn | Hm].
  - 
    rewrite Hn. reflexivity.
  - 
    rewrite Hm. rewrite <- mult_n_O.
    reflexivity.
Qed.



Lemma or_intro_l : forall A B : Prop, A -> A \/ B.
Proof.
  intros A B HA.
  left.
  apply HA.
Qed.



Lemma zero_or_succ :
  forall n : nat, n = 0 \/ n = S (pred n).
Proof.
  
  intros [|n'].
  - left. reflexivity.
  - right. reflexivity.
Qed.




Lemma multiplication_of_zero_is_zero_0 : forall n m : nat, forall H : n * m = 0, forall Hn_0 : n = 0, n = 0.

Proof.
intros n m H Hn_0.
rewrite Hn_0.
reflexivity.
Qed.

Lemma mult_is_O : forall n m, n * m = 0 -> n = 0 \/ m = 0.

Proof.
intros n m H.
destruct (zero_or_succ n) as [Hn_0 | Hn_S].
- left.
apply (@multiplication_of_zero_is_zero_0 n m H Hn_0).
- destruct (zero_or_succ m) as [Hm_0 | Hm_S].
+ right.
reflexivity.
+ rewrite H in Hm_S.
rewrite <- mult_S_l in Hm_S.
rewrite <- Hm_S in H.
apply factor_is_O in H.
destruct H as [Hn' | Hm'].
+ right.
exact Hm'.
+ left.
exact Hn'.
Qed.

Outdated contents in ..cache: recomputing
ERROR MESSAGE IN LEMMA PROOF (FRAGMENT #364)
Error in step "reflexivity.".
Message: In environment
n, m : nat
H : n * m = 0
Hn_S : n = S (Nat.pred n)
Hm_0 : m = 0
Unable to unify "0" with 
"m"..
Goal: m = 0.


TRYING TO PROVE LEMMA
Lemma lemma_product_zero_implies_factors_zero_1 : forall n m : nat, forall H : n * m = 0, forall Hn_S : n = S (Nat.pred n), forall Hm_0 : m = 0, m = 0.


ATTEMPTED LEMMA PROOF (LEMMAS USED: 2)


Set Warnings "-notation-overridden,-parsing,-deprecated-hint-without-locality".
From LF Require Export Tactics.



Check (3 = 3) : Prop.

Check (forall n m : nat, n + m = m + n) : Prop.



Check 2 = 2 : Prop.

Check 3 = 2 : Prop.

Check forall n : nat, n = 2 : Prop.





Theorem plus_2_2_is_4 :
  2 + 2 = 4.
Proof. reflexivity.  Qed.



Definition plus_claim : Prop := 2 + 2 = 4.
Check plus_claim : Prop.



Theorem plus_claim_is_true :
  plus_claim.
Proof. reflexivity.  Qed.





Definition is_three (n : nat) : Prop :=
  n = 3.
Check is_three : nat -> Prop.



Definition injective {A B} (f : A -> B) :=
  forall x y : A, f x = f y -> x = y.

Lemma succ_inj : injective S.
Proof.
  intros n m H. injection H as H1. apply H1.
Qed.



Check @eq : forall A : Type, A -> A -> Prop.











Example and_example : 3 + 4 = 7 /\ 2 * 2 = 4.



Proof.
  split.
  -  reflexivity.
  -  reflexivity.
Qed.



Lemma and_intro : forall A B : Prop, A -> B -> A /\ B.
Proof.
  intros A B HA HB. split.
  - apply HA.
  - apply HB.
Qed.



Example and_example' : 3 + 4 = 7 /\ 2 * 2 = 4.
Proof.
  apply and_intro.
  -  reflexivity.
  -  reflexivity.
Qed.


Example and_exercise :
  forall n m : nat, n + m = 0 -> n = 0 /\ m = 0.
Proof.
  intros n m H.
  split.
  - destruct m in H.
    + rewrite <- plus_n_O in H. apply H.
    + rewrite <- plus_n_Sm in H. discriminate H.
  - destruct n in H.
    + rewrite -> plus_n_O in H. apply H.
    + simpl in H. discriminate H.
Qed.




Lemma and_example2 :
  forall n m : nat, n = 0 /\ m = 0 -> n + m = 0.
Proof.
  
  intros n m H.
  destruct H as [Hn Hm].
  rewrite Hn. rewrite Hm.
  reflexivity.
Qed.



Lemma and_example2' :
  forall n m : nat, n = 0 /\ m = 0 -> n + m = 0.
Proof.
  intros n m [Hn Hm].
  rewrite Hn. rewrite Hm.
  reflexivity.
Qed.



Lemma and_example2'' :
  forall n m : nat, n = 0 -> m = 0 -> n + m = 0.
Proof.
  intros n m Hn Hm.
  rewrite Hn. rewrite Hm.
  reflexivity.
Qed.



Lemma and_example3 :
  forall n m : nat, n + m = 0 -> n * m = 0.
Proof.
  
  intros n m H.
  apply and_exercise in H.
  destruct H as [Hn Hm].
  rewrite Hn. reflexivity.
Qed.



Lemma proj1 : forall P Q : Prop,
  P /\ Q -> P.
Proof.
  intros P Q HPQ.
  destruct HPQ as [HP _].
  apply HP.  Qed.


Lemma proj2 : forall P Q : Prop,
  P /\ Q -> Q.
Proof.
  intros P Q [_ HQ].
  apply HQ.
Qed.




Theorem and_commut : forall P Q : Prop,
  P /\ Q -> Q /\ P.
Proof.
  intros P Q [HP HQ].
  split.
    -  apply HQ.
    -  apply HP.  Qed.



Theorem and_assoc : forall P Q R : Prop,
  P /\ (Q /\ R) -> (P /\ Q) /\ R.
Proof.
  intros P Q R [HP [HQ HR]].
  split.
  + split. apply HP. apply HQ.
  + apply HR.
Qed.




Check and : Prop -> Prop -> Prop.








Lemma factor_is_O:
  forall n m : nat, n = 0 \/ m = 0 -> n * m = 0.
Proof.
  
  intros n m [Hn | Hm].
  - 
    rewrite Hn. reflexivity.
  - 
    rewrite Hm. rewrite <- mult_n_O.
    reflexivity.
Qed.



Lemma or_intro_l : forall A B : Prop, A -> A \/ B.
Proof.
  intros A B HA.
  left.
  apply HA.
Qed.



Lemma zero_or_succ :
  forall n : nat, n = 0 \/ n = S (pred n).
Proof.
  
  intros [|n'].
  - left. reflexivity.
  - right. reflexivity.
Qed.




Lemma multiplication_of_zero_is_zero_0 : forall n m : nat, forall H : n * m = 0, forall Hn_0 : n = 0, n = 0.

Proof.
intros n m H Hn_0.
rewrite Hn_0.
reflexivity.
Qed.

Lemma lemma_product_zero_implies_factors_zero_1 : forall n m : nat, forall H : n * m = 0, forall Hn_S : n = S (Nat.pred n), forall Hm_0 : m = 0, m = 0.

Proof.
intros n m H Hn_S Hm_0.
rewrite Hn_S in H.
rewrite Hm_0 in H.
apply multiplication_of_zero_is_zero_0 in H.
destruct H as [Hn_0 | Hm_S].
- apply Hn_0.
- apply Nat.pred_S_neq in Hm_S.
apply Nat.no_confusion in Hm_S.
apply Hm_S.
Qed.

Outdated contents in ..cache: recomputing
ERROR MESSAGE IN LEMMA PROOF (FRAGMENT #352)
Error in step "apply multiplication_of_zero_is_zero_0 in H.".
Message: Unable to find an instance for the variable m..
Goal: m = 0.


TRYING TO PROVE LEMMA
Lemma lemma_pred_nat_mult_zero_2 : forall n m : nat, forall H : S (Nat.pred n) * 0 = 0, forall Hn_S : n = S (Nat.pred n), forall Hm_0 : m = 0, m = 0.


ATTEMPTED LEMMA PROOF (LEMMAS USED: 3)


Set Warnings "-notation-overridden,-parsing,-deprecated-hint-without-locality".
From LF Require Export Tactics.



Check (3 = 3) : Prop.

Check (forall n m : nat, n + m = m + n) : Prop.



Check 2 = 2 : Prop.

Check 3 = 2 : Prop.

Check forall n : nat, n = 2 : Prop.





Theorem plus_2_2_is_4 :
  2 + 2 = 4.
Proof. reflexivity.  Qed.



Definition plus_claim : Prop := 2 + 2 = 4.
Check plus_claim : Prop.



Theorem plus_claim_is_true :
  plus_claim.
Proof. reflexivity.  Qed.





Definition is_three (n : nat) : Prop :=
  n = 3.
Check is_three : nat -> Prop.



Definition injective {A B} (f : A -> B) :=
  forall x y : A, f x = f y -> x = y.

Lemma succ_inj : injective S.
Proof.
  intros n m H. injection H as H1. apply H1.
Qed.



Check @eq : forall A : Type, A -> A -> Prop.











Example and_example : 3 + 4 = 7 /\ 2 * 2 = 4.



Proof.
  split.
  -  reflexivity.
  -  reflexivity.
Qed.



Lemma and_intro : forall A B : Prop, A -> B -> A /\ B.
Proof.
  intros A B HA HB. split.
  - apply HA.
  - apply HB.
Qed.



Example and_example' : 3 + 4 = 7 /\ 2 * 2 = 4.
Proof.
  apply and_intro.
  -  reflexivity.
  -  reflexivity.
Qed.


Example and_exercise :
  forall n m : nat, n + m = 0 -> n = 0 /\ m = 0.
Proof.
  intros n m H.
  split.
  - destruct m in H.
    + rewrite <- plus_n_O in H. apply H.
    + rewrite <- plus_n_Sm in H. discriminate H.
  - destruct n in H.
    + rewrite -> plus_n_O in H. apply H.
    + simpl in H. discriminate H.
Qed.




Lemma and_example2 :
  forall n m : nat, n = 0 /\ m = 0 -> n + m = 0.
Proof.
  
  intros n m H.
  destruct H as [Hn Hm].
  rewrite Hn. rewrite Hm.
  reflexivity.
Qed.



Lemma and_example2' :
  forall n m : nat, n = 0 /\ m = 0 -> n + m = 0.
Proof.
  intros n m [Hn Hm].
  rewrite Hn. rewrite Hm.
  reflexivity.
Qed.



Lemma and_example2'' :
  forall n m : nat, n = 0 -> m = 0 -> n + m = 0.
Proof.
  intros n m Hn Hm.
  rewrite Hn. rewrite Hm.
  reflexivity.
Qed.



Lemma and_example3 :
  forall n m : nat, n + m = 0 -> n * m = 0.
Proof.
  
  intros n m H.
  apply and_exercise in H.
  destruct H as [Hn Hm].
  rewrite Hn. reflexivity.
Qed.



Lemma proj1 : forall P Q : Prop,
  P /\ Q -> P.
Proof.
  intros P Q HPQ.
  destruct HPQ as [HP _].
  apply HP.  Qed.


Lemma proj2 : forall P Q : Prop,
  P /\ Q -> Q.
Proof.
  intros P Q [_ HQ].
  apply HQ.
Qed.




Theorem and_commut : forall P Q : Prop,
  P /\ Q -> Q /\ P.
Proof.
  intros P Q [HP HQ].
  split.
    -  apply HQ.
    -  apply HP.  Qed.



Theorem and_assoc : forall P Q R : Prop,
  P /\ (Q /\ R) -> (P /\ Q) /\ R.
Proof.
  intros P Q R [HP [HQ HR]].
  split.
  + split. apply HP. apply HQ.
  + apply HR.
Qed.




Check and : Prop -> Prop -> Prop.








Lemma factor_is_O:
  forall n m : nat, n = 0 \/ m = 0 -> n * m = 0.
Proof.
  
  intros n m [Hn | Hm].
  - 
    rewrite Hn. reflexivity.
  - 
    rewrite Hm. rewrite <- mult_n_O.
    reflexivity.
Qed.



Lemma or_intro_l : forall A B : Prop, A -> A \/ B.
Proof.
  intros A B HA.
  left.
  apply HA.
Qed.



Lemma zero_or_succ :
  forall n : nat, n = 0 \/ n = S (pred n).
Proof.
  
  intros [|n'].
  - left. reflexivity.
  - right. reflexivity.
Qed.




Lemma multiplication_of_zero_is_zero_0 : forall n m : nat, forall H : n * m = 0, forall Hn_0 : n = 0, n = 0.

Proof.
intros n m H Hn_0.
rewrite Hn_0.
reflexivity.
Qed.

Lemma lemma_pred_nat_mult_zero_2 : forall n m : nat, forall H : S (Nat.pred n) * 0 = 0, forall Hn_S : n = S (Nat.pred n), forall Hm_0 : m = 0, m = 0.

Proof.
intros n m H Hn_S Hm_0.
rewrite Hn_S in H.
rewrite Hm_0 in H.
apply Nat.pred_S_neq_0 in Hn_S.
rewrite Hn_S in H.
apply Nat.mult_0_r in H.
exact H.
Qed.

Outdated contents in ..cache: recomputing
ERROR MESSAGE IN LEMMA PROOF (FRAGMENT #350)
Error in step "rewrite Hm_0 in H.".
Message: Found no subterm matching "m" in H..
Goal: m = 0.


TRYING TO PROVE LEMMA
Lemma lemma_pred_times_zero_equals_zero_3 : forall n m : nat, forall H : S (Nat.pred (S (Nat.pred n))) * 0 = 0, forall Hn_S : n = S (Nat.pred n), forall Hm_0 : m = 0, m = 0.


ATTEMPTED LEMMA PROOF (LEMMAS USED: 4)


Set Warnings "-notation-overridden,-parsing,-deprecated-hint-without-locality".
From LF Require Export Tactics.



Check (3 = 3) : Prop.

Check (forall n m : nat, n + m = m + n) : Prop.



Check 2 = 2 : Prop.

Check 3 = 2 : Prop.

Check forall n : nat, n = 2 : Prop.





Theorem plus_2_2_is_4 :
  2 + 2 = 4.
Proof. reflexivity.  Qed.



Definition plus_claim : Prop := 2 + 2 = 4.
Check plus_claim : Prop.



Theorem plus_claim_is_true :
  plus_claim.
Proof. reflexivity.  Qed.





Definition is_three (n : nat) : Prop :=
  n = 3.
Check is_three : nat -> Prop.



Definition injective {A B} (f : A -> B) :=
  forall x y : A, f x = f y -> x = y.

Lemma succ_inj : injective S.
Proof.
  intros n m H. injection H as H1. apply H1.
Qed.



Check @eq : forall A : Type, A -> A -> Prop.











Example and_example : 3 + 4 = 7 /\ 2 * 2 = 4.



Proof.
  split.
  -  reflexivity.
  -  reflexivity.
Qed.



Lemma and_intro : forall A B : Prop, A -> B -> A /\ B.
Proof.
  intros A B HA HB. split.
  - apply HA.
  - apply HB.
Qed.



Example and_example' : 3 + 4 = 7 /\ 2 * 2 = 4.
Proof.
  apply and_intro.
  -  reflexivity.
  -  reflexivity.
Qed.


Example and_exercise :
  forall n m : nat, n + m = 0 -> n = 0 /\ m = 0.
Proof.
  intros n m H.
  split.
  - destruct m in H.
    + rewrite <- plus_n_O in H. apply H.
    + rewrite <- plus_n_Sm in H. discriminate H.
  - destruct n in H.
    + rewrite -> plus_n_O in H. apply H.
    + simpl in H. discriminate H.
Qed.




Lemma and_example2 :
  forall n m : nat, n = 0 /\ m = 0 -> n + m = 0.
Proof.
  
  intros n m H.
  destruct H as [Hn Hm].
  rewrite Hn. rewrite Hm.
  reflexivity.
Qed.



Lemma and_example2' :
  forall n m : nat, n = 0 /\ m = 0 -> n + m = 0.
Proof.
  intros n m [Hn Hm].
  rewrite Hn. rewrite Hm.
  reflexivity.
Qed.



Lemma and_example2'' :
  forall n m : nat, n = 0 -> m = 0 -> n + m = 0.
Proof.
  intros n m Hn Hm.
  rewrite Hn. rewrite Hm.
  reflexivity.
Qed.



Lemma and_example3 :
  forall n m : nat, n + m = 0 -> n * m = 0.
Proof.
  
  intros n m H.
  apply and_exercise in H.
  destruct H as [Hn Hm].
  rewrite Hn. reflexivity.
Qed.



Lemma proj1 : forall P Q : Prop,
  P /\ Q -> P.
Proof.
  intros P Q HPQ.
  destruct HPQ as [HP _].
  apply HP.  Qed.


Lemma proj2 : forall P Q : Prop,
  P /\ Q -> Q.
Proof.
  intros P Q [_ HQ].
  apply HQ.
Qed.




Theorem and_commut : forall P Q : Prop,
  P /\ Q -> Q /\ P.
Proof.
  intros P Q [HP HQ].
  split.
    -  apply HQ.
    -  apply HP.  Qed.



Theorem and_assoc : forall P Q R : Prop,
  P /\ (Q /\ R) -> (P /\ Q) /\ R.
Proof.
  intros P Q R [HP [HQ HR]].
  split.
  + split. apply HP. apply HQ.
  + apply HR.
Qed.




Check and : Prop -> Prop -> Prop.








Lemma factor_is_O:
  forall n m : nat, n = 0 \/ m = 0 -> n * m = 0.
Proof.
  
  intros n m [Hn | Hm].
  - 
    rewrite Hn. reflexivity.
  - 
    rewrite Hm. rewrite <- mult_n_O.
    reflexivity.
Qed.



Lemma or_intro_l : forall A B : Prop, A -> A \/ B.
Proof.
  intros A B HA.
  left.
  apply HA.
Qed.



Lemma zero_or_succ :
  forall n : nat, n = 0 \/ n = S (pred n).
Proof.
  
  intros [|n'].
  - left. reflexivity.
  - right. reflexivity.
Qed.




Lemma multiplication_of_zero_is_zero_0 : forall n m : nat, forall H : n * m = 0, forall Hn_0 : n = 0, n = 0.

Proof.
intros n m H Hn_0.
rewrite Hn_0.
reflexivity.
Qed.

Lemma lemma_pred_times_zero_equals_zero_3 : forall n m : nat, forall H : S (Nat.pred (S (Nat.pred n))) * 0 = 0, forall Hn_S : n = S (Nat.pred n), forall Hm_0 : m = 0, m = 0.

Proof.
intros n m H Hn_S Hm_0.
rewrite Hn_S in H.
rewrite Hm_0 in H.
now rewrite Nat.pred_S in H.
now rewrite Nat.pred_0 in H.
now rewrite Nat.mul_0_r in H.
now rewrite Nat.mul_0_l in H.
now rewrite Nat.mul_0_r in H.
now rewrite Nat.mul_0_l in H.
now rewrite Nat.mul_0_r in H.
now rewrite Nat.mul_0_l in H.
now rewrite Nat.mul_0_r in H.
now rewrite Nat.mul_0_l in H.
now rewrite Nat.mul_0_r in H.
now rewrite Nat.mul_0_l in H.
now rewrite Nat.mul_0_r in H.
now rewrite Nat.mul_0_l in H.
now rewrite Nat.mul_0_r in H.
now rewrite Nat.mul_0_l in H.
now rewrite Nat.mul_0_r in H.
now rewrite Nat.mul_0_l in H.
now rewrite Nat.mul_0_r in H.
now rewrite Nat.mul_0_l in H.
now rewrite Nat.mul_0_r in H.
now rewrite Nat.mul_0_l in H.
now rewrite Nat.mul_0_r in H.
now rewrite Nat.mul_0_l in H.
now rewrite Nat.mul_0_r in H.
now rewrite Nat.mul_0_l in H.
now rewrite Nat.mul_0_r in H.
now rewrite Nat.mul_0_l in H.
now rewrite Nat.mul_0_r in H.
now rewrite Nat.mul_0_l in H.
now rewrite Nat.mul_0_r in H.
now rewrite Nat.mul_0_l in H.
now rewrite Nat.mul_0_r in H.
Qed.

Outdated contents in ..cache: recomputing
ERROR MESSAGE IN LEMMA PROOF (FRAGMENT #350)
Error in step "rewrite Hm_0 in H.".
Message: Found no subterm matching "m" in H..
Goal: m = 0.


TRYING TO PROVE LEMMA
Lemma lemma_nat_pred_mult_zero_4 : forall n m : nat, forall H : S (Nat.pred (S (Nat.pred (S (Nat.pred n))))) * 0 =
0, forall Hn_S : n = S (Nat.pred n), forall Hm_0 : m = 0, m = 0.


ATTEMPTED LEMMA PROOF (LEMMAS USED: 5)


Set Warnings "-notation-overridden,-parsing,-deprecated-hint-without-locality".
From LF Require Export Tactics.



Check (3 = 3) : Prop.

Check (forall n m : nat, n + m = m + n) : Prop.



Check 2 = 2 : Prop.

Check 3 = 2 : Prop.

Check forall n : nat, n = 2 : Prop.





Theorem plus_2_2_is_4 :
  2 + 2 = 4.
Proof. reflexivity.  Qed.



Definition plus_claim : Prop := 2 + 2 = 4.
Check plus_claim : Prop.



Theorem plus_claim_is_true :
  plus_claim.
Proof. reflexivity.  Qed.





Definition is_three (n : nat) : Prop :=
  n = 3.
Check is_three : nat -> Prop.



Definition injective {A B} (f : A -> B) :=
  forall x y : A, f x = f y -> x = y.

Lemma succ_inj : injective S.
Proof.
  intros n m H. injection H as H1. apply H1.
Qed.



Check @eq : forall A : Type, A -> A -> Prop.











Example and_example : 3 + 4 = 7 /\ 2 * 2 = 4.



Proof.
  split.
  -  reflexivity.
  -  reflexivity.
Qed.



Lemma and_intro : forall A B : Prop, A -> B -> A /\ B.
Proof.
  intros A B HA HB. split.
  - apply HA.
  - apply HB.
Qed.



Example and_example' : 3 + 4 = 7 /\ 2 * 2 = 4.
Proof.
  apply and_intro.
  -  reflexivity.
  -  reflexivity.
Qed.


Example and_exercise :
  forall n m : nat, n + m = 0 -> n = 0 /\ m = 0.
Proof.
  intros n m H.
  split.
  - destruct m in H.
    + rewrite <- plus_n_O in H. apply H.
    + rewrite <- plus_n_Sm in H. discriminate H.
  - destruct n in H.
    + rewrite -> plus_n_O in H. apply H.
    + simpl in H. discriminate H.
Qed.




Lemma and_example2 :
  forall n m : nat, n = 0 /\ m = 0 -> n + m = 0.
Proof.
  
  intros n m H.
  destruct H as [Hn Hm].
  rewrite Hn. rewrite Hm.
  reflexivity.
Qed.



Lemma and_example2' :
  forall n m : nat, n = 0 /\ m = 0 -> n + m = 0.
Proof.
  intros n m [Hn Hm].
  rewrite Hn. rewrite Hm.
  reflexivity.
Qed.



Lemma and_example2'' :
  forall n m : nat, n = 0 -> m = 0 -> n + m = 0.
Proof.
  intros n m Hn Hm.
  rewrite Hn. rewrite Hm.
  reflexivity.
Qed.



Lemma and_example3 :
  forall n m : nat, n + m = 0 -> n * m = 0.
Proof.
  
  intros n m H.
  apply and_exercise in H.
  destruct H as [Hn Hm].
  rewrite Hn. reflexivity.
Qed.



Lemma proj1 : forall P Q : Prop,
  P /\ Q -> P.
Proof.
  intros P Q HPQ.
  destruct HPQ as [HP _].
  apply HP.  Qed.


Lemma proj2 : forall P Q : Prop,
  P /\ Q -> Q.
Proof.
  intros P Q [_ HQ].
  apply HQ.
Qed.




Theorem and_commut : forall P Q : Prop,
  P /\ Q -> Q /\ P.
Proof.
  intros P Q [HP HQ].
  split.
    -  apply HQ.
    -  apply HP.  Qed.



Theorem and_assoc : forall P Q R : Prop,
  P /\ (Q /\ R) -> (P /\ Q) /\ R.
Proof.
  intros P Q R [HP [HQ HR]].
  split.
  + split. apply HP. apply HQ.
  + apply HR.
Qed.




Check and : Prop -> Prop -> Prop.








Lemma factor_is_O:
  forall n m : nat, n = 0 \/ m = 0 -> n * m = 0.
Proof.
  
  intros n m [Hn | Hm].
  - 
    rewrite Hn. reflexivity.
  - 
    rewrite Hm. rewrite <- mult_n_O.
    reflexivity.
Qed.



Lemma or_intro_l : forall A B : Prop, A -> A \/ B.
Proof.
  intros A B HA.
  left.
  apply HA.
Qed.



Lemma zero_or_succ :
  forall n : nat, n = 0 \/ n = S (pred n).
Proof.
  
  intros [|n'].
  - left. reflexivity.
  - right. reflexivity.
Qed.




Lemma multiplication_of_zero_is_zero_0 : forall n m : nat, forall H : n * m = 0, forall Hn_0 : n = 0, n = 0.

Proof.
intros n m H Hn_0.
rewrite Hn_0.
reflexivity.
Qed.

Lemma lemma_nat_pred_mult_zero_4 : forall n m : nat, forall H : S (Nat.pred (S (Nat.pred (S (Nat.pred n))))) * 0 =
0, forall Hn_S : n = S (Nat.pred n), forall Hm_0 : m = 0, m = 0.

Proof.
intros n m H Hn_S Hm_0.
rewrite Hn_S in H.
rewrite Hm_0 in H.
now rewrite Nat.pred_S in H.
rewrite H.
reflexivity.
Qed.

Outdated contents in ..cache: recomputing
ERROR MESSAGE IN LEMMA PROOF (FRAGMENT #350)
Error in step "rewrite Hm_0 in H.".
Message: Found no subterm matching "m" in H..
Goal: m = 0.


TRYING TO PROVE LEMMA
Lemma lemma_nat_pred_mult_zero_5 : forall n m : nat, forall H : S
  (Nat.pred
     (S (Nat.pred (S (Nat.pred (S (Nat.pred n))))))) *
0 = 0, forall Hn_S : n = S (Nat.pred n), forall Hm_0 : m = 0, m = 0.


Error proving mult_is_O
MAX LEMMA DEPTH REACHED. GIVING UP.